---------------------------------------------------------------

[2020-09-03T00:34:44+08:00] 183.136.225.56 GET 101.132.45.200/
[运行时间：0.004834s] [吞吐率：206.87req/s] [内存消耗：872.78kb] [文件加载：188]
[ info ] [ LANG ] /var/www/mishop/thinkphp/lang/zh-cn.php
[ info ] [ ROUTE ] array (
)
[ info ] [ HEADER ] array (
  'connection' => 'keep-alive',
  'accept' => '*/*',
  'user-agent' => 'Mozilla/5.0 (Macintosh; Intel Mac OS X 10.11; rv:47.0) Gecko/20100101 Firefox/47.0',
  'host' => '101.132.45.200',
  'content-type' => '',
  'content-length' => '',
)
[ info ] [ PARAM ] array (
)
[ info ] null
---------------------------------------------------------------

[2020-09-03T02:59:46+08:00] 47.94.52.138 GET /
[运行时间：0.004693s] [吞吐率：213.08req/s] [内存消耗：870.38kb] [文件加载：188]
[ info ] [ LANG ] /var/www/mishop/thinkphp/lang/zh-cn.php
[ info ] [ ROUTE ] array (
)
[ info ] [ HEADER ] array (
  'content-type' => '',
  'content-length' => '',
)
[ info ] [ PARAM ] array (
)
[ info ] null
---------------------------------------------------------------

[2020-09-03T03:34:54+08:00] 18.136.200.18 GET 101.132.45.200/
[运行时间：0.004369s] [吞吐率：228.88req/s] [内存消耗：872.57kb] [文件加载：188]
[ info ] [ LANG ] /var/www/mishop/thinkphp/lang/zh-cn.php
[ info ] [ ROUTE ] array (
)
[ info ] [ HEADER ] array (
  'accept-encoding' => 'gzip',
  'accept' => '*/*',
  'user-agent' => 'Mozilla/5.0 zgrab/0.x',
  'host' => '101.132.45.200',
  'content-type' => '',
  'content-length' => '',
)
[ info ] [ PARAM ] array (
)
[ info ] null
---------------------------------------------------------------

[2020-09-03T03:42:42+08:00] 47.92.148.120 GET shop.holyzq.com/
[运行时间：0.004984s] [吞吐率：200.64req/s] [内存消耗：872.80kb] [文件加载：188]
[ info ] [ LANG ] /var/www/mishop/thinkphp/lang/zh-cn.php
[ info ] [ ROUTE ] array (
)
[ info ] [ HEADER ] array (
  'accept-encoding' => 'gzip',
  'connection' => 'Keep-Alive',
  'host' => 'shop.holyzq.com',
  'user-agent' => 'Mozilla/5.0 (X11; Ubuntu; Linux x86_64; rv:36.0) Gecko/20100101 Firefox/36.0',
  'content-type' => '',
  'content-length' => '',
)
[ info ] [ PARAM ] array (
)
[ info ] null
---------------------------------------------------------------

[2020-09-03T04:17:37+08:00] 45.83.67.235 GET 101.132.45.200/
[运行时间：0.004801s] [吞吐率：208.29req/s] [内存消耗：876.02kb] [文件加载：188]
[ info ] [ LANG ] /var/www/mishop/thinkphp/lang/zh-cn.php
[ info ] [ ROUTE ] array (
)
[ info ] [ HEADER ] array (
  'accept-encoding' => 'gzip',
  'pragma' => 'no-cache',
  'connection' => 'keep-alive',
  'cache-control' => 'no-cache',
  'accept-language' => 'en;q=0.7,en-US;q=0.3',
  'accept' => '*/*',
  'user-agent' => 'Mozilla/5.0 (Windows NT 10.0; Win64; x64; rv:65.0) Gecko/20100101 Firefox/65.0',
  'host' => '101.132.45.200',
  'content-type' => '',
  'content-length' => '',
)
[ info ] [ PARAM ] array (
)
[ info ] null
---------------------------------------------------------------

[2020-09-03T04:57:03+08:00] 192.241.220.50 GET 101.132.45.200/
[运行时间：0.004941s] [吞吐率：202.39req/s] [内存消耗：872.57kb] [文件加载：188]
[ info ] [ LANG ] /var/www/mishop/thinkphp/lang/zh-cn.php
[ info ] [ ROUTE ] array (
)
[ info ] [ HEADER ] array (
  'accept-encoding' => 'gzip',
  'accept' => '*/*',
  'user-agent' => 'Mozilla/5.0 zgrab/0.x',
  'host' => '101.132.45.200',
  'content-type' => '',
  'content-length' => '',
)
[ info ] [ PARAM ] array (
)
[ info ] null
---------------------------------------------------------------

[2020-09-03T08:05:27+08:00] 162.142.125.33 GET 101.132.45.200:443/
[运行时间：0.004511s] [吞吐率：221.67req/s] [内存消耗：871.08kb] [文件加载：188]
[ info ] [ LANG ] /var/www/mishop/thinkphp/lang/zh-cn.php
[ info ] [ ROUTE ] array (
)
[ info ] [ HEADER ] array (
  'host' => '101.132.45.200:443',
  'content-type' => '',
  'content-length' => '',
)
[ info ] [ PARAM ] array (
)
[ info ] null
---------------------------------------------------------------

[2020-09-03T08:05:28+08:00] 162.142.125.33 GET 101.132.45.200/
[运行时间：0.003504s] [吞吐率：285.39req/s] [内存消耗：872.79kb] [文件加载：188]
[ info ] [ LANG ] /var/www/mishop/thinkphp/lang/zh-cn.php
[ info ] [ ROUTE ] array (
)
[ info ] [ HEADER ] array (
  'accept-encoding' => 'gzip',
  'accept' => '*/*',
  'user-agent' => 'Mozilla/5.0 (compatible; CensysInspect/1.1; +https://about.censys.io/)',
  'host' => '101.132.45.200',
  'content-type' => '',
  'content-length' => '',
)
[ info ] [ PARAM ] array (
)
[ info ] null
---------------------------------------------------------------

[2020-09-03T08:56:58+08:00] 94.242.26.158 GET 101.132.45.200/
[运行时间：0.004785s] [吞吐率：208.99req/s] [内存消耗：873.67kb] [文件加载：188]
[ info ] [ LANG ] /var/www/mishop/thinkphp/lang/zh-cn.php
[ info ] [ ROUTE ] array (
)
[ info ] [ HEADER ] array (
  'user-agent' => 'Mozilla/5.0 (Windows NT 5.1; rv:9.0.1) Gecko/20100101 Firefox/9.0.1',
  'accept-language' => 'en-US;q=0.6,en;q=0.4',
  'accept-encoding' => 'deflate, gzip, identity',
  'accept' => 'text/html,application/xhtml+xml,application/xml;q=0.9,*/*;q=0.8',
  'host' => '101.132.45.200',
  'content-type' => '',
  'content-length' => '',
)
[ info ] [ PARAM ] array (
)
[ info ] null
---------------------------------------------------------------

[2020-09-03T08:56:59+08:00] 94.242.26.158 GET open.weixin.qq.com/connect/oauth2/authorize?appid=wxe846b6db8a21a631&redirect_uri=https%3A%2F%2F101.132.45.200%2F&response_type=code&scope=snsapi_userinfo&state=c031734c508eace51b94cf0855e1352b&connect_redirect=1
[运行时间：0.002860s] [吞吐率：349.64req/s] [内存消耗：533.98kb] [文件加载：109]
[ info ] [ LANG ] /var/www/mishop/thinkphp/lang/zh-cn.php
---------------------------------------------------------------

[2020-09-03T10:22:42+08:00] 193.118.53.210 GET 101.132.45.200/
[运行时间：0.004727s] [吞吐率：211.56req/s] [内存消耗：872.91kb] [文件加载：188]
[ info ] [ LANG ] /var/www/mishop/thinkphp/lang/zh-cn.php
[ info ] [ ROUTE ] array (
)
[ info ] [ HEADER ] array (
  'accept-encoding' => 'gzip',
  'accept' => '*/*',
  'user-agent' => 'Mozilla/5.0 (Windows NT 10.0; Win64; x64) AppleWebKit/537.36 (KHTML, like Gecko) Chrome/60.0.3112.113 Safari/537.36',
  'host' => '101.132.45.200',
  'content-type' => '',
  'content-length' => '',
)
[ info ] [ PARAM ] array (
)
[ info ] null
---------------------------------------------------------------

[2020-09-03T10:52:51+08:00] 103.149.192.179 GET 101.132.45.200/
[运行时间：0.004304s] [吞吐率：232.33req/s] [内存消耗：872.91kb] [文件加载：188]
[ info ] [ LANG ] /var/www/mishop/thinkphp/lang/zh-cn.php
[ info ] [ ROUTE ] array (
)
[ info ] [ HEADER ] array (
  'accept-encoding' => 'gzip',
  'accept' => '*/*',
  'user-agent' => 'Mozilla/5.0 (Windows NT 10.0; Win64; x64) AppleWebKit/537.36 (KHTML, like Gecko) Chrome/79.0.3945.130 Safari/537.36',
  'host' => '101.132.45.200',
  'content-type' => '',
  'content-length' => '',
)
[ info ] [ PARAM ] array (
)
[ info ] null
---------------------------------------------------------------

[2020-09-03T11:34:20+08:00] 40.91.102.179 GET 101.132.45.200/.env
[运行时间：0.003212s] [吞吐率：311.33req/s] [内存消耗：533.95kb] [文件加载：109]
[ info ] [ LANG ] /var/www/mishop/thinkphp/lang/zh-cn.php
---------------------------------------------------------------

[2020-09-03T11:34:20+08:00] 40.91.102.179 POST 101.132.45.200/
[运行时间：0.003898s] [吞吐率：256.53req/s] [内存消耗：873.26kb] [文件加载：188]
[ info ] [ LANG ] /var/www/mishop/thinkphp/lang/zh-cn.php
[ info ] [ ROUTE ] array (
)
[ info ] [ HEADER ] array (
  'content-type' => 'application/x-www-form-urlencoded',
  'content-length' => '20',
  'user-agent' => 'Mozilla/5.0 (X11; Linux x86_64) AppleWebKit/537.36 (KHTML, like Gecko) Chrome/81.0.4044.129 Safari/537.36',
  'accept' => '*/*',
  'accept-encoding' => 'gzip, deflate',
  'connection' => 'keep-alive',
  'host' => '101.132.45.200',
)
[ info ] [ PARAM ] array (
  '0x' => 
  array (
    0 => 'androxgh0st',
  ),
)
[ info ] null
---------------------------------------------------------------

[2020-09-03T11:53:45+08:00] 74.82.47.5 GET 101.132.45.200/
[运行时间：0.004541s] [吞吐率：220.22req/s] [内存消耗：871.00kb] [文件加载：188]
[ info ] [ LANG ] /var/www/mishop/thinkphp/lang/zh-cn.php
[ info ] [ ROUTE ] array (
)
[ info ] [ HEADER ] array (
  'host' => '101.132.45.200',
  'content-type' => '',
  'content-length' => '',
)
[ info ] [ PARAM ] array (
)
[ info ] null
---------------------------------------------------------------

[2020-09-03T12:28:44+08:00] 47.96.254.10 GET /
[运行时间：0.004566s] [吞吐率：219.00req/s] [内存消耗：870.38kb] [文件加载：188]
[ info ] [ LANG ] /var/www/mishop/thinkphp/lang/zh-cn.php
[ info ] [ ROUTE ] array (
)
[ info ] [ HEADER ] array (
  'content-type' => '',
  'content-length' => '',
)
[ info ] [ PARAM ] array (
)
[ info ] null
---------------------------------------------------------------

[2020-09-03T12:30:42+08:00] 162.142.125.33 GET 101.132.45.200:443/
[运行时间：0.004791s] [吞吐率：208.72req/s] [内存消耗：871.08kb] [文件加载：188]
[ info ] [ LANG ] /var/www/mishop/thinkphp/lang/zh-cn.php
[ info ] [ ROUTE ] array (
)
[ info ] [ HEADER ] array (
  'host' => '101.132.45.200:443',
  'content-type' => '',
  'content-length' => '',
)
[ info ] [ PARAM ] array (
)
[ info ] null
---------------------------------------------------------------

[2020-09-03T12:30:43+08:00] 162.142.125.33 GET 101.132.45.200/
[运行时间：0.003293s] [吞吐率：303.67req/s] [内存消耗：872.79kb] [文件加载：188]
[ info ] [ LANG ] /var/www/mishop/thinkphp/lang/zh-cn.php
[ info ] [ ROUTE ] array (
)
[ info ] [ HEADER ] array (
  'accept-encoding' => 'gzip',
  'accept' => '*/*',
  'user-agent' => 'Mozilla/5.0 (compatible; CensysInspect/1.1; +https://about.censys.io/)',
  'host' => '101.132.45.200',
  'content-type' => '',
  'content-length' => '',
)
[ info ] [ PARAM ] array (
)
[ info ] null
---------------------------------------------------------------

[2020-09-03T12:35:26+08:00] 47.101.155.98 GET 101.132.45.200/
[运行时间：0.004668s] [吞吐率：214.22req/s] [内存消耗：872.80kb] [文件加载：188]
[ info ] [ LANG ] /var/www/mishop/thinkphp/lang/zh-cn.php
[ info ] [ ROUTE ] array (
)
[ info ] [ HEADER ] array (
  'accept-encoding' => 'gzip',
  'connection' => 'Keep-Alive',
  'host' => '101.132.45.200',
  'user-agent' => 'Mozilla/5.0 chrome(windows nt/Windows NT;)Chrome',
  'content-type' => '',
  'content-length' => '',
)
[ info ] [ PARAM ] array (
)
[ info ] null
---------------------------------------------------------------

[2020-09-03T14:01:42+08:00] 112.4.89.4 GET mobile.12306.cn/otsmobile/app/mgs/mgw.htm?operationType=com.cars.otsmobile.queryLeftTicket&requestData=%5B%7B%22train_date%22%3A%2220200910%22%2C%22purpose_codes%22%3A%2200%22%2C%22from_station%22%3A%22PIJ%22%2C%22to_station%22%3A%22POJ%22%2C%22station_train_code%22%3A%22%22%2C%22start_time_begin%22%3A%220000%22%2C%22start_time_end%22%3A%222400%22%2C%22train_headers%22%3A%22QB%23%22%2C%22train_flag%22%3A%22%22%2C%22seat_type%22%3A%220%22%2C%22seatBack_Type%22%3A%22%22%2C%22ticket_num%22%3A%22%22%2C%22dfpStr%22%3A%22%22%2C%22secret_str%22%3A%22false.null%22%2C%22app_version%22%3A%22182%22%2C%22baseDTO%22%3A%7B%22check_code%22%3A%22a15f666a52a24b189adce674983043d1%22%2C%22device_no%22%3A%22460210886019650%7C863435295873149%7CDvi5NC8XYX%22%2C%22mobile_no%22%3A%22183%2A%2A%2A%2A6841%22%2C%22os_type%22%3A%22a%22%2C%22time_str%22%3A%2220200903140142%22%2C%22user_name%22%3A%22O3cha2UjEf%22%2C%22version_no%22%3A%224.3.15%22%7D%7D%5D&ts=1599112902890&sign=a5ed775a7bb278548ab2a0e196e306cb
[运行时间：0.003518s] [吞吐率：284.26req/s] [内存消耗：533.97kb] [文件加载：109]
[ info ] [ LANG ] /var/www/mishop/thinkphp/lang/zh-cn.php
---------------------------------------------------------------

[2020-09-03T14:22:58+08:00] 138.246.253.15 HEAD 101.132.45.200/
[运行时间：0.004659s] [吞吐率：214.64req/s] [内存消耗：871.55kb] [文件加载：188]
[ info ] [ LANG ] /var/www/mishop/thinkphp/lang/zh-cn.php
[ info ] [ ROUTE ] array (
)
[ info ] [ HEADER ] array (
  'user-agent' => 'Mozilla/5.0 (Windows NT 6.1; Win64; x64) AppleWebKit/537.36 (KHTML, like Gecko) Chrome/40.0.2214.85 Safari/537.36',
  'host' => '101.132.45.200',
  'content-type' => '',
  'content-length' => '',
)
[ info ] [ PARAM ] array (
)
[ info ] null
---------------------------------------------------------------

[2020-09-03T15:44:17+08:00] 183.136.225.56 GET 101.132.45.200/
[运行时间：0.005210s] [吞吐率：191.94req/s] [内存消耗：872.98kb] [文件加载：188]
[ info ] [ LANG ] /var/www/mishop/thinkphp/lang/zh-cn.php
[ info ] [ ROUTE ] array (
)
[ info ] [ HEADER ] array (
  'connection' => 'keep-alive',
  'accept' => '*/*',
  'user-agent' => 'Baiduspider+(+http://www.baidu.com/search/spider.htm);googlebot|baiduspider|baidu|spider|sogou|bingbot|bot|yahoo|soso|sosospider|360spider|youdaobot|jikeSpider;)',
  'host' => '101.132.45.200',
  'content-type' => '',
  'content-length' => '',
)
[ info ] [ PARAM ] array (
)
[ info ] null
---------------------------------------------------------------

[2020-09-03T16:47:16+08:00] 192.241.235.101 GET 101.132.45.200/owa/auth/logon.aspx?url=https%3a%2f%2f1%2fecp%2f
[运行时间：0.003133s] [吞吐率：319.18req/s] [内存消耗：533.97kb] [文件加载：109]
[ info ] [ LANG ] /var/www/mishop/thinkphp/lang/zh-cn.php
---------------------------------------------------------------

[2020-09-03T17:12:44+08:00] 74.120.14.52 GET 101.132.45.200:443/
[运行时间：0.004678s] [吞吐率：213.77req/s] [内存消耗：871.08kb] [文件加载：188]
[ info ] [ LANG ] /var/www/mishop/thinkphp/lang/zh-cn.php
[ info ] [ ROUTE ] array (
)
[ info ] [ HEADER ] array (
  'host' => '101.132.45.200:443',
  'content-type' => '',
  'content-length' => '',
)
[ info ] [ PARAM ] array (
)
[ info ] null
---------------------------------------------------------------

[2020-09-03T17:12:46+08:00] 74.120.14.52 GET 101.132.45.200/
[运行时间：0.004634s] [吞吐率：215.79req/s] [内存消耗：872.79kb] [文件加载：188]
[ info ] [ LANG ] /var/www/mishop/thinkphp/lang/zh-cn.php
[ info ] [ ROUTE ] array (
)
[ info ] [ HEADER ] array (
  'accept-encoding' => 'gzip',
  'accept' => '*/*',
  'user-agent' => 'Mozilla/5.0 (compatible; CensysInspect/1.1; +https://about.censys.io/)',
  'host' => '101.132.45.200',
  'content-type' => '',
  'content-length' => '',
)
[ info ] [ PARAM ] array (
)
[ info ] null
---------------------------------------------------------------

[2020-09-03T17:44:51+08:00] 128.14.134.170 GET 101.132.45.200/
[运行时间：0.004450s] [吞吐率：224.71req/s] [内存消耗：872.91kb] [文件加载：188]
[ info ] [ LANG ] /var/www/mishop/thinkphp/lang/zh-cn.php
[ info ] [ ROUTE ] array (
)
[ info ] [ HEADER ] array (
  'accept-encoding' => 'gzip',
  'accept' => '*/*',
  'user-agent' => 'Mozilla/5.0 (Windows NT 10.0; Win64; x64) AppleWebKit/537.36 (KHTML, like Gecko) Chrome/60.0.3112.113 Safari/537.36',
  'host' => '101.132.45.200',
  'content-type' => '',
  'content-length' => '',
)
[ info ] [ PARAM ] array (
)
[ info ] null
---------------------------------------------------------------

[2020-09-03T17:51:59+08:00] 101.251.238.50 GET 101.132.45.200:443/
[运行时间：0.004690s] [吞吐率：213.22req/s] [内存消耗：873.72kb] [文件加载：188]
[ info ] [ LANG ] /var/www/mishop/thinkphp/lang/zh-cn.php
[ info ] [ ROUTE ] array (
)
[ info ] [ HEADER ] array (
  'accept' => 'application/json, text/plain, */*',
  'accept-charset' => 'GBK,utf-8;q=0.7,*;q=0.3',
  'accept-language' => 'zh-CN,zh;q=0.8,en-US;q=0.5,en;q=0.3',
  'user-agent' => 'Mozilla/5.0 (Windows NT 10.0; Win64; x64; rv:79.0) Gecko/20100101 Firefox/79.0',
  'host' => '101.132.45.200:443',
  'content-type' => '',
  'content-length' => '',
)
[ info ] [ PARAM ] array (
)
[ info ] null
---------------------------------------------------------------

[2020-09-03T17:52:02+08:00] 101.251.238.50 GET 101.132.45.200:443/connect/oauth2/authorize?appid=wxe846b6db8a21a631&redirect_uri=https%3A%2F%2F101.132.45.200%3A443%2F&response_type=code&scope=snsapi_userinfo&state=86806a29f58e28dce770f394db791ce8&connect_redirect=1#wechat_redirect
[运行时间：0.003152s] [吞吐率：317.27req/s] [内存消耗：534.02kb] [文件加载：109]
[ info ] [ LANG ] /var/www/mishop/thinkphp/lang/zh-cn.php
---------------------------------------------------------------

[2020-09-03T18:12:34+08:00] 71.6.146.185 GET 101.132.45.200/
[运行时间：0.004615s] [吞吐率：216.68req/s] [内存消耗：872.98kb] [文件加载：188]
[ info ] [ LANG ] /var/www/mishop/thinkphp/lang/zh-cn.php
[ info ] [ ROUTE ] array (
)
[ info ] [ HEADER ] array (
  'user-agent' => 'Mozilla/5.0 (X11; Linux x86_64) AppleWebKit/537.36 (KHTML, like Gecko) Chrome/34.0.1847.137 Safari/537.36',
  'accept' => 'text/html,application/xhtml+xml,application/xml;q=0.9,*/*;q=0.8',
  'host' => '101.132.45.200',
  'accept-encoding' => 'identity',
  'content-type' => '',
  'content-length' => '',
)
[ info ] [ PARAM ] array (
)
[ info ] null
---------------------------------------------------------------

[2020-09-03T18:12:53+08:00] 71.6.146.185 GET 101.132.45.200/sitemap.xml
[运行时间：0.003142s] [吞吐率：318.28req/s] [内存消耗：533.96kb] [文件加载：109]
[ info ] [ LANG ] /var/www/mishop/thinkphp/lang/zh-cn.php
---------------------------------------------------------------

[2020-09-03T18:12:54+08:00] 71.6.146.185 GET 101.132.45.200/.well-known/security.txt
[运行时间：0.002539s] [吞吐率：393.87req/s] [内存消耗：533.98kb] [文件加载：109]
[ info ] [ LANG ] /var/www/mishop/thinkphp/lang/zh-cn.php
---------------------------------------------------------------

[2020-09-03T18:13:05+08:00] 104.199.36.222 GET 101.132.45.200/
[运行时间：0.004217s] [吞吐率：237.14req/s] [内存消耗：875.70kb] [文件加载：188]
[ info ] [ LANG ] /var/www/mishop/thinkphp/lang/zh-cn.php
[ info ] [ ROUTE ] array (
)
[ info ] [ HEADER ] array (
  'x-datadog-sampling-priority' => '0',
  'x-datadog-parent-id' => '13754708239741343809',
  'x-datadog-trace-id' => '5481403089607947662',
  'connection' => 'keep-alive',
  'accept-encoding' => 'gzip, deflate',
  'user-agent' => 'python-requests/2.24.0',
  'accept' => '*/*',
  'host' => '101.132.45.200',
  'content-type' => '',
  'content-length' => '',
)
[ info ] [ PARAM ] array (
)
[ info ] null
---------------------------------------------------------------

[2020-09-03T19:47:51+08:00] 80.82.77.227 GET 101.132.45.200/
[运行时间：0.004342s] [吞吐率：230.30req/s] [内存消耗：872.57kb] [文件加载：188]
[ info ] [ LANG ] /var/www/mishop/thinkphp/lang/zh-cn.php
[ info ] [ ROUTE ] array (
)
[ info ] [ HEADER ] array (
  'accept-encoding' => 'gzip',
  'accept' => '*/*',
  'user-agent' => 'Mozilla/5.0 zgrab/0.x',
  'host' => '101.132.45.200',
  'content-type' => '',
  'content-length' => '',
)
[ info ] [ PARAM ] array (
)
[ info ] null
---------------------------------------------------------------

[2020-09-03T20:21:43+08:00] 83.97.20.30 GET 0/
[运行时间：0.004348s] [吞吐率：229.99req/s] [内存消耗：871.43kb] [文件加载：188]
[ info ] [ LANG ] /var/www/mishop/thinkphp/lang/zh-cn.php
[ info ] [ ROUTE ] array (
)
[ info ] [ HEADER ] array (
  'connection' => 'close',
  'host' => '0',
  'content-type' => '',
  'content-length' => '',
)
[ info ] [ PARAM ] array (
)
[ info ] null
---------------------------------------------------------------

[2020-09-03T21:29:33+08:00] 128.14.134.134 GET 101.132.45.200/
[运行时间：0.005173s] [吞吐率：193.31req/s] [内存消耗：872.91kb] [文件加载：188]
[ info ] [ LANG ] /var/www/mishop/thinkphp/lang/zh-cn.php
[ info ] [ ROUTE ] array (
)
[ info ] [ HEADER ] array (
  'accept-encoding' => 'gzip',
  'accept' => '*/*',
  'user-agent' => 'Mozilla/5.0 (Windows NT 10.0; Win64; x64) AppleWebKit/537.36 (KHTML, like Gecko) Chrome/60.0.3112.113 Safari/537.36',
  'host' => '101.132.45.200',
  'content-type' => '',
  'content-length' => '',
)
[ info ] [ PARAM ] array (
)
[ info ] null
---------------------------------------------------------------

[2020-09-03T21:31:22+08:00] 192.35.168.218 GET 101.132.45.200:443/
[运行时间：0.004487s] [吞吐率：222.88req/s] [内存消耗：871.08kb] [文件加载：188]
[ info ] [ LANG ] /var/www/mishop/thinkphp/lang/zh-cn.php
[ info ] [ ROUTE ] array (
)
[ info ] [ HEADER ] array (
  'host' => '101.132.45.200:443',
  'content-type' => '',
  'content-length' => '',
)
[ info ] [ PARAM ] array (
)
[ info ] null
---------------------------------------------------------------

[2020-09-03T21:31:24+08:00] 192.35.168.218 GET 101.132.45.200/
[运行时间：0.003326s] [吞吐率：300.65req/s] [内存消耗：872.79kb] [文件加载：188]
[ info ] [ LANG ] /var/www/mishop/thinkphp/lang/zh-cn.php
[ info ] [ ROUTE ] array (
)
[ info ] [ HEADER ] array (
  'accept-encoding' => 'gzip',
  'accept' => '*/*',
  'user-agent' => 'Mozilla/5.0 (compatible; CensysInspect/1.1; +https://about.censys.io/)',
  'host' => '101.132.45.200',
  'content-type' => '',
  'content-length' => '',
)
[ info ] [ PARAM ] array (
)
[ info ] null
---------------------------------------------------------------

[2020-09-03T21:56:51+08:00] 119.23.139.140 GET /
[运行时间：0.004656s] [吞吐率：214.78req/s] [内存消耗：870.38kb] [文件加载：188]
[ info ] [ LANG ] /var/www/mishop/thinkphp/lang/zh-cn.php
[ info ] [ ROUTE ] array (
)
[ info ] [ HEADER ] array (
  'content-type' => '',
  'content-length' => '',
)
[ info ] [ PARAM ] array (
)
[ info ] null
