---------------------------------------------------------------

[2020-09-10T00:21:56+08:00] 128.14.209.250 GET 101.132.45.200/
[运行时间：0.004329s] [吞吐率：231.00req/s] [内存消耗：872.91kb] [文件加载：188]
[ info ] [ LANG ] /var/www/mishop/thinkphp/lang/zh-cn.php
[ info ] [ ROUTE ] array (
)
[ info ] [ HEADER ] array (
  'accept-encoding' => 'gzip',
  'accept' => '*/*',
  'user-agent' => 'Mozilla/5.0 (Windows NT 10.0; Win64; x64) AppleWebKit/537.36 (KHTML, like Gecko) Chrome/60.0.3112.113 Safari/537.36',
  'host' => '101.132.45.200',
  'content-type' => '',
  'content-length' => '',
)
[ info ] [ PARAM ] array (
)
[ info ] null
---------------------------------------------------------------

[2020-09-10T02:13:29+08:00] 51.254.135.152 GET 101.132.45.200:443/
[运行时间：0.006107s] [吞吐率：163.74req/s] [内存消耗：872.66kb] [文件加载：188]
[ info ] [ LANG ] /var/www/mishop/thinkphp/lang/zh-cn.php
[ info ] [ ROUTE ] array (
)
[ info ] [ HEADER ] array (
  'accept-encoding' => 'gzip',
  'connection' => 'close',
  'user-agent' => 'Go-http-client/1.1',
  'host' => '101.132.45.200:443',
  'content-type' => '',
  'content-length' => '',
)
[ info ] [ PARAM ] array (
)
[ info ] null
---------------------------------------------------------------

[2020-09-10T02:24:17+08:00] 106.15.76.85 GET /
[运行时间：0.004667s] [吞吐率：214.27req/s] [内存消耗：870.38kb] [文件加载：188]
[ info ] [ LANG ] /var/www/mishop/thinkphp/lang/zh-cn.php
[ info ] [ ROUTE ] array (
)
[ info ] [ HEADER ] array (
  'content-type' => '',
  'content-length' => '',
)
[ info ] [ PARAM ] array (
)
[ info ] null
---------------------------------------------------------------

[2020-09-10T05:19:43+08:00] 128.14.133.58 GET 101.132.45.200/solr/
[运行时间：0.003315s] [吞吐率：301.66req/s] [内存消耗：533.95kb] [文件加载：109]
[ info ] [ LANG ] /var/www/mishop/thinkphp/lang/zh-cn.php
---------------------------------------------------------------

[2020-09-10T05:24:47+08:00] 162.243.128.156 GET 101.132.45.200/
[运行时间：0.004388s] [吞吐率：227.89req/s] [内存消耗：872.57kb] [文件加载：188]
[ info ] [ LANG ] /var/www/mishop/thinkphp/lang/zh-cn.php
[ info ] [ ROUTE ] array (
)
[ info ] [ HEADER ] array (
  'accept-encoding' => 'gzip',
  'accept' => '*/*',
  'user-agent' => 'Mozilla/5.0 zgrab/0.x',
  'host' => '101.132.45.200',
  'content-type' => '',
  'content-length' => '',
)
[ info ] [ PARAM ] array (
)
[ info ] null
---------------------------------------------------------------

[2020-09-10T06:25:45+08:00] 101.133.161.160 GET cms.holyzq.com/
[运行时间：0.005205s] [吞吐率：192.12req/s] [内存消耗：874.23kb] [文件加载：188]
[ info ] [ LANG ] /var/www/mishop/thinkphp/lang/zh-cn.php
[ info ] [ ROUTE ] array (
)
[ info ] [ HEADER ] array (
  'accept-language' => 'zh-CN,zh;q=0.8',
  'connection' => 'keep-alive',
  'accept' => 'text/html,application/xhtml+xml,application/xml;q=0.9,image/webp,image/apng,*/*;q=0.8',
  'accept-encoding' => 'gzip, deflate',
  'user-agent' => 'Mozilla/5.0 (Windows NT 10.0; Win64; x64) AppleWebKit/537.36 (KHTML, like Gecko) Chrome/59.0.3071.115 Safari/537.36',
  'host' => 'cms.holyzq.com',
  'content-type' => '',
  'content-length' => '',
)
[ info ] [ PARAM ] array (
)
[ info ] null
---------------------------------------------------------------

[2020-09-10T06:25:45+08:00] 101.133.161.160 GET cms.holyzq.com/explicit_not_exist_path
[运行时间：0.002742s] [吞吐率：364.69req/s] [内存消耗：533.96kb] [文件加载：109]
[ info ] [ LANG ] /var/www/mishop/thinkphp/lang/zh-cn.php
---------------------------------------------------------------

[2020-09-10T06:25:45+08:00] 101.133.161.160 GET cms.holyzq.com/index.html
[运行时间：0.003611s] [吞吐率：276.94req/s] [内存消耗：876.38kb] [文件加载：188]
[ info ] [ LANG ] /var/www/mishop/thinkphp/lang/zh-cn.php
[ info ] [ ROUTE ] array (
)
[ info ] [ HEADER ] array (
  'cookie' => 'PHPSESSID=vpo2dnsg11tdbpnnno258pfrg9',
  'accept-language' => 'zh-CN,zh;q=0.8',
  'connection' => 'keep-alive',
  'accept' => 'text/html,application/xhtml+xml,application/xml;q=0.9,image/webp,image/apng,*/*;q=0.8',
  'accept-encoding' => 'gzip, deflate',
  'user-agent' => 'Mozilla/5.0 (Windows NT 10.0; Win64; x64) AppleWebKit/537.36 (KHTML, like Gecko) Chrome/59.0.3071.115 Safari/537.36',
  'host' => 'cms.holyzq.com',
  'content-type' => '',
  'content-length' => '',
)
[ info ] [ PARAM ] array (
)
[ info ] null
---------------------------------------------------------------

[2020-09-10T06:25:45+08:00] 101.133.161.160 GET cms.holyzq.com/index.php
[运行时间：0.003289s] [吞吐率：304.05req/s] [内存消耗：875.56kb] [文件加载：188]
[ info ] [ LANG ] /var/www/mishop/thinkphp/lang/zh-cn.php
[ info ] [ ROUTE ] array (
)
[ info ] [ HEADER ] array (
  'cookie' => 'PHPSESSID=vpo2dnsg11tdbpnnno258pfrg9',
  'accept-language' => 'zh-CN,zh;q=0.8',
  'connection' => 'keep-alive',
  'accept' => 'text/html,application/xhtml+xml,application/xml;q=0.9,image/webp,image/apng,*/*;q=0.8',
  'accept-encoding' => 'gzip, deflate',
  'user-agent' => 'Mozilla/5.0 (Windows NT 10.0; Win64; x64) AppleWebKit/537.36 (KHTML, like Gecko) Chrome/59.0.3071.115 Safari/537.36',
  'host' => 'cms.holyzq.com',
  'content-type' => '',
  'content-length' => '',
)
[ info ] [ PARAM ] array (
)
[ info ] null
---------------------------------------------------------------

[2020-09-10T06:25:45+08:00] 101.133.161.160 GET cms.holyzq.com/index.jsp
[运行时间：0.002879s] [吞吐率：347.33req/s] [内存消耗：533.95kb] [文件加载：109]
[ info ] [ LANG ] /var/www/mishop/thinkphp/lang/zh-cn.php
---------------------------------------------------------------

[2020-09-10T06:25:45+08:00] 101.133.161.160 GET cms.holyzq.com/admin/
[运行时间：0.002740s] [吞吐率：364.98req/s] [内存消耗：576.85kb] [文件加载：123]
[ info ] [ LANG ] /var/www/mishop/thinkphp/lang/zh-cn.php
[ info ] [ ROUTE ] array (
)
[ info ] [ HEADER ] array (
  'cookie' => 'PHPSESSID=vpo2dnsg11tdbpnnno258pfrg9',
  'accept-language' => 'zh-CN,zh;q=0.8',
  'connection' => 'keep-alive',
  'accept' => 'text/html,application/xhtml+xml,application/xml;q=0.9,image/webp,image/apng,*/*;q=0.8',
  'accept-encoding' => 'gzip, deflate',
  'user-agent' => 'Mozilla/5.0 (Windows NT 10.0; Win64; x64) AppleWebKit/537.36 (KHTML, like Gecko) Chrome/59.0.3071.115 Safari/537.36',
  'host' => 'cms.holyzq.com',
  'content-type' => '',
  'content-length' => '',
)
[ info ] [ PARAM ] array (
)
[ info ] [ VIEW ] /var/www/mishop/thinkphp/tpl/dispatch_jump.tpl [ array (
  0 => 'code',
  1 => 'msg',
  2 => 'data',
  3 => 'url',
  4 => 'wait',
) ]
---------------------------------------------------------------

[2020-09-10T06:25:45+08:00] 101.133.161.160 GET cms.holyzq.com/readme.html
[运行时间：0.002659s] [吞吐率：376.07req/s] [内存消耗：533.99kb] [文件加载：109]
[ info ] [ LANG ] /var/www/mishop/thinkphp/lang/zh-cn.php
---------------------------------------------------------------

[2020-09-10T06:25:45+08:00] 101.133.161.160 GET cms.holyzq.com/license.txt
[运行时间：0.002409s] [吞吐率：415.11req/s] [内存消耗：533.95kb] [文件加载：109]
[ info ] [ LANG ] /var/www/mishop/thinkphp/lang/zh-cn.php
---------------------------------------------------------------

[2020-09-10T06:25:46+08:00] 101.133.161.160 GET cms.holyzq.com/wp-includes/js/wplink.js
[运行时间：0.003625s] [吞吐率：275.85req/s] [内存消耗：533.97kb] [文件加载：109]
[ info ] [ LANG ] /var/www/mishop/thinkphp/lang/zh-cn.php
---------------------------------------------------------------

[2020-09-10T06:25:46+08:00] 101.133.161.160 GET cms.holyzq.com/wp-admin/js/customize-controls.js
[运行时间：0.003295s] [吞吐率：303.50req/s] [内存消耗：533.98kb] [文件加载：109]
[ info ] [ LANG ] /var/www/mishop/thinkphp/lang/zh-cn.php
---------------------------------------------------------------

[2020-09-10T06:25:46+08:00] 101.133.161.160 GET cms.holyzq.com/wp-admin/js/nav-menu.js
[运行时间：0.003393s] [吞吐率：294.71req/s] [内存消耗：533.96kb] [文件加载：109]
[ info ] [ LANG ] /var/www/mishop/thinkphp/lang/zh-cn.php
---------------------------------------------------------------

[2020-09-10T06:25:46+08:00] 101.133.161.160 GET cms.holyzq.com/wp-includes/js/plupload/handlers.js
[运行时间：0.002478s] [吞吐率：403.57req/s] [内存消耗：533.98kb] [文件加载：109]
[ info ] [ LANG ] /var/www/mishop/thinkphp/lang/zh-cn.php
---------------------------------------------------------------

[2020-09-10T06:25:46+08:00] 101.133.161.160 GET cms.holyzq.com/wp-includes/js/tinymce/wp-tinymce.js.gz
[运行时间：0.002373s] [吞吐率：421.41req/s] [内存消耗：533.98kb] [文件加载：109]
[ info ] [ LANG ] /var/www/mishop/thinkphp/lang/zh-cn.php
---------------------------------------------------------------

[2020-09-10T06:25:46+08:00] 101.133.161.160 GET cms.holyzq.com/index.php/explicit_not_exist_path
[运行时间：0.002783s] [吞吐率：359.35req/s] [内存消耗：533.98kb] [文件加载：109]
[ info ] [ LANG ] /var/www/mishop/thinkphp/lang/zh-cn.php
---------------------------------------------------------------

[2020-09-10T06:25:46+08:00] 101.133.161.160 GET cms.holyzq.com/4e5e5d7364f443e28fbf0d3ae744a59a
[运行时间：0.002486s] [吞吐率：402.25req/s] [内存消耗：533.98kb] [文件加载：109]
[ info ] [ LANG ] /var/www/mishop/thinkphp/lang/zh-cn.php
---------------------------------------------------------------

[2020-09-10T06:25:46+08:00] 101.133.161.160 GET cms.holyzq.com/?c=4e5e5d7364f443e28fbf0d3ae744a59a
[运行时间：0.002840s] [吞吐率：352.11req/s] [内存消耗：876.38kb] [文件加载：188]
[ info ] [ LANG ] /var/www/mishop/thinkphp/lang/zh-cn.php
[ info ] [ ROUTE ] array (
)
[ info ] [ HEADER ] array (
  'cookie' => 'PHPSESSID=vpo2dnsg11tdbpnnno258pfrg9',
  'accept-language' => 'zh-CN,zh;q=0.8',
  'connection' => 'keep-alive',
  'accept' => 'text/html,application/xhtml+xml,application/xml;q=0.9,image/webp,image/apng,*/*;q=0.8',
  'accept-encoding' => 'gzip, deflate',
  'user-agent' => 'Mozilla/5.0 (Windows NT 10.0; Win64; x64) AppleWebKit/537.36 (KHTML, like Gecko) Chrome/59.0.3071.115 Safari/537.36',
  'host' => 'cms.holyzq.com',
  'content-type' => '',
  'content-length' => '',
)
[ info ] [ PARAM ] array (
  'c' => '4e5e5d7364f443e28fbf0d3ae744a59a',
)
[ info ] null
---------------------------------------------------------------

[2020-09-10T06:25:46+08:00] 101.133.161.160 GET cms.holyzq.com/r/cms/www/red/img/prompt.jpg
[运行时间：0.002846s] [吞吐率：351.37req/s] [内存消耗：534.34kb] [文件加载：109]
[ info ] [ LANG ] /var/www/mishop/thinkphp/lang/zh-cn.php
---------------------------------------------------------------

[2020-09-10T06:25:46+08:00] 101.133.161.160 GET cms.holyzq.com/r/cms/www/red/style/swiper.min.js
[运行时间：0.002403s] [吞吐率：416.14req/s] [内存消耗：534.35kb] [文件加载：109]
[ info ] [ LANG ] /var/www/mishop/thinkphp/lang/zh-cn.php
---------------------------------------------------------------

[2020-09-10T06:25:46+08:00] 101.133.161.160 GET cms.holyzq.com/wcm/
[运行时间：0.003012s] [吞吐率：332.01req/s] [内存消耗：533.95kb] [文件加载：109]
[ info ] [ LANG ] /var/www/mishop/thinkphp/lang/zh-cn.php
---------------------------------------------------------------

[2020-09-10T06:25:46+08:00] 101.133.161.160 GET cms.holyzq.com/phpMyAdmin/
[运行时间：0.003868s] [吞吐率：258.52req/s] [内存消耗：533.95kb] [文件加载：109]
[ info ] [ LANG ] /var/www/mishop/thinkphp/lang/zh-cn.php
---------------------------------------------------------------

[2020-09-10T06:25:46+08:00] 101.133.161.160 GET cms.holyzq.com/phpmyadmin/
[运行时间：0.002717s] [吞吐率：368.05req/s] [内存消耗：533.95kb] [文件加载：109]
[ info ] [ LANG ] /var/www/mishop/thinkphp/lang/zh-cn.php
---------------------------------------------------------------

[2020-09-10T08:32:18+08:00] 216.218.206.69 GET 101.132.45.200/
[运行时间：0.004453s] [吞吐率：224.57req/s] [内存消耗：871.00kb] [文件加载：188]
[ info ] [ LANG ] /var/www/mishop/thinkphp/lang/zh-cn.php
[ info ] [ ROUTE ] array (
)
[ info ] [ HEADER ] array (
  'host' => '101.132.45.200',
  'content-type' => '',
  'content-length' => '',
)
[ info ] [ PARAM ] array (
)
[ info ] null
---------------------------------------------------------------

[2020-09-10T08:36:41+08:00] 138.246.253.15 HEAD 101.132.45.200/
[运行时间：0.003353s] [吞吐率：298.23req/s] [内存消耗：871.55kb] [文件加载：188]
[ info ] [ LANG ] /var/www/mishop/thinkphp/lang/zh-cn.php
[ info ] [ ROUTE ] array (
)
[ info ] [ HEADER ] array (
  'user-agent' => 'Mozilla/5.0 (Windows NT 6.1; Win64; x64) AppleWebKit/537.36 (KHTML, like Gecko) Chrome/40.0.2214.85 Safari/537.36',
  'host' => '101.132.45.200',
  'content-type' => '',
  'content-length' => '',
)
[ info ] [ PARAM ] array (
)
[ info ] null
---------------------------------------------------------------

[2020-09-10T10:01:46+08:00] 183.136.225.56 GET 101.132.45.200/
[运行时间：0.004427s] [吞吐率：225.89req/s] [内存消耗：872.98kb] [文件加载：188]
[ info ] [ LANG ] /var/www/mishop/thinkphp/lang/zh-cn.php
[ info ] [ ROUTE ] array (
)
[ info ] [ HEADER ] array (
  'connection' => 'keep-alive',
  'accept' => '*/*',
  'user-agent' => 'Baiduspider+(+http://www.baidu.com/search/spider.htm);googlebot|baiduspider|baidu|spider|sogou|bingbot|bot|yahoo|soso|sosospider|360spider|youdaobot|jikeSpider;)',
  'host' => '101.132.45.200',
  'content-type' => '',
  'content-length' => '',
)
[ info ] [ PARAM ] array (
)
[ info ] null
---------------------------------------------------------------

[2020-09-10T12:33:48+08:00] 94.102.51.119 GET 101.132.45.200:443/
[运行时间：0.004478s] [吞吐率：223.30req/s] [内存消耗：875.39kb] [文件加载：188]
[ info ] [ LANG ] /var/www/mishop/thinkphp/lang/zh-cn.php
[ info ] [ ROUTE ] array (
)
[ info ] [ HEADER ] array (
  'upgrade-insecure-requests' => '1',
  'connection' => 'close',
  'accept-encoding' => 'gzip, deflate',
  'accept-language' => 'en-GB,en;q=0.5',
  'accept' => 'text/html,application/xhtml+xml,application/xml;q=0.9,image/webp,*/*;q=0.8',
  'user-agent' => 'Mozilla/5.0 (X11; Ubuntu; Linux x86_64; rv:76.0) Gecko/20100101 Firefox/76.0',
  'host' => '101.132.45.200:443',
  'content-type' => '',
  'content-length' => '',
)
[ info ] [ PARAM ] array (
)
[ info ] null
---------------------------------------------------------------

[2020-09-10T12:56:06+08:00] 54.67.59.45 GET 101.132.45.200/
[运行时间：0.005373s] [吞吐率：186.12req/s] [内存消耗：873.23kb] [文件加载：188]
[ info ] [ LANG ] /var/www/mishop/thinkphp/lang/zh-cn.php
[ info ] [ ROUTE ] array (
)
[ info ] [ HEADER ] array (
  'connection' => 'keep-alive',
  'host' => '101.132.45.200',
  'accept-encoding' => 'gzip',
  'accept' => '*/*',
  'user-agent' => 'Mozilla/5.0 (Windows NT 6.2; WOW64; rv:26.0) Gecko/20100101 Firefox/26.0',
  'content-type' => '',
  'content-length' => '',
)
[ info ] [ PARAM ] array (
)
[ info ] null
---------------------------------------------------------------

[2020-09-10T14:40:50+08:00] 5.135.214.109 GET 101.132.45.200:443/
[运行时间：0.004539s] [吞吐率：220.31req/s] [内存消耗：872.66kb] [文件加载：188]
[ info ] [ LANG ] /var/www/mishop/thinkphp/lang/zh-cn.php
[ info ] [ ROUTE ] array (
)
[ info ] [ HEADER ] array (
  'accept-encoding' => 'gzip',
  'connection' => 'close',
  'user-agent' => 'Go-http-client/1.1',
  'host' => '101.132.45.200:443',
  'content-type' => '',
  'content-length' => '',
)
[ info ] [ PARAM ] array (
)
[ info ] null
---------------------------------------------------------------

[2020-09-10T14:56:19+08:00] 183.136.225.46 GET 101.132.45.200:443/
[运行时间：0.004320s] [吞吐率：231.47req/s] [内存消耗：872.84kb] [文件加载：188]
[ info ] [ LANG ] /var/www/mishop/thinkphp/lang/zh-cn.php
[ info ] [ ROUTE ] array (
)
[ info ] [ HEADER ] array (
  'connection' => 'keep-alive',
  'accept' => '*/*',
  'user-agent' => 'Mozilla/5.0 (Macintosh; Intel Mac OS X 10.11; rv:47.0) Gecko/20100101 Firefox/47.0',
  'host' => '101.132.45.200:443',
  'content-type' => '',
  'content-length' => '',
)
[ info ] [ PARAM ] array (
)
[ info ] null
---------------------------------------------------------------

[2020-09-10T15:15:41+08:00] 47.100.22.23 GET shop.holyzq.com/
[运行时间：0.004337s] [吞吐率：230.58req/s] [内存消耗：872.80kb] [文件加载：188]
[ info ] [ LANG ] /var/www/mishop/thinkphp/lang/zh-cn.php
[ info ] [ ROUTE ] array (
)
[ info ] [ HEADER ] array (
  'accept-encoding' => 'gzip',
  'connection' => 'Keep-Alive',
  'host' => 'shop.holyzq.com',
  'user-agent' => 'Mozilla/5.0 (X11; Ubuntu; Linux x86_64; rv:36.0) Gecko/20100101 Firefox/36.0',
  'content-type' => '',
  'content-length' => '',
)
[ info ] [ PARAM ] array (
)
[ info ] null
---------------------------------------------------------------

[2020-09-10T15:46:39+08:00] 83.97.20.30 GET 0/
[运行时间：0.004625s] [吞吐率：216.21req/s] [内存消耗：871.43kb] [文件加载：188]
[ info ] [ LANG ] /var/www/mishop/thinkphp/lang/zh-cn.php
[ info ] [ ROUTE ] array (
)
[ info ] [ HEADER ] array (
  'connection' => 'close',
  'host' => '0',
  'content-type' => '',
  'content-length' => '',
)
[ info ] [ PARAM ] array (
)
[ info ] null
---------------------------------------------------------------

[2020-09-10T17:47:38+08:00] 192.241.234.234 GET 101.132.45.200/owa/auth/logon.aspx?url=https%3a%2f%2f1%2fecp%2f
[运行时间：0.003271s] [吞吐率：305.73req/s] [内存消耗：533.97kb] [文件加载：109]
[ info ] [ LANG ] /var/www/mishop/thinkphp/lang/zh-cn.php
---------------------------------------------------------------

[2020-09-10T18:29:50+08:00] 47.101.199.131 GET 101.132.45.200/
[运行时间：0.004571s] [吞吐率：218.76req/s] [内存消耗：872.80kb] [文件加载：188]
[ info ] [ LANG ] /var/www/mishop/thinkphp/lang/zh-cn.php
[ info ] [ ROUTE ] array (
)
[ info ] [ HEADER ] array (
  'accept-encoding' => 'gzip',
  'connection' => 'Keep-Alive',
  'host' => '101.132.45.200',
  'user-agent' => 'Mozilla/5.0 (X11; Ubuntu; Linux x86_64; rv:36.0) Gecko/20100101 Firefox/36.0',
  'content-type' => '',
  'content-length' => '',
)
[ info ] [ PARAM ] array (
)
[ info ] null
---------------------------------------------------------------

[2020-09-10T18:45:26+08:00] 178.32.197.80 GET 101.132.45.200/
[运行时间：0.005050s] [吞吐率：198.02req/s] [内存消耗：872.98kb] [文件加载：188]
[ info ] [ LANG ] /var/www/mishop/thinkphp/lang/zh-cn.php
[ info ] [ ROUTE ] array (
)
[ info ] [ HEADER ] array (
  'accept-language' => 'en-US,en;q=0.5',
  'accept' => 'text/html,application/xhtml+xml,application/xml;q=0.9,*/*;q=0.8',
  'user-agent' => 'Mozilla/5.0 (X11; Ubuntu; Linux x86_64; rv:58.0) Gecko/20100101 Firefox/58.0',
  'host' => '101.132.45.200',
  'content-type' => '',
  'content-length' => '',
)
[ info ] [ PARAM ] array (
)
[ info ] null
---------------------------------------------------------------

[2020-09-10T19:39:54+08:00] 62.210.5.253 GET open.weixin.qq.com/connect/oauth2/authorize?appid=wxe846b6db8a21a631&redirect_uri=https%3A%2F%2F101.132.45.200%2F&response_type=code&scope=snsapi_userinfo&state=4e7500bd3a32245ab70e41ac42920d3d&connect_redirect=1
[运行时间：0.003514s] [吞吐率：284.57req/s] [内存消耗：533.98kb] [文件加载：109]
[ info ] [ LANG ] /var/www/mishop/thinkphp/lang/zh-cn.php
---------------------------------------------------------------

[2020-09-10T20:05:37+08:00] 172.105.89.161 POST 101.132.45.200/ajax
[运行时间：0.003648s] [吞吐率：274.12req/s] [内存消耗：532.92kb] [文件加载：109]
[ info ] [ LANG ] /var/www/mishop/thinkphp/lang/zh-cn.php
---------------------------------------------------------------

[2020-09-10T20:25:19+08:00] 167.248.133.51 GET 101.132.45.200:443/
[运行时间：0.004324s] [吞吐率：231.27req/s] [内存消耗：871.08kb] [文件加载：188]
[ info ] [ LANG ] /var/www/mishop/thinkphp/lang/zh-cn.php
[ info ] [ ROUTE ] array (
)
[ info ] [ HEADER ] array (
  'host' => '101.132.45.200:443',
  'content-type' => '',
  'content-length' => '',
)
[ info ] [ PARAM ] array (
)
[ info ] null
---------------------------------------------------------------

[2020-09-10T20:25:21+08:00] 167.248.133.51 GET 101.132.45.200/
[运行时间：0.003653s] [吞吐率：273.74req/s] [内存消耗：872.79kb] [文件加载：188]
[ info ] [ LANG ] /var/www/mishop/thinkphp/lang/zh-cn.php
[ info ] [ ROUTE ] array (
)
[ info ] [ HEADER ] array (
  'accept-encoding' => 'gzip',
  'accept' => '*/*',
  'user-agent' => 'Mozilla/5.0 (compatible; CensysInspect/1.1; +https://about.censys.io/)',
  'host' => '101.132.45.200',
  'content-type' => '',
  'content-length' => '',
)
[ info ] [ PARAM ] array (
)
[ info ] null
---------------------------------------------------------------

[2020-09-10T20:59:17+08:00] 42.157.192.132 GET 101.132.45.200/
[运行时间：0.004430s] [吞吐率：225.74req/s] [内存消耗：872.08kb] [文件加载：188]
[ info ] [ LANG ] /var/www/mishop/thinkphp/lang/zh-cn.php
[ info ] [ ROUTE ] array (
)
[ info ] [ HEADER ] array (
  'accept-encoding' => 'gzip',
  'user-agent' => 'Mozilla/5.0',
  'host' => '101.132.45.200',
  'content-type' => '',
  'content-length' => '',
)
[ info ] [ PARAM ] array (
)
[ info ] null
---------------------------------------------------------------

[2020-09-10T21:19:39+08:00] 213.202.225.115 GET linkgratis.xyz/v/gm2qdt-wnmm2zgg
[运行时间：0.003148s] [吞吐率：317.65req/s] [内存消耗：531.84kb] [文件加载：108]
[ info ] [ LANG ] /var/www/mishop/thinkphp/lang/zh-cn.php
---------------------------------------------------------------

[2020-09-10T22:11:33+08:00] 129.144.3.107 GET 101.132.45.200:443/
[运行时间：0.004520s] [吞吐率：221.23req/s] [内存消耗：872.66kb] [文件加载：188]
[ info ] [ LANG ] /var/www/mishop/thinkphp/lang/zh-cn.php
[ info ] [ ROUTE ] array (
)
[ info ] [ HEADER ] array (
  'accept-encoding' => 'gzip',
  'connection' => 'close',
  'user-agent' => 'Go-http-client/1.1',
  'host' => '101.132.45.200:443',
  'content-type' => '',
  'content-length' => '',
)
[ info ] [ PARAM ] array (
)
[ info ] null
