---------------------------------------------------------------

[2020-09-12T02:20:05+08:00] 47.100.64.9 GET /
[运行时间：0.004635s] [吞吐率：215.75req/s] [内存消耗：870.38kb] [文件加载：188]
[ info ] [ LANG ] /var/www/mishop/thinkphp/lang/zh-cn.php
[ info ] [ ROUTE ] array (
)
[ info ] [ HEADER ] array (
  'content-type' => '',
  'content-length' => '',
)
[ info ] [ PARAM ] array (
)
[ info ] null
---------------------------------------------------------------

[2020-09-12T03:10:02+08:00] 45.84.196.63 POST 192.168.0.1:443/GponForm/diag_Form?style/
[运行时间：0.002944s] [吞吐率：339.67req/s] [内存消耗：533.13kb] [文件加载：109]
[ info ] [ LANG ] /var/www/mishop/thinkphp/lang/zh-cn.php
---------------------------------------------------------------

[2020-09-12T05:24:30+08:00] 193.118.53.210 GET 101.132.45.200/
[运行时间：0.004651s] [吞吐率：215.00req/s] [内存消耗：872.91kb] [文件加载：188]
[ info ] [ LANG ] /var/www/mishop/thinkphp/lang/zh-cn.php
[ info ] [ ROUTE ] array (
)
[ info ] [ HEADER ] array (
  'accept-encoding' => 'gzip',
  'accept' => '*/*',
  'user-agent' => 'Mozilla/5.0 (Windows NT 10.0; Win64; x64) AppleWebKit/537.36 (KHTML, like Gecko) Chrome/60.0.3112.113 Safari/537.36',
  'host' => '101.132.45.200',
  'content-type' => '',
  'content-length' => '',
)
[ info ] [ PARAM ] array (
)
[ info ] null
---------------------------------------------------------------

[2020-09-12T05:53:36+08:00] 192.241.227.114 GET 101.132.45.200/login
[运行时间：0.003243s] [吞吐率：308.36req/s] [内存消耗：533.95kb] [文件加载：109]
[ info ] [ LANG ] /var/www/mishop/thinkphp/lang/zh-cn.php
---------------------------------------------------------------

[2020-09-12T06:24:15+08:00] 183.136.225.56 GET 101.132.45.200/
[运行时间：0.004888s] [吞吐率：204.59req/s] [内存消耗：872.98kb] [文件加载：188]
[ info ] [ LANG ] /var/www/mishop/thinkphp/lang/zh-cn.php
[ info ] [ ROUTE ] array (
)
[ info ] [ HEADER ] array (
  'connection' => 'keep-alive',
  'accept' => '*/*',
  'user-agent' => 'Baiduspider+(+http://www.baidu.com/search/spider.htm);googlebot|baiduspider|baidu|spider|sogou|bingbot|bot|yahoo|soso|sosospider|360spider|youdaobot|jikeSpider;)',
  'host' => '101.132.45.200',
  'content-type' => '',
  'content-length' => '',
)
[ info ] [ PARAM ] array (
)
[ info ] null
---------------------------------------------------------------

[2020-09-12T06:25:24+08:00] 190.107.28.228 GET 101.132.45.200:443/
[运行时间：0.004403s] [吞吐率：227.11req/s] [内存消耗：872.66kb] [文件加载：188]
[ info ] [ LANG ] /var/www/mishop/thinkphp/lang/zh-cn.php
[ info ] [ ROUTE ] array (
)
[ info ] [ HEADER ] array (
  'accept-encoding' => 'gzip',
  'connection' => 'close',
  'user-agent' => 'Go-http-client/1.1',
  'host' => '101.132.45.200:443',
  'content-type' => '',
  'content-length' => '',
)
[ info ] [ PARAM ] array (
)
[ info ] null
---------------------------------------------------------------

[2020-09-12T09:18:04+08:00] 80.82.77.139 GET 101.132.45.200/
[运行时间：0.004394s] [吞吐率：227.58req/s] [内存消耗：872.98kb] [文件加载：188]
[ info ] [ LANG ] /var/www/mishop/thinkphp/lang/zh-cn.php
[ info ] [ ROUTE ] array (
)
[ info ] [ HEADER ] array (
  'user-agent' => 'Mozilla/5.0 (X11; Linux x86_64) AppleWebKit/537.36 (KHTML, like Gecko) Chrome/34.0.1847.137 Safari/537.36',
  'accept' => 'text/html,application/xhtml+xml,application/xml;q=0.9,*/*;q=0.8',
  'host' => '101.132.45.200',
  'accept-encoding' => 'identity',
  'content-type' => '',
  'content-length' => '',
)
[ info ] [ PARAM ] array (
)
[ info ] null
---------------------------------------------------------------

[2020-09-12T09:18:27+08:00] 80.82.77.139 GET 101.132.45.200/sitemap.xml
[运行时间：0.002901s] [吞吐率：344.73req/s] [内存消耗：533.96kb] [文件加载：109]
[ info ] [ LANG ] /var/www/mishop/thinkphp/lang/zh-cn.php
---------------------------------------------------------------

[2020-09-12T09:18:31+08:00] 80.82.77.139 GET 101.132.45.200/.well-known/security.txt
[运行时间：0.003013s] [吞吐率：331.91req/s] [内存消耗：533.98kb] [文件加载：109]
[ info ] [ LANG ] /var/www/mishop/thinkphp/lang/zh-cn.php
---------------------------------------------------------------

[2020-09-12T10:52:18+08:00] 101.251.238.50 GET 101.132.45.200:443/
[运行时间：0.004506s] [吞吐率：221.92req/s] [内存消耗：873.72kb] [文件加载：188]
[ info ] [ LANG ] /var/www/mishop/thinkphp/lang/zh-cn.php
[ info ] [ ROUTE ] array (
)
[ info ] [ HEADER ] array (
  'accept' => 'application/json, text/plain, */*',
  'accept-charset' => 'GBK,utf-8;q=0.7,*;q=0.3',
  'accept-language' => 'zh-CN,zh;q=0.8,en-US;q=0.5,en;q=0.3',
  'user-agent' => 'Mozilla/5.0 (Windows NT 10.0; Win64; x64; rv:79.0) Gecko/20100101 Firefox/79.0',
  'host' => '101.132.45.200:443',
  'content-type' => '',
  'content-length' => '',
)
[ info ] [ PARAM ] array (
)
[ info ] null
---------------------------------------------------------------

[2020-09-12T10:52:21+08:00] 101.251.238.50 GET 101.132.45.200:443/connect/oauth2/authorize?appid=wxe846b6db8a21a631&redirect_uri=https%3A%2F%2F101.132.45.200%3A443%2F&response_type=code&scope=snsapi_userinfo&state=725467dd9ade67caf1ff9a69d988c935&connect_redirect=1#wechat_redirect
[运行时间：0.002995s] [吞吐率：333.89req/s] [内存消耗：534.02kb] [文件加载：109]
[ info ] [ LANG ] /var/www/mishop/thinkphp/lang/zh-cn.php
---------------------------------------------------------------

[2020-09-12T12:34:38+08:00] 94.102.51.119 GET 101.132.45.200:443/
[运行时间：0.004317s] [吞吐率：231.64req/s] [内存消耗：875.39kb] [文件加载：188]
[ info ] [ LANG ] /var/www/mishop/thinkphp/lang/zh-cn.php
[ info ] [ ROUTE ] array (
)
[ info ] [ HEADER ] array (
  'upgrade-insecure-requests' => '1',
  'connection' => 'close',
  'accept-encoding' => 'gzip, deflate',
  'accept-language' => 'en-GB,en;q=0.5',
  'accept' => 'text/html,application/xhtml+xml,application/xml;q=0.9,image/webp,*/*;q=0.8',
  'user-agent' => 'Mozilla/5.0 (X11; Ubuntu; Linux x86_64; rv:76.0) Gecko/20100101 Firefox/76.0',
  'host' => '101.132.45.200:443',
  'content-type' => '',
  'content-length' => '',
)
[ info ] [ PARAM ] array (
)
[ info ] null
---------------------------------------------------------------

[2020-09-12T12:34:43+08:00] 193.118.53.194 GET 101.132.45.200/
[运行时间：0.004600s] [吞吐率：217.39req/s] [内存消耗：872.91kb] [文件加载：188]
[ info ] [ LANG ] /var/www/mishop/thinkphp/lang/zh-cn.php
[ info ] [ ROUTE ] array (
)
[ info ] [ HEADER ] array (
  'accept-encoding' => 'gzip',
  'accept' => '*/*',
  'user-agent' => 'Mozilla/5.0 (Windows NT 10.0; Win64; x64) AppleWebKit/537.36 (KHTML, like Gecko) Chrome/60.0.3112.113 Safari/537.36',
  'host' => '101.132.45.200',
  'content-type' => '',
  'content-length' => '',
)
[ info ] [ PARAM ] array (
)
[ info ] null
---------------------------------------------------------------

[2020-09-12T12:45:01+08:00] 184.105.139.70 GET 101.132.45.200/
[运行时间：0.004420s] [吞吐率：226.24req/s] [内存消耗：871.00kb] [文件加载：188]
[ info ] [ LANG ] /var/www/mishop/thinkphp/lang/zh-cn.php
[ info ] [ ROUTE ] array (
)
[ info ] [ HEADER ] array (
  'host' => '101.132.45.200',
  'content-type' => '',
  'content-length' => '',
)
[ info ] [ PARAM ] array (
)
[ info ] null
---------------------------------------------------------------

[2020-09-12T13:50:45+08:00] 192.35.168.193 GET 101.132.45.200:443/
[运行时间：0.004578s] [吞吐率：218.43req/s] [内存消耗：871.08kb] [文件加载：188]
[ info ] [ LANG ] /var/www/mishop/thinkphp/lang/zh-cn.php
[ info ] [ ROUTE ] array (
)
[ info ] [ HEADER ] array (
  'host' => '101.132.45.200:443',
  'content-type' => '',
  'content-length' => '',
)
[ info ] [ PARAM ] array (
)
[ info ] null
---------------------------------------------------------------

[2020-09-12T13:50:46+08:00] 192.35.168.193 GET 101.132.45.200/
[运行时间：0.003228s] [吞吐率：309.79req/s] [内存消耗：872.79kb] [文件加载：188]
[ info ] [ LANG ] /var/www/mishop/thinkphp/lang/zh-cn.php
[ info ] [ ROUTE ] array (
)
[ info ] [ HEADER ] array (
  'accept-encoding' => 'gzip',
  'accept' => '*/*',
  'user-agent' => 'Mozilla/5.0 (compatible; CensysInspect/1.1; +https://about.censys.io/)',
  'host' => '101.132.45.200',
  'content-type' => '',
  'content-length' => '',
)
[ info ] [ PARAM ] array (
)
[ info ] null
---------------------------------------------------------------

[2020-09-12T14:41:19+08:00] 47.102.153.146 GET mishop.holyzq.com/
[运行时间：0.004488s] [吞吐率：222.82req/s] [内存消耗：872.80kb] [文件加载：188]
[ info ] [ LANG ] /var/www/mishop/thinkphp/lang/zh-cn.php
[ info ] [ ROUTE ] array (
)
[ info ] [ HEADER ] array (
  'accept-encoding' => 'gzip',
  'connection' => 'Keep-Alive',
  'host' => 'mishop.holyzq.com',
  'user-agent' => 'Mozilla/5.0 (X11; Ubuntu; Linux x86_64; rv:36.0) Gecko/20100101 Firefox/36.0',
  'content-type' => '',
  'content-length' => '',
)
[ info ] [ PARAM ] array (
)
[ info ] null
---------------------------------------------------------------

[2020-09-12T15:57:57+08:00] 106.15.76.85 GET /
[运行时间：0.004744s] [吞吐率：210.80req/s] [内存消耗：870.38kb] [文件加载：188]
[ info ] [ LANG ] /var/www/mishop/thinkphp/lang/zh-cn.php
[ info ] [ ROUTE ] array (
)
[ info ] [ HEADER ] array (
  'content-type' => '',
  'content-length' => '',
)
[ info ] [ PARAM ] array (
)
[ info ] null
---------------------------------------------------------------

[2020-09-12T20:48:24+08:00] 92.118.161.1 GET 101.132.45.200:443/
[运行时间：0.004330s] [吞吐率：230.95req/s] [内存消耗：871.96kb] [文件加载：188]
[ info ] [ LANG ] /var/www/mishop/thinkphp/lang/zh-cn.php
[ info ] [ ROUTE ] array (
)
[ info ] [ HEADER ] array (
  'user-agent' => 'NetSystemsResearch studies the availability of various services across the internet. Our website is netsystemsresearch.com',
  'host' => '101.132.45.200:443',
  'content-type' => '',
  'content-length' => '',
)
[ info ] [ PARAM ] array (
)
[ info ] null
---------------------------------------------------------------

[2020-09-12T21:31:58+08:00] 213.32.122.82 GET 101.132.45.200/
[运行时间：0.006161s] [吞吐率：162.31req/s] [内存消耗：872.36kb] [文件加载：188]
[ info ] [ LANG ] /var/www/mishop/thinkphp/lang/zh-cn.php
[ info ] [ ROUTE ] array (
)
[ info ] [ HEADER ] array (
  'user-agent' => 'Mozilla/5.0 (Windows NT 6.1) AppleWebKit/537.36 (KHTML, like Gecko) Chrome/41.0.2228.0 Safari/537.36',
  'connection' => 'close',
  'host' => '101.132.45.200',
  'content-type' => '',
  'content-length' => '',
)
[ info ] [ PARAM ] array (
)
[ info ] null
---------------------------------------------------------------

[2020-09-12T21:42:00+08:00] 167.248.133.35 GET 101.132.45.200:443/
[运行时间：0.004244s] [吞吐率：235.62req/s] [内存消耗：871.08kb] [文件加载：188]
[ info ] [ LANG ] /var/www/mishop/thinkphp/lang/zh-cn.php
[ info ] [ ROUTE ] array (
)
[ info ] [ HEADER ] array (
  'host' => '101.132.45.200:443',
  'content-type' => '',
  'content-length' => '',
)
[ info ] [ PARAM ] array (
)
[ info ] null
---------------------------------------------------------------

[2020-09-12T21:42:01+08:00] 167.248.133.35 GET 101.132.45.200/
[运行时间：0.003248s] [吞吐率：307.88req/s] [内存消耗：872.79kb] [文件加载：188]
[ info ] [ LANG ] /var/www/mishop/thinkphp/lang/zh-cn.php
[ info ] [ ROUTE ] array (
)
[ info ] [ HEADER ] array (
  'accept-encoding' => 'gzip',
  'accept' => '*/*',
  'user-agent' => 'Mozilla/5.0 (compatible; CensysInspect/1.1; +https://about.censys.io/)',
  'host' => '101.132.45.200',
  'content-type' => '',
  'content-length' => '',
)
[ info ] [ PARAM ] array (
)
[ info ] null
---------------------------------------------------------------

[2020-09-12T22:51:07+08:00] 134.122.117.246 GET 101.132.45.200:443/mifs/.;/services/LogService
[运行时间：0.002825s] [吞吐率：353.98req/s] [内存消耗：531.93kb] [文件加载：108]
[ info ] [ LANG ] /var/www/mishop/thinkphp/lang/zh-cn.php
---------------------------------------------------------------

[2020-09-12T23:00:38+08:00] 162.142.125.52 GET 101.132.45.200:443/
[运行时间：0.004386s] [吞吐率：228.00req/s] [内存消耗：871.08kb] [文件加载：188]
[ info ] [ LANG ] /var/www/mishop/thinkphp/lang/zh-cn.php
[ info ] [ ROUTE ] array (
)
[ info ] [ HEADER ] array (
  'host' => '101.132.45.200:443',
  'content-type' => '',
  'content-length' => '',
)
[ info ] [ PARAM ] array (
)
[ info ] null
---------------------------------------------------------------

[2020-09-12T23:00:40+08:00] 162.142.125.52 GET 101.132.45.200/
[运行时间：0.003350s] [吞吐率：298.51req/s] [内存消耗：872.79kb] [文件加载：188]
[ info ] [ LANG ] /var/www/mishop/thinkphp/lang/zh-cn.php
[ info ] [ ROUTE ] array (
)
[ info ] [ HEADER ] array (
  'accept-encoding' => 'gzip',
  'accept' => '*/*',
  'user-agent' => 'Mozilla/5.0 (compatible; CensysInspect/1.1; +https://about.censys.io/)',
  'host' => '101.132.45.200',
  'content-type' => '',
  'content-length' => '',
)
[ info ] [ PARAM ] array (
)
[ info ] null
