---------------------------------------------------------------

[2020-09-15T00:40:34+08:00] 47.100.202.153 GET mishop.holyzq.com/
[运行时间：0.005201s] [吞吐率：192.27req/s] [内存消耗：872.80kb] [文件加载：188]
[ info ] [ LANG ] /var/www/mishop/thinkphp/lang/zh-cn.php
[ info ] [ ROUTE ] array (
)
[ info ] [ HEADER ] array (
  'accept-encoding' => 'gzip',
  'connection' => 'Keep-Alive',
  'host' => 'mishop.holyzq.com',
  'user-agent' => 'Mozilla/5.0 (X11; Ubuntu; Linux x86_64; rv:36.0) Gecko/20100101 Firefox/36.0',
  'content-type' => '',
  'content-length' => '',
)
[ info ] [ PARAM ] array (
)
[ info ] null
---------------------------------------------------------------

[2020-09-15T02:05:08+08:00] 185.100.87.250 GET /
[运行时间：0.004709s] [吞吐率：212.36req/s] [内存消耗：870.38kb] [文件加载：188]
[ info ] [ LANG ] /var/www/mishop/thinkphp/lang/zh-cn.php
[ info ] [ ROUTE ] array (
)
[ info ] [ HEADER ] array (
  'content-type' => '',
  'content-length' => '',
)
[ info ] [ PARAM ] array (
)
[ info ] null
---------------------------------------------------------------

[2020-09-15T02:06:57+08:00] 185.100.87.250 GET 101.132.45.200/nmaplowercheck1600106816
[运行时间：0.003849s] [吞吐率：259.82req/s] [内存消耗：533.98kb] [文件加载：109]
[ info ] [ LANG ] /var/www/mishop/thinkphp/lang/zh-cn.php
---------------------------------------------------------------

[2020-09-15T02:06:58+08:00] 185.100.87.250 GET 101.132.45.200/HNAP1
[运行时间：0.002472s] [吞吐率：404.54req/s] [内存消耗：533.95kb] [文件加载：109]
[ info ] [ LANG ] /var/www/mishop/thinkphp/lang/zh-cn.php
---------------------------------------------------------------

[2020-09-15T02:07:00+08:00] 185.100.87.250 HEAD 101.132.45.200/
[运行时间：0.003660s] [吞吐率：273.23req/s] [内存消耗：871.93kb] [文件加载：188]
[ info ] [ LANG ] /var/www/mishop/thinkphp/lang/zh-cn.php
[ info ] [ ROUTE ] array (
)
[ info ] [ HEADER ] array (
  'user-agent' => 'Mozilla/5.0 (Windows NT 6.3; WOW64; Trident/7.0; MALGJS; rv:11.0) like Gecko',
  'connection' => 'close',
  'host' => '101.132.45.200',
  'content-type' => '',
  'content-length' => '',
)
[ info ] [ PARAM ] array (
)
[ info ] null
---------------------------------------------------------------

[2020-09-15T02:07:02+08:00] 185.100.87.250 GET 101.132.45.200/
[运行时间：0.003353s] [吞吐率：298.25req/s] [内存消耗：872.30kb] [文件加载：188]
[ info ] [ LANG ] /var/www/mishop/thinkphp/lang/zh-cn.php
[ info ] [ ROUTE ] array (
)
[ info ] [ HEADER ] array (
  'user-agent' => 'Mozilla/5.0 (Windows NT 6.3; WOW64; Trident/7.0; MALGJS; rv:11.0) like Gecko',
  'connection' => 'close',
  'host' => '101.132.45.200',
  'content-type' => '',
  'content-length' => '',
)
[ info ] [ PARAM ] array (
)
[ info ] null
---------------------------------------------------------------

[2020-09-15T02:07:02+08:00] 185.100.87.250 GET 101.132.45.200/evox/about
[运行时间：0.002344s] [吞吐率：426.64req/s] [内存消耗：533.96kb] [文件加载：109]
[ info ] [ LANG ] /var/www/mishop/thinkphp/lang/zh-cn.php
---------------------------------------------------------------

[2020-09-15T02:07:02+08:00] 185.100.87.250 GET /
[运行时间：0.003302s] [吞吐率：302.86req/s] [内存消耗：870.38kb] [文件加载：188]
[ info ] [ LANG ] /var/www/mishop/thinkphp/lang/zh-cn.php
[ info ] [ ROUTE ] array (
)
[ info ] [ HEADER ] array (
  'content-type' => '',
  'content-length' => '',
)
[ info ] [ PARAM ] array (
)
[ info ] null
---------------------------------------------------------------

[2020-09-15T02:07:03+08:00] 185.100.87.250 POST 101.132.45.200/sdk
[运行时间：0.002445s] [吞吐率：409.00req/s] [内存消耗：533.70kb] [文件加载：109]
[ info ] [ LANG ] /var/www/mishop/thinkphp/lang/zh-cn.php
---------------------------------------------------------------

[2020-09-15T02:07:03+08:00] 185.100.87.250 GET 101.132.45.200/
[运行时间：0.003689s] [吞吐率：271.09req/s] [内存消耗：871.00kb] [文件加载：188]
[ info ] [ LANG ] /var/www/mishop/thinkphp/lang/zh-cn.php
[ info ] [ ROUTE ] array (
)
[ info ] [ HEADER ] array (
  'host' => '101.132.45.200',
  'content-type' => '',
  'content-length' => '',
)
[ info ] [ PARAM ] array (
)
[ info ] null
---------------------------------------------------------------

[2020-09-15T04:14:35+08:00] 74.120.14.50 GET 101.132.45.200:443/
[运行时间：0.006521s] [吞吐率：153.35req/s] [内存消耗：871.08kb] [文件加载：188]
[ info ] [ LANG ] /var/www/mishop/thinkphp/lang/zh-cn.php
[ info ] [ ROUTE ] array (
)
[ info ] [ HEADER ] array (
  'host' => '101.132.45.200:443',
  'content-type' => '',
  'content-length' => '',
)
[ info ] [ PARAM ] array (
)
[ info ] null
---------------------------------------------------------------

[2020-09-15T04:14:36+08:00] 74.120.14.50 GET 101.132.45.200/
[运行时间：0.003560s] [吞吐率：280.89req/s] [内存消耗：872.79kb] [文件加载：188]
[ info ] [ LANG ] /var/www/mishop/thinkphp/lang/zh-cn.php
[ info ] [ ROUTE ] array (
)
[ info ] [ HEADER ] array (
  'accept-encoding' => 'gzip',
  'accept' => '*/*',
  'user-agent' => 'Mozilla/5.0 (compatible; CensysInspect/1.1; +https://about.censys.io/)',
  'host' => '101.132.45.200',
  'content-type' => '',
  'content-length' => '',
)
[ info ] [ PARAM ] array (
)
[ info ] null
---------------------------------------------------------------

[2020-09-15T04:18:09+08:00] 177.19.149.90 GET 101.132.45.200:443/
[运行时间：0.004330s] [吞吐率：230.95req/s] [内存消耗：872.66kb] [文件加载：188]
[ info ] [ LANG ] /var/www/mishop/thinkphp/lang/zh-cn.php
[ info ] [ ROUTE ] array (
)
[ info ] [ HEADER ] array (
  'accept-encoding' => 'gzip',
  'connection' => 'close',
  'user-agent' => 'Go-http-client/1.1',
  'host' => '101.132.45.200:443',
  'content-type' => '',
  'content-length' => '',
)
[ info ] [ PARAM ] array (
)
[ info ] null
---------------------------------------------------------------

[2020-09-15T05:22:30+08:00] 47.95.28.143 GET /
[运行时间：0.005205s] [吞吐率：192.12req/s] [内存消耗：870.38kb] [文件加载：188]
[ info ] [ LANG ] /var/www/mishop/thinkphp/lang/zh-cn.php
[ info ] [ ROUTE ] array (
)
[ info ] [ HEADER ] array (
  'content-type' => '',
  'content-length' => '',
)
[ info ] [ PARAM ] array (
)
[ info ] null
---------------------------------------------------------------

[2020-09-15T06:29:07+08:00] 156.96.61.142 GET 101.132.45.200:443/
[运行时间：0.004541s] [吞吐率：220.21req/s] [内存消耗：872.65kb] [文件加载：188]
[ info ] [ LANG ] /var/www/mishop/thinkphp/lang/zh-cn.php
[ info ] [ ROUTE ] array (
)
[ info ] [ HEADER ] array (
  'user-agent' => 'libwww-perl/6.47',
  'host' => '101.132.45.200:443',
  'connection' => 'TE, close',
  'te' => 'deflate,gzip;q=0.3',
  'content-type' => '',
  'content-length' => '',
)
[ info ] [ PARAM ] array (
)
[ info ] null
---------------------------------------------------------------

[2020-09-15T07:01:55+08:00] 94.102.51.119 GET 101.132.45.200:443/
[运行时间：0.004968s] [吞吐率：201.28req/s] [内存消耗：875.39kb] [文件加载：188]
[ info ] [ LANG ] /var/www/mishop/thinkphp/lang/zh-cn.php
[ info ] [ ROUTE ] array (
)
[ info ] [ HEADER ] array (
  'upgrade-insecure-requests' => '1',
  'connection' => 'close',
  'accept-encoding' => 'gzip, deflate',
  'accept-language' => 'en-GB,en;q=0.5',
  'accept' => 'text/html,application/xhtml+xml,application/xml;q=0.9,image/webp,*/*;q=0.8',
  'user-agent' => 'Mozilla/5.0 (X11; Ubuntu; Linux x86_64; rv:76.0) Gecko/20100101 Firefox/76.0',
  'host' => '101.132.45.200:443',
  'content-type' => '',
  'content-length' => '',
)
[ info ] [ PARAM ] array (
)
[ info ] null
---------------------------------------------------------------

[2020-09-15T07:05:01+08:00] 103.149.192.211 GET 101.132.45.200/
[运行时间：0.005642s] [吞吐率：177.24req/s] [内存消耗：872.91kb] [文件加载：188]
[ info ] [ LANG ] /var/www/mishop/thinkphp/lang/zh-cn.php
[ info ] [ ROUTE ] array (
)
[ info ] [ HEADER ] array (
  'accept-encoding' => 'gzip',
  'accept' => '*/*',
  'user-agent' => 'Mozilla/5.0 (Windows NT 10.0; Win64; x64) AppleWebKit/537.36 (KHTML, like Gecko) Chrome/79.0.3945.130 Safari/537.36',
  'host' => '101.132.45.200',
  'content-type' => '',
  'content-length' => '',
)
[ info ] [ PARAM ] array (
)
[ info ] null
---------------------------------------------------------------

[2020-09-15T07:17:55+08:00] 120.55.13.109 GET /
[运行时间：0.004647s] [吞吐率：215.19req/s] [内存消耗：870.38kb] [文件加载：188]
[ info ] [ LANG ] /var/www/mishop/thinkphp/lang/zh-cn.php
[ info ] [ ROUTE ] array (
)
[ info ] [ HEADER ] array (
  'content-type' => '',
  'content-length' => '',
)
[ info ] [ PARAM ] array (
)
[ info ] null
---------------------------------------------------------------

[2020-09-15T10:47:50+08:00] 47.93.180.168 GET /
[运行时间：0.004642s] [吞吐率：215.42req/s] [内存消耗：870.38kb] [文件加载：188]
[ info ] [ LANG ] /var/www/mishop/thinkphp/lang/zh-cn.php
[ info ] [ ROUTE ] array (
)
[ info ] [ HEADER ] array (
  'content-type' => '',
  'content-length' => '',
)
[ info ] [ PARAM ] array (
)
[ info ] null
---------------------------------------------------------------

[2020-09-15T11:36:05+08:00] 183.136.225.35 GET shop.holyzq.com/
[运行时间：0.004556s] [吞吐率：219.49req/s] [内存消耗：872.79kb] [文件加载：188]
[ info ] [ LANG ] /var/www/mishop/thinkphp/lang/zh-cn.php
[ info ] [ ROUTE ] array (
)
[ info ] [ HEADER ] array (
  'connection' => 'keep-alive',
  'accept' => '*/*',
  'user-agent' => 'Mozilla/5.0 (Macintosh; Intel Mac OS X 10.11; rv:47.0) Gecko/20100101 Firefox/47.0',
  'host' => 'shop.holyzq.com',
  'content-type' => '',
  'content-length' => '',
)
[ info ] [ PARAM ] array (
)
[ info ] null
---------------------------------------------------------------

[2020-09-15T12:02:32+08:00] 184.105.247.196 GET 101.132.45.200/
[运行时间：0.004313s] [吞吐率：231.86req/s] [内存消耗：871.00kb] [文件加载：188]
[ info ] [ LANG ] /var/www/mishop/thinkphp/lang/zh-cn.php
[ info ] [ ROUTE ] array (
)
[ info ] [ HEADER ] array (
  'host' => '101.132.45.200',
  'content-type' => '',
  'content-length' => '',
)
[ info ] [ PARAM ] array (
)
[ info ] null
---------------------------------------------------------------

[2020-09-15T12:46:14+08:00] 47.101.162.208 GET shop.holyzq.com/
[运行时间：0.004170s] [吞吐率：239.81req/s] [内存消耗：872.80kb] [文件加载：188]
[ info ] [ LANG ] /var/www/mishop/thinkphp/lang/zh-cn.php
[ info ] [ ROUTE ] array (
)
[ info ] [ HEADER ] array (
  'accept-encoding' => 'gzip',
  'connection' => 'Keep-Alive',
  'host' => 'shop.holyzq.com',
  'user-agent' => 'Mozilla/5.0 (Android Mobile Safari) android mobile safari',
  'content-type' => '',
  'content-length' => '',
)
[ info ] [ PARAM ] array (
)
[ info ] null
---------------------------------------------------------------

[2020-09-15T12:58:55+08:00] 47.93.180.168 GET /
[运行时间：0.004690s] [吞吐率：213.22req/s] [内存消耗：870.38kb] [文件加载：188]
[ info ] [ LANG ] /var/www/mishop/thinkphp/lang/zh-cn.php
[ info ] [ ROUTE ] array (
)
[ info ] [ HEADER ] array (
  'content-type' => '',
  'content-length' => '',
)
[ info ] [ PARAM ] array (
)
[ info ] null
---------------------------------------------------------------

[2020-09-15T13:54:00+08:00] 167.248.133.52 GET 101.132.45.200:443/
[运行时间：0.004867s] [吞吐率：205.47req/s] [内存消耗：871.08kb] [文件加载：188]
[ info ] [ LANG ] /var/www/mishop/thinkphp/lang/zh-cn.php
[ info ] [ ROUTE ] array (
)
[ info ] [ HEADER ] array (
  'host' => '101.132.45.200:443',
  'content-type' => '',
  'content-length' => '',
)
[ info ] [ PARAM ] array (
)
[ info ] null
---------------------------------------------------------------

[2020-09-15T13:54:02+08:00] 167.248.133.52 GET 101.132.45.200/
[运行时间：0.003771s] [吞吐率：265.18req/s] [内存消耗：872.79kb] [文件加载：188]
[ info ] [ LANG ] /var/www/mishop/thinkphp/lang/zh-cn.php
[ info ] [ ROUTE ] array (
)
[ info ] [ HEADER ] array (
  'accept-encoding' => 'gzip',
  'accept' => '*/*',
  'user-agent' => 'Mozilla/5.0 (compatible; CensysInspect/1.1; +https://about.censys.io/)',
  'host' => '101.132.45.200',
  'content-type' => '',
  'content-length' => '',
)
[ info ] [ PARAM ] array (
)
[ info ] null
---------------------------------------------------------------

[2020-09-15T16:46:13+08:00] 36.78.202.139 GET 101.132.45.200/.env
[运行时间：0.003609s] [吞吐率：277.09req/s] [内存消耗：533.95kb] [文件加载：109]
[ info ] [ LANG ] /var/www/mishop/thinkphp/lang/zh-cn.php
---------------------------------------------------------------

[2020-09-15T16:46:15+08:00] 36.78.202.139 POST 101.132.45.200/
[运行时间：0.003894s] [吞吐率：256.82req/s] [内存消耗：873.26kb] [文件加载：188]
[ info ] [ LANG ] /var/www/mishop/thinkphp/lang/zh-cn.php
[ info ] [ ROUTE ] array (
)
[ info ] [ HEADER ] array (
  'content-type' => 'application/x-www-form-urlencoded',
  'content-length' => '20',
  'user-agent' => 'Mozilla/5.0 (X11; Linux x86_64) AppleWebKit/537.36 (KHTML, like Gecko) Chrome/81.0.4044.129 Safari/537.36',
  'accept' => '*/*',
  'accept-encoding' => 'gzip, deflate',
  'connection' => 'keep-alive',
  'host' => '101.132.45.200',
)
[ info ] [ PARAM ] array (
  '0x' => 
  array (
    0 => 'androxgh0st',
  ),
)
[ info ] null
---------------------------------------------------------------

[2020-09-15T18:39:50+08:00] 74.120.14.33 GET 101.132.45.200:443/
[运行时间：0.004467s] [吞吐率：223.86req/s] [内存消耗：871.08kb] [文件加载：188]
[ info ] [ LANG ] /var/www/mishop/thinkphp/lang/zh-cn.php
[ info ] [ ROUTE ] array (
)
[ info ] [ HEADER ] array (
  'host' => '101.132.45.200:443',
  'content-type' => '',
  'content-length' => '',
)
[ info ] [ PARAM ] array (
)
[ info ] null
---------------------------------------------------------------

[2020-09-15T18:39:51+08:00] 74.120.14.33 GET 101.132.45.200/
[运行时间：0.003313s] [吞吐率：301.84req/s] [内存消耗：872.79kb] [文件加载：188]
[ info ] [ LANG ] /var/www/mishop/thinkphp/lang/zh-cn.php
[ info ] [ ROUTE ] array (
)
[ info ] [ HEADER ] array (
  'accept-encoding' => 'gzip',
  'accept' => '*/*',
  'user-agent' => 'Mozilla/5.0 (compatible; CensysInspect/1.1; +https://about.censys.io/)',
  'host' => '101.132.45.200',
  'content-type' => '',
  'content-length' => '',
)
[ info ] [ PARAM ] array (
)
[ info ] null
---------------------------------------------------------------

[2020-09-15T18:59:16+08:00] 95.96.158.132 GET 101.132.45.200/cloud-app/include/css/uncall.css
[运行时间：0.002866s] [吞吐率：348.91req/s] [内存消耗：533.98kb] [文件加载：109]
[ info ] [ LANG ] /var/www/mishop/thinkphp/lang/zh-cn.php
---------------------------------------------------------------

[2020-09-15T18:59:16+08:00] 95.96.158.132 GET 101.132.45.200/app/common.js?version=2.4.43&build=1563436823
[运行时间：0.002136s] [吞吐率：468.17req/s] [内存消耗：533.96kb] [文件加载：109]
[ info ] [ LANG ] /var/www/mishop/thinkphp/lang/zh-cn.php
---------------------------------------------------------------

[2020-09-15T19:40:00+08:00] 185.142.236.40 GET 101.132.45.200/
[运行时间：0.004365s] [吞吐率：229.10req/s] [内存消耗：872.98kb] [文件加载：188]
[ info ] [ LANG ] /var/www/mishop/thinkphp/lang/zh-cn.php
[ info ] [ ROUTE ] array (
)
[ info ] [ HEADER ] array (
  'user-agent' => 'Mozilla/5.0 (X11; Linux x86_64) AppleWebKit/537.36 (KHTML, like Gecko) Chrome/34.0.1847.137 Safari/537.36',
  'accept' => 'text/html,application/xhtml+xml,application/xml;q=0.9,*/*;q=0.8',
  'host' => '101.132.45.200',
  'accept-encoding' => 'identity',
  'content-type' => '',
  'content-length' => '',
)
[ info ] [ PARAM ] array (
)
[ info ] null
---------------------------------------------------------------

[2020-09-15T19:40:38+08:00] 185.142.236.40 GET 101.132.45.200/sitemap.xml
[运行时间：0.003059s] [吞吐率：326.91req/s] [内存消耗：533.96kb] [文件加载：109]
[ info ] [ LANG ] /var/www/mishop/thinkphp/lang/zh-cn.php
---------------------------------------------------------------

[2020-09-15T19:40:42+08:00] 185.142.236.40 GET 101.132.45.200/.well-known/security.txt
[运行时间：0.002860s] [吞吐率：349.64req/s] [内存消耗：533.98kb] [文件加载：109]
[ info ] [ LANG ] /var/www/mishop/thinkphp/lang/zh-cn.php
---------------------------------------------------------------

[2020-09-15T21:35:42+08:00] 36.78.202.139 GET 101.132.45.200/.env
[运行时间：0.003187s] [吞吐率：313.78req/s] [内存消耗：533.95kb] [文件加载：109]
[ info ] [ LANG ] /var/www/mishop/thinkphp/lang/zh-cn.php
---------------------------------------------------------------

[2020-09-15T21:35:44+08:00] 36.78.202.139 POST 101.132.45.200/
[运行时间：0.003699s] [吞吐率：270.34req/s] [内存消耗：873.26kb] [文件加载：188]
[ info ] [ LANG ] /var/www/mishop/thinkphp/lang/zh-cn.php
[ info ] [ ROUTE ] array (
)
[ info ] [ HEADER ] array (
  'content-type' => 'application/x-www-form-urlencoded',
  'content-length' => '20',
  'user-agent' => 'Mozilla/5.0 (X11; Linux x86_64) AppleWebKit/537.36 (KHTML, like Gecko) Chrome/81.0.4044.129 Safari/537.36',
  'accept' => '*/*',
  'accept-encoding' => 'gzip, deflate',
  'connection' => 'keep-alive',
  'host' => '101.132.45.200',
)
[ info ] [ PARAM ] array (
  '0x' => 
  array (
    0 => 'androxgh0st',
  ),
)
[ info ] null
---------------------------------------------------------------

[2020-09-15T23:02:05+08:00] 192.241.234.139 GET 101.132.45.200/owa/auth/logon.aspx?url=https%3a%2f%2f1%2fecp%2f
[运行时间：0.003652s] [吞吐率：273.83req/s] [内存消耗：533.97kb] [文件加载：109]
[ info ] [ LANG ] /var/www/mishop/thinkphp/lang/zh-cn.php
---------------------------------------------------------------

[2020-09-15T23:52:14+08:00] 47.101.200.43 GET mishop.holyzq.com/
[运行时间：0.004678s] [吞吐率：213.78req/s] [内存消耗：872.80kb] [文件加载：188]
[ info ] [ LANG ] /var/www/mishop/thinkphp/lang/zh-cn.php
[ info ] [ ROUTE ] array (
)
[ info ] [ HEADER ] array (
  'accept-encoding' => 'gzip',
  'connection' => 'Keep-Alive',
  'host' => 'mishop.holyzq.com',
  'user-agent' => 'Mozilla/5.0 (X11; Ubuntu; Linux x86_64; rv:36.0) Gecko/20100101 Firefox/36.0',
  'content-type' => '',
  'content-length' => '',
)
[ info ] [ PARAM ] array (
)
[ info ] null
