---------------------------------------------------------------

[2020-09-28T01:42:45+08:00] 195.91.152.242 GET 101.132.45.200:443/
[运行时间：0.004573s] [吞吐率：218.67req/s] [内存消耗：872.66kb] [文件加载：188]
[ info ] [ LANG ] /var/www/mishop/thinkphp/lang/zh-cn.php
[ info ] [ ROUTE ] array (
)
[ info ] [ HEADER ] array (
  'accept-encoding' => 'gzip',
  'connection' => 'close',
  'user-agent' => 'Go-http-client/1.1',
  'host' => '101.132.45.200:443',
  'content-type' => '',
  'content-length' => '',
)
[ info ] [ PARAM ] array (
)
[ info ] null
---------------------------------------------------------------

[2020-09-28T02:58:18+08:00] 88.18.162.144 GET 101.132.45.200/
[运行时间：0.004445s] [吞吐率：224.97req/s] [内存消耗：872.57kb] [文件加载：188]
[ info ] [ LANG ] /var/www/mishop/thinkphp/lang/zh-cn.php
[ info ] [ ROUTE ] array (
)
[ info ] [ HEADER ] array (
  'accept-encoding' => 'gzip',
  'accept' => '*/*',
  'user-agent' => 'Mozilla/5.0 zgrab/0.x',
  'host' => '101.132.45.200',
  'content-type' => '',
  'content-length' => '',
)
[ info ] [ PARAM ] array (
)
[ info ] null
---------------------------------------------------------------

[2020-09-28T03:08:30+08:00] 198.251.72.217 GET 101.132.45.200/.env
[运行时间：0.003250s] [吞吐率：307.70req/s] [内存消耗：533.95kb] [文件加载：109]
[ info ] [ LANG ] /var/www/mishop/thinkphp/lang/zh-cn.php
---------------------------------------------------------------

[2020-09-28T03:08:31+08:00] 198.251.72.217 POST 101.132.45.200/
[运行时间：0.003853s] [吞吐率：259.53req/s] [内存消耗：873.26kb] [文件加载：188]
[ info ] [ LANG ] /var/www/mishop/thinkphp/lang/zh-cn.php
[ info ] [ ROUTE ] array (
)
[ info ] [ HEADER ] array (
  'content-type' => 'application/x-www-form-urlencoded',
  'content-length' => '20',
  'user-agent' => 'Mozilla/5.0 (X11; Linux x86_64) AppleWebKit/537.36 (KHTML, like Gecko) Chrome/81.0.4044.129 Safari/537.36',
  'accept' => '*/*',
  'accept-encoding' => 'gzip, deflate',
  'connection' => 'keep-alive',
  'host' => '101.132.45.200',
)
[ info ] [ PARAM ] array (
  '0x' => 
  array (
    0 => 'androxgh0st',
  ),
)
[ info ] null
---------------------------------------------------------------

[2020-09-28T03:25:19+08:00] 74.120.14.49 GET 101.132.45.200:443/
[运行时间：0.006937s] [吞吐率：144.15req/s] [内存消耗：871.08kb] [文件加载：188]
[ info ] [ LANG ] /var/www/mishop/thinkphp/lang/zh-cn.php
[ info ] [ ROUTE ] array (
)
[ info ] [ HEADER ] array (
  'host' => '101.132.45.200:443',
  'content-type' => '',
  'content-length' => '',
)
[ info ] [ PARAM ] array (
)
[ info ] null
---------------------------------------------------------------

[2020-09-28T03:25:19+08:00] 74.120.14.49 GET 101.132.45.200/
[运行时间：0.003288s] [吞吐率：304.13req/s] [内存消耗：872.79kb] [文件加载：188]
[ info ] [ LANG ] /var/www/mishop/thinkphp/lang/zh-cn.php
[ info ] [ ROUTE ] array (
)
[ info ] [ HEADER ] array (
  'accept-encoding' => 'gzip',
  'accept' => '*/*',
  'user-agent' => 'Mozilla/5.0 (compatible; CensysInspect/1.1; +https://about.censys.io/)',
  'host' => '101.132.45.200',
  'content-type' => '',
  'content-length' => '',
)
[ info ] [ PARAM ] array (
)
[ info ] null
---------------------------------------------------------------

[2020-09-28T03:56:25+08:00] 104.168.135.2 GET 101.132.45.200/
[运行时间：0.004403s] [吞吐率：227.11req/s] [内存消耗：873.42kb] [文件加载：188]
[ info ] [ LANG ] /var/www/mishop/thinkphp/lang/zh-cn.php
[ info ] [ ROUTE ] array (
)
[ info ] [ HEADER ] array (
  'connection' => 'Keep-Alive',
  'host' => '101.132.45.200',
  'accept-encoding' => 'identity',
  'accept' => '*/*',
  'user-agent' => 'Mozilla/5.0 (Windows NT; FreeBSD; Debian; Android) Gecko/20170101 Firefox Chrome Safaria',
  'content-type' => '',
  'content-length' => '',
)
[ info ] [ PARAM ] array (
)
[ info ] null
---------------------------------------------------------------

[2020-09-28T10:29:41+08:00] 119.23.138.247 GET /
[运行时间：0.005027s] [吞吐率：198.92req/s] [内存消耗：870.38kb] [文件加载：188]
[ info ] [ LANG ] /var/www/mishop/thinkphp/lang/zh-cn.php
[ info ] [ ROUTE ] array (
)
[ info ] [ HEADER ] array (
  'content-type' => '',
  'content-length' => '',
)
[ info ] [ PARAM ] array (
)
[ info ] null
---------------------------------------------------------------

[2020-09-28T11:47:20+08:00] 47.94.52.138 GET /
[运行时间：0.004392s] [吞吐率：227.68req/s] [内存消耗：870.38kb] [文件加载：188]
[ info ] [ LANG ] /var/www/mishop/thinkphp/lang/zh-cn.php
[ info ] [ ROUTE ] array (
)
[ info ] [ HEADER ] array (
  'content-type' => '',
  'content-length' => '',
)
[ info ] [ PARAM ] array (
)
[ info ] null
---------------------------------------------------------------

[2020-09-28T12:25:21+08:00] 193.118.53.202 GET 101.132.45.200/
[运行时间：0.005154s] [吞吐率：194.03req/s] [内存消耗：872.91kb] [文件加载：188]
[ info ] [ LANG ] /var/www/mishop/thinkphp/lang/zh-cn.php
[ info ] [ ROUTE ] array (
)
[ info ] [ HEADER ] array (
  'accept-encoding' => 'gzip',
  'accept' => '*/*',
  'user-agent' => 'Mozilla/5.0 (Windows NT 10.0; Win64; x64) AppleWebKit/537.36 (KHTML, like Gecko) Chrome/60.0.3112.113 Safari/537.36',
  'host' => '101.132.45.200',
  'content-type' => '',
  'content-length' => '',
)
[ info ] [ PARAM ] array (
)
[ info ] null
---------------------------------------------------------------

[2020-09-28T12:45:16+08:00] 192.241.235.46 GET 101.132.45.200/
[运行时间：0.004316s] [吞吐率：231.69req/s] [内存消耗：872.57kb] [文件加载：188]
[ info ] [ LANG ] /var/www/mishop/thinkphp/lang/zh-cn.php
[ info ] [ ROUTE ] array (
)
[ info ] [ HEADER ] array (
  'accept-encoding' => 'gzip',
  'accept' => '*/*',
  'user-agent' => 'Mozilla/5.0 zgrab/0.x',
  'host' => '101.132.45.200',
  'content-type' => '',
  'content-length' => '',
)
[ info ] [ PARAM ] array (
)
[ info ] null
---------------------------------------------------------------

[2020-09-28T13:37:46+08:00] 106.14.220.45 GET 101.132.45.200/
[运行时间：0.004649s] [吞吐率：215.10req/s] [内存消耗：872.74kb] [文件加载：188]
[ info ] [ LANG ] /var/www/mishop/thinkphp/lang/zh-cn.php
[ info ] [ ROUTE ] array (
)
[ info ] [ HEADER ] array (
  'accept-encoding' => 'gzip',
  'connection' => 'Keep-Alive',
  'host' => '101.132.45.200',
  'user-agent' => 'Mozilla/5.0 (Linux/Android/android/iphone;)',
  'content-type' => '',
  'content-length' => '',
)
[ info ] [ PARAM ] array (
)
[ info ] null
---------------------------------------------------------------

[2020-09-28T14:47:50+08:00] 203.208.60.70 GET www.techbimu.com/.well-known/assetlinks.json
[运行时间：0.003236s] [吞吐率：309.02req/s] [内存消耗：533.97kb] [文件加载：109]
[ info ] [ LANG ] /var/www/mishop/thinkphp/lang/zh-cn.php
---------------------------------------------------------------

[2020-09-28T18:14:32+08:00] 47.110.180.60 GET 101.132.45.200/index.php/?s=/index/%5Cthink%5Capp/invokefunction&function=call_user_func&vars[0]=md5&vars[1]=3.14
[运行时间：0.003370s] [吞吐率：296.73req/s] [内存消耗：531.89kb] [文件加载：108]
[ info ] [ LANG ] /var/www/mishop/thinkphp/lang/zh-cn.php
---------------------------------------------------------------

[2020-09-28T18:14:32+08:00] 47.110.180.60 GET 101.132.45.200/index.php/?s=/user/%5Cthink%5Capp/invokefunction&function=call_user_func&vars[0]=md5&vars[1]=3.14
[运行时间：0.002403s] [吞吐率：416.14req/s] [内存消耗：531.89kb] [文件加载：108]
[ info ] [ LANG ] /var/www/mishop/thinkphp/lang/zh-cn.php
---------------------------------------------------------------

[2020-09-28T18:14:32+08:00] 47.110.180.60 GET 101.132.45.200/index.php/?s=/admin/%5Cthink%5Capp/invokefunction&function=call_user_func&vars[0]=md5&vars[1]=3.14
[运行时间：0.002257s] [吞吐率：443.09req/s] [内存消耗：531.89kb] [文件加载：108]
[ info ] [ LANG ] /var/www/mishop/thinkphp/lang/zh-cn.php
---------------------------------------------------------------

[2020-09-28T18:14:32+08:00] 47.110.180.60 GET 101.132.45.200/index.php/?s=/install/%5Cthink%5Capp/invokefunction&function=call_user_func&vars[0]=md5&vars[1]=3.14
[运行时间：0.002220s] [吞吐率：450.42req/s] [内存消耗：531.90kb] [文件加载：108]
[ info ] [ LANG ] /var/www/mishop/thinkphp/lang/zh-cn.php
---------------------------------------------------------------

[2020-09-28T18:21:06+08:00] 47.110.180.42 POST 101.132.45.200/
[运行时间：0.004458s] [吞吐率：224.32req/s] [内存消耗：874.65kb] [文件加载：188]
[ info ] [ LANG ] /var/www/mishop/thinkphp/lang/zh-cn.php
[ info ] [ ROUTE ] array (
)
[ info ] [ HEADER ] array (
  'content-length' => '79',
  'content-type' => 'application/x-www-form-urlencoded',
  'accept-language' => 'zh-CN,zh;q=0.8',
  'connection' => 'keep-alive',
  'accept' => '*/*',
  'accept-encoding' => 'gzip, deflate',
  'user-agent' => 'Mozilla/5.0 (Windows NT 10.0; Win64; x64) AppleWebKit/537.36 (KHTML, like Gecko) Chrome/66.6.2333.33 Safari/537.36 AliyunTaiShiGanZhi https://www.aliyun.com/product/sas',
  'host' => '101.132.45.200',
)
[ info ] [ PARAM ] array (
  's' => 'c4ca4238a0b923820dcc509a6f75849b',
  'filter' => 
  array (
    0 => 'print_r',
  ),
  'method' => '',
)
[ info ] null
---------------------------------------------------------------

[2020-09-28T18:21:06+08:00] 47.110.180.42 POST 101.132.45.200/index.php?s=captcha
[运行时间：0.002616s] [吞吐率：382.27req/s] [内存消耗：533.29kb] [文件加载：109]
[ info ] [ LANG ] /var/www/mishop/thinkphp/lang/zh-cn.php
---------------------------------------------------------------

[2020-09-28T18:21:06+08:00] 47.110.180.42 POST 101.132.45.200/
[运行时间：0.003068s] [吞吐率：325.95req/s] [内存消耗：875.70kb] [文件加载：188]
[ info ] [ LANG ] /var/www/mishop/thinkphp/lang/zh-cn.php
[ info ] [ ROUTE ] array (
)
[ info ] [ HEADER ] array (
  'content-length' => '61',
  'cookie' => 'PHPSESSID=6tnousaui1odjsotleakunsv26',
  'content-type' => 'application/x-www-form-urlencoded',
  'accept-language' => 'zh-CN,zh;q=0.8',
  'connection' => 'keep-alive',
  'accept' => '*/*',
  'accept-encoding' => 'gzip, deflate',
  'user-agent' => 'Mozilla/5.0 (Windows NT 10.0; Win64; x64) AppleWebKit/537.36 (KHTML, like Gecko) Chrome/66.6.2333.33 Safari/537.36 AliyunTaiShiGanZhi https://www.aliyun.com/product/sas',
  'host' => '101.132.45.200',
)
[ info ] [ PARAM ] array (
  'c' => 'print_r',
  'f' => 'c4ca4238a0b923820dcc509a6f75849b',
)
[ info ] null
---------------------------------------------------------------

[2020-09-28T19:41:17+08:00] 47.101.139.112 GET www.techbimu.com/
[运行时间：0.004925s] [吞吐率：203.05req/s] [内存消耗：872.80kb] [文件加载：188]
[ info ] [ LANG ] /var/www/mishop/thinkphp/lang/zh-cn.php
[ info ] [ ROUTE ] array (
)
[ info ] [ HEADER ] array (
  'accept-encoding' => 'gzip',
  'connection' => 'Keep-Alive',
  'host' => 'www.techbimu.com',
  'user-agent' => 'Mozilla/5.0 firefox(windows nt/Windows NT;)Firefox',
  'content-type' => '',
  'content-length' => '',
)
[ info ] [ PARAM ] array (
)
[ info ] null
---------------------------------------------------------------

[2020-09-28T22:33:08+08:00] 47.101.201.149 GET mishop.holyzq.com/
[运行时间：0.004490s] [吞吐率：222.71req/s] [内存消耗：872.80kb] [文件加载：188]
[ info ] [ LANG ] /var/www/mishop/thinkphp/lang/zh-cn.php
[ info ] [ ROUTE ] array (
)
[ info ] [ HEADER ] array (
  'accept-encoding' => 'gzip',
  'connection' => 'Keep-Alive',
  'host' => 'mishop.holyzq.com',
  'user-agent' => 'Mozilla/5.0 (X11; Ubuntu; Linux x86_64; rv:36.0) Gecko/20100101 Firefox/36.0',
  'content-type' => '',
  'content-length' => '',
)
[ info ] [ PARAM ] array (
)
[ info ] null
---------------------------------------------------------------

[2020-09-28T23:57:05+08:00] 162.243.128.96 GET 101.132.45.200/owa/auth/logon.aspx?url=https%3a%2f%2f1%2fecp%2f
[运行时间：0.003500s] [吞吐率：285.72req/s] [内存消耗：533.97kb] [文件加载：109]
[ info ] [ LANG ] /var/www/mishop/thinkphp/lang/zh-cn.php
