---------------------------------------------------------------

[2020-09-29T00:58:21+08:00] 83.97.20.30 GET 101.132.45.200/
[运行时间：0.004459s] [吞吐率：224.26req/s] [内存消耗：871.50kb] [文件加载：188]
[ info ] [ LANG ] /var/www/mishop/thinkphp/lang/zh-cn.php
[ info ] [ ROUTE ] array (
)
[ info ] [ HEADER ] array (
  'connection' => 'close',
  'host' => '101.132.45.200',
  'content-type' => '',
  'content-length' => '',
)
[ info ] [ PARAM ] array (
)
[ info ] null
---------------------------------------------------------------

[2020-09-29T06:38:19+08:00] 47.110.180.56 GET 101.132.45.200/index.php?-d+allow_url_include%3Don+-d+safe_mode%3Doff+-d+suhosin.simulation%3Don+-d+disable_functions%3D%22%22+-d+open_basedir%3Dnone+-d+auto_prepend_file%3Dphp%3A%2F%2Finput+-d+cgi.force_redirect%3D0+-d+cgi.redirect_status_env%3D0+-n
[运行时间：0.004603s] [吞吐率：217.25req/s] [内存消耗：876.22kb] [文件加载：188]
[ info ] [ LANG ] /var/www/mishop/thinkphp/lang/zh-cn.php
[ info ] [ ROUTE ] array (
)
[ info ] [ HEADER ] array (
  'accept-language' => 'zh-CN,zh;q=0.8',
  'connection' => 'keep-alive',
  'accept' => '*/*',
  'accept-encoding' => 'gzip, deflate',
  'user-agent' => 'Mozilla/5.0 (Windows NT 10.0; Win64; x64) AppleWebKit/537.36 (KHTML, like Gecko) Chrome/66.6.2333.33 Safari/537.36 AliyunTaiShiGanZhi https://www.aliyun.com/product/sas',
  'host' => '101.132.45.200',
  'content-type' => '',
  'content-length' => '',
)
[ info ] [ PARAM ] array (
  '-d_allow_url_include=on_-d_safe_mode=off_-d_suhosin_simulation=on_-d_disable_functions=""_-d_open_basedir=none_-d_auto_prepend_file=php://input_-d_cgi_force_redirect=0_-d_cgi_redirect_status_env=0_-n' => '',
)
[ info ] null
---------------------------------------------------------------

[2020-09-29T06:38:20+08:00] 47.110.180.56 POST 101.132.45.200/index.php?-d+allow_url_include%3Don+-d+safe_mode%3Doff+-d+suhosin.simulation%3Don+-d+disable_functions%3D%22%22+-d+open_basedir%3Dnone+-d+auto_prepend_file%3Dphp%3A%2F%2Finput+-d+cgi.force_redirect%3D0+-d+cgi.redirect_status_env%3D0+-n
[运行时间：0.003384s] [吞吐率：295.52req/s] [内存消耗：876.16kb] [文件加载：188]
[ info ] [ LANG ] /var/www/mishop/thinkphp/lang/zh-cn.php
[ info ] [ ROUTE ] array (
)
[ info ] [ HEADER ] array (
  'content-length' => '18',
  'cookie' => 'PHPSESSID=1bnd32vnlqfgcgk6o9atlh5lsq',
  'accept-language' => 'zh-CN,zh;q=0.8',
  'connection' => 'keep-alive',
  'accept' => '*/*',
  'accept-encoding' => 'gzip, deflate',
  'user-agent' => 'Mozilla/5.0 (Windows NT 10.0; Win64; x64) AppleWebKit/537.36 (KHTML, like Gecko) Chrome/66.6.2333.33 Safari/537.36 AliyunTaiShiGanZhi https://www.aliyun.com/product/sas',
  'host' => '101.132.45.200',
  'content-type' => '',
)
[ info ] [ PARAM ] array (
  '-d_allow_url_include=on_-d_safe_mode=off_-d_suhosin_simulation=on_-d_disable_functions=""_-d_open_basedir=none_-d_auto_prepend_file=php://input_-d_cgi_force_redirect=0_-d_cgi_redirect_status_env=0_-n' => '',
)
[ info ] null
---------------------------------------------------------------

[2020-09-29T06:38:20+08:00] 47.110.180.56 GET 101.132.45.200/cgi-bin/php?-d+allow_url_include%3Don+-d+safe_mode%3Doff+-d+suhosin.simulation%3Don+-d+disable_functions%3D%22%22+-d+open_basedir%3Dnone+-d+auto_prepend_file%3Dphp%3A%2F%2Finput+-d+cgi.force_redirect%3D0+-d+cgi.redirect_status_env%3D0+-n
[运行时间：0.002534s] [吞吐率：394.61req/s] [内存消耗：533.96kb] [文件加载：109]
[ info ] [ LANG ] /var/www/mishop/thinkphp/lang/zh-cn.php
---------------------------------------------------------------

[2020-09-29T06:38:20+08:00] 47.110.180.56 POST 101.132.45.200/cgi-bin/php?-d+allow_url_include%3Don+-d+safe_mode%3Doff+-d+suhosin.simulation%3Don+-d+disable_functions%3D%22%22+-d+open_basedir%3Dnone+-d+auto_prepend_file%3Dphp%3A%2F%2Finput+-d+cgi.force_redirect%3D0+-d+cgi.redirect_status_env%3D0+-n
[运行时间：0.002558s] [吞吐率：390.93req/s] [内存消耗：532.80kb] [文件加载：109]
[ info ] [ LANG ] /var/www/mishop/thinkphp/lang/zh-cn.php
---------------------------------------------------------------

[2020-09-29T06:38:20+08:00] 47.110.180.56 GET 101.132.45.200/cgi-bin/php5?-d+allow_url_include%3Don+-d+safe_mode%3Doff+-d+suhosin.simulation%3Don+-d+disable_functions%3D%22%22+-d+open_basedir%3Dnone+-d+auto_prepend_file%3Dphp%3A%2F%2Finput+-d+cgi.force_redirect%3D0+-d+cgi.redirect_status_env%3D0+-n
[运行时间：0.002452s] [吞吐率：407.81req/s] [内存消耗：533.96kb] [文件加载：109]
[ info ] [ LANG ] /var/www/mishop/thinkphp/lang/zh-cn.php
---------------------------------------------------------------

[2020-09-29T06:38:20+08:00] 47.110.180.56 POST 101.132.45.200/cgi-bin/php5?-d+allow_url_include%3Don+-d+safe_mode%3Doff+-d+suhosin.simulation%3Don+-d+disable_functions%3D%22%22+-d+open_basedir%3Dnone+-d+auto_prepend_file%3Dphp%3A%2F%2Finput+-d+cgi.force_redirect%3D0+-d+cgi.redirect_status_env%3D0+-n
[运行时间：0.002314s] [吞吐率：432.14req/s] [内存消耗：532.80kb] [文件加载：109]
[ info ] [ LANG ] /var/www/mishop/thinkphp/lang/zh-cn.php
---------------------------------------------------------------

[2020-09-29T06:38:20+08:00] 47.110.180.56 GET 101.132.45.200/cgi-bin/php-cgi?-d+allow_url_include%3Don+-d+safe_mode%3Doff+-d+suhosin.simulation%3Don+-d+disable_functions%3D%22%22+-d+open_basedir%3Dnone+-d+auto_prepend_file%3Dphp%3A%2F%2Finput+-d+cgi.force_redirect%3D0+-d+cgi.redirect_status_env%3D0+-n
[运行时间：0.002409s] [吞吐率：415.11req/s] [内存消耗：531.88kb] [文件加载：108]
[ info ] [ LANG ] /var/www/mishop/thinkphp/lang/zh-cn.php
---------------------------------------------------------------

[2020-09-29T06:38:20+08:00] 47.110.180.56 POST 101.132.45.200/cgi-bin/php-cgi?-d+allow_url_include%3Don+-d+safe_mode%3Doff+-d+suhosin.simulation%3Don+-d+disable_functions%3D%22%22+-d+open_basedir%3Dnone+-d+auto_prepend_file%3Dphp%3A%2F%2Finput+-d+cgi.force_redirect%3D0+-d+cgi.redirect_status_env%3D0+-n
[运行时间：0.002316s] [吞吐率：431.78req/s] [内存消耗：530.72kb] [文件加载：108]
[ info ] [ LANG ] /var/www/mishop/thinkphp/lang/zh-cn.php
---------------------------------------------------------------

[2020-09-29T06:38:20+08:00] 47.110.180.56 GET 101.132.45.200/cgi-bin/php.cgi?-d+allow_url_include%3Don+-d+safe_mode%3Doff+-d+suhosin.simulation%3Don+-d+disable_functions%3D%22%22+-d+open_basedir%3Dnone+-d+auto_prepend_file%3Dphp%3A%2F%2Finput+-d+cgi.force_redirect%3D0+-d+cgi.redirect_status_env%3D0+-n
[运行时间：0.002368s] [吞吐率：422.30req/s] [内存消耗：533.96kb] [文件加载：109]
[ info ] [ LANG ] /var/www/mishop/thinkphp/lang/zh-cn.php
---------------------------------------------------------------

[2020-09-29T06:38:20+08:00] 47.110.180.56 POST 101.132.45.200/cgi-bin/php.cgi?-d+allow_url_include%3Don+-d+safe_mode%3Doff+-d+suhosin.simulation%3Don+-d+disable_functions%3D%22%22+-d+open_basedir%3Dnone+-d+auto_prepend_file%3Dphp%3A%2F%2Finput+-d+cgi.force_redirect%3D0+-d+cgi.redirect_status_env%3D0+-n
[运行时间：0.002344s] [吞吐率：426.60req/s] [内存消耗：532.80kb] [文件加载：109]
[ info ] [ LANG ] /var/www/mishop/thinkphp/lang/zh-cn.php
---------------------------------------------------------------

[2020-09-29T06:38:20+08:00] 47.110.180.56 GET 101.132.45.200/cgi-bin/php4?-d+allow_url_include%3Don+-d+safe_mode%3Doff+-d+suhosin.simulation%3Don+-d+disable_functions%3D%22%22+-d+open_basedir%3Dnone+-d+auto_prepend_file%3Dphp%3A%2F%2Finput+-d+cgi.force_redirect%3D0+-d+cgi.redirect_status_env%3D0+-n
[运行时间：0.002464s] [吞吐率：405.87req/s] [内存消耗：533.96kb] [文件加载：109]
[ info ] [ LANG ] /var/www/mishop/thinkphp/lang/zh-cn.php
---------------------------------------------------------------

[2020-09-29T06:38:20+08:00] 47.110.180.56 POST 101.132.45.200/cgi-bin/php4?-d+allow_url_include%3Don+-d+safe_mode%3Doff+-d+suhosin.simulation%3Don+-d+disable_functions%3D%22%22+-d+open_basedir%3Dnone+-d+auto_prepend_file%3Dphp%3A%2F%2Finput+-d+cgi.force_redirect%3D0+-d+cgi.redirect_status_env%3D0+-n
[运行时间：0.002501s] [吞吐率：399.84req/s] [内存消耗：532.80kb] [文件加载：109]
[ info ] [ LANG ] /var/www/mishop/thinkphp/lang/zh-cn.php
---------------------------------------------------------------

[2020-09-29T07:21:47+08:00] 101.251.238.50 GET 101.132.45.200:443/
[运行时间：0.004650s] [吞吐率：215.05req/s] [内存消耗：873.72kb] [文件加载：188]
[ info ] [ LANG ] /var/www/mishop/thinkphp/lang/zh-cn.php
[ info ] [ ROUTE ] array (
)
[ info ] [ HEADER ] array (
  'accept' => 'application/json, text/plain, */*',
  'accept-charset' => 'GBK,utf-8;q=0.7,*;q=0.3',
  'accept-language' => 'zh-CN,zh;q=0.8,en-US;q=0.5,en;q=0.3',
  'user-agent' => 'Mozilla/5.0 (Windows NT 10.0; Win64; x64; rv:79.0) Gecko/20100101 Firefox/79.0',
  'host' => '101.132.45.200:443',
  'content-type' => '',
  'content-length' => '',
)
[ info ] [ PARAM ] array (
)
[ info ] null
---------------------------------------------------------------

[2020-09-29T08:00:04+08:00] 172.105.89.161 POST 101.132.45.200/ajax
[运行时间：0.003312s] [吞吐率：301.92req/s] [内存消耗：532.92kb] [文件加载：109]
[ info ] [ LANG ] /var/www/mishop/thinkphp/lang/zh-cn.php
---------------------------------------------------------------

[2020-09-29T08:36:36+08:00] 203.208.60.13 GET www.techbimu.com/.well-known/assetlinks.json
[运行时间：0.003318s] [吞吐率：301.38req/s] [内存消耗：533.97kb] [文件加载：109]
[ info ] [ LANG ] /var/www/mishop/thinkphp/lang/zh-cn.php
---------------------------------------------------------------

[2020-09-29T09:54:47+08:00] 184.105.247.195 GET 101.132.45.200/
[运行时间：0.004465s] [吞吐率：223.96req/s] [内存消耗：871.00kb] [文件加载：188]
[ info ] [ LANG ] /var/www/mishop/thinkphp/lang/zh-cn.php
[ info ] [ ROUTE ] array (
)
[ info ] [ HEADER ] array (
  'host' => '101.132.45.200',
  'content-type' => '',
  'content-length' => '',
)
[ info ] [ PARAM ] array (
)
[ info ] null
---------------------------------------------------------------

[2020-09-29T10:52:30+08:00] 47.110.180.51 GET 101.132.45.200/
[运行时间：0.004427s] [吞吐率：225.88req/s] [内存消耗：874.24kb] [文件加载：188]
[ info ] [ LANG ] /var/www/mishop/thinkphp/lang/zh-cn.php
[ info ] [ ROUTE ] array (
)
[ info ] [ HEADER ] array (
  'accept-language' => 'zh-CN,zh;q=0.8',
  'connection' => 'keep-alive',
  'accept' => '*/*',
  'accept-encoding' => 'gzip, deflate',
  'user-agent' => 'Mozilla/5.0 (Windows NT 10.0; Win64; x64) AppleWebKit/537.36 (KHTML, like Gecko) Chrome/66.6.2333.33 Safari/537.36 AliyunTaiShiGanZhi https://www.aliyun.com/product/sas',
  'host' => '101.132.45.200',
  'content-type' => '',
  'content-length' => '',
)
[ info ] [ PARAM ] array (
)
[ info ] null
---------------------------------------------------------------

[2020-09-29T11:08:16+08:00] 183.136.225.35 GET shop.holyzq.com/
[运行时间：0.004508s] [吞吐率：221.83req/s] [内存消耗：872.79kb] [文件加载：188]
[ info ] [ LANG ] /var/www/mishop/thinkphp/lang/zh-cn.php
[ info ] [ ROUTE ] array (
)
[ info ] [ HEADER ] array (
  'connection' => 'keep-alive',
  'accept' => '*/*',
  'user-agent' => 'Mozilla/5.0 (Macintosh; Intel Mac OS X 10.11; rv:47.0) Gecko/20100101 Firefox/47.0',
  'host' => 'shop.holyzq.com',
  'content-type' => '',
  'content-length' => '',
)
[ info ] [ PARAM ] array (
)
[ info ] null
---------------------------------------------------------------

[2020-09-29T12:22:09+08:00] 120.55.13.109 GET /
[运行时间：0.004637s] [吞吐率：215.66req/s] [内存消耗：870.38kb] [文件加载：188]
[ info ] [ LANG ] /var/www/mishop/thinkphp/lang/zh-cn.php
[ info ] [ ROUTE ] array (
)
[ info ] [ HEADER ] array (
  'content-type' => '',
  'content-length' => '',
)
[ info ] [ PARAM ] array (
)
[ info ] null
---------------------------------------------------------------

[2020-09-29T12:45:04+08:00] 213.32.122.82 GET 101.132.45.200/
[运行时间：0.004734s] [吞吐率：211.24req/s] [内存消耗：872.36kb] [文件加载：188]
[ info ] [ LANG ] /var/www/mishop/thinkphp/lang/zh-cn.php
[ info ] [ ROUTE ] array (
)
[ info ] [ HEADER ] array (
  'connection' => 'close',
  'user-agent' => 'Mozilla/5.0 (Windows NT 6.1) AppleWebKit/537.36 (KHTML, like Gecko) Chrome/41.0.2228.0 Safari/537.36',
  'host' => '101.132.45.200',
  'content-type' => '',
  'content-length' => '',
)
[ info ] [ PARAM ] array (
)
[ info ] null
---------------------------------------------------------------

[2020-09-29T12:47:47+08:00] 47.101.48.105 GET shop.holyzq.com/
[运行时间：0.004632s] [吞吐率：215.89req/s] [内存消耗：872.80kb] [文件加载：188]
[ info ] [ LANG ] /var/www/mishop/thinkphp/lang/zh-cn.php
[ info ] [ ROUTE ] array (
)
[ info ] [ HEADER ] array (
  'accept-encoding' => 'gzip',
  'connection' => 'Keep-Alive',
  'host' => 'shop.holyzq.com',
  'user-agent' => 'Mozilla/5.0 chrome(windows nt/Windows NT;)Chrome',
  'content-type' => '',
  'content-length' => '',
)
[ info ] [ PARAM ] array (
)
[ info ] null
---------------------------------------------------------------

[2020-09-29T14:02:36+08:00] 183.60.141.171 GET 101.132.45.200/
[运行时间：0.004418s] [吞吐率：226.35req/s] [内存消耗：872.08kb] [文件加载：188]
[ info ] [ LANG ] /var/www/mishop/thinkphp/lang/zh-cn.php
[ info ] [ ROUTE ] array (
)
[ info ] [ HEADER ] array (
  'accept-encoding' => 'gzip',
  'user-agent' => 'Mozilla/5.0',
  'host' => '101.132.45.200',
  'content-type' => '',
  'content-length' => '',
)
[ info ] [ PARAM ] array (
)
[ info ] null
---------------------------------------------------------------

[2020-09-29T14:23:35+08:00] 106.14.104.214 GET /
[运行时间：0.004382s] [吞吐率：228.20req/s] [内存消耗：870.38kb] [文件加载：188]
[ info ] [ LANG ] /var/www/mishop/thinkphp/lang/zh-cn.php
[ info ] [ ROUTE ] array (
)
[ info ] [ HEADER ] array (
  'content-type' => '',
  'content-length' => '',
)
[ info ] [ PARAM ] array (
)
[ info ] null
---------------------------------------------------------------

[2020-09-29T15:39:51+08:00] 192.241.218.197 GET 101.132.45.200/
[运行时间：0.004731s] [吞吐率：211.37req/s] [内存消耗：872.57kb] [文件加载：188]
[ info ] [ LANG ] /var/www/mishop/thinkphp/lang/zh-cn.php
[ info ] [ ROUTE ] array (
)
[ info ] [ HEADER ] array (
  'accept-encoding' => 'gzip',
  'accept' => '*/*',
  'user-agent' => 'Mozilla/5.0 zgrab/0.x',
  'host' => '101.132.45.200',
  'content-type' => '',
  'content-length' => '',
)
[ info ] [ PARAM ] array (
)
[ info ] null
---------------------------------------------------------------

[2020-09-29T16:41:22+08:00] 209.17.97.26 GET www.techbimu.com/
[运行时间：0.004657s] [吞吐率：214.73req/s] [内存消耗：871.73kb] [文件加载：188]
[ info ] [ LANG ] /var/www/mishop/thinkphp/lang/zh-cn.php
[ info ] [ ROUTE ] array (
)
[ info ] [ HEADER ] array (
  'user-agent' => 'Mozilla/5.0 (compatible; Nimbostratus-Bot/v1.3.2; http://cloudsystemnetworks.com)',
  'host' => 'www.techbimu.com',
  'content-type' => '',
  'content-length' => '',
)
[ info ] [ PARAM ] array (
)
[ info ] null
---------------------------------------------------------------

[2020-09-29T17:37:43+08:00] 52.91.145.87 GET 101.132.45.200/login/companyInfo/seriously
[运行时间：0.003476s] [吞吐率：287.68req/s] [内存消耗：533.98kb] [文件加载：109]
[ info ] [ LANG ] /var/www/mishop/thinkphp/lang/zh-cn.php
---------------------------------------------------------------

[2020-09-29T21:21:47+08:00] 82.221.105.6 GET 101.132.45.200/
[运行时间：0.004410s] [吞吐率：226.76req/s] [内存消耗：872.98kb] [文件加载：188]
[ info ] [ LANG ] /var/www/mishop/thinkphp/lang/zh-cn.php
[ info ] [ ROUTE ] array (
)
[ info ] [ HEADER ] array (
  'user-agent' => 'Mozilla/5.0 (X11; Linux x86_64) AppleWebKit/537.36 (KHTML, like Gecko) Chrome/34.0.1847.137 Safari/537.36',
  'accept' => 'text/html,application/xhtml+xml,application/xml;q=0.9,*/*;q=0.8',
  'host' => '101.132.45.200',
  'accept-encoding' => 'identity',
  'content-type' => '',
  'content-length' => '',
)
[ info ] [ PARAM ] array (
)
[ info ] null
---------------------------------------------------------------

[2020-09-29T21:22:05+08:00] 82.221.105.6 GET 101.132.45.200/sitemap.xml
[运行时间：0.002886s] [吞吐率：346.49req/s] [内存消耗：533.96kb] [文件加载：109]
[ info ] [ LANG ] /var/www/mishop/thinkphp/lang/zh-cn.php
---------------------------------------------------------------

[2020-09-29T21:22:07+08:00] 82.221.105.6 GET 101.132.45.200/.well-known/security.txt
[运行时间：0.002492s] [吞吐率：401.29req/s] [内存消耗：533.98kb] [文件加载：109]
[ info ] [ LANG ] /var/www/mishop/thinkphp/lang/zh-cn.php
---------------------------------------------------------------

[2020-09-29T21:55:03+08:00] 192.35.168.218 GET 101.132.45.200:443/
[运行时间：0.004889s] [吞吐率：204.54req/s] [内存消耗：871.08kb] [文件加载：188]
[ info ] [ LANG ] /var/www/mishop/thinkphp/lang/zh-cn.php
[ info ] [ ROUTE ] array (
)
[ info ] [ HEADER ] array (
  'host' => '101.132.45.200:443',
  'content-type' => '',
  'content-length' => '',
)
[ info ] [ PARAM ] array (
)
[ info ] null
---------------------------------------------------------------

[2020-09-29T21:55:04+08:00] 192.35.168.218 GET 101.132.45.200/
[运行时间：0.003384s] [吞吐率：295.52req/s] [内存消耗：872.79kb] [文件加载：188]
[ info ] [ LANG ] /var/www/mishop/thinkphp/lang/zh-cn.php
[ info ] [ ROUTE ] array (
)
[ info ] [ HEADER ] array (
  'accept-encoding' => 'gzip',
  'accept' => '*/*',
  'user-agent' => 'Mozilla/5.0 (compatible; CensysInspect/1.1; +https://about.censys.io/)',
  'host' => '101.132.45.200',
  'content-type' => '',
  'content-length' => '',
)
[ info ] [ PARAM ] array (
)
[ info ] null
