---------------------------------------------------------------

[2020-08-10T00:12:40+08:00] 129.213.108.185 GET 101.132.45.200:443/
[运行时间：0.004802s] [吞吐率：208.24req/s] [内存消耗：861.48kb] [文件加载：188]
[ info ] [ LANG ] /var/www/mishop/thinkphp/lang/zh-cn.php
[ info ] [ ROUTE ] array (
)
[ info ] [ HEADER ] array (
  'accept-encoding' => 'gzip',
  'connection' => 'close',
  'user-agent' => 'Go-http-client/1.1',
  'host' => '101.132.45.200:443',
  'content-type' => '',
  'content-length' => '',
)
[ info ] [ PARAM ] array (
)
[ info ] null
---------------------------------------------------------------

[2020-08-10T01:14:51+08:00] 47.94.39.226 GET /
[运行时间：0.004505s] [吞吐率：221.97req/s] [内存消耗：859.20kb] [文件加载：188]
[ info ] [ LANG ] /var/www/mishop/thinkphp/lang/zh-cn.php
[ info ] [ ROUTE ] array (
)
[ info ] [ HEADER ] array (
  'content-type' => '',
  'content-length' => '',
)
[ info ] [ PARAM ] array (
)
[ info ] null
---------------------------------------------------------------

[2020-08-10T02:15:10+08:00] 223.71.167.164 GET 101.132.45.200:443/
[运行时间：0.004457s] [吞吐率：224.37req/s] [内存消耗：861.66kb] [文件加载：188]
[ info ] [ LANG ] /var/www/mishop/thinkphp/lang/zh-cn.php
[ info ] [ ROUTE ] array (
)
[ info ] [ HEADER ] array (
  'connection' => 'keep-alive',
  'accept' => '*/*',
  'user-agent' => 'Mozilla/5.0 (Macintosh; Intel Mac OS X 10.11; rv:47.0) Gecko/20100101 Firefox/47.0',
  'host' => '101.132.45.200:443',
  'content-type' => '',
  'content-length' => '',
)
[ info ] [ PARAM ] array (
)
[ info ] null
---------------------------------------------------------------

[2020-08-10T03:33:35+08:00] 83.97.20.30 GET 0/
[运行时间：0.004472s] [吞吐率：223.62req/s] [内存消耗：860.25kb] [文件加载：188]
[ info ] [ LANG ] /var/www/mishop/thinkphp/lang/zh-cn.php
[ info ] [ ROUTE ] array (
)
[ info ] [ HEADER ] array (
  'connection' => 'close',
  'host' => '0',
  'content-type' => '',
  'content-length' => '',
)
[ info ] [ PARAM ] array (
)
[ info ] null
---------------------------------------------------------------

[2020-08-10T04:00:44+08:00] 128.14.133.58 GET 101.132.45.200/
[运行时间：0.004665s] [吞吐率：214.36req/s] [内存消耗：861.73kb] [文件加载：188]
[ info ] [ LANG ] /var/www/mishop/thinkphp/lang/zh-cn.php
[ info ] [ ROUTE ] array (
)
[ info ] [ HEADER ] array (
  'accept-encoding' => 'gzip',
  'accept' => '*/*',
  'user-agent' => 'Mozilla/5.0 (Windows NT 10.0; Win64; x64) AppleWebKit/537.36 (KHTML, like Gecko) Chrome/60.0.3112.113 Safari/537.36',
  'host' => '101.132.45.200',
  'content-type' => '',
  'content-length' => '',
)
[ info ] [ PARAM ] array (
)
[ info ] null
---------------------------------------------------------------

[2020-08-10T04:09:19+08:00] 141.144.50.212 GET 101.132.45.200:443/
[运行时间：0.004343s] [吞吐率：230.25req/s] [内存消耗：861.48kb] [文件加载：188]
[ info ] [ LANG ] /var/www/mishop/thinkphp/lang/zh-cn.php
[ info ] [ ROUTE ] array (
)
[ info ] [ HEADER ] array (
  'accept-encoding' => 'gzip',
  'connection' => 'close',
  'user-agent' => 'Go-http-client/1.1',
  'host' => '101.132.45.200:443',
  'content-type' => '',
  'content-length' => '',
)
[ info ] [ PARAM ] array (
)
[ info ] null
---------------------------------------------------------------

[2020-08-10T05:41:51+08:00] 106.15.76.92 GET /
[运行时间：0.004533s] [吞吐率：220.60req/s] [内存消耗：859.20kb] [文件加载：188]
[ info ] [ LANG ] /var/www/mishop/thinkphp/lang/zh-cn.php
[ info ] [ ROUTE ] array (
)
[ info ] [ HEADER ] array (
  'content-type' => '',
  'content-length' => '',
)
[ info ] [ PARAM ] array (
)
[ info ] null
---------------------------------------------------------------

[2020-08-10T09:42:59+08:00] 47.103.68.59 GET mishop.holyzq.com/
[运行时间：0.004487s] [吞吐率：222.88req/s] [内存消耗：863.06kb] [文件加载：188]
[ info ] [ LANG ] /var/www/mishop/thinkphp/lang/zh-cn.php
[ info ] [ ROUTE ] array (
)
[ info ] [ HEADER ] array (
  'accept-language' => 'zh-CN,zh;q=0.8',
  'connection' => 'keep-alive',
  'accept' => 'text/html,application/xhtml+xml,application/xml;q=0.9,image/webp,image/apng,*/*;q=0.8',
  'accept-encoding' => 'gzip, deflate',
  'user-agent' => 'Mozilla/5.0 (Windows NT 10.0; Win64; x64) AppleWebKit/537.36 (KHTML, like Gecko) Chrome/59.0.3071.115 Safari/537.36',
  'host' => 'mishop.holyzq.com',
  'content-type' => '',
  'content-length' => '',
)
[ info ] [ PARAM ] array (
)
[ info ] null
---------------------------------------------------------------

[2020-08-10T09:42:59+08:00] 47.103.68.59 GET mishop.holyzq.com/explicit_not_exist_path
[运行时间：0.002477s] [吞吐率：403.73req/s] [内存消耗：522.78kb] [文件加载：109]
[ info ] [ LANG ] /var/www/mishop/thinkphp/lang/zh-cn.php
---------------------------------------------------------------

[2020-08-10T09:42:59+08:00] 47.103.68.59 GET mishop.holyzq.com/index.html
[运行时间：0.003250s] [吞吐率：307.68req/s] [内存消耗：865.26kb] [文件加载：188]
[ info ] [ LANG ] /var/www/mishop/thinkphp/lang/zh-cn.php
[ info ] [ ROUTE ] array (
)
[ info ] [ HEADER ] array (
  'cookie' => 'PHPSESSID=j7s3trnpm3uei46u1onrdagk20',
  'accept-language' => 'zh-CN,zh;q=0.8',
  'connection' => 'keep-alive',
  'accept' => 'text/html,application/xhtml+xml,application/xml;q=0.9,image/webp,image/apng,*/*;q=0.8',
  'accept-encoding' => 'gzip, deflate',
  'user-agent' => 'Mozilla/5.0 (Windows NT 10.0; Win64; x64) AppleWebKit/537.36 (KHTML, like Gecko) Chrome/59.0.3071.115 Safari/537.36',
  'host' => 'mishop.holyzq.com',
  'content-type' => '',
  'content-length' => '',
)
[ info ] [ PARAM ] array (
)
[ info ] null
---------------------------------------------------------------

[2020-08-10T09:42:59+08:00] 47.103.68.59 GET mishop.holyzq.com/index.php
[运行时间：0.003482s] [吞吐率：287.18req/s] [内存消耗：864.45kb] [文件加载：188]
[ info ] [ LANG ] /var/www/mishop/thinkphp/lang/zh-cn.php
[ info ] [ ROUTE ] array (
)
[ info ] [ HEADER ] array (
  'cookie' => 'PHPSESSID=j7s3trnpm3uei46u1onrdagk20',
  'accept-language' => 'zh-CN,zh;q=0.8',
  'connection' => 'keep-alive',
  'accept' => 'text/html,application/xhtml+xml,application/xml;q=0.9,image/webp,image/apng,*/*;q=0.8',
  'accept-encoding' => 'gzip, deflate',
  'user-agent' => 'Mozilla/5.0 (Windows NT 10.0; Win64; x64) AppleWebKit/537.36 (KHTML, like Gecko) Chrome/59.0.3071.115 Safari/537.36',
  'host' => 'mishop.holyzq.com',
  'content-type' => '',
  'content-length' => '',
)
[ info ] [ PARAM ] array (
)
[ info ] null
---------------------------------------------------------------

[2020-08-10T09:42:59+08:00] 47.103.68.59 GET mishop.holyzq.com/index.jsp
[运行时间：0.002661s] [吞吐率：375.80req/s] [内存消耗：522.77kb] [文件加载：109]
[ info ] [ LANG ] /var/www/mishop/thinkphp/lang/zh-cn.php
---------------------------------------------------------------

[2020-08-10T09:42:59+08:00] 47.103.68.59 GET mishop.holyzq.com/admin/
[运行时间：0.002852s] [吞吐率：350.64req/s] [内存消耗：565.67kb] [文件加载：123]
[ info ] [ LANG ] /var/www/mishop/thinkphp/lang/zh-cn.php
[ info ] [ ROUTE ] array (
)
[ info ] [ HEADER ] array (
  'cookie' => 'PHPSESSID=j7s3trnpm3uei46u1onrdagk20',
  'accept-language' => 'zh-CN,zh;q=0.8',
  'connection' => 'keep-alive',
  'accept' => 'text/html,application/xhtml+xml,application/xml;q=0.9,image/webp,image/apng,*/*;q=0.8',
  'accept-encoding' => 'gzip, deflate',
  'user-agent' => 'Mozilla/5.0 (Windows NT 10.0; Win64; x64) AppleWebKit/537.36 (KHTML, like Gecko) Chrome/59.0.3071.115 Safari/537.36',
  'host' => 'mishop.holyzq.com',
  'content-type' => '',
  'content-length' => '',
)
[ info ] [ PARAM ] array (
)
[ info ] [ VIEW ] /var/www/mishop/thinkphp/tpl/dispatch_jump.tpl [ array (
  0 => 'code',
  1 => 'msg',
  2 => 'data',
  3 => 'url',
  4 => 'wait',
) ]
---------------------------------------------------------------

[2020-08-10T09:43:00+08:00] 47.103.68.59 GET mishop.holyzq.com/readme.html
[运行时间：0.002823s] [吞吐率：354.25req/s] [内存消耗：522.81kb] [文件加载：109]
[ info ] [ LANG ] /var/www/mishop/thinkphp/lang/zh-cn.php
---------------------------------------------------------------

[2020-08-10T09:43:00+08:00] 47.103.68.59 GET mishop.holyzq.com/license.txt
[运行时间：0.002393s] [吞吐率：417.88req/s] [内存消耗：522.77kb] [文件加载：109]
[ info ] [ LANG ] /var/www/mishop/thinkphp/lang/zh-cn.php
---------------------------------------------------------------

[2020-08-10T09:43:00+08:00] 47.103.68.59 GET mishop.holyzq.com/wp-includes/js/wplink.js
[运行时间：0.003460s] [吞吐率：289.02req/s] [内存消耗：522.79kb] [文件加载：109]
[ info ] [ LANG ] /var/www/mishop/thinkphp/lang/zh-cn.php
---------------------------------------------------------------

[2020-08-10T09:43:00+08:00] 47.103.68.59 GET mishop.holyzq.com/wp-admin/js/customize-controls.js
[运行时间：0.002498s] [吞吐率：400.33req/s] [内存消耗：522.80kb] [文件加载：109]
[ info ] [ LANG ] /var/www/mishop/thinkphp/lang/zh-cn.php
---------------------------------------------------------------

[2020-08-10T09:43:00+08:00] 47.103.68.59 GET mishop.holyzq.com/wp-admin/js/nav-menu.js
[运行时间：0.002279s] [吞吐率：438.83req/s] [内存消耗：522.78kb] [文件加载：109]
[ info ] [ LANG ] /var/www/mishop/thinkphp/lang/zh-cn.php
---------------------------------------------------------------

[2020-08-10T09:43:00+08:00] 47.103.68.59 GET mishop.holyzq.com/wp-includes/js/plupload/handlers.js
[运行时间：0.003273s] [吞吐率：305.53req/s] [内存消耗：522.80kb] [文件加载：109]
[ info ] [ LANG ] /var/www/mishop/thinkphp/lang/zh-cn.php
---------------------------------------------------------------

[2020-08-10T09:43:00+08:00] 47.103.68.59 GET mishop.holyzq.com/wp-includes/js/tinymce/wp-tinymce.js.gz
[运行时间：0.002650s] [吞吐率：377.36req/s] [内存消耗：522.80kb] [文件加载：109]
[ info ] [ LANG ] /var/www/mishop/thinkphp/lang/zh-cn.php
---------------------------------------------------------------

[2020-08-10T09:43:00+08:00] 47.103.68.59 GET mishop.holyzq.com/index.php/explicit_not_exist_path
[运行时间：0.002907s] [吞吐率：343.99req/s] [内存消耗：522.80kb] [文件加载：109]
[ info ] [ LANG ] /var/www/mishop/thinkphp/lang/zh-cn.php
---------------------------------------------------------------

[2020-08-10T09:43:00+08:00] 47.103.68.59 GET mishop.holyzq.com/4e5e5d7364f443e28fbf0d3ae744a59a
[运行时间：0.002723s] [吞吐率：367.24req/s] [内存消耗：522.80kb] [文件加载：109]
[ info ] [ LANG ] /var/www/mishop/thinkphp/lang/zh-cn.php
---------------------------------------------------------------

[2020-08-10T09:43:00+08:00] 47.103.68.59 GET mishop.holyzq.com/?c=4e5e5d7364f443e28fbf0d3ae744a59a
[运行时间：0.003655s] [吞吐率：273.60req/s] [内存消耗：865.20kb] [文件加载：188]
[ info ] [ LANG ] /var/www/mishop/thinkphp/lang/zh-cn.php
[ info ] [ ROUTE ] array (
)
[ info ] [ HEADER ] array (
  'cookie' => 'PHPSESSID=j7s3trnpm3uei46u1onrdagk20',
  'accept-language' => 'zh-CN,zh;q=0.8',
  'connection' => 'keep-alive',
  'accept' => 'text/html,application/xhtml+xml,application/xml;q=0.9,image/webp,image/apng,*/*;q=0.8',
  'accept-encoding' => 'gzip, deflate',
  'user-agent' => 'Mozilla/5.0 (Windows NT 10.0; Win64; x64) AppleWebKit/537.36 (KHTML, like Gecko) Chrome/59.0.3071.115 Safari/537.36',
  'host' => 'mishop.holyzq.com',
  'content-type' => '',
  'content-length' => '',
)
[ info ] [ PARAM ] array (
  'c' => '4e5e5d7364f443e28fbf0d3ae744a59a',
)
[ info ] null
---------------------------------------------------------------

[2020-08-10T09:43:00+08:00] 47.103.68.59 GET mishop.holyzq.com/r/cms/www/red/img/prompt.jpg
[运行时间：0.003009s] [吞吐率：332.35req/s] [内存消耗：523.16kb] [文件加载：109]
[ info ] [ LANG ] /var/www/mishop/thinkphp/lang/zh-cn.php
---------------------------------------------------------------

[2020-08-10T09:43:00+08:00] 47.103.68.59 GET mishop.holyzq.com/r/cms/www/red/style/swiper.min.js
[运行时间：0.002421s] [吞吐率：413.03req/s] [内存消耗：523.17kb] [文件加载：109]
[ info ] [ LANG ] /var/www/mishop/thinkphp/lang/zh-cn.php
---------------------------------------------------------------

[2020-08-10T09:43:00+08:00] 47.103.68.59 GET mishop.holyzq.com/wcm/
[运行时间：0.002867s] [吞吐率：348.80req/s] [内存消耗：522.77kb] [文件加载：109]
[ info ] [ LANG ] /var/www/mishop/thinkphp/lang/zh-cn.php
---------------------------------------------------------------

[2020-08-10T09:43:00+08:00] 47.103.68.59 GET mishop.holyzq.com/phpMyAdmin/
[运行时间：0.003688s] [吞吐率：271.14req/s] [内存消耗：522.77kb] [文件加载：109]
[ info ] [ LANG ] /var/www/mishop/thinkphp/lang/zh-cn.php
---------------------------------------------------------------

[2020-08-10T09:43:00+08:00] 47.103.68.59 GET mishop.holyzq.com/phpmyadmin/
[运行时间：0.003346s] [吞吐率：298.87req/s] [内存消耗：522.77kb] [文件加载：109]
[ info ] [ LANG ] /var/www/mishop/thinkphp/lang/zh-cn.php
---------------------------------------------------------------

[2020-08-10T11:08:31+08:00] 185.142.236.40 GET 101.132.45.200/
[运行时间：0.004578s] [吞吐率：218.43req/s] [内存消耗：861.80kb] [文件加载：188]
[ info ] [ LANG ] /var/www/mishop/thinkphp/lang/zh-cn.php
[ info ] [ ROUTE ] array (
)
[ info ] [ HEADER ] array (
  'user-agent' => 'Mozilla/5.0 (X11; Linux x86_64) AppleWebKit/537.36 (KHTML, like Gecko) Chrome/34.0.1847.137 Safari/537.36',
  'accept' => 'text/html,application/xhtml+xml,application/xml;q=0.9,*/*;q=0.8',
  'host' => '101.132.45.200',
  'accept-encoding' => 'identity',
  'content-type' => '',
  'content-length' => '',
)
[ info ] [ PARAM ] array (
)
[ info ] null
---------------------------------------------------------------

[2020-08-10T11:09:55+08:00] 185.142.236.40 GET 101.132.45.200/sitemap.xml
[运行时间：0.002970s] [吞吐率：336.70req/s] [内存消耗：522.78kb] [文件加载：109]
[ info ] [ LANG ] /var/www/mishop/thinkphp/lang/zh-cn.php
---------------------------------------------------------------

[2020-08-10T11:29:15+08:00] 130.61.37.130 GET 101.132.45.200:443/
[运行时间：0.004368s] [吞吐率：228.93req/s] [内存消耗：861.48kb] [文件加载：188]
[ info ] [ LANG ] /var/www/mishop/thinkphp/lang/zh-cn.php
[ info ] [ ROUTE ] array (
)
[ info ] [ HEADER ] array (
  'accept-encoding' => 'gzip',
  'connection' => 'close',
  'user-agent' => 'Go-http-client/1.1',
  'host' => '101.132.45.200:443',
  'content-type' => '',
  'content-length' => '',
)
[ info ] [ PARAM ] array (
)
[ info ] null
---------------------------------------------------------------

[2020-08-10T11:38:48+08:00] 183.136.225.57 GET 101.132.45.200/
[运行时间：0.004223s] [吞吐率：236.79req/s] [内存消耗：861.61kb] [文件加载：188]
[ info ] [ LANG ] /var/www/mishop/thinkphp/lang/zh-cn.php
[ info ] [ ROUTE ] array (
)
[ info ] [ HEADER ] array (
  'connection' => 'keep-alive',
  'accept' => '*/*',
  'user-agent' => 'Mozilla/5.0 (Macintosh; Intel Mac OS X 10.11; rv:47.0) Gecko/20100101 Firefox/47.0',
  'host' => '101.132.45.200',
  'content-type' => '',
  'content-length' => '',
)
[ info ] [ PARAM ] array (
)
[ info ] null
---------------------------------------------------------------

[2020-08-10T12:16:27+08:00] 54.184.37.92 GET 101.132.45.200:443/
[运行时间：0.004599s] [吞吐率：217.45req/s] [内存消耗：861.86kb] [文件加载：188]
[ info ] [ LANG ] /var/www/mishop/thinkphp/lang/zh-cn.php
[ info ] [ ROUTE ] array (
)
[ info ] [ HEADER ] array (
  'user-agent' => 'Mozilla/5.0 (Macintosh; Intel Mac OS X 10_11_5) AppleWebKit/537.36 (KHTML, like Gecko) Chrome/50.0.2661.102 Safari/537.36',
  'accept-encoding' => 'gzip',
  'connection' => 'close',
  'host' => '101.132.45.200:443',
  'content-type' => '',
  'content-length' => '',
)
[ info ] [ PARAM ] array (
)
[ info ] null
---------------------------------------------------------------

[2020-08-10T13:00:23+08:00] 47.103.85.223 GET www.techbimu.com/
[运行时间：0.004303s] [吞吐率：232.40req/s] [内存消耗：863.06kb] [文件加载：188]
[ info ] [ LANG ] /var/www/mishop/thinkphp/lang/zh-cn.php
[ info ] [ ROUTE ] array (
)
[ info ] [ HEADER ] array (
  'accept-language' => 'zh-CN,zh;q=0.8',
  'connection' => 'keep-alive',
  'accept' => 'text/html,application/xhtml+xml,application/xml;q=0.9,image/webp,image/apng,*/*;q=0.8',
  'accept-encoding' => 'gzip, deflate',
  'user-agent' => 'Mozilla/5.0 (Windows NT 10.0; Win64; x64) AppleWebKit/537.36 (KHTML, like Gecko) Chrome/59.0.3071.115 Safari/537.36',
  'host' => 'www.techbimu.com',
  'content-type' => '',
  'content-length' => '',
)
[ info ] [ PARAM ] array (
)
[ info ] null
---------------------------------------------------------------

[2020-08-10T13:00:23+08:00] 47.103.85.223 GET www.techbimu.com/explicit_not_exist_path
[运行时间：0.002642s] [吞吐率：378.48req/s] [内存消耗：522.78kb] [文件加载：109]
[ info ] [ LANG ] /var/www/mishop/thinkphp/lang/zh-cn.php
---------------------------------------------------------------

[2020-08-10T13:00:24+08:00] 47.103.85.223 GET www.techbimu.com/index.html
[运行时间：0.003297s] [吞吐率：303.32req/s] [内存消耗：865.26kb] [文件加载：188]
[ info ] [ LANG ] /var/www/mishop/thinkphp/lang/zh-cn.php
[ info ] [ ROUTE ] array (
)
[ info ] [ HEADER ] array (
  'cookie' => 'PHPSESSID=dur2drs6l4tvt5k8otrj83pcoa',
  'accept-language' => 'zh-CN,zh;q=0.8',
  'connection' => 'keep-alive',
  'accept' => 'text/html,application/xhtml+xml,application/xml;q=0.9,image/webp,image/apng,*/*;q=0.8',
  'accept-encoding' => 'gzip, deflate',
  'user-agent' => 'Mozilla/5.0 (Windows NT 10.0; Win64; x64) AppleWebKit/537.36 (KHTML, like Gecko) Chrome/59.0.3071.115 Safari/537.36',
  'host' => 'www.techbimu.com',
  'content-type' => '',
  'content-length' => '',
)
[ info ] [ PARAM ] array (
)
[ info ] null
---------------------------------------------------------------

[2020-08-10T13:00:24+08:00] 47.103.85.223 GET www.techbimu.com/index.php
[运行时间：0.003150s] [吞吐率：317.46req/s] [内存消耗：864.45kb] [文件加载：188]
[ info ] [ LANG ] /var/www/mishop/thinkphp/lang/zh-cn.php
[ info ] [ ROUTE ] array (
)
[ info ] [ HEADER ] array (
  'cookie' => 'PHPSESSID=dur2drs6l4tvt5k8otrj83pcoa',
  'accept-language' => 'zh-CN,zh;q=0.8',
  'connection' => 'keep-alive',
  'accept' => 'text/html,application/xhtml+xml,application/xml;q=0.9,image/webp,image/apng,*/*;q=0.8',
  'accept-encoding' => 'gzip, deflate',
  'user-agent' => 'Mozilla/5.0 (Windows NT 10.0; Win64; x64) AppleWebKit/537.36 (KHTML, like Gecko) Chrome/59.0.3071.115 Safari/537.36',
  'host' => 'www.techbimu.com',
  'content-type' => '',
  'content-length' => '',
)
[ info ] [ PARAM ] array (
)
[ info ] null
---------------------------------------------------------------

[2020-08-10T13:00:24+08:00] 47.103.85.223 GET www.techbimu.com/index.jsp
[运行时间：0.002699s] [吞吐率：370.49req/s] [内存消耗：522.77kb] [文件加载：109]
[ info ] [ LANG ] /var/www/mishop/thinkphp/lang/zh-cn.php
---------------------------------------------------------------

[2020-08-10T13:00:24+08:00] 47.103.85.223 GET www.techbimu.com/admin/
[运行时间：0.002392s] [吞吐率：418.05req/s] [内存消耗：565.67kb] [文件加载：123]
[ info ] [ LANG ] /var/www/mishop/thinkphp/lang/zh-cn.php
[ info ] [ ROUTE ] array (
)
[ info ] [ HEADER ] array (
  'cookie' => 'PHPSESSID=dur2drs6l4tvt5k8otrj83pcoa',
  'accept-language' => 'zh-CN,zh;q=0.8',
  'connection' => 'keep-alive',
  'accept' => 'text/html,application/xhtml+xml,application/xml;q=0.9,image/webp,image/apng,*/*;q=0.8',
  'accept-encoding' => 'gzip, deflate',
  'user-agent' => 'Mozilla/5.0 (Windows NT 10.0; Win64; x64) AppleWebKit/537.36 (KHTML, like Gecko) Chrome/59.0.3071.115 Safari/537.36',
  'host' => 'www.techbimu.com',
  'content-type' => '',
  'content-length' => '',
)
[ info ] [ PARAM ] array (
)
[ info ] [ VIEW ] /var/www/mishop/thinkphp/tpl/dispatch_jump.tpl [ array (
  0 => 'code',
  1 => 'msg',
  2 => 'data',
  3 => 'url',
  4 => 'wait',
) ]
---------------------------------------------------------------

[2020-08-10T13:00:24+08:00] 47.103.85.223 GET www.techbimu.com/readme.html
[运行时间：0.002688s] [吞吐率：372.00req/s] [内存消耗：522.81kb] [文件加载：109]
[ info ] [ LANG ] /var/www/mishop/thinkphp/lang/zh-cn.php
---------------------------------------------------------------

[2020-08-10T13:00:24+08:00] 47.103.85.223 GET www.techbimu.com/license.txt
[运行时间：0.002283s] [吞吐率：438.05req/s] [内存消耗：522.77kb] [文件加载：109]
[ info ] [ LANG ] /var/www/mishop/thinkphp/lang/zh-cn.php
---------------------------------------------------------------

[2020-08-10T13:00:24+08:00] 47.103.85.223 GET www.techbimu.com/wp-includes/js/wplink.js
[运行时间：0.002231s] [吞吐率：448.21req/s] [内存消耗：522.79kb] [文件加载：109]
[ info ] [ LANG ] /var/www/mishop/thinkphp/lang/zh-cn.php
---------------------------------------------------------------

[2020-08-10T13:00:24+08:00] 47.103.85.223 GET www.techbimu.com/wp-admin/js/customize-controls.js
[运行时间：0.002221s] [吞吐率：450.23req/s] [内存消耗：522.80kb] [文件加载：109]
[ info ] [ LANG ] /var/www/mishop/thinkphp/lang/zh-cn.php
---------------------------------------------------------------

[2020-08-10T13:00:24+08:00] 47.103.85.223 GET www.techbimu.com/wp-admin/js/nav-menu.js
[运行时间：0.002090s] [吞吐率：478.47req/s] [内存消耗：522.78kb] [文件加载：109]
[ info ] [ LANG ] /var/www/mishop/thinkphp/lang/zh-cn.php
---------------------------------------------------------------

[2020-08-10T13:00:24+08:00] 47.103.85.223 GET www.techbimu.com/wp-includes/js/plupload/handlers.js
[运行时间：0.002275s] [吞吐率：439.56req/s] [内存消耗：522.80kb] [文件加载：109]
[ info ] [ LANG ] /var/www/mishop/thinkphp/lang/zh-cn.php
---------------------------------------------------------------

[2020-08-10T13:00:24+08:00] 47.103.85.223 GET www.techbimu.com/wp-includes/js/tinymce/wp-tinymce.js.gz
[运行时间：0.002013s] [吞吐率：496.78req/s] [内存消耗：522.80kb] [文件加载：109]
[ info ] [ LANG ] /var/www/mishop/thinkphp/lang/zh-cn.php
---------------------------------------------------------------

[2020-08-10T13:00:24+08:00] 47.103.85.223 GET www.techbimu.com/index.php/explicit_not_exist_path
[运行时间：0.002596s] [吞吐率：385.22req/s] [内存消耗：522.80kb] [文件加载：109]
[ info ] [ LANG ] /var/www/mishop/thinkphp/lang/zh-cn.php
---------------------------------------------------------------

[2020-08-10T13:00:24+08:00] 47.103.85.223 GET www.techbimu.com/4e5e5d7364f443e28fbf0d3ae744a59a
[运行时间：0.002425s] [吞吐率：412.38req/s] [内存消耗：522.80kb] [文件加载：109]
[ info ] [ LANG ] /var/www/mishop/thinkphp/lang/zh-cn.php
---------------------------------------------------------------

[2020-08-10T13:00:24+08:00] 47.103.85.223 GET www.techbimu.com/?c=4e5e5d7364f443e28fbf0d3ae744a59a
[运行时间：0.002915s] [吞吐率：343.04req/s] [内存消耗：865.20kb] [文件加载：188]
[ info ] [ LANG ] /var/www/mishop/thinkphp/lang/zh-cn.php
[ info ] [ ROUTE ] array (
)
[ info ] [ HEADER ] array (
  'cookie' => 'PHPSESSID=dur2drs6l4tvt5k8otrj83pcoa',
  'accept-language' => 'zh-CN,zh;q=0.8',
  'connection' => 'keep-alive',
  'accept' => 'text/html,application/xhtml+xml,application/xml;q=0.9,image/webp,image/apng,*/*;q=0.8',
  'accept-encoding' => 'gzip, deflate',
  'user-agent' => 'Mozilla/5.0 (Windows NT 10.0; Win64; x64) AppleWebKit/537.36 (KHTML, like Gecko) Chrome/59.0.3071.115 Safari/537.36',
  'host' => 'www.techbimu.com',
  'content-type' => '',
  'content-length' => '',
)
[ info ] [ PARAM ] array (
  'c' => '4e5e5d7364f443e28fbf0d3ae744a59a',
)
[ info ] null
---------------------------------------------------------------

[2020-08-10T13:00:24+08:00] 47.103.85.223 GET www.techbimu.com/r/cms/www/red/img/prompt.jpg
[运行时间：0.002779s] [吞吐率：359.84req/s] [内存消耗：523.16kb] [文件加载：109]
[ info ] [ LANG ] /var/www/mishop/thinkphp/lang/zh-cn.php
---------------------------------------------------------------

[2020-08-10T13:00:24+08:00] 47.103.85.223 GET www.techbimu.com/r/cms/www/red/style/swiper.min.js
[运行时间：0.002659s] [吞吐率：376.07req/s] [内存消耗：523.17kb] [文件加载：109]
[ info ] [ LANG ] /var/www/mishop/thinkphp/lang/zh-cn.php
---------------------------------------------------------------

[2020-08-10T13:00:24+08:00] 47.103.85.223 GET www.techbimu.com/wcm/
[运行时间：0.002309s] [吞吐率：433.07req/s] [内存消耗：522.77kb] [文件加载：109]
[ info ] [ LANG ] /var/www/mishop/thinkphp/lang/zh-cn.php
---------------------------------------------------------------

[2020-08-10T13:00:24+08:00] 47.103.85.223 GET www.techbimu.com/phpMyAdmin/
[运行时间：0.002435s] [吞吐率：410.68req/s] [内存消耗：522.77kb] [文件加载：109]
[ info ] [ LANG ] /var/www/mishop/thinkphp/lang/zh-cn.php
---------------------------------------------------------------

[2020-08-10T13:00:24+08:00] 47.103.85.223 GET www.techbimu.com/phpmyadmin/
[运行时间：0.002709s] [吞吐率：369.15req/s] [内存消耗：522.77kb] [文件加载：109]
[ info ] [ LANG ] /var/www/mishop/thinkphp/lang/zh-cn.php
---------------------------------------------------------------

[2020-08-10T13:17:19+08:00] 178.32.197.91 GET 101.132.45.200/
[运行时间：0.004584s] [吞吐率：218.15req/s] [内存消耗：861.80kb] [文件加载：188]
[ info ] [ LANG ] /var/www/mishop/thinkphp/lang/zh-cn.php
[ info ] [ ROUTE ] array (
)
[ info ] [ HEADER ] array (
  'accept-language' => 'en-US,en;q=0.5',
  'accept' => 'text/html,application/xhtml+xml,application/xml;q=0.9,*/*;q=0.8',
  'user-agent' => 'Mozilla/5.0 (X11; Ubuntu; Linux x86_64; rv:58.0) Gecko/20100101 Firefox/58.0',
  'host' => '101.132.45.200',
  'content-type' => '',
  'content-length' => '',
)
[ info ] [ PARAM ] array (
)
[ info ] null
---------------------------------------------------------------

[2020-08-10T14:25:51+08:00] 34.76.17.151 GET 101.132.45.200/
[运行时间：0.004382s] [吞吐率：228.20req/s] [内存消耗：864.52kb] [文件加载：188]
[ info ] [ LANG ] /var/www/mishop/thinkphp/lang/zh-cn.php
[ info ] [ ROUTE ] array (
)
[ info ] [ HEADER ] array (
  'x-datadog-sampling-priority' => '0',
  'x-datadog-parent-id' => '10342693821548945501',
  'x-datadog-trace-id' => '16422604215605703390',
  'user-agent' => 'python-requests/2.24.0',
  'accept-encoding' => 'gzip, deflate',
  'accept' => '*/*',
  'connection' => 'keep-alive',
  'host' => '101.132.45.200',
  'content-type' => '',
  'content-length' => '',
)
[ info ] [ PARAM ] array (
)
[ info ] null
---------------------------------------------------------------

[2020-08-10T15:05:01+08:00] 128.14.209.234 GET 101.132.45.200/
[运行时间：0.005862s] [吞吐率：170.59req/s] [内存消耗：861.73kb] [文件加载：188]
[ info ] [ LANG ] /var/www/mishop/thinkphp/lang/zh-cn.php
[ info ] [ ROUTE ] array (
)
[ info ] [ HEADER ] array (
  'accept-encoding' => 'gzip',
  'accept' => '*/*',
  'user-agent' => 'Mozilla/5.0 (Windows NT 10.0; Win64; x64) AppleWebKit/537.36 (KHTML, like Gecko) Chrome/60.0.3112.113 Safari/537.36',
  'host' => '101.132.45.200',
  'content-type' => '',
  'content-length' => '',
)
[ info ] [ PARAM ] array (
)
[ info ] null
---------------------------------------------------------------

[2020-08-10T15:54:52+08:00] 192.35.168.112 GET 101.132.45.200/
[运行时间：0.006162s] [吞吐率：162.29req/s] [内存消耗：861.39kb] [文件加载：188]
[ info ] [ LANG ] /var/www/mishop/thinkphp/lang/zh-cn.php
[ info ] [ ROUTE ] array (
)
[ info ] [ HEADER ] array (
  'accept-encoding' => 'gzip',
  'accept' => '*/*',
  'user-agent' => 'Mozilla/5.0 zgrab/0.x',
  'host' => '101.132.45.200',
  'content-type' => '',
  'content-length' => '',
)
[ info ] [ PARAM ] array (
)
[ info ] null
---------------------------------------------------------------

[2020-08-10T17:25:48+08:00] 13.78.176.128 GET 101.132.45.200/.env
[运行时间：0.004234s] [吞吐率：236.19req/s] [内存消耗：522.77kb] [文件加载：109]
[ info ] [ LANG ] /var/www/mishop/thinkphp/lang/zh-cn.php
---------------------------------------------------------------

[2020-08-10T17:25:49+08:00] 13.78.176.128 POST 101.132.45.200/
[运行时间：0.004027s] [吞吐率：248.33req/s] [内存消耗：862.08kb] [文件加载：188]
[ info ] [ LANG ] /var/www/mishop/thinkphp/lang/zh-cn.php
[ info ] [ ROUTE ] array (
)
[ info ] [ HEADER ] array (
  'content-type' => 'application/x-www-form-urlencoded',
  'content-length' => '20',
  'user-agent' => 'Mozilla/5.0 (X11; Linux x86_64) AppleWebKit/537.36 (KHTML, like Gecko) Chrome/81.0.4044.129 Safari/537.36',
  'accept' => '*/*',
  'accept-encoding' => 'gzip, deflate',
  'connection' => 'keep-alive',
  'host' => '101.132.45.200',
)
[ info ] [ PARAM ] array (
  '0x' => 
  array (
    0 => 'androxgh0st',
  ),
)
[ info ] null
---------------------------------------------------------------

[2020-08-10T18:26:05+08:00] 139.162.116.133 GET 101.132.45.200/
[运行时间：0.004775s] [吞吐率：209.42req/s] [内存消耗：860.96kb] [文件加载：188]
[ info ] [ LANG ] /var/www/mishop/thinkphp/lang/zh-cn.php
[ info ] [ ROUTE ] array (
)
[ info ] [ HEADER ] array (
  'connection' => 'close',
  'user-agent' => 'HTTP Banner Detection (https://security.ipip.net)',
  'host' => '101.132.45.200',
  'content-type' => '',
  'content-length' => '',
)
[ info ] [ PARAM ] array (
)
[ info ] null
---------------------------------------------------------------

[2020-08-10T18:50:39+08:00] 67.140.145.100 POST 101.132.45.200/
[运行时间：0.004385s] [吞吐率：228.05req/s] [内存消耗：863.50kb] [文件加载：188]
[ info ] [ LANG ] /var/www/mishop/thinkphp/lang/zh-cn.php
[ info ] [ ROUTE ] array (
)
[ info ] [ HEADER ] array (
  'cache-control' => 'no-cache',
  'content-length' => '368',
  'host' => '101.132.45.200',
  'user-agent' => 'Mozilla/4.0 (compatible; MSIE 7.0; Windows NT 6.1; WOW64; Trident/7.0; SLCC2; .NET CLR 2.0.50727; .NET CLR 3.5.30729; .NET CLR 3.0.30729; Media Center PC 6.0; .NET4.0C; .NET4.0E; McAfee)',
  'content-type' => 'application/x-www-form-urlencoded',
)
[ info ] [ PARAM ] array (
  'FvNawNOZZyHGYLAVM7P77Sp9zYJIr9yFXwOA81tZDnO/a8vqBjTSNaIJlb9XH0AqcVzy7RPlJxsirxu7DJsz52YTbI4NY1ojhPhpWgqTonUI3c5cxYbIau2yy4JWcrEdfC6Fi_GQTo_jumY9DvR3VdesTzeKn5rgqVosJujRW3ZWogRRF5l1ksJCSqWDSb3jyxtywhJESfQYRdtVBkil_PHz2Pe8e/87nchDG0K/5/J1JcqCJv2GmMQ/agdJooljbr95_spC_wc21G9ki/yEiSHBpEo/aGGknsQNxwOVyw6v6woCzK0SmA2d2d4zwEZLslG6tqUlbgMemhqVcV5Zuj683K5pnFNXs0pZ7kH/3akgnhE' => '',
)
[ info ] null
---------------------------------------------------------------

[2020-08-10T18:52:52+08:00] 67.140.145.100 POST 101.132.45.200/
[运行时间：0.004588s] [吞吐率：217.95req/s] [内存消耗：864.06kb] [文件加载：188]
[ info ] [ LANG ] /var/www/mishop/thinkphp/lang/zh-cn.php
[ info ] [ ROUTE ] array (
)
[ info ] [ HEADER ] array (
  'cookie' => 'PHPSESSID=kg4osrjugi84i5pohqbe2gnnla',
  'cache-control' => 'no-cache',
  'content-length' => '396',
  'host' => '101.132.45.200',
  'user-agent' => 'Mozilla/4.0 (compatible; MSIE 7.0; Windows NT 6.1; WOW64; Trident/7.0; SLCC2; .NET CLR 2.0.50727; .NET CLR 3.5.30729; .NET CLR 3.0.30729; Media Center PC 6.0; .NET4.0C; .NET4.0E; McAfee)',
  'content-type' => 'application/x-www-form-urlencoded',
)
[ info ] [ PARAM ] array (
  'FKJfktOdZOBOesS7OlEz4b2PCRihaGFYYTGYFRQixWoiVQBgrmZi7xSzsnIDs1UOa7W1LK11DYe2iSoOQ/Zk11bwLzEbjRflyFybaSWhAuHdOsRsi6jX1ag9tB/C8j1Z9LHiNu0u1TysqHXkgB3FnE_Lloqzhqi73ODq2dBS5YZBIY6XV/abjICcEuEr_bNnJGswDv8nk40W4ncnSUINhV3Ur0cosH3C6xhx__ZAtLDB5x5RBdoz2JDSNSqdtjzD1A5W485pNAA4xiS/Nw7yYOLGWJ5q2EHVH/QMh8u7/uY6Ax7VUoq8/zIjq688dD5muSbarn0jaHSmcM9/eDIIrhK5J67qiLFRVzdCL_KoHSA4sZd0x1ITqlfiusos_kDDWwtErNidBQ' => '=',
)
[ info ] null
---------------------------------------------------------------

[2020-08-10T18:55:26+08:00] 67.140.145.100 POST 101.132.45.200/
[运行时间：0.004684s] [吞吐率：213.49req/s] [内存消耗：863.94kb] [文件加载：188]
[ info ] [ LANG ] /var/www/mishop/thinkphp/lang/zh-cn.php
[ info ] [ ROUTE ] array (
)
[ info ] [ HEADER ] array (
  'cookie' => 'PHPSESSID=kg4osrjugi84i5pohqbe2gnnla',
  'cache-control' => 'no-cache',
  'content-length' => '368',
  'host' => '101.132.45.200',
  'user-agent' => 'Mozilla/4.0 (compatible; MSIE 7.0; Windows NT 6.1; WOW64; Trident/7.0; SLCC2; .NET CLR 2.0.50727; .NET CLR 3.5.30729; .NET CLR 3.0.30729; Media Center PC 6.0; .NET4.0C; .NET4.0E; McAfee)',
  'content-type' => 'application/x-www-form-urlencoded',
)
[ info ] [ PARAM ] array (
  'EPEIyd7PNeF8QnZzqlHsjroWiTies8Ondwj_4vKt_yDMa7FEFT47usBd6U0LKYY17HouKjvnXmT8wueTIdId27i2PDSN_h22t0ePspW86e4CMx8THm8WtPb9DELNeICgMmzKyvVMG2qSNWGE1zzg4gm38QZbCy1SnF8EuUshzK/1UqOz/Q2MlytCCs7Yiga13fuOvuegGPxBBhMuGeARLECmhtUX8viiDQ3DhGewuFUg2l_X/gH/KbRSiGvkIPQdhn9CpMOSCWArSKEh38K8/_9ga9mf8EwWZoeYZalgB2iJjiORuOArmhYG/ga0TO0k6lvYhGtliAnrsfG4S6d1cGTsKna1wJg2jazM8w6vAqxn8g' => '=',
)
[ info ] null
---------------------------------------------------------------

[2020-08-10T18:57:31+08:00] 67.140.145.100 POST 101.132.45.200/
[运行时间：0.004450s] [吞吐率：224.71req/s] [内存消耗：863.81kb] [文件加载：188]
[ info ] [ LANG ] /var/www/mishop/thinkphp/lang/zh-cn.php
[ info ] [ ROUTE ] array (
)
[ info ] [ HEADER ] array (
  'cookie' => 'PHPSESSID=kg4osrjugi84i5pohqbe2gnnla',
  'cache-control' => 'no-cache',
  'content-length' => '416',
  'host' => '101.132.45.200',
  'user-agent' => 'Mozilla/5.0 (Windows NT 6.1; WOW64; Trident/7.0; rv:11.0) like Gecko',
  'content-type' => 'application/x-www-form-urlencoded',
)
[ info ] [ PARAM ] array (
  'RfYNxYjOMuBZ0BfdZCN/PFOQuqVsI2/KlCYLiWHBhZHQp6ENLU8dz4o3eL5MY8AVDqOM7Vz5kRwDvJ/CoboGxQ0exUNVNnQkk0/b1D0GhZikXvx_sA7ohMUvOLFMgzwxt/gknh_t7gGRnBncPwvP3WaghbxgmrX2mZjLGEvNf6iF8C0/qkzCGVbvrXk/gb80JEfC1xFQAoV_6wsEaYNMeh4xQjP0UYSvEHRMpm3TtWBCNwAuuCA/6hKc4SXFloT/mY0wpb70fZ2T3NcdVlccWKEv1AG9fj437WpSWl5pI94UhJhizVZN41mswCVl0AOxiBtjC27LkxdA0gzuqac8riHUlxc1NpwsLcPD8MUkg9ba1Y6ZfNfBLIBaCZ/jlYs5e887mT7bHdRULhlPpEQDi8pTPUe1gA' => '=',
)
[ info ] null
---------------------------------------------------------------

[2020-08-10T18:59:33+08:00] 67.140.145.100 POST 101.132.45.200/
[运行时间：0.005711s] [吞吐率：175.10req/s] [内存消耗：863.63kb] [文件加载：188]
[ info ] [ LANG ] /var/www/mishop/thinkphp/lang/zh-cn.php
[ info ] [ ROUTE ] array (
)
[ info ] [ HEADER ] array (
  'cookie' => 'PHPSESSID=kg4osrjugi84i5pohqbe2gnnla',
  'cache-control' => 'no-cache',
  'content-length' => '392',
  'host' => '101.132.45.200',
  'user-agent' => 'Mozilla/5.0 (Windows NT 6.1; WOW64; Trident/7.0; rv:11.0) like Gecko',
  'content-type' => 'application/x-www-form-urlencoded',
)
[ info ] [ PARAM ] array (
  'EaNWxNqZZVR4skEAu/aYtsXLP0o6UytN4c4HUtnQez0dznGIUA4Ezt5w4C2BLZUVu8tDW2XpX836IZAH6l3nd7L9DTp2mWP7oaOQtFgdo7nOthyzK7BBMf9Nkvyf2UGv4fBNgTrww8ok7TPbLGz_0stCo7ytsq4SFJFY24ydraH8Zga0xyCb1AeZDYY7GAsBrYnQKJWpIUH95Uq88g2BQgVTLWl4zYLJukpHGqyCS/3Rpa2Tx2w82nVCLT4oBuC_9LvD/LKm1cscrRD9GF/BWNiqT5B3geWK7CHr9fKlNvqHxrF/hKFmwPUqsr/7ikAofwDcH02T6ikLb8PxmaWkISCVwsx78pqnNJgmPNYol8eiJs9rpvt3s42pzrL7tNyRydYrSzo' => '',
)
[ info ] null
---------------------------------------------------------------

[2020-08-10T19:01:36+08:00] 67.140.145.100 POST 101.132.45.200/
[运行时间：0.004849s] [吞吐率：206.22req/s] [内存消耗：863.94kb] [文件加载：188]
[ info ] [ LANG ] /var/www/mishop/thinkphp/lang/zh-cn.php
[ info ] [ ROUTE ] array (
)
[ info ] [ HEADER ] array (
  'cookie' => 'PHPSESSID=kg4osrjugi84i5pohqbe2gnnla',
  'cache-control' => 'no-cache',
  'content-length' => '428',
  'host' => '101.132.45.200',
  'user-agent' => 'Mozilla/5.0 (Windows NT 6.1; WOW64; Trident/7.0; rv:11.0) like Gecko',
  'content-type' => 'application/x-www-form-urlencoded',
)
[ info ] [ PARAM ] array (
  'FKUNyI7NZA6c3_9cEUee7IGm3Z6yG9qfieFUEnmoWuEbP6u97QHCuCHzdCUbx3ymW/T9dQ6kw_LcxEL5ySRPdqw5ql5hu_tcdlE2U0Ud32EgdF9UB0Px8tmhKU1ctMMcB2bDPGI9kjLsKCr2HeSp4pObGODnLX7Jd8Q07gsgvEb/h50QdcM3_JeUaHZkvO3lZZH0TWB_UsWlW2dIDacPgvuwSfKvVahxcCI3ttKad_wNXNJxe6hA3EeJs6EnhqtGosdZunhYMO0FeHbP4QRj77lawtSwJb2kL6XLAV_xt1/YSZlinXF5BSs4WtTRR9wHn77C/zWmYrfhyX3BiLBFz/LsE3/HQ_IqpVIdxc4CUdY7ReP64bVtdMN8tOHgxS540wcJgZUVqBMAssrvKlK7gox01PE8KjZQ3ZHWjZhipMA' => '',
)
[ info ] null
---------------------------------------------------------------

[2020-08-10T19:03:39+08:00] 67.140.145.100 POST 101.132.45.200/
[运行时间：0.004564s] [吞吐率：219.10req/s] [内存消耗：863.56kb] [文件加载：188]
[ info ] [ LANG ] /var/www/mishop/thinkphp/lang/zh-cn.php
[ info ] [ ROUTE ] array (
)
[ info ] [ HEADER ] array (
  'cookie' => 'PHPSESSID=kg4osrjugi84i5pohqbe2gnnla',
  'cache-control' => 'no-cache',
  'content-length' => '364',
  'host' => '101.132.45.200',
  'user-agent' => 'Mozilla/5.0 (Windows NT 6.1; WOW64; Trident/7.0; rv:11.0) like Gecko',
  'content-type' => 'application/x-www-form-urlencoded',
)
[ info ] [ PARAM ] array (
  'EaVWwovPNr2aNv_hNOEEfyTLT9onk2NAXRq_MeI41jLnDfvjoU3U/eK0PaP2MNo__OhLjw2C0LF8j2ANBhVBTjXDzbM23WSO1F1h3iB02ReC8W8W_ia/4oQjXnibSkOsiCNA3A9S/YU2jKqIuPsWHtlLJPJQjf2jAn5cOjq/yVgLQkAlDFKWpaIhjjvZalXoBrNRr6ASPUGiUeyTwHgnEt0_gBRANnaLArocAv7CD/PcEpZ3B7rOtUXd/I_uW17cUfaME7yiTZZS2FyHScmm8pa7LvyYuZw/OoxQfR1cxsMYnQTY1qgoH6nZ_fUtmDpprVHCG2YK7k2RfLKMMih4H9Pc7F9FLBzlLj_DzgjKZLU' => '',
)
[ info ] null
---------------------------------------------------------------

[2020-08-10T19:05:41+08:00] 67.140.145.100 POST 101.132.45.200/
[运行时间：0.004525s] [吞吐率：221.00req/s] [内存消耗：863.69kb] [文件加载：188]
[ info ] [ LANG ] /var/www/mishop/thinkphp/lang/zh-cn.php
[ info ] [ ROUTE ] array (
)
[ info ] [ HEADER ] array (
  'cookie' => 'PHPSESSID=kg4osrjugi84i5pohqbe2gnnla',
  'cache-control' => 'no-cache',
  'content-length' => '404',
  'host' => '101.132.45.200',
  'user-agent' => 'Mozilla/5.0 (Windows NT 6.1; WOW64; Trident/7.0; rv:11.0) like Gecko',
  'content-type' => 'application/x-www-form-urlencoded',
)
[ info ] [ PARAM ] array (
  'RKRblIueYnXd8F/E28H5iCx6V5VW1bmd90fUNhh0Ug6061MSfcoRQ_JJnR3fGBRh1tunCtFQUasWUVGUtW0ES8CkO5tn620noSoT_7LGsmZJrD58_Dwberoj7Vow8hJQuCwMPMC1n_cV8RC5ah4WC6psUeFZ69dov44KDPUNNJvzqksm7fjfuSu9W9saygLxtNhGqu7GWLLD/azC0QBsi/J/M/3IjIornjRNcaUizOfnF7b4bN/ijfFm/nz/l_WMB/ZKyzur8oRQaDgsDW34cX4eP/hSgtoScgaQzL1kQF1cYk5mUeYB53uZ/Vvj59fzmyl8HbxNhji0WqcKfiNq2ok8Ab0a79wAxWbQg0aN8bCMb2NmlREzHtzUdQ7Xwu9lsGuT1MJOM6EsmFN0G/A' => '',
)
[ info ] null
---------------------------------------------------------------

[2020-08-10T19:07:43+08:00] 67.140.145.100 POST 101.132.45.200/
[运行时间：0.004341s] [吞吐率：230.37req/s] [内存消耗：863.81kb] [文件加载：188]
[ info ] [ LANG ] /var/www/mishop/thinkphp/lang/zh-cn.php
[ info ] [ ROUTE ] array (
)
[ info ] [ HEADER ] array (
  'cookie' => 'PHPSESSID=kg4osrjugi84i5pohqbe2gnnla',
  'cache-control' => 'no-cache',
  'content-length' => '404',
  'host' => '101.132.45.200',
  'user-agent' => 'Mozilla/5.0 (Windows NT 6.1; WOW64; Trident/7.0; rv:11.0) like Gecko',
  'content-type' => 'application/x-www-form-urlencoded',
)
[ info ] [ PARAM ] array (
  'EfYNxdvNNQ/8rIp3NebcDXNK5J_8KnEN3aGunnNdj9Ngsm8aS_LbmM93gLzR/FKfmRYp3YTD0IYZRKX/rM_Sp2qfNxSgZRKo1JT2pcSm_GetXUo0T/hr49jjGcxy6fFKNhAavQtJTnsZ3fyCKrsA5gKSSvvheEptOWRnQ7z5ZmYAzYZ6otmjp0Vl_g7KAiDfqowwzuXvoQFY8X4X7SCkmJWwTxYuMgS8n1erOzWqKojsEtCl5uehFDau1Ap8WZ7f7Jnb7ckbXlVZwM0bXwfxtc7qz8L31Ujh1hgmHeFrCCkXydjw213z9mb6NpPggF4GtmJ_42zzaVETdq/sWIO1fJ1Ezh5dvUFaUwunZmYTPnqo/KRpxThJ_g7KGi1QSCcRM0r/qHz86hAhZyaC_R/C' => '',
)
[ info ] null
---------------------------------------------------------------

[2020-08-10T19:09:45+08:00] 67.140.145.100 POST 101.132.45.200/
[运行时间：0.004251s] [吞吐率：235.24req/s] [内存消耗：863.69kb] [文件加载：188]
[ info ] [ LANG ] /var/www/mishop/thinkphp/lang/zh-cn.php
[ info ] [ ROUTE ] array (
)
[ info ] [ HEADER ] array (
  'cookie' => 'PHPSESSID=kg4osrjugi84i5pohqbe2gnnla',
  'cache-control' => 'no-cache',
  'content-length' => '400',
  'host' => '101.132.45.200',
  'user-agent' => 'Mozilla/5.0 (Windows NT 6.1; WOW64; Trident/7.0; rv:11.0) like Gecko',
  'content-type' => 'application/x-www-form-urlencoded',
)
[ info ] [ PARAM ] array (
  'RqINw9jBZ9z3VeYQWgipRlwAnbJ9bXgEfCh7fdmH_ZhMtA5vTjITTtiHOhKOJhRKvzHbWzUr6UUO0WPorP/tlH3NoXXHK3V9XC5UN0u8sNRVYkNhN1PF/hiNWra1Nehj/Kwi64HtUifl73jN0jceOAPcYmdeXtjTQFKYJxWliFmxdrVS9Q9bQYi3xmcOV3W_kVQnZAkFS5IyLXH_Skj_RNUB9TaYBDqejJTZqVVKKQ8PdPVRdGkh94xPM3ClqtJ9pdGIAej2X6rcpYoDSKN_Q7ZDX/mq5LutOat9W/O7iWO58wKHAWfqJ7J/aKl0ZasjezUERME2bISkUGmU_ijp/VxxoT57HFcHd3xstjWCS015LauqfxkcUYqXqviZN5kbYUnqA5VPXa5SC_4' => '',
)
[ info ] null
---------------------------------------------------------------

[2020-08-10T19:11:47+08:00] 67.140.145.100 POST 101.132.45.200/
[运行时间：0.004851s] [吞吐率：206.14req/s] [内存消耗：863.94kb] [文件加载：188]
[ info ] [ LANG ] /var/www/mishop/thinkphp/lang/zh-cn.php
[ info ] [ ROUTE ] array (
)
[ info ] [ HEADER ] array (
  'cookie' => 'PHPSESSID=kg4osrjugi84i5pohqbe2gnnla',
  'cache-control' => 'no-cache',
  'content-length' => '428',
  'host' => '101.132.45.200',
  'user-agent' => 'Mozilla/5.0 (Windows NT 6.1; WOW64; Trident/7.0; rv:11.0) like Gecko',
  'content-type' => 'application/x-www-form-urlencoded',
)
[ info ] [ PARAM ] array (
  'FqJdlIvNNzsB7QfthvnYlW4GGSV4fE35OwiteV/aRNliF0y5wRO5QQNODXxOlKe_sWeoCpdcH5EcE2LDVILyVDO0i2LSVATc8OQ0FSkQNWn2AbiN68/Wj5eIsxpVfs1rEDPVYx5mAzrpx6J264NUhBNpjxa7JVLrHQ7_TkS_WO8L8Z/uvdzNOHHB7TJy37WgE_/oubFP6YBvdmBxXVO7bmLfx3xDG/uGdp8JDq6mH7zDDfSMf614sW5s8FdH7k/rQ93GBZxgx6RtsIYn_ce40mMQ/kh/QXkRbOYza83se3eGOVD1OIcTavRlZuBv5AdM6zV_dpk8qrUyMNtL1x4240LgiEFQz4b4BmixMe5tHy5hneeYBT5sBmYvztK_PvVbbhRWDF64Dhwv7_7C2kdkFyMZavfha6q1iwkx6MaoOMU' => '',
)
[ info ] null
---------------------------------------------------------------

[2020-08-10T19:13:52+08:00] 67.140.145.100 POST 101.132.45.200/
[运行时间：0.004352s] [吞吐率：229.79req/s] [内存消耗：863.94kb] [文件加载：188]
[ info ] [ LANG ] /var/www/mishop/thinkphp/lang/zh-cn.php
[ info ] [ ROUTE ] array (
)
[ info ] [ HEADER ] array (
  'cookie' => 'PHPSESSID=kg4osrjugi84i5pohqbe2gnnla',
  'cache-control' => 'no-cache',
  'content-length' => '444',
  'host' => '101.132.45.200',
  'user-agent' => 'Mozilla/5.0 (Windows NT 6.1; WOW64; Trident/7.0; rv:11.0) like Gecko',
  'content-type' => 'application/x-www-form-urlencoded',
)
[ info ] [ PARAM ] array (
  'FKJcydjMYlYn8D0s1WR_pJPYYEraGTrDeSmiIfbbTb29zxJCgSTjN1Gjx5BPVZcSefcKzJe6A/tcl88nLtieH8uJkH_7d8aRiV_aY/awyvrdkJ1dOgRXQJpmAFxlbk1OfcHGt3R3AKP9zzgu4ZekD91cjtmalhxftSvF_lfhKb6R3qyml7_cmDahIVUvRDCI/jgmPg2diE9Sr8sZKOtPjl07M5vb6ebaLffgo/Rn/QfF4_PKuW3YfzOfMq6gzaKosRMxSaKNHzSp4knB2GQ2d_f/0vPIwDjRn//8U3qFX16zbyGtbM5g9XmyhtRXHRZuSv79XLbkDLtWNumD80t_1mA4zWZsbBqwwTRTv9WuQBOb5XpYpeMqa65FXLeJFn/T5/EcYhf3b0zD2YRmDZXfLf3sb16hHe_y3Msg8iOm34tax0teyXq5cTpgwKU' => '',
)
[ info ] null
---------------------------------------------------------------

[2020-08-10T19:15:54+08:00] 67.140.145.100 POST 101.132.45.200/
[运行时间：0.004150s] [吞吐率：240.97req/s] [内存消耗：863.56kb] [文件加载：188]
[ info ] [ LANG ] /var/www/mishop/thinkphp/lang/zh-cn.php
[ info ] [ ROUTE ] array (
)
[ info ] [ HEADER ] array (
  'cookie' => 'PHPSESSID=kg4osrjugi84i5pohqbe2gnnla',
  'cache-control' => 'no-cache',
  'content-length' => '364',
  'host' => '101.132.45.200',
  'user-agent' => 'Mozilla/5.0 (Windows NT 6.1; WOW64; Trident/7.0; rv:11.0) like Gecko',
  'content-type' => 'application/x-www-form-urlencoded',
)
[ info ] [ PARAM ] array (
  'QPZXx93LMfBq9aiUs2wn3MZ_JFfeZdyEX0vrzVQzGwIrSjeVbr5m2wIlLDANdHgCElJUflw_Fyf5A5MQiWGlkkDu8SoV1oKYPjAbU7cf4c_CAVc2ces5tC/HEPSq7OrNUv1Fl8ssN51Bf9ao59OAgjh9zkzh1o/NC9q_SB8Ys4L1KRSUDF2Cy0yXI/l0a1Xk2XH81OLxB4ZWLXnZ7p5aGdkU5f/8FJ2aNN2a272EI6j3uPq_A9pRKv3EjnllMEpCJlO6Q2dOLnaHMUoD35zrr69gWpjl6JV1Kcb/iPuPK4YTBG8s3X0CmTRMooQuhj/KjF7/cYpq4FXP6fgLlbl2Yme0YfzBJWJZvV6Ynhp398w' => '',
)
[ info ] null
---------------------------------------------------------------

[2020-08-10T19:17:57+08:00] 67.140.145.100 POST 101.132.45.200/
[运行时间：0.004265s] [吞吐率：234.48req/s] [内存消耗：863.81kb] [文件加载：188]
[ info ] [ LANG ] /var/www/mishop/thinkphp/lang/zh-cn.php
[ info ] [ ROUTE ] array (
)
[ info ] [ HEADER ] array (
  'cookie' => 'PHPSESSID=kg4osrjugi84i5pohqbe2gnnla',
  'cache-control' => 'no-cache',
  'content-length' => '420',
  'host' => '101.132.45.200',
  'user-agent' => 'Mozilla/5.0 (Windows NT 6.1; WOW64; Trident/7.0; rv:11.0) like Gecko',
  'content-type' => 'application/x-www-form-urlencoded',
)
[ info ] [ PARAM ] array (
  'QaRYw9rNYQ3AZnKDlXvbC8BnMBvcYHPjsJaaBipu/b0CuRgocEnPeFxbWZKl1WAxQ8lZ4P01YqjSq/0ADgnUIcD0CNbq8NBukQAMxc5JQwgCkyzBf9Z4GS/dwUiGEGWQXLTO2ugJweN2Y963yAOrmlH5vRIfDoP71bxh7Dffq6UbqqV37CZL0PknplKJhIMEsOMHvhGTwV1J3oXZRZN0QBzSWZCFMvFCJI9F4bn6aype4RxovXfHGAfwZBEBuzIdOepBvF318xUjun3BU3PjuEQ_rxQROsS2k_v4CxhH_KkR1_hCg0xvne5NfPvo0O_we5VThECezgLrpVK6MJ5DsKNk7quWRfLSD9t4VeFj9ThX/kml4Vk7rpJoaNas6giD2p_uBnyax23Pw0hoGXlem9IKbIbVhSQH9A' => '=',
)
[ info ] null
---------------------------------------------------------------

[2020-08-10T19:20:01+08:00] 67.140.145.100 POST 101.132.45.200/
[运行时间：0.004627s] [吞吐率：216.12req/s] [内存消耗：863.56kb] [文件加载：188]
[ info ] [ LANG ] /var/www/mishop/thinkphp/lang/zh-cn.php
[ info ] [ ROUTE ] array (
)
[ info ] [ HEADER ] array (
  'cookie' => 'PHPSESSID=kg4osrjugi84i5pohqbe2gnnla',
  'cache-control' => 'no-cache',
  'content-length' => '368',
  'host' => '101.132.45.200',
  'user-agent' => 'Mozilla/5.0 (Windows NT 6.1; WOW64; Trident/7.0; rv:11.0) like Gecko',
  'content-type' => 'application/x-www-form-urlencoded',
)
[ info ] [ PARAM ] array (
  'Ea1dxt2bZvr5q3YYvTUReh/q5tpiqTi0i_XryLL_xT/lCqXrzuKLw/6XIcTyb2mFsei35Cym7bwJmIBnfimxzLafttWmd6mNiIyFDB4mlhw8Ric5USyzjkwmRGjbP9RVNmgmV1YcW7aCI9n5WR6UCLTn_iGN77lU_PoR8BX4gx7OmPjTGhiGu0YcXgJgL26/PNvdRTkNA78zVpUxU_qKN9WytFFMnD_kHmzp3KOnUvc36swqhTQha_ZtouiQFPWhkwbr/JlotrZUGkVXjetaF04EUU/TZmqt/Ujr2O_sH8YKoQ03Xsw_xHPmHxHSEVMvYSuix2OYWzTJn8TxhDKK1ujufco550wc2crFnQT_RfEGohQ' => '',
)
[ info ] null
---------------------------------------------------------------

[2020-08-10T19:22:03+08:00] 67.140.145.100 POST 101.132.45.200/
[运行时间：0.004403s] [吞吐率：227.12req/s] [内存消耗：863.94kb] [文件加载：188]
[ info ] [ LANG ] /var/www/mishop/thinkphp/lang/zh-cn.php
[ info ] [ ROUTE ] array (
)
[ info ] [ HEADER ] array (
  'cookie' => 'PHPSESSID=kg4osrjugi84i5pohqbe2gnnla',
  'cache-control' => 'no-cache',
  'content-length' => '432',
  'host' => '101.132.45.200',
  'user-agent' => 'Mozilla/5.0 (Windows NT 6.1; WOW64; Trident/7.0; rv:11.0) like Gecko',
  'content-type' => 'application/x-www-form-urlencoded',
)
[ info ] [ PARAM ] array (
  'SvMPk9rJMYNqsj1TA2Wo/8Yl4nHyuuG7Se5rCqYKfzv1mPY86HW0bEX8PJsvvgi09yOVcycOhHDZhTpFTjusJ4yQxffM_N4rEw_iqqXiqfKt1bJVry28FKDdOj1jKn6OzEidYzh/dtF5MONIEo5FBPH_GuvZ8f1SrEc1NVTnpyFENXLKVPgYe8hXAEAl00eMpRy0ifn666eess2YSoCUopozFUHXqtUKXDUk6ydklempIuh1A3Y9F9U2Tsa0eUsyvA4JmM1aPvYIcpFjxntyjhh3qtc1fi2QlWN6P23smgnj3a3E8jDJh9O6nYCeyUi80TfDimYYHlr44CH1P72bgQBr_0F8GWIKn9b/inlq_QLm8tw5LAkXhCaF0AWJD2WsR7RjDbsXIgJJrwRfjW82y9WmmdOuHn/W8kKC468PhMiIK2JQ' => '',
)
[ info ] null
---------------------------------------------------------------

[2020-08-10T19:24:05+08:00] 67.140.145.100 POST 101.132.45.200/
[运行时间：0.004991s] [吞吐率：200.36req/s] [内存消耗：863.56kb] [文件加载：188]
[ info ] [ LANG ] /var/www/mishop/thinkphp/lang/zh-cn.php
[ info ] [ ROUTE ] array (
)
[ info ] [ HEADER ] array (
  'cookie' => 'PHPSESSID=kg4osrjugi84i5pohqbe2gnnla',
  'cache-control' => 'no-cache',
  'content-length' => '372',
  'host' => '101.132.45.200',
  'user-agent' => 'Mozilla/5.0 (Windows NT 6.1; WOW64; Trident/7.0; rv:11.0) like Gecko',
  'content-type' => 'application/x-www-form-urlencoded',
)
[ info ] [ PARAM ] array (
  'FvRZx93AbI_2WSTLBljXSQfBgo3QDQTwcxjwXODqS7Abn6GbFBZ7dfbzx5P96quLAW15yY1497sdwMBiqf5AvJ6gT_e07ohtGDLufy5Oh2lBVVNHUL4HI7QYzOY3erxPbaPt6ZoQfbHXELnyBK6fxSayktFklx2tyHwawPOeKgWvIlE5WToBNhoefc5Vx98o/21_DCHU1pdwgJrf7mPybpJj1AoPb4GRj8FaZbHfkfGSiAOY0FHngB_Lm0iZyjAAKg7W8OcdOJqvy7AGcpAivHPp/XlNcGSqoGwxqk6lTs8yREMS0Ye1KcJRSM4j6ccdZiIqxUxl3dlxOjeBEdLFR/E45kzJ02EV3uHtiMtGHj2g_Gb29Trk' => '',
)
[ info ] null
---------------------------------------------------------------

[2020-08-10T19:26:07+08:00] 67.140.145.100 POST 101.132.45.200/
[运行时间：0.005554s] [吞吐率：180.04req/s] [内存消耗：863.94kb] [文件加载：188]
[ info ] [ LANG ] /var/www/mishop/thinkphp/lang/zh-cn.php
[ info ] [ ROUTE ] array (
)
[ info ] [ HEADER ] array (
  'cookie' => 'PHPSESSID=kg4osrjugi84i5pohqbe2gnnla',
  'cache-control' => 'no-cache',
  'content-length' => '428',
  'host' => '101.132.45.200',
  'user-agent' => 'Mozilla/5.0 (Windows NT 6.1; WOW64; Trident/7.0; rv:11.0) like Gecko',
  'content-type' => 'application/x-www-form-urlencoded',
)
[ info ] [ PARAM ] array (
  'QqRXl93INWN5AcA6HD2_HqnOesXY9_0fLo8Q65KqRozKUHX2ifryFGVK9ndIx6grgVYZqLMySZO0lMxpSDBizKQ_gG3VPOVKKYI3ttm7X6vdUc2Ga_wME0QZ0TRdBVFQsFvzWGql0AYmErAAtYdjGnpE7ecgCEju6bwSSH8wwmexsU9629hLxSbCLOBvpHLt9BopyxAdndI4F5LirqDpXtEnytQoDiZrfPbcEb7t01AC/54b/VYDFQghM1uF/l1CKHu9rles05v3csYnf0i1w/kMCs8EAQ6K5XXqGX4bH_v5oKRFMzV/lGML6PEXo3HYjQrn9bwy_my4wglA4M4vv8UidVE04R/n9YSCDZ/v5q3I3oklXUJD5L/T4bGQwN9DbsC4zhuuVgKW3ph2KtD77hnISVHoyCe1RUMkcqVECw' => '=',
)
[ info ] null
---------------------------------------------------------------

[2020-08-10T19:28:11+08:00] 67.140.145.100 POST 101.132.45.200/
[运行时间：0.004444s] [吞吐率：225.02req/s] [内存消耗：863.94kb] [文件加载：188]
[ info ] [ LANG ] /var/www/mishop/thinkphp/lang/zh-cn.php
[ info ] [ ROUTE ] array (
)
[ info ] [ HEADER ] array (
  'cookie' => 'PHPSESSID=kg4osrjugi84i5pohqbe2gnnla',
  'cache-control' => 'no-cache',
  'content-length' => '424',
  'host' => '101.132.45.200',
  'user-agent' => 'Mozilla/5.0 (Windows NT 6.1; WOW64; Trident/7.0; rv:11.0) like Gecko',
  'content-type' => 'application/x-www-form-urlencoded',
)
[ info ] [ PARAM ] array (
  'SqQNyI_bZgSJErbHfdf7yL4b7ewAaz9gFXojVu3PVEquOBTNb2aPYSZ3/7GH79Bfwyil5F4X/J_dgWLJNFWd8YLcgrkXIF00jc2NDyxkwWiA7ONdusPstcRxrYRkICd4jiK8BXExn8FLiKenTnCrMmWiD6CFvFu54RfL6R_ZD5EVbrowsAcQyb0gP0ALPn2Hv9305jkI0KX5/c83r10qW4dczh_YpSOFjzjegvOtNnqv26tpGPb6hODL2n/mvZbUXipsESDAhRcppMFz1ysJjTDfqmUXeprZTRjCRHI2kJU02lH3RY8qjf/fYqFlA9vP4Et4QphCV4mxafW5bod3gfrOdUqbTDCJPWO0g_qivdwuGBgEtV9zLwp19Rqs78FwR52AV00uVN6SSmso9CAd78QBpHb/0Ji4Nf34Hq7o' => '',
)
[ info ] null
---------------------------------------------------------------

[2020-08-10T19:30:14+08:00] 67.140.145.100 POST 101.132.45.200/
[运行时间：0.004307s] [吞吐率：232.18req/s] [内存消耗：863.56kb] [文件加载：188]
[ info ] [ LANG ] /var/www/mishop/thinkphp/lang/zh-cn.php
[ info ] [ ROUTE ] array (
)
[ info ] [ HEADER ] array (
  'cookie' => 'PHPSESSID=kg4osrjugi84i5pohqbe2gnnla',
  'cache-control' => 'no-cache',
  'content-length' => '376',
  'host' => '101.132.45.200',
  'user-agent' => 'Mozilla/5.0 (Windows NT 6.1; WOW64; Trident/7.0; rv:11.0) like Gecko',
  'content-type' => 'application/x-www-form-urlencoded',
)
[ info ] [ PARAM ] array (
  'QPAPl4ubYLmcFGIV5vLJjxz1IaFtjPBL95T8GXhzSVjZ2PM/lNJJL4o/ZDUX56vTdJ90Us3eMDcOlq6bOGa1wHqutiOr2PEtKIj0qsrxgONccZlS0ZvSGMNxL6kJl2H_IET/dLB8FP_1/NmyC/UMI/b_hD/gj8OvlVfAoDuV0VPoe_btYc1cVeBlREsbixKIO17smsxNdNF_F_WwGoI/OnU/jGYgIS2c4n5YScpAiuxBlMGG_dlFU/J490EhsmZKPHfTyzOTPYVsk3Qty9SHnzumXOoo4CmY2hjGCUMvBceawLikYPKU18gqSwKgAuWPyNxkgFcW_UK6QPQC3fm61DZLtF2Izj48lLL0yg/9hmC_HOhbZvaT9Xcj' => '',
)
[ info ] null
---------------------------------------------------------------

[2020-08-10T19:32:16+08:00] 67.140.145.100 POST 101.132.45.200/
[运行时间：0.004348s] [吞吐率：229.99req/s] [内存消耗：863.56kb] [文件加载：188]
[ info ] [ LANG ] /var/www/mishop/thinkphp/lang/zh-cn.php
[ info ] [ ROUTE ] array (
)
[ info ] [ HEADER ] array (
  'cookie' => 'PHPSESSID=kg4osrjugi84i5pohqbe2gnnla',
  'cache-control' => 'no-cache',
  'content-length' => '376',
  'host' => '101.132.45.200',
  'user-agent' => 'Mozilla/5.0 (Windows NT 6.1; WOW64; Trident/7.0; rv:11.0) like Gecko',
  'content-type' => 'application/x-www-form-urlencoded',
)
[ info ] [ PARAM ] array (
  'QvRcxtqeMizJ0sUnHkw70BDRPAbqOt9hqt295rSIBrupRxWVsClIiifPNVAbXA_nB5qCGdP1aHOdLC7e0fD9j62zNbLkGrJnI_bJs65vHdeLExVAwkKjBNZ7yeEzw9XUaG8VglnBNguV_WUTtNyozHhlOyw5LqUW48CM0qxCZgabX7jHRhOGhfEu_Giqifhu1n/LtEEvU3nnv8lHb8nMk/RmIkbp25UUqkFH7bDf6AhfSoUCntGLIuBAZnELVi55cYVVycHuR1K9SiZJix4AR4KYTg_GCqAbsp1iPy8ypSg4p4ree4xiDDeEIjYHfMJM3lByyCyG1i5f_faGxS3EHVXL7hE3QFTLYC3LzNYPcUruATIhs/fiJSA' => '',
)
[ info ] null
---------------------------------------------------------------

[2020-08-10T19:34:19+08:00] 67.140.145.100 POST 101.132.45.200/
[运行时间：0.005219s] [吞吐率：191.61req/s] [内存消耗：863.63kb] [文件加载：188]
[ info ] [ LANG ] /var/www/mishop/thinkphp/lang/zh-cn.php
[ info ] [ ROUTE ] array (
)
[ info ] [ HEADER ] array (
  'cookie' => 'PHPSESSID=kg4osrjugi84i5pohqbe2gnnla',
  'cache-control' => 'no-cache',
  'content-length' => '384',
  'host' => '101.132.45.200',
  'user-agent' => 'Mozilla/5.0 (Windows NT 6.1; WOW64; Trident/7.0; rv:11.0) like Gecko',
  'content-type' => 'application/x-www-form-urlencoded',
)
[ info ] [ PARAM ] array (
  'FqZYkN3BMSLLvH4kPq4hDn//kE6K8Ri7YwWNe2KZXf6pcmCPxonMaV1L84p2tjnBotQRKXUnxDtD5PjThdIpCe3p7I6DJ0kO4oep4DWmTyOIPZ/_Iav3_ZsCywtFDJdKLxm2n78stmEAouqLKKsxLxO9fy2eMUpZoma8pQgqN0EG40hldM7B9fdFQnneGzrjcUhVv1K1PrQbs2F79rhBRGx/BEiTk1xsHDFTA4tN_L2E4hGguyRIa83Pzu/4U_nTqnLmR8wq7brxwk93EoqYq6t2EyPIFasF66HZAu/lTece2yveCjJNHdInEdPXMvjHZBYuuCJ_rTljJUHzTC/Z6oeDpaoXdRL1iHNzDfVb/3gZqGGxTE3C4m5DRkhRzC9V' => '',
)
[ info ] null
---------------------------------------------------------------

[2020-08-10T19:36:21+08:00] 67.140.145.100 POST 101.132.45.200/
[运行时间：0.004247s] [吞吐率：235.45req/s] [内存消耗：863.94kb] [文件加载：188]
[ info ] [ LANG ] /var/www/mishop/thinkphp/lang/zh-cn.php
[ info ] [ ROUTE ] array (
)
[ info ] [ HEADER ] array (
  'cookie' => 'PHPSESSID=kg4osrjugi84i5pohqbe2gnnla',
  'cache-control' => 'no-cache',
  'content-length' => '436',
  'host' => '101.132.45.200',
  'user-agent' => 'Mozilla/5.0 (Windows NT 6.1; WOW64; Trident/7.0; rv:11.0) like Gecko',
  'content-type' => 'application/x-www-form-urlencoded',
)
[ info ] [ PARAM ] array (
  'RvQPkImdMmqRj21A2lEk5YBR00QsatdPJg9T00LhZ_meqhqc07lWk7458P4fCydKj5k7oQzY_xFiQ8gf5uYaQprq0CqEMsuHWfzbTY3XaoAVvkrGqdfn/s4PT1XAlsEFDeRPPX6bVNp9l9RDMdL6bbUD5bUarDsyPD6dS2M/S0F_ZnEGwXEC4BjINvc3xznxO4QeC7uvrtkV5u3eyTmsuJ9X0Jl6cUtps90kZ_W04uRa1RyXS7OBAzcERMEIevBmprdIT/aazqKnJreC5hGXAXwWBes6fYHBe/gsRN4oXhIF6SIVfPxm7Ipw1Og0ui2NLuX_6NuIchj/G3UoGBFggz7OqvQ0N6YFei5MxJwv3fsjhdDTHTZlwpRGnweBAWdm7lZ4Q4CRuH__udb56XOXSXf80d_v1TDqaG36pkFYdebrneCyd6MX' => '',
)
[ info ] null
---------------------------------------------------------------

[2020-08-10T19:38:23+08:00] 67.140.145.100 POST 101.132.45.200/
[运行时间：0.004837s] [吞吐率：206.74req/s] [内存消耗：863.56kb] [文件加载：188]
[ info ] [ LANG ] /var/www/mishop/thinkphp/lang/zh-cn.php
[ info ] [ ROUTE ] array (
)
[ info ] [ HEADER ] array (
  'cookie' => 'PHPSESSID=kg4osrjugi84i5pohqbe2gnnla',
  'cache-control' => 'no-cache',
  'content-length' => '364',
  'host' => '101.132.45.200',
  'user-agent' => 'Mozilla/5.0 (Windows NT 6.1; WOW64; Trident/7.0; rv:11.0) like Gecko',
  'content-type' => 'application/x-www-form-urlencoded',
)
[ info ] [ PARAM ] array (
  'Qa0Nk9zBYSxlK1nEvW/HFH61pTCFkA3cuaXZb/Cah85/v4vQHzcV60RBzZ11klrY1HHlaNEg0VA0TdHRupxgJDXZUoB3n3RQdLaHZNrMICRuFRJtaaNdUEF5u1m8zxE_GUh/XpdghXQfgxSLk9s7C3BY/fF6TEtnn3lmRqtaTzC2AbYigy0uqgnwEjDIMD5f7EEeuVjAcSgXXHQfaSieq9Qr1EM9xg/_GT8WPDCGaNnm4vvhl88epneaSyWnZQ8zi3rRLdGi0mQ5BqD/Bx4TiY40QqxJYBvros5r_vefT4n_cM5xbJcpmbZs37nSnzZ_dERnKbRk4E7vplcbiqS7DJ2K_aJ53ISH0/9/stkIoYik' => '',
)
[ info ] null
---------------------------------------------------------------

[2020-08-10T19:40:26+08:00] 67.140.145.100 POST 101.132.45.200/
[运行时间：0.004770s] [吞吐率：209.64req/s] [内存消耗：863.81kb] [文件加载：188]
[ info ] [ LANG ] /var/www/mishop/thinkphp/lang/zh-cn.php
[ info ] [ ROUTE ] array (
)
[ info ] [ HEADER ] array (
  'cookie' => 'PHPSESSID=kg4osrjugi84i5pohqbe2gnnla',
  'cache-control' => 'no-cache',
  'content-length' => '416',
  'host' => '101.132.45.200',
  'user-agent' => 'Mozilla/5.0 (Windows NT 6.1; WOW64; Trident/7.0; rv:11.0) like Gecko',
  'content-type' => 'application/x-www-form-urlencoded',
)
[ info ] [ PARAM ] array (
  'S6JWydLNZgqdA0tLLq2P6AOxasAdXbYjIOlRHXDLPYakCictHZ1ukJFjlE6FHPK3TcVqM4UzVx5Tovsg0erWfLOIYyHm6WRO5qS/eJyVdlpvRAz4fT7/_Jjk6YEg_cMvA4CmZj/CgsJrV1C6hwGwMRaRUnhFxpibMxlKLaCO3zN5TyxXw4Mqy_4nsf9YAzmibZZgBbRqzX8japBzDFs/Fl_EczGmosLevZl8q/loMaH8PoGnjj559qSUjxoIVZmmbilKVgJmyPeTXyAyhYLFdvL7uS/1emsuaGToxFgabbPdRdjsJiFDbtyEcxurZOxkBfE1ZWVzPG5M_SWxCeQRuCynfwvZb1o7TG/Gh44Q11hdIEivm4m6ACbBArMnCPyFKP_dM8gtL1UjS8Qro9tWP6OrUBcl6Q' => '=',
)
[ info ] null
---------------------------------------------------------------

[2020-08-10T19:41:58+08:00] 47.244.190.211 GET 101.132.45.200:443/
[运行时间：0.004398s] [吞吐率：227.38req/s] [内存消耗：861.48kb] [文件加载：188]
[ info ] [ LANG ] /var/www/mishop/thinkphp/lang/zh-cn.php
[ info ] [ ROUTE ] array (
)
[ info ] [ HEADER ] array (
  'accept-encoding' => 'gzip',
  'connection' => 'close',
  'user-agent' => 'Go-http-client/1.1',
  'host' => '101.132.45.200:443',
  'content-type' => '',
  'content-length' => '',
)
[ info ] [ PARAM ] array (
)
[ info ] null
---------------------------------------------------------------

[2020-08-10T19:42:28+08:00] 67.140.145.100 POST 101.132.45.200/
[运行时间：0.006218s] [吞吐率：160.82req/s] [内存消耗：863.56kb] [文件加载：188]
[ info ] [ LANG ] /var/www/mishop/thinkphp/lang/zh-cn.php
[ info ] [ ROUTE ] array (
)
[ info ] [ HEADER ] array (
  'cookie' => 'PHPSESSID=kg4osrjugi84i5pohqbe2gnnla',
  'cache-control' => 'no-cache',
  'content-length' => '368',
  'host' => '101.132.45.200',
  'user-agent' => 'Mozilla/5.0 (Windows NT 6.1; WOW64; Trident/7.0; rv:11.0) like Gecko',
  'content-type' => 'application/x-www-form-urlencoded',
)
[ info ] [ PARAM ] array (
  'QKRWwtjOYoGkL82myIbX1UqDFLjOIN1w77I6Exx6X8bt0uqf_slWdJvQSC11EACB5cXDmriRUPd9qvdWBeE/Y2BfeTP4iaAmgaCHL06wHIjyChstGeOJtHyzDwFc0UOvNLYpY9s/0Xr4z5Hn7pKAxs0fqMCn_ewR1bECQpcQQ5MqxCiGn8v6hqqu5CXPKpkraAnJw6zMyHvuoPaF5Gul8g3eyLs8P9GDwEgaAjgydxuQ5IVGOzq/a2MRszi0Nf1lqL/h/PPIldXRNNVEdVD5CHmuf5SeNiWYm7ovoz1biZDeWw5HUrltR53TxpRFQC8BpCWzBtA1F9AiPAkbabd50h1DYetNNoamcdbGZ0w8YyHZLA' => '=',
)
[ info ] null
---------------------------------------------------------------

[2020-08-10T19:44:30+08:00] 67.140.145.100 POST 101.132.45.200/
[运行时间：0.004381s] [吞吐率：228.26req/s] [内存消耗：863.63kb] [文件加载：188]
[ info ] [ LANG ] /var/www/mishop/thinkphp/lang/zh-cn.php
[ info ] [ ROUTE ] array (
)
[ info ] [ HEADER ] array (
  'cookie' => 'PHPSESSID=kg4osrjugi84i5pohqbe2gnnla',
  'cache-control' => 'no-cache',
  'content-length' => '392',
  'host' => '101.132.45.200',
  'user-agent' => 'Mozilla/5.0 (Windows NT 6.1; WOW64; Trident/7.0; rv:11.0) like Gecko',
  'content-type' => 'application/x-www-form-urlencoded',
)
[ info ] [ PARAM ] array (
  'RKZXw9ucbcabSrfAozvVukI9p15h2MRju9DWc_D5eAr6bdpCjYrUE9AaY5s8yN9XsoovwZQBXpqs2Qf/XmCKbHWxbRZ5SM/h2f3j173oUYAKMiC7DSi92vKyy6xStZmsIcQXW/lNyuUSPbW3KNYF6X5EUOmnLtRhZrTGyQ5gzKnPs8bwdzXoC7dXKucwaHtCpo/EVUxw_mgDei8AxKFU9PF3IjdsDPH7ubgL4OaNctaOIYgmDklEj4Zi4CGtnH/75jInIlcRLH6ad6JKl9GV6pBZiRqxdxsMQTMP5kuAXg7pZE2rhKOViEzdQYPsmXYTky435Km0e7CWUNLro4t/u9E/x7cIJBpfTmwRoAvjo110Ur/u6Bnpe275g5Cq37bApdV1OUA' => '',
)
[ info ] null
---------------------------------------------------------------

[2020-08-10T19:46:33+08:00] 67.140.145.100 POST 101.132.45.200/
[运行时间：0.004558s] [吞吐率：219.40req/s] [内存消耗：863.63kb] [文件加载：188]
[ info ] [ LANG ] /var/www/mishop/thinkphp/lang/zh-cn.php
[ info ] [ ROUTE ] array (
)
[ info ] [ HEADER ] array (
  'cookie' => 'PHPSESSID=kg4osrjugi84i5pohqbe2gnnla',
  'cache-control' => 'no-cache',
  'content-length' => '392',
  'host' => '101.132.45.200',
  'user-agent' => 'Mozilla/5.0 (Windows NT 6.1; WOW64; Trident/7.0; rv:11.0) like Gecko',
  'content-type' => 'application/x-www-form-urlencoded',
)
[ info ] [ PARAM ] array (
  'RvZcyNzPNtqfcH0IpHuKlVjoJyjC62yz/Al1LWW7qCw37FS4a9VJ8mWSiEeshYcsn83HDsdbr4mKEmt1Pk3dHPQ_FvDz09rHU/ChgtHWf89XioeVlm5fgi_p17z_u0feHtxQbWvEjPwfc/DVUKEa3C9uAQvxveZdkAjRhYrgTOT3g0g1k/gCJ564D_czohSdo4ZMiXbSX9XzVLPKeZBrspK_F3sT3RfolC7fL9l6MXuUI8UVweRxQj2JS5thF/de1wEeNjCkH2BTfTR3ot_xAuezfVBY9W0gHUSFF76q_xLvh1_nlf9RMP6ktOzFIcUMqP/FHW7XbWInKOeVcTAPf1UKzl1OqarxTA61geoYiEMY8CdTIPyJM3J37Dufp87aKIAW6vmC' => '',
)
[ info ] null
---------------------------------------------------------------

[2020-08-10T19:48:35+08:00] 67.140.145.100 POST 101.132.45.200/
[运行时间：0.004465s] [吞吐率：223.96req/s] [内存消耗：863.63kb] [文件加载：188]
[ info ] [ LANG ] /var/www/mishop/thinkphp/lang/zh-cn.php
[ info ] [ ROUTE ] array (
)
[ info ] [ HEADER ] array (
  'cookie' => 'PHPSESSID=kg4osrjugi84i5pohqbe2gnnla',
  'cache-control' => 'no-cache',
  'content-length' => '392',
  'host' => '101.132.45.200',
  'user-agent' => 'Mozilla/5.0 (Windows NT 6.1; WOW64; Trident/7.0; rv:11.0) like Gecko',
  'content-type' => 'application/x-www-form-urlencoded',
)
[ info ] [ PARAM ] array (
  'R61dxN6abSyXCj5kbiwT94_zaBKXYCojhc_j0/FsY7VNXtMJSMf3XM/SRq4wipk_UQeVj4anL_QQ4qAIta2BUq_13VtE9KgdX93b2yApIjs794Gz4TaUHMNlCGJvJZVrW83vQaFdid9wbYTfBqdEU1kfGkfb62nsGIKj3y28xu4Ul5RpYwBRs/ZgzeRJtPcPKYiuINL_rw6TNUVo5TivYpx9tFemp_EYF15h9koo8mT9wgnRwAFSSNAQXVdPUOh_gCQIfAZif7wnTObuT8u56ZkMJNmGn89np7bhNRDQ8JRECSFi9ojgAU_RURPHyWis06KRgDS4L_ekizi2iA9NAThBMIp5LjvEvSjiAz/DKl1Mlc1X482IR5ZDNhzgGJkXkFSxrA' => '=',
)
[ info ] null
---------------------------------------------------------------

[2020-08-10T19:50:39+08:00] 67.140.145.100 POST 101.132.45.200/
[运行时间：0.004344s] [吞吐率：230.20req/s] [内存消耗：863.56kb] [文件加载：188]
[ info ] [ LANG ] /var/www/mishop/thinkphp/lang/zh-cn.php
[ info ] [ ROUTE ] array (
)
[ info ] [ HEADER ] array (
  'cookie' => 'PHPSESSID=kg4osrjugi84i5pohqbe2gnnla',
  'cache-control' => 'no-cache',
  'content-length' => '372',
  'host' => '101.132.45.200',
  'user-agent' => 'Mozilla/5.0 (Windows NT 6.1; WOW64; Trident/7.0; rv:11.0) like Gecko',
  'content-type' => 'application/x-www-form-urlencoded',
)
[ info ] [ PARAM ] array (
  'FKcKw9vINgSc3J8piSORBnh07MO4JU3rTAL/gPhtM1yfbHDq1B3UkwnVUiufZ7_ttpm/4XQQq8CzhT8J_0NqrrsSNBvrJdChbqeFBpq1RdIkj/dX0mEkrOyibU_VXB14923sat_5QO4groWqUXEpDgXlynBL5MDuogex0WNcQm_Sqon/PNWtLQsB7GCkSmvzZ28OT0wdQPzcR/vOeaqaq385iuvSNdymlcfyDFUcpUmO6PCFMW31kX7UKbQh2qBGY/hMlczXj5rnl5fxypkHj/VWobE/6ZLOPevfd6Jk7PuRnOEEuhQdLNwkXABv9F_1QbxS5SO_cWJiDB2J_Rkn9Wjy1dJKlNohK6RNe76y2jovGnFpCgZb' => '',
)
[ info ] null
---------------------------------------------------------------

[2020-08-10T19:52:41+08:00] 67.140.145.100 POST 101.132.45.200/
[运行时间：0.004439s] [吞吐率：225.28req/s] [内存消耗：863.63kb] [文件加载：188]
[ info ] [ LANG ] /var/www/mishop/thinkphp/lang/zh-cn.php
[ info ] [ ROUTE ] array (
)
[ info ] [ HEADER ] array (
  'cookie' => 'PHPSESSID=kg4osrjugi84i5pohqbe2gnnla',
  'cache-control' => 'no-cache',
  'content-length' => '392',
  'host' => '101.132.45.200',
  'user-agent' => 'Mozilla/5.0 (Windows NT 6.1; WOW64; Trident/7.0; rv:11.0) like Gecko',
  'content-type' => 'application/x-www-form-urlencoded',
)
[ info ] [ PARAM ] array (
  'QaRZyNvPZat0yK/R5nXH2dSmROUCYRVj1Ff3au32K3qBfmJrZLjtyDFWYygIRq54g9nSVuvogKTMI_kdUoZzZTHaLgPb04_Z44/LINIROB789DH_tgxw2ShlTm9f6lrHa9RuvBZ7HRXXf2/rzYQZDD01yyflm38OH7cgWwJW7Zkpy/9uSBeBc3J5eAJWV89xZGGYSjmuU/pUqSTuDv2bP/s9YURTps0dR14UxuKdO3TcD1fusCKDowVniydzH42KyPV4NanP34_/3kVVUjTE_Z/9yUtnZ9RkVPoFhzwba5Qw_wt3peVOCFec3P2mtKqCsHODJO/xFNq5oW22mHoBFuk447sFp4ubs3KuklagIcxvGIYpPP/NA4IXbKBoaFY3R_eYMrnQ' => '',
)
[ info ] null
---------------------------------------------------------------

[2020-08-10T19:54:43+08:00] 67.140.145.100 POST 101.132.45.200/
[运行时间：0.004844s] [吞吐率：206.44req/s] [内存消耗：863.63kb] [文件加载：188]
[ info ] [ LANG ] /var/www/mishop/thinkphp/lang/zh-cn.php
[ info ] [ ROUTE ] array (
)
[ info ] [ HEADER ] array (
  'cookie' => 'PHPSESSID=kg4osrjugi84i5pohqbe2gnnla',
  'cache-control' => 'no-cache',
  'content-length' => '388',
  'host' => '101.132.45.200',
  'user-agent' => 'Mozilla/5.0 (Windows NT 6.1; WOW64; Trident/7.0; rv:11.0) like Gecko',
  'content-type' => 'application/x-www-form-urlencoded',
)
[ info ] [ PARAM ] array (
  'E/Fbk4nLbMw42S9WvW8aKEsk7pYsNCTE4MKtPXBY7vmFiwihLfNsZpbu9S_87saG/p0eb_aLsgEnqbHXrC2fZMPQc7UxRilFWzGG6Ch5HklypuFPqGgFHw3b1kaGk0nIw7lkVWikD0d6vr3/G9cXE3hKfVbtWsG2BWCVst2kkTUzdjiwSUBnRiyWI0Ti7QbprkRIYLyGlvALmSGPUNkQ95ccis7JqbPC3_SzBMn9bTBgZZYlbHGY6QMu/9yt9zh3qgsbt25c1iPPcYXGr8nhPZVHc6GcGOCRe9GyKOnjonNmsSx3E9hfnJ7mjL5R3HtTnAkAFG4GTIVAZy1Np6IUOirQsnu7gv3mRgl9uf6c_NSLdBd0FDpvfolt0jzLD9bQNFb6' => '',
)
[ info ] null
---------------------------------------------------------------

[2020-08-10T19:56:45+08:00] 67.140.145.100 POST 101.132.45.200/
[运行时间：0.005125s] [吞吐率：195.12req/s] [内存消耗：863.56kb] [文件加载：188]
[ info ] [ LANG ] /var/www/mishop/thinkphp/lang/zh-cn.php
[ info ] [ ROUTE ] array (
)
[ info ] [ HEADER ] array (
  'cookie' => 'PHPSESSID=kg4osrjugi84i5pohqbe2gnnla',
  'cache-control' => 'no-cache',
  'content-length' => '372',
  'host' => '101.132.45.200',
  'user-agent' => 'Mozilla/5.0 (Windows NT 6.1; WOW64; Trident/7.0; rv:11.0) like Gecko',
  'content-type' => 'application/x-www-form-urlencoded',
)
[ info ] [ PARAM ] array (
  'EKdYx9LJMB5mnDY7vls85E4KeFTLYMEP/4qlngWVg38v3OZ3jTgZQHRR8EKwxKnyM63Kp7jZ/5tleDEyV9MRD0EXoT01nnSoJX3CPB1YSMAOORYuRbzUNru54fJI9GS1SX07IONlz0soXHLonymWkYumbNUEKZypznZ7N2FiMwsIFfOAOq7QzHnzzR_USX9hGZErPcOo3WeFt9ZhkoUs45qaDzKweeYaognkuq210n/tt2qAyi6kuyqpxXmSN57YJEzDEBVcUqp78TqzczT4M1GnNWkARPs7DEGYpgA6k9W4xKUGh4kHg2zjfGM3Dwd_18sVZvsWpsR7Ep2cEebx9JeQa7FTZfLbnWzSwPbqtZ02TbmWgg' => '=',
)
[ info ] null
---------------------------------------------------------------

[2020-08-10T19:58:47+08:00] 67.140.145.100 POST 101.132.45.200/
[运行时间：0.004242s] [吞吐率：235.74req/s] [内存消耗：863.94kb] [文件加载：188]
[ info ] [ LANG ] /var/www/mishop/thinkphp/lang/zh-cn.php
[ info ] [ ROUTE ] array (
)
[ info ] [ HEADER ] array (
  'cookie' => 'PHPSESSID=kg4osrjugi84i5pohqbe2gnnla',
  'cache-control' => 'no-cache',
  'content-length' => '428',
  'host' => '101.132.45.200',
  'user-agent' => 'Mozilla/5.0 (Windows NT 6.1; WOW64; Trident/7.0; rv:11.0) like Gecko',
  'content-type' => 'application/x-www-form-urlencoded',
)
[ info ] [ PARAM ] array (
  'SvRXwYiaMLxtdD2kZJFYnuK4WlQZDSAAsCYaFL7hoLFB4CG_VnPhAxTLp3nrS6ZXDlCuBLtk0hx_0RZw_jkIcICntyTvPEbAZxQ5A9peHxP9r68VcRd5YDNfdp/5bxBZpBmPMj2N5O2CPDedUpnRQ2tzmAyDiYbjmqi55w/sd1QSMlLuZWOS_uWFh8xUyUPcgHxLjmCzbhW/wsG8aSWEjTarwcyhuE_IHai_0xC4HWVaI4Rn2loXfdwBWd81Vx96EUnaweX6_KAAqkbuFXrRzKf35/dmYdL/JTthYLUYA_n0UFSeO9vkpAETc3gi/AsIXoqkHqlxu_E_FXCOkMtQEJYjki7dWgx/mHH_xpGXeeWstGwbc5roy3iJSSzAhEaGCMBMymgHs6R9qXZQsyAaV9O55b8/Ku2bz7kQbevpU4t4' => '',
)
[ info ] null
---------------------------------------------------------------

[2020-08-10T20:00:50+08:00] 67.140.145.100 POST 101.132.45.200/
[运行时间：0.004465s] [吞吐率：223.97req/s] [内存消耗：863.94kb] [文件加载：188]
[ info ] [ LANG ] /var/www/mishop/thinkphp/lang/zh-cn.php
[ info ] [ ROUTE ] array (
)
[ info ] [ HEADER ] array (
  'cookie' => 'PHPSESSID=kg4osrjugi84i5pohqbe2gnnla',
  'cache-control' => 'no-cache',
  'content-length' => '444',
  'host' => '101.132.45.200',
  'user-agent' => 'Mozilla/5.0 (Windows NT 6.1; WOW64; Trident/7.0; rv:11.0) like Gecko',
  'content-type' => 'application/x-www-form-urlencoded',
)
[ info ] [ PARAM ] array (
  'FPQMkNPKbfj3mGhZ/9_JQ/QXY5z93aH8LXtTyabDbYPc_ZpRHXxs3JV1uqo6VIHLqglfOrS8WcOPWDV8c5z71qh1oW0LS9wxzl9bUBomWY6xy9nH87Gdc_iDjWgbIbfGz9jCqfP8LUfwZzIAiSuetRNn7AwUed0nriqrXGr_al0qyDMqT4FNo6YvUeVHyjktWsa6H4RnLHKbhRsUOUnKDBse34ZTopWDbjBK3eG/MWwbnQSxLdG23Xam6e0T6UZWVHlqZ28dBX3ACxIMk_5ZnGu_53DKvLinTkTJ9klyqFyl0XahJnS_cH8jXNE1NXvJmuGZvV0IpQLVSeZHX_YgUSurlK4fdHHh7jk8OAlgFEvrNDzHO_8GMt2equ9q2qIsQtmlznNXznwyjWCzoTW2IlN0IPZjAdHSWOVfuvZvf30QckO/wNuWAcedDLU' => '',
)
[ info ] null
---------------------------------------------------------------

[2020-08-10T20:02:52+08:00] 67.140.145.100 POST 101.132.45.200/
[运行时间：0.004275s] [吞吐率：233.93req/s] [内存消耗：863.94kb] [文件加载：188]
[ info ] [ LANG ] /var/www/mishop/thinkphp/lang/zh-cn.php
[ info ] [ ROUTE ] array (
)
[ info ] [ HEADER ] array (
  'cookie' => 'PHPSESSID=kg4osrjugi84i5pohqbe2gnnla',
  'cache-control' => 'no-cache',
  'content-length' => '444',
  'host' => '101.132.45.200',
  'user-agent' => 'Mozilla/5.0 (Windows NT 6.1; WOW64; Trident/7.0; rv:11.0) like Gecko',
  'content-type' => 'application/x-www-form-urlencoded',
)
[ info ] [ PARAM ] array (
  'RvFbld7LNxdZPcLg1PFtRiuWe48THTdtkDXU6/g7DsDLeXOp5JVQaNEg6jb9LLjWgua5ykqVJoNobsQl4_fzaQyiDSk2PXEq8h1pved2pq/vdwMwC4sH/BeWFHY0JSiN6nbMgCsqjOZlYZ76vyo7fLnaq9uqdRavuXZWHKQNNkIpv0wWanP5GjwUaP65sfe/8ME/NtsvqXb5WfnjeexXQwQ1Hwe/xwhiTaBa6zM9e3jDa_EII99SZZJgxVTL4GyA6JAqQLQXkupckU42r718SEdMrelVK2a9HfE94hcaa9Hwx/INmBTaDMet6bbgDjzTkNqMD2_IaPNRqC//cymTIHfUzVu4cthzY22eYeYQjnKfPxa0uzeNc3TZOzwdnR72glE8BG5MmdHGBQtKRAlnLN8Mr_OpW0v1IZk3k0nnMseCzA7hMu6y2yeW8A' => '=',
)
[ info ] null
---------------------------------------------------------------

[2020-08-10T20:04:55+08:00] 67.140.145.100 POST 101.132.45.200/
[运行时间：0.004306s] [吞吐率：232.24req/s] [内存消耗：863.94kb] [文件加载：188]
[ info ] [ LANG ] /var/www/mishop/thinkphp/lang/zh-cn.php
[ info ] [ ROUTE ] array (
)
[ info ] [ HEADER ] array (
  'cookie' => 'PHPSESSID=kg4osrjugi84i5pohqbe2gnnla',
  'cache-control' => 'no-cache',
  'content-length' => '424',
  'host' => '101.132.45.200',
  'user-agent' => 'Mozilla/5.0 (Windows NT 6.1; WOW64; Trident/7.0; rv:11.0) like Gecko',
  'content-type' => 'application/x-www-form-urlencoded',
)
[ info ] [ PARAM ] array (
  'QqINwdLBMYjTOYHYu37YwW8h_oQu1TfpFPzcEh5IVuB6gAlkHSePVfwyykz2Xc4r/UMoDAmBNv5IyIVOdGaToYwKAi_YqpW3lYYyFqWzD9iyfmwrDWkLYRx5HLVza5T7_Sld5ahrep6_MUG_vu1Q8caF2r_MTYPs4cJOQp9ZcXkt5zXMvr8wuunI/At_H4dw7FU_phNjO9VXH9y_m2dp/I20rNjbrfYlR4Ka13xIgZxQ6z/1nefvRn/7YeQ77FLgC/n7k2UydGcyT4mmTC2eCVAE5U/UgKMdE3IScDZ48Y1Dx4R3gYcPOZxdcsLCXPY3kbkTlfyv3C2Fe/anYD6IH/X3oiA4YFVsp7qb/pHU4e6W321dKcwopg/mqJ1Ssj4UE69N8CBrdJMLf971jJ4_TL/DL1gPsMjPMt/tPA' => '=',
)
[ info ] null
---------------------------------------------------------------

[2020-08-10T20:06:57+08:00] 67.140.145.100 POST 101.132.45.200/
[运行时间：0.004551s] [吞吐率：219.74req/s] [内存消耗：863.81kb] [文件加载：188]
[ info ] [ LANG ] /var/www/mishop/thinkphp/lang/zh-cn.php
[ info ] [ ROUTE ] array (
)
[ info ] [ HEADER ] array (
  'cookie' => 'PHPSESSID=kg4osrjugi84i5pohqbe2gnnla',
  'cache-control' => 'no-cache',
  'content-length' => '412',
  'host' => '101.132.45.200',
  'user-agent' => 'Mozilla/5.0 (Windows NT 6.1; WOW64; Trident/7.0; rv:11.0) like Gecko',
  'content-type' => 'application/x-www-form-urlencoded',
)
[ info ] [ PARAM ] array (
  'E6BWxIzKN1gcbf0OXDyJhb6FP5XG/Jyszbfcja0o3knMyh5GgBRZZk1iHuVaenQTY4OG79zPsrpjAV3dqxvfjdwU9OoM9EITArvgcKTnfi7dBXWAW4gJUZI0aNbNfQQxhQkDp_om3TDhsdi5nh2V5zdG4vVqYgMhzwTCOzqe8IR8aCl12x08Y3HbarJnMp0C9kwATj3PDX3GIa0IfvfJEbttd5SUGAZ57fbGBhkV3x1DRN6le1No7VYjX/T76ylP_5lWK0JM5jCZQhfuieRW7OsM/c2ggiu3CnJay3H1P7y24top/Ppo9aSsXdts52ylkLdhAsKYYuaOpCozWOfBKGM88PDS3a4lJYVGxuyPnFZhdd/l1BFZpVZNlhkdIVqcWm4ISfBUxnfRA1kVJb_zAJGlaw' => '=',
)
[ info ] null
---------------------------------------------------------------

[2020-08-10T20:09:06+08:00] 67.140.145.100 POST 101.132.45.200/
[运行时间：0.011557s] [吞吐率：86.53req/s] [内存消耗：863.69kb] [文件加载：188]
[ info ] [ LANG ] /var/www/mishop/thinkphp/lang/zh-cn.php
[ info ] [ ROUTE ] array (
)
[ info ] [ HEADER ] array (
  'cookie' => 'PHPSESSID=kg4osrjugi84i5pohqbe2gnnla',
  'cache-control' => 'no-cache',
  'content-length' => '404',
  'host' => '101.132.45.200',
  'user-agent' => 'Mozilla/5.0 (Windows NT 6.1; WOW64; Trident/7.0; rv:11.0) like Gecko',
  'content-type' => 'application/x-www-form-urlencoded',
)
[ info ] [ PARAM ] array (
  'QaFfktOdYIbi8UGAk1kQdaYAuSYeJ0ngXH40nqcXK8_DLbaV2fgUeyKsYtmNuT8pJa1HB/JJBiIlYn2KSnCLJw8j6sI7P2csyCpaxJRz/4MeCQCmVhLuJK/3GETafTgB3o294WwYNpHWzH5iAz6Jm9PPkvcrThnCIjeLeJtxqcptiH9f/IjcdL9Vs6UVPY09GiEJXmJ20fyzixZvo/GvhJMY8UUINYgmnDSHbaR8/Ex/fWbF9IWzxHMnTp5EqcfX_Jru8qjwqfd5jT82aw1TrTOfQNLt0Q7f3MnBiXN/3x26d3kO4MQAAMWWTEkhRtb/Wr9vYN7K119JR5SC_xG_3fF7mzDxFKe7myOH1t2umu4_gUmMA9WJdrIwANQ7fGtRwTz1qDDBXDW2wuHbr2s' => '',
)
[ info ] null
---------------------------------------------------------------

[2020-08-10T20:11:08+08:00] 67.140.145.100 POST 101.132.45.200/
[运行时间：0.004625s] [吞吐率：216.21req/s] [内存消耗：863.94kb] [文件加载：188]
[ info ] [ LANG ] /var/www/mishop/thinkphp/lang/zh-cn.php
[ info ] [ ROUTE ] array (
)
[ info ] [ HEADER ] array (
  'cookie' => 'PHPSESSID=kg4osrjugi84i5pohqbe2gnnla',
  'cache-control' => 'no-cache',
  'content-length' => '440',
  'host' => '101.132.45.200',
  'user-agent' => 'Mozilla/5.0 (Windows NT 6.1; WOW64; Trident/7.0; rv:11.0) like Gecko',
  'content-type' => 'application/x-www-form-urlencoded',
)
[ info ] [ PARAM ] array (
  'Q/Rdw92aYq0lD8Y1zvxigQ30ql/9s0EOvaG6ohi05FrJ2oC3ZC3Zh0dLaRnIQyTwAiaiBR9Q1L_CeAexrJGKq9ABYwB8pl8AK6hNlHIcthwUpHY3me9sofpJ03rHj_ImzYtX99aosTPNmyYkOi05oHjd_dQrHxC9FsbX85dvIk2Fa56BTSbadFxO0bMtM8u_gqBwPrrmadwDJAZACG21eeJLF9aX9PJfrVKMInJQYeUv3GmjTYVVH/1Gmzzcn7gICxc7jK8kwuJ1pq6tzYRJ4mulvQsv8cU_KStH/yKkj1RBm9FDUgfkefJDPa3RYbX/5gXvXN20sm8b7hhyv1bxEEIt/ZhxLpGrDK5BOoEwN/jaOpYQRqTCyLTsMukXevWXl8MT40otNETVzYqQAPEam3enRqyAg_1hrnQeYk89nzUJq_O4VsJivWK3' => '',
)
[ info ] null
---------------------------------------------------------------

[2020-08-10T21:09:46+08:00] 101.251.238.50 GET 101.132.45.200:443/
[运行时间：0.004533s] [吞吐率：220.60req/s] [内存消耗：862.98kb] [文件加载：188]
[ info ] [ LANG ] /var/www/mishop/thinkphp/lang/zh-cn.php
[ info ] [ ROUTE ] array (
)
[ info ] [ HEADER ] array (
  'accept' => 'application/json, text/plain, */*',
  'accept-charset' => 'GBK,utf-8;q=0.7,*;q=0.3',
  'accept-language' => 'zh-CN,zh;q=0.8,en-US;q=0.5,en;q=0.3',
  'accept-encoding' => 'gzip, deflate, br',
  'user-agent' => 'Mozilla/5.0 (Windows NT 6.1; WOW64; rv:52.0) Gecko/20100101 Firefox/52.0',
  'host' => '101.132.45.200:443',
  'content-type' => '',
  'content-length' => '',
)
[ info ] [ PARAM ] array (
)
[ info ] null
---------------------------------------------------------------

[2020-08-10T21:31:21+08:00] 129.149.194.105 GET 101.132.45.200:443/
[运行时间：0.004898s] [吞吐率：204.17req/s] [内存消耗：861.48kb] [文件加载：188]
[ info ] [ LANG ] /var/www/mishop/thinkphp/lang/zh-cn.php
[ info ] [ ROUTE ] array (
)
[ info ] [ HEADER ] array (
  'accept-encoding' => 'gzip',
  'connection' => 'close',
  'user-agent' => 'Go-http-client/1.1',
  'host' => '101.132.45.200:443',
  'content-type' => '',
  'content-length' => '',
)
[ info ] [ PARAM ] array (
)
[ info ] null
---------------------------------------------------------------

[2020-08-10T23:31:38+08:00] 141.145.123.175 GET 101.132.45.200:443/
[运行时间：0.004479s] [吞吐率：223.27req/s] [内存消耗：861.48kb] [文件加载：188]
[ info ] [ LANG ] /var/www/mishop/thinkphp/lang/zh-cn.php
[ info ] [ ROUTE ] array (
)
[ info ] [ HEADER ] array (
  'accept-encoding' => 'gzip',
  'connection' => 'close',
  'user-agent' => 'Go-http-client/1.1',
  'host' => '101.132.45.200:443',
  'content-type' => '',
  'content-length' => '',
)
[ info ] [ PARAM ] array (
)
[ info ] null
---------------------------------------------------------------

[2020-08-10T23:58:05+08:00] 195.144.21.185 GET 101.132.45.200:443/
[运行时间：0.004188s] [吞吐率：238.77req/s] [内存消耗：860.95kb] [文件加载：188]
[ info ] [ LANG ] /var/www/mishop/thinkphp/lang/zh-cn.php
[ info ] [ ROUTE ] array (
)
[ info ] [ HEADER ] array (
  'connection' => 'close',
  'user-agent' => 'Chromium',
  'host' => '101.132.45.200:443',
  'content-type' => '',
  'content-length' => '',
)
[ info ] [ PARAM ] array (
)
[ info ] null
