---------------------------------------------------------------

[2020-08-15T00:32:12+08:00] 47.94.52.138 GET /
[运行时间：0.004461s] [吞吐率：224.16req/s] [内存消耗：859.20kb] [文件加载：188]
[ info ] [ LANG ] /var/www/mishop/thinkphp/lang/zh-cn.php
[ info ] [ ROUTE ] array (
)
[ info ] [ HEADER ] array (
  'content-type' => '',
  'content-length' => '',
)
[ info ] [ PARAM ] array (
)
[ info ] null
---------------------------------------------------------------

[2020-08-15T01:15:30+08:00] 172.104.108.243 GET 101.132.45.200/
[运行时间：0.004454s] [吞吐率：224.52req/s] [内存消耗：862.24kb] [文件加载：188]
[ info ] [ LANG ] /var/www/mishop/thinkphp/lang/zh-cn.php
[ info ] [ ROUTE ] array (
)
[ info ] [ HEADER ] array (
  'connection' => 'Keep-Alive',
  'host' => '101.132.45.200',
  'accept-encoding' => 'identity',
  'accept' => '*/*',
  'user-agent' => 'Mozilla/5.0 (Windows NT; FreeBSD; Debian; Android) Gecko/20170101 Firefox Chrome Safaria',
  'content-type' => '',
  'content-length' => '',
)
[ info ] [ PARAM ] array (
)
[ info ] null
---------------------------------------------------------------

[2020-08-15T04:00:26+08:00] 144.21.69.111 GET 101.132.45.200:443/
[运行时间：0.004261s] [吞吐率：234.69req/s] [内存消耗：861.48kb] [文件加载：188]
[ info ] [ LANG ] /var/www/mishop/thinkphp/lang/zh-cn.php
[ info ] [ ROUTE ] array (
)
[ info ] [ HEADER ] array (
  'accept-encoding' => 'gzip',
  'connection' => 'close',
  'user-agent' => 'Go-http-client/1.1',
  'host' => '101.132.45.200:443',
  'content-type' => '',
  'content-length' => '',
)
[ info ] [ PARAM ] array (
)
[ info ] null
---------------------------------------------------------------

[2020-08-15T05:01:59+08:00] 61.132.226.5 GET 101.132.45.200:443/
[运行时间：0.004366s] [吞吐率：229.05req/s] [内存消耗：861.48kb] [文件加载：188]
[ info ] [ LANG ] /var/www/mishop/thinkphp/lang/zh-cn.php
[ info ] [ ROUTE ] array (
)
[ info ] [ HEADER ] array (
  'accept-encoding' => 'gzip',
  'connection' => 'close',
  'user-agent' => 'Go-http-client/1.1',
  'host' => '101.132.45.200:443',
  'content-type' => '',
  'content-length' => '',
)
[ info ] [ PARAM ] array (
)
[ info ] null
---------------------------------------------------------------

[2020-08-15T05:30:09+08:00] 130.61.17.2 GET 101.132.45.200:443/
[运行时间：0.004649s] [吞吐率：215.10req/s] [内存消耗：861.48kb] [文件加载：188]
[ info ] [ LANG ] /var/www/mishop/thinkphp/lang/zh-cn.php
[ info ] [ ROUTE ] array (
)
[ info ] [ HEADER ] array (
  'accept-encoding' => 'gzip',
  'connection' => 'close',
  'user-agent' => 'Go-http-client/1.1',
  'host' => '101.132.45.200:443',
  'content-type' => '',
  'content-length' => '',
)
[ info ] [ PARAM ] array (
)
[ info ] null
---------------------------------------------------------------

[2020-08-15T05:59:41+08:00] 139.162.21.140 GET 101.132.45.200/
[运行时间：0.004829s] [吞吐率：207.09req/s] [内存消耗：861.39kb] [文件加载：188]
[ info ] [ LANG ] /var/www/mishop/thinkphp/lang/zh-cn.php
[ info ] [ ROUTE ] array (
)
[ info ] [ HEADER ] array (
  'accept-encoding' => 'gzip',
  'accept' => '*/*',
  'user-agent' => 'Mozilla/5.0 zgrab/0.x',
  'host' => '101.132.45.200',
  'content-type' => '',
  'content-length' => '',
)
[ info ] [ PARAM ] array (
)
[ info ] null
---------------------------------------------------------------

[2020-08-15T06:10:12+08:00] 130.162.67.221 GET 101.132.45.200:443/
[运行时间：0.004697s] [吞吐率：212.90req/s] [内存消耗：861.48kb] [文件加载：188]
[ info ] [ LANG ] /var/www/mishop/thinkphp/lang/zh-cn.php
[ info ] [ ROUTE ] array (
)
[ info ] [ HEADER ] array (
  'accept-encoding' => 'gzip',
  'connection' => 'close',
  'user-agent' => 'Go-http-client/1.1',
  'host' => '101.132.45.200:443',
  'content-type' => '',
  'content-length' => '',
)
[ info ] [ PARAM ] array (
)
[ info ] null
---------------------------------------------------------------

[2020-08-15T06:23:27+08:00] 193.118.53.202 GET 101.132.45.200/
[运行时间：0.004485s] [吞吐率：222.96req/s] [内存消耗：861.73kb] [文件加载：188]
[ info ] [ LANG ] /var/www/mishop/thinkphp/lang/zh-cn.php
[ info ] [ ROUTE ] array (
)
[ info ] [ HEADER ] array (
  'accept-encoding' => 'gzip',
  'accept' => '*/*',
  'user-agent' => 'Mozilla/5.0 (Windows NT 10.0; Win64; x64) AppleWebKit/537.36 (KHTML, like Gecko) Chrome/60.0.3112.113 Safari/537.36',
  'host' => '101.132.45.200',
  'content-type' => '',
  'content-length' => '',
)
[ info ] [ PARAM ] array (
)
[ info ] null
---------------------------------------------------------------

[2020-08-15T07:41:08+08:00] 101.132.121.228 GET 101.132.45.200/
[运行时间：0.004324s] [吞吐率：231.27req/s] [内存消耗：861.63kb] [文件加载：188]
[ info ] [ LANG ] /var/www/mishop/thinkphp/lang/zh-cn.php
[ info ] [ ROUTE ] array (
)
[ info ] [ HEADER ] array (
  'accept-encoding' => 'gzip',
  'connection' => 'Keep-Alive',
  'host' => '101.132.45.200',
  'user-agent' => 'Mozilla/5.0 chrome(windows nt/Windows NT;)Chrome',
  'content-type' => '',
  'content-length' => '',
)
[ info ] [ PARAM ] array (
)
[ info ] null
---------------------------------------------------------------

[2020-08-15T08:26:26+08:00] 184.105.247.196 GET 101.132.45.200/
[运行时间：0.004547s] [吞吐率：219.92req/s] [内存消耗：859.82kb] [文件加载：188]
[ info ] [ LANG ] /var/www/mishop/thinkphp/lang/zh-cn.php
[ info ] [ ROUTE ] array (
)
[ info ] [ HEADER ] array (
  'host' => '101.132.45.200',
  'content-type' => '',
  'content-length' => '',
)
[ info ] [ PARAM ] array (
)
[ info ] null
---------------------------------------------------------------

[2020-08-15T09:34:51+08:00] 203.208.60.93 GET www.techbimu.com/.well-known/assetlinks.json
[运行时间：0.003265s] [吞吐率：306.29req/s] [内存消耗：522.79kb] [文件加载：109]
[ info ] [ LANG ] /var/www/mishop/thinkphp/lang/zh-cn.php
---------------------------------------------------------------

[2020-08-15T09:56:09+08:00] 129.150.72.6 GET 101.132.45.200:443/
[运行时间：0.004288s] [吞吐率：233.21req/s] [内存消耗：861.48kb] [文件加载：188]
[ info ] [ LANG ] /var/www/mishop/thinkphp/lang/zh-cn.php
[ info ] [ ROUTE ] array (
)
[ info ] [ HEADER ] array (
  'accept-encoding' => 'gzip',
  'connection' => 'close',
  'user-agent' => 'Go-http-client/1.1',
  'host' => '101.132.45.200:443',
  'content-type' => '',
  'content-length' => '',
)
[ info ] [ PARAM ] array (
)
[ info ] null
---------------------------------------------------------------

[2020-08-15T12:39:58+08:00] 117.102.122.189 GET 101.132.45.200:443/
[运行时间：0.004610s] [吞吐率：216.93req/s] [内存消耗：861.48kb] [文件加载：188]
[ info ] [ LANG ] /var/www/mishop/thinkphp/lang/zh-cn.php
[ info ] [ ROUTE ] array (
)
[ info ] [ HEADER ] array (
  'accept-encoding' => 'gzip',
  'connection' => 'close',
  'user-agent' => 'Go-http-client/1.1',
  'host' => '101.132.45.200:443',
  'content-type' => '',
  'content-length' => '',
)
[ info ] [ PARAM ] array (
)
[ info ] null
---------------------------------------------------------------

[2020-08-15T12:41:27+08:00] 119.23.138.247 GET /
[运行时间：0.004556s] [吞吐率：219.48req/s] [内存消耗：859.20kb] [文件加载：188]
[ info ] [ LANG ] /var/www/mishop/thinkphp/lang/zh-cn.php
[ info ] [ ROUTE ] array (
)
[ info ] [ HEADER ] array (
  'content-type' => '',
  'content-length' => '',
)
[ info ] [ PARAM ] array (
)
[ info ] null
---------------------------------------------------------------

[2020-08-15T12:50:13+08:00] 47.101.145.173 GET mishop.holyzq.com/
[运行时间：0.004395s] [吞吐率：227.53req/s] [内存消耗：861.56kb] [文件加载：188]
[ info ] [ LANG ] /var/www/mishop/thinkphp/lang/zh-cn.php
[ info ] [ ROUTE ] array (
)
[ info ] [ HEADER ] array (
  'accept-encoding' => 'gzip',
  'connection' => 'Keep-Alive',
  'host' => 'mishop.holyzq.com',
  'user-agent' => 'Mozilla/5.0 (Linux/Android/android/iphone;)',
  'content-type' => '',
  'content-length' => '',
)
[ info ] [ PARAM ] array (
)
[ info ] null
---------------------------------------------------------------

[2020-08-15T13:11:32+08:00] 60.191.20.213 GET /
[运行时间：0.004338s] [吞吐率：230.52req/s] [内存消耗：859.20kb] [文件加载：188]
[ info ] [ LANG ] /var/www/mishop/thinkphp/lang/zh-cn.php
[ info ] [ ROUTE ] array (
)
[ info ] [ HEADER ] array (
  'content-type' => '',
  'content-length' => '',
)
[ info ] [ PARAM ] array (
)
[ info ] null
---------------------------------------------------------------

[2020-08-15T13:28:54+08:00] 185.100.87.248 GET /
[运行时间：0.004662s] [吞吐率：214.50req/s] [内存消耗：859.20kb] [文件加载：188]
[ info ] [ LANG ] /var/www/mishop/thinkphp/lang/zh-cn.php
[ info ] [ ROUTE ] array (
)
[ info ] [ HEADER ] array (
  'content-type' => '',
  'content-length' => '',
)
[ info ] [ PARAM ] array (
)
[ info ] null
---------------------------------------------------------------

[2020-08-15T13:30:44+08:00] 185.100.87.248 GET /
[运行时间：0.004717s] [吞吐率：211.99req/s] [内存消耗：859.20kb] [文件加载：188]
[ info ] [ LANG ] /var/www/mishop/thinkphp/lang/zh-cn.php
[ info ] [ ROUTE ] array (
)
[ info ] [ HEADER ] array (
  'content-type' => '',
  'content-length' => '',
)
[ info ] [ PARAM ] array (
)
[ info ] null
---------------------------------------------------------------

[2020-08-15T13:30:45+08:00] 185.100.87.248 HEAD 101.132.45.200/
[运行时间：0.003516s] [吞吐率：284.42req/s] [内存消耗：860.81kb] [文件加载：188]
[ info ] [ LANG ] /var/www/mishop/thinkphp/lang/zh-cn.php
[ info ] [ ROUTE ] array (
)
[ info ] [ HEADER ] array (
  'connection' => 'close',
  'user-agent' => 'Mozilla/5.0 (Windows NT 6.1) AppleWebKit/537.36 (KHTML, like Gecko) Chrome/36.0.1985.125 Safari/537.36',
  'host' => '101.132.45.200',
  'content-type' => '',
  'content-length' => '',
)
[ info ] [ PARAM ] array (
)
[ info ] null
---------------------------------------------------------------

[2020-08-15T13:30:46+08:00] 185.100.87.248 GET 101.132.45.200/nmaplowercheck1597469442
[运行时间：0.002595s] [吞吐率：385.36req/s] [内存消耗：522.80kb] [文件加载：109]
[ info ] [ LANG ] /var/www/mishop/thinkphp/lang/zh-cn.php
---------------------------------------------------------------

[2020-08-15T13:30:47+08:00] 185.100.87.248 GET 101.132.45.200/
[运行时间：0.004301s] [吞吐率：232.50req/s] [内存消耗：859.82kb] [文件加载：188]
[ info ] [ LANG ] /var/www/mishop/thinkphp/lang/zh-cn.php
[ info ] [ ROUTE ] array (
)
[ info ] [ HEADER ] array (
  'host' => '101.132.45.200',
  'content-type' => '',
  'content-length' => '',
)
[ info ] [ PARAM ] array (
)
[ info ] null
---------------------------------------------------------------

[2020-08-15T13:30:47+08:00] 185.100.87.248 GET 101.132.45.200/
[运行时间：0.003637s] [吞吐率：274.95req/s] [内存消耗：861.18kb] [文件加载：188]
[ info ] [ LANG ] /var/www/mishop/thinkphp/lang/zh-cn.php
[ info ] [ ROUTE ] array (
)
[ info ] [ HEADER ] array (
  'connection' => 'close',
  'user-agent' => 'Mozilla/5.0 (Windows NT 6.1) AppleWebKit/537.36 (KHTML, like Gecko) Chrome/36.0.1985.125 Safari/537.36',
  'host' => '101.132.45.200',
  'content-type' => '',
  'content-length' => '',
)
[ info ] [ PARAM ] array (
)
[ info ] null
---------------------------------------------------------------

[2020-08-15T13:30:49+08:00] 185.100.87.248 GET 101.132.45.200/evox/about
[运行时间：0.002503s] [吞吐率：399.53req/s] [内存消耗：522.78kb] [文件加载：109]
[ info ] [ LANG ] /var/www/mishop/thinkphp/lang/zh-cn.php
---------------------------------------------------------------

[2020-08-15T13:30:49+08:00] 185.100.87.248 POST 101.132.45.200/sdk
[运行时间：0.002242s] [吞吐率：446.06req/s] [内存消耗：522.52kb] [文件加载：109]
[ info ] [ LANG ] /var/www/mishop/thinkphp/lang/zh-cn.php
---------------------------------------------------------------

[2020-08-15T13:30:52+08:00] 185.100.87.248 GET 101.132.45.200/HNAP1
[运行时间：0.003443s] [吞吐率：290.44req/s] [内存消耗：522.77kb] [文件加载：109]
[ info ] [ LANG ] /var/www/mishop/thinkphp/lang/zh-cn.php
---------------------------------------------------------------

[2020-08-15T13:49:39+08:00] 141.145.112.111 GET 101.132.45.200:443/
[运行时间：0.004783s] [吞吐率：209.08req/s] [内存消耗：861.48kb] [文件加载：188]
[ info ] [ LANG ] /var/www/mishop/thinkphp/lang/zh-cn.php
[ info ] [ ROUTE ] array (
)
[ info ] [ HEADER ] array (
  'accept-encoding' => 'gzip',
  'connection' => 'close',
  'user-agent' => 'Go-http-client/1.1',
  'host' => '101.132.45.200:443',
  'content-type' => '',
  'content-length' => '',
)
[ info ] [ PARAM ] array (
)
[ info ] null
---------------------------------------------------------------

[2020-08-15T15:12:09+08:00] 139.162.116.133 GET 101.132.45.200/
[运行时间：0.004381s] [吞吐率：228.25req/s] [内存消耗：860.96kb] [文件加载：188]
[ info ] [ LANG ] /var/www/mishop/thinkphp/lang/zh-cn.php
[ info ] [ ROUTE ] array (
)
[ info ] [ HEADER ] array (
  'connection' => 'close',
  'user-agent' => 'HTTP Banner Detection (https://security.ipip.net)',
  'host' => '101.132.45.200',
  'content-type' => '',
  'content-length' => '',
)
[ info ] [ PARAM ] array (
)
[ info ] null
---------------------------------------------------------------

[2020-08-15T16:18:52+08:00] 193.118.53.194 GET 101.132.45.200/
[运行时间：0.004236s] [吞吐率：236.07req/s] [内存消耗：861.73kb] [文件加载：188]
[ info ] [ LANG ] /var/www/mishop/thinkphp/lang/zh-cn.php
[ info ] [ ROUTE ] array (
)
[ info ] [ HEADER ] array (
  'accept-encoding' => 'gzip',
  'accept' => '*/*',
  'user-agent' => 'Mozilla/5.0 (Windows NT 10.0; Win64; x64) AppleWebKit/537.36 (KHTML, like Gecko) Chrome/60.0.3112.113 Safari/537.36',
  'host' => '101.132.45.200',
  'content-type' => '',
  'content-length' => '',
)
[ info ] [ PARAM ] array (
)
[ info ] null
---------------------------------------------------------------

[2020-08-15T18:54:00+08:00] 92.118.160.33 GET 101.132.45.200:443/
[运行时间：0.004768s] [吞吐率：209.73req/s] [内存消耗：860.78kb] [文件加载：188]
[ info ] [ LANG ] /var/www/mishop/thinkphp/lang/zh-cn.php
[ info ] [ ROUTE ] array (
)
[ info ] [ HEADER ] array (
  'user-agent' => 'NetSystemsResearch studies the availability of various services across the internet. Our website is netsystemsresearch.com',
  'host' => '101.132.45.200:443',
  'content-type' => '',
  'content-length' => '',
)
[ info ] [ PARAM ] array (
)
[ info ] null
---------------------------------------------------------------

[2020-08-15T19:24:24+08:00] 83.97.20.30 GET 0/
[运行时间：0.004256s] [吞吐率：234.96req/s] [内存消耗：860.25kb] [文件加载：188]
[ info ] [ LANG ] /var/www/mishop/thinkphp/lang/zh-cn.php
[ info ] [ ROUTE ] array (
)
[ info ] [ HEADER ] array (
  'connection' => 'close',
  'host' => '0',
  'content-type' => '',
  'content-length' => '',
)
[ info ] [ PARAM ] array (
)
[ info ] null
---------------------------------------------------------------

[2020-08-15T19:25:09+08:00] 47.100.105.56 GET www.techbimu.com/
[运行时间：0.004138s] [吞吐率：241.66req/s] [内存消耗：861.63kb] [文件加载：188]
[ info ] [ LANG ] /var/www/mishop/thinkphp/lang/zh-cn.php
[ info ] [ ROUTE ] array (
)
[ info ] [ HEADER ] array (
  'accept-encoding' => 'gzip',
  'connection' => 'Keep-Alive',
  'host' => 'www.techbimu.com',
  'user-agent' => 'Mozilla/5.0 (X11; Ubuntu; Linux x86_64; rv:36.0) Gecko/20100101 Firefox/36.0',
  'content-type' => '',
  'content-length' => '',
)
[ info ] [ PARAM ] array (
)
[ info ] null
---------------------------------------------------------------

[2020-08-15T20:23:29+08:00] 129.150.222.204 GET 101.132.45.200:443/
[运行时间：0.004480s] [吞吐率：223.22req/s] [内存消耗：861.48kb] [文件加载：188]
[ info ] [ LANG ] /var/www/mishop/thinkphp/lang/zh-cn.php
[ info ] [ ROUTE ] array (
)
[ info ] [ HEADER ] array (
  'accept-encoding' => 'gzip',
  'connection' => 'close',
  'user-agent' => 'Go-http-client/1.1',
  'host' => '101.132.45.200:443',
  'content-type' => '',
  'content-length' => '',
)
[ info ] [ PARAM ] array (
)
[ info ] null
---------------------------------------------------------------

[2020-08-15T22:02:15+08:00] 207.246.96.241 GET 101.132.45.200/
[运行时间：0.004877s] [吞吐率：205.04req/s] [内存消耗：862.69kb] [文件加载：188]
[ info ] [ LANG ] /var/www/mishop/thinkphp/lang/zh-cn.php
[ info ] [ ROUTE ] array (
)
[ info ] [ HEADER ] array (
  'user-agent' => 'Mozilla/5.0 (Windows NT 6.3; ARM; Trident/7.0; Touch; rv:11.0) like Gecko',
  'accept' => '*/*',
  'host' => '101.132.45.200',
  'connection' => 'close',
  'accept-encoding' => 'gzip, deflate',
  'accept-language' => 'zh-CN,zh;q=0.9',
  'content-type' => '',
  'content-length' => '',
)
[ info ] [ PARAM ] array (
)
[ info ] null
