---------------------------------------------------------------

[2020-08-20T01:10:38+08:00] 47.110.180.40 GET 101.132.45.200/index.php?-d+allow_url_include%3Don+-d+safe_mode%3Doff+-d+suhosin.simulation%3Don+-d+disable_functions%3D%22%22+-d+open_basedir%3Dnone+-d+auto_prepend_file%3Dphp%3A%2F%2Finput+-d+cgi.force_redirect%3D0+-d+cgi.redirect_status_env%3D0+-n
[运行时间：0.004845s] [吞吐率：206.40req/s] [内存消耗：865.03kb] [文件加载：188]
[ info ] [ LANG ] /var/www/mishop/thinkphp/lang/zh-cn.php
[ info ] [ ROUTE ] array (
)
[ info ] [ HEADER ] array (
  'accept-language' => 'zh-CN,zh;q=0.8',
  'connection' => 'keep-alive',
  'accept' => '*/*',
  'accept-encoding' => 'gzip, deflate',
  'user-agent' => 'Mozilla/5.0 (Windows NT 10.0; Win64; x64) AppleWebKit/537.36 (KHTML, like Gecko) Chrome/66.6.2333.33 Safari/537.36 AliyunTaiShiGanZhi https://www.aliyun.com/product/sas',
  'host' => '101.132.45.200',
  'content-type' => '',
  'content-length' => '',
)
[ info ] [ PARAM ] array (
  '-d_allow_url_include=on_-d_safe_mode=off_-d_suhosin_simulation=on_-d_disable_functions=""_-d_open_basedir=none_-d_auto_prepend_file=php://input_-d_cgi_force_redirect=0_-d_cgi_redirect_status_env=0_-n' => '',
)
[ info ] null
---------------------------------------------------------------

[2020-08-20T01:10:38+08:00] 47.110.180.40 POST 101.132.45.200/index.php?-d+allow_url_include%3Don+-d+safe_mode%3Doff+-d+suhosin.simulation%3Don+-d+disable_functions%3D%22%22+-d+open_basedir%3Dnone+-d+auto_prepend_file%3Dphp%3A%2F%2Finput+-d+cgi.force_redirect%3D0+-d+cgi.redirect_status_env%3D0+-n
[运行时间：0.003388s] [吞吐率：295.14req/s] [内存消耗：864.98kb] [文件加载：188]
[ info ] [ LANG ] /var/www/mishop/thinkphp/lang/zh-cn.php
[ info ] [ ROUTE ] array (
)
[ info ] [ HEADER ] array (
  'content-length' => '18',
  'cookie' => 'PHPSESSID=l2drl2rhm3valp5ts9rt9m5ro7',
  'accept-language' => 'zh-CN,zh;q=0.8',
  'connection' => 'keep-alive',
  'accept' => '*/*',
  'accept-encoding' => 'gzip, deflate',
  'user-agent' => 'Mozilla/5.0 (Windows NT 10.0; Win64; x64) AppleWebKit/537.36 (KHTML, like Gecko) Chrome/66.6.2333.33 Safari/537.36 AliyunTaiShiGanZhi https://www.aliyun.com/product/sas',
  'host' => '101.132.45.200',
  'content-type' => '',
)
[ info ] [ PARAM ] array (
  '-d_allow_url_include=on_-d_safe_mode=off_-d_suhosin_simulation=on_-d_disable_functions=""_-d_open_basedir=none_-d_auto_prepend_file=php://input_-d_cgi_force_redirect=0_-d_cgi_redirect_status_env=0_-n' => '',
)
[ info ] null
---------------------------------------------------------------

[2020-08-20T01:10:38+08:00] 47.110.180.40 GET 101.132.45.200/cgi-bin/php?-d+allow_url_include%3Don+-d+safe_mode%3Doff+-d+suhosin.simulation%3Don+-d+disable_functions%3D%22%22+-d+open_basedir%3Dnone+-d+auto_prepend_file%3Dphp%3A%2F%2Finput+-d+cgi.force_redirect%3D0+-d+cgi.redirect_status_env%3D0+-n
[运行时间：0.002679s] [吞吐率：373.26req/s] [内存消耗：522.78kb] [文件加载：109]
[ info ] [ LANG ] /var/www/mishop/thinkphp/lang/zh-cn.php
---------------------------------------------------------------

[2020-08-20T01:10:38+08:00] 47.110.180.40 POST 101.132.45.200/cgi-bin/php?-d+allow_url_include%3Don+-d+safe_mode%3Doff+-d+suhosin.simulation%3Don+-d+disable_functions%3D%22%22+-d+open_basedir%3Dnone+-d+auto_prepend_file%3Dphp%3A%2F%2Finput+-d+cgi.force_redirect%3D0+-d+cgi.redirect_status_env%3D0+-n
[运行时间：0.003018s] [吞吐率：331.36req/s] [内存消耗：521.63kb] [文件加载：109]
[ info ] [ LANG ] /var/www/mishop/thinkphp/lang/zh-cn.php
---------------------------------------------------------------

[2020-08-20T01:10:38+08:00] 47.110.180.40 GET 101.132.45.200/cgi-bin/php5?-d+allow_url_include%3Don+-d+safe_mode%3Doff+-d+suhosin.simulation%3Don+-d+disable_functions%3D%22%22+-d+open_basedir%3Dnone+-d+auto_prepend_file%3Dphp%3A%2F%2Finput+-d+cgi.force_redirect%3D0+-d+cgi.redirect_status_env%3D0+-n
[运行时间：0.002452s] [吞吐率：407.85req/s] [内存消耗：522.78kb] [文件加载：109]
[ info ] [ LANG ] /var/www/mishop/thinkphp/lang/zh-cn.php
---------------------------------------------------------------

[2020-08-20T01:10:38+08:00] 47.110.180.40 POST 101.132.45.200/cgi-bin/php5?-d+allow_url_include%3Don+-d+safe_mode%3Doff+-d+suhosin.simulation%3Don+-d+disable_functions%3D%22%22+-d+open_basedir%3Dnone+-d+auto_prepend_file%3Dphp%3A%2F%2Finput+-d+cgi.force_redirect%3D0+-d+cgi.redirect_status_env%3D0+-n
[运行时间：0.003246s] [吞吐率：308.06req/s] [内存消耗：521.63kb] [文件加载：109]
[ info ] [ LANG ] /var/www/mishop/thinkphp/lang/zh-cn.php
---------------------------------------------------------------

[2020-08-20T01:10:38+08:00] 47.110.180.40 GET 101.132.45.200/cgi-bin/php-cgi?-d+allow_url_include%3Don+-d+safe_mode%3Doff+-d+suhosin.simulation%3Don+-d+disable_functions%3D%22%22+-d+open_basedir%3Dnone+-d+auto_prepend_file%3Dphp%3A%2F%2Finput+-d+cgi.force_redirect%3D0+-d+cgi.redirect_status_env%3D0+-n
[运行时间：0.002566s] [吞吐率：389.73req/s] [内存消耗：520.70kb] [文件加载：108]
[ info ] [ LANG ] /var/www/mishop/thinkphp/lang/zh-cn.php
---------------------------------------------------------------

[2020-08-20T01:10:38+08:00] 47.110.180.40 POST 101.132.45.200/cgi-bin/php-cgi?-d+allow_url_include%3Don+-d+safe_mode%3Doff+-d+suhosin.simulation%3Don+-d+disable_functions%3D%22%22+-d+open_basedir%3Dnone+-d+auto_prepend_file%3Dphp%3A%2F%2Finput+-d+cgi.force_redirect%3D0+-d+cgi.redirect_status_env%3D0+-n
[运行时间：0.002388s] [吞吐率：418.76req/s] [内存消耗：519.54kb] [文件加载：108]
[ info ] [ LANG ] /var/www/mishop/thinkphp/lang/zh-cn.php
---------------------------------------------------------------

[2020-08-20T01:10:38+08:00] 47.110.180.40 GET 101.132.45.200/cgi-bin/php.cgi?-d+allow_url_include%3Don+-d+safe_mode%3Doff+-d+suhosin.simulation%3Don+-d+disable_functions%3D%22%22+-d+open_basedir%3Dnone+-d+auto_prepend_file%3Dphp%3A%2F%2Finput+-d+cgi.force_redirect%3D0+-d+cgi.redirect_status_env%3D0+-n
[运行时间：0.002506s] [吞吐率：399.04req/s] [内存消耗：522.78kb] [文件加载：109]
[ info ] [ LANG ] /var/www/mishop/thinkphp/lang/zh-cn.php
---------------------------------------------------------------

[2020-08-20T01:10:38+08:00] 47.110.180.40 POST 101.132.45.200/cgi-bin/php.cgi?-d+allow_url_include%3Don+-d+safe_mode%3Doff+-d+suhosin.simulation%3Don+-d+disable_functions%3D%22%22+-d+open_basedir%3Dnone+-d+auto_prepend_file%3Dphp%3A%2F%2Finput+-d+cgi.force_redirect%3D0+-d+cgi.redirect_status_env%3D0+-n
[运行时间：0.002535s] [吞吐率：394.50req/s] [内存消耗：521.63kb] [文件加载：109]
[ info ] [ LANG ] /var/www/mishop/thinkphp/lang/zh-cn.php
---------------------------------------------------------------

[2020-08-20T01:10:38+08:00] 47.110.180.40 GET 101.132.45.200/cgi-bin/php4?-d+allow_url_include%3Don+-d+safe_mode%3Doff+-d+suhosin.simulation%3Don+-d+disable_functions%3D%22%22+-d+open_basedir%3Dnone+-d+auto_prepend_file%3Dphp%3A%2F%2Finput+-d+cgi.force_redirect%3D0+-d+cgi.redirect_status_env%3D0+-n
[运行时间：0.002594s] [吞吐率：385.51req/s] [内存消耗：522.78kb] [文件加载：109]
[ info ] [ LANG ] /var/www/mishop/thinkphp/lang/zh-cn.php
---------------------------------------------------------------

[2020-08-20T01:10:38+08:00] 47.110.180.40 POST 101.132.45.200/cgi-bin/php4?-d+allow_url_include%3Don+-d+safe_mode%3Doff+-d+suhosin.simulation%3Don+-d+disable_functions%3D%22%22+-d+open_basedir%3Dnone+-d+auto_prepend_file%3Dphp%3A%2F%2Finput+-d+cgi.force_redirect%3D0+-d+cgi.redirect_status_env%3D0+-n
[运行时间：0.002402s] [吞吐率：416.35req/s] [内存消耗：521.63kb] [文件加载：109]
[ info ] [ LANG ] /var/www/mishop/thinkphp/lang/zh-cn.php
---------------------------------------------------------------

[2020-08-20T02:29:34+08:00] 196.52.43.122 GET 101.132.45.200:443/
[运行时间：0.004935s] [吞吐率：202.64req/s] [内存消耗：860.72kb] [文件加载：188]
[ info ] [ LANG ] /var/www/mishop/thinkphp/lang/zh-cn.php
[ info ] [ ROUTE ] array (
)
[ info ] [ HEADER ] array (
  'user-agent' => 'Mozilla/5.0 (X11; Linux x86_64) AppleWebKit/537.36 (KHTML, like Gecko) Chrome/72.0.3602.2 Safari/537.36',
  'host' => '101.132.45.200:443',
  'content-type' => '',
  'content-length' => '',
)
[ info ] [ PARAM ] array (
)
[ info ] null
---------------------------------------------------------------

[2020-08-20T02:57:31+08:00] 183.136.225.56 GET 101.132.45.200/
[运行时间：0.004316s] [吞吐率：231.69req/s] [内存消耗：861.61kb] [文件加载：188]
[ info ] [ LANG ] /var/www/mishop/thinkphp/lang/zh-cn.php
[ info ] [ ROUTE ] array (
)
[ info ] [ HEADER ] array (
  'connection' => 'keep-alive',
  'accept' => '*/*',
  'user-agent' => 'Mozilla/5.0 (Macintosh; Intel Mac OS X 10.11; rv:47.0) Gecko/20100101 Firefox/47.0',
  'host' => '101.132.45.200',
  'content-type' => '',
  'content-length' => '',
)
[ info ] [ PARAM ] array (
)
[ info ] null
---------------------------------------------------------------

[2020-08-20T06:01:08+08:00] 120.78.231.236 GET /
[运行时间：0.004913s] [吞吐率：203.54req/s] [内存消耗：859.20kb] [文件加载：188]
[ info ] [ LANG ] /var/www/mishop/thinkphp/lang/zh-cn.php
[ info ] [ ROUTE ] array (
)
[ info ] [ HEADER ] array (
  'content-type' => '',
  'content-length' => '',
)
[ info ] [ PARAM ] array (
)
[ info ] null
---------------------------------------------------------------

[2020-08-20T11:14:46+08:00] 193.118.53.194 GET 101.132.45.200/
[运行时间：0.004481s] [吞吐率：223.16req/s] [内存消耗：861.73kb] [文件加载：188]
[ info ] [ LANG ] /var/www/mishop/thinkphp/lang/zh-cn.php
[ info ] [ ROUTE ] array (
)
[ info ] [ HEADER ] array (
  'accept-encoding' => 'gzip',
  'accept' => '*/*',
  'user-agent' => 'Mozilla/5.0 (Windows NT 10.0; Win64; x64) AppleWebKit/537.36 (KHTML, like Gecko) Chrome/60.0.3112.113 Safari/537.36',
  'host' => '101.132.45.200',
  'content-type' => '',
  'content-length' => '',
)
[ info ] [ PARAM ] array (
)
[ info ] null
---------------------------------------------------------------

[2020-08-20T12:09:41+08:00] 184.105.247.194 GET 101.132.45.200/
[运行时间：0.004237s] [吞吐率：236.02req/s] [内存消耗：859.82kb] [文件加载：188]
[ info ] [ LANG ] /var/www/mishop/thinkphp/lang/zh-cn.php
[ info ] [ ROUTE ] array (
)
[ info ] [ HEADER ] array (
  'host' => '101.132.45.200',
  'content-type' => '',
  'content-length' => '',
)
[ info ] [ PARAM ] array (
)
[ info ] null
---------------------------------------------------------------

[2020-08-20T12:26:04+08:00] 183.136.225.57 GET 101.132.45.200/
[运行时间：0.004234s] [吞吐率：236.19req/s] [内存消耗：861.61kb] [文件加载：188]
[ info ] [ LANG ] /var/www/mishop/thinkphp/lang/zh-cn.php
[ info ] [ ROUTE ] array (
)
[ info ] [ HEADER ] array (
  'connection' => 'keep-alive',
  'accept' => '*/*',
  'user-agent' => 'Mozilla/5.0 (Macintosh; Intel Mac OS X 10.11; rv:47.0) Gecko/20100101 Firefox/47.0',
  'host' => '101.132.45.200',
  'content-type' => '',
  'content-length' => '',
)
[ info ] [ PARAM ] array (
)
[ info ] null
---------------------------------------------------------------

[2020-08-20T13:47:32+08:00] 183.136.225.56 GET 101.132.45.200/
[运行时间：0.004264s] [吞吐率：234.53req/s] [内存消耗：861.80kb] [文件加载：188]
[ info ] [ LANG ] /var/www/mishop/thinkphp/lang/zh-cn.php
[ info ] [ ROUTE ] array (
)
[ info ] [ HEADER ] array (
  'connection' => 'keep-alive',
  'accept' => '*/*',
  'user-agent' => 'Baiduspider+(+http://www.baidu.com/search/spider.htm);googlebot|baiduspider|baidu|spider|sogou|bingbot|bot|yahoo|soso|sosospider|360spider|youdaobot|jikeSpider;)',
  'host' => '101.132.45.200',
  'content-type' => '',
  'content-length' => '',
)
[ info ] [ PARAM ] array (
)
[ info ] null
---------------------------------------------------------------

[2020-08-20T13:54:21+08:00] 203.208.60.119 GET www.techbimu.com/.well-known/assetlinks.json
[运行时间：0.003180s] [吞吐率：314.46req/s] [内存消耗：522.79kb] [文件加载：109]
[ info ] [ LANG ] /var/www/mishop/thinkphp/lang/zh-cn.php
---------------------------------------------------------------

[2020-08-20T14:00:54+08:00] 47.98.103.48 GET mishop.holyzq.com/
[运行时间：0.004406s] [吞吐率：226.96req/s] [内存消耗：861.56kb] [文件加载：188]
[ info ] [ LANG ] /var/www/mishop/thinkphp/lang/zh-cn.php
[ info ] [ ROUTE ] array (
)
[ info ] [ HEADER ] array (
  'accept-encoding' => 'gzip',
  'connection' => 'Keep-Alive',
  'host' => 'mishop.holyzq.com',
  'user-agent' => 'Mozilla/5.0 (Linux/Android/android/iphone;)',
  'content-type' => '',
  'content-length' => '',
)
[ info ] [ PARAM ] array (
)
[ info ] null
---------------------------------------------------------------

[2020-08-20T14:10:15+08:00] 193.118.53.202 GET 101.132.45.200/
[运行时间：0.004180s] [吞吐率：239.24req/s] [内存消耗：861.73kb] [文件加载：188]
[ info ] [ LANG ] /var/www/mishop/thinkphp/lang/zh-cn.php
[ info ] [ ROUTE ] array (
)
[ info ] [ HEADER ] array (
  'accept-encoding' => 'gzip',
  'accept' => '*/*',
  'user-agent' => 'Mozilla/5.0 (Windows NT 10.0; Win64; x64) AppleWebKit/537.36 (KHTML, like Gecko) Chrome/60.0.3112.113 Safari/537.36',
  'host' => '101.132.45.200',
  'content-type' => '',
  'content-length' => '',
)
[ info ] [ PARAM ] array (
)
[ info ] null
---------------------------------------------------------------

[2020-08-20T16:51:24+08:00] 13.78.176.128 GET 101.132.45.200/.env
[运行时间：0.004362s] [吞吐率：229.26req/s] [内存消耗：522.77kb] [文件加载：109]
[ info ] [ LANG ] /var/www/mishop/thinkphp/lang/zh-cn.php
---------------------------------------------------------------

[2020-08-20T16:51:26+08:00] 13.78.176.128 POST 101.132.45.200/
[运行时间：0.004342s] [吞吐率：230.30req/s] [内存消耗：862.08kb] [文件加载：188]
[ info ] [ LANG ] /var/www/mishop/thinkphp/lang/zh-cn.php
[ info ] [ ROUTE ] array (
)
[ info ] [ HEADER ] array (
  'content-type' => 'application/x-www-form-urlencoded',
  'content-length' => '20',
  'user-agent' => 'Mozilla/5.0 (X11; Linux x86_64) AppleWebKit/537.36 (KHTML, like Gecko) Chrome/81.0.4044.129 Safari/537.36',
  'accept' => '*/*',
  'accept-encoding' => 'gzip, deflate',
  'connection' => 'keep-alive',
  'host' => '101.132.45.200',
)
[ info ] [ PARAM ] array (
  '0x' => 
  array (
    0 => 'androxgh0st',
  ),
)
[ info ] null
---------------------------------------------------------------

[2020-08-20T17:00:56+08:00] 95.62.59.200 GET 101.132.45.200/app/common.js?version=2.4.43&build=1563436823
[运行时间：0.003151s] [吞吐率：317.37req/s] [内存消耗：522.78kb] [文件加载：109]
[ info ] [ LANG ] /var/www/mishop/thinkphp/lang/zh-cn.php
---------------------------------------------------------------

[2020-08-20T17:00:57+08:00] 95.62.59.200 GET 101.132.45.200/cloud-app/include/css/uncall.css
[运行时间：0.002508s] [吞吐率：398.74req/s] [内存消耗：522.80kb] [文件加载：109]
[ info ] [ LANG ] /var/www/mishop/thinkphp/lang/zh-cn.php
---------------------------------------------------------------

[2020-08-20T18:45:44+08:00] 47.101.161.131 GET mishop.holyzq.com/
[运行时间：0.004526s] [吞吐率：220.95req/s] [内存消耗：861.56kb] [文件加载：188]
[ info ] [ LANG ] /var/www/mishop/thinkphp/lang/zh-cn.php
[ info ] [ ROUTE ] array (
)
[ info ] [ HEADER ] array (
  'accept-encoding' => 'gzip',
  'connection' => 'Keep-Alive',
  'host' => 'mishop.holyzq.com',
  'user-agent' => 'Mozilla/5.0 (Linux/Android/android/iphone;)',
  'content-type' => '',
  'content-length' => '',
)
[ info ] [ PARAM ] array (
)
[ info ] null
---------------------------------------------------------------

[2020-08-20T19:38:08+08:00] 213.32.122.82 GET 101.132.45.200/
[运行时间：0.004365s] [吞吐率：229.10req/s] [内存消耗：861.18kb] [文件加载：188]
[ info ] [ LANG ] /var/www/mishop/thinkphp/lang/zh-cn.php
[ info ] [ ROUTE ] array (
)
[ info ] [ HEADER ] array (
  'user-agent' => 'Mozilla/5.0 (Windows NT 6.1) AppleWebKit/537.36 (KHTML, like Gecko) Chrome/41.0.2228.0 Safari/537.36',
  'connection' => 'close',
  'host' => '101.132.45.200',
  'content-type' => '',
  'content-length' => '',
)
[ info ] [ PARAM ] array (
)
[ info ] null
---------------------------------------------------------------

[2020-08-20T22:41:39+08:00] 162.243.129.121 GET 101.132.45.200/cgi-bin/authLogin.cgi
[运行时间：0.003265s] [吞吐率：306.27req/s] [内存消耗：522.79kb] [文件加载：109]
[ info ] [ LANG ] /var/www/mishop/thinkphp/lang/zh-cn.php
