---------------------------------------------------------------

[2020-08-25T00:30:53+08:00] 122.228.19.80 GET 101.132.45.200:443/
[运行时间：0.004474s] [吞吐率：223.52req/s] [内存消耗：861.65kb] [文件加载：188]
[ info ] [ LANG ] /var/www/mishop/thinkphp/lang/zh-cn.php
[ info ] [ ROUTE ] array (
)
[ info ] [ HEADER ] array (
  'connection' => 'keep-alive',
  'accept' => '*/*',
  'user-agent' => 'Mozilla/5.0 (Macintosh; Intel Mac OS X 10.11; rv:47.0) Gecko/20100101 Firefox/47.0',
  'host' => '101.132.45.200:443',
  'content-type' => '',
  'content-length' => '',
)
[ info ] [ PARAM ] array (
)
[ info ] null
---------------------------------------------------------------

[2020-08-25T02:10:04+08:00] 47.103.89.184 GET mishop.holyzq.com/
[运行时间：0.004580s] [吞吐率：218.34req/s] [内存消耗：863.06kb] [文件加载：188]
[ info ] [ LANG ] /var/www/mishop/thinkphp/lang/zh-cn.php
[ info ] [ ROUTE ] array (
)
[ info ] [ HEADER ] array (
  'accept-language' => 'zh-CN,zh;q=0.8',
  'connection' => 'keep-alive',
  'accept' => 'text/html,application/xhtml+xml,application/xml;q=0.9,image/webp,image/apng,*/*;q=0.8',
  'accept-encoding' => 'gzip, deflate',
  'user-agent' => 'Mozilla/5.0 (Windows NT 10.0; Win64; x64) AppleWebKit/537.36 (KHTML, like Gecko) Chrome/59.0.3071.115 Safari/537.36',
  'host' => 'mishop.holyzq.com',
  'content-type' => '',
  'content-length' => '',
)
[ info ] [ PARAM ] array (
)
[ info ] null
---------------------------------------------------------------

[2020-08-25T02:10:04+08:00] 47.103.89.184 GET mishop.holyzq.com/explicit_not_exist_path
[运行时间：0.002400s] [吞吐率：416.68req/s] [内存消耗：522.78kb] [文件加载：109]
[ info ] [ LANG ] /var/www/mishop/thinkphp/lang/zh-cn.php
---------------------------------------------------------------

[2020-08-25T02:10:05+08:00] 47.103.89.184 GET mishop.holyzq.com/index.html
[运行时间：0.003504s] [吞吐率：285.39req/s] [内存消耗：865.26kb] [文件加载：188]
[ info ] [ LANG ] /var/www/mishop/thinkphp/lang/zh-cn.php
[ info ] [ ROUTE ] array (
)
[ info ] [ HEADER ] array (
  'cookie' => 'PHPSESSID=5uj6k7d1im9d0euthtjsijpofv',
  'accept-language' => 'zh-CN,zh;q=0.8',
  'connection' => 'keep-alive',
  'accept' => 'text/html,application/xhtml+xml,application/xml;q=0.9,image/webp,image/apng,*/*;q=0.8',
  'accept-encoding' => 'gzip, deflate',
  'user-agent' => 'Mozilla/5.0 (Windows NT 10.0; Win64; x64) AppleWebKit/537.36 (KHTML, like Gecko) Chrome/59.0.3071.115 Safari/537.36',
  'host' => 'mishop.holyzq.com',
  'content-type' => '',
  'content-length' => '',
)
[ info ] [ PARAM ] array (
)
[ info ] null
---------------------------------------------------------------

[2020-08-25T02:10:05+08:00] 47.103.89.184 GET mishop.holyzq.com/index.php
[运行时间：0.003996s] [吞吐率：250.24req/s] [内存消耗：864.45kb] [文件加载：188]
[ info ] [ LANG ] /var/www/mishop/thinkphp/lang/zh-cn.php
[ info ] [ ROUTE ] array (
)
[ info ] [ HEADER ] array (
  'cookie' => 'PHPSESSID=5uj6k7d1im9d0euthtjsijpofv',
  'accept-language' => 'zh-CN,zh;q=0.8',
  'connection' => 'keep-alive',
  'accept' => 'text/html,application/xhtml+xml,application/xml;q=0.9,image/webp,image/apng,*/*;q=0.8',
  'accept-encoding' => 'gzip, deflate',
  'user-agent' => 'Mozilla/5.0 (Windows NT 10.0; Win64; x64) AppleWebKit/537.36 (KHTML, like Gecko) Chrome/59.0.3071.115 Safari/537.36',
  'host' => 'mishop.holyzq.com',
  'content-type' => '',
  'content-length' => '',
)
[ info ] [ PARAM ] array (
)
[ info ] null
---------------------------------------------------------------

[2020-08-25T02:10:05+08:00] 47.103.89.184 GET mishop.holyzq.com/index.jsp
[运行时间：0.003108s] [吞吐率：321.75req/s] [内存消耗：522.77kb] [文件加载：109]
[ info ] [ LANG ] /var/www/mishop/thinkphp/lang/zh-cn.php
---------------------------------------------------------------

[2020-08-25T02:10:05+08:00] 47.103.89.184 GET mishop.holyzq.com/admin/
[运行时间：0.002668s] [吞吐率：374.83req/s] [内存消耗：565.67kb] [文件加载：123]
[ info ] [ LANG ] /var/www/mishop/thinkphp/lang/zh-cn.php
[ info ] [ ROUTE ] array (
)
[ info ] [ HEADER ] array (
  'cookie' => 'PHPSESSID=5uj6k7d1im9d0euthtjsijpofv',
  'accept-language' => 'zh-CN,zh;q=0.8',
  'connection' => 'keep-alive',
  'accept' => 'text/html,application/xhtml+xml,application/xml;q=0.9,image/webp,image/apng,*/*;q=0.8',
  'accept-encoding' => 'gzip, deflate',
  'user-agent' => 'Mozilla/5.0 (Windows NT 10.0; Win64; x64) AppleWebKit/537.36 (KHTML, like Gecko) Chrome/59.0.3071.115 Safari/537.36',
  'host' => 'mishop.holyzq.com',
  'content-type' => '',
  'content-length' => '',
)
[ info ] [ PARAM ] array (
)
[ info ] [ VIEW ] /var/www/mishop/thinkphp/tpl/dispatch_jump.tpl [ array (
  0 => 'code',
  1 => 'msg',
  2 => 'data',
  3 => 'url',
  4 => 'wait',
) ]
---------------------------------------------------------------

[2020-08-25T02:10:05+08:00] 47.103.89.184 GET mishop.holyzq.com/readme.html
[运行时间：0.002755s] [吞吐率：362.99req/s] [内存消耗：522.81kb] [文件加载：109]
[ info ] [ LANG ] /var/www/mishop/thinkphp/lang/zh-cn.php
---------------------------------------------------------------

[2020-08-25T02:10:05+08:00] 47.103.89.184 GET mishop.holyzq.com/license.txt
[运行时间：0.002243s] [吞吐率：445.82req/s] [内存消耗：522.77kb] [文件加载：109]
[ info ] [ LANG ] /var/www/mishop/thinkphp/lang/zh-cn.php
---------------------------------------------------------------

[2020-08-25T02:10:05+08:00] 47.103.89.184 GET mishop.holyzq.com/wp-includes/js/wplink.js
[运行时间：0.002190s] [吞吐率：456.65req/s] [内存消耗：522.79kb] [文件加载：109]
[ info ] [ LANG ] /var/www/mishop/thinkphp/lang/zh-cn.php
---------------------------------------------------------------

[2020-08-25T02:10:05+08:00] 47.103.89.184 GET mishop.holyzq.com/wp-admin/js/customize-controls.js
[运行时间：0.002377s] [吞吐率：420.69req/s] [内存消耗：522.80kb] [文件加载：109]
[ info ] [ LANG ] /var/www/mishop/thinkphp/lang/zh-cn.php
---------------------------------------------------------------

[2020-08-25T02:10:05+08:00] 47.103.89.184 GET mishop.holyzq.com/wp-admin/js/nav-menu.js
[运行时间：0.002192s] [吞吐率：456.20req/s] [内存消耗：522.78kb] [文件加载：109]
[ info ] [ LANG ] /var/www/mishop/thinkphp/lang/zh-cn.php
---------------------------------------------------------------

[2020-08-25T02:10:05+08:00] 47.103.89.184 GET mishop.holyzq.com/wp-includes/js/plupload/handlers.js
[运行时间：0.002045s] [吞吐率：489.02req/s] [内存消耗：522.80kb] [文件加载：109]
[ info ] [ LANG ] /var/www/mishop/thinkphp/lang/zh-cn.php
---------------------------------------------------------------

[2020-08-25T02:10:05+08:00] 47.103.89.184 GET mishop.holyzq.com/wp-includes/js/tinymce/wp-tinymce.js.gz
[运行时间：0.002283s] [吞吐率：438.05req/s] [内存消耗：522.80kb] [文件加载：109]
[ info ] [ LANG ] /var/www/mishop/thinkphp/lang/zh-cn.php
---------------------------------------------------------------

[2020-08-25T02:10:06+08:00] 47.103.89.184 GET mishop.holyzq.com/index.php/explicit_not_exist_path
[运行时间：0.002699s] [吞吐率：370.52req/s] [内存消耗：522.80kb] [文件加载：109]
[ info ] [ LANG ] /var/www/mishop/thinkphp/lang/zh-cn.php
---------------------------------------------------------------

[2020-08-25T02:10:06+08:00] 47.103.89.184 GET mishop.holyzq.com/4e5e5d7364f443e28fbf0d3ae744a59a
[运行时间：0.002522s] [吞吐率：396.51req/s] [内存消耗：522.80kb] [文件加载：109]
[ info ] [ LANG ] /var/www/mishop/thinkphp/lang/zh-cn.php
---------------------------------------------------------------

[2020-08-25T02:10:06+08:00] 47.103.89.184 GET mishop.holyzq.com/?c=4e5e5d7364f443e28fbf0d3ae744a59a
[运行时间：0.004162s] [吞吐率：240.28req/s] [内存消耗：865.20kb] [文件加载：188]
[ info ] [ LANG ] /var/www/mishop/thinkphp/lang/zh-cn.php
[ info ] [ ROUTE ] array (
)
[ info ] [ HEADER ] array (
  'cookie' => 'PHPSESSID=5uj6k7d1im9d0euthtjsijpofv',
  'accept-language' => 'zh-CN,zh;q=0.8',
  'connection' => 'keep-alive',
  'accept' => 'text/html,application/xhtml+xml,application/xml;q=0.9,image/webp,image/apng,*/*;q=0.8',
  'accept-encoding' => 'gzip, deflate',
  'user-agent' => 'Mozilla/5.0 (Windows NT 10.0; Win64; x64) AppleWebKit/537.36 (KHTML, like Gecko) Chrome/59.0.3071.115 Safari/537.36',
  'host' => 'mishop.holyzq.com',
  'content-type' => '',
  'content-length' => '',
)
[ info ] [ PARAM ] array (
  'c' => '4e5e5d7364f443e28fbf0d3ae744a59a',
)
[ info ] null
---------------------------------------------------------------

[2020-08-25T02:10:06+08:00] 47.103.89.184 GET mishop.holyzq.com/r/cms/www/red/img/prompt.jpg
[运行时间：0.003681s] [吞吐率：271.67req/s] [内存消耗：523.16kb] [文件加载：109]
[ info ] [ LANG ] /var/www/mishop/thinkphp/lang/zh-cn.php
---------------------------------------------------------------

[2020-08-25T02:10:06+08:00] 47.103.89.184 GET mishop.holyzq.com/r/cms/www/red/style/swiper.min.js
[运行时间：0.003067s] [吞吐率：326.05req/s] [内存消耗：523.17kb] [文件加载：109]
[ info ] [ LANG ] /var/www/mishop/thinkphp/lang/zh-cn.php
---------------------------------------------------------------

[2020-08-25T02:10:06+08:00] 47.103.89.184 GET mishop.holyzq.com/wcm/
[运行时间：0.003504s] [吞吐率：285.39req/s] [内存消耗：522.77kb] [文件加载：109]
[ info ] [ LANG ] /var/www/mishop/thinkphp/lang/zh-cn.php
---------------------------------------------------------------

[2020-08-25T02:10:06+08:00] 47.103.89.184 GET mishop.holyzq.com/phpMyAdmin/
[运行时间：0.002834s] [吞吐率：352.85req/s] [内存消耗：522.77kb] [文件加载：109]
[ info ] [ LANG ] /var/www/mishop/thinkphp/lang/zh-cn.php
---------------------------------------------------------------

[2020-08-25T02:10:06+08:00] 47.103.89.184 GET mishop.holyzq.com/phpmyadmin/
[运行时间：0.002687s] [吞吐率：372.17req/s] [内存消耗：522.77kb] [文件加载：109]
[ info ] [ LANG ] /var/www/mishop/thinkphp/lang/zh-cn.php
---------------------------------------------------------------

[2020-08-25T02:32:58+08:00] 180.149.125.165 GET 101.132.45.200:443/
[运行时间：0.004260s] [吞吐率：234.74req/s] [内存消耗：861.78kb] [文件加载：188]
[ info ] [ LANG ] /var/www/mishop/thinkphp/lang/zh-cn.php
[ info ] [ ROUTE ] array (
)
[ info ] [ HEADER ] array (
  'accept-encoding' => 'gzip',
  'accept' => '*/*',
  'user-agent' => 'Mozilla/5.0 (Windows NT 5.1; Win64; x64) AppleWebKit/537.36 (KHTML, like Gecko) Chrome/60.0.3112.90 Safari/537.36',
  'host' => '101.132.45.200:443',
  'content-type' => '',
  'content-length' => '',
)
[ info ] [ PARAM ] array (
)
[ info ] null
---------------------------------------------------------------

[2020-08-25T02:49:45+08:00] 119.23.174.205 GET /
[运行时间：0.004595s] [吞吐率：217.64req/s] [内存消耗：859.20kb] [文件加载：188]
[ info ] [ LANG ] /var/www/mishop/thinkphp/lang/zh-cn.php
[ info ] [ ROUTE ] array (
)
[ info ] [ HEADER ] array (
  'content-type' => '',
  'content-length' => '',
)
[ info ] [ PARAM ] array (
)
[ info ] null
---------------------------------------------------------------

[2020-08-25T04:22:13+08:00] 192.241.223.74 GET 101.132.45.200/
[运行时间：0.004761s] [吞吐率：210.04req/s] [内存消耗：861.39kb] [文件加载：188]
[ info ] [ LANG ] /var/www/mishop/thinkphp/lang/zh-cn.php
[ info ] [ ROUTE ] array (
)
[ info ] [ HEADER ] array (
  'accept-encoding' => 'gzip',
  'accept' => '*/*',
  'user-agent' => 'Mozilla/5.0 zgrab/0.x',
  'host' => '101.132.45.200',
  'content-type' => '',
  'content-length' => '',
)
[ info ] [ PARAM ] array (
)
[ info ] null
---------------------------------------------------------------

[2020-08-25T05:44:45+08:00] 47.101.163.244 GET 101.132.45.200/
[运行时间：0.004365s] [吞吐率：229.10req/s] [内存消耗：861.56kb] [文件加载：188]
[ info ] [ LANG ] /var/www/mishop/thinkphp/lang/zh-cn.php
[ info ] [ ROUTE ] array (
)
[ info ] [ HEADER ] array (
  'accept-encoding' => 'gzip',
  'connection' => 'Keep-Alive',
  'host' => '101.132.45.200',
  'user-agent' => 'Mozilla/5.0 (Linux/Android/android/iphone;)',
  'content-type' => '',
  'content-length' => '',
)
[ info ] [ PARAM ] array (
)
[ info ] null
---------------------------------------------------------------

[2020-08-25T06:33:51+08:00] 128.14.134.134 GET 101.132.45.200/Telerik.Web.UI.WebResource.axd?type=rau
[运行时间：0.003302s] [吞吐率：302.86req/s] [内存消耗：522.80kb] [文件加载：109]
[ info ] [ LANG ] /var/www/mishop/thinkphp/lang/zh-cn.php
---------------------------------------------------------------

[2020-08-25T07:43:41+08:00] 83.97.20.30 GET 0/
[运行时间：0.004531s] [吞吐率：220.69req/s] [内存消耗：860.25kb] [文件加载：188]
[ info ] [ LANG ] /var/www/mishop/thinkphp/lang/zh-cn.php
[ info ] [ ROUTE ] array (
)
[ info ] [ HEADER ] array (
  'connection' => 'close',
  'host' => '0',
  'content-type' => '',
  'content-length' => '',
)
[ info ] [ PARAM ] array (
)
[ info ] null
---------------------------------------------------------------

[2020-08-25T08:12:31+08:00] 104.54.86.182 POST 101.132.45.200/
[运行时间：0.004256s] [吞吐率：234.96req/s] [内存消耗：863.63kb] [文件加载：188]
[ info ] [ LANG ] /var/www/mishop/thinkphp/lang/zh-cn.php
[ info ] [ ROUTE ] array (
)
[ info ] [ HEADER ] array (
  'cache-control' => 'no-cache',
  'content-length' => '412',
  'host' => '101.132.45.200',
  'user-agent' => 'Mozilla/4.0 (compatible; MSIE 7.0; Windows NT 6.1; WOW64; Trident/7.0; SLCC2; .NET CLR 2.0.50727; .NET CLR 3.5.30729; .NET CLR 3.0.30729; Media Center PC 6.0; MAEM; .NET4.0C; .NET4.0E; GWX:QUALIFIED)',
  'content-type' => 'application/x-www-form-urlencoded',
)
[ info ] [ PARAM ] array (
  'E6NZld6bNSKH8L1ST98r5FFwI3DyAu_AoxGbtpvz3NJ/UKJOfDrNdX4th3kVSpLV6ZZlkSYsimbdFSZH2MA4L5Of4aGpmeB84CKmhtQry8W0m2_ZIPzsbgsavdl6HXbAcHX9SgM5h8KD3S1D_cI49ke0tqiTOG5E5d9WJEErS0R/7b0ugZA86I4KSPKrp6fx5S_gQgBAkdl8mUNaM30lIIkBvN1dhK0ITBLoGXXyncpkbn1Vr9Tt67AbLQ1LFvzDMyFsyHUFWdIomCtxAQPAnmdrIxYUzUr/y0pljr0W58FPEg9SqO5DoecraAMnCKdCP1wiAVxM2SmjvSB1obwAo9oXMc2DnScu_71Od1ltMm7ZsGOHRaN3nPlb5KF37b8Y8hFZOuRW5AlkPUQyd1V9IMMzsQ' => '=',
)
[ info ] null
---------------------------------------------------------------

[2020-08-25T08:14:34+08:00] 104.54.86.182 POST 101.132.45.200/
[运行时间：0.004574s] [吞吐率：218.62req/s] [内存消耗：863.94kb] [文件加载：188]
[ info ] [ LANG ] /var/www/mishop/thinkphp/lang/zh-cn.php
[ info ] [ ROUTE ] array (
)
[ info ] [ HEADER ] array (
  'cookie' => 'PHPSESSID=dk44t5a4j10b529lqdoh1qlmpm',
  'cache-control' => 'no-cache',
  'content-length' => '372',
  'host' => '101.132.45.200',
  'user-agent' => 'Mozilla/4.0 (compatible; MSIE 7.0; Windows NT 6.1; WOW64; Trident/7.0; SLCC2; .NET CLR 2.0.50727; .NET CLR 3.5.30729; .NET CLR 3.0.30729; Media Center PC 6.0; MAEM; .NET4.0C; .NET4.0E; GWX:QUALIFIED)',
  'content-type' => 'application/x-www-form-urlencoded',
)
[ info ] [ PARAM ] array (
  'QKdWyNOaMczFtTUFDQIblNSvp3cFakGzwlnLw5hBiT7OiDKBxjC6Vgu7SGuy9ibKJyepS1xII3qhzRY0NEhC4xJGWnB_h4ovmgpWpYRtql1xOk6ucBXjJ_WFtUF7PnOw6HCUQdd9B4RUnrvWgkuHwC6RjwdZlUdTyYl1ycsCyaHqDSN0xppIIlAa6QWPWev8WLEU9ivUfCyH8lQm20hwxlRY9q_3IkJRtQ1hzwfk3XjY/j5P6cnSC1AVJnSx3N4JNfm6NQxTk3uVQQWUvQQ_mPe0ZMODOOrEVA9Hu22oCAFEHkPMvB1wjOO3/ntYz5wSBcUC/CI0bFAmVDMcutGoeAqW02Dj46tbR0pLpgXQedP2TFxOY0E' => '',
)
[ info ] null
---------------------------------------------------------------

[2020-08-25T08:16:36+08:00] 104.54.86.182 POST 101.132.45.200/
[运行时间：0.004573s] [吞吐率：218.68req/s] [内存消耗：863.94kb] [文件加载：188]
[ info ] [ LANG ] /var/www/mishop/thinkphp/lang/zh-cn.php
[ info ] [ ROUTE ] array (
)
[ info ] [ HEADER ] array (
  'cookie' => 'PHPSESSID=dk44t5a4j10b529lqdoh1qlmpm',
  'cache-control' => 'no-cache',
  'content-length' => '424',
  'host' => '101.132.45.200',
  'user-agent' => 'Mozilla/5.0 (Windows NT 6.1; WOW64; Trident/7.0; rv:11.0) like Gecko',
  'content-type' => 'application/x-www-form-urlencoded',
)
[ info ] [ PARAM ] array (
  'QK1bx46cYWYE8YeWRnGRpnBsR_2KbWD9duCLp5yWsa_WDOj/WbXAjC6HWldd9fXePtv/y0xk6gBP0ct_JouOrEftnEKOIieB/oZa7XwHQtm6kv/9V7LTT6nDe8apWW4JyV8CdFa8Mb/FfaBRNw2HWy6gbm7uSANx3SPVSijjSXpcUrphFPtZUZSHpHNNAXS06S14djbf0P4Iv8iGqEG5QjfWmwIEAiW1KAf2WU4q2wOr7cOkcU29nLWU65WlkXg/WmV2UQRURI4owbMScpSqFebJLNGWUF71yZHTHZN1yNshXfcIwxoREJG0JJSnGkOHqXSgbfjizyN6oenaX9RsEtFqqrU/tDOCjFH4b31PbesjJSifb7iOlP_9ZL0nRXQpiGliO2N94cvQOzUvey0OocwTT2NTobZUIrcIv5C1' => '',
)
[ info ] null
---------------------------------------------------------------

[2020-08-25T08:18:38+08:00] 104.54.86.182 POST 101.132.45.200/
[运行时间：0.004884s] [吞吐率：204.75req/s] [内存消耗：863.56kb] [文件加载：188]
[ info ] [ LANG ] /var/www/mishop/thinkphp/lang/zh-cn.php
[ info ] [ ROUTE ] array (
)
[ info ] [ HEADER ] array (
  'cookie' => 'PHPSESSID=dk44t5a4j10b529lqdoh1qlmpm',
  'cache-control' => 'no-cache',
  'content-length' => '384',
  'host' => '101.132.45.200',
  'user-agent' => 'Mozilla/5.0 (Windows NT 6.1; WOW64; Trident/7.0; rv:11.0) like Gecko',
  'content-type' => 'application/x-www-form-urlencoded',
)
[ info ] [ PARAM ] array (
  'FqddkImdN77MPboHx1M/7ytXrdUfwUh83mQBnfbyxO4RhmKpLHlvmMoysbs7BPGCw8W6oUxt1RbmCb00QFM288dD7aW8ureNMh7R3b_R7vG8EW7qpr/4OkGAEbsXiHHIZ8aRQ5FbBs6XOPIq2ROBVILB6v7oEfCbCw2XYijYNCd92h2we06AVsZTORQ5ESGCO5v_H85nJn6Us_wcA7QrM33bVUibZV29cWwMvj45SPHV16zpFT_afh9qGFVTY9ftz10lrVjERIWdMFMqDPtr05NPNOih3RU37zlYDDe9dMiq7p9jxse0EkKmOOrhqg1ZsHDssxn0le/LWwpM_Uiu8T9joOt463KN60FmPZJDDB0vSaLTfGkQb2Jj_3OIjrA' => '',
)
[ info ] null
---------------------------------------------------------------

[2020-08-25T08:20:40+08:00] 104.54.86.182 POST 101.132.45.200/
[运行时间：0.004488s] [吞吐率：222.82req/s] [内存消耗：863.44kb] [文件加载：188]
[ info ] [ LANG ] /var/www/mishop/thinkphp/lang/zh-cn.php
[ info ] [ ROUTE ] array (
)
[ info ] [ HEADER ] array (
  'cookie' => 'PHPSESSID=dk44t5a4j10b529lqdoh1qlmpm',
  'cache-control' => 'no-cache',
  'content-length' => '356',
  'host' => '101.132.45.200',
  'user-agent' => 'Mozilla/5.0 (Windows NT 6.1; WOW64; Trident/7.0; rv:11.0) like Gecko',
  'content-type' => 'application/x-www-form-urlencoded',
)
[ info ] [ PARAM ] array (
  'FKxbktqaZFmuimUfz5J18zFeAEHqkOMxgWIe6vmwKFywdi6l6CnJTz/S1Gz1jKbbuBLd3fxVSFAYQ2TD9MzN7PVLYpaWjxCUutOYtOd2TZLivoWuYnkV0WEyI04EJkI6BF99EDNXNl4rJFZqGoKGohJZRWJv04/VryNHMFiU6jkTJbV5FB4_57oMbxphRC3pKdWYFrJa4YyqN0zZZeVA2XNymL5wcpzbLmxshAVk6RkfmuCHEly7vM8AXAmL_ckMMMR6mcRWSg6HnOGI5i7iargAFEKEL7xAVm/1ZeVA9tBQbhs_bS2mgg72fOmexqipxK2rKTTN2j1EZ0Z1YGFKUAT4EQCa2l2aOYM' => '',
)
[ info ] null
---------------------------------------------------------------

[2020-08-25T08:22:42+08:00] 104.54.86.182 POST 101.132.45.200/
[运行时间：0.004624s] [吞吐率：216.27req/s] [内存消耗：863.56kb] [文件加载：188]
[ info ] [ LANG ] /var/www/mishop/thinkphp/lang/zh-cn.php
[ info ] [ ROUTE ] array (
)
[ info ] [ HEADER ] array (
  'cookie' => 'PHPSESSID=dk44t5a4j10b529lqdoh1qlmpm',
  'cache-control' => 'no-cache',
  'content-length' => '372',
  'host' => '101.132.45.200',
  'user-agent' => 'Mozilla/5.0 (Windows NT 6.1; WOW64; Trident/7.0; rv:11.0) like Gecko',
  'content-type' => 'application/x-www-form-urlencoded',
)
[ info ] [ PARAM ] array (
  'E/YKl93KMNCTotOie7p00q/hiEULQKeXrnHR/LZI8p2TQcUMtsStyxVDNssw07wZ8XOS1FhAOfOwCB2wY4bcsDDUqlj15kePGJnWf_kyuCEtlPgxJBSDyJ4BmRPD//wNCjqeXtZkQ0s2G_72NDArmz4jcIxDXbR36XpCLGnCLV5u5rdp4qU1yU2hb4nnHp6vSxh6gb9mY3QRjy110vyxuCRQP/Scv6lDgJiZfTU0MgV3jDkEFE/MgrWhcyhRkm2m3fzBAw_sIVeQQ3onNAKHIaBaU9DKmkc3oOKgwhnCu_UkFHWJMG2FTsShfAso/kKMW//XBxB4NOZWKO6Da4H7y4bUZIbhDIoHoGcRpfoIxr3hKmu_kI89' => '',
)
[ info ] null
---------------------------------------------------------------

[2020-08-25T08:24:43+08:00] 104.54.86.182 POST 101.132.45.200/
[运行时间：0.004423s] [吞吐率：226.10req/s] [内存消耗：863.94kb] [文件加载：188]
[ info ] [ LANG ] /var/www/mishop/thinkphp/lang/zh-cn.php
[ info ] [ ROUTE ] array (
)
[ info ] [ HEADER ] array (
  'cookie' => 'PHPSESSID=dk44t5a4j10b529lqdoh1qlmpm',
  'cache-control' => 'no-cache',
  'content-length' => '440',
  'host' => '101.132.45.200',
  'user-agent' => 'Mozilla/5.0 (Windows NT 6.1; WOW64; Trident/7.0; rv:11.0) like Gecko',
  'content-type' => 'application/x-www-form-urlencoded',
)
[ info ] [ PARAM ] array (
  'S60Kx9ieZylAl6FxAUVqozlgdCdhslnX/O0yy0FSbrSrMevEh/amL7qN0tiy4gghUUYINsDHv0AkCo8leqOUmVfit7v0FLjybMSq3xQhObvjBMSQ/o0nHpvKKmM7P6mbR3JwNmOq8mEKQP3HPz4K3O2xq_XDRAVvKSHOh_/U2SDOyGkxQaRNOcIok0bks_qakcu8WQbQLf57OhsDcdJZEcBq62nVvt118Z8EAw6oxBC3hd3Bxln5DGGGUMFwmz3rEspQbX/K3xIhFAIG3Z2mRVSSDWc6rEoU84gktYNxYTHWa2z9jFKZdKWM96QaI7c_hnaWroH7pPXX6CM4Edjm3UqJ15hWdmnRsEVJtjN1Osi6m5pebx03vCaf1sVYIOZi4XfWq6TGfAsRHVFI75x4MQTjcyAVKNOsJCi15BUVpO2At_1zdOC/sw' => '=',
)
[ info ] null
---------------------------------------------------------------

[2020-08-25T08:26:45+08:00] 104.54.86.182 POST 101.132.45.200/
[运行时间：0.004227s] [吞吐率：236.57req/s] [内存消耗：863.81kb] [文件加载：188]
[ info ] [ LANG ] /var/www/mishop/thinkphp/lang/zh-cn.php
[ info ] [ ROUTE ] array (
)
[ info ] [ HEADER ] array (
  'cookie' => 'PHPSESSID=dk44t5a4j10b529lqdoh1qlmpm',
  'cache-control' => 'no-cache',
  'content-length' => '420',
  'host' => '101.132.45.200',
  'user-agent' => 'Mozilla/5.0 (Windows NT 6.1; WOW64; Trident/7.0; rv:11.0) like Gecko',
  'content-type' => 'application/x-www-form-urlencoded',
)
[ info ] [ PARAM ] array (
  'F/cPwo_aYvFSpjkYdob/l0UNjiWQNh1utKEdpBB6SZnWBpofPMsDoTqiwYfFWJzzWzJ2jXnYLzI6sdNHWpqACSx6MNRDGPSs/z3lMu8TzReUQeySTpEvSSR7ewTbyiBi3Af2a1VJGrR6XMr4M9w10r8SNnjQmDaC7DvPEXkBeSqlmvSdYSOEU3cTj7L1eyAmi3K5sfGlPLd2di9GHMuztA9EvlqA/yPIVxo87B9iy31g3yKLONlUNnIqHKcgszHBj0nhwm_aj1OdUKI7NdeALPoJ7uBkOVGX7NYRmJtVOEMrplPJjPj0LX_N6oPrPhWVhkjJag/RhKQ_sXE4FUDwWJ3sb1pxtpso7QCpOpz6CYXooaucUBeWZ0F1WkJJMJLnHtqK_Oyqngu0zkBBibCX/tibTjP1uMBX0Ak' => '',
)
[ info ] null
---------------------------------------------------------------

[2020-08-25T08:28:47+08:00] 104.54.86.182 POST 101.132.45.200/
[运行时间：0.004471s] [吞吐率：223.66req/s] [内存消耗：863.63kb] [文件加载：188]
[ info ] [ LANG ] /var/www/mishop/thinkphp/lang/zh-cn.php
[ info ] [ ROUTE ] array (
)
[ info ] [ HEADER ] array (
  'cookie' => 'PHPSESSID=dk44t5a4j10b529lqdoh1qlmpm',
  'cache-control' => 'no-cache',
  'content-length' => '392',
  'host' => '101.132.45.200',
  'user-agent' => 'Mozilla/5.0 (Windows NT 6.1; WOW64; Trident/7.0; rv:11.0) like Gecko',
  'content-type' => 'application/x-www-form-urlencoded',
)
[ info ] [ PARAM ] array (
  'QqUNlNzLbNke7UeBxM_nxZkNCG1JHBIzzxTm3PB2epWo8KRezcD14K2rvV1llVh0h4ZekOzd99xAd9coXKM6IBOCZsgZ8jMI3AS3FYANFfY4TMBZADp_IqH7h1sLLPhxEXhcrO1PYEUtdFr/s/9hcnPlx4nos3ozHZIeV/X2PdPo7GltApY2rU0PYx8TgOR2uWlyHFZoeGryM5Ch71BwhTMVH5VdFNx9ETFER32mGLbbH4zhOpYwwu/Wble9_WKLpNNnTlJw7162Pe0CEcH4EAjAeiKoT5LTywPSrALDZAlIV6VCbfvqtRcAx9gsPBeduX/_OpqN7kdRzbo6KXjlfkrSupe0gecnAV4Sgf4YZdSYNQ_gJ7/J5iK0_/5Fu0iLj53d9g' => '=',
)
[ info ] null
---------------------------------------------------------------

[2020-08-25T08:30:49+08:00] 104.54.86.182 POST 101.132.45.200/
[运行时间：0.004410s] [吞吐率：226.76req/s] [内存消耗：863.81kb] [文件加载：188]
[ info ] [ LANG ] /var/www/mishop/thinkphp/lang/zh-cn.php
[ info ] [ ROUTE ] array (
)
[ info ] [ HEADER ] array (
  'cookie' => 'PHPSESSID=dk44t5a4j10b529lqdoh1qlmpm',
  'cache-control' => 'no-cache',
  'content-length' => '404',
  'host' => '101.132.45.200',
  'user-agent' => 'Mozilla/5.0 (Windows NT 6.1; WOW64; Trident/7.0; rv:11.0) like Gecko',
  'content-type' => 'application/x-www-form-urlencoded',
)
[ info ] [ PARAM ] array (
  'EKwLxtzPZ1IAcBsLiTXEoCbu/GGkqyl_A/JA1F0Z1hfNolet9FpAas9kJSNTC4Da_69ywmmXhleLyj2oAyqCHeH1zP_Bi1T1csiGCQAMrAWAcRLyyaEIu3R6gCTRBZxbZu5fqeKiEhPwc4jsQm67c1crqr2unU3QtBXH/rcaNdk275K9nrSfFSvENaR0TdUc2yNIAr7Jco_yYYIxQPx8UENa5myz2GGelOJKmpDsYx4RkJKM5XvDm101zxBKMPhvVfUXFlIO/IwKro2Ni88mJ6d9cSHI6ljoo49rG7Q15aOR3ZaEcqw7s769ucKOey9BxNj1oxfTepc_25la5EQwIbAo0O1emb/31onoNSlZbm2Yzmn0ZH7nUBhCmn7AGGE8hCQMRjmZUhg6x4Vc7u9_' => '',
)
[ info ] null
---------------------------------------------------------------

[2020-08-25T08:32:51+08:00] 104.54.86.182 POST 101.132.45.200/
[运行时间：0.004392s] [吞吐率：227.68req/s] [内存消耗：863.56kb] [文件加载：188]
[ info ] [ LANG ] /var/www/mishop/thinkphp/lang/zh-cn.php
[ info ] [ ROUTE ] array (
)
[ info ] [ HEADER ] array (
  'cookie' => 'PHPSESSID=dk44t5a4j10b529lqdoh1qlmpm',
  'cache-control' => 'no-cache',
  'content-length' => '376',
  'host' => '101.132.45.200',
  'user-agent' => 'Mozilla/5.0 (Windows NT 6.1; WOW64; Trident/7.0; rv:11.0) like Gecko',
  'content-type' => 'application/x-www-form-urlencoded',
)
[ info ] [ PARAM ] array (
  'E/NXyN6dN0kSlLzbkuGJJyIE_wGVyfNQDJXoHIVZ7y86ZkMtOpWHosgCOpvUE7mauYwRUny6x8YVw1aJ6SBbH3iMZWG9_mcjwcDLAlzWNZLilFB4SkRgz9e18RFaBgFv5r/hVoY2WZLTSeoTGArcKiAmwhnYeHrK0RJuUc4pyD4NYDLlQFavSoMcMscs5azTiZrDoPC_IpoQpYkDnE4cYykH76WSYXyC9tzspi2_JA6dKRcuLQGBJpHTCnhcvv2N3UpwZ8YxBOKohT/V7INMXO7znbA0kBC6AcqrAqo3NEqT5aOYDx8r6IWtSbULpUmImM00H08pawZDOin1BLg0R30yozZWU4s7DIv5O62t8aBav6mkmQO2Aw' => '=',
)
[ info ] null
---------------------------------------------------------------

[2020-08-25T08:34:52+08:00] 104.54.86.182 POST 101.132.45.200/
[运行时间：0.004378s] [吞吐率：228.41req/s] [内存消耗：863.56kb] [文件加载：188]
[ info ] [ LANG ] /var/www/mishop/thinkphp/lang/zh-cn.php
[ info ] [ ROUTE ] array (
)
[ info ] [ HEADER ] array (
  'cookie' => 'PHPSESSID=dk44t5a4j10b529lqdoh1qlmpm',
  'cache-control' => 'no-cache',
  'content-length' => '368',
  'host' => '101.132.45.200',
  'user-agent' => 'Mozilla/5.0 (Windows NT 6.1; WOW64; Trident/7.0; rv:11.0) like Gecko',
  'content-type' => 'application/x-www-form-urlencoded',
)
[ info ] [ PARAM ] array (
  'QvZXwYnPYJQ5hMfOsSNdAzRcfIyiSa4jp94c5ihgzpCrWvOtLiBIMyJ7NkKD9AqwuY4OaA8ucsiOPzAp2fRc6f5EscCFp482WmvJZcrV8EgMXkG9U/gRGsNFyXG0T2kycjeE3ordA/SIjQ/9sKogYv4x4DkoPe3u487bF6BXw4LMtRIcAdT0sq18RIXnXh5fhiCQiZwCPZjsr7xEONjbn2O1JhJh1WE0Mp4dcAEmXYI3U36zu7cexmhHq/BxoqDypHissFtbtRDrMuOWApKTmR0kygKhpvT6wjW8P_7ktcL_Gz8hXO/C/q0ETS9nRRbQO2GDR0W2eTNU/WgFV8MxhPYWHiI7LMuUTZQWScFwj_vfGZ0H' => '',
)
[ info ] null
---------------------------------------------------------------

[2020-08-25T08:36:54+08:00] 104.54.86.182 POST 101.132.45.200/
[运行时间：0.004296s] [吞吐率：232.77req/s] [内存消耗：863.69kb] [文件加载：188]
[ info ] [ LANG ] /var/www/mishop/thinkphp/lang/zh-cn.php
[ info ] [ ROUTE ] array (
)
[ info ] [ HEADER ] array (
  'cookie' => 'PHPSESSID=dk44t5a4j10b529lqdoh1qlmpm',
  'cache-control' => 'no-cache',
  'content-length' => '396',
  'host' => '101.132.45.200',
  'user-agent' => 'Mozilla/5.0 (Windows NT 6.1; WOW64; Trident/7.0; rv:11.0) like Gecko',
  'content-type' => 'application/x-www-form-urlencoded',
)
[ info ] [ PARAM ] array (
  'Q/Fbkt_eZLEJR1PGBYoWAQqGMGZB4Unttscp0hW8Al5hLpuL_ieyTeRtVcvxPnsl/_kLRNgcjYuWVrzkvlQStQw3SWADTfAitAcfT/CuR5S9IJ4nmaBoGQ5xUQG2iyWyLBQWYXwjvjkxOaWuONFz_DegOEkWFOcHqBFLEs5AubbOI5dloos2a6jRkszRTo9hXwIVGT0fy8W04XDRZKqDQQJVb6HooMR7YdTKdwlHhVixDKmgKMEqa3migClM3OMlcdrdXr5SJE//HnltnpRDWakli5IZP9JiYMJu8RJPNnRHzFYOdAjapxKX_j9ZgvYTvsVnvK/HkdydinuVV/Z6yixZpYRwU2m0sFe0dSdl9BpHSxusk1qzGuqpKTlk/VVs_WBqGqFv6l4' => '',
)
[ info ] null
---------------------------------------------------------------

[2020-08-25T08:38:56+08:00] 104.54.86.182 POST 101.132.45.200/
[运行时间：0.004608s] [吞吐率：217.01req/s] [内存消耗：863.81kb] [文件加载：188]
[ info ] [ LANG ] /var/www/mishop/thinkphp/lang/zh-cn.php
[ info ] [ ROUTE ] array (
)
[ info ] [ HEADER ] array (
  'cookie' => 'PHPSESSID=dk44t5a4j10b529lqdoh1qlmpm',
  'cache-control' => 'no-cache',
  'content-length' => '408',
  'host' => '101.132.45.200',
  'user-agent' => 'Mozilla/5.0 (Windows NT 6.1; WOW64; Trident/7.0; rv:11.0) like Gecko',
  'content-type' => 'application/x-www-form-urlencoded',
)
[ info ] [ PARAM ] array (
  'F/EMwo6bZVj/FPwCQdl09VHU3YcnWfan3t5gzBaBoMibPm1mEADNxuPVkn4kTHAik_FXl5aDZ0IRFYyFup6TzBOAorI5xXh0vp1DuiQQy3dmf3GBNNEr7OvRdoVUeX4THIbzqlM2Nw3yrvZwUW27zckZTSSFwnyJD90GDzDxx1H1JZIHZgmqmQOAemqslaDebSzWhGJ5qx6fo8j7qPNH7l3dkfclk_RSbnzCfhfXTBjUeYrjWs1p2ijFtvvhz4FqrCGDPlsHce83/nyqZjAcdwBvZTvx80WJFAfCtDyGROyPleTTYYr0Kw2pDwsZmrkBOo1iWDbqNlt48Gky4z27LagZ6nz1qsA_lq/2AYKn5rCV5tqS5rCKK21cTCOoQaOBWxXx3DfBGt6yMxlIHyKcjk6o' => '',
)
[ info ] null
---------------------------------------------------------------

[2020-08-25T08:40:58+08:00] 104.54.86.182 POST 101.132.45.200/
[运行时间：0.004691s] [吞吐率：213.17req/s] [内存消耗：863.56kb] [文件加载：188]
[ info ] [ LANG ] /var/www/mishop/thinkphp/lang/zh-cn.php
[ info ] [ ROUTE ] array (
)
[ info ] [ HEADER ] array (
  'cookie' => 'PHPSESSID=dk44t5a4j10b529lqdoh1qlmpm',
  'cache-control' => 'no-cache',
  'content-length' => '372',
  'host' => '101.132.45.200',
  'user-agent' => 'Mozilla/5.0 (Windows NT 6.1; WOW64; Trident/7.0; rv:11.0) like Gecko',
  'content-type' => 'application/x-www-form-urlencoded',
)
[ info ] [ PARAM ] array (
  'FPRbyNieZyQfEFzsbAF_3kR76JxPmOnkgyhKaRdzgATu/Ksgz_/gtniPngWYe3eLrkZ0FyfXIgqaW37XFnaFVmskFFtCEzIFnTi0NQ4dt7RTpodoHROyCWR2/uFn3HHktTJoLOZQVY9Espox6OH65MQPQgGUudVIq8bo2oL2g9QuTG6mOpu1HIlMSuYh10WuUXxAQtNH7cr7YYZRIc/BlrgBzuaEIX47VjSM_SYkTGVI/WL8TCTXgIOiE_H6cgMoYCq1yH1turLhSaSaTr1akCbUU5mZkyWasd9pPckYJHEnxQfRP2x5I0MdeSiKcvMclAAVzQ18aAaS02yK9qcG3OFRrOUw5TKh10KsN1WYYi41cdw3p4k_' => '',
)
[ info ] null
---------------------------------------------------------------

[2020-08-25T08:42:59+08:00] 104.54.86.182 POST 101.132.45.200/
[运行时间：0.004958s] [吞吐率：201.69req/s] [内存消耗：863.63kb] [文件加载：188]
[ info ] [ LANG ] /var/www/mishop/thinkphp/lang/zh-cn.php
[ info ] [ ROUTE ] array (
)
[ info ] [ HEADER ] array (
  'cookie' => 'PHPSESSID=dk44t5a4j10b529lqdoh1qlmpm',
  'cache-control' => 'no-cache',
  'content-length' => '388',
  'host' => '101.132.45.200',
  'user-agent' => 'Mozilla/5.0 (Windows NT 6.1; WOW64; Trident/7.0; rv:11.0) like Gecko',
  'content-type' => 'application/x-www-form-urlencoded',
)
[ info ] [ PARAM ] array (
  'RKQMw9_eZgxEC86/aof29m3Tr8tgCglRAOcKLzNm1CobpgDK4oANfF4U5QAz6vgU6xR4eOnVaygCt6mBOIqIYXsugK2fSucUNzvTAJFD8XOwcSDHlvsVYndpm50cVMV8Q/LiALk8VUGym6GjVoUbLQMg3_de46pC2TVmLzy/6WA/Cm9VDCEOHrDVtvPntix/qj3z_8M956nGKM1w0kuhXXqM3q7uaR9WPiA5KkpVpPl4x/vazTYu_DHMiL2vf3CitisHTUjISOgiOa1gHiLRtyhKln7gYtMir997PEiw3dUqToyaFuemabP_ttlmYCE/9S4o2CpPjv5SoMxyflu6t1Ict_cMT/r_7Ps4qB0Vo9eskD6g7GZhVqbaZaXzkUFdnoUw' => '',
)
[ info ] null
---------------------------------------------------------------

[2020-08-25T08:45:01+08:00] 104.54.86.182 POST 101.132.45.200/
[运行时间：0.004321s] [吞吐率：231.42req/s] [内存消耗：863.56kb] [文件加载：188]
[ info ] [ LANG ] /var/www/mishop/thinkphp/lang/zh-cn.php
[ info ] [ ROUTE ] array (
)
[ info ] [ HEADER ] array (
  'cookie' => 'PHPSESSID=dk44t5a4j10b529lqdoh1qlmpm',
  'cache-control' => 'no-cache',
  'content-length' => '376',
  'host' => '101.132.45.200',
  'user-agent' => 'Mozilla/5.0 (Windows NT 6.1; WOW64; Trident/7.0; rv:11.0) like Gecko',
  'content-type' => 'application/x-www-form-urlencoded',
)
[ info ] [ PARAM ] array (
  'QPENkoyZZzKuzUetzbl_IsQ4OiWOHHoCy5IgKORqUUiYUuKdIPcn0Qt74p8PnxTGjG9fp0VGffQZbvat453yPqzb2O4bdRXunosxP6tPaIKn71LFMJs/7pMwkBxJErcFhrYFD2QDCNGpMiRzBHXoP6scTjc9g6xsXYkA/ExNMQCny8ohTIW_VpQD3ex4MKcWv_UxcYP/R920DG4y3G61h307YPECpxCJQwMs97HUUXOJ9drmdXFAsqUcw2J5xLfTcKnu1gvLgiBYfBXF1xg1Z3ThAUa0jB762zvigF/41PRBiXh2XAPdkD7aAtPnQCeokArj5OSRJVze2bLZiI66lNt9R8ahFPwI9s7qYFI1UFcTHrBz9FQ1okXl' => '',
)
[ info ] null
---------------------------------------------------------------

[2020-08-25T08:47:03+08:00] 104.54.86.182 POST 101.132.45.200/
[运行时间：0.004205s] [吞吐率：237.81req/s] [内存消耗：863.56kb] [文件加载：188]
[ info ] [ LANG ] /var/www/mishop/thinkphp/lang/zh-cn.php
[ info ] [ ROUTE ] array (
)
[ info ] [ HEADER ] array (
  'cookie' => 'PHPSESSID=dk44t5a4j10b529lqdoh1qlmpm',
  'cache-control' => 'no-cache',
  'content-length' => '372',
  'host' => '101.132.45.200',
  'user-agent' => 'Mozilla/5.0 (Windows NT 6.1; WOW64; Trident/7.0; rv:11.0) like Gecko',
  'content-type' => 'application/x-www-form-urlencoded',
)
[ info ] [ PARAM ] array (
  'EKMMwNycZrfiZQLj2Abjp1/zwnDnh9bOa7J/1ilZ6tB_6tBBk3r9Ryg10dPaYLKOeagCxCmSNEJd9C0S7rCdVklnbk/Xq4BtC3zg8ZMgQvZNNQqXJjNJVGp0E9uvougc4yowfj8cYMakxsgX1DCx5e26lVI9s/wBfEo_bxoZS07jRau06zTv/BJTcEQFcDWgz1V5BVuWipdUOrUd4C2JPJdDF2oYiDE51kO/zimbT0X4dw6RwD1ICFd_yKH8qT8MWJ_3iKuc1/Zs/kH8n049dGIUNdT2xRWq_bjqo3JJmdcqryIAhumqESjL/644IyRt_FgbTuJd3Son3XoZstctgv0ZWNxkbGnYiwSXY3PNiJmcjkfQhw' => '=',
)
[ info ] null
---------------------------------------------------------------

[2020-08-25T08:49:05+08:00] 104.54.86.182 POST 101.132.45.200/
[运行时间：0.004506s] [吞吐率：221.92req/s] [内存消耗：863.69kb] [文件加载：188]
[ info ] [ LANG ] /var/www/mishop/thinkphp/lang/zh-cn.php
[ info ] [ ROUTE ] array (
)
[ info ] [ HEADER ] array (
  'cookie' => 'PHPSESSID=dk44t5a4j10b529lqdoh1qlmpm',
  'cache-control' => 'no-cache',
  'content-length' => '396',
  'host' => '101.132.45.200',
  'user-agent' => 'Mozilla/5.0 (Windows NT 6.1; WOW64; Trident/7.0; rv:11.0) like Gecko',
  'content-type' => 'application/x-www-form-urlencoded',
)
[ info ] [ PARAM ] array (
  'EfAPxo7MMns09veFQDOumwVpgr4rBg4Qw8CSPtD_ADmR2f4N_owW9waUT0sSp1ez1fOOTzSojgZQDYY_XAXR30cA_jpyMNl1aiR5KVXrGs14Iw4zTebLnSTBfcvAV8sU2RLQWt3VOwfx6O_MB330gi73w7IuKtLFHTjNEO1aUGN3mbAiOWq0sKaYKEnd_UHVB0lP5TxlpsFlhg1yLlQR43GlSC9zuQdMCE4nb7/mPOADBgnz1f3L8q1j7Po0B0U_d8vQCLDjwBrwPjm4_2YLQcQDzqmkybPaH4_rudNFDAOogrguL65w36e5kHVF6XQ0hOSXbnT_35wUX0hyPpbtsStLnD7jHIbbnlY/1Ae1YnIpI5zNqUSs5rQl24lvQELWdU89ysjDPKU' => '',
)
[ info ] null
---------------------------------------------------------------

[2020-08-25T08:51:07+08:00] 104.54.86.182 POST 101.132.45.200/
[运行时间：0.005768s] [吞吐率：173.37req/s] [内存消耗：863.44kb] [文件加载：188]
[ info ] [ LANG ] /var/www/mishop/thinkphp/lang/zh-cn.php
[ info ] [ ROUTE ] array (
)
[ info ] [ HEADER ] array (
  'cookie' => 'PHPSESSID=dk44t5a4j10b529lqdoh1qlmpm',
  'cache-control' => 'no-cache',
  'content-length' => '356',
  'host' => '101.132.45.200',
  'user-agent' => 'Mozilla/5.0 (Windows NT 6.1; WOW64; Trident/7.0; rv:11.0) like Gecko',
  'content-type' => 'application/x-www-form-urlencoded',
)
[ info ] [ PARAM ] array (
  'RfQKktjAYQwVSGMyRa5TvEE_La7AjAze1jbeE03Hugsfr5GmXUUF8OpYkNMwkHyg2BplEh5HlDH/61yy7VNhdlrvTvkp_MyHTYUR65PlWnooZ6nuxzpXdFku2LiUWknvKch2lk9FD/HRoI9Flg3pBFaNzepwiLmI_MhNq19eUg8_k7yIICwY/NsCKr8sczJKpC_uMu4n2jeze9pqhFos/Mz5FlUD488WS8_wFh85N0hhAgl9lVohJc2c9nA88AQ9R5mPC993UM6/bqdPaUY92o6qLdlfnAurkkr8Qe0PHxYQhgE984vfapEu3ysZBuGlRyVB8qvxzD3hBbpbNr/ZC/yA5IMqy0geVw' => '=',
)
[ info ] null
---------------------------------------------------------------

[2020-08-25T08:53:08+08:00] 104.54.86.182 POST 101.132.45.200/
[运行时间：0.004485s] [吞吐率：222.97req/s] [内存消耗：863.81kb] [文件加载：188]
[ info ] [ LANG ] /var/www/mishop/thinkphp/lang/zh-cn.php
[ info ] [ ROUTE ] array (
)
[ info ] [ HEADER ] array (
  'cookie' => 'PHPSESSID=dk44t5a4j10b529lqdoh1qlmpm',
  'cache-control' => 'no-cache',
  'content-length' => '412',
  'host' => '101.132.45.200',
  'user-agent' => 'Mozilla/5.0 (Windows NT 6.1; WOW64; Trident/7.0; rv:11.0) like Gecko',
  'content-type' => 'application/x-www-form-urlencoded',
)
[ info ] [ PARAM ] array (
  'RKJdyN3IbVu6nLDga9OG3s34UotMcsP5F9M_X6yS6CZaeOY3KaFa8/82Sw5VFrmrlVCJM6WpbUgTZDd/TVllU1gTT07QaBN7gUfuYWWY5wQusElygReRoLGZ1BFVFYJP0JJ/I5Bii6UEGaFpqyFXJx8ASKjhZwe8ANAqtCOEp7KQDgqyT/H_558Ual17OKfs5pb02jpJ9m/2XA7Po2rZ4r0kL3kRiiA6wFnaG6/EMLeBTCjtcmAU5aE0IQt80XNTqb1xZJhpYCJFAapRf/_hpSzpxdvYrzRz6/1tEZsaht5wL2xa2Rr5P8IQ/mbD7SprsTjtq03FC8UlOIPakisBfGpnj1TRnbFTSa/2jVIBUMi0BoSsgzhLrybHSx7OSC9SIlgfkvjD2VAIOkm7Ogb2DGgcXA' => '=',
)
[ info ] null
---------------------------------------------------------------

[2020-08-25T08:55:10+08:00] 104.54.86.182 POST 101.132.45.200/
[运行时间：0.004541s] [吞吐率：220.22req/s] [内存消耗：863.44kb] [文件加载：188]
[ info ] [ LANG ] /var/www/mishop/thinkphp/lang/zh-cn.php
[ info ] [ ROUTE ] array (
)
[ info ] [ HEADER ] array (
  'cookie' => 'PHPSESSID=dk44t5a4j10b529lqdoh1qlmpm',
  'cache-control' => 'no-cache',
  'content-length' => '356',
  'host' => '101.132.45.200',
  'user-agent' => 'Mozilla/5.0 (Windows NT 6.1; WOW64; Trident/7.0; rv:11.0) like Gecko',
  'content-type' => 'application/x-www-form-urlencoded',
)
[ info ] [ PARAM ] array (
  'EK1WyI7PN4FoF3qQO1R58JxmUFvUQfXMBPATKZAi/PFN_h/Oyv7OmvuQIYrjpTGVlUO6NyQL3/QtvX2liWDU75_SVudohvwJR0irwtbizfL5d8IGh_MZx0lGe4wIVgo4LwXzYiYwuhyppMZbfMpRXoy_joEiMq_t0b6NIYuBEkw4B36fulTz90EmnTW2i/rZKZYoIRtFCKicvCL6OiUw7sVR7744Q7Ky0D1byTcOa_ltwUW3hbGUFZzLzHWBqoVuG01oJilVN54tPNY7ey3_meG1pIqBlu9NUV_1W9DxHCETtQUrsXg6piwz8RAQmsoasJ8mh/Dvc8jVc1GOsVMKt8DFax2rQVhNnUWr' => '',
)
[ info ] null
---------------------------------------------------------------

[2020-08-25T08:57:12+08:00] 104.54.86.182 POST 101.132.45.200/
[运行时间：0.004816s] [吞吐率：207.64req/s] [内存消耗：863.56kb] [文件加载：188]
[ info ] [ LANG ] /var/www/mishop/thinkphp/lang/zh-cn.php
[ info ] [ ROUTE ] array (
)
[ info ] [ HEADER ] array (
  'cookie' => 'PHPSESSID=dk44t5a4j10b529lqdoh1qlmpm',
  'cache-control' => 'no-cache',
  'content-length' => '380',
  'host' => '101.132.45.200',
  'user-agent' => 'Mozilla/5.0 (Windows NT 6.1; WOW64; Trident/7.0; rv:11.0) like Gecko',
  'content-type' => 'application/x-www-form-urlencoded',
)
[ info ] [ PARAM ] array (
  'R6IIxN_aNdYG/5B5fXx9D7JJDsZQjWaCIvf4bOdUpr/gKnV08oHMbOMii_aLKU3VYn_mvDpBChQWKE7JYpSD_IXP/06ym2u5mjYRGK/DLX0OW7w2W/AWDmAdVK3AGorG/i8GnNH4ISkyY0LwaMbVAR2EVfQAtsJBgBGdRNu8Y_SeySn4fO1C19nYKyvNpS1bskxwM14bzLcsvlPdjoRx4foHgsh42NjxTlZj4OjK0NsLsnoCQU2eWVZ3q2nJS1CWiPxEdmtqhEiCRyNPjjaCkFJggw_zSMPYdy7d1kjuhgZMBgDvdxLpZCSt__xd_oVd6oPv0RFImt43BFHBONd6Y7o9WY2Xt/AE4hAOi1QJTXbeUI6a5rGaaKiqsjs' => '',
)
[ info ] null
---------------------------------------------------------------

[2020-08-25T08:59:14+08:00] 104.54.86.182 POST 101.132.45.200/
[运行时间：0.004471s] [吞吐率：223.67req/s] [内存消耗：863.81kb] [文件加载：188]
[ info ] [ LANG ] /var/www/mishop/thinkphp/lang/zh-cn.php
[ info ] [ ROUTE ] array (
)
[ info ] [ HEADER ] array (
  'cookie' => 'PHPSESSID=dk44t5a4j10b529lqdoh1qlmpm',
  'cache-control' => 'no-cache',
  'content-length' => '404',
  'host' => '101.132.45.200',
  'user-agent' => 'Mozilla/5.0 (Windows NT 6.1; WOW64; Trident/7.0; rv:11.0) like Gecko',
  'content-type' => 'application/x-www-form-urlencoded',
)
[ info ] [ PARAM ] array (
  'S/EIw9jAMTYEMuxPohdSoraXO5Z2TtzIl3S8mDBbKz0jGR1I8bw6OtJwLTweqFKTz/eXZb0jRYhZCPVP8qwhDwEQcKr/62u4C91Y9kxzkXkPGLeW8rk7taRiCG5W_MJUcOpdAgMWUCN4CHbDoeM2jMenBsBrkDz0P/SxTl5huYodHDzQVQAhwLEH/_WEKGBxY3DXVw1dXExvH6_it0dUbKc6Adm0OkMmgrm_9DwzH8fQIdAeVV1t_CxB_HGKCyv0IW_bq6JxIlue97boeDnwWctZzYQbQznS4eykpTr9gQjDmaDO0L/KW3frd_uTcoL2XxWnIwlePpzsJTdGPu1rKP6NYcIUTTN/jKFClp6XXzg1l4u9pcgy4d7OBIMGVdEA9mmtaMdX8PWD22raREir' => '',
)
[ info ] null
---------------------------------------------------------------

[2020-08-25T09:01:15+08:00] 104.54.86.182 POST 101.132.45.200/
[运行时间：0.004386s] [吞吐率：228.00req/s] [内存消耗：863.56kb] [文件加载：188]
[ info ] [ LANG ] /var/www/mishop/thinkphp/lang/zh-cn.php
[ info ] [ ROUTE ] array (
)
[ info ] [ HEADER ] array (
  'cookie' => 'PHPSESSID=dk44t5a4j10b529lqdoh1qlmpm',
  'cache-control' => 'no-cache',
  'content-length' => '380',
  'host' => '101.132.45.200',
  'user-agent' => 'Mozilla/5.0 (Windows NT 6.1; WOW64; Trident/7.0; rv:11.0) like Gecko',
  'content-type' => 'application/x-www-form-urlencoded',
)
[ info ] [ PARAM ] array (
  'RaZWlNOdMlIfBO4E72y_89Tun_izcsIIVIAd/cws4ANbJfR35BLJwilrgFUzR5PxqBWzZ4TnKlt7j3UzogiGYWVx/ZZeD7japqbK2DC0T8tHDAEgP4mftBVdL0BEhPSxOF6bPSqGITd3azP7VPnSl4wm9k1QZY6vyZs7tG5tI/VpTpm2sWso0Y3zSJ6ftVdsORNWXOKcAbl//Kige7a0230vqVn/xb3sm2m7QIaiUKAG8yYgwzxOj59TMhJhyGQi_n4Lk/Uz/0YBYWqqmwVL/KdmvsbA9DuC9z8TVbFUuGTyw75yiek0V0BvJkqSWYeXK1hxN_kpoWLz8EQB9UgtjTdfO0KiqCRsn8mssmbXj_Myuaw6T6O8J6YC8Y1r' => '',
)
[ info ] null
---------------------------------------------------------------

[2020-08-25T09:03:17+08:00] 104.54.86.182 POST 101.132.45.200/
[运行时间：0.004457s] [吞吐率：224.37req/s] [内存消耗：863.63kb] [文件加载：188]
[ info ] [ LANG ] /var/www/mishop/thinkphp/lang/zh-cn.php
[ info ] [ ROUTE ] array (
)
[ info ] [ HEADER ] array (
  'cookie' => 'PHPSESSID=dk44t5a4j10b529lqdoh1qlmpm',
  'cache-control' => 'no-cache',
  'content-length' => '392',
  'host' => '101.132.45.200',
  'user-agent' => 'Mozilla/5.0 (Windows NT 6.1; WOW64; Trident/7.0; rv:11.0) like Gecko',
  'content-type' => 'application/x-www-form-urlencoded',
)
[ info ] [ PARAM ] array (
  'RPAKk9KaYn5J4uCux72ZUnRa_UnkLLfQYxrO2W21oyaIfrX9eKsVcO_HVMhaER2922fN0YNv9mHtehERu2rrbnUP2efZ3hJcbwU56ILP8dEbS/8xQh7DufCOjPge4UVUTbc3qGO5thWOxDFhV46e4Hf1ZbS3ZXesbIP1CiNhrtY5Lq/KySZxSAdwd5nr6321NiXX0i5mL3iyY7wNvdgjet5Wu6b/K/naeUcpNT6jVQXFFFMfZAMxAmS9gAiATtT6p9F954XAitE5B2rFYGp5sEp7RUk7lHZYlw7Xjf9OJir8LGqu/dET3cFsBJPi7W6NfIEI1jzS8iqtSkdzsL5zf3DpJAQgYd9sYPsg/f9f2tMZr45PT_OtL6v73s/JGjqFPhLPGQ' => '=',
)
[ info ] null
---------------------------------------------------------------

[2020-08-25T09:05:19+08:00] 104.54.86.182 POST 101.132.45.200/
[运行时间：0.004732s] [吞吐率：211.33req/s] [内存消耗：863.81kb] [文件加载：188]
[ info ] [ LANG ] /var/www/mishop/thinkphp/lang/zh-cn.php
[ info ] [ ROUTE ] array (
)
[ info ] [ HEADER ] array (
  'cookie' => 'PHPSESSID=dk44t5a4j10b529lqdoh1qlmpm',
  'cache-control' => 'no-cache',
  'content-length' => '408',
  'host' => '101.132.45.200',
  'user-agent' => 'Mozilla/5.0 (Windows NT 6.1; WOW64; Trident/7.0; rv:11.0) like Gecko',
  'content-type' => 'application/x-www-form-urlencoded',
)
[ info ] [ PARAM ] array (
  'F60Iw96cZzksSvFuFSVPMB8mmhWZ9WCuTA9_0Ii6qJeQhShkAVeu6g8odxjfX9BjEJuRJJiD0DRGVd17vkeeVXD/zMq5I5o43eIdDcLf/JIUfbe7Fz80hXY_qpmELWPd2/nQ/dlyax9uimvhgTEScaxIQSx/HGi2wV2wO5oqcykb9IgiS6iyyk7xbAViws43fh5GNm_Jn8zVMjIpL6nNyT9uQ2nfWmxRApYskIjt9Vp0VT8deDJVHEhxUCVZfWd39Wn/zgwv_t_873EkdfrxzQJVxEyaDMxaROH3JLr0M1lWi3ezfF7RQLWN9GJt1xU6KbiT28cFrD9nEh5OzK8Ez1VHp6Mgj7mGMbyLjdHi8WuMcBFqqAdkrLCKxQFZriCvu5vAdFIKlgo2bN8nVOFDfJE' => '',
)
[ info ] null
---------------------------------------------------------------

[2020-08-25T09:07:27+08:00] 104.54.86.182 POST 101.132.45.200/
[运行时间：0.004252s] [吞吐率：235.19req/s] [内存消耗：863.56kb] [文件加载：188]
[ info ] [ LANG ] /var/www/mishop/thinkphp/lang/zh-cn.php
[ info ] [ ROUTE ] array (
)
[ info ] [ HEADER ] array (
  'cookie' => 'PHPSESSID=dk44t5a4j10b529lqdoh1qlmpm',
  'cache-control' => 'no-cache',
  'content-length' => '360',
  'host' => '101.132.45.200',
  'user-agent' => 'Mozilla/5.0 (Windows NT 6.1; WOW64; Trident/7.0; rv:11.0) like Gecko',
  'content-type' => 'application/x-www-form-urlencoded',
)
[ info ] [ PARAM ] array (
  'SqwLldLPZmtL2DMATXjEOsQn2AK1I0UHVIOlR4MfugFkZ//pxPcotoZwAzVJ7XVz6TIGkq1_CMw3JEoFbieTMB5hpCy6Jdt1KtZiIJhQ27Kr1GUvi7qi1EFVln/JjSfhqK3Pt6X4CcKffaq0qiHRy8JV_nDgyIYIg/ZHJ1TbgHwUAknn6VLYkZt30Tf1erb9QpvzyMIA3Z02FBfsQgJHwzKpuU9YXSdzuJna9RNEVqQ7ZO6lp4F2tVvSQmcMz5yeXaUSsqe2O2nxgXL04Pmy7AQxkxg0FqENU9sIjhsWVeak/Oayb4uBKZc6ioe5CTOeFxKNsedR7PyTrukF_KgYyoKBX3j6D1KvSBUrexI' => '',
)
[ info ] null
---------------------------------------------------------------

[2020-08-25T09:09:29+08:00] 104.54.86.182 POST 101.132.45.200/
[运行时间：0.004832s] [吞吐率：206.95req/s] [内存消耗：863.63kb] [文件加载：188]
[ info ] [ LANG ] /var/www/mishop/thinkphp/lang/zh-cn.php
[ info ] [ ROUTE ] array (
)
[ info ] [ HEADER ] array (
  'cookie' => 'PHPSESSID=dk44t5a4j10b529lqdoh1qlmpm',
  'cache-control' => 'no-cache',
  'content-length' => '388',
  'host' => '101.132.45.200',
  'user-agent' => 'Mozilla/5.0 (Windows NT 6.1; WOW64; Trident/7.0; rv:11.0) like Gecko',
  'content-type' => 'application/x-www-form-urlencoded',
)
[ info ] [ PARAM ] array (
  'Q/NawtqcY1hIY4d0L/8vZHd5C2MVw9tQQL5DfKEQ6HQGHH4OK/i4gQj7v0TDeC1Ko/ecRkP3bvb0rl3Sbt2dExG9/hzJbTWJGx_BX9TbxufEGUDK8UGRP47Rstoc0Lw_zROwdN_xAn4s1gmXqQWNud26ieBeq2Gm1gMoXu67DSQxH97_HopHW26LE1OyhN/Jc76nqhSqdNjDXcHjpq0ALrlyzH7hGmSrXgJ_IDvjB53rmh_a6sT30IF63KQNhq2GotcjPxmjKntWTsuLFI2p8pa/QbYsPPq5oJtuRubBdAGnjX_ADlATsC77gk4AdgahVApqVH3Q6bXMUczFD47JfSBR2ihnjsuA2tzKLFIhoeX0QWPYKDzB/4zRLM/GH7OhYuk' => '',
)
[ info ] null
---------------------------------------------------------------

[2020-08-25T09:11:31+08:00] 104.54.86.182 POST 101.132.45.200/
[运行时间：0.004296s] [吞吐率：232.78req/s] [内存消耗：863.69kb] [文件加载：188]
[ info ] [ LANG ] /var/www/mishop/thinkphp/lang/zh-cn.php
[ info ] [ ROUTE ] array (
)
[ info ] [ HEADER ] array (
  'cookie' => 'PHPSESSID=dk44t5a4j10b529lqdoh1qlmpm',
  'cache-control' => 'no-cache',
  'content-length' => '396',
  'host' => '101.132.45.200',
  'user-agent' => 'Mozilla/5.0 (Windows NT 6.1; WOW64; Trident/7.0; rv:11.0) like Gecko',
  'content-type' => 'application/x-www-form-urlencoded',
)
[ info ] [ PARAM ] array (
  'RKxWlIzMbPe7sxCenHLjffpP0UpsGLvJOsN_9rMS2QLFAPhZ9KLqc6usNEdOlMZ3BrQMts4Q1Ia0TA_2zrc4jrIkzbgTDcXne9T/am9d43NjVGSToEtQ08Nu4tlLV4OdZQtkVNyV83oQ1Zaso/NbbJ8_WJ2JAwmK2SZw898/vz5ZOFSUtXbWyVX2vJKuQM5M_l71LdwayX70qB7iiwI2egcBJYk94urggUtkeFFXSKMLgnqofJTALE_YJYrLV6wuhJTY3quoQg3IVvihLY3dIJ5j8fn9pfpxQ425mMeNqFd9gJDRxPadEWyxSe8lyXKI8EO99fTOwn49ki671NpJ4jKzjJsfPy_Heh07zivVYLEl20DxzisxlfrbyV/gs11WLJszm8AB0Q' => '=',
)
[ info ] null
---------------------------------------------------------------

[2020-08-25T09:13:33+08:00] 104.54.86.182 POST 101.132.45.200/
[运行时间：0.004862s] [吞吐率：205.67req/s] [内存消耗：863.56kb] [文件加载：188]
[ info ] [ LANG ] /var/www/mishop/thinkphp/lang/zh-cn.php
[ info ] [ ROUTE ] array (
)
[ info ] [ HEADER ] array (
  'cookie' => 'PHPSESSID=dk44t5a4j10b529lqdoh1qlmpm',
  'cache-control' => 'no-cache',
  'content-length' => '380',
  'host' => '101.132.45.200',
  'user-agent' => 'Mozilla/5.0 (Windows NT 6.1; WOW64; Trident/7.0; rv:11.0) like Gecko',
  'content-type' => 'application/x-www-form-urlencoded',
)
[ info ] [ PARAM ] array (
  'FvEIxt_eZglMaeajeoCo9uXW0turvA9tbmpjzHIa0pven5J7KyWqQKqoHoiwmQYhU_Oka6oVjAZPOPyB6D3aaih/AFvB1t0NeuVzQA0tGWiL2dAj/xaC1hyb4KQGIg_LoNN7XCpuKlFvpiHlyQOZA2sKezAizE9m05wfy8nkRTkB1dujE6SHd3G/w2nwvQsZELE3yRU82priGRQXRWyxcjJF3nxgEaIGIIqCl1s3kZ_LDcMI2_q2_mzRzq4BPRyzWSLd8mWdS90fpfOczPENQU/98KXBugvbapp5k5TmqWpgZaY2zFRn3eqKbYzUqfFwQYGwaJZbICHOb9QKLodC6Pw6LUXG/fODFPgQ98zMKXfIyxTiDwX3iHlRRw' => '=',
)
[ info ] null
---------------------------------------------------------------

[2020-08-25T09:15:35+08:00] 104.54.86.182 POST 101.132.45.200/
[运行时间：0.004311s] [吞吐率：231.96req/s] [内存消耗：863.81kb] [文件加载：188]
[ info ] [ LANG ] /var/www/mishop/thinkphp/lang/zh-cn.php
[ info ] [ ROUTE ] array (
)
[ info ] [ HEADER ] array (
  'cookie' => 'PHPSESSID=dk44t5a4j10b529lqdoh1qlmpm',
  'cache-control' => 'no-cache',
  'content-length' => '420',
  'host' => '101.132.45.200',
  'user-agent' => 'Mozilla/5.0 (Windows NT 6.1; WOW64; Trident/7.0; rv:11.0) like Gecko',
  'content-type' => 'application/x-www-form-urlencoded',
)
[ info ] [ PARAM ] array (
  'S/ZZw47JbP56AoXXwQopg4RZpDSzvkpBhuFK6LAleV5RdmrifIRdoOQhbgy34tRR_AGzI5vMkf_fmq39_B9IGpoEAwmWWkxUsbYT/N7ebBfrbZ88JTSQAyUs32N3Tou/YzgA9nRs3CfPua/rmLcNg7qrnVo8cVgN/roZuqEDcAnzjSb8x5MGU0Pmw5aI7FI/WCi/BWG1IA9ot1nhsZhjug86QERrKJVns0duq428J8yA24StsOvbtEC2Ywohh6K5MRZnIunbCqf1EvDZ9F5aWB7NyJRjh0wGtImOS8quL0RJvRTOsPUzK7UQIqvPv_fftTIIfd2nwn7VKjQbAkfh2gqm58oCt1M0ebAJQpoNOy2eamLZvOO_JMCbd5al8jcrqB9_/hie0ZLO2VYmUMUqLNHHuqhr0fFaF/ZO' => '',
)
[ info ] null
---------------------------------------------------------------

[2020-08-25T09:17:37+08:00] 104.54.86.182 POST 101.132.45.200/
[运行时间：0.004476s] [吞吐率：223.42req/s] [内存消耗：863.44kb] [文件加载：188]
[ info ] [ LANG ] /var/www/mishop/thinkphp/lang/zh-cn.php
[ info ] [ ROUTE ] array (
)
[ info ] [ HEADER ] array (
  'cookie' => 'PHPSESSID=dk44t5a4j10b529lqdoh1qlmpm',
  'cache-control' => 'no-cache',
  'content-length' => '356',
  'host' => '101.132.45.200',
  'user-agent' => 'Mozilla/5.0 (Windows NT 6.1; WOW64; Trident/7.0; rv:11.0) like Gecko',
  'content-type' => 'application/x-www-form-urlencoded',
)
[ info ] [ PARAM ] array (
  'QKxfwNPNZYkuiji0mjUllHfibY6CGbjnC04fUfi2MUc3Xov1kaMvumOdIn0zT/_YeCqfHhK0dnq80T1JrHSCGQz9M1OkCniAU2nILHvGspnq2oAZ3yP6cqpXH51I0zKlXkM6yPpDGv2NWkjiDc9dADPnnyPJmMFOfM1mevVPK7_f6jkWwytmhfwjgen3V_TprygSwcRC4ka2IIFlf8Ov3_x6IgX5aNY0AZrKePMKpa9izHP9x8Vqys75StR_da8SMDkT/p0iPbBw1ptJZNMMSonmN5HWnPlEDhp4r/nOCM9nzu4UgXVSo0Fgep7i6I7JzLpSEjZbtGDhbDL6oFaL9yexwPf1srqCjphZ' => '',
)
[ info ] null
---------------------------------------------------------------

[2020-08-25T09:19:39+08:00] 104.54.86.182 POST 101.132.45.200/
[运行时间：0.004297s] [吞吐率：232.72req/s] [内存消耗：863.94kb] [文件加载：188]
[ info ] [ LANG ] /var/www/mishop/thinkphp/lang/zh-cn.php
[ info ] [ ROUTE ] array (
)
[ info ] [ HEADER ] array (
  'cookie' => 'PHPSESSID=dk44t5a4j10b529lqdoh1qlmpm',
  'cache-control' => 'no-cache',
  'content-length' => '424',
  'host' => '101.132.45.200',
  'user-agent' => 'Mozilla/5.0 (Windows NT 6.1; WOW64; Trident/7.0; rv:11.0) like Gecko',
  'content-type' => 'application/x-www-form-urlencoded',
)
[ info ] [ PARAM ] array (
  'Sqddw9zAYH2woY1i/Gqh0rm_v4TLxHz8clg0f9H88ldsHI7HhIZLSWBcjwJEaHvpRv_xFwlAZzzEPtjSOm2okeRUht/8eyUwGXKAgwXhGB2YlntJWqN5doAT54AlIUtbEnHMQ9lXC2RjP0KDXcTs5/xwlAyiQzB3_xmEgRwNChoidhBPsaNLhRnFSRBRr1ZMFBK5L3t4/AdQyTbmghcMcmivA/xVfQbEG6/jduW2guhYJnsDA0s0KnMgSU7fXhudRn/5iNLQRF6l2Lvl4z3RS05nf/OedAh3537AZMSMvFVAL9ExMRq6k99hWIKgBX9DA20cncmKBBJHrxAz5Vltd0MyOp3MY/OlqFbOsZZxbphNtGccy5iahzIpDCrpt4FoNgfSJ_MUv7waP3BtRXOQF5TsxXIOSBXGmU0qHQ' => '=',
)
[ info ] null
---------------------------------------------------------------

[2020-08-25T09:21:41+08:00] 104.54.86.182 POST 101.132.45.200/
[运行时间：0.004599s] [吞吐率：217.43req/s] [内存消耗：863.81kb] [文件加载：188]
[ info ] [ LANG ] /var/www/mishop/thinkphp/lang/zh-cn.php
[ info ] [ ROUTE ] array (
)
[ info ] [ HEADER ] array (
  'cookie' => 'PHPSESSID=dk44t5a4j10b529lqdoh1qlmpm',
  'cache-control' => 'no-cache',
  'content-length' => '404',
  'host' => '101.132.45.200',
  'user-agent' => 'Mozilla/5.0 (Windows NT 6.1; WOW64; Trident/7.0; rv:11.0) like Gecko',
  'content-type' => 'application/x-www-form-urlencoded',
)
[ info ] [ PARAM ] array (
  'E/RWyNjIZ_blegixVnR3nwy9J/4FX5L4HV/x9svL5wvEn3Fjks_vrCxfozKzPzWcHVJLAJXyldxHt6AtI7LPY8ryRk9r2rX6X2FCGeei4/hjOeoDT4_E4KIMpcOgGsIBSit6FAsrku5SLYSPAqt0MgDJYBEhaPvk37T49/OSDRdI_c79m7OHWzwwCOONxr5BjT85Yxuc0JMdloa27vYHDg4ZuOOEJG19zMIlcnnCqJKdF_Pa2Ra/YeA5EM5a5jb/mFTh9HGddaRJjvgGPxULFZrGmNbaX9smAKlyeiTRYOlAVB49C52ZPmB4aI8WC_98Lhx5JoG/HJ0N7cgkcCEY3N_MyaYAZ5Ne2VNu1KqV12Sd88oRgkBWmDjASsdgzcd1i8AcwWsKyqIrusB8vQD8' => '',
)
[ info ] null
---------------------------------------------------------------

[2020-08-25T09:23:43+08:00] 104.54.86.182 POST 101.132.45.200/
[运行时间：0.004338s] [吞吐率：230.52req/s] [内存消耗：863.63kb] [文件加载：188]
[ info ] [ LANG ] /var/www/mishop/thinkphp/lang/zh-cn.php
[ info ] [ ROUTE ] array (
)
[ info ] [ HEADER ] array (
  'cookie' => 'PHPSESSID=dk44t5a4j10b529lqdoh1qlmpm',
  'cache-control' => 'no-cache',
  'content-length' => '392',
  'host' => '101.132.45.200',
  'user-agent' => 'Mozilla/5.0 (Windows NT 6.1; WOW64; Trident/7.0; rv:11.0) like Gecko',
  'content-type' => 'application/x-www-form-urlencoded',
)
[ info ] [ PARAM ] array (
  'E/Fbw96ZYGLcVgF3esJG3WiCPniQ07SSVuzJRMAuXQ8jng6BROAscetRBVrya7P7uApIpYrdnbuaql3uUNt5sBRGF9AlP/ixhcwudOHPPzSqs2Xh0Aa2s7Y7VAFWDCTO7oQ03yrN3Y6SKY0I1xrYu1NQFDky/JPwyTaweU8/3EIL_ILDBkkrXdWWBQYBFNzg5Prgt0qV0ZhiHzD43x_wwGxh84OzT9M8rfzQpa8zLBDLKYb0lWpSAHzpcHBr/__Du/zlKLP0KKyxir6MqqJyV5ssyavYgLKFVoZGalZKVbACfRIdV/yq/y5DQLgdwBifVs/ZokE__bxfaHiwpDXUgGP1tXDqRWuLkGAG4xaj9aS3_LTtiKzk1Qj_XcSNmVO8IgQ82T_E' => '',
)
[ info ] null
---------------------------------------------------------------

[2020-08-25T09:25:45+08:00] 104.54.86.182 POST 101.132.45.200/
[运行时间：0.004600s] [吞吐率：217.39req/s] [内存消耗：863.63kb] [文件加载：188]
[ info ] [ LANG ] /var/www/mishop/thinkphp/lang/zh-cn.php
[ info ] [ ROUTE ] array (
)
[ info ] [ HEADER ] array (
  'cookie' => 'PHPSESSID=dk44t5a4j10b529lqdoh1qlmpm',
  'cache-control' => 'no-cache',
  'content-length' => '392',
  'host' => '101.132.45.200',
  'user-agent' => 'Mozilla/5.0 (Windows NT 6.1; WOW64; Trident/7.0; rv:11.0) like Gecko',
  'content-type' => 'application/x-www-form-urlencoded',
)
[ info ] [ PARAM ] array (
  'RqFfyYjLYKIsyzpGgMWsQV11KZbMr_HUNELAF7zoqm_YQAJ_WbnLCQrPSeHChiFdODxKISzEXSbUzJCaHJrs8V6fygTto2pHxzRJZfvAYAKzsobV_Oz9Hua0_fEIIJEGW2_oyzsCUqNp5pWlofbt1afSf2Ovyu80mBXbK1IJPVmdvGcqcT3yQLbNJzAOsAubDoePHBW2twJWJbKw5KR7V16Gib16S39YL2QuApNzEa/rjrgKjgmE62HYmhz9yb0K3z9RK0OGxgTgZP9RGrrFvp2utKp5aPolI5FPo1nF2XUhw64HVjm/HK61LpMmppO6ZLwHZTBtU50eTsG9dkmkYQPXRcR1JovoX541ARTag_ykWpA8NbBCxaDFep7uDXI/K40hRA' => '=',
)
[ info ] null
---------------------------------------------------------------

[2020-08-25T09:27:47+08:00] 104.54.86.182 POST 101.132.45.200/
[运行时间：0.004495s] [吞吐率：222.47req/s] [内存消耗：863.94kb] [文件加载：188]
[ info ] [ LANG ] /var/www/mishop/thinkphp/lang/zh-cn.php
[ info ] [ ROUTE ] array (
)
[ info ] [ HEADER ] array (
  'cookie' => 'PHPSESSID=dk44t5a4j10b529lqdoh1qlmpm',
  'cache-control' => 'no-cache',
  'content-length' => '424',
  'host' => '101.132.45.200',
  'user-agent' => 'Mozilla/5.0 (Windows NT 6.1; WOW64; Trident/7.0; rv:11.0) like Gecko',
  'content-type' => 'application/x-www-form-urlencoded',
)
[ info ] [ PARAM ] array (
  'EKZXwtucMFm//qlch1B7Om4JTE5xoRgLGQ1blxM1kT76VSzhRAd/ItZmWWwjmUNjyMSk5IAH_cOFEaPYMZhDFR7A2ynq4B_2w/BRipBUwiFHrN3iPqJ0hlByrHl5KT_9CCTUMqOjt7KjvT9Pq_JYFk8zRtP1dmGuLNr7DhlZvFP9NyWxXby2JffX2cm3STtNpAIZiHqsu7TK6xQJe/JdxNt4VZ5aK81NbmAfkpXLJycRrkrDw98CboaWVKkvRlFmgxtLDO_YHi05YKkDTgMvGoie5wXEeGd5r06zzADcljlWcgWeazlP93ImnNYLCBZtf_i/jnbGntKS14iU87tvrMUcgZpbaduVkY3dbt7VPXADedJiWlR36s_llJM_MqXtVix35OaWQMSFV_0R2c3GfZM4fPMokeizeRwYTSI' => '',
)
[ info ] null
---------------------------------------------------------------

[2020-08-25T09:29:49+08:00] 104.54.86.182 POST 101.132.45.200/
[运行时间：0.004518s] [吞吐率：221.34req/s] [内存消耗：863.63kb] [文件加载：188]
[ info ] [ LANG ] /var/www/mishop/thinkphp/lang/zh-cn.php
[ info ] [ ROUTE ] array (
)
[ info ] [ HEADER ] array (
  'cookie' => 'PHPSESSID=dk44t5a4j10b529lqdoh1qlmpm',
  'cache-control' => 'no-cache',
  'content-length' => '392',
  'host' => '101.132.45.200',
  'user-agent' => 'Mozilla/5.0 (Windows NT 6.1; WOW64; Trident/7.0; rv:11.0) like Gecko',
  'content-type' => 'application/x-www-form-urlencoded',
)
[ info ] [ PARAM ] array (
  'SvRXxdjON3i5yyL4RdgME/W8fXdGcm6zJnr_Kkm5vgqcckYicUxkAT8Ss7vwfKyOF8ViGWDskvMyddrVxnqKX1MXVv1N0eTmha4a1omLWfC3bXM6n8wU0rq_vUmWAUbOYFw0QFMLWb5mL9v2gWdoeRP1zK3_rd0f3l7/ylCS_Icd_5PyH3z_wYXGV8k3xXMuPCa03l//vSk1ypZPU08Hl6xRyiSqUEZr/SvqWuS7Sbx7sKZNeKPloiku/IxEkNLu67UDnPfksKsem4NVYfUmrucVfjCNTw8Eu1Egq8ioL08XbUNrtS7O6OiJO01L0BGqsj5WAdc4tIW7u/GVqdxRat2y334IXs9l3C/Mbg/PHeiVFtcW6cwImeVv2vwBLSIMiWDxDTYN' => '',
)
[ info ] null
---------------------------------------------------------------

[2020-08-25T09:31:50+08:00] 104.54.86.182 POST 101.132.45.200/
[运行时间：0.004589s] [吞吐率：217.91req/s] [内存消耗：863.63kb] [文件加载：188]
[ info ] [ LANG ] /var/www/mishop/thinkphp/lang/zh-cn.php
[ info ] [ ROUTE ] array (
)
[ info ] [ HEADER ] array (
  'cookie' => 'PHPSESSID=dk44t5a4j10b529lqdoh1qlmpm',
  'cache-control' => 'no-cache',
  'content-length' => '388',
  'host' => '101.132.45.200',
  'user-agent' => 'Mozilla/5.0 (Windows NT 6.1; WOW64; Trident/7.0; rv:11.0) like Gecko',
  'content-type' => 'application/x-www-form-urlencoded',
)
[ info ] [ PARAM ] array (
  'RfBdktjNY30qMjoj3yKk9Q3IrXDjBry8WAj70McAOG_f6nIjyKXJhehSwLl13JPMkptD0wuvm/w9E1wWZsAHaYyaf3/cLRX2joVZiRxaeXX/0zyGZVRAivg44ZtDNhTnbFr/IxW_QclfZaGDSRqsHBqgZ4nrLffVsEOEl5M_ExhJsToUxU0RTGCLIWWNFZHZKYEj1JCxsC15igTSNErNdk0p6RFwJ4iM1AAyKlRwkscXAf2ZmbpaNAz/RJRAB84w/mBNyxeEp_B_Y5sx6JGCnpz7P3aYkSXcKO7bm3gu6ulTJSTPo3blmDai1ALBc5W59_jbq66viesb7hKOT5DPYDN_i4GFvBMBW9sGG6pgmk3CcpDjcFOecp96vMy9rZ7nCo93' => '',
)
[ info ] null
---------------------------------------------------------------

[2020-08-25T09:33:52+08:00] 104.54.86.182 POST 101.132.45.200/
[运行时间：0.004376s] [吞吐率：228.52req/s] [内存消耗：863.56kb] [文件加载：188]
[ info ] [ LANG ] /var/www/mishop/thinkphp/lang/zh-cn.php
[ info ] [ ROUTE ] array (
)
[ info ] [ HEADER ] array (
  'cookie' => 'PHPSESSID=dk44t5a4j10b529lqdoh1qlmpm',
  'cache-control' => 'no-cache',
  'content-length' => '364',
  'host' => '101.132.45.200',
  'user-agent' => 'Mozilla/5.0 (Windows NT 6.1; WOW64; Trident/7.0; rv:11.0) like Gecko',
  'content-type' => 'application/x-www-form-urlencoded',
)
[ info ] [ PARAM ] array (
  'S6VWyd3BZQvhkIeVlfiQnhWNKoFtgEkvpau1XlyyRlavKjesryIuGJsbIMZP7LDl17z54j3_XPFEREPIpCyhPqJ2m6sK_tzOOr5Ow5ewUFCeBBl/pBwNR8ZlMf7qQQuZJEMalygl_ME7BVzVnhUMcyWM/_xlJcAteorUvH1qtYgpcGPnLezsne_1gddPoTJ0WHz2XjaCbonJ_OyCdrnqeTlLkubBAio84dUUxqs9KSfF4PV7VoqzJ7VvDhwiY4DJlvABeC8WBhMzU2GxUwpg1_/fUK5DIYtR8Nyqm82cCONlI6deQHC/W39Ek4vx0Kp8IiAVRDGOOKqQsJQ_NBAIPaBjzMBX_DOGgrr0IgcR4VA' => '',
)
[ info ] null
---------------------------------------------------------------

[2020-08-25T09:35:54+08:00] 104.54.86.182 POST 101.132.45.200/
[运行时间：0.004605s] [吞吐率：217.15req/s] [内存消耗：863.81kb] [文件加载：188]
[ info ] [ LANG ] /var/www/mishop/thinkphp/lang/zh-cn.php
[ info ] [ ROUTE ] array (
)
[ info ] [ HEADER ] array (
  'cookie' => 'PHPSESSID=dk44t5a4j10b529lqdoh1qlmpm',
  'cache-control' => 'no-cache',
  'content-length' => '412',
  'host' => '101.132.45.200',
  'user-agent' => 'Mozilla/5.0 (Windows NT 6.1; WOW64; Trident/7.0; rv:11.0) like Gecko',
  'content-type' => 'application/x-www-form-urlencoded',
)
[ info ] [ PARAM ] array (
  'FvNdlYmcZlGPkwhOg0YswOx9gVuJEt4UngzlTYaSmPw0GrXHOF4jRZemNIShhq6Yp5i6sOd74XuY7DORGgYHhgpxB7MgYwAf9t1lsntUFcHsDMRqrmTKw5sQu5WoffTSkl0JxyzQgL21QHh8nrTlXJtMwyq9_nJrggkClxh1XG7XGcdKgBb2zEy6ss6f6LgsHp/Jz0Hiq40YARkjV2iqgRHlH01xrHjOdrhRijA51zqPWaZKvQWDE6P3KQiaC6FLYE2L5IHalN5c16EZkVf3gn/v1wPUVx72Ui3v32M7pciYkYuJWl6SHvi7R4JBTtyiPL3oPJryz13C55gxp53lCyCcbDMGHtENkM2Mg7lkKREIeG/M5W9M2yr3JP5tOmMQCayr_43DmcZdmfM1VloUluVAjlwN' => '',
)
[ info ] null
---------------------------------------------------------------

[2020-08-25T09:37:56+08:00] 104.54.86.182 POST 101.132.45.200/
[运行时间：0.004598s] [吞吐率：217.49req/s] [内存消耗：863.56kb] [文件加载：188]
[ info ] [ LANG ] /var/www/mishop/thinkphp/lang/zh-cn.php
[ info ] [ ROUTE ] array (
)
[ info ] [ HEADER ] array (
  'cookie' => 'PHPSESSID=dk44t5a4j10b529lqdoh1qlmpm',
  'cache-control' => 'no-cache',
  'content-length' => '376',
  'host' => '101.132.45.200',
  'user-agent' => 'Mozilla/5.0 (Windows NT 6.1; WOW64; Trident/7.0; rv:11.0) like Gecko',
  'content-type' => 'application/x-www-form-urlencoded',
)
[ info ] [ PARAM ] array (
  'S/BckoycbX0/2eeaosAn6AeJxYXXw588TBn_J45TFXpEEP6KKcQO927z7wIIi/_qB67eEK5OlYcnR/Tb8ShnvDZV6qNWtzRx6jV634X7CUq_bKVUrSOFzoPVDK4MWc8baQ7yjuJwUYXwlMsRmm0J19WSYRhhBnF5KmOGcifrOUNokpadzMIYpV7MsR2SM8dfndlfJcOCT1N6WJ3HuErjW_H0AOqbe/_nUSKhTwHPViWx9OlpHTCytrS2qTA1EXjD7bYWvfvmZ4NnS55zr6zlV0c5rmkOuV04HRhTpdb0utSQJLd0XqvasJgsIrx_kwZk/cud0_hZpDOaPkIUblaP7q40TfMwAlRQ93JYOB/5EqbRXSFi72uZ_C9E' => '',
)
[ info ] null
---------------------------------------------------------------

[2020-08-25T09:39:58+08:00] 104.54.86.182 POST 101.132.45.200/
[运行时间：0.004350s] [吞吐率：229.89req/s] [内存消耗：863.56kb] [文件加载：188]
[ info ] [ LANG ] /var/www/mishop/thinkphp/lang/zh-cn.php
[ info ] [ ROUTE ] array (
)
[ info ] [ HEADER ] array (
  'cookie' => 'PHPSESSID=dk44t5a4j10b529lqdoh1qlmpm',
  'cache-control' => 'no-cache',
  'content-length' => '372',
  'host' => '101.132.45.200',
  'user-agent' => 'Mozilla/5.0 (Windows NT 6.1; WOW64; Trident/7.0; rv:11.0) like Gecko',
  'content-type' => 'application/x-www-form-urlencoded',
)
[ info ] [ PARAM ] array (
  'R/ENyNzObOJcsgvIA/MshMN33i/C3LOaB5gfZir3pEJmi4G1A_j3xyafJ01UBELBIVzSax4I_vkLZEf5X10sqJEJ7ATFNpLqnj5wE6XlU/7sF44/XouDzqwPeIRbEsF6H3Zvs4jHKAZrOtvZQ654sDjqs1stwxBbwPRUAyqtIZrTADW_Ul39RBF0kPgB9xYYPv6GkRCm091KpGfQYZUYXkZAP8OQhDgDfCp/AkPKUpSJyISIDUCaodyObHY4hnG8DmS/Of_TW5l5MwMXDiQgFfHC0Wlm94jhzcmcUXm0EUv4ONCmZl2wbyDnbgbFl37YJlXfpfSpe32O99gqit5nDVCa2_HICQaVUPXsOIRHkbG9tx3PWwND' => '',
)
[ info ] null
---------------------------------------------------------------

[2020-08-25T09:41:59+08:00] 104.54.86.182 POST 101.132.45.200/
[运行时间：0.004573s] [吞吐率：218.67req/s] [内存消耗：863.69kb] [文件加载：188]
[ info ] [ LANG ] /var/www/mishop/thinkphp/lang/zh-cn.php
[ info ] [ ROUTE ] array (
)
[ info ] [ HEADER ] array (
  'cookie' => 'PHPSESSID=dk44t5a4j10b529lqdoh1qlmpm',
  'cache-control' => 'no-cache',
  'content-length' => '396',
  'host' => '101.132.45.200',
  'user-agent' => 'Mozilla/5.0 (Windows NT 6.1; WOW64; Trident/7.0; rv:11.0) like Gecko',
  'content-type' => 'application/x-www-form-urlencoded',
)
[ info ] [ PARAM ] array (
  'RfFWlYycMn0JWN7os6KYWUYwV7GMLkt5kWeybbLuEZraOm3wQF0P2h1_25DwRMj2/cpHRtNPHwHe1ZOMJl6Wc9uPOHgsvHPVoiTqsXgNqj3E7ybCqZwgozpzlXOlGxQLYa0EVLpB5KizP_fxyFYpdUaoOFY39euJo5sZKa/COl4Bf63yDqo4n3Lop/1fPyh8o5Fy554MPyT6hLh4SPIzztdHtvL7O7mQitc8MMlyEi4dtg9A3xP8ADA_L3//3Q0Qt2unkgo3UVaK4LVhNtPSjP0keQ6LtQX911LwQGfdlsMpqLIeDMPPQp4Of_bwmIxAe2NnEYsgmj70IUcdcjG/Rr1P5j_bkiIXR1Gf0FBpmOzzIuFrCWliNC0NVMXdG5EzqIIR0gajKGc9' => '',
)
[ info ] null
---------------------------------------------------------------

[2020-08-25T09:44:01+08:00] 104.54.86.182 POST 101.132.45.200/
[运行时间：0.004590s] [吞吐率：217.86req/s] [内存消耗：863.56kb] [文件加载：188]
[ info ] [ LANG ] /var/www/mishop/thinkphp/lang/zh-cn.php
[ info ] [ ROUTE ] array (
)
[ info ] [ HEADER ] array (
  'cookie' => 'PHPSESSID=dk44t5a4j10b529lqdoh1qlmpm',
  'cache-control' => 'no-cache',
  'content-length' => '360',
  'host' => '101.132.45.200',
  'user-agent' => 'Mozilla/5.0 (Windows NT 6.1; WOW64; Trident/7.0; rv:11.0) like Gecko',
  'content-type' => 'application/x-www-form-urlencoded',
)
[ info ] [ PARAM ] array (
  'SqUPxonKMWHWXGaKcViIRSrWmi07RZhYGdit7iIa9bMBgyIYIxZsHlC5kq5iOgKIXVEif0x/yUPBAm7x7bzMhy7H0EpepViTNTjtIT/AF_iOwEWdRFmUmNEdvCxx0eBvYN1jJ9S7fiRszvdxNVuapS4_8GgNT45YtUhtfncnC_RF7Y_q/xLJ41bHu7FtKzvbBXye_MWtznG9aaAQZ7aEkz0J4RBCOlIsrgN1kKy9lBDkvXBxAPVPuynawa1eOmS4qtuhgEg1xe4MEvdiW8JLFVX4YsnDwJemX6SdjfUc_gm9kjipfvGaUFvq8MxHPuXA7Zab5LVyAu65Rrer/YZOJ114osbmdvX19WLIeoQJ' => '',
)
[ info ] null
---------------------------------------------------------------

[2020-08-25T09:46:03+08:00] 104.54.86.182 POST 101.132.45.200/
[运行时间：0.004375s] [吞吐率：228.57req/s] [内存消耗：863.94kb] [文件加载：188]
[ info ] [ LANG ] /var/www/mishop/thinkphp/lang/zh-cn.php
[ info ] [ ROUTE ] array (
)
[ info ] [ HEADER ] array (
  'cookie' => 'PHPSESSID=dk44t5a4j10b529lqdoh1qlmpm',
  'cache-control' => 'no-cache',
  'content-length' => '436',
  'host' => '101.132.45.200',
  'user-agent' => 'Mozilla/5.0 (Windows NT 6.1; WOW64; Trident/7.0; rv:11.0) like Gecko',
  'content-type' => 'application/x-www-form-urlencoded',
)
[ info ] [ PARAM ] array (
  'R6EIlY/MN4TrYxy/oBvCQO7frvWhC6zC4gChWEATzoPWUEsluldKEd7KnE4bx743D37Vb6BntjU_XL1zjPyDhHDXWwnl1fVj5eGn72gTRLua0qBAe4IGhA4TH_Rt7_8ovvfZ3aX8dh4Gdndfk4OTNBkF6FXOklQeRsh4IUz6UBemhN49oHX6LVF_4KAGDsSuys1W8a8qAd2iSNd_lmQbJ/k9H1D8dReE4Yo/2arwdRUUOj0fga_uKefG7y6ZiwjaDDp3CTgaHyrv4VtrY4vRXcDMEpQFC4rRvcEvi7SwY_URPmtGQxZy/57Rna3qCAPlaJsh22y8R3/e6irQvfcf3KA8DRWXytWDDW_ZIoCzfK5x5tpoR6F9RSXDfC1jUh_5YkwSqek8aPaN2Yppd0G4KSwpCmuiov81oKAYxjy6pPTFkGDjgg' => '=',
)
[ info ] null
---------------------------------------------------------------

[2020-08-25T09:48:05+08:00] 104.54.86.182 POST 101.132.45.200/
[运行时间：0.004313s] [吞吐率：231.86req/s] [内存消耗：863.44kb] [文件加载：188]
[ info ] [ LANG ] /var/www/mishop/thinkphp/lang/zh-cn.php
[ info ] [ ROUTE ] array (
)
[ info ] [ HEADER ] array (
  'cookie' => 'PHPSESSID=dk44t5a4j10b529lqdoh1qlmpm',
  'cache-control' => 'no-cache',
  'content-length' => '356',
  'host' => '101.132.45.200',
  'user-agent' => 'Mozilla/5.0 (Windows NT 6.1; WOW64; Trident/7.0; rv:11.0) like Gecko',
  'content-type' => 'application/x-www-form-urlencoded',
)
[ info ] [ PARAM ] array (
  'QvcMl9zPbTgFrR06KkFH6xVp44hngdpzQz_W9o4SX5TymzglctIMsAiLGYnUCV/to1tLu86suhB50hwhF8hb9eDrSFAT3I26y/mVUjt3t52gcgYvhl1QumzHpjrZnyTMoWidKaiGKHfLITsQf3/DSj3c8DTG4hpobKdNBhrzQ41/2jQt1rXRT2qV6Ea5F2BQ7sIkjtsJxBpc8BuwboydcGJRWgN7AwRcJb68zCBuDI84t2BCf31lLnLUcHarQ0p4_P_MSFN7FRMsGnEv6aMdT8VPXaKZ1DJGisJWYALhlOWBrZaAfUoWsL_xqUjP_9GmLdcoYmEHy1PO_RAMJjs7GOB1bCxFUkK3AOr9' => '',
)
[ info ] null
---------------------------------------------------------------

[2020-08-25T09:50:07+08:00] 104.54.86.182 POST 101.132.45.200/
[运行时间：0.004710s] [吞吐率：212.31req/s] [内存消耗：863.69kb] [文件加载：188]
[ info ] [ LANG ] /var/www/mishop/thinkphp/lang/zh-cn.php
[ info ] [ ROUTE ] array (
)
[ info ] [ HEADER ] array (
  'cookie' => 'PHPSESSID=dk44t5a4j10b529lqdoh1qlmpm',
  'cache-control' => 'no-cache',
  'content-length' => '396',
  'host' => '101.132.45.200',
  'user-agent' => 'Mozilla/5.0 (Windows NT 6.1; WOW64; Trident/7.0; rv:11.0) like Gecko',
  'content-type' => 'application/x-www-form-urlencoded',
)
[ info ] [ PARAM ] array (
  'R/FWxIjAZhpdTLe_0fk8NNMIjr4j8Gz0atnNoHWrvUaCGiciDHcIJ5X4ixwfq0vcl7sILPoEiO59NmCf549HugPHDH4quah4w6RjdUOPZbXpVjnsp0IKqRgNLBM7mxN46RYzC1HvtPuV_lgtXBXstPyA8pftvt9ZgFDI3xxbgPpMSab5FptMYLe8QIqMQ04zpTE8az9E21YaSTHcZ2rI28klJNlguFHEkz0XNM2RTOYPIGxObrZmS8hyAuqc9yEMO8aCVqY9nrZS4qAubUsDDoHCO8o6WkqBZ6cJN9FTAH649rg4PkmxeZbwe/JBH9rExJC/aiJ8Izp5SIwCwizqWyKLR1YnpInz8w3rvNF2ckVPgMMIyFBR9qH2crHt1zppnR5Mc0RMLA' => '=',
)
[ info ] null
---------------------------------------------------------------

[2020-08-25T09:52:09+08:00] 104.54.86.182 POST 101.132.45.200/
[运行时间：0.004879s] [吞吐率：204.96req/s] [内存消耗：863.56kb] [文件加载：188]
[ info ] [ LANG ] /var/www/mishop/thinkphp/lang/zh-cn.php
[ info ] [ ROUTE ] array (
)
[ info ] [ HEADER ] array (
  'cookie' => 'PHPSESSID=dk44t5a4j10b529lqdoh1qlmpm',
  'cache-control' => 'no-cache',
  'content-length' => '380',
  'host' => '101.132.45.200',
  'user-agent' => 'Mozilla/5.0 (Windows NT 6.1; WOW64; Trident/7.0; rv:11.0) like Gecko',
  'content-type' => 'application/x-www-form-urlencoded',
)
[ info ] [ PARAM ] array (
  'F6ENw9jLZd9Ts62JhAjT_2y82LX4ULroNi4tidonuAotIz/kgkdQhX1oz6oACvgheOp4OLlSPIGLP9nKSJKrRWuD11QtrEmwsyx_Bjv0OCR2jOkOywt4fcZNcFNVE0X2/YggcV/qnjcsg5gOQlr5Eu9jX0Q5rIuMD83xqgQhxLUc40MlWlBQx1U8ipxYZg/ln955Rx3wgZ9_xcahv3PO1Gcsu347i3UiYlMLKyacQpMwH/852iuNmOGMtgHON_CuRZlAP5IPzcW5GgmNxwe8CcOy2XB4HocGqkpZP03I4x7TTStQsyQJuRA2AcA4zncnuDZ01lXadNo1o4HgerZjBV4tGZGPN_Cj5KwodVwuZNzIgKhoSHWBLn8cxZGD' => '',
)
[ info ] null
---------------------------------------------------------------

[2020-08-25T09:54:10+08:00] 104.54.86.182 POST 101.132.45.200/
[运行时间：0.004546s] [吞吐率：219.98req/s] [内存消耗：863.56kb] [文件加载：188]
[ info ] [ LANG ] /var/www/mishop/thinkphp/lang/zh-cn.php
[ info ] [ ROUTE ] array (
)
[ info ] [ HEADER ] array (
  'cookie' => 'PHPSESSID=dk44t5a4j10b529lqdoh1qlmpm',
  'cache-control' => 'no-cache',
  'content-length' => '364',
  'host' => '101.132.45.200',
  'user-agent' => 'Mozilla/5.0 (Windows NT 6.1; WOW64; Trident/7.0; rv:11.0) like Gecko',
  'content-type' => 'application/x-www-form-urlencoded',
)
[ info ] [ PARAM ] array (
  'FPRfwIzLMUxDiUqXAHVGDgaX7EF7rMsO4FkY4ZqaVcqv5wnsCae6fI0AN2v941Oij76SV0r9K4pOZODxDmt_2bPvTg7wWMCcE_Q0s5wHRx9ISsOu657ufBmES4LnoR4a_ffeE8ME2Mp7AtObDghLTFBgeTtvzN2XYM8P5y9zBvJ2yYu0QMtHvL8PWblSTMxlaF/aOKVedT2gDPYfzMPl6LW2pelPy/1MUUWDetJOcJc4fH8kXANtQF1mFno_d2wLlv7hOQS04t8rEGbN9UFUCAe4hVcvcD9feyF2zaJbh_GcGon6wakEJywwEm_vvcEAXJrCKdlpeSiISFl2I1qRPUjv1PB4wzkqG4lOO3F_wg' => '=',
)
[ info ] null
---------------------------------------------------------------

[2020-08-25T09:56:12+08:00] 104.54.86.182 POST 101.132.45.200/
[运行时间：0.004548s] [吞吐率：219.87req/s] [内存消耗：863.94kb] [文件加载：188]
[ info ] [ LANG ] /var/www/mishop/thinkphp/lang/zh-cn.php
[ info ] [ ROUTE ] array (
)
[ info ] [ HEADER ] array (
  'cookie' => 'PHPSESSID=dk44t5a4j10b529lqdoh1qlmpm',
  'cache-control' => 'no-cache',
  'content-length' => '436',
  'host' => '101.132.45.200',
  'user-agent' => 'Mozilla/5.0 (Windows NT 6.1; WOW64; Trident/7.0; rv:11.0) like Gecko',
  'content-type' => 'application/x-www-form-urlencoded',
)
[ info ] [ PARAM ] array (
  'E/YLktqeMQsb4YmDudy_RSCfo7hGGLXr2l0CpmD0LS1FZ8RjhngAY0R2T2ox9/pL4NXX44rkUDf0TSgG6pz7fnOtnGwLAFfFGUAaJo69eNBgZ0/DjeDeDMYp25X7BAZsE9pGdv7C_8RymWwgKDIdS_/gY9P7Quv3CyLQzR708HBiWbFyeiaMaKgWyTJIGnuF_JJFqRCY0wM94prKPtpDh8xawvRN1rlWUiQ1bE7ByOv7L8Dbf_xPAV9gEvEQldaaub4mmpBqmcCN/2caj/Jv4xUFzFSxlj/RyEmhgoUHr5WNtkPFz4uV9JMRJV9tM3zRZ6RSzQepOEBAeihKYazeug1OH2AYkgE5bsWza3NyetPPQte5bgtsXIx42nJRPf0qfdKJwHYoJcffPZLZ/AlmA/QRN3t25MYAdGYbbM4rWG5qISnBmKhJ' => '',
)
[ info ] null
---------------------------------------------------------------

[2020-08-25T09:58:14+08:00] 104.54.86.182 POST 101.132.45.200/
[运行时间：0.004549s] [吞吐率：219.83req/s] [内存消耗：863.69kb] [文件加载：188]
[ info ] [ LANG ] /var/www/mishop/thinkphp/lang/zh-cn.php
[ info ] [ ROUTE ] array (
)
[ info ] [ HEADER ] array (
  'cookie' => 'PHPSESSID=dk44t5a4j10b529lqdoh1qlmpm',
  'cache-control' => 'no-cache',
  'content-length' => '400',
  'host' => '101.132.45.200',
  'user-agent' => 'Mozilla/5.0 (Windows NT 6.1; WOW64; Trident/7.0; rv:11.0) like Gecko',
  'content-type' => 'application/x-www-form-urlencoded',
)
[ info ] [ PARAM ] array (
  'FvBfx47LbQ/DiizJMUc6/oefRk5LCnByBrP7JbZe2s0GcG2MuH0BpJ6UvXIVdFVj5U5oyDo9yWNH0lAR9wiFCUPJdxiIqudq7wM9lc5xAUEZGrQPIcRPqUsAiRA1KnSr_9b9CZRCY17GfOi1VqQL4XgEI2fHTw9oxCRAy71f9SpP9IdRguUo2Q/IZmVCJ268hNlXpYj3Cwt5hDl8n312b5blzrvFXoxAoAu2EFDJfqvEQwUcGLPy7YTLd1zxfAbdE_aqZ06F8tpOxWuwWOwzf7MvTpkBVQ2OvHSA0V/2T1vkN_t8dOyYvsPnVLgaRWc5BDUQbXsBdM59LIshJOoWU1rfEIfe5D_09JkEGJuqVebD_tZDRDvgFowmEnRZAOaK04eK9REyKkstOg' => '=',
)
[ info ] null
---------------------------------------------------------------

[2020-08-25T10:00:16+08:00] 104.54.86.182 POST 101.132.45.200/
[运行时间：0.004464s] [吞吐率：224.01req/s] [内存消耗：863.63kb] [文件加载：188]
[ info ] [ LANG ] /var/www/mishop/thinkphp/lang/zh-cn.php
[ info ] [ ROUTE ] array (
)
[ info ] [ HEADER ] array (
  'cookie' => 'PHPSESSID=dk44t5a4j10b529lqdoh1qlmpm',
  'cache-control' => 'no-cache',
  'content-length' => '392',
  'host' => '101.132.45.200',
  'user-agent' => 'Mozilla/5.0 (Windows NT 6.1; WOW64; Trident/7.0; rv:11.0) like Gecko',
  'content-type' => 'application/x-www-form-urlencoded',
)
[ info ] [ PARAM ] array (
  'SvBZydOdNxti5r5j66sPyNSnM3CvpTM/uRQIqEGcmaZKWvCWR/hb3uqFgRVM4oIBPR3CphRKNRYNQD_qipKXa_Os38eJggqn/tUk4Aux9tY049p9rL3m842SR0w3PlBfKy3YPJ5NyuMeSa4fsmeCbGkzkGJfEyOoKBQvyijDV8sEB_AwKzs0ErR18sT6SqsdBDlVOhQJyEIyTVf6wjPBypA6h0WhVNFrHqwSThcyFXUWwDrSwPWVEnkxSmZLenl8s0s2gyZnNlsBssDuPxxKixlGtSIiN3FsGZaYLyWQVYcstCYgSTHkh01B2kQe5xNRTu8sPkLSIWA4AhOJqz4d31IKO_7R819M5UAAtyViNfVBWOTucRwkPCc7GLKywvqjQMNg3eUb' => '',
)
[ info ] null
---------------------------------------------------------------

[2020-08-25T10:02:18+08:00] 104.54.86.182 POST 101.132.45.200/
[运行时间：0.004434s] [吞吐率：225.52req/s] [内存消耗：863.81kb] [文件加载：188]
[ info ] [ LANG ] /var/www/mishop/thinkphp/lang/zh-cn.php
[ info ] [ ROUTE ] array (
)
[ info ] [ HEADER ] array (
  'cookie' => 'PHPSESSID=dk44t5a4j10b529lqdoh1qlmpm',
  'cache-control' => 'no-cache',
  'content-length' => '412',
  'host' => '101.132.45.200',
  'user-agent' => 'Mozilla/5.0 (Windows NT 6.1; WOW64; Trident/7.0; rv:11.0) like Gecko',
  'content-type' => 'application/x-www-form-urlencoded',
)
[ info ] [ PARAM ] array (
  'RKVZld7JMeBwrR0mk9ByzSCnV2cQwFkyku1fBmu2elj93VyaCYpi54b0OBGv49jNXfE8Wz7J/IXlcv61KMYIA70X0U15/S8A85U83FcrYv2fU92GmuVAliKRgKBak8KZynWIJgI6nJHIK196jyLiN5FuUd91m20nxGRJuLq16BL22CapuqjHKbGdVPIsnrl3xhX2pyrYwIfLWp8_uj6U1onFXkbMKZD3mpm5PN4_Pf9QpTwz98kiFl4LqyPrcGJPtlOM_/YCc2MW2dcAZ3cBzXuN1GEPQJh9D/rq99ppgtOMSnoDzPoJRH/6MTRE_dTR/C/jkN3rqziWNPWRZeQxNefFaoE2U3d7_C1LfzmznLZ91klTo1mHpio2XYXoSOZgGIFlc0bVTnHRZjU7WXp2/2I/ocA' => '',
)
[ info ] null
---------------------------------------------------------------

[2020-08-25T10:04:19+08:00] 104.54.86.182 POST 101.132.45.200/
[运行时间：0.006025s] [吞吐率：165.98req/s] [内存消耗：863.94kb] [文件加载：188]
[ info ] [ LANG ] /var/www/mishop/thinkphp/lang/zh-cn.php
[ info ] [ ROUTE ] array (
)
[ info ] [ HEADER ] array (
  'cookie' => 'PHPSESSID=dk44t5a4j10b529lqdoh1qlmpm',
  'cache-control' => 'no-cache',
  'content-length' => '424',
  'host' => '101.132.45.200',
  'user-agent' => 'Mozilla/5.0 (Windows NT 6.1; WOW64; Trident/7.0; rv:11.0) like Gecko',
  'content-type' => 'application/x-www-form-urlencoded',
)
[ info ] [ PARAM ] array (
  'QPAPwNjBZekdO8fX3xujSLtE6oheT/5GOoyNcYcQ4KwMb331m3wCFwVl8l0ED8WQ7OPnBHYR7pnbBg0JW6EgaB6k4pBJfInkBa2U3orLPuoVsTIf0Fxez8Snii9QU7MPgrghvzIpxF8Rbsg4AY1s9cgttp8uTIoi7jmqAadeRpOH5VGNSQkjeF/rYfR/CUlF0xtNFszI9WGctZO0VrDP7TT7zTT6hG2hYmLqi2QKxw7j5_mSIN/_FAz3zP086/fv6xv6o3JujpZFW/zTKmK4E2heXy9v9WYcf0EdEbKAdR9mWbAjyoiob59TxWVhG_9KspkPDj4mvs/TccCLEYLYadB9y2e7v5gTkBklm0btAZ88zCgg7r2mRBYmQs7_hGoll9TSUIS0wvzcJ37GuVSIrSa8N1dN2yre9TC3hWY' => '',
)
[ info ] null
---------------------------------------------------------------

[2020-08-25T10:06:21+08:00] 104.54.86.182 POST 101.132.45.200/
[运行时间：0.004953s] [吞吐率：201.90req/s] [内存消耗：863.56kb] [文件加载：188]
[ info ] [ LANG ] /var/www/mishop/thinkphp/lang/zh-cn.php
[ info ] [ ROUTE ] array (
)
[ info ] [ HEADER ] array (
  'cookie' => 'PHPSESSID=dk44t5a4j10b529lqdoh1qlmpm',
  'cache-control' => 'no-cache',
  'content-length' => '364',
  'host' => '101.132.45.200',
  'user-agent' => 'Mozilla/5.0 (Windows NT 6.1; WOW64; Trident/7.0; rv:11.0) like Gecko',
  'content-type' => 'application/x-www-form-urlencoded',
)
[ info ] [ PARAM ] array (
  'RqBZwN_ebFbKpKZz1OHDIVN0lx35yqmggokqsMVpQcOjrjMks97axQJNP2A0vm65pQq7O2CwyajIJaD/qd9RX98CV4jw7u1xYVGwSbpngEOzjKPtDfos1NsOBabhMc_2G38QjgERF4TdnYVxAxCryv0b1OKtLfB_iIyukad3YF8GRTXWjwMg0FnyYHRhqGcU7PAamFDrLyzT1Ys4WqOR0H384aqx7/7OPRc3Bt7SPxd23EJQr0tBtEEP/VjfqaEU8qUlig5sAB4_2wjF8wkiDK9O5fzfUwRuaOfypWItFR9YVZ8gv2ZtyyZOrgzOAh/_Q1jVnuATiVnw908jlfGspsvh6yMov04WyOWujFdQhg' => '=',
)
[ info ] null
---------------------------------------------------------------

[2020-08-25T10:08:23+08:00] 104.54.86.182 POST 101.132.45.200/
[运行时间：0.005089s] [吞吐率：196.50req/s] [内存消耗：863.94kb] [文件加载：188]
[ info ] [ LANG ] /var/www/mishop/thinkphp/lang/zh-cn.php
[ info ] [ ROUTE ] array (
)
[ info ] [ HEADER ] array (
  'cookie' => 'PHPSESSID=dk44t5a4j10b529lqdoh1qlmpm',
  'cache-control' => 'no-cache',
  'content-length' => '436',
  'host' => '101.132.45.200',
  'user-agent' => 'Mozilla/5.0 (Windows NT 6.1; WOW64; Trident/7.0; rv:11.0) like Gecko',
  'content-type' => 'application/x-www-form-urlencoded',
)
[ info ] [ PARAM ] array (
  'QqNdyd3KMhgJjS/L93mpQM5v_uyb0QN4nRbn6iSNVKVq4jR26ZkLXIxfDu0owYDan7wd9pq3JB1bSetdLVBVKEn4eqWu_4u6owQTb_L0_aXABRpb0fADSuFrJgTzs5W8pC8lksR45CX1rzzKtgBTL2mw78O//TYEvDIjST_NwNPS1YTn9bmPK7fYV6E9K9yvbpZYsHYAWYXMIVLuVmwv9YEGPVc/5rwLVpyJZ0Rz4lSbYl_C/_9lIVrcL_59B5RKgkMkS6tN1ycCCCMzvn79qTFeINfgTFvWTNLRGzZPwouXcIOOoTeeecTMAGB0ExZX_wYsLH2Qs3eV6dSwuRUzCssYwMXQaBZxOpcW97zn8CXJuhv2hSIKUNe0tADzGiIP3fe_A4lugkVRAeY58Jz2epeATRxrStS4WXBCi99UMyeFwIX_S2KZ' => '',
)
[ info ] null
---------------------------------------------------------------

[2020-08-25T10:10:25+08:00] 104.54.86.182 POST 101.132.45.200/
[运行时间：0.004768s] [吞吐率：209.73req/s] [内存消耗：863.81kb] [文件加载：188]
[ info ] [ LANG ] /var/www/mishop/thinkphp/lang/zh-cn.php
[ info ] [ ROUTE ] array (
)
[ info ] [ HEADER ] array (
  'cookie' => 'PHPSESSID=dk44t5a4j10b529lqdoh1qlmpm',
  'cache-control' => 'no-cache',
  'content-length' => '420',
  'host' => '101.132.45.200',
  'user-agent' => 'Mozilla/5.0 (Windows NT 6.1; WOW64; Trident/7.0; rv:11.0) like Gecko',
  'content-type' => 'application/x-www-form-urlencoded',
)
[ info ] [ PARAM ] array (
  'Qadewo_eZHLfgJ_nGtuft8ZZ0r3MStEpQriU1olvEcr9RWeyvjP2ah62jvU58s8MOx/U_gJFLjy_UT0cEbdlVej7Jt63TzHEIFqtnIJsRNXAphIHdg74IffUM3bHVnbrYfw2ptotGqNR6l3y9RrDnSN0q6bkdpdVcg7wmz104QejQY2gBO73cH8FuSMslWkNPbJtUw4OKhhO5/YDh1gjJufpt_C31959DFkZy81R1X1wx_LPPNPpOjEI3fn1R5o36vihAEHXqcRk5Cw2LxUphHnvKuPqOoBi0sF/w/dedpg2dgLlO_WFfyBN2RLrm99fN1BoJiKbFe90Xlgi6JftrRyTQqjDEl/rBBJwy4amDcEn0QSXuYB6YUnD/hcij7QJKmJEV_ROVnQG8zQXmEdqCc2Y53eOaQAzTA' => '=',
)
[ info ] null
---------------------------------------------------------------

[2020-08-25T10:12:27+08:00] 104.54.86.182 POST 101.132.45.200/
[运行时间：0.005012s] [吞吐率：199.52req/s] [内存消耗：863.56kb] [文件加载：188]
[ info ] [ LANG ] /var/www/mishop/thinkphp/lang/zh-cn.php
[ info ] [ ROUTE ] array (
)
[ info ] [ HEADER ] array (
  'cookie' => 'PHPSESSID=dk44t5a4j10b529lqdoh1qlmpm',
  'cache-control' => 'no-cache',
  'content-length' => '376',
  'host' => '101.132.45.200',
  'user-agent' => 'Mozilla/5.0 (Windows NT 6.1; WOW64; Trident/7.0; rv:11.0) like Gecko',
  'content-type' => 'application/x-www-form-urlencoded',
)
[ info ] [ PARAM ] array (
  'QPMPwt7NZ7NVwqEXjGUGHOrax/SHQ1R9wgSOyKmN5j3LnfzJEzI9g9MKEhaNdxHrp65tCwOoRgi/tiMPCURddt/CUwkBcGaepB/Zoi_QhojY7DlOkGewB3XqXfSZzDjUuBKpul90KAn4dq8Qt0JAR90VHPFFFuRyml_8XI/ww28Cbe_EHYV2eGLzqAmWdLnsa88fu6YGwdFHq0z_S_A7Sog_HillnjiO_9sFsmNGCQEeHRdpe82xnnjSogvKzn_EOyJEGycWmHXVwtA5VGLAM8Hl9t/RUfigAjLQq0BQPYxLNcjhuhUZJlE4rh9v5sNU3gnIjlMXWyhvNeGyWBnMjmzVxSMUoeJIZK70e7E10VqKoh2h8wySFw' => '=',
)
[ info ] null
---------------------------------------------------------------

[2020-08-25T10:14:28+08:00] 104.54.86.182 POST 101.132.45.200/
[运行时间：0.004426s] [吞吐率：225.94req/s] [内存消耗：863.94kb] [文件加载：188]
[ info ] [ LANG ] /var/www/mishop/thinkphp/lang/zh-cn.php
[ info ] [ ROUTE ] array (
)
[ info ] [ HEADER ] array (
  'cookie' => 'PHPSESSID=dk44t5a4j10b529lqdoh1qlmpm',
  'cache-control' => 'no-cache',
  'content-length' => '436',
  'host' => '101.132.45.200',
  'user-agent' => 'Mozilla/5.0 (Windows NT 6.1; WOW64; Trident/7.0; rv:11.0) like Gecko',
  'content-type' => 'application/x-www-form-urlencoded',
)
[ info ] [ PARAM ] array (
  'FPEIl4jMNezxbAT7dMTV_NbxiYR/0b5dWHTpK5uaEgkCdjcShiItvODq1_3_iAHdyvnXZrqHOADCOxdVw_DCHs3qhT5JFPpQY3pvfBhmxR5/63riAEAOGv3NjDGMPbADvU0kivMYd7vMed3g0ecQ_goUiSnrg1WR6mmYXUcwiqvf_e9seKgdKrQnmoqxIBGbLXeK1rZdMkuUEUjYrOuh758kfSqDoDQNjFw4rzqdfNkCneAJQxs798o/NW/gR2cKj5vwqIdpuy4tj02ldu7WVTGGuRxIt3H8FFDjtdALdlm1WzWtcnw6hrayX4qjgJhRTguA3SchTAMD3iLqdy0iriM_P56/XZmKYZqsDC0Dtua4sJWMDmoxwaTSULAASrEJYhFKnoH/hgsDHAJ4/8cIgYP1bGdOkesjKSY67Vp1ucPqD0Xx4Q' => '=',
)
[ info ] null
---------------------------------------------------------------

[2020-08-25T10:16:31+08:00] 104.54.86.182 POST 101.132.45.200/
[运行时间：0.005991s] [吞吐率：166.91req/s] [内存消耗：863.81kb] [文件加载：188]
[ info ] [ LANG ] /var/www/mishop/thinkphp/lang/zh-cn.php
[ info ] [ ROUTE ] array (
)
[ info ] [ HEADER ] array (
  'cookie' => 'PHPSESSID=dk44t5a4j10b529lqdoh1qlmpm',
  'cache-control' => 'no-cache',
  'content-length' => '412',
  'host' => '101.132.45.200',
  'user-agent' => 'Mozilla/5.0 (Windows NT 6.1; WOW64; Trident/7.0; rv:11.0) like Gecko',
  'content-type' => 'application/x-www-form-urlencoded',
)
[ info ] [ PARAM ] array (
  'QKRblN7MMc7L9T3aYbtfH2xjnxuvc_HziJiXsn9nFiUwwBe73w9rxehGeIQzOhnsrNgoq5hLMmJQlH293rjGzcAGBT9eswhbJT3QYsAdhkbQyhZHLGSGZcwzwu_dB8TGrDh_pBTlETNFgsWcmNOdjKwwjObtbzqpWLnQUcdSMSRmy0Y8l8lUtNw3D5zG/yaea4D9WYJmDf5MN0eaVTJY7L6poQdD1Tl7vOP5jreH6w9MWPimJVcijIydW0B9uR2GZAfC4g1zI8aR1YTfTwg4gpaxxbtNbvTSpH1Vstv4OtbAeAQqEXAxKRWxH296LMSI/a6Uvp0EPzjQnPwEI3KDPlPLth/IE5EYmED9Wo3qWNQFVzOpRqxlyUGE6QAFXS57ysqpWhwMveJMvfIYVdbZmWTOinI' => '',
)
[ info ] null
---------------------------------------------------------------

[2020-08-25T10:18:33+08:00] 104.54.86.182 POST 101.132.45.200/
[运行时间：0.004844s] [吞吐率：206.43req/s] [内存消耗：863.56kb] [文件加载：188]
[ info ] [ LANG ] /var/www/mishop/thinkphp/lang/zh-cn.php
[ info ] [ ROUTE ] array (
)
[ info ] [ HEADER ] array (
  'cookie' => 'PHPSESSID=dk44t5a4j10b529lqdoh1qlmpm',
  'cache-control' => 'no-cache',
  'content-length' => '376',
  'host' => '101.132.45.200',
  'user-agent' => 'Mozilla/5.0 (Windows NT 6.1; WOW64; Trident/7.0; rv:11.0) like Gecko',
  'content-type' => 'application/x-www-form-urlencoded',
)
[ info ] [ PARAM ] array (
  'QfRal92abLCm/WZ1iiwSk0viIN6EYKllDPMRfr38sDwI4CPtgY3dCKnnA1GBrZwcSkrCeAniTQ3UTx/v0sKKxZYHg3rI0Wt6QZRMtiMEQArb1IiOMTxXiuqEsC4FGzAqh9Egq5OKJBH6yNEiRS83KUVdHQwA987FNSbZhFwDvE48rzcZOqkrPODNs2LZUOMF9R2wCH26wL4/xZF3YzQflHAjsuMfxqJOus8jZvXu46eR8Vv3SjyUCJh51ATtulEAZqNqbWKUvG5p/5qez5UtZUQMJOcAfAAQE/1f4UkV8AstwJYBujhA_eyXJk1mwjbgmqF7hFYY4u649rlf83Bn62DQtUux41H0R6webrt9ACmg2otJOAiv6g' => '=',
)
[ info ] null
---------------------------------------------------------------

[2020-08-25T10:21:58+08:00] 47.96.254.10 GET /
[运行时间：0.004503s] [吞吐率：222.07req/s] [内存消耗：859.20kb] [文件加载：188]
[ info ] [ LANG ] /var/www/mishop/thinkphp/lang/zh-cn.php
[ info ] [ ROUTE ] array (
)
[ info ] [ HEADER ] array (
  'content-type' => '',
  'content-length' => '',
)
[ info ] [ PARAM ] array (
)
[ info ] null
---------------------------------------------------------------

[2020-08-25T12:05:35+08:00] 192.35.168.251 GET 101.132.45.200:443/
[运行时间：0.005145s] [吞吐率：194.36req/s] [内存消耗：859.90kb] [文件加载：188]
[ info ] [ LANG ] /var/www/mishop/thinkphp/lang/zh-cn.php
[ info ] [ ROUTE ] array (
)
[ info ] [ HEADER ] array (
  'host' => '101.132.45.200:443',
  'content-type' => '',
  'content-length' => '',
)
[ info ] [ PARAM ] array (
)
[ info ] null
---------------------------------------------------------------

[2020-08-25T12:05:36+08:00] 192.35.168.251 GET 101.132.45.200/
[运行时间：0.003594s] [吞吐率：278.25req/s] [内存消耗：861.61kb] [文件加载：188]
[ info ] [ LANG ] /var/www/mishop/thinkphp/lang/zh-cn.php
[ info ] [ ROUTE ] array (
)
[ info ] [ HEADER ] array (
  'accept-encoding' => 'gzip',
  'accept' => '*/*',
  'user-agent' => 'Mozilla/5.0 (compatible; CensysInspect/1.1; +https://about.censys.io/)',
  'host' => '101.132.45.200',
  'content-type' => '',
  'content-length' => '',
)
[ info ] [ PARAM ] array (
)
[ info ] null
---------------------------------------------------------------

[2020-08-25T12:08:00+08:00] 3.101.102.32 GET 101.132.45.200:443/
[运行时间：0.004693s] [吞吐率：213.08req/s] [内存消耗：861.86kb] [文件加载：188]
[ info ] [ LANG ] /var/www/mishop/thinkphp/lang/zh-cn.php
[ info ] [ ROUTE ] array (
)
[ info ] [ HEADER ] array (
  'user-agent' => 'Mozilla/5.0 (Macintosh; Intel Mac OS X 10_11_5) AppleWebKit/537.36 (KHTML, like Gecko) Chrome/50.0.2661.102 Safari/537.36',
  'accept-encoding' => 'gzip',
  'connection' => 'close',
  'host' => '101.132.45.200:443',
  'content-type' => '',
  'content-length' => '',
)
[ info ] [ PARAM ] array (
)
[ info ] null
---------------------------------------------------------------

[2020-08-25T12:24:35+08:00] 47.101.190.183 GET mishop.holyzq.com/
[运行时间：0.004507s] [吞吐率：221.87req/s] [内存消耗：861.63kb] [文件加载：188]
[ info ] [ LANG ] /var/www/mishop/thinkphp/lang/zh-cn.php
[ info ] [ ROUTE ] array (
)
[ info ] [ HEADER ] array (
  'accept-encoding' => 'gzip',
  'connection' => 'Keep-Alive',
  'host' => 'mishop.holyzq.com',
  'user-agent' => 'Mozilla/5.0 (X11; Ubuntu; Linux x86_64; rv:36.0) Gecko/20100101 Firefox/36.0',
  'content-type' => '',
  'content-length' => '',
)
[ info ] [ PARAM ] array (
)
[ info ] null
---------------------------------------------------------------

[2020-08-25T12:27:25+08:00] 216.218.206.69 GET 101.132.45.200/
[运行时间：0.004564s] [吞吐率：219.10req/s] [内存消耗：859.82kb] [文件加载：188]
[ info ] [ LANG ] /var/www/mishop/thinkphp/lang/zh-cn.php
[ info ] [ ROUTE ] array (
)
[ info ] [ HEADER ] array (
  'host' => '101.132.45.200',
  'content-type' => '',
  'content-length' => '',
)
[ info ] [ PARAM ] array (
)
[ info ] null
---------------------------------------------------------------

[2020-08-25T14:33:56+08:00] 94.102.49.190 GET 101.132.45.200/
[运行时间：0.004258s] [吞吐率：234.86req/s] [内存消耗：861.80kb] [文件加载：188]
[ info ] [ LANG ] /var/www/mishop/thinkphp/lang/zh-cn.php
[ info ] [ ROUTE ] array (
)
[ info ] [ HEADER ] array (
  'user-agent' => 'Mozilla/5.0 (X11; Linux x86_64) AppleWebKit/537.36 (KHTML, like Gecko) Chrome/34.0.1847.137 Safari/537.36',
  'accept' => 'text/html,application/xhtml+xml,application/xml;q=0.9,*/*;q=0.8',
  'host' => '101.132.45.200',
  'accept-encoding' => 'identity',
  'content-type' => '',
  'content-length' => '',
)
[ info ] [ PARAM ] array (
)
[ info ] null
---------------------------------------------------------------

[2020-08-25T14:34:12+08:00] 94.102.49.190 GET 101.132.45.200/sitemap.xml
[运行时间：0.002890s] [吞吐率：346.04req/s] [内存消耗：522.78kb] [文件加载：109]
[ info ] [ LANG ] /var/www/mishop/thinkphp/lang/zh-cn.php
---------------------------------------------------------------

[2020-08-25T14:34:14+08:00] 94.102.49.190 GET 101.132.45.200/.well-known/security.txt
[运行时间：0.002259s] [吞吐率：442.67req/s] [内存消耗：522.80kb] [文件加载：109]
[ info ] [ LANG ] /var/www/mishop/thinkphp/lang/zh-cn.php
---------------------------------------------------------------

[2020-08-25T16:54:47+08:00] 128.14.133.58 GET 101.132.45.200/remote/login
[运行时间：0.003355s] [吞吐率：298.08req/s] [内存消耗：522.78kb] [文件加载：109]
[ info ] [ LANG ] /var/www/mishop/thinkphp/lang/zh-cn.php
---------------------------------------------------------------

[2020-08-25T16:58:00+08:00] 192.241.238.27 GET 101.132.45.200/owa/auth/logon.aspx?url=https%3a%2f%2f1%2fecp%2f
[运行时间：0.003211s] [吞吐率：311.43req/s] [内存消耗：522.79kb] [文件加载：109]
[ info ] [ LANG ] /var/www/mishop/thinkphp/lang/zh-cn.php
---------------------------------------------------------------

[2020-08-25T19:32:32+08:00] 128.14.209.234 GET 101.132.45.200/
[运行时间：0.004508s] [吞吐率：221.83req/s] [内存消耗：861.73kb] [文件加载：188]
[ info ] [ LANG ] /var/www/mishop/thinkphp/lang/zh-cn.php
[ info ] [ ROUTE ] array (
)
[ info ] [ HEADER ] array (
  'accept-encoding' => 'gzip',
  'accept' => '*/*',
  'user-agent' => 'Mozilla/5.0 (Windows NT 10.0; Win64; x64) AppleWebKit/537.36 (KHTML, like Gecko) Chrome/60.0.3112.113 Safari/537.36',
  'host' => '101.132.45.200',
  'content-type' => '',
  'content-length' => '',
)
[ info ] [ PARAM ] array (
)
[ info ] null
---------------------------------------------------------------

[2020-08-25T20:39:44+08:00] 71.6.232.7 GET 101.132.45.200/
[运行时间：0.004485s] [吞吐率：222.97req/s] [内存消耗：861.73kb] [文件加载：188]
[ info ] [ LANG ] /var/www/mishop/thinkphp/lang/zh-cn.php
[ info ] [ ROUTE ] array (
)
[ info ] [ HEADER ] array (
  'accept-encoding' => 'gzip',
  'accept' => '*/*',
  'user-agent' => 'Mozilla/5.0 (Windows NT 10.0; Win64; x64) AppleWebKit/537.36 (KHTML, like Gecko) Chrome/57.0.2987.133 Safari/537.36',
  'host' => '101.132.45.200',
  'content-type' => '',
  'content-length' => '',
)
[ info ] [ PARAM ] array (
)
[ info ] null
---------------------------------------------------------------

[2020-08-25T23:48:08+08:00] 47.93.180.168 GET /
[运行时间：0.004500s] [吞吐率：222.21req/s] [内存消耗：859.20kb] [文件加载：188]
[ info ] [ LANG ] /var/www/mishop/thinkphp/lang/zh-cn.php
[ info ] [ ROUTE ] array (
)
[ info ] [ HEADER ] array (
  'content-type' => '',
  'content-length' => '',
)
[ info ] [ PARAM ] array (
)
[ info ] null
