---------------------------------------------------------------

[2020-08-26T00:28:08+08:00] 192.35.168.96 GET 101.132.45.200/
[运行时间：0.004660s] [吞吐率：214.60req/s] [内存消耗：861.38kb] [文件加载：188]
[ info ] [ LANG ] /var/www/mishop/thinkphp/lang/zh-cn.php
[ info ] [ ROUTE ] array (
)
[ info ] [ HEADER ] array (
  'accept-encoding' => 'gzip',
  'accept' => '*/*',
  'user-agent' => 'Mozilla/5.0 zgrab/0.x',
  'host' => '101.132.45.200',
  'content-type' => '',
  'content-length' => '',
)
[ info ] [ PARAM ] array (
)
[ info ] null
---------------------------------------------------------------

[2020-08-26T01:06:52+08:00] 193.118.53.202 GET 101.132.45.200/
[运行时间：0.004679s] [吞吐率：213.72req/s] [内存消耗：861.73kb] [文件加载：188]
[ info ] [ LANG ] /var/www/mishop/thinkphp/lang/zh-cn.php
[ info ] [ ROUTE ] array (
)
[ info ] [ HEADER ] array (
  'accept-encoding' => 'gzip',
  'accept' => '*/*',
  'user-agent' => 'Mozilla/5.0 (Windows NT 10.0; Win64; x64) AppleWebKit/537.36 (KHTML, like Gecko) Chrome/60.0.3112.113 Safari/537.36',
  'host' => '101.132.45.200',
  'content-type' => '',
  'content-length' => '',
)
[ info ] [ PARAM ] array (
)
[ info ] null
---------------------------------------------------------------

[2020-08-26T01:27:42+08:00] 185.173.35.45 GET 101.132.45.200:443/
[运行时间：0.004562s] [吞吐率：219.21req/s] [内存消耗：860.78kb] [文件加载：188]
[ info ] [ LANG ] /var/www/mishop/thinkphp/lang/zh-cn.php
[ info ] [ ROUTE ] array (
)
[ info ] [ HEADER ] array (
  'user-agent' => 'NetSystemsResearch studies the availability of various services across the internet. Our website is netsystemsresearch.com',
  'host' => '101.132.45.200:443',
  'content-type' => '',
  'content-length' => '',
)
[ info ] [ PARAM ] array (
)
[ info ] null
---------------------------------------------------------------

[2020-08-26T01:49:22+08:00] 101.251.238.50 GET 101.132.45.200:443/
[运行时间：0.004382s] [吞吐率：228.20req/s] [内存消耗：862.54kb] [文件加载：188]
[ info ] [ LANG ] /var/www/mishop/thinkphp/lang/zh-cn.php
[ info ] [ ROUTE ] array (
)
[ info ] [ HEADER ] array (
  'accept' => 'application/json, text/plain, */*',
  'accept-charset' => 'GBK,utf-8;q=0.7,*;q=0.3',
  'accept-language' => 'zh-CN,zh;q=0.8,en-US;q=0.5,en;q=0.3',
  'user-agent' => 'Mozilla/5.0 (Windows NT 10.0; Win64; x64; rv:79.0) Gecko/20100101 Firefox/79.0',
  'host' => '101.132.45.200:443',
  'content-type' => '',
  'content-length' => '',
)
[ info ] [ PARAM ] array (
)
[ info ] null
---------------------------------------------------------------

[2020-08-26T01:49:25+08:00] 101.251.238.50 GET 101.132.45.200:443/connect/oauth2/authorize?appid=wxe846b6db8a21a631&redirect_uri=https%3A%2F%2F101.132.45.200%3A443%2F&response_type=code&scope=snsapi_userinfo&state=adfa2327ca405b911cec0bae3bca38bb&connect_redirect=1#wechat_redirect
[运行时间：0.002917s] [吞吐率：342.81req/s] [内存消耗：522.84kb] [文件加载：109]
[ info ] [ LANG ] /var/www/mishop/thinkphp/lang/zh-cn.php
---------------------------------------------------------------

[2020-08-26T04:41:08+08:00] 162.243.129.174 GET 101.132.45.200/
[运行时间：0.004469s] [吞吐率：223.76req/s] [内存消耗：861.39kb] [文件加载：188]
[ info ] [ LANG ] /var/www/mishop/thinkphp/lang/zh-cn.php
[ info ] [ ROUTE ] array (
)
[ info ] [ HEADER ] array (
  'accept-encoding' => 'gzip',
  'accept' => '*/*',
  'user-agent' => 'Mozilla/5.0 zgrab/0.x',
  'host' => '101.132.45.200',
  'content-type' => '',
  'content-length' => '',
)
[ info ] [ PARAM ] array (
)
[ info ] null
---------------------------------------------------------------

[2020-08-26T04:44:10+08:00] 47.101.40.158 GET mishop.holyzq.com/
[运行时间：0.004864s] [吞吐率：205.59req/s] [内存消耗：861.56kb] [文件加载：188]
[ info ] [ LANG ] /var/www/mishop/thinkphp/lang/zh-cn.php
[ info ] [ ROUTE ] array (
)
[ info ] [ HEADER ] array (
  'accept-encoding' => 'gzip',
  'connection' => 'Keep-Alive',
  'host' => 'mishop.holyzq.com',
  'user-agent' => 'Mozilla/5.0 (Linux/Android/android/iphone;)',
  'content-type' => '',
  'content-length' => '',
)
[ info ] [ PARAM ] array (
)
[ info ] null
---------------------------------------------------------------

[2020-08-26T04:44:37+08:00] 101.132.73.61 GET mishop.holyzq.com/
[运行时间：0.004339s] [吞吐率：230.47req/s] [内存消耗：861.56kb] [文件加载：188]
[ info ] [ LANG ] /var/www/mishop/thinkphp/lang/zh-cn.php
[ info ] [ ROUTE ] array (
)
[ info ] [ HEADER ] array (
  'accept-encoding' => 'gzip',
  'connection' => 'Keep-Alive',
  'host' => 'mishop.holyzq.com',
  'user-agent' => 'Mozilla/5.0 (Linux/Android/android/iphone;)',
  'content-type' => '',
  'content-length' => '',
)
[ info ] [ PARAM ] array (
)
[ info ] null
---------------------------------------------------------------

[2020-08-26T04:56:49+08:00] 54.193.75.250 GET 101.132.45.200:443/owa/auth/logon.aspx
[运行时间：0.003135s] [吞吐率：318.96req/s] [内存消耗：522.83kb] [文件加载：109]
[ info ] [ LANG ] /var/www/mishop/thinkphp/lang/zh-cn.php
---------------------------------------------------------------

[2020-08-26T06:03:33+08:00] 128.14.209.234 GET 101.132.45.200/
[运行时间：0.004234s] [吞吐率：236.18req/s] [内存消耗：861.73kb] [文件加载：188]
[ info ] [ LANG ] /var/www/mishop/thinkphp/lang/zh-cn.php
[ info ] [ ROUTE ] array (
)
[ info ] [ HEADER ] array (
  'accept-encoding' => 'gzip',
  'accept' => '*/*',
  'user-agent' => 'Mozilla/5.0 (Windows NT 10.0; Win64; x64) AppleWebKit/537.36 (KHTML, like Gecko) Chrome/60.0.3112.113 Safari/537.36',
  'host' => '101.132.45.200',
  'content-type' => '',
  'content-length' => '',
)
[ info ] [ PARAM ] array (
)
[ info ] null
---------------------------------------------------------------

[2020-08-26T10:04:06+08:00] 27.115.124.10 GET www.techbimu.com/
[运行时间：0.004567s] [吞吐率：218.96req/s] [内存消耗：859.82kb] [文件加载：188]
[ info ] [ LANG ] /var/www/mishop/thinkphp/lang/zh-cn.php
[ info ] [ ROUTE ] array (
)
[ info ] [ HEADER ] array (
  'host' => 'www.techbimu.com',
  'content-type' => '',
  'content-length' => '',
)
[ info ] [ PARAM ] array (
)
[ info ] null
---------------------------------------------------------------

[2020-08-26T10:04:12+08:00] 27.115.124.10 GET www.techbimu.com/
[运行时间：0.004531s] [吞吐率：220.71req/s] [内存消耗：862.24kb] [文件加载：188]
[ info ] [ LANG ] /var/www/mishop/thinkphp/lang/zh-cn.php
[ info ] [ ROUTE ] array (
)
[ info ] [ HEADER ] array (
  'connection' => 'keep-alive',
  'accept' => '*/*',
  'accept-encoding' => 'gzip, deflate',
  'user-agent' => 'Mozilla/5.0 (Macintosh; Intel Mac OS X 10_14_6) AppleWebKit/537.36 (KHTML, like Gecko) Chrome/81.0.4044.138 Safari/537.36',
  'host' => 'www.techbimu.com',
  'content-type' => '',
  'content-length' => '',
)
[ info ] [ PARAM ] array (
)
[ info ] null
---------------------------------------------------------------

[2020-08-26T10:04:12+08:00] 27.115.124.75 POST www.techbimu.com/dns-query
[运行时间：0.002277s] [吞吐率：439.19req/s] [内存消耗：521.65kb] [文件加载：109]
[ info ] [ LANG ] /var/www/mishop/thinkphp/lang/zh-cn.php
---------------------------------------------------------------

[2020-08-26T10:04:12+08:00] 27.115.124.9 GET www.techbimu.com/sitemap.xml
[运行时间：0.002515s] [吞吐率：397.64req/s] [内存消耗：522.77kb] [文件加载：109]
[ info ] [ LANG ] /var/www/mishop/thinkphp/lang/zh-cn.php
---------------------------------------------------------------

[2020-08-26T11:40:30+08:00] 47.98.101.218 GET www.techbimu.com/
[运行时间：0.004609s] [吞吐率：216.96req/s] [内存消耗：861.63kb] [文件加载：188]
[ info ] [ LANG ] /var/www/mishop/thinkphp/lang/zh-cn.php
[ info ] [ ROUTE ] array (
)
[ info ] [ HEADER ] array (
  'accept-encoding' => 'gzip',
  'connection' => 'Keep-Alive',
  'host' => 'www.techbimu.com',
  'user-agent' => 'Mozilla/5.0 (Android Mobile Safari) android mobile safari',
  'content-type' => '',
  'content-length' => '',
)
[ info ] [ PARAM ] array (
)
[ info ] null
---------------------------------------------------------------

[2020-08-26T11:55:57+08:00] 3.81.245.94 GET mishop.holyzq.com/
[运行时间：0.004405s] [吞吐率：227.01req/s] [内存消耗：861.80kb] [文件加载：188]
[ info ] [ LANG ] /var/www/mishop/thinkphp/lang/zh-cn.php
[ info ] [ ROUTE ] array (
)
[ info ] [ HEADER ] array (
  'connection' => 'Keep-Alive',
  'host' => 'mishop.holyzq.com',
  'accept' => '*/*',
  'user-agent' => '"Mozilla/5.0 (Windows; U; Windows NT 6.1; en-US) AppleWebKit/533.20.25 (KHTML, like Gecko) Version/5.0.4 Safari/533.20.27"',
  'content-type' => '',
  'content-length' => '',
)
[ info ] [ PARAM ] array (
)
[ info ] null
---------------------------------------------------------------

[2020-08-26T15:29:06+08:00] 106.75.168.234 GET 101.132.45.200:443/
[运行时间：0.004482s] [吞吐率：223.11req/s] [内存消耗：859.90kb] [文件加载：188]
[ info ] [ LANG ] /var/www/mishop/thinkphp/lang/zh-cn.php
[ info ] [ ROUTE ] array (
)
[ info ] [ HEADER ] array (
  'host' => '101.132.45.200:443',
  'content-type' => '',
  'content-length' => '',
)
[ info ] [ PARAM ] array (
)
[ info ] null
---------------------------------------------------------------

[2020-08-26T16:55:25+08:00] 54.36.148.1 GET www.techbimu.com/
[运行时间：0.004797s] [吞吐率：208.46req/s] [内存消耗：861.61kb] [文件加载：188]
[ info ] [ LANG ] /var/www/mishop/thinkphp/lang/zh-cn.php
[ info ] [ ROUTE ] array (
)
[ info ] [ HEADER ] array (
  'accept-encoding' => 'deflate, gzip, br',
  'accept' => '*/*',
  'user-agent' => 'Mozilla/5.0 (compatible; AhrefsBot/7.0; +http://ahrefs.com/robot/)',
  'host' => 'www.techbimu.com',
  'content-type' => '',
  'content-length' => '',
)
[ info ] [ PARAM ] array (
)
[ info ] null
---------------------------------------------------------------

[2020-08-26T16:59:15+08:00] 47.103.66.54 GET mishop.holyzq.com/
[运行时间：0.004422s] [吞吐率：226.14req/s] [内存消耗：863.06kb] [文件加载：188]
[ info ] [ LANG ] /var/www/mishop/thinkphp/lang/zh-cn.php
[ info ] [ ROUTE ] array (
)
[ info ] [ HEADER ] array (
  'accept-language' => 'zh-CN,zh;q=0.8',
  'connection' => 'keep-alive',
  'accept' => 'text/html,application/xhtml+xml,application/xml;q=0.9,image/webp,image/apng,*/*;q=0.8',
  'accept-encoding' => 'gzip, deflate',
  'user-agent' => 'Mozilla/5.0 (Windows NT 10.0; Win64; x64) AppleWebKit/537.36 (KHTML, like Gecko) Chrome/59.0.3071.115 Safari/537.36',
  'host' => 'mishop.holyzq.com',
  'content-type' => '',
  'content-length' => '',
)
[ info ] [ PARAM ] array (
)
[ info ] null
---------------------------------------------------------------

[2020-08-26T16:59:15+08:00] 47.103.66.54 GET mishop.holyzq.com/explicit_not_exist_path
[运行时间：0.002498s] [吞吐率：400.33req/s] [内存消耗：522.78kb] [文件加载：109]
[ info ] [ LANG ] /var/www/mishop/thinkphp/lang/zh-cn.php
---------------------------------------------------------------

[2020-08-26T16:59:16+08:00] 47.103.66.54 GET mishop.holyzq.com/index.html
[运行时间：0.003233s] [吞吐率：309.31req/s] [内存消耗：865.26kb] [文件加载：188]
[ info ] [ LANG ] /var/www/mishop/thinkphp/lang/zh-cn.php
[ info ] [ ROUTE ] array (
)
[ info ] [ HEADER ] array (
  'cookie' => 'PHPSESSID=t27aichq06p2mutjk2f87acgp2',
  'accept-language' => 'zh-CN,zh;q=0.8',
  'connection' => 'keep-alive',
  'accept' => 'text/html,application/xhtml+xml,application/xml;q=0.9,image/webp,image/apng,*/*;q=0.8',
  'accept-encoding' => 'gzip, deflate',
  'user-agent' => 'Mozilla/5.0 (Windows NT 10.0; Win64; x64) AppleWebKit/537.36 (KHTML, like Gecko) Chrome/59.0.3071.115 Safari/537.36',
  'host' => 'mishop.holyzq.com',
  'content-type' => '',
  'content-length' => '',
)
[ info ] [ PARAM ] array (
)
[ info ] null
---------------------------------------------------------------

[2020-08-26T16:59:16+08:00] 47.103.66.54 GET mishop.holyzq.com/index.php
[运行时间：0.003262s] [吞吐率：306.56req/s] [内存消耗：864.45kb] [文件加载：188]
[ info ] [ LANG ] /var/www/mishop/thinkphp/lang/zh-cn.php
[ info ] [ ROUTE ] array (
)
[ info ] [ HEADER ] array (
  'cookie' => 'PHPSESSID=t27aichq06p2mutjk2f87acgp2',
  'accept-language' => 'zh-CN,zh;q=0.8',
  'connection' => 'keep-alive',
  'accept' => 'text/html,application/xhtml+xml,application/xml;q=0.9,image/webp,image/apng,*/*;q=0.8',
  'accept-encoding' => 'gzip, deflate',
  'user-agent' => 'Mozilla/5.0 (Windows NT 10.0; Win64; x64) AppleWebKit/537.36 (KHTML, like Gecko) Chrome/59.0.3071.115 Safari/537.36',
  'host' => 'mishop.holyzq.com',
  'content-type' => '',
  'content-length' => '',
)
[ info ] [ PARAM ] array (
)
[ info ] null
---------------------------------------------------------------

[2020-08-26T16:59:16+08:00] 47.103.66.54 GET mishop.holyzq.com/index.jsp
[运行时间：0.002601s] [吞吐率：384.48req/s] [内存消耗：522.77kb] [文件加载：109]
[ info ] [ LANG ] /var/www/mishop/thinkphp/lang/zh-cn.php
---------------------------------------------------------------

[2020-08-26T16:59:16+08:00] 47.103.66.54 GET mishop.holyzq.com/admin/
[运行时间：0.002725s] [吞吐率：366.96req/s] [内存消耗：565.67kb] [文件加载：123]
[ info ] [ LANG ] /var/www/mishop/thinkphp/lang/zh-cn.php
[ info ] [ ROUTE ] array (
)
[ info ] [ HEADER ] array (
  'cookie' => 'PHPSESSID=t27aichq06p2mutjk2f87acgp2',
  'accept-language' => 'zh-CN,zh;q=0.8',
  'connection' => 'keep-alive',
  'accept' => 'text/html,application/xhtml+xml,application/xml;q=0.9,image/webp,image/apng,*/*;q=0.8',
  'accept-encoding' => 'gzip, deflate',
  'user-agent' => 'Mozilla/5.0 (Windows NT 10.0; Win64; x64) AppleWebKit/537.36 (KHTML, like Gecko) Chrome/59.0.3071.115 Safari/537.36',
  'host' => 'mishop.holyzq.com',
  'content-type' => '',
  'content-length' => '',
)
[ info ] [ PARAM ] array (
)
[ info ] [ VIEW ] /var/www/mishop/thinkphp/tpl/dispatch_jump.tpl [ array (
  0 => 'code',
  1 => 'msg',
  2 => 'data',
  3 => 'url',
  4 => 'wait',
) ]
---------------------------------------------------------------

[2020-08-26T16:59:16+08:00] 47.103.66.54 GET mishop.holyzq.com/readme.html
[运行时间：0.002532s] [吞吐率：394.94req/s] [内存消耗：522.81kb] [文件加载：109]
[ info ] [ LANG ] /var/www/mishop/thinkphp/lang/zh-cn.php
---------------------------------------------------------------

[2020-08-26T16:59:16+08:00] 47.103.66.54 GET mishop.holyzq.com/license.txt
[运行时间：0.002216s] [吞吐率：451.24req/s] [内存消耗：522.77kb] [文件加载：109]
[ info ] [ LANG ] /var/www/mishop/thinkphp/lang/zh-cn.php
---------------------------------------------------------------

[2020-08-26T16:59:16+08:00] 47.103.66.54 GET mishop.holyzq.com/wp-includes/js/wplink.js
[运行时间：0.002291s] [吞吐率：436.50req/s] [内存消耗：522.79kb] [文件加载：109]
[ info ] [ LANG ] /var/www/mishop/thinkphp/lang/zh-cn.php
---------------------------------------------------------------

[2020-08-26T16:59:16+08:00] 47.103.66.54 GET mishop.holyzq.com/wp-admin/js/customize-controls.js
[运行时间：0.002199s] [吞吐率：454.77req/s] [内存消耗：522.80kb] [文件加载：109]
[ info ] [ LANG ] /var/www/mishop/thinkphp/lang/zh-cn.php
---------------------------------------------------------------

[2020-08-26T16:59:16+08:00] 47.103.66.54 GET mishop.holyzq.com/wp-admin/js/nav-menu.js
[运行时间：0.002214s] [吞吐率：451.63req/s] [内存消耗：522.78kb] [文件加载：109]
[ info ] [ LANG ] /var/www/mishop/thinkphp/lang/zh-cn.php
---------------------------------------------------------------

[2020-08-26T16:59:16+08:00] 47.103.66.54 GET mishop.holyzq.com/wp-includes/js/plupload/handlers.js
[运行时间：0.002136s] [吞吐率：468.17req/s] [内存消耗：522.80kb] [文件加载：109]
[ info ] [ LANG ] /var/www/mishop/thinkphp/lang/zh-cn.php
---------------------------------------------------------------

[2020-08-26T16:59:16+08:00] 47.103.66.54 GET mishop.holyzq.com/wp-includes/js/tinymce/wp-tinymce.js.gz
[运行时间：0.002054s] [吞吐率：486.86req/s] [内存消耗：522.80kb] [文件加载：109]
[ info ] [ LANG ] /var/www/mishop/thinkphp/lang/zh-cn.php
---------------------------------------------------------------

[2020-08-26T16:59:16+08:00] 47.103.66.54 GET mishop.holyzq.com/index.php/explicit_not_exist_path
[运行时间：0.002427s] [吞吐率：412.01req/s] [内存消耗：522.80kb] [文件加载：109]
[ info ] [ LANG ] /var/www/mishop/thinkphp/lang/zh-cn.php
---------------------------------------------------------------

[2020-08-26T16:59:17+08:00] 47.103.66.54 GET mishop.holyzq.com/4e5e5d7364f443e28fbf0d3ae744a59a
[运行时间：0.002481s] [吞吐率：403.07req/s] [内存消耗：522.80kb] [文件加载：109]
[ info ] [ LANG ] /var/www/mishop/thinkphp/lang/zh-cn.php
---------------------------------------------------------------

[2020-08-26T16:59:17+08:00] 47.103.66.54 GET mishop.holyzq.com/?c=4e5e5d7364f443e28fbf0d3ae744a59a
[运行时间：0.003047s] [吞吐率：328.19req/s] [内存消耗：865.20kb] [文件加载：188]
[ info ] [ LANG ] /var/www/mishop/thinkphp/lang/zh-cn.php
[ info ] [ ROUTE ] array (
)
[ info ] [ HEADER ] array (
  'cookie' => 'PHPSESSID=t27aichq06p2mutjk2f87acgp2',
  'accept-language' => 'zh-CN,zh;q=0.8',
  'connection' => 'keep-alive',
  'accept' => 'text/html,application/xhtml+xml,application/xml;q=0.9,image/webp,image/apng,*/*;q=0.8',
  'accept-encoding' => 'gzip, deflate',
  'user-agent' => 'Mozilla/5.0 (Windows NT 10.0; Win64; x64) AppleWebKit/537.36 (KHTML, like Gecko) Chrome/59.0.3071.115 Safari/537.36',
  'host' => 'mishop.holyzq.com',
  'content-type' => '',
  'content-length' => '',
)
[ info ] [ PARAM ] array (
  'c' => '4e5e5d7364f443e28fbf0d3ae744a59a',
)
[ info ] null
---------------------------------------------------------------

[2020-08-26T16:59:17+08:00] 47.103.66.54 GET mishop.holyzq.com/r/cms/www/red/img/prompt.jpg
[运行时间：0.002686s] [吞吐率：372.30req/s] [内存消耗：523.16kb] [文件加载：109]
[ info ] [ LANG ] /var/www/mishop/thinkphp/lang/zh-cn.php
---------------------------------------------------------------

[2020-08-26T16:59:17+08:00] 47.103.66.54 GET mishop.holyzq.com/r/cms/www/red/style/swiper.min.js
[运行时间：0.002337s] [吞吐率：427.90req/s] [内存消耗：523.17kb] [文件加载：109]
[ info ] [ LANG ] /var/www/mishop/thinkphp/lang/zh-cn.php
---------------------------------------------------------------

[2020-08-26T16:59:17+08:00] 47.103.66.54 GET mishop.holyzq.com/wcm/
[运行时间：0.002368s] [吞吐率：422.30req/s] [内存消耗：522.77kb] [文件加载：109]
[ info ] [ LANG ] /var/www/mishop/thinkphp/lang/zh-cn.php
---------------------------------------------------------------

[2020-08-26T16:59:17+08:00] 47.103.66.54 GET mishop.holyzq.com/phpMyAdmin/
[运行时间：0.002447s] [吞吐率：408.68req/s] [内存消耗：522.77kb] [文件加载：109]
[ info ] [ LANG ] /var/www/mishop/thinkphp/lang/zh-cn.php
---------------------------------------------------------------

[2020-08-26T16:59:17+08:00] 47.103.66.54 GET mishop.holyzq.com/phpmyadmin/
[运行时间：0.002453s] [吞吐率：407.65req/s] [内存消耗：522.77kb] [文件加载：109]
[ info ] [ LANG ] /var/www/mishop/thinkphp/lang/zh-cn.php
---------------------------------------------------------------

[2020-08-26T16:59:31+08:00] 192.241.230.4 GET 101.132.45.200/owa/auth/logon.aspx?url=https%3a%2f%2f1%2fecp%2f
[运行时间：0.002949s] [吞吐率：339.10req/s] [内存消耗：522.79kb] [文件加载：109]
[ info ] [ LANG ] /var/www/mishop/thinkphp/lang/zh-cn.php
---------------------------------------------------------------

[2020-08-26T17:29:40+08:00] 47.103.133.151 GET cms.holyzq.com/
[运行时间：0.005140s] [吞吐率：194.55req/s] [内存消耗：863.05kb] [文件加载：188]
[ info ] [ LANG ] /var/www/mishop/thinkphp/lang/zh-cn.php
[ info ] [ ROUTE ] array (
)
[ info ] [ HEADER ] array (
  'accept-language' => 'zh-CN,zh;q=0.8',
  'connection' => 'keep-alive',
  'accept' => 'text/html,application/xhtml+xml,application/xml;q=0.9,image/webp,image/apng,*/*;q=0.8',
  'accept-encoding' => 'gzip, deflate',
  'user-agent' => 'Mozilla/5.0 (Windows NT 10.0; Win64; x64) AppleWebKit/537.36 (KHTML, like Gecko) Chrome/59.0.3071.115 Safari/537.36',
  'host' => 'cms.holyzq.com',
  'content-type' => '',
  'content-length' => '',
)
[ info ] [ PARAM ] array (
)
[ info ] null
---------------------------------------------------------------

[2020-08-26T17:29:40+08:00] 47.103.133.151 GET cms.holyzq.com/explicit_not_exist_path
[运行时间：0.002767s] [吞吐率：361.39req/s] [内存消耗：522.78kb] [文件加载：109]
[ info ] [ LANG ] /var/www/mishop/thinkphp/lang/zh-cn.php
---------------------------------------------------------------

[2020-08-26T17:29:40+08:00] 47.103.133.151 GET cms.holyzq.com/index.html
[运行时间：0.003490s] [吞吐率：286.54req/s] [内存消耗：865.20kb] [文件加载：188]
[ info ] [ LANG ] /var/www/mishop/thinkphp/lang/zh-cn.php
[ info ] [ ROUTE ] array (
)
[ info ] [ HEADER ] array (
  'cookie' => 'PHPSESSID=tvesjrq4rgcgqrl8o2mog0pddr',
  'accept-language' => 'zh-CN,zh;q=0.8',
  'connection' => 'keep-alive',
  'accept' => 'text/html,application/xhtml+xml,application/xml;q=0.9,image/webp,image/apng,*/*;q=0.8',
  'accept-encoding' => 'gzip, deflate',
  'user-agent' => 'Mozilla/5.0 (Windows NT 10.0; Win64; x64) AppleWebKit/537.36 (KHTML, like Gecko) Chrome/59.0.3071.115 Safari/537.36',
  'host' => 'cms.holyzq.com',
  'content-type' => '',
  'content-length' => '',
)
[ info ] [ PARAM ] array (
)
[ info ] null
---------------------------------------------------------------

[2020-08-26T17:29:40+08:00] 47.103.133.151 GET cms.holyzq.com/index.php
[运行时间：0.003328s] [吞吐率：300.49req/s] [内存消耗：864.38kb] [文件加载：188]
[ info ] [ LANG ] /var/www/mishop/thinkphp/lang/zh-cn.php
[ info ] [ ROUTE ] array (
)
[ info ] [ HEADER ] array (
  'cookie' => 'PHPSESSID=tvesjrq4rgcgqrl8o2mog0pddr',
  'accept-language' => 'zh-CN,zh;q=0.8',
  'connection' => 'keep-alive',
  'accept' => 'text/html,application/xhtml+xml,application/xml;q=0.9,image/webp,image/apng,*/*;q=0.8',
  'accept-encoding' => 'gzip, deflate',
  'user-agent' => 'Mozilla/5.0 (Windows NT 10.0; Win64; x64) AppleWebKit/537.36 (KHTML, like Gecko) Chrome/59.0.3071.115 Safari/537.36',
  'host' => 'cms.holyzq.com',
  'content-type' => '',
  'content-length' => '',
)
[ info ] [ PARAM ] array (
)
[ info ] null
---------------------------------------------------------------

[2020-08-26T17:29:40+08:00] 47.103.133.151 GET cms.holyzq.com/index.jsp
[运行时间：0.003004s] [吞吐率：332.88req/s] [内存消耗：522.77kb] [文件加载：109]
[ info ] [ LANG ] /var/www/mishop/thinkphp/lang/zh-cn.php
---------------------------------------------------------------

[2020-08-26T17:29:40+08:00] 47.103.133.151 GET cms.holyzq.com/admin/
[运行时间：0.002818s] [吞吐率：354.85req/s] [内存消耗：565.67kb] [文件加载：123]
[ info ] [ LANG ] /var/www/mishop/thinkphp/lang/zh-cn.php
[ info ] [ ROUTE ] array (
)
[ info ] [ HEADER ] array (
  'cookie' => 'PHPSESSID=tvesjrq4rgcgqrl8o2mog0pddr',
  'accept-language' => 'zh-CN,zh;q=0.8',
  'connection' => 'keep-alive',
  'accept' => 'text/html,application/xhtml+xml,application/xml;q=0.9,image/webp,image/apng,*/*;q=0.8',
  'accept-encoding' => 'gzip, deflate',
  'user-agent' => 'Mozilla/5.0 (Windows NT 10.0; Win64; x64) AppleWebKit/537.36 (KHTML, like Gecko) Chrome/59.0.3071.115 Safari/537.36',
  'host' => 'cms.holyzq.com',
  'content-type' => '',
  'content-length' => '',
)
[ info ] [ PARAM ] array (
)
[ info ] [ VIEW ] /var/www/mishop/thinkphp/tpl/dispatch_jump.tpl [ array (
  0 => 'code',
  1 => 'msg',
  2 => 'data',
  3 => 'url',
  4 => 'wait',
) ]
---------------------------------------------------------------

[2020-08-26T17:29:40+08:00] 47.103.133.151 GET cms.holyzq.com/readme.html
[运行时间：0.002706s] [吞吐率：369.54req/s] [内存消耗：522.81kb] [文件加载：109]
[ info ] [ LANG ] /var/www/mishop/thinkphp/lang/zh-cn.php
---------------------------------------------------------------

[2020-08-26T17:29:40+08:00] 47.103.133.151 GET cms.holyzq.com/license.txt
[运行时间：0.002400s] [吞吐率：416.64req/s] [内存消耗：522.77kb] [文件加载：109]
[ info ] [ LANG ] /var/www/mishop/thinkphp/lang/zh-cn.php
---------------------------------------------------------------

[2020-08-26T17:29:40+08:00] 47.103.133.151 GET cms.holyzq.com/wp-includes/js/wplink.js
[运行时间：0.002368s] [吞吐率：422.30req/s] [内存消耗：522.79kb] [文件加载：109]
[ info ] [ LANG ] /var/www/mishop/thinkphp/lang/zh-cn.php
---------------------------------------------------------------

[2020-08-26T17:29:40+08:00] 47.103.133.151 GET cms.holyzq.com/wp-admin/js/customize-controls.js
[运行时间：0.002219s] [吞吐率：450.66req/s] [内存消耗：522.80kb] [文件加载：109]
[ info ] [ LANG ] /var/www/mishop/thinkphp/lang/zh-cn.php
---------------------------------------------------------------

[2020-08-26T17:29:40+08:00] 47.103.133.151 GET cms.holyzq.com/wp-admin/js/nav-menu.js
[运行时间：0.002138s] [吞吐率：467.75req/s] [内存消耗：522.78kb] [文件加载：109]
[ info ] [ LANG ] /var/www/mishop/thinkphp/lang/zh-cn.php
---------------------------------------------------------------

[2020-08-26T17:29:40+08:00] 47.103.133.151 GET cms.holyzq.com/wp-includes/js/plupload/handlers.js
[运行时间：0.002100s] [吞吐率：476.19req/s] [内存消耗：522.80kb] [文件加载：109]
[ info ] [ LANG ] /var/www/mishop/thinkphp/lang/zh-cn.php
---------------------------------------------------------------

[2020-08-26T17:29:40+08:00] 47.103.133.151 GET cms.holyzq.com/wp-includes/js/tinymce/wp-tinymce.js.gz
[运行时间：0.002370s] [吞吐率：421.92req/s] [内存消耗：522.80kb] [文件加载：109]
[ info ] [ LANG ] /var/www/mishop/thinkphp/lang/zh-cn.php
---------------------------------------------------------------

[2020-08-26T17:29:40+08:00] 47.103.133.151 GET cms.holyzq.com/index.php/explicit_not_exist_path
[运行时间：0.002442s] [吞吐率：409.48req/s] [内存消耗：522.80kb] [文件加载：109]
[ info ] [ LANG ] /var/www/mishop/thinkphp/lang/zh-cn.php
---------------------------------------------------------------

[2020-08-26T17:29:40+08:00] 47.103.133.151 GET cms.holyzq.com/4e5e5d7364f443e28fbf0d3ae744a59a
[运行时间：0.002714s] [吞吐率：368.44req/s] [内存消耗：522.80kb] [文件加载：109]
[ info ] [ LANG ] /var/www/mishop/thinkphp/lang/zh-cn.php
---------------------------------------------------------------

[2020-08-26T17:29:40+08:00] 47.103.133.151 GET cms.holyzq.com/?c=4e5e5d7364f443e28fbf0d3ae744a59a
[运行时间：0.003233s] [吞吐率：309.31req/s] [内存消耗：865.20kb] [文件加载：188]
[ info ] [ LANG ] /var/www/mishop/thinkphp/lang/zh-cn.php
[ info ] [ ROUTE ] array (
)
[ info ] [ HEADER ] array (
  'cookie' => 'PHPSESSID=tvesjrq4rgcgqrl8o2mog0pddr',
  'accept-language' => 'zh-CN,zh;q=0.8',
  'connection' => 'keep-alive',
  'accept' => 'text/html,application/xhtml+xml,application/xml;q=0.9,image/webp,image/apng,*/*;q=0.8',
  'accept-encoding' => 'gzip, deflate',
  'user-agent' => 'Mozilla/5.0 (Windows NT 10.0; Win64; x64) AppleWebKit/537.36 (KHTML, like Gecko) Chrome/59.0.3071.115 Safari/537.36',
  'host' => 'cms.holyzq.com',
  'content-type' => '',
  'content-length' => '',
)
[ info ] [ PARAM ] array (
  'c' => '4e5e5d7364f443e28fbf0d3ae744a59a',
)
[ info ] null
---------------------------------------------------------------

[2020-08-26T17:29:40+08:00] 47.103.133.151 GET cms.holyzq.com/r/cms/www/red/img/prompt.jpg
[运行时间：0.002699s] [吞吐率：370.52req/s] [内存消耗：523.16kb] [文件加载：109]
[ info ] [ LANG ] /var/www/mishop/thinkphp/lang/zh-cn.php
---------------------------------------------------------------

[2020-08-26T17:29:40+08:00] 47.103.133.151 GET cms.holyzq.com/r/cms/www/red/style/swiper.min.js
[运行时间：0.002383s] [吞吐率：419.64req/s] [内存消耗：523.17kb] [文件加载：109]
[ info ] [ LANG ] /var/www/mishop/thinkphp/lang/zh-cn.php
---------------------------------------------------------------

[2020-08-26T17:29:40+08:00] 47.103.133.151 GET cms.holyzq.com/wcm/
[运行时间：0.002421s] [吞吐率：413.07req/s] [内存消耗：522.77kb] [文件加载：109]
[ info ] [ LANG ] /var/www/mishop/thinkphp/lang/zh-cn.php
---------------------------------------------------------------

[2020-08-26T17:29:41+08:00] 47.103.133.151 GET cms.holyzq.com/phpMyAdmin/
[运行时间：0.002917s] [吞吐率：342.81req/s] [内存消耗：522.77kb] [文件加载：109]
[ info ] [ LANG ] /var/www/mishop/thinkphp/lang/zh-cn.php
---------------------------------------------------------------

[2020-08-26T17:29:41+08:00] 47.103.133.151 GET cms.holyzq.com/phpmyadmin/
[运行时间：0.002841s] [吞吐率：351.99req/s] [内存消耗：522.77kb] [文件加载：109]
[ info ] [ LANG ] /var/www/mishop/thinkphp/lang/zh-cn.php
---------------------------------------------------------------

[2020-08-26T17:56:21+08:00] 95.70.49.196 GET 101.132.45.200/js/room.js
[运行时间：0.014296s] [吞吐率：69.95req/s] [内存消耗：522.78kb] [文件加载：109]
[ info ] [ LANG ] /var/www/mishop/thinkphp/lang/zh-cn.php
---------------------------------------------------------------

[2020-08-26T17:56:21+08:00] 95.70.49.196 GET 101.132.45.200/Public/app/js/cvphp.js
[运行时间：0.012809s] [吞吐率：78.07req/s] [内存消耗：522.79kb] [文件加载：109]
[ info ] [ LANG ] /var/www/mishop/thinkphp/lang/zh-cn.php
---------------------------------------------------------------

[2020-08-26T17:56:21+08:00] 95.70.49.196 GET 101.132.45.200/11.txt
[运行时间：0.010517s] [吞吐率：95.08req/s] [内存消耗：522.77kb] [文件加载：109]
[ info ] [ LANG ] /var/www/mishop/thinkphp/lang/zh-cn.php
---------------------------------------------------------------

[2020-08-26T17:56:21+08:00] 95.70.49.196 GET 101.132.45.200/Public/home/appjs/Index.js
[运行时间：0.012949s] [吞吐率：77.23req/s] [内存消耗：522.80kb] [文件加载：109]
[ info ] [ LANG ] /var/www/mishop/thinkphp/lang/zh-cn.php
---------------------------------------------------------------

[2020-08-26T17:56:21+08:00] 95.70.49.196 GET 101.132.45.200/resources/main/common.js
[运行时间：0.005522s] [吞吐率：181.09req/s] [内存消耗：522.80kb] [文件加载：109]
[ info ] [ LANG ] /var/www/mishop/thinkphp/lang/zh-cn.php
---------------------------------------------------------------

[2020-08-26T17:56:21+08:00] 95.70.49.196 GET 101.132.45.200/jsonpublic/selectAddtion.asp
[运行时间：0.007008s] [吞吐率：142.69req/s] [内存消耗：522.80kb] [文件加载：109]
[ info ] [ LANG ] /var/www/mishop/thinkphp/lang/zh-cn.php
---------------------------------------------------------------

[2020-08-26T17:56:21+08:00] 95.70.49.196 GET 101.132.45.200/static/index.css
[运行时间：0.008803s] [吞吐率：113.60req/s] [内存消耗：522.79kb] [文件加载：109]
[ info ] [ LANG ] /var/www/mishop/thinkphp/lang/zh-cn.php
---------------------------------------------------------------

[2020-08-26T17:56:21+08:00] 95.70.49.196 GET 101.132.45.200/pczs/js/trendChart.js
[运行时间：0.007626s] [吞吐率：131.13req/s] [内存消耗：522.79kb] [文件加载：109]
[ info ] [ LANG ] /var/www/mishop/thinkphp/lang/zh-cn.php
---------------------------------------------------------------

[2020-08-26T17:56:21+08:00] 95.70.49.196 GET 101.132.45.200/lateron.asp
[运行时间：0.007743s] [吞吐率：129.15req/s] [内存消耗：522.78kb] [文件加载：109]
[ info ] [ LANG ] /var/www/mishop/thinkphp/lang/zh-cn.php
---------------------------------------------------------------

[2020-08-26T17:56:21+08:00] 95.70.49.196 GET 101.132.45.200/static/js/winScale.js
[运行时间：0.006691s] [吞吐率：149.45req/s] [内存消耗：522.79kb] [文件加载：109]
[ info ] [ LANG ] /var/www/mishop/thinkphp/lang/zh-cn.php
---------------------------------------------------------------

[2020-08-26T17:56:21+08:00] 95.70.49.196 GET 101.132.45.200/db/admin_yly.sql
[运行时间：0.013040s] [吞吐率：76.69req/s] [内存消耗：522.79kb] [文件加载：109]
[ info ] [ LANG ] /var/www/mishop/thinkphp/lang/zh-cn.php
---------------------------------------------------------------

[2020-08-26T17:56:21+08:00] 95.70.49.196 GET 101.132.45.200/Template/Home/Run/record.html
[运行时间：0.011802s] [吞吐率：84.73req/s] [内存消耗：522.88kb] [文件加载：109]
[ info ] [ LANG ] /var/www/mishop/thinkphp/lang/zh-cn.php
---------------------------------------------------------------

[2020-08-26T17:56:21+08:00] 95.70.49.196 GET 101.132.45.200/static/index/js/lk/order.js
[运行时间：0.003232s] [吞吐率：309.41req/s] [内存消耗：523.18kb] [文件加载：109]
[ info ] [ LANG ] /var/www/mishop/thinkphp/lang/zh-cn.php
---------------------------------------------------------------

[2020-08-26T17:56:21+08:00] 95.70.49.196 GET 101.132.45.200/Public/mobile/js/config.js
[运行时间：0.003359s] [吞吐率：297.70req/s] [内存消耗：522.80kb] [文件加载：109]
[ info ] [ LANG ] /var/www/mishop/thinkphp/lang/zh-cn.php
---------------------------------------------------------------

[2020-08-26T17:56:21+08:00] 95.70.49.197 GET 101.132.45.200/Public/Wchat/js/cvphp.js
[运行时间：0.004581s] [吞吐率：218.29req/s] [内存消耗：522.80kb] [文件加载：109]
[ info ] [ LANG ] /var/www/mishop/thinkphp/lang/zh-cn.php
---------------------------------------------------------------

[2020-08-26T17:56:21+08:00] 95.70.49.197 GET 101.132.45.200/cloud-app/include/css/uncall.css
[运行时间：0.008355s] [吞吐率：119.69req/s] [内存消耗：522.80kb] [文件加载：109]
[ info ] [ LANG ] /var/www/mishop/thinkphp/lang/zh-cn.php
---------------------------------------------------------------

[2020-08-26T17:56:21+08:00] 95.70.49.197 GET 101.132.45.200/index.php?g=Pay&m=Res&a=ispay
[运行时间：0.018796s] [吞吐率：53.20req/s] [内存消耗：863.81kb] [文件加载：188]
[ info ] [ LANG ] /var/www/mishop/thinkphp/lang/zh-cn.php
[ info ] [ ROUTE ] array (
)
[ info ] [ HEADER ] array (
  'x-forwarded-for' => '95.70.49.197',
  'accept-language' => 'zh-cn,zh;q=0.8,en-us;q=0.5,en;q=0.3',
  'accept' => 'text/html,application/xhtml+xml,application/xml;q=0.9,*/*;q=0.8',
  'user-agent' => 'Mozilla/4.0 (compatible; MSIE 7.0; Windows NT 6.1; WOW64; Trident/5.0; SLCC2; .NET CLR 2.0.50727; .NET CLR 3.5.30729; .NET CLR 3.0.30729; Media Center PC 6.0; .NET4.0C; .NET4.0E; InfoPath.3; KB974488)',
  'host' => '101.132.45.200',
  'content-type' => '',
  'content-length' => '',
)
[ info ] [ PARAM ] array (
  'g' => 'Pay',
  'm' => 'Res',
  'a' => 'ispay',
)
[ info ] null
---------------------------------------------------------------

[2020-08-26T17:56:21+08:00] 95.70.49.197 GET 101.132.45.200/Public/Home/statics/web/js/style.js
[运行时间：0.005465s] [吞吐率：182.98req/s] [内存消耗：523.18kb] [文件加载：109]
[ info ] [ LANG ] /var/www/mishop/thinkphp/lang/zh-cn.php
---------------------------------------------------------------

[2020-08-26T17:56:21+08:00] 95.70.49.197 GET 101.132.45.200/Public/js/chatmsg.js
[运行时间：0.007460s] [吞吐率：134.05req/s] [内存消耗：522.79kb] [文件加载：109]
[ info ] [ LANG ] /var/www/mishop/thinkphp/lang/zh-cn.php
---------------------------------------------------------------

[2020-08-26T17:56:21+08:00] 95.70.49.197 GET 101.132.45.200/Loan/SubmitLogin
[运行时间：0.008539s] [吞吐率：117.11req/s] [内存消耗：522.79kb] [文件加载：109]
[ info ] [ LANG ] /var/www/mishop/thinkphp/lang/zh-cn.php
---------------------------------------------------------------

[2020-08-26T17:56:21+08:00] 95.70.49.197 GET 101.132.45.200/app/common.js?version=2.4.43&build=1563436823
[运行时间：0.011774s] [吞吐率：84.93req/s] [内存消耗：522.78kb] [文件加载：109]
[ info ] [ LANG ] /var/www/mishop/thinkphp/lang/zh-cn.php
---------------------------------------------------------------

[2020-08-26T17:56:21+08:00] 95.70.49.197 GET 101.132.45.200/views/ucenter/ucenter.js
[运行时间：0.010997s] [吞吐率：90.93req/s] [内存消耗：522.80kb] [文件加载：109]
[ info ] [ LANG ] /var/www/mishop/thinkphp/lang/zh-cn.php
---------------------------------------------------------------

[2020-08-26T17:56:21+08:00] 95.70.49.197 GET 101.132.45.200/views/bank/bank.html
[运行时间：0.007588s] [吞吐率：131.78req/s] [内存消耗：522.84kb] [文件加载：109]
[ info ] [ LANG ] /var/www/mishop/thinkphp/lang/zh-cn.php
---------------------------------------------------------------

[2020-08-26T17:56:21+08:00] 95.70.49.197 GET 101.132.45.200/Resource/webResource/js/newcheck.js
[运行时间：0.008218s] [吞吐率：121.68req/s] [内存消耗：522.80kb] [文件加载：109]
[ info ] [ LANG ] /var/www/mishop/thinkphp/lang/zh-cn.php
---------------------------------------------------------------

[2020-08-26T17:56:21+08:00] 95.70.49.197 GET 101.132.45.200/static/admin/js/cvphp.js
[运行时间：0.009575s] [吞吐率：104.44req/s] [内存消耗：522.80kb] [文件加载：109]
[ info ] [ LANG ] /var/www/mishop/thinkphp/lang/zh-cn.php
---------------------------------------------------------------

[2020-08-26T17:56:21+08:00] 95.70.49.197 GET 101.132.45.200/js/sms.js
[运行时间：0.010631s] [吞吐率：94.06req/s] [内存消耗：522.78kb] [文件加载：109]
[ info ] [ LANG ] /var/www/mishop/thinkphp/lang/zh-cn.php
---------------------------------------------------------------

[2020-08-26T17:56:21+08:00] 95.70.49.197 GET 101.132.45.200/api/v1/member/home
[运行时间：0.011381s] [吞吐率：87.87req/s] [内存消耗：559.65kb] [文件加载：120]
[ info ] [ LANG ] /var/www/mishop/thinkphp/lang/zh-cn.php
[ info ] [ ROUTE ] array (
)
[ info ] [ HEADER ] array (
  'x-forwarded-for' => '95.70.49.197',
  'accept-language' => 'zh-cn,zh;q=0.8,en-us;q=0.5,en;q=0.3',
  'accept' => 'text/html,application/xhtml+xml,application/xml;q=0.9,*/*;q=0.8',
  'user-agent' => 'Mozilla/4.0 (compatible; MSIE 7.0; Windows NT 6.1; WOW64; Trident/5.0; SLCC2; .NET CLR 2.0.50727; .NET CLR 3.5.30729; .NET CLR 3.0.30729; Media Center PC 6.0; .NET4.0C; .NET4.0E; InfoPath.3; KB974488)',
  'host' => '101.132.45.200',
  'content-type' => '',
  'content-length' => '',
)
[ info ] [ PARAM ] array (
)
---------------------------------------------------------------

[2020-08-26T17:56:21+08:00] 95.70.49.197 GET 101.132.45.200/Public/Manage/js/cvphp.js
[运行时间：0.015571s] [吞吐率：64.22req/s] [内存消耗：522.80kb] [文件加载：109]
[ info ] [ LANG ] /var/www/mishop/thinkphp/lang/zh-cn.php
---------------------------------------------------------------

[2020-08-26T17:56:21+08:00] 95.70.49.197 GET 101.132.45.200/
[运行时间：0.004485s] [吞吐率：222.96req/s] [内存消耗：862.99kb] [文件加载：188]
[ info ] [ LANG ] /var/www/mishop/thinkphp/lang/zh-cn.php
[ info ] [ ROUTE ] array (
)
[ info ] [ HEADER ] array (
  'x-forwarded-for' => '95.70.49.197',
  'accept-language' => 'zh-cn,zh;q=0.8,en-us;q=0.5,en;q=0.3',
  'accept' => 'text/html,application/xhtml+xml,application/xml;q=0.9,*/*;q=0.8',
  'user-agent' => 'Mozilla/4.0 (compatible; MSIE 7.0; Windows NT 6.1; WOW64; Trident/5.0; SLCC2; .NET CLR 2.0.50727; .NET CLR 3.5.30729; .NET CLR 3.0.30729; Media Center PC 6.0; .NET4.0C; .NET4.0E; InfoPath.3; KB974488)',
  'host' => '101.132.45.200',
  'content-type' => '',
  'content-length' => '',
)
[ info ] [ PARAM ] array (
)
[ info ] null
---------------------------------------------------------------

[2020-08-26T17:56:21+08:00] 95.70.49.197 GET 101.132.45.200/Six/Js/class_12.js
[运行时间：0.010590s] [吞吐率：94.43req/s] [内存消耗：522.79kb] [文件加载：109]
[ info ] [ LANG ] /var/www/mishop/thinkphp/lang/zh-cn.php
---------------------------------------------------------------

[2020-08-26T17:56:21+08:00] 95.70.49.197 GET 101.132.45.200/Application/Basic/Static/css/customerselect.css
[运行时间：0.011099s] [吞吐率：90.10req/s] [内存消耗：523.21kb] [文件加载：109]
[ info ] [ LANG ] /var/www/mishop/thinkphp/lang/zh-cn.php
---------------------------------------------------------------

[2020-08-26T17:56:21+08:00] 95.70.49.197 GET 101.132.45.200/js/guest.js
[运行时间：0.003930s] [吞吐率：254.46req/s] [内存消耗：522.78kb] [文件加载：109]
[ info ] [ LANG ] /var/www/mishop/thinkphp/lang/zh-cn.php
---------------------------------------------------------------

[2020-08-26T17:56:21+08:00] 95.70.49.197 GET 101.132.45.200/index/index/register1/type/1.html
[运行时间：0.009791s] [吞吐率：102.13req/s] [内存消耗：864.83kb] [文件加载：188]
[ info ] [ LANG ] /var/www/mishop/thinkphp/lang/zh-cn.php
[ info ] [ ROUTE ] array (
)
[ info ] [ HEADER ] array (
  'x-forwarded-for' => '95.70.49.197',
  'accept-language' => 'zh-cn,zh;q=0.8,en-us;q=0.5,en;q=0.3',
  'accept' => 'text/html,application/xhtml+xml,application/xml;q=0.9,*/*;q=0.8',
  'user-agent' => 'Mozilla/4.0 (compatible; MSIE 7.0; Windows NT 6.1; WOW64; Trident/5.0; SLCC2; .NET CLR 2.0.50727; .NET CLR 3.5.30729; .NET CLR 3.0.30729; Media Center PC 6.0; .NET4.0C; .NET4.0E; InfoPath.3; KB974488)',
  'host' => '101.132.45.200',
  'content-type' => '',
  'content-length' => '',
)
[ info ] [ PARAM ] array (
  'type' => '1',
)
[ info ] null
---------------------------------------------------------------

[2020-08-26T17:56:21+08:00] 95.70.49.197 GET 101.132.45.200/mindex/statics/js/qiandao.js
[运行时间：0.002236s] [吞吐率：447.20req/s] [内存消耗：522.80kb] [文件加载：109]
[ info ] [ LANG ] /var/www/mishop/thinkphp/lang/zh-cn.php
---------------------------------------------------------------

[2020-08-26T20:11:11+08:00] 128.14.134.134 GET 101.132.45.200/
[运行时间：0.004232s] [吞吐率：236.29req/s] [内存消耗：861.73kb] [文件加载：188]
[ info ] [ LANG ] /var/www/mishop/thinkphp/lang/zh-cn.php
[ info ] [ ROUTE ] array (
)
[ info ] [ HEADER ] array (
  'accept-encoding' => 'gzip',
  'accept' => '*/*',
  'user-agent' => 'Mozilla/5.0 (Windows NT 10.0; Win64; x64) AppleWebKit/537.36 (KHTML, like Gecko) Chrome/60.0.3112.113 Safari/537.36',
  'host' => '101.132.45.200',
  'content-type' => '',
  'content-length' => '',
)
[ info ] [ PARAM ] array (
)
[ info ] null
---------------------------------------------------------------

[2020-08-26T21:28:15+08:00] 157.245.234.138 GET 101.132.45.200/
[运行时间：0.004740s] [吞吐率：210.97req/s] [内存消耗：861.39kb] [文件加载：188]
[ info ] [ LANG ] /var/www/mishop/thinkphp/lang/zh-cn.php
[ info ] [ ROUTE ] array (
)
[ info ] [ HEADER ] array (
  'accept-encoding' => 'gzip',
  'accept' => '*/*',
  'user-agent' => 'Mozilla/5.0 zgrab/0.x',
  'host' => '101.132.45.200',
  'content-type' => '',
  'content-length' => '',
)
[ info ] [ PARAM ] array (
)
[ info ] null
