[2020-05-04T12:43:58+08:00][ info ] [ LANG ] /Users/holy/Developer/ThinkPHP/mishop/thinkphp/lang/zh-cn.php
info
[2020-05-04T12:45:39+08:00][ info ] [ LANG ] /Users/holy/Developer/ThinkPHP/mishop/thinkphp/lang/zh-cn.php
info
[2020-05-04T13:18:59+08:00][ info ] [ LANG ] /Users/holy/Developer/ThinkPHP/mishop/thinkphp/lang/zh-cn.php
info
[2020-05-04T13:21:56+08:00][ info ] [ LANG ] /Users/holy/Developer/ThinkPHP/mishop/thinkphp/lang/zh-cn.php
info
[2020-05-04T13:25:26+08:00][ info ] [ LANG ] /Users/holy/Developer/ThinkPHP/mishop/thinkphp/lang/zh-cn.php
info
[2020-05-04T13:25:33+08:00][ info ] [ LANG ] /Users/holy/Developer/ThinkPHP/mishop/thinkphp/lang/zh-cn.php
info
[2020-05-04T13:25:35+08:00][ info ] [ LANG ] /Users/holy/Developer/ThinkPHP/mishop/thinkphp/lang/zh-cn.php
info
[2020-05-04T13:26:22+08:00][ info ] [ LANG ] /Users/holy/Developer/ThinkPHP/mishop/thinkphp/lang/zh-cn.php
info
[2020-05-04T13:26:22+08:00][ info ] [ DB ] INIT mysql
info
[2020-05-04T13:26:22+08:00][ sql ] [ DB ] CONNECT:[ UseTime:0.002152s ] mysql:host=127.0.0.1;port=3306;dbname=mishop;charset=utf8
sql
[2020-05-04T13:28:52+08:00][ info ] [ LANG ] /Users/holy/Developer/ThinkPHP/mishop/thinkphp/lang/zh-cn.php
info
[2020-05-04T13:28:52+08:00][ info ] [ DB ] INIT mysql
info
[2020-05-04T13:28:52+08:00][ sql ] [ DB ] CONNECT:[ UseTime:0.000678s ] mysql:host=127.0.0.1;port=3306;dbname=mishop;charset=utf8
sql
[2020-05-04T13:30:18+08:00][ info ] [ LANG ] /Users/holy/Developer/ThinkPHP/mishop/thinkphp/lang/zh-cn.php
info
[2020-05-04T13:30:18+08:00][ info ] [ DB ] INIT mysql
info
[2020-05-04T13:30:18+08:00][ sql ] [ DB ] CONNECT:[ UseTime:0.000631s ] mysql:host=127.0.0.1;port=3306;dbname=mishop;charset=utf8
sql
[2020-05-04T13:34:14+08:00][ info ] [ LANG ] /Users/holy/Developer/ThinkPHP/mishop/thinkphp/lang/zh-cn.php
info
[2020-05-04T13:34:14+08:00][ info ] [ DB ] INIT mysql
info
[2020-05-04T13:34:14+08:00][ sql ] [ DB ] CONNECT:[ UseTime:0.000568s ] mysql:host=127.0.0.1;port=3306;dbname=mishop;charset=utf8
sql
[2020-05-04T13:35:54+08:00][ info ] [ LANG ] /Users/holy/Developer/ThinkPHP/mishop/thinkphp/lang/zh-cn.php
info
[2020-05-04T13:35:54+08:00][ info ] [ DB ] INIT mysql
info
[2020-05-04T13:35:54+08:00][ sql ] [ DB ] CONNECT:[ UseTime:0.000647s ] mysql:host=127.0.0.1;port=3306;dbname=mishop;charset=utf8
sql
[2020-05-04T13:39:00+08:00][ info ] [ LANG ] /Users/holy/Developer/ThinkPHP/mishop/thinkphp/lang/zh-cn.php
info
[2020-05-04T13:39:00+08:00][ info ] [ DB ] INIT mysql
info
[2020-05-04T13:39:00+08:00][ sql ] [ DB ] CONNECT:[ UseTime:0.000598s ] mysql:host=127.0.0.1;port=3306;dbname=mishop;charset=utf8
sql
[2020-05-04T13:39:00+08:00][ sql ] [ SQL ] SHOW COLUMNS FROM `order` [ RunTime:0.000672s ]
sql
[2020-05-04T13:41:29+08:00][ info ] [ LANG ] /Users/holy/Developer/ThinkPHP/mishop/thinkphp/lang/zh-cn.php
info
[2020-05-04T13:41:29+08:00][ info ] [ DB ] INIT mysql
info
[2020-05-04T13:41:29+08:00][ sql ] [ DB ] CONNECT:[ UseTime:0.001155s ] mysql:host=127.0.0.1;port=3306;dbname=mishop;charset=utf8
sql
[2020-05-04T13:41:29+08:00][ sql ] [ SQL ] SHOW COLUMNS FROM `order` [ RunTime:0.001150s ]
sql
[2020-05-04T13:45:29+08:00][ info ] [ LANG ] /Users/holy/Developer/ThinkPHP/mishop/thinkphp/lang/zh-cn.php
info
[2020-05-04T13:45:29+08:00][ info ] [ DB ] INIT mysql
info
[2020-05-04T13:45:29+08:00][ sql ] [ DB ] CONNECT:[ UseTime:0.000586s ] mysql:host=127.0.0.1;port=3306;dbname=mishop;charset=utf8
sql
[2020-05-04T13:45:29+08:00][ sql ] [ SQL ] SHOW COLUMNS FROM `order` [ RunTime:0.000680s ]
sql
[2020-05-04T13:46:24+08:00][ info ] [ LANG ] /Users/holy/Developer/ThinkPHP/mishop/thinkphp/lang/zh-cn.php
info
[2020-05-04T14:44:13+08:00][ info ] [ LANG ] /Users/holy/Developer/ThinkPHP/mishop/thinkphp/lang/zh-cn.php
info
[2020-05-04T19:12:36+08:00][ info ] [ LANG ] /Users/holy/Developer/ThinkPHP/mishop/thinkphp/lang/zh-cn.php
info
[2020-05-04T21:27:55+08:00][ info ] [ LANG ] /Users/holy/Developer/ThinkPHP/mishop/thinkphp/lang/zh-cn.php
info
