---------------------------------------------------------------

[2020-05-24T09:32:54+08:00] 139.224.119.220 GET mishop.holyzq.com/
[运行时间：0.004240s] [吞吐率：235.85req/s] [内存消耗：849.16kb] [文件加载：187]
[ info ] [ LANG ] /var/www/mishop/thinkphp/lang/zh-cn.php
[ info ] [ ROUTE ] array (
)
[ info ] [ HEADER ] array (
  'accept-language' => 'zh-CN,zh;q=0.8',
  'connection' => 'keep-alive',
  'accept' => 'text/html,application/xhtml+xml,application/xml;q=0.9,image/webp,image/apng,*/*;q=0.8',
  'accept-encoding' => 'gzip, deflate',
  'user-agent' => 'Mozilla/5.0 (Windows NT 10.0; Win64; x64) AppleWebKit/537.36 (KHTML, like Gecko) Chrome/59.0.3071.115 Safari/537.36',
  'host' => 'mishop.holyzq.com',
  'content-type' => '',
  'content-length' => '',
)
[ info ] [ PARAM ] array (
)
[ info ] null
---------------------------------------------------------------

[2020-05-24T09:32:54+08:00] 139.224.119.220 GET mishop.holyzq.com/explicit_not_exist_path
[运行时间：0.004130s] [吞吐率：242.12req/s] [内存消耗：510.23kb] [文件加载：108]
[ info ] [ LANG ] /var/www/mishop/thinkphp/lang/zh-cn.php
---------------------------------------------------------------

[2020-05-24T09:32:55+08:00] 139.224.119.220 GET mishop.holyzq.com/index.html
[运行时间：0.003019s] [吞吐率：331.23req/s] [内存消耗：851.36kb] [文件加载：187]
[ info ] [ LANG ] /var/www/mishop/thinkphp/lang/zh-cn.php
[ info ] [ ROUTE ] array (
)
[ info ] [ HEADER ] array (
  'cookie' => 'PHPSESSID=drjld8u9rc1d03o0gcrpife9g2',
  'accept-language' => 'zh-CN,zh;q=0.8',
  'connection' => 'keep-alive',
  'accept' => 'text/html,application/xhtml+xml,application/xml;q=0.9,image/webp,image/apng,*/*;q=0.8',
  'accept-encoding' => 'gzip, deflate',
  'user-agent' => 'Mozilla/5.0 (Windows NT 10.0; Win64; x64) AppleWebKit/537.36 (KHTML, like Gecko) Chrome/59.0.3071.115 Safari/537.36',
  'host' => 'mishop.holyzq.com',
  'content-type' => '',
  'content-length' => '',
)
[ info ] [ PARAM ] array (
)
[ info ] null
---------------------------------------------------------------

[2020-05-24T09:32:55+08:00] 139.224.119.220 GET mishop.holyzq.com/index.php
[运行时间：0.003037s] [吞吐率：329.27req/s] [内存消耗：850.55kb] [文件加载：187]
[ info ] [ LANG ] /var/www/mishop/thinkphp/lang/zh-cn.php
[ info ] [ ROUTE ] array (
)
[ info ] [ HEADER ] array (
  'cookie' => 'PHPSESSID=drjld8u9rc1d03o0gcrpife9g2',
  'accept-language' => 'zh-CN,zh;q=0.8',
  'connection' => 'keep-alive',
  'accept' => 'text/html,application/xhtml+xml,application/xml;q=0.9,image/webp,image/apng,*/*;q=0.8',
  'accept-encoding' => 'gzip, deflate',
  'user-agent' => 'Mozilla/5.0 (Windows NT 10.0; Win64; x64) AppleWebKit/537.36 (KHTML, like Gecko) Chrome/59.0.3071.115 Safari/537.36',
  'host' => 'mishop.holyzq.com',
  'content-type' => '',
  'content-length' => '',
)
[ info ] [ PARAM ] array (
)
[ info ] null
---------------------------------------------------------------

[2020-05-24T09:32:55+08:00] 139.224.119.220 GET mishop.holyzq.com/index.jsp
[运行时间：0.002611s] [吞吐率：383.01req/s] [内存消耗：508.88kb] [文件加载：108]
[ info ] [ LANG ] /var/www/mishop/thinkphp/lang/zh-cn.php
---------------------------------------------------------------

[2020-05-24T09:32:55+08:00] 139.224.119.220 GET mishop.holyzq.com/admin/
[运行时间：0.002440s] [吞吐率：409.84req/s] [内存消耗：551.77kb] [文件加载：122]
[ info ] [ LANG ] /var/www/mishop/thinkphp/lang/zh-cn.php
[ info ] [ ROUTE ] array (
)
[ info ] [ HEADER ] array (
  'cookie' => 'PHPSESSID=drjld8u9rc1d03o0gcrpife9g2',
  'accept-language' => 'zh-CN,zh;q=0.8',
  'connection' => 'keep-alive',
  'accept' => 'text/html,application/xhtml+xml,application/xml;q=0.9,image/webp,image/apng,*/*;q=0.8',
  'accept-encoding' => 'gzip, deflate',
  'user-agent' => 'Mozilla/5.0 (Windows NT 10.0; Win64; x64) AppleWebKit/537.36 (KHTML, like Gecko) Chrome/59.0.3071.115 Safari/537.36',
  'host' => 'mishop.holyzq.com',
  'content-type' => '',
  'content-length' => '',
)
[ info ] [ PARAM ] array (
)
[ info ] [ VIEW ] /var/www/mishop/thinkphp/tpl/dispatch_jump.tpl [ array (
  0 => 'code',
  1 => 'msg',
  2 => 'data',
  3 => 'url',
  4 => 'wait',
) ]
---------------------------------------------------------------

[2020-05-24T09:32:55+08:00] 139.224.119.220 GET mishop.holyzq.com/readme.html
[运行时间：0.002606s] [吞吐率：383.74req/s] [内存消耗：508.91kb] [文件加载：108]
[ info ] [ LANG ] /var/www/mishop/thinkphp/lang/zh-cn.php
---------------------------------------------------------------

[2020-05-24T09:32:55+08:00] 139.224.119.220 GET mishop.holyzq.com/license.txt
[运行时间：0.002357s] [吞吐率：424.27req/s] [内存消耗：508.88kb] [文件加载：108]
[ info ] [ LANG ] /var/www/mishop/thinkphp/lang/zh-cn.php
---------------------------------------------------------------

[2020-05-24T09:32:55+08:00] 139.224.119.220 GET mishop.holyzq.com/wp-includes/js/wplink.js
[运行时间：0.002208s] [吞吐率：452.90req/s] [内存消耗：508.89kb] [文件加载：108]
[ info ] [ LANG ] /var/www/mishop/thinkphp/lang/zh-cn.php
---------------------------------------------------------------

[2020-05-24T09:32:55+08:00] 139.224.119.220 GET mishop.holyzq.com/wp-admin/js/customize-controls.js
[运行时间：0.002227s] [吞吐率：449.02req/s] [内存消耗：508.90kb] [文件加载：108]
[ info ] [ LANG ] /var/www/mishop/thinkphp/lang/zh-cn.php
---------------------------------------------------------------

[2020-05-24T09:32:55+08:00] 139.224.119.220 GET mishop.holyzq.com/wp-admin/js/nav-menu.js
[运行时间：0.002251s] [吞吐率：444.26req/s] [内存消耗：508.88kb] [文件加载：108]
[ info ] [ LANG ] /var/www/mishop/thinkphp/lang/zh-cn.php
---------------------------------------------------------------

[2020-05-24T09:32:55+08:00] 139.224.119.220 GET mishop.holyzq.com/wp-includes/js/plupload/handlers.js
[运行时间：0.002444s] [吞吐率：409.16req/s] [内存消耗：508.90kb] [文件加载：108]
[ info ] [ LANG ] /var/www/mishop/thinkphp/lang/zh-cn.php
---------------------------------------------------------------

[2020-05-24T09:32:55+08:00] 139.224.119.220 GET mishop.holyzq.com/wp-includes/js/tinymce/wp-tinymce.js.gz
[运行时间：0.002275s] [吞吐率：439.52req/s] [内存消耗：508.90kb] [文件加载：108]
[ info ] [ LANG ] /var/www/mishop/thinkphp/lang/zh-cn.php
---------------------------------------------------------------

[2020-05-24T09:32:55+08:00] 139.224.119.220 GET mishop.holyzq.com/index.php/explicit_not_exist_path
[运行时间：0.002433s] [吞吐率：411.05req/s] [内存消耗：508.90kb] [文件加载：108]
[ info ] [ LANG ] /var/www/mishop/thinkphp/lang/zh-cn.php
---------------------------------------------------------------

[2020-05-24T09:32:55+08:00] 139.224.119.220 GET mishop.holyzq.com/4e5e5d7364f443e28fbf0d3ae744a59a
[运行时间：0.002344s] [吞吐率：426.60req/s] [内存消耗：508.90kb] [文件加载：108]
[ info ] [ LANG ] /var/www/mishop/thinkphp/lang/zh-cn.php
---------------------------------------------------------------

[2020-05-24T09:32:55+08:00] 139.224.119.220 GET mishop.holyzq.com/?c=4e5e5d7364f443e28fbf0d3ae744a59a
[运行时间：0.003183s] [吞吐率：314.18req/s] [内存消耗：851.30kb] [文件加载：187]
[ info ] [ LANG ] /var/www/mishop/thinkphp/lang/zh-cn.php
[ info ] [ ROUTE ] array (
)
[ info ] [ HEADER ] array (
  'cookie' => 'PHPSESSID=drjld8u9rc1d03o0gcrpife9g2',
  'accept-language' => 'zh-CN,zh;q=0.8',
  'connection' => 'keep-alive',
  'accept' => 'text/html,application/xhtml+xml,application/xml;q=0.9,image/webp,image/apng,*/*;q=0.8',
  'accept-encoding' => 'gzip, deflate',
  'user-agent' => 'Mozilla/5.0 (Windows NT 10.0; Win64; x64) AppleWebKit/537.36 (KHTML, like Gecko) Chrome/59.0.3071.115 Safari/537.36',
  'host' => 'mishop.holyzq.com',
  'content-type' => '',
  'content-length' => '',
)
[ info ] [ PARAM ] array (
  'c' => '4e5e5d7364f443e28fbf0d3ae744a59a',
)
[ info ] null
---------------------------------------------------------------

[2020-05-24T09:32:56+08:00] 139.224.119.220 GET mishop.holyzq.com/wcm/
[运行时间：0.002442s] [吞吐率：409.48req/s] [内存消耗：508.87kb] [文件加载：108]
[ info ] [ LANG ] /var/www/mishop/thinkphp/lang/zh-cn.php
---------------------------------------------------------------

[2020-05-24T09:32:56+08:00] 139.224.119.220 GET mishop.holyzq.com/phpMyAdmin/
[运行时间：0.002304s] [吞吐率：434.01req/s] [内存消耗：508.88kb] [文件加载：108]
[ info ] [ LANG ] /var/www/mishop/thinkphp/lang/zh-cn.php
---------------------------------------------------------------

[2020-05-24T09:32:56+08:00] 139.224.119.220 GET mishop.holyzq.com/phpmyadmin/
[运行时间：0.002489s] [吞吐率：401.79req/s] [内存消耗：508.88kb] [文件加载：108]
[ info ] [ LANG ] /var/www/mishop/thinkphp/lang/zh-cn.php
---------------------------------------------------------------

[2020-05-24T12:05:04+08:00] 101.132.42.202 GET mishop.holyzq.com/
[运行时间：0.004436s] [吞吐率：225.43req/s] [内存消耗：849.16kb] [文件加载：187]
[ info ] [ LANG ] /var/www/mishop/thinkphp/lang/zh-cn.php
[ info ] [ ROUTE ] array (
)
[ info ] [ HEADER ] array (
  'accept-language' => 'zh-CN,zh;q=0.8',
  'connection' => 'keep-alive',
  'accept' => 'text/html,application/xhtml+xml,application/xml;q=0.9,image/webp,image/apng,*/*;q=0.8',
  'accept-encoding' => 'gzip, deflate',
  'user-agent' => 'Mozilla/5.0 (Windows NT 10.0; Win64; x64) AppleWebKit/537.36 (KHTML, like Gecko) Chrome/59.0.3071.115 Safari/537.36',
  'host' => 'mishop.holyzq.com',
  'content-type' => '',
  'content-length' => '',
)
[ info ] [ PARAM ] array (
)
[ info ] null
---------------------------------------------------------------

[2020-05-24T12:05:05+08:00] 101.132.42.202 GET mishop.holyzq.com/explicit_not_exist_path
[运行时间：0.002537s] [吞吐率：394.16req/s] [内存消耗：508.88kb] [文件加载：108]
[ info ] [ LANG ] /var/www/mishop/thinkphp/lang/zh-cn.php
---------------------------------------------------------------

[2020-05-24T12:05:05+08:00] 101.132.42.202 GET mishop.holyzq.com/index.html
[运行时间：0.003099s] [吞吐率：322.69req/s] [内存消耗：851.36kb] [文件加载：187]
[ info ] [ LANG ] /var/www/mishop/thinkphp/lang/zh-cn.php
[ info ] [ ROUTE ] array (
)
[ info ] [ HEADER ] array (
  'cookie' => 'PHPSESSID=od5bm46fna6s51dl9jg9l9neur',
  'accept-language' => 'zh-CN,zh;q=0.8',
  'connection' => 'keep-alive',
  'accept' => 'text/html,application/xhtml+xml,application/xml;q=0.9,image/webp,image/apng,*/*;q=0.8',
  'accept-encoding' => 'gzip, deflate',
  'user-agent' => 'Mozilla/5.0 (Windows NT 10.0; Win64; x64) AppleWebKit/537.36 (KHTML, like Gecko) Chrome/59.0.3071.115 Safari/537.36',
  'host' => 'mishop.holyzq.com',
  'content-type' => '',
  'content-length' => '',
)
[ info ] [ PARAM ] array (
)
[ info ] null
---------------------------------------------------------------

[2020-05-24T12:05:05+08:00] 101.132.42.202 GET mishop.holyzq.com/index.php
[运行时间：0.003056s] [吞吐率：327.25req/s] [内存消耗：850.55kb] [文件加载：187]
[ info ] [ LANG ] /var/www/mishop/thinkphp/lang/zh-cn.php
[ info ] [ ROUTE ] array (
)
[ info ] [ HEADER ] array (
  'cookie' => 'PHPSESSID=od5bm46fna6s51dl9jg9l9neur',
  'accept-language' => 'zh-CN,zh;q=0.8',
  'connection' => 'keep-alive',
  'accept' => 'text/html,application/xhtml+xml,application/xml;q=0.9,image/webp,image/apng,*/*;q=0.8',
  'accept-encoding' => 'gzip, deflate',
  'user-agent' => 'Mozilla/5.0 (Windows NT 10.0; Win64; x64) AppleWebKit/537.36 (KHTML, like Gecko) Chrome/59.0.3071.115 Safari/537.36',
  'host' => 'mishop.holyzq.com',
  'content-type' => '',
  'content-length' => '',
)
[ info ] [ PARAM ] array (
)
[ info ] null
---------------------------------------------------------------

[2020-05-24T12:05:05+08:00] 101.132.42.202 GET mishop.holyzq.com/index.jsp
[运行时间：0.002606s] [吞吐率：383.74req/s] [内存消耗：508.88kb] [文件加载：108]
[ info ] [ LANG ] /var/www/mishop/thinkphp/lang/zh-cn.php
---------------------------------------------------------------

[2020-05-24T12:05:05+08:00] 101.132.42.202 GET mishop.holyzq.com/admin/
[运行时间：0.002424s] [吞吐率：412.54req/s] [内存消耗：551.77kb] [文件加载：122]
[ info ] [ LANG ] /var/www/mishop/thinkphp/lang/zh-cn.php
[ info ] [ ROUTE ] array (
)
[ info ] [ HEADER ] array (
  'cookie' => 'PHPSESSID=od5bm46fna6s51dl9jg9l9neur',
  'accept-language' => 'zh-CN,zh;q=0.8',
  'connection' => 'keep-alive',
  'accept' => 'text/html,application/xhtml+xml,application/xml;q=0.9,image/webp,image/apng,*/*;q=0.8',
  'accept-encoding' => 'gzip, deflate',
  'user-agent' => 'Mozilla/5.0 (Windows NT 10.0; Win64; x64) AppleWebKit/537.36 (KHTML, like Gecko) Chrome/59.0.3071.115 Safari/537.36',
  'host' => 'mishop.holyzq.com',
  'content-type' => '',
  'content-length' => '',
)
[ info ] [ PARAM ] array (
)
[ info ] [ VIEW ] /var/www/mishop/thinkphp/tpl/dispatch_jump.tpl [ array (
  0 => 'code',
  1 => 'msg',
  2 => 'data',
  3 => 'url',
  4 => 'wait',
) ]
---------------------------------------------------------------

[2020-05-24T12:05:06+08:00] 101.132.42.202 GET mishop.holyzq.com/readme.html
[运行时间：0.002419s] [吞吐率：413.39req/s] [内存消耗：508.91kb] [文件加载：108]
[ info ] [ LANG ] /var/www/mishop/thinkphp/lang/zh-cn.php
---------------------------------------------------------------

[2020-05-24T12:05:06+08:00] 101.132.42.202 GET mishop.holyzq.com/license.txt
[运行时间：0.002142s] [吞吐率：466.86req/s] [内存消耗：508.88kb] [文件加载：108]
[ info ] [ LANG ] /var/www/mishop/thinkphp/lang/zh-cn.php
---------------------------------------------------------------

[2020-05-24T12:05:06+08:00] 101.132.42.202 GET mishop.holyzq.com/wp-includes/js/wplink.js
[运行时间：0.002007s] [吞吐率：498.25req/s] [内存消耗：508.89kb] [文件加载：108]
[ info ] [ LANG ] /var/www/mishop/thinkphp/lang/zh-cn.php
---------------------------------------------------------------

[2020-05-24T12:05:06+08:00] 101.132.42.202 GET mishop.holyzq.com/wp-admin/js/customize-controls.js
[运行时间：0.001889s] [吞吐率：529.38req/s] [内存消耗：508.90kb] [文件加载：108]
[ info ] [ LANG ] /var/www/mishop/thinkphp/lang/zh-cn.php
---------------------------------------------------------------

[2020-05-24T12:05:06+08:00] 101.132.42.202 GET mishop.holyzq.com/wp-admin/js/nav-menu.js
[运行时间：0.001827s] [吞吐率：547.34req/s] [内存消耗：508.88kb] [文件加载：108]
[ info ] [ LANG ] /var/www/mishop/thinkphp/lang/zh-cn.php
---------------------------------------------------------------

[2020-05-24T12:05:06+08:00] 101.132.42.202 GET mishop.holyzq.com/wp-includes/js/plupload/handlers.js
[运行时间：0.001936s] [吞吐率：516.54req/s] [内存消耗：508.90kb] [文件加载：108]
[ info ] [ LANG ] /var/www/mishop/thinkphp/lang/zh-cn.php
---------------------------------------------------------------

[2020-05-24T12:05:06+08:00] 101.132.42.202 GET mishop.holyzq.com/wp-includes/js/tinymce/wp-tinymce.js.gz
[运行时间：0.001864s] [吞吐率：536.49req/s] [内存消耗：508.90kb] [文件加载：108]
[ info ] [ LANG ] /var/www/mishop/thinkphp/lang/zh-cn.php
---------------------------------------------------------------

[2020-05-24T12:05:06+08:00] 101.132.42.202 GET mishop.holyzq.com/index.php/explicit_not_exist_path
[运行时间：0.002298s] [吞吐率：435.14req/s] [内存消耗：508.90kb] [文件加载：108]
[ info ] [ LANG ] /var/www/mishop/thinkphp/lang/zh-cn.php
---------------------------------------------------------------

[2020-05-24T12:05:06+08:00] 101.132.42.202 GET mishop.holyzq.com/4e5e5d7364f443e28fbf0d3ae744a59a
[运行时间：0.002177s] [吞吐率：459.35req/s] [内存消耗：508.90kb] [文件加载：108]
[ info ] [ LANG ] /var/www/mishop/thinkphp/lang/zh-cn.php
---------------------------------------------------------------

[2020-05-24T12:05:06+08:00] 101.132.42.202 GET mishop.holyzq.com/?c=4e5e5d7364f443e28fbf0d3ae744a59a
[运行时间：0.002702s] [吞吐率：370.10req/s] [内存消耗：851.30kb] [文件加载：187]
[ info ] [ LANG ] /var/www/mishop/thinkphp/lang/zh-cn.php
[ info ] [ ROUTE ] array (
)
[ info ] [ HEADER ] array (
  'cookie' => 'PHPSESSID=od5bm46fna6s51dl9jg9l9neur',
  'accept-language' => 'zh-CN,zh;q=0.8',
  'connection' => 'keep-alive',
  'accept' => 'text/html,application/xhtml+xml,application/xml;q=0.9,image/webp,image/apng,*/*;q=0.8',
  'accept-encoding' => 'gzip, deflate',
  'user-agent' => 'Mozilla/5.0 (Windows NT 10.0; Win64; x64) AppleWebKit/537.36 (KHTML, like Gecko) Chrome/59.0.3071.115 Safari/537.36',
  'host' => 'mishop.holyzq.com',
  'content-type' => '',
  'content-length' => '',
)
[ info ] [ PARAM ] array (
  'c' => '4e5e5d7364f443e28fbf0d3ae744a59a',
)
[ info ] null
---------------------------------------------------------------

[2020-05-24T12:05:06+08:00] 101.132.42.202 GET mishop.holyzq.com/wcm/
[运行时间：0.002645s] [吞吐率：378.07req/s] [内存消耗：508.87kb] [文件加载：108]
[ info ] [ LANG ] /var/www/mishop/thinkphp/lang/zh-cn.php
---------------------------------------------------------------

[2020-05-24T12:05:06+08:00] 101.132.42.202 GET mishop.holyzq.com/phpMyAdmin/
[运行时间：0.002535s] [吞吐率：394.46req/s] [内存消耗：508.88kb] [文件加载：108]
[ info ] [ LANG ] /var/www/mishop/thinkphp/lang/zh-cn.php
---------------------------------------------------------------

[2020-05-24T12:05:06+08:00] 101.132.42.202 GET mishop.holyzq.com/phpmyadmin/
[运行时间：0.002462s] [吞吐率：406.15req/s] [内存消耗：508.88kb] [文件加载：108]
[ info ] [ LANG ] /var/www/mishop/thinkphp/lang/zh-cn.php
---------------------------------------------------------------

[2020-05-24T15:29:54+08:00] 106.15.191.82 GET mishop.holyzq.com/
[运行时间：0.004150s] [吞吐率：240.97req/s] [内存消耗：847.73kb] [文件加载：187]
[ info ] [ LANG ] /var/www/mishop/thinkphp/lang/zh-cn.php
[ info ] [ ROUTE ] array (
)
[ info ] [ HEADER ] array (
  'accept-encoding' => 'gzip',
  'connection' => 'Keep-Alive',
  'host' => 'mishop.holyzq.com',
  'user-agent' => 'Mozilla/5.0 (X11; Ubuntu; Linux x86_64; rv:36.0) Gecko/20100101 Firefox/36.0',
  'content-type' => '',
  'content-length' => '',
)
[ info ] [ PARAM ] array (
)
[ info ] null
