---------------------------------------------------------------

[2020-05-28T07:33:50+08:00] 47.101.185.36 GET mishop.holyzq.com/
[运行时间：0.004190s] [吞吐率：238.67req/s] [内存消耗：861.62kb] [文件加载：188]
[ info ] [ LANG ] /var/www/mishop/thinkphp/lang/zh-cn.php
[ info ] [ ROUTE ] array (
)
[ info ] [ HEADER ] array (
  'accept-encoding' => 'gzip',
  'connection' => 'Keep-Alive',
  'host' => 'mishop.holyzq.com',
  'user-agent' => 'Mozilla/5.0 (X11; Ubuntu; Linux x86_64; rv:36.0) Gecko/20100101 Firefox/36.0',
  'content-type' => '',
  'content-length' => '',
)
[ info ] [ PARAM ] array (
)
[ info ] null
---------------------------------------------------------------

[2020-05-28T10:21:26+08:00] 59.175.155.170 GET mishop.holyzq.com/admin
[运行时间：0.003110s] [吞吐率：321.55req/s] [内存消耗：566.31kb] [文件加载：123]
[ info ] [ LANG ] /var/www/mishop/thinkphp/lang/zh-cn.php
[ info ] [ ROUTE ] array (
)
[ info ] [ HEADER ] array (
  'accept-language' => 'zh-CN,zh;q=0.9,en;q=0.8,ja;q=0.7',
  'accept-encoding' => 'gzip, deflate, br',
  'sec-fetch-dest' => 'document',
  'sec-fetch-user' => '?1',
  'sec-fetch-mode' => 'navigate',
  'sec-fetch-site' => 'none',
  'accept' => 'text/html,application/xhtml+xml,application/xml;q=0.9,image/webp,image/apng,*/*;q=0.8,application/signed-exchange;v=b3;q=0.9',
  'user-agent' => 'Mozilla/5.0 (Macintosh; Intel Mac OS X 10_15_4) AppleWebKit/537.36 (KHTML, like Gecko) Chrome/83.0.4103.61 Safari/537.36',
  'upgrade-insecure-requests' => '1',
  'connection' => 'keep-alive',
  'host' => 'mishop.holyzq.com',
  'content-type' => '',
  'content-length' => '',
)
[ info ] [ PARAM ] array (
)
[ info ] [ VIEW ] /var/www/mishop/thinkphp/tpl/dispatch_jump.tpl [ array (
  0 => 'code',
  1 => 'msg',
  2 => 'data',
  3 => 'url',
  4 => 'wait',
) ]
---------------------------------------------------------------

[2020-05-28T10:21:28+08:00] 59.175.155.170 GET mishop.holyzq.com/admin/User/login
[运行时间：0.002500s] [吞吐率：399.99req/s] [内存消耗：565.27kb] [文件加载：122]
[ info ] [ LANG ] /var/www/mishop/thinkphp/lang/zh-cn.php
[ info ] [ ROUTE ] array (
)
[ info ] [ HEADER ] array (
  'cookie' => 'PHPSESSID=9m2i80n3pdd2svp4mik7usknv0',
  'accept-language' => 'zh-CN,zh;q=0.9,en;q=0.8,ja;q=0.7',
  'accept-encoding' => 'gzip, deflate, br',
  'referer' => 'https://mishop.holyzq.com/admin',
  'sec-fetch-dest' => 'document',
  'sec-fetch-user' => '?1',
  'sec-fetch-mode' => 'navigate',
  'sec-fetch-site' => 'same-origin',
  'accept' => 'text/html,application/xhtml+xml,application/xml;q=0.9,image/webp,image/apng,*/*;q=0.8,application/signed-exchange;v=b3;q=0.9',
  'user-agent' => 'Mozilla/5.0 (Macintosh; Intel Mac OS X 10_15_4) AppleWebKit/537.36 (KHTML, like Gecko) Chrome/83.0.4103.61 Safari/537.36',
  'upgrade-insecure-requests' => '1',
  'connection' => 'keep-alive',
  'host' => 'mishop.holyzq.com',
  'content-type' => '',
  'content-length' => '',
)
[ info ] [ PARAM ] array (
)
[ info ] [ VIEW ] /var/www/mishop/application/admin/view/user/login.html [ array (
) ]
---------------------------------------------------------------

[2020-05-28T10:21:28+08:00] 59.175.155.170 GET mishop.holyzq.com/admin/user/verify.html
[运行时间：0.003107s] [吞吐率：321.85req/s] [内存消耗：562.55kb] [文件加载：120]
[ info ] [ LANG ] /var/www/mishop/thinkphp/lang/zh-cn.php
[ info ] [ ROUTE ] array (
)
[ info ] [ HEADER ] array (
  'cookie' => 'PHPSESSID=9m2i80n3pdd2svp4mik7usknv0',
  'accept-language' => 'zh-CN,zh;q=0.9,en;q=0.8,ja;q=0.7',
  'accept-encoding' => 'gzip, deflate, br',
  'referer' => 'https://mishop.holyzq.com/admin/User/login',
  'sec-fetch-dest' => 'image',
  'sec-fetch-mode' => 'no-cors',
  'sec-fetch-site' => 'same-origin',
  'accept' => 'image/webp,image/apng,image/*,*/*;q=0.8',
  'user-agent' => 'Mozilla/5.0 (Macintosh; Intel Mac OS X 10_15_4) AppleWebKit/537.36 (KHTML, like Gecko) Chrome/83.0.4103.61 Safari/537.36',
  'connection' => 'keep-alive',
  'host' => 'mishop.holyzq.com',
  'content-type' => '',
  'content-length' => '',
)
[ info ] [ PARAM ] array (
)
---------------------------------------------------------------

[2020-05-28T10:21:32+08:00] 59.175.155.170 GET mishop.holyzq.com/auth/Qq/login.html
[运行时间：0.002840s] [吞吐率：352.11req/s] [内存消耗：563.23kb] [文件加载：120]
[ info ] [ LANG ] /var/www/mishop/thinkphp/lang/zh-cn.php
[ info ] [ ROUTE ] array (
)
[ info ] [ HEADER ] array (
  'cookie' => 'PHPSESSID=9m2i80n3pdd2svp4mik7usknv0',
  'accept-language' => 'zh-CN,zh;q=0.9,en;q=0.8,ja;q=0.7',
  'accept-encoding' => 'gzip, deflate, br',
  'referer' => 'https://mishop.holyzq.com/admin/User/login',
  'sec-fetch-dest' => 'document',
  'sec-fetch-user' => '?1',
  'sec-fetch-mode' => 'navigate',
  'sec-fetch-site' => 'same-origin',
  'accept' => 'text/html,application/xhtml+xml,application/xml;q=0.9,image/webp,image/apng,*/*;q=0.8,application/signed-exchange;v=b3;q=0.9',
  'user-agent' => 'Mozilla/5.0 (Macintosh; Intel Mac OS X 10_15_4) AppleWebKit/537.36 (KHTML, like Gecko) Chrome/83.0.4103.61 Safari/537.36',
  'upgrade-insecure-requests' => '1',
  'connection' => 'keep-alive',
  'host' => 'mishop.holyzq.com',
  'content-type' => '',
  'content-length' => '',
)
[ info ] [ PARAM ] array (
)
---------------------------------------------------------------

[2020-05-28T10:21:39+08:00] 59.175.155.170 GET mishop.holyzq.com/auth/qq/callback?code=006CEABD1A94CB034751DF1C07DC7B40&state=text
[运行时间：0.406228s] [吞吐率：2.46req/s] [内存消耗：911.43kb] [文件加载：136]
[ info ] [ LANG ] /var/www/mishop/thinkphp/lang/zh-cn.php
[ info ] [ ROUTE ] array (
)
[ info ] [ HEADER ] array (
  'cookie' => 'PHPSESSID=9m2i80n3pdd2svp4mik7usknv0',
  'accept-language' => 'zh-CN,zh;q=0.9,en;q=0.8,ja;q=0.7',
  'accept-encoding' => 'gzip, deflate, br',
  'referer' => 'https://graph.qq.com/oauth2.0/show?which=Login&display=pc&response_type=code&client_id=101874073&redirect_uri=https%3A%2F%2Fmishop.holyzq.com%2Fauth%2Fqq%2Fcallback&scope=get_user_info&state=text',
  'sec-fetch-dest' => 'document',
  'sec-fetch-user' => '?1',
  'sec-fetch-mode' => 'navigate',
  'sec-fetch-site' => 'cross-site',
  'accept' => 'text/html,application/xhtml+xml,application/xml;q=0.9,image/webp,image/apng,*/*;q=0.8,application/signed-exchange;v=b3;q=0.9',
  'user-agent' => 'Mozilla/5.0 (Macintosh; Intel Mac OS X 10_15_4) AppleWebKit/537.36 (KHTML, like Gecko) Chrome/83.0.4103.61 Safari/537.36',
  'upgrade-insecure-requests' => '1',
  'cache-control' => 'max-age=0',
  'connection' => 'keep-alive',
  'host' => 'mishop.holyzq.com',
  'content-type' => '',
  'content-length' => '',
)
[ info ] [ PARAM ] array (
  'code' => '006CEABD1A94CB034751DF1C07DC7B40',
  'state' => 'text',
)
[ info ] [ DB ] INIT mysql
[ info ] [ VIEW ] /var/www/mishop/thinkphp/tpl/dispatch_jump.tpl [ array (
  0 => 'code',
  1 => 'msg',
  2 => 'data',
  3 => 'url',
  4 => 'wait',
) ]
[ sql ] [ DB ] CONNECT:[ UseTime:0.000406s ] mysql:host=127.0.0.1;port=3306;dbname=mishop;charset=utf8
[ sql ] [ SQL ] SHOW COLUMNS FROM `user` [ RunTime:0.000591s ]
[ sql ] [ SQL ] SELECT * FROM `user` WHERE  `openid` = 'D912FFBA414E75D65D8487CB2D539F52' LIMIT 1 [ RunTime:0.000286s ]
---------------------------------------------------------------

[2020-05-28T10:21:41+08:00] 59.175.155.170 GET mishop.holyzq.com/admin/Index/index.html
[运行时间：0.003241s] [吞吐率：308.54req/s] [内存消耗：686.63kb] [文件加载：131]
[ info ] [ LANG ] /var/www/mishop/thinkphp/lang/zh-cn.php
[ info ] [ ROUTE ] array (
)
[ info ] [ HEADER ] array (
  'cookie' => 'PHPSESSID=9m2i80n3pdd2svp4mik7usknv0',
  'accept-language' => 'zh-CN,zh;q=0.9,en;q=0.8,ja;q=0.7',
  'accept-encoding' => 'gzip, deflate, br',
  'referer' => 'https://mishop.holyzq.com/auth/qq/callback?code=006CEABD1A94CB034751DF1C07DC7B40&state=text',
  'sec-fetch-dest' => 'document',
  'sec-fetch-user' => '?1',
  'sec-fetch-mode' => 'navigate',
  'sec-fetch-site' => 'same-origin',
  'accept' => 'text/html,application/xhtml+xml,application/xml;q=0.9,image/webp,image/apng,*/*;q=0.8,application/signed-exchange;v=b3;q=0.9',
  'user-agent' => 'Mozilla/5.0 (Macintosh; Intel Mac OS X 10_15_4) AppleWebKit/537.36 (KHTML, like Gecko) Chrome/83.0.4103.61 Safari/537.36',
  'upgrade-insecure-requests' => '1',
  'connection' => 'keep-alive',
  'host' => 'mishop.holyzq.com',
  'content-type' => '',
  'content-length' => '',
)
[ info ] [ PARAM ] array (
)
[ info ] [ VIEW ] /var/www/mishop/application/admin/view/index/index.html [ array (
  0 => '_admin',
) ]
---------------------------------------------------------------

[2020-05-28T11:39:21+08:00] 47.101.56.210 GET mishop.holyzq.com/
[运行时间：0.004132s] [吞吐率：242.01req/s] [内存消耗：861.63kb] [文件加载：188]
[ info ] [ LANG ] /var/www/mishop/thinkphp/lang/zh-cn.php
[ info ] [ ROUTE ] array (
)
[ info ] [ HEADER ] array (
  'accept-encoding' => 'gzip',
  'connection' => 'Keep-Alive',
  'host' => 'mishop.holyzq.com',
  'user-agent' => 'Mozilla/5.0 chrome(windows nt/Windows NT;)Chrome',
  'content-type' => '',
  'content-length' => '',
)
[ info ] [ PARAM ] array (
)
[ info ] null
---------------------------------------------------------------

[2020-05-28T11:42:24+08:00] 47.101.145.17 GET mishop.holyzq.com/
[运行时间：0.004211s] [吞吐率：237.48req/s] [内存消耗：861.63kb] [文件加载：188]
[ info ] [ LANG ] /var/www/mishop/thinkphp/lang/zh-cn.php
[ info ] [ ROUTE ] array (
)
[ info ] [ HEADER ] array (
  'accept-encoding' => 'gzip',
  'connection' => 'Keep-Alive',
  'host' => 'mishop.holyzq.com',
  'user-agent' => 'Mozilla/5.0 chrome(windows nt/Windows NT;)Chrome',
  'content-type' => '',
  'content-length' => '',
)
[ info ] [ PARAM ] array (
)
[ info ] null
