---------------------------------------------------------------

[2020-12-01T01:42:00+08:00] 71.6.232.7 GET 101.132.45.200/
[运行时间：0.004501s] [吞吐率：222.17req/s] [内存消耗：861.75kb] [文件加载：188]
[ info ] [ LANG ] /var/www/mishop/thinkphp/lang/zh-cn.php
[ info ] [ ROUTE ] array (
)
[ info ] [ HEADER ] array (
  'accept-encoding' => 'gzip',
  'accept' => '*/*',
  'user-agent' => 'Mozilla/5.0 (Windows NT 10.0; Win64; x64) AppleWebKit/537.36 (KHTML, like Gecko) Chrome/74.0.3729.131 Safari/537.36',
  'host' => '101.132.45.200',
  'content-type' => '',
  'content-length' => '',
)
[ info ] [ PARAM ] array (
)
[ info ] null
---------------------------------------------------------------

[2020-12-01T03:27:29+08:00] 83.97.20.30 GET 101.132.45.200:443/
[运行时间：0.006421s] [吞吐率：155.74req/s] [内存消耗：860.38kb] [文件加载：188]
[ info ] [ LANG ] /var/www/mishop/thinkphp/lang/zh-cn.php
[ info ] [ ROUTE ] array (
)
[ info ] [ HEADER ] array (
  'connection' => 'close',
  'host' => '101.132.45.200:443',
  'content-type' => '',
  'content-length' => '',
)
[ info ] [ PARAM ] array (
)
[ info ] null
---------------------------------------------------------------

[2020-12-01T03:28:48+08:00] 120.24.188.54 GET www.techbimu.com/
[运行时间：0.006284s] [吞吐率：159.13req/s] [内存消耗：863.44kb] [文件加载：188]
[ info ] [ LANG ] /var/www/mishop/thinkphp/lang/zh-cn.php
[ info ] [ ROUTE ] array (
)
[ info ] [ HEADER ] array (
  'connection' => 'close',
  'accept-language' => 'zh-CN,zh;q=0.9',
  'accept-encoding' => 'gzip, deflate',
  'accept' => 'text/html,application/xhtml+xml,application/xml;q=0.9,image/webp,image/apng,*/*;q=0.8,application/signed-exchange;v=b3',
  'host' => 'www.techbimu.com',
  'user-agent' => 'Mozilla/5.0 (Macintosh; Intel Mac OS X 10_14_6) AppleWebKit/537.36 (KHTML, like Gecko) Chrome/76.0.3809.132 Safari/537.36',
  'content-type' => '',
  'content-length' => '',
)
[ info ] [ PARAM ] array (
)
[ info ] null
---------------------------------------------------------------

[2020-12-01T03:32:38+08:00] 47.101.200.30 GET mishop.holyzq.com/
[运行时间：0.005032s] [吞吐率：198.74req/s] [内存消耗：861.63kb] [文件加载：188]
[ info ] [ LANG ] /var/www/mishop/thinkphp/lang/zh-cn.php
[ info ] [ ROUTE ] array (
)
[ info ] [ HEADER ] array (
  'accept-encoding' => 'gzip',
  'connection' => 'Keep-Alive',
  'host' => 'mishop.holyzq.com',
  'user-agent' => 'Mozilla/5.0 (X11; Ubuntu; Linux x86_64; rv:36.0) Gecko/20100101 Firefox/36.0',
  'content-type' => '',
  'content-length' => '',
)
[ info ] [ PARAM ] array (
)
[ info ] null
---------------------------------------------------------------

[2020-12-01T04:31:15+08:00] 74.120.14.40 GET 101.132.45.200:443/
[运行时间：0.004519s] [吞吐率：221.28req/s] [内存消耗：859.90kb] [文件加载：188]
[ info ] [ LANG ] /var/www/mishop/thinkphp/lang/zh-cn.php
[ info ] [ ROUTE ] array (
)
[ info ] [ HEADER ] array (
  'host' => '101.132.45.200:443',
  'content-type' => '',
  'content-length' => '',
)
[ info ] [ PARAM ] array (
)
[ info ] null
---------------------------------------------------------------

[2020-12-01T04:31:15+08:00] 74.120.14.40 GET 101.132.45.200/
[运行时间：0.003653s] [吞吐率：273.74req/s] [内存消耗：861.61kb] [文件加载：188]
[ info ] [ LANG ] /var/www/mishop/thinkphp/lang/zh-cn.php
[ info ] [ ROUTE ] array (
)
[ info ] [ HEADER ] array (
  'accept-encoding' => 'gzip',
  'accept' => '*/*',
  'user-agent' => 'Mozilla/5.0 (compatible; CensysInspect/1.1; +https://about.censys.io/)',
  'host' => '101.132.45.200',
  'content-type' => '',
  'content-length' => '',
)
[ info ] [ PARAM ] array (
)
[ info ] null
---------------------------------------------------------------

[2020-12-01T07:47:37+08:00] 47.92.116.44 GET 101.132.45.200/
[运行时间：0.005240s] [吞吐率：190.84req/s] [内存消耗：861.56kb] [文件加载：188]
[ info ] [ LANG ] /var/www/mishop/thinkphp/lang/zh-cn.php
[ info ] [ ROUTE ] array (
)
[ info ] [ HEADER ] array (
  'accept-encoding' => 'gzip',
  'connection' => 'Keep-Alive',
  'host' => '101.132.45.200',
  'user-agent' => 'Mozilla/5.0 (Linux/Android/android/iphone;)',
  'content-type' => '',
  'content-length' => '',
)
[ info ] [ PARAM ] array (
)
[ info ] null
---------------------------------------------------------------

[2020-12-01T07:56:12+08:00] 47.93.180.168 GET /
[运行时间：0.004346s] [吞吐率：230.10req/s] [内存消耗：859.20kb] [文件加载：188]
[ info ] [ LANG ] /var/www/mishop/thinkphp/lang/zh-cn.php
[ info ] [ ROUTE ] array (
)
[ info ] [ HEADER ] array (
  'content-type' => '',
  'content-length' => '',
)
[ info ] [ PARAM ] array (
)
[ info ] null
---------------------------------------------------------------

[2020-12-01T08:07:02+08:00] 183.136.225.42 GET 101.132.45.200:443/
[运行时间：0.004390s] [吞吐率：227.79req/s] [内存消耗：861.66kb] [文件加载：188]
[ info ] [ LANG ] /var/www/mishop/thinkphp/lang/zh-cn.php
[ info ] [ ROUTE ] array (
)
[ info ] [ HEADER ] array (
  'connection' => 'keep-alive',
  'accept' => '*/*',
  'user-agent' => 'Mozilla/5.0 (Macintosh; Intel Mac OS X 10.11; rv:47.0) Gecko/20100101 Firefox/47.0',
  'host' => '101.132.45.200:443',
  'content-type' => '',
  'content-length' => '',
)
[ info ] [ PARAM ] array (
)
[ info ] null
---------------------------------------------------------------

[2020-12-01T08:07:03+08:00] 183.136.225.42 GET 101.132.45.200:443/
[运行时间：0.003274s] [吞吐率：305.44req/s] [内存消耗：862.29kb] [文件加载：188]
[ info ] [ LANG ] /var/www/mishop/thinkphp/lang/zh-cn.php
[ info ] [ ROUTE ] array (
)
[ info ] [ HEADER ] array (
  'connection' => 'close',
  'accept-encoding' => 'gzip',
  'accept' => '*/*',
  'user-agent' => 'Mozilla/5.0 (Windows NT 6.1; WOW64) AppleWebKit/537.36 (KHTML, like Gecko) Chrome/63.0.3239.132 Safari/537.36 QIHU 360SE',
  'host' => '101.132.45.200:443',
  'content-type' => '',
  'content-length' => '',
)
[ info ] [ PARAM ] array (
)
[ info ] null
---------------------------------------------------------------

[2020-12-01T09:07:10+08:00] 45.153.203.175 GET 101.132.45.200:443/
[运行时间：0.004760s] [吞吐率：210.08req/s] [内存消耗：864.21kb] [文件加载：188]
[ info ] [ LANG ] /var/www/mishop/thinkphp/lang/zh-cn.php
[ info ] [ ROUTE ] array (
)
[ info ] [ HEADER ] array (
  'upgrade-insecure-requests' => '1',
  'connection' => 'close',
  'accept-encoding' => 'gzip, deflate',
  'accept-language' => 'en-GB,en;q=0.5',
  'accept' => 'text/html,application/xhtml+xml,application/xml;q=0.9,image/webp,*/*;q=0.8',
  'user-agent' => 'Mozilla/5.0 (X11; Ubuntu; Linux x86_64; rv:76.0) Gecko/20100101 Firefox/76.0',
  'host' => '101.132.45.200:443',
  'content-type' => '',
  'content-length' => '',
)
[ info ] [ PARAM ] array (
)
[ info ] null
---------------------------------------------------------------

[2020-12-01T09:29:58+08:00] 216.218.206.69 GET 101.132.45.200/
[运行时间：0.005230s] [吞吐率：191.21req/s] [内存消耗：859.82kb] [文件加载：188]
[ info ] [ LANG ] /var/www/mishop/thinkphp/lang/zh-cn.php
[ info ] [ ROUTE ] array (
)
[ info ] [ HEADER ] array (
  'host' => '101.132.45.200',
  'content-type' => '',
  'content-length' => '',
)
[ info ] [ PARAM ] array (
)
[ info ] null
---------------------------------------------------------------

[2020-12-01T10:05:17+08:00] 45.153.203.175 GET 101.132.45.200:443/
[运行时间：0.004374s] [吞吐率：228.62req/s] [内存消耗：864.21kb] [文件加载：188]
[ info ] [ LANG ] /var/www/mishop/thinkphp/lang/zh-cn.php
[ info ] [ ROUTE ] array (
)
[ info ] [ HEADER ] array (
  'upgrade-insecure-requests' => '1',
  'connection' => 'close',
  'accept-encoding' => 'gzip, deflate',
  'accept-language' => 'en-GB,en;q=0.5',
  'accept' => 'text/html,application/xhtml+xml,application/xml;q=0.9,image/webp,*/*;q=0.8',
  'user-agent' => 'Mozilla/5.0 (X11; Ubuntu; Linux x86_64; rv:76.0) Gecko/20100101 Firefox/76.0',
  'host' => '101.132.45.200:443',
  'content-type' => '',
  'content-length' => '',
)
[ info ] [ PARAM ] array (
)
[ info ] null
---------------------------------------------------------------

[2020-12-01T10:29:43+08:00] 42.192.6.57 POST mishop.holyzq.com/index/wechat?signature=70c38f28daf3ba1b5cca52f66800a5706e78b7db&timestamp=1606789783&nonce=828887624&openid=ozw1Nw-YkbD9hP0C9GW5qmMkvmcY
[运行时间：0.005884s] [吞吐率：169.95req/s] [内存消耗：1,022.93kb] [文件加载：216]
[ info ] [ LANG ] /var/www/mishop/thinkphp/lang/zh-cn.php
[ info ] [ ROUTE ] array (
)
[ info ] [ HEADER ] array (
  'content-type' => 'text/xml',
  'content-length' => '280',
  'pragma' => 'no-cache',
  'host' => 'mishop.holyzq.com',
  'accept' => '*/*',
  'user-agent' => 'Mozilla/4.0',
)
[ info ] [ PARAM ] array (
  'signature' => '70c38f28daf3ba1b5cca52f66800a5706e78b7db',
  'timestamp' => '1606789783',
  'nonce' => '828887624',
  'openid' => 'ozw1Nw-YkbD9hP0C9GW5qmMkvmcY',
)
---------------------------------------------------------------

[2020-12-01T10:35:41+08:00] 192.241.236.125 GET 101.132.45.200/actuator/health
[运行时间：0.003503s] [吞吐率：285.46req/s] [内存消耗：522.78kb] [文件加载：109]
[ info ] [ LANG ] /var/www/mishop/thinkphp/lang/zh-cn.php
---------------------------------------------------------------

[2020-12-01T10:51:10+08:00] 68.183.101.85 GET 101.132.45.200/vpn/../vpns/cfg/smb.conf
[运行时间：0.003176s] [吞吐率：314.86req/s] [内存消耗：522.79kb] [文件加载：109]
[ info ] [ LANG ] /var/www/mishop/thinkphp/lang/zh-cn.php
---------------------------------------------------------------

[2020-12-01T12:30:30+08:00] 116.62.107.116 GET 101.132.45.200/index.php/?s=/index/%5Cthink%5Capp/invokefunction&function=call_user_func&vars%5B0%5D=system&vars%5B1%5D=netstat%20-an
[运行时间：0.004716s] [吞吐率：212.05req/s] [内存消耗：520.71kb] [文件加载：108]
[ info ] [ LANG ] /var/www/mishop/thinkphp/lang/zh-cn.php
---------------------------------------------------------------

[2020-12-01T12:30:30+08:00] 116.62.107.116 GET 101.132.45.200/index.php/?s=/user/%5Cthink%5Capp/invokefunction&function=call_user_func&vars%5B0%5D=system&vars%5B1%5D=netstat%20-an
[运行时间：0.002434s] [吞吐率：410.84req/s] [内存消耗：520.71kb] [文件加载：108]
[ info ] [ LANG ] /var/www/mishop/thinkphp/lang/zh-cn.php
---------------------------------------------------------------

[2020-12-01T12:30:30+08:00] 116.62.107.116 GET 101.132.45.200/index.php/?s=/admin/%5Cthink%5Capp/invokefunction&function=call_user_func&vars%5B0%5D=system&vars%5B1%5D=netstat%20-an
[运行时间：0.002511s] [吞吐率：398.24req/s] [内存消耗：520.71kb] [文件加载：108]
[ info ] [ LANG ] /var/www/mishop/thinkphp/lang/zh-cn.php
---------------------------------------------------------------

[2020-12-01T12:30:30+08:00] 116.62.107.116 GET 101.132.45.200/index.php/?s=/install/%5Cthink%5Capp/invokefunction&function=call_user_func&vars%5B0%5D=system&vars%5B1%5D=netstat%20-an
[运行时间：0.002461s] [吞吐率：406.35req/s] [内存消耗：520.72kb] [文件加载：108]
[ info ] [ LANG ] /var/www/mishop/thinkphp/lang/zh-cn.php
---------------------------------------------------------------

[2020-12-01T12:37:18+08:00] 47.100.64.86 GET /
[运行时间：0.004635s] [吞吐率：215.76req/s] [内存消耗：859.20kb] [文件加载：188]
[ info ] [ LANG ] /var/www/mishop/thinkphp/lang/zh-cn.php
[ info ] [ ROUTE ] array (
)
[ info ] [ HEADER ] array (
  'content-type' => '',
  'content-length' => '',
)
[ info ] [ PARAM ] array (
)
[ info ] null
---------------------------------------------------------------

[2020-12-01T13:07:29+08:00] 116.62.107.116 POST 101.132.45.200/
[运行时间：0.004472s] [吞吐率：223.61req/s] [内存消耗：863.41kb] [文件加载：188]
[ info ] [ LANG ] /var/www/mishop/thinkphp/lang/zh-cn.php
[ info ] [ ROUTE ] array (
)
[ info ] [ HEADER ] array (
  'content-length' => '59',
  'content-type' => 'application/x-www-form-urlencoded',
  'accept-language' => 'zh-CN,zh;q=0.8',
  'connection' => 'keep-alive',
  'accept' => '*/*',
  'accept-encoding' => 'gzip, deflate',
  'user-agent' => 'Mozilla/5.0 (Windows NT 10.0; Win64; x64) AppleWebKit/537.36 (KHTML, like Gecko) Chrome/66.6.2333.33 Safari/537.36 AliyunTaiShiGanZhi https://www.aliyun.com/product/sas',
  'host' => '101.132.45.200',
)
[ info ] [ PARAM ] array (
  's' => 'netstat -an',
  'filter' => 
  array (
    0 => 'system',
  ),
  'method' => '',
)
[ info ] null
---------------------------------------------------------------

[2020-12-01T13:07:29+08:00] 116.62.107.116 POST 101.132.45.200/index.php?s=captcha
[运行时间：0.002550s] [吞吐率：392.14req/s] [内存消耗：522.08kb] [文件加载：109]
[ info ] [ LANG ] /var/www/mishop/thinkphp/lang/zh-cn.php
---------------------------------------------------------------

[2020-12-01T13:07:29+08:00] 116.62.107.116 POST 101.132.45.200/
[运行时间：0.003004s] [吞吐率：332.88req/s] [内存消耗：864.44kb] [文件加载：188]
[ info ] [ LANG ] /var/www/mishop/thinkphp/lang/zh-cn.php
[ info ] [ ROUTE ] array (
)
[ info ] [ HEADER ] array (
  'content-length' => '41',
  'cookie' => 'PHPSESSID=205obqf65ptro92nlv4dnkt9j6',
  'content-type' => 'application/x-www-form-urlencoded',
  'accept-language' => 'zh-CN,zh;q=0.8',
  'connection' => 'keep-alive',
  'accept' => '*/*',
  'accept-encoding' => 'gzip, deflate',
  'user-agent' => 'Mozilla/5.0 (Windows NT 10.0; Win64; x64) AppleWebKit/537.36 (KHTML, like Gecko) Chrome/66.6.2333.33 Safari/537.36 AliyunTaiShiGanZhi https://www.aliyun.com/product/sas',
  'host' => '101.132.45.200',
)
[ info ] [ PARAM ] array (
  'c' => 'system',
  'f' => 'netstat -an',
)
[ info ] null
---------------------------------------------------------------

[2020-12-01T13:17:31+08:00] 34.219.11.215 HEAD 101.132.45.200:443/epa/scripts/win/nsepa_setup.exe
[运行时间：0.003327s] [吞吐率：300.58req/s] [内存消耗：522.47kb] [文件加载：109]
[ info ] [ LANG ] /var/www/mishop/thinkphp/lang/zh-cn.php
---------------------------------------------------------------

[2020-12-01T13:29:41+08:00] 101.251.238.50 GET 101.132.45.200:443/
[运行时间：0.004456s] [吞吐率：224.41req/s] [内存消耗：862.54kb] [文件加载：188]
[ info ] [ LANG ] /var/www/mishop/thinkphp/lang/zh-cn.php
[ info ] [ ROUTE ] array (
)
[ info ] [ HEADER ] array (
  'accept' => 'application/json, text/plain, */*',
  'accept-charset' => 'GBK,utf-8;q=0.7,*;q=0.3',
  'accept-language' => 'zh-CN,zh;q=0.8,en-US;q=0.5,en;q=0.3',
  'user-agent' => 'Mozilla/5.0 (Windows NT 10.0; Win64; x64; rv:79.0) Gecko/20100101 Firefox/79.0',
  'host' => '101.132.45.200:443',
  'content-type' => '',
  'content-length' => '',
)
[ info ] [ PARAM ] array (
)
[ info ] null
---------------------------------------------------------------

[2020-12-01T14:47:08+08:00] 47.100.242.138 GET 101.132.45.200/
[运行时间：0.004412s] [吞吐率：226.66req/s] [内存消耗：861.63kb] [文件加载：188]
[ info ] [ LANG ] /var/www/mishop/thinkphp/lang/zh-cn.php
[ info ] [ ROUTE ] array (
)
[ info ] [ HEADER ] array (
  'accept-encoding' => 'gzip',
  'connection' => 'Keep-Alive',
  'host' => '101.132.45.200',
  'user-agent' => 'Mozilla/5.0 (X11; Ubuntu; Linux x86_64; rv:36.0) Gecko/20100101 Firefox/36.0',
  'content-type' => '',
  'content-length' => '',
)
[ info ] [ PARAM ] array (
)
[ info ] null
---------------------------------------------------------------

[2020-12-01T14:57:13+08:00] 45.15.143.171 GET 101.132.45.200:443/
[运行时间：0.004800s] [吞吐率：208.33req/s] [内存消耗：861.47kb] [文件加载：188]
[ info ] [ LANG ] /var/www/mishop/thinkphp/lang/zh-cn.php
[ info ] [ ROUTE ] array (
)
[ info ] [ HEADER ] array (
  'user-agent' => 'libwww-perl/6.49',
  'host' => '101.132.45.200:443',
  'connection' => 'TE, close',
  'te' => 'deflate,gzip;q=0.3',
  'content-type' => '',
  'content-length' => '',
)
[ info ] [ PARAM ] array (
)
[ info ] null
---------------------------------------------------------------

[2020-12-01T17:54:54+08:00] 52.83.42.188 GET 101.132.45.200/api/moutai/2.0/getCode
[运行时间：0.003773s] [吞吐率：265.04req/s] [内存消耗：559.16kb] [文件加载：120]
[ info ] [ LANG ] /var/www/mishop/thinkphp/lang/zh-cn.php
[ info ] [ ROUTE ] array (
)
[ info ] [ HEADER ] array (
  'user-agent' => 'Mozilla/5.0 (iPhone; CPU iPhone OS 13_0 like Mac OS X) AppleWebKit/605.1.15 (KHTML, like Gecko) Mobile/15E148 MicroMessenger/7.0.10(0x17000a21) NetType/WIFI Language/zh_CN',
  'accept' => '*/*',
  'accept-encoding' => 'gzip, deflate',
  'connection' => 'keep-alive',
  'host' => '101.132.45.200',
  'content-type' => '',
  'content-length' => '',
)
[ info ] [ PARAM ] array (
)
---------------------------------------------------------------

[2020-12-01T19:52:52+08:00] 172.105.13.165 GET /
[运行时间：0.006190s] [吞吐率：161.56req/s] [内存消耗：859.20kb] [文件加载：188]
[ info ] [ LANG ] /var/www/mishop/thinkphp/lang/zh-cn.php
[ info ] [ ROUTE ] array (
)
[ info ] [ HEADER ] array (
  'content-type' => '',
  'content-length' => '',
)
[ info ] [ PARAM ] array (
)
[ info ] null
---------------------------------------------------------------

[2020-12-01T20:12:57+08:00] 172.105.13.165 HEAD 101.132.45.200/
[运行时间：0.004360s] [吞吐率：229.36req/s] [内存消耗：860.53kb] [文件加载：188]
[ info ] [ LANG ] /var/www/mishop/thinkphp/lang/zh-cn.php
[ info ] [ ROUTE ] array (
)
[ info ] [ HEADER ] array (
  'user-agent' => '"Mozilla/5.0',
  'host' => '101.132.45.200',
  'connection' => 'close',
  'content-type' => '',
  'content-length' => '',
)
[ info ] [ PARAM ] array (
)
[ info ] null
---------------------------------------------------------------

[2020-12-01T20:12:58+08:00] 172.105.13.165 POST 101.132.45.200/sdk
[运行时间：0.002334s] [吞吐率：428.47req/s] [内存消耗：522.52kb] [文件加载：109]
[ info ] [ LANG ] /var/www/mishop/thinkphp/lang/zh-cn.php
---------------------------------------------------------------

[2020-12-01T20:13:20+08:00] 172.105.13.165 GET 101.132.45.200/nmaplowercheck1606824776
[运行时间：0.002748s] [吞吐率：363.90req/s] [内存消耗：522.80kb] [文件加载：109]
[ info ] [ LANG ] /var/www/mishop/thinkphp/lang/zh-cn.php
---------------------------------------------------------------

[2020-12-01T20:13:23+08:00] 172.105.13.165 GET 101.132.45.200/HNAP1
[运行时间：0.002882s] [吞吐率：346.98req/s] [内存消耗：522.77kb] [文件加载：109]
[ info ] [ LANG ] /var/www/mishop/thinkphp/lang/zh-cn.php
---------------------------------------------------------------

[2020-12-01T20:13:24+08:00] 172.105.13.165 GET /
[运行时间：0.003812s] [吞吐率：262.32req/s] [内存消耗：859.20kb] [文件加载：188]
[ info ] [ LANG ] /var/www/mishop/thinkphp/lang/zh-cn.php
[ info ] [ ROUTE ] array (
)
[ info ] [ HEADER ] array (
  'content-type' => '',
  'content-length' => '',
)
[ info ] [ PARAM ] array (
)
[ info ] null
---------------------------------------------------------------

[2020-12-01T20:13:25+08:00] 172.105.13.165 GET 101.132.45.200/
[运行时间：0.003356s] [吞吐率：297.95req/s] [内存消耗：859.82kb] [文件加载：188]
[ info ] [ LANG ] /var/www/mishop/thinkphp/lang/zh-cn.php
[ info ] [ ROUTE ] array (
)
[ info ] [ HEADER ] array (
  'host' => '101.132.45.200',
  'content-type' => '',
  'content-length' => '',
)
[ info ] [ PARAM ] array (
)
[ info ] null
---------------------------------------------------------------

[2020-12-01T20:13:40+08:00] 172.105.13.165 GET 101.132.45.200/nmaplowercheck1606824776
[运行时间：0.003659s] [吞吐率：273.30req/s] [内存消耗：522.80kb] [文件加载：109]
[ info ] [ LANG ] /var/www/mishop/thinkphp/lang/zh-cn.php
---------------------------------------------------------------

[2020-12-01T20:13:42+08:00] 172.105.13.165 GET 101.132.45.200/evox/about
[运行时间：0.002326s] [吞吐率：429.92req/s] [内存消耗：522.78kb] [文件加载：109]
[ info ] [ LANG ] /var/www/mishop/thinkphp/lang/zh-cn.php
---------------------------------------------------------------

[2020-12-01T20:13:50+08:00] 172.105.13.165 GET 101.132.45.200/
[运行时间：0.003804s] [吞吐率：262.88req/s] [内存消耗：860.90kb] [文件加载：188]
[ info ] [ LANG ] /var/www/mishop/thinkphp/lang/zh-cn.php
[ info ] [ ROUTE ] array (
)
[ info ] [ HEADER ] array (
  'user-agent' => '"Mozilla/5.0',
  'host' => '101.132.45.200',
  'connection' => 'close',
  'content-type' => '',
  'content-length' => '',
)
[ info ] [ PARAM ] array (
)
[ info ] null
---------------------------------------------------------------

[2020-12-01T20:22:50+08:00] 71.215.73.251 POST 101.132.45.200/
[运行时间：0.004523s] [吞吐率：221.09req/s] [内存消耗：863.44kb] [文件加载：188]
[ info ] [ LANG ] /var/www/mishop/thinkphp/lang/zh-cn.php
[ info ] [ ROUTE ] array (
)
[ info ] [ HEADER ] array (
  'cache-control' => 'no-cache',
  'content-length' => '372',
  'host' => '101.132.45.200',
  'user-agent' => 'Mozilla/4.0 (compatible; MSIE 7.0; Windows NT 6.2; WOW64; Trident/6.0; .NET4.0E; .NET4.0C; .NET CLR 3.5.30729; .NET CLR 2.0.50727; .NET CLR 3.0.30729; HPDTDFJS)',
  'content-type' => 'application/x-www-form-urlencoded',
)
[ info ] [ PARAM ] array (
  'RKFYyY/BYwLd3izxSPbjPCW_ZBcSxIL8P/yTAi7_9IAqmBq0w0q0zZJxEnw4hUxW6PxDCqf6N0e11vYUUYPgizplh5UNamBxjAvNzojrKLsKjHPEiV2CVmq642GVgCaYPAaaMQenqeVEN36K5GjF9Ba9XN6mjMb6ezb6X3x8swuKBTcEffdKUA3/b8O/MCCCOmlFARfie2WVzawHT3tN9popr__N47XEIrG_sH9Wu9aBZcsO4Y2pkUuaxxOvt8ozqn_wPIX9Q0gQF0nWCrt3m/17IQ_YYJaUJUjcW8yeAsB8jjAVyI2H6XWZiKTVMkSIitbt5YPb01Gs62raiFoY/prTVKjT7WGO3QhfvNjSJLlzdgmS2SyO' => '',
)
[ info ] null
---------------------------------------------------------------

[2020-12-01T20:24:57+08:00] 71.215.73.251 POST 101.132.45.200/
[运行时间：0.004338s] [吞吐率：230.52req/s] [内存消耗：863.88kb] [文件加载：188]
[ info ] [ LANG ] /var/www/mishop/thinkphp/lang/zh-cn.php
[ info ] [ ROUTE ] array (
)
[ info ] [ HEADER ] array (
  'cookie' => 'PHPSESSID=a6ivltkhqllafqp80aj1nists2',
  'cache-control' => 'no-cache',
  'content-length' => '392',
  'host' => '101.132.45.200',
  'user-agent' => 'Mozilla/4.0 (compatible; MSIE 7.0; Windows NT 6.2; WOW64; Trident/6.0; .NET4.0E; .NET4.0C; .NET CLR 3.5.30729; .NET CLR 2.0.50727; .NET CLR 3.0.30729; HPDTDFJS)',
  'content-type' => 'application/x-www-form-urlencoded',
)
[ info ] [ PARAM ] array (
  'RaUNkI/BbbeJqrzMjNwN_FHNDD3vfRxvpTvTqAY5FcAHmuoA85ZdFHzhY5ChKucrbpjb9FMPzLh7rSTAAVO9C7bVPRV6dNSkad6cn7njvL5TTrraAGJ2AJ/2YdhtmeokRKIgMq14fyCgaZZB5GzcrnClChIQ78zfBVqaFWh9DV5Kxrqad1sh/5NS8oFbmEdSJ/YK/gMmftytf5_bKlj4IHASfd11498YbAXqONrOibYE0ec/I_M6_TojNX7LPhwC_wJbl6N06YAZNfvWdsmUCjHfJTzIvnSqXA_I/nRAmAmEi92_yzOF9B6SW/QWS3hCvAXVQ3aXhx2HUnZ6/JZMmZgr60DQQtjP_seS_FGQ_UHC8hfLtlVmufJK3Zh3ri61TKVVGQ' => '=',
)
[ info ] null
---------------------------------------------------------------

[2020-12-01T20:27:00+08:00] 71.215.73.251 POST 101.132.45.200/
[运行时间：0.004301s] [吞吐率：232.51req/s] [内存消耗：863.69kb] [文件加载：188]
[ info ] [ LANG ] /var/www/mishop/thinkphp/lang/zh-cn.php
[ info ] [ ROUTE ] array (
)
[ info ] [ HEADER ] array (
  'cookie' => 'PHPSESSID=a6ivltkhqllafqp80aj1nists2',
  'cache-control' => 'no-cache',
  'content-length' => '396',
  'host' => '101.132.45.200',
  'user-agent' => 'Mozilla/5.0 (compatible; MSIE 10.0; Windows NT 6.2; WOW64; Trident/6.0)',
  'content-type' => 'application/x-www-form-urlencoded',
)
[ info ] [ PARAM ] array (
  'QaxZkNjINzsKSc/Tyv25lUr96yViKjNlk6XCZhHGPiLnCeJJmd4W4PlGJbiH/GIlj220MCqh_UdSZwFLQ5g8JHllu/_bFDgoNLXzDnlhnsBc1N2kqxhRebuC8kkVUqnWI6HBkSwapijx_HQr0oX_wYdYyJrpU5jhN9F3lKhjLkD7ZO/ONRrD/SkRvyKzifG11D_t_3D9Tp9lWQmGJGOJcPhnSRpzm0l5cXEO/1JuWhc7vlWSIiw2O4dhqecbqij1Q1TYbLcHXgTCepLmBafCcd4fQxLTvz3t/cxJq6YQ6_acIIuBwKshbc5LTeMCw9ina0XtjNNgXkTjz7cETNT0jCgz0jbu9HZ_ow2aEErnCQE_ktLuU7kyq4Ka6KeaR1YhWw7Hygzigok' => '',
)
[ info ] null
---------------------------------------------------------------

[2020-12-01T20:29:02+08:00] 71.215.73.251 POST 101.132.45.200/
[运行时间：0.004265s] [吞吐率：234.48req/s] [内存消耗：863.81kb] [文件加载：188]
[ info ] [ LANG ] /var/www/mishop/thinkphp/lang/zh-cn.php
[ info ] [ ROUTE ] array (
)
[ info ] [ HEADER ] array (
  'cookie' => 'PHPSESSID=a6ivltkhqllafqp80aj1nists2',
  'cache-control' => 'no-cache',
  'content-length' => '404',
  'host' => '101.132.45.200',
  'user-agent' => 'Mozilla/5.0 (compatible; MSIE 10.0; Windows NT 6.2; WOW64; Trident/6.0)',
  'content-type' => 'application/x-www-form-urlencoded',
)
[ info ] [ PARAM ] array (
  'E/dcxNqeMZy82EQvu3OORIqM74/b0JrNn7ybz_/Su_rniPbm1NeoDpw3qTKiusUZuS7Tw_7SgyiarJiynlKN2cgLA1xGhnchJ/vLuywEdyOXBx2hEcr/e1SxE7IledPKC9KbHvpAKeW1wBucbQo6KLDC4bdloWKjZxC_4CPTQY0E/fWffYxp3CJMN5/nYu8AZP_0b3GQhL1PTdb2O/ZmC5Mf/snbRO3Zw6ybazztppQ084kj4QS2cyf1MAv33Z/dpSpeL3LKgS2kCMvS33O27SAZGkc9T0/Dc5fWgVzze8gfa8/8tHbcXxeAKC/1Jl/rRkBZFjje8B8yjLfS7J6YUNI4P0i_VAIyUNN42nS_jCsRq6ym2txRWQSiDqfUgzvlSVtaycCxAFLyh1h3pC0' => '',
)
[ info ] null
---------------------------------------------------------------

[2020-12-01T20:31:05+08:00] 71.215.73.251 POST 101.132.45.200/
[运行时间：0.004333s] [吞吐率：230.79req/s] [内存消耗：863.69kb] [文件加载：188]
[ info ] [ LANG ] /var/www/mishop/thinkphp/lang/zh-cn.php
[ info ] [ ROUTE ] array (
)
[ info ] [ HEADER ] array (
  'cookie' => 'PHPSESSID=a6ivltkhqllafqp80aj1nists2',
  'cache-control' => 'no-cache',
  'content-length' => '396',
  'host' => '101.132.45.200',
  'user-agent' => 'Mozilla/5.0 (compatible; MSIE 10.0; Windows NT 6.2; WOW64; Trident/6.0)',
  'content-type' => 'application/x-www-form-urlencoded',
)
[ info ] [ PARAM ] array (
  'EfELkovON3rIaDgBH4AwgQj_BtM6UQ5cKm8HTLBZbBbKSmuYRRxqwrTJwTj9kyLE9ypmYYCbSTeZgr0blN_aUPKYHiEiEaAS/Ge_bjEl5Ij2yhnsxN7nbVSJew2zbf0ozv1zUUfyRt7wGuPuj3BmkZpYUKomw6ANJPvP/1F_z4vesIjei8w3zHNw94s4laGBR_manqwGTkVJSkeQhIxG0inLEw5DfpbRVigYXqqRA7fTh9z6PByH_YN3CnaZWgIqpjW2ZuZqcaD9IrIO8NRl10tcNvs1CGYA_Ksv3Pgfyp/UDSf4c/kkQ2sXy1jZTW5DmL3nZ25f_FGzROWCWI2UNLUsoneIK70RDxrl60RJkKBSOTW9pQ9iFhNGzLyTIC7gByYpb1akGH4' => '',
)
[ info ] null
---------------------------------------------------------------

[2020-12-01T20:33:07+08:00] 71.215.73.251 POST 101.132.45.200/
[运行时间：0.004308s] [吞吐率：232.13req/s] [内存消耗：863.81kb] [文件加载：188]
[ info ] [ LANG ] /var/www/mishop/thinkphp/lang/zh-cn.php
[ info ] [ ROUTE ] array (
)
[ info ] [ HEADER ] array (
  'cookie' => 'PHPSESSID=a6ivltkhqllafqp80aj1nists2',
  'cache-control' => 'no-cache',
  'content-length' => '420',
  'host' => '101.132.45.200',
  'user-agent' => 'Mozilla/5.0 (compatible; MSIE 10.0; Windows NT 6.2; WOW64; Trident/6.0)',
  'content-type' => 'application/x-www-form-urlencoded',
)
[ info ] [ PARAM ] array (
  'SqJdwoudZq8GIdwX22H2mlG7zix0F8D2yV1irR1_joZL0IzjlHDdSawPzBLQVVDLHtCQpxQhZfoxwJzlZl1TEbYANJcHnk7Lf8_OXTVnLB90XQb8yamJjVTcSTXWqAJHSDxX/9bzKfIBjh/dWB7Efbl9oRQ2ueIjg8ReFoFQPSac1Q4BYjlFJbGejrz11105Ex2VI9t73AKBuMYDC6f7Ka5k0bqUPaoFJOPgesDNyUcx4iZf90JuRQ/t82s7THHOvzx7LM_SHp1uRloAb8nv9AcqRK8DEEIQDnV5IQEAT9nMBjHzcLHavcnc/KgyBw/ifFRdctWuZi3QhHtNNuijVvpBhZVSO6Uu1QkjZ6joZ/aFFv/PbacByyuy3IQ/rkcqX9YXJxVoKLMN6QDI/BqmvvIdIasI907SGA' => '=',
)
[ info ] null
---------------------------------------------------------------

[2020-12-01T20:35:11+08:00] 71.215.73.251 POST 101.132.45.200/
[运行时间：0.004277s] [吞吐率：233.81req/s] [内存消耗：863.56kb] [文件加载：188]
[ info ] [ LANG ] /var/www/mishop/thinkphp/lang/zh-cn.php
[ info ] [ ROUTE ] array (
)
[ info ] [ HEADER ] array (
  'cookie' => 'PHPSESSID=a6ivltkhqllafqp80aj1nists2',
  'cache-control' => 'no-cache',
  'content-length' => '368',
  'host' => '101.132.45.200',
  'user-agent' => 'Mozilla/5.0 (compatible; MSIE 10.0; Windows NT 6.2; WOW64; Trident/6.0)',
  'content-type' => 'application/x-www-form-urlencoded',
)
[ info ] [ PARAM ] array (
  'S/daxt6bMpHXFEzFFw/Ezl5vjlaLkQ1I_7wonbx4EICB0nIksgAYi4KF91xHQxL4Oz1b7Vo8_tIMEDDnXfthPp4Tc62me9/XpUNawrolvBT5wa_D_B8pB2AxyYmUZmTrzgV2XtR//cPKpsEnC9o1S6Z5SPKNSx5BxgK3H2y/R7rHuI5TxXnToNj2GyJa8QXU3nnW3uB1sJLcFAIiLYXImUAYkj_y3lfBd14bfZM5TmEnKiRt6W_Ba_oVo6r/n6PbGZOLQEkRdQ6hq5A4cUdeXLreXXr26NxkNFmBUfbbJ3sU_xxVUTRG1H3U9jhc3y1RrRwnLzgmlES2DkZLKzeOmXIHJBAtu98/z0nr/R/yWnwBxxl_' => '',
)
[ info ] null
---------------------------------------------------------------

[2020-12-01T20:37:14+08:00] 71.215.73.251 POST 101.132.45.200/
[运行时间：0.004222s] [吞吐率：236.86req/s] [内存消耗：863.56kb] [文件加载：188]
[ info ] [ LANG ] /var/www/mishop/thinkphp/lang/zh-cn.php
[ info ] [ ROUTE ] array (
)
[ info ] [ HEADER ] array (
  'cookie' => 'PHPSESSID=a6ivltkhqllafqp80aj1nists2',
  'cache-control' => 'no-cache',
  'content-length' => '364',
  'host' => '101.132.45.200',
  'user-agent' => 'Mozilla/5.0 (compatible; MSIE 10.0; Windows NT 6.2; WOW64; Trident/6.0)',
  'content-type' => 'application/x-www-form-urlencoded',
)
[ info ] [ PARAM ] array (
  'RqFXkNycZ6ZVnGrIuhpx25vhzjFfZatA4oTfJASBW4zE3jcAT6lMAHa9jcF8oNL3sHFVw/ZQXCJudIcZIoF6cuM24nnFvwM7f3qqX95yJsvykg3SLe0HPsHH6_rIul/YuTXXILRZayl5Gg5NiLNNAOXesyUgB64QOTR9OLqe/pLOvasrK2CpMr4IJ5C06WGSsNxpzyu6TeIQGOPKXKJTZiTA0T1BjGPOA_24YgernT_MsrqBCdr73cEaNiW5r81Vq1C3psxdBY8NjCbdYkAPpjttj/apILpEuirJnUzEjDHROq0GoLV7QMs0dx_1F3HUW/6xQDkRTxUVfsbMpO1zlLKumknWn3k4vZd1SXkLBzea' => '',
)
[ info ] null
---------------------------------------------------------------

[2020-12-01T20:39:16+08:00] 71.215.73.251 POST 101.132.45.200/
[运行时间：0.004398s] [吞吐率：227.37req/s] [内存消耗：863.94kb] [文件加载：188]
[ info ] [ LANG ] /var/www/mishop/thinkphp/lang/zh-cn.php
[ info ] [ ROUTE ] array (
)
[ info ] [ HEADER ] array (
  'cookie' => 'PHPSESSID=a6ivltkhqllafqp80aj1nists2',
  'cache-control' => 'no-cache',
  'content-length' => '428',
  'host' => '101.132.45.200',
  'user-agent' => 'Mozilla/5.0 (compatible; MSIE 10.0; Windows NT 6.2; WOW64; Trident/6.0)',
  'content-type' => 'application/x-www-form-urlencoded',
)
[ info ] [ PARAM ] array (
  'Q6NbyNyeZO2KjK9YbohQeRJfWEkQD4bo60fiAlve53NyULeUUdHKe/r2VJRsNjh83drfHWgtOcDYUpodjXPR7ZXGfhk4bdOgtv_HrdPrpOvEQdVb/qUsLlyuftRCITWDaz77iWfEIp96aK7lTfSmzr/kdXejyqwwwIMNh33SyUihHPQY_9fgVqbq9C7jlAPE8Bbg8dbwOhwX9yks5Ar8rUCVdIbrkf/WWbCGlVEidHuuyAdWPBE72iOxPg5hinj6B67l2K/1ZRJcljkTw0pW5EUhy6PvDedr05mdpZ3mAKUoAIYw12UyWdclIrND_orpH6NBK4tQmpKJq1HYpuFIHQ4g/iA15DwSJDHLjw8jUvUs3pxrLQf8Z3jef0tYvfSh2s_RV4AxJtMESSFFoXI_84HtfqgzDQXyC0sW6BDPYA' => '=',
)
[ info ] null
---------------------------------------------------------------

[2020-12-01T20:41:18+08:00] 71.215.73.251 POST 101.132.45.200/
[运行时间：0.004217s] [吞吐率：237.14req/s] [内存消耗：863.69kb] [文件加载：188]
[ info ] [ LANG ] /var/www/mishop/thinkphp/lang/zh-cn.php
[ info ] [ ROUTE ] array (
)
[ info ] [ HEADER ] array (
  'cookie' => 'PHPSESSID=a6ivltkhqllafqp80aj1nists2',
  'cache-control' => 'no-cache',
  'content-length' => '396',
  'host' => '101.132.45.200',
  'user-agent' => 'Mozilla/5.0 (compatible; MSIE 10.0; Windows NT 6.2; WOW64; Trident/6.0)',
  'content-type' => 'application/x-www-form-urlencoded',
)
[ info ] [ PARAM ] array (
  'QaUMyNrJY0JlO0JdselvfmLkKz3KWc4eNLnLR8MyiTBBDK/V1gXO7OR32gido9haKHrwT1vXY6k91b_vNjcdmbaQb3tj7ilg2xSoiPiGWzSJg7TV0Vorj/HczU8PTraS6TZas5qEWn9RL/9gEo85aS8bFViHG94ltfgOChaNf3CcC6il_69xrUc10M9BLgkql82w_qVMxUnGwzj5LUMtZXT2J73QIRLXbsq4qAYYpLkJeiJcRC3Ycv2JNKPtRiv3naTEP/JPXYkqzpHhmwZP_jFQmsklVXZJ1OkbEkTSd4uq8jCUTHvQKwJKDz1JQy0RTgbe5NEIu9TqZEZqCm8zbBp_S_DqjHklYOBHQ4Hmub/DpY97cF_/q4D6JeJnsEi59puAGtlaHA' => '=',
)
[ info ] null
---------------------------------------------------------------

[2020-12-01T20:43:20+08:00] 71.215.73.251 POST 101.132.45.200/
[运行时间：0.004417s] [吞吐率：226.40req/s] [内存消耗：863.56kb] [文件加载：188]
[ info ] [ LANG ] /var/www/mishop/thinkphp/lang/zh-cn.php
[ info ] [ ROUTE ] array (
)
[ info ] [ HEADER ] array (
  'cookie' => 'PHPSESSID=a6ivltkhqllafqp80aj1nists2',
  'cache-control' => 'no-cache',
  'content-length' => '360',
  'host' => '101.132.45.200',
  'user-agent' => 'Mozilla/5.0 (compatible; MSIE 10.0; Windows NT 6.2; WOW64; Trident/6.0)',
  'content-type' => 'application/x-www-form-urlencoded',
)
[ info ] [ PARAM ] array (
  'RKQKxd/LZdFyq4t4SpXS_S7UNUmaFp8IC/1L0Rc9oenk87faSsX_4w2TDAlCYJxCXrZhq5RShmcPrAwCN0kA3MFaKelexNdFKAbe/RUnR5tEo6igY9e47BioW5bloHFrALK40S4T_pSVPJjdJlean9sbpbxsB9Hgr/ituYkHZJ1iVzBZ8LfqZZvVzoSi7DIHrj9QUkJgayrN6qvBf2iE2/C6IBKGbPq_xkWoqV2z34SaruSis6janYj8D_6Xv9LNBveZ6fuvdvtXaIHdRhNpOfx/kNWldLED8gLvlOhWl8qgK7/rGad_m3zhR4egznMwkXdanT25YnW_pREIBDauSpi6tPCPmtBuS0ifmQ' => '=',
)
[ info ] null
---------------------------------------------------------------

[2020-12-01T20:45:22+08:00] 71.215.73.251 POST 101.132.45.200/
[运行时间：0.004323s] [吞吐率：231.32req/s] [内存消耗：863.81kb] [文件加载：188]
[ info ] [ LANG ] /var/www/mishop/thinkphp/lang/zh-cn.php
[ info ] [ ROUTE ] array (
)
[ info ] [ HEADER ] array (
  'cookie' => 'PHPSESSID=a6ivltkhqllafqp80aj1nists2',
  'cache-control' => 'no-cache',
  'content-length' => '420',
  'host' => '101.132.45.200',
  'user-agent' => 'Mozilla/5.0 (compatible; MSIE 10.0; Windows NT 6.2; WOW64; Trident/6.0)',
  'content-type' => 'application/x-www-form-urlencoded',
)
[ info ] [ PARAM ] array (
  'RPZak9PMYRibv8rI/ZeaPleb1fbXUR5oVnNN90swzRMVuNbllGiET9i4JDjp09M0EI1szgmzXxdH9P3VTBnAQrzf/yiZrDE/wlxY5l39so241U0OiRqw33aLn0kIbmDfaWF1oEoiHu5Vt43nqbXUv3V6UqTCPIpkMnl6Z_qu6NDn0Ie5kS2vZ8QcJVBTab103mGwIQTXmWd7pQuR03JGrMwAAanvo/Aj3kssTBV0PcsWxeMSW2aKi_zW_fD4h2wfMI61eY4/npqcfdOFIQWCDOgnYkIwS6kvQh1kurBXwBumXj2X7JP5VQwnNBepD6leQYiasObVkqyQVYgt1IWraE8t8PNXac1FzFTg/2gJyTNDnmuzJrS7naCxhK8Zn91IGWS7lyMiE/UBF5dTLgDp2J0TDoCRHbid3JQp' => '',
)
[ info ] null
---------------------------------------------------------------

[2020-12-01T20:47:24+08:00] 71.215.73.251 POST 101.132.45.200/
[运行时间：0.004333s] [吞吐率：230.79req/s] [内存消耗：863.56kb] [文件加载：188]
[ info ] [ LANG ] /var/www/mishop/thinkphp/lang/zh-cn.php
[ info ] [ ROUTE ] array (
)
[ info ] [ HEADER ] array (
  'cookie' => 'PHPSESSID=a6ivltkhqllafqp80aj1nists2',
  'cache-control' => 'no-cache',
  'content-length' => '372',
  'host' => '101.132.45.200',
  'user-agent' => 'Mozilla/5.0 (compatible; MSIE 10.0; Windows NT 6.2; WOW64; Trident/6.0)',
  'content-type' => 'application/x-www-form-urlencoded',
)
[ info ] [ PARAM ] array (
  'QvYLktPKMC4PqGERUUR/j8fLvYrI1VlM6PJ2CiKwA0oel2OpAhkimVamZKb6SzdzcODtnPZNQoOHT8MWHnShwOCObMejmC9Q1beOl_MsRCgBKJgPtFYLn1AvkkUPn4uXqEmoPRhb497jzVR6e0HfylqZqQDjnB0_laK/LIStLlmJo0OJzxRMnaOrc0fKCGWlLcLe7xFQQ4QfX2KNDktGurQw0MCLKzueIXrHpo9CZxZKWNz0gsvK47ljNSAZEhOBybwjRpKReCLG4_ObBVQ1sWyd2SgMKUoWk6b/u9lF13SQXmqjddNRRkF5qjoO_bhwHtoDfPvwM_BgjstR4T2u3XHDzZknvGgFDh3fNdwZa7k68xXKKw' => '=',
)
[ info ] null
---------------------------------------------------------------

[2020-12-01T20:49:29+08:00] 71.215.73.251 POST 101.132.45.200/
[运行时间：0.004333s] [吞吐率：230.79req/s] [内存消耗：863.81kb] [文件加载：188]
[ info ] [ LANG ] /var/www/mishop/thinkphp/lang/zh-cn.php
[ info ] [ ROUTE ] array (
)
[ info ] [ HEADER ] array (
  'cookie' => 'PHPSESSID=a6ivltkhqllafqp80aj1nists2',
  'cache-control' => 'no-cache',
  'content-length' => '412',
  'host' => '101.132.45.200',
  'user-agent' => 'Mozilla/5.0 (compatible; MSIE 10.0; Windows NT 6.2; WOW64; Trident/6.0)',
  'content-type' => 'application/x-www-form-urlencoded',
)
[ info ] [ PARAM ] array (
  'RfQMktrNNai8dpcWixvdz80wLL3GtPcI2Gsg3z0dfuza8SWATKvRzsjwBwqMdI7BGiAsdD4odAqRTUDoHrPdDnxz5WlWcC9fYDE2qcXICaKSR/lKM_Bm9ERVYv98MTnmCvJJ1ANHSblOXNJ18TN3j0pHUfEr9kV/kB59bgJ3g3VBxIQ7Lom369qwNi9Ahr9yldcC9tXNiWfCsZfvaodmJnsFQ_MGua_D9bpR9Ko3rFGFKbvujkQcDx6aBMGHWCA3xHj1Y1GaV_3fBRfWil0dgu1Q5EzcuWL30CRdF1xXVorfyQETDQJWpdUVv57hMPL7n29oYJWsOXrEd6IqrNTycEYjPis6ic6Yt8N7N73dGG4jBR/JapY3HqwDPDhjAQ7/hL3ihUqYezYn8wVIHczQWuW6JrgU' => '',
)
[ info ] null
---------------------------------------------------------------

[2020-12-01T20:51:31+08:00] 71.215.73.251 POST 101.132.45.200/
[运行时间：0.004262s] [吞吐率：234.63req/s] [内存消耗：863.44kb] [文件加载：188]
[ info ] [ LANG ] /var/www/mishop/thinkphp/lang/zh-cn.php
[ info ] [ ROUTE ] array (
)
[ info ] [ HEADER ] array (
  'cookie' => 'PHPSESSID=a6ivltkhqllafqp80aj1nists2',
  'cache-control' => 'no-cache',
  'content-length' => '348',
  'host' => '101.132.45.200',
  'user-agent' => 'Mozilla/5.0 (compatible; MSIE 10.0; Windows NT 6.2; WOW64; Trident/6.0)',
  'content-type' => 'application/x-www-form-urlencoded',
)
[ info ] [ PARAM ] array (
  'QqMPwIjNMBzaYDhryEwWXPZwVf9FKqbYjJqa67sWwQwEifdsnVuxMH1C74zadNHJIY/3D1mo6ARKap8HsosFZGtlRHCBzgkzz24R5YDe3dHM7SEtAFPwrmps2rcW3SRDdirWnO5IIxfnUIdLirBkZJbnmQz/NHCrIQXVXUw7i2mLlB7nuplrPcxIvp/yNYo5TbLN_eonGVSMe0PbB6VAvdwxA5HYmF7HotWrGHPlLQZ2SomzVMCPe1mLf49bfbk5ALaUoJNmKZrJFqVrECMqDGs019OF7JRC8nNzARWbDqCqbLK8C6iCobjur3SV7x4bRmVlZ1V3yo3H997tdvJd7NIzzJB7' => '',
)
[ info ] null
---------------------------------------------------------------

[2020-12-01T21:09:06+08:00] 71.215.73.251 POST 101.132.45.200/
[运行时间：0.005238s] [吞吐率：190.91req/s] [内存消耗：863.56kb] [文件加载：188]
[ info ] [ LANG ] /var/www/mishop/thinkphp/lang/zh-cn.php
[ info ] [ ROUTE ] array (
)
[ info ] [ HEADER ] array (
  'cookie' => 'PHPSESSID=a6ivltkhqllafqp80aj1nists2',
  'cache-control' => 'no-cache',
  'content-length' => '368',
  'host' => '101.132.45.200',
  'user-agent' => 'Mozilla/5.0 (compatible; MSIE 10.0; Windows NT 6.2; WOW64; Trident/6.0)',
  'content-type' => 'application/x-www-form-urlencoded',
)
[ info ] [ PARAM ] array (
  'RPdWxNjLMjKKdom/7HvMg0Linu/XfVdfB1BRssoEXtwFQMKrVFRbaKKc5qOac_hXVQsi_elmX0RgOY8_OELdDNCZngbZDBlQsEfHfj61wGXruEPChv5nXp8oYE/F8o8wybzxEmsLdCaktCuNCyz/fbJ_J94WUyqvpCfXzAklaeTR/xLUpz0cEClPdGp05Nk9NglE/Q7FWq4SSxSW59KxrzjBisGzrlKqAVNIyCZxy4tdc0PUs3ebExorguR_Xgqieg_2k_DELYWzKnY2/f0L_0rmrbPxAohOm322bGjVJP9qXs8VMW4xC6PiN1zp7XDFAeDsM6QAWhp8gBHrGHL_n6Tsg4Wpsq8PbN6sSHP47ePh4sJ_' => '',
)
[ info ] null
---------------------------------------------------------------

[2020-12-01T21:11:09+08:00] 71.215.73.251 POST 101.132.45.200/
[运行时间：0.004490s] [吞吐率：222.71req/s] [内存消耗：863.44kb] [文件加载：188]
[ info ] [ LANG ] /var/www/mishop/thinkphp/lang/zh-cn.php
[ info ] [ ROUTE ] array (
)
[ info ] [ HEADER ] array (
  'cookie' => 'PHPSESSID=a6ivltkhqllafqp80aj1nists2',
  'cache-control' => 'no-cache',
  'content-length' => '348',
  'host' => '101.132.45.200',
  'user-agent' => 'Mozilla/5.0 (compatible; MSIE 10.0; Windows NT 6.2; WOW64; Trident/6.0)',
  'content-type' => 'application/x-www-form-urlencoded',
)
[ info ] [ PARAM ] array (
  'EKMPkN7BZDnr_r6urYjtBgIXtwiy3wnbXjAj/LwDK6S9otX8JFc2q1UVE9zh1ISsE0EasmXiuO1hEWcfQYDGaL/Fs/SHgrfzG49JhYacIEDbzfBB2EPrLYz5Bf38IVpUbIruBx7xDtWn4N51ZCKNqvEnbeYXBMpsEDAwwo4dF_kQccIFBFQmjR0BhN/nLmgKtjcGF4rza5XjCO3ZuSpIyoXi0AlsccRUQlzC56v0ldFUTKP2r9lsi9ATJcMarSiFU6zm5HOOrXKpEkDEEVTL9TQXuDy88ihSTNSquZ9zbdP6sqlKfaGNSEFXCs2DKmKftNiG5S62FbIX6p_8JxJQKwu_fKbc' => '',
)
[ info ] null
---------------------------------------------------------------

[2020-12-01T21:13:12+08:00] 71.215.73.251 POST 101.132.45.200/
[运行时间：0.004335s] [吞吐率：230.67req/s] [内存消耗：863.56kb] [文件加载：188]
[ info ] [ LANG ] /var/www/mishop/thinkphp/lang/zh-cn.php
[ info ] [ ROUTE ] array (
)
[ info ] [ HEADER ] array (
  'cookie' => 'PHPSESSID=a6ivltkhqllafqp80aj1nists2',
  'cache-control' => 'no-cache',
  'content-length' => '372',
  'host' => '101.132.45.200',
  'user-agent' => 'Mozilla/5.0 (compatible; MSIE 10.0; Windows NT 6.2; WOW64; Trident/6.0)',
  'content-type' => 'application/x-www-form-urlencoded',
)
[ info ] [ PARAM ] array (
  'EfNWw9nIYAFh4NZ8n1m6wv1wM0cmULjprMtc0lRdYEBIzDYQyew7CiStFzFESvmtG6fDuXrQp5HAN69re8KuJz_esqNBYcesqDVpzqJSPF2mjAaFG__00LyOlARubZG4PDG31TRU_lz7O3h/SiQxH7BZ/Yf3QhjFKKQZucc22Fx1tDYspcpg36UJFvjQb/SNLZQ_FuwLX07LtrJcyj4BjXaWTO_Rv9E1G0qCuqzSJ_5yzrf/pzcajkMQZgC1MZBUWL/yON5QC6hj2B1tEzpr1HuFRZoOJh_6WCmXTxMJmv1y5d/3S25g2NvGI9QSkF//JXUv6rDxkRw1a0ocgOpNJCa6iWY74P4ZLBF1j9V_AHdRiyTNFQ' => '=',
)
[ info ] null
---------------------------------------------------------------

[2020-12-01T21:15:15+08:00] 71.215.73.251 POST 101.132.45.200/
[运行时间：0.004336s] [吞吐率：230.62req/s] [内存消耗：863.81kb] [文件加载：188]
[ info ] [ LANG ] /var/www/mishop/thinkphp/lang/zh-cn.php
[ info ] [ ROUTE ] array (
)
[ info ] [ HEADER ] array (
  'cookie' => 'PHPSESSID=a6ivltkhqllafqp80aj1nists2',
  'cache-control' => 'no-cache',
  'content-length' => '412',
  'host' => '101.132.45.200',
  'user-agent' => 'Mozilla/5.0 (compatible; MSIE 10.0; Windows NT 6.2; WOW64; Trident/6.0)',
  'content-type' => 'application/x-www-form-urlencoded',
)
[ info ] [ PARAM ] array (
  'EfZdyI/JZe0x2_dBHjKUNBMWdPkHI7hyGWdyvMI2TvmARUrfAWkUBUBI01Yydho2SAzZsT88e8qw/qFf/sfQE9X7g6NrIZ9n8svcM/OqVXN_fonsy3FM1pkeqCLHwF42A7egdX3mscn0n9xQ1sK/Ups0T92dHVKxWvSxCLVZa8ti6JioSHNZiwyOO9N5g3NF9OK1JWWzIUkmqXMW8iJqmO/C7Y0jMwOh3/zR0brNlSjnwfJPXChVkK8QeRHDvJEpaJOJ7XDTOK8EC7oRnDfyyrCBgJgqts2XC4ffPGv6PmQL6Y6JMZxy7apLuppGqkozZXrssBnk7BrOPSedexDVhT1nWe2G8RCl8PuShHK2phnwF605QGUPeJKOav1DmUiGF8c/yzpFFSM8qliTK5g5wlHDdFHy' => '',
)
[ info ] null
---------------------------------------------------------------

[2020-12-01T21:15:53+08:00] 92.118.160.57 GET 101.132.45.200:443/
[运行时间：0.004287s] [吞吐率：233.26req/s] [内存消耗：860.78kb] [文件加载：188]
[ info ] [ LANG ] /var/www/mishop/thinkphp/lang/zh-cn.php
[ info ] [ ROUTE ] array (
)
[ info ] [ HEADER ] array (
  'user-agent' => 'NetSystemsResearch studies the availability of various services across the internet. Our website is netsystemsresearch.com',
  'host' => '101.132.45.200:443',
  'content-type' => '',
  'content-length' => '',
)
[ info ] [ PARAM ] array (
)
[ info ] null
---------------------------------------------------------------

[2020-12-01T21:17:17+08:00] 71.215.73.251 POST 101.132.45.200/
[运行时间：0.003788s] [吞吐率：263.99req/s] [内存消耗：863.81kb] [文件加载：188]
[ info ] [ LANG ] /var/www/mishop/thinkphp/lang/zh-cn.php
[ info ] [ ROUTE ] array (
)
[ info ] [ HEADER ] array (
  'cookie' => 'PHPSESSID=a6ivltkhqllafqp80aj1nists2',
  'cache-control' => 'no-cache',
  'content-length' => '404',
  'host' => '101.132.45.200',
  'user-agent' => 'Mozilla/5.0 (compatible; MSIE 10.0; Windows NT 6.2; WOW64; Trident/6.0)',
  'content-type' => 'application/x-www-form-urlencoded',
)
[ info ] [ PARAM ] array (
  'FvNZwY7JYBjt5pLVz4IQ9QI02NIQubuD8cVZKalNHJrSIlsMQQNmlrJdB5iuZ2v457vipjXh8G1Yb5eI2aBvFmnD1skf_Ztup_fj9e46GUrf2xiuspgAhIv9SZ/b5GOX8nHLGAUTu3hxXo9BTuNNq1D5nohtbdvOhYBvdeDiHHqRcnDjdkTKkZyo5xH55OsvXCPZSXbx_UZxK39DkND4pJJdT7qud/2RdBuUFpL7iu_VIVQlgpa_85h0qIYtxRCLVIW/PSXdTylC2KHALyK51bbbuVInQbsiXyRgi8V/Fai4QwXBoJ0zqsk55ZImR5RnLzMPcSauah0eXHlKNdT1geZ_Pn_nIvAshWMX26dXAUQie8Taq823Kx4egEJxaOzWy5GxLbfqrl4v69hnyg' => '=',
)
[ info ] null
---------------------------------------------------------------

[2020-12-01T21:51:52+08:00] 192.241.221.114 GET 101.132.45.200/
[运行时间：0.004550s] [吞吐率：219.78req/s] [内存消耗：861.39kb] [文件加载：188]
[ info ] [ LANG ] /var/www/mishop/thinkphp/lang/zh-cn.php
[ info ] [ ROUTE ] array (
)
[ info ] [ HEADER ] array (
  'accept-encoding' => 'gzip',
  'accept' => '*/*',
  'user-agent' => 'Mozilla/5.0 zgrab/0.x',
  'host' => '101.132.45.200',
  'content-type' => '',
  'content-length' => '',
)
[ info ] [ PARAM ] array (
)
[ info ] null
---------------------------------------------------------------

[2020-12-01T22:59:36+08:00] 122.228.19.79 GET 101.132.45.200:443/
[运行时间：0.004295s] [吞吐率：232.82req/s] [内存消耗：861.66kb] [文件加载：188]
[ info ] [ LANG ] /var/www/mishop/thinkphp/lang/zh-cn.php
[ info ] [ ROUTE ] array (
)
[ info ] [ HEADER ] array (
  'connection' => 'keep-alive',
  'accept' => '*/*',
  'user-agent' => 'Mozilla/5.0 (Macintosh; Intel Mac OS X 10.11; rv:47.0) Gecko/20100101 Firefox/47.0',
  'host' => '101.132.45.200:443',
  'content-type' => '',
  'content-length' => '',
)
[ info ] [ PARAM ] array (
)
[ info ] null
---------------------------------------------------------------

[2020-12-01T22:59:36+08:00] 122.228.19.79 GET 101.132.45.200:443/
[运行时间：0.003205s] [吞吐率：312.01req/s] [内存消耗：862.29kb] [文件加载：188]
[ info ] [ LANG ] /var/www/mishop/thinkphp/lang/zh-cn.php
[ info ] [ ROUTE ] array (
)
[ info ] [ HEADER ] array (
  'connection' => 'close',
  'accept-encoding' => 'gzip',
  'accept' => '*/*',
  'user-agent' => 'Mozilla/5.0 (Windows NT 6.1; WOW64) AppleWebKit/537.36 (KHTML, like Gecko) Chrome/63.0.3239.132 Safari/537.36 QIHU 360SE',
  'host' => '101.132.45.200:443',
  'content-type' => '',
  'content-length' => '',
)
[ info ] [ PARAM ] array (
)
[ info ] null
---------------------------------------------------------------

[2020-12-01T23:17:05+08:00] 47.94.39.226 GET /
[运行时间：0.004503s] [吞吐率：222.07req/s] [内存消耗：859.20kb] [文件加载：188]
[ info ] [ LANG ] /var/www/mishop/thinkphp/lang/zh-cn.php
[ info ] [ ROUTE ] array (
)
[ info ] [ HEADER ] array (
  'content-type' => '',
  'content-length' => '',
)
[ info ] [ PARAM ] array (
)
[ info ] null
---------------------------------------------------------------

[2020-12-01T23:27:26+08:00] 104.196.123.118 GET 101.132.45.200/.env
[运行时间：0.003252s] [吞吐率：307.50req/s] [内存消耗：522.77kb] [文件加载：109]
[ info ] [ LANG ] /var/www/mishop/thinkphp/lang/zh-cn.php
---------------------------------------------------------------

[2020-12-01T23:27:29+08:00] 104.196.123.118 POST 101.132.45.200/
[运行时间：0.006216s] [吞吐率：160.87req/s] [内存消耗：862.08kb] [文件加载：188]
[ info ] [ LANG ] /var/www/mishop/thinkphp/lang/zh-cn.php
[ info ] [ ROUTE ] array (
)
[ info ] [ HEADER ] array (
  'content-type' => 'application/x-www-form-urlencoded',
  'content-length' => '20',
  'user-agent' => 'Mozilla/5.0 (X11; Linux x86_64) AppleWebKit/537.36 (KHTML, like Gecko) Chrome/81.0.4044.129 Safari/537.36',
  'accept' => '*/*',
  'accept-encoding' => 'gzip, deflate',
  'connection' => 'keep-alive',
  'host' => '101.132.45.200',
)
[ info ] [ PARAM ] array (
  '0x' => 
  array (
    0 => 'androxgh0st',
  ),
)
[ info ] null
---------------------------------------------------------------

[2020-12-01T23:46:14+08:00] 45.153.203.175 GET 101.132.45.200:443/
[运行时间：0.004532s] [吞吐率：220.65req/s] [内存消耗：864.21kb] [文件加载：188]
[ info ] [ LANG ] /var/www/mishop/thinkphp/lang/zh-cn.php
[ info ] [ ROUTE ] array (
)
[ info ] [ HEADER ] array (
  'upgrade-insecure-requests' => '1',
  'connection' => 'close',
  'accept-encoding' => 'gzip, deflate',
  'accept-language' => 'en-GB,en;q=0.5',
  'accept' => 'text/html,application/xhtml+xml,application/xml;q=0.9,image/webp,*/*;q=0.8',
  'user-agent' => 'Mozilla/5.0 (X11; Ubuntu; Linux x86_64; rv:76.0) Gecko/20100101 Firefox/76.0',
  'host' => '101.132.45.200:443',
  'content-type' => '',
  'content-length' => '',
)
[ info ] [ PARAM ] array (
)
[ info ] null
