---------------------------------------------------------------

[2020-12-18T00:09:53+08:00] 183.136.225.56 GET 101.132.45.200/
[运行时间：0.006037s] [吞吐率：165.65req/s] [内存消耗：861.79kb] [文件加载：188]
[ info ] [ LANG ] /var/www/mishop/thinkphp/lang/zh-cn.php
[ info ] [ ROUTE ] array (
)
[ info ] [ HEADER ] array (
  'connection' => 'keep-alive',
  'accept' => '*/*',
  'user-agent' => 'Baiduspider+(+http://www.baidu.com/search/spider.htm);googlebot|baiduspider|baidu|spider|sogou|bingbot|bot|yahoo|soso|sosospider|360spider|youdaobot|jikeSpider;)',
  'host' => '101.132.45.200',
  'content-type' => '',
  'content-length' => '',
)
[ info ] [ PARAM ] array (
)
[ info ] null
---------------------------------------------------------------

[2020-12-18T00:53:08+08:00] 52.152.168.103 GET 101.132.45.200/.env
[运行时间：0.003221s] [吞吐率：310.46req/s] [内存消耗：522.77kb] [文件加载：109]
[ info ] [ LANG ] /var/www/mishop/thinkphp/lang/zh-cn.php
---------------------------------------------------------------

[2020-12-18T01:18:03+08:00] 159.65.8.41 GET 101.132.45.200/
[运行时间：0.006000s] [吞吐率：166.67req/s] [内存消耗：862.07kb] [文件加载：188]
[ info ] [ LANG ] /var/www/mishop/thinkphp/lang/zh-cn.php
[ info ] [ ROUTE ] array (
)
[ info ] [ HEADER ] array (
  'connection' => 'close',
  'accept-encoding' => 'gzip',
  'accept-charset' => 'utf-8',
  'user-agent' => 'httpx - Open-source project (github.com/projectdiscovery/httpx)',
  'host' => '101.132.45.200',
  'content-type' => '',
  'content-length' => '',
)
[ info ] [ PARAM ] array (
)
[ info ] null
---------------------------------------------------------------

[2020-12-18T03:47:45+08:00] 92.118.160.1 GET 101.132.45.200:443/
[运行时间：0.004843s] [吞吐率：206.48req/s] [内存消耗：860.78kb] [文件加载：188]
[ info ] [ LANG ] /var/www/mishop/thinkphp/lang/zh-cn.php
[ info ] [ ROUTE ] array (
)
[ info ] [ HEADER ] array (
  'user-agent' => 'NetSystemsResearch studies the availability of various services across the internet. Our website is netsystemsresearch.com',
  'host' => '101.132.45.200:443',
  'content-type' => '',
  'content-length' => '',
)
[ info ] [ PARAM ] array (
)
[ info ] null
---------------------------------------------------------------

[2020-12-18T04:45:14+08:00] 192.241.239.114 GET 101.132.45.200/
[运行时间：0.004774s] [吞吐率：209.46req/s] [内存消耗：861.39kb] [文件加载：188]
[ info ] [ LANG ] /var/www/mishop/thinkphp/lang/zh-cn.php
[ info ] [ ROUTE ] array (
)
[ info ] [ HEADER ] array (
  'accept-encoding' => 'gzip',
  'accept' => '*/*',
  'user-agent' => 'Mozilla/5.0 zgrab/0.x',
  'host' => '101.132.45.200',
  'content-type' => '',
  'content-length' => '',
)
[ info ] [ PARAM ] array (
)
[ info ] null
---------------------------------------------------------------

[2020-12-18T05:31:43+08:00] 192.241.238.90 GET 101.132.45.200/owa/auth/logon.aspx?url=https%3a%2f%2f1%2fecp%2f
[运行时间：0.003699s] [吞吐率：270.34req/s] [内存消耗：522.79kb] [文件加载：109]
[ info ] [ LANG ] /var/www/mishop/thinkphp/lang/zh-cn.php
---------------------------------------------------------------

[2020-12-18T07:14:17+08:00] 83.97.20.30 GET 101.132.45.200:443/
[运行时间：0.005008s] [吞吐率：199.68req/s] [内存消耗：860.38kb] [文件加载：188]
[ info ] [ LANG ] /var/www/mishop/thinkphp/lang/zh-cn.php
[ info ] [ ROUTE ] array (
)
[ info ] [ HEADER ] array (
  'connection' => 'close',
  'host' => '101.132.45.200:443',
  'content-type' => '',
  'content-length' => '',
)
[ info ] [ PARAM ] array (
)
[ info ] null
---------------------------------------------------------------

[2020-12-18T07:14:54+08:00] 83.97.20.30 GET 101.132.45.200/https://open.weixin.qq.com/connect/oauth2/authorize?appid=wxe846b6db8a21a631&redirect_uri=https%3A%2F%2F101.132.45.200%3A443%2F&response_type=code&scope=snsapi_userinfo&state=4621239e46c7aac184c15363127f88e3&connect_redirect=1#wechat_redirect
[运行时间：0.003028s] [吞吐率：330.26req/s] [内存消耗：523.20kb] [文件加载：109]
[ info ] [ LANG ] /var/www/mishop/thinkphp/lang/zh-cn.php
---------------------------------------------------------------

[2020-12-18T08:26:19+08:00] 119.23.174.205 GET /
[运行时间：0.004497s] [吞吐率：222.37req/s] [内存消耗：859.20kb] [文件加载：188]
[ info ] [ LANG ] /var/www/mishop/thinkphp/lang/zh-cn.php
[ info ] [ ROUTE ] array (
)
[ info ] [ HEADER ] array (
  'content-type' => '',
  'content-length' => '',
)
[ info ] [ PARAM ] array (
)
[ info ] null
---------------------------------------------------------------

[2020-12-18T08:55:34+08:00] 198.20.124.218 GET 101.132.45.200/
[运行时间：0.004270s] [吞吐率：234.19req/s] [内存消耗：861.73kb] [文件加载：188]
[ info ] [ LANG ] /var/www/mishop/thinkphp/lang/zh-cn.php
[ info ] [ ROUTE ] array (
)
[ info ] [ HEADER ] array (
  'accept-encoding' => 'gzip',
  'accept' => '*/*',
  'user-agent' => 'Mozilla/5.0 (Windows NT 10.0; Win64; x64) AppleWebKit/537.36 (KHTML, like Gecko) Chrome/60.0.3112.113 Safari/537.36',
  'host' => '101.132.45.200',
  'content-type' => '',
  'content-length' => '',
)
[ info ] [ PARAM ] array (
)
[ info ] null
---------------------------------------------------------------

[2020-12-18T10:23:20+08:00] 47.101.198.216 GET 101.132.45.200/
[运行时间：0.004738s] [吞吐率：211.06req/s] [内存消耗：861.63kb] [文件加载：188]
[ info ] [ LANG ] /var/www/mishop/thinkphp/lang/zh-cn.php
[ info ] [ ROUTE ] array (
)
[ info ] [ HEADER ] array (
  'accept-encoding' => 'gzip',
  'connection' => 'Keep-Alive',
  'host' => '101.132.45.200',
  'user-agent' => 'Mozilla/5.0 (X11; Ubuntu; Linux x86_64; rv:36.0) Gecko/20100101 Firefox/36.0',
  'content-type' => '',
  'content-length' => '',
)
[ info ] [ PARAM ] array (
)
[ info ] null
---------------------------------------------------------------

[2020-12-18T13:17:43+08:00] 184.105.139.69 GET 101.132.45.200/
[运行时间：0.004411s] [吞吐率：226.71req/s] [内存消耗：859.82kb] [文件加载：188]
[ info ] [ LANG ] /var/www/mishop/thinkphp/lang/zh-cn.php
[ info ] [ ROUTE ] array (
)
[ info ] [ HEADER ] array (
  'host' => '101.132.45.200',
  'content-type' => '',
  'content-length' => '',
)
[ info ] [ PARAM ] array (
)
[ info ] null
---------------------------------------------------------------

[2020-12-18T13:33:19+08:00] 157.230.143.29 GET 101.132.45.200/
[运行时间：0.005347s] [吞吐率：187.02req/s] [内存消耗：861.61kb] [文件加载：188]
[ info ] [ LANG ] /var/www/mishop/thinkphp/lang/zh-cn.php
[ info ] [ ROUTE ] array (
)
[ info ] [ HEADER ] array (
  'accept-encoding' => 'gzip',
  'accept' => '*/*',
  'user-agent' => 'Mozilla/5.0 (Macintosh; Intel Mac OS X 10.13; rv:61.0) Gecko/20100101 Firefox/72.0',
  'host' => '101.132.45.200',
  'content-type' => '',
  'content-length' => '',
)
[ info ] [ PARAM ] array (
)
[ info ] null
---------------------------------------------------------------

[2020-12-18T14:42:19+08:00] 128.14.133.58 GET 101.132.45.200/
[运行时间：0.004478s] [吞吐率：223.32req/s] [内存消耗：861.73kb] [文件加载：188]
[ info ] [ LANG ] /var/www/mishop/thinkphp/lang/zh-cn.php
[ info ] [ ROUTE ] array (
)
[ info ] [ HEADER ] array (
  'accept-encoding' => 'gzip',
  'accept' => '*/*',
  'user-agent' => 'Mozilla/5.0 (Windows NT 10.0; Win64; x64) AppleWebKit/537.36 (KHTML, like Gecko) Chrome/60.0.3112.113 Safari/537.36',
  'host' => '101.132.45.200',
  'content-type' => '',
  'content-length' => '',
)
[ info ] [ PARAM ] array (
)
[ info ] null
---------------------------------------------------------------

[2020-12-18T16:07:46+08:00] 120.78.231.236 GET /
[运行时间：0.004592s] [吞吐率：217.77req/s] [内存消耗：859.20kb] [文件加载：188]
[ info ] [ LANG ] /var/www/mishop/thinkphp/lang/zh-cn.php
[ info ] [ ROUTE ] array (
)
[ info ] [ HEADER ] array (
  'content-type' => '',
  'content-length' => '',
)
[ info ] [ PARAM ] array (
)
[ info ] null
---------------------------------------------------------------

[2020-12-18T19:21:37+08:00] 45.227.255.233 GET 101.132.45.200/
[运行时间：0.004364s] [吞吐率：229.15req/s] [内存消耗：861.61kb] [文件加载：188]
[ info ] [ LANG ] /var/www/mishop/thinkphp/lang/zh-cn.php
[ info ] [ ROUTE ] array (
)
[ info ] [ HEADER ] array (
  'accept-language' => 'en',
  'user-agent' => 'Mozilla/5.0 (X11; Linux x86_64) AppleWebKit/537.36 (KHTML, like Gecko) Chrome/72.0.3626.121 Safari/537.36',
  'accept' => '*/*',
  'host' => '101.132.45.200',
  'content-type' => '',
  'content-length' => '',
)
[ info ] [ PARAM ] array (
)
[ info ] null
---------------------------------------------------------------

[2020-12-18T20:50:07+08:00] 81.70.145.230 GET 101.132.45.200/api/moutai/V1.0/getCode?formData=IcXAEcVZKegkVlvUBOwo5UD6j9XnNr8%2BRHb/oroLg6jyLJ46tlhm%2BDUS7irokAf90BRuIVHVwA/J7gVRS5hrPzXcVtllmeYTHLpMM7EyJlj9Su%2BPksc89SnSlnsnaFHWaGTqAfbrMkTwjlr6MFFxMJd5bJDfAylFP6LAonnbyAbWNnJuXvdYEDz0uMZS8y8YNRbZJ/YBY9ygT0bVabUCKnG7VijoNb3s6YOqUw0euIA%3D
[运行时间：0.003711s] [吞吐率：269.47req/s] [内存消耗：561.66kb] [文件加载：120]
[ info ] [ LANG ] /var/www/mishop/thinkphp/lang/zh-cn.php
[ info ] [ ROUTE ] array (
)
[ info ] [ HEADER ] array (
  'referer' => 'https://wechat-applet.beijing-hualian.com/maotai/maotai_112.html?token=iAfEW63s/6OsSkWOuQkjk7ulUOPV+YaXCC1kMFlukCI=&channelId=3&moutaiPromoId=112&phone=',
  'token' => 'iAfEW63s/6OsSkWOuQkjk7ulUOPV+YaXCC1kMFlukCI=',
  'content-type' => 'application/x-www-form-urlencoded',
  'connection' => 'keep-alive',
  'accept' => '*/*',
  'accept-encoding' => 'deflate, br',
  'user-agent' => 'Mozilla/5.0 (Windows NT 6.1; WOW64) AppleWebKit/537.36 (KHTML, like Gecko) Chrome/53.0.2785.143 Safari/537.36 MicroMessenger/7.0.9.501 NetType/WIFI MiniProgramEnv/Windows WindowsWechat',
  'host' => '101.132.45.200',
  'content-length' => '',
)
[ info ] [ PARAM ] array (
  'formData' => 'IcXAEcVZKegkVlvUBOwo5UD6j9XnNr8+RHb/oroLg6jyLJ46tlhm+DUS7irokAf90BRuIVHVwA/J7gVRS5hrPzXcVtllmeYTHLpMM7EyJlj9Su+Pksc89SnSlnsnaFHWaGTqAfbrMkTwjlr6MFFxMJd5bJDfAylFP6LAonnbyAbWNnJuXvdYEDz0uMZS8y8YNRbZJ/YBY9ygT0bVabUCKnG7VijoNb3s6YOqUw0euIA=',
)
---------------------------------------------------------------

[2020-12-18T22:27:36+08:00] 47.254.170.110 GET 101.132.45.200:443/
[运行时间：0.004863s] [吞吐率：205.63req/s] [内存消耗：861.48kb] [文件加载：188]
[ info ] [ LANG ] /var/www/mishop/thinkphp/lang/zh-cn.php
[ info ] [ ROUTE ] array (
)
[ info ] [ HEADER ] array (
  'connection' => 'close',
  'accept-encoding' => 'gzip',
  'user-agent' => 'Go-http-client/1.1',
  'host' => '101.132.45.200:443',
  'content-type' => '',
  'content-length' => '',
)
[ info ] [ PARAM ] array (
)
[ info ] null
---------------------------------------------------------------

[2020-12-18T22:27:37+08:00] 47.254.170.110 GET 101.132.45.200:443/dns-query?dns=AAABAAABAAAAAAAAA3d3dwViYWlkdQNjb20AAAEAAQ
[运行时间：0.002716s] [吞吐率：368.18req/s] [内存消耗：522.82kb] [文件加载：109]
[ info ] [ LANG ] /var/www/mishop/thinkphp/lang/zh-cn.php
---------------------------------------------------------------

[2020-12-18T23:24:47+08:00] 192.241.226.135 GET 101.132.45.200/actuator/health
[运行时间：0.003373s] [吞吐率：296.48req/s] [内存消耗：522.78kb] [文件加载：109]
[ info ] [ LANG ] /var/www/mishop/thinkphp/lang/zh-cn.php
