---------------------------------------------------------------

[2020-12-19T00:29:48+08:00] 128.14.134.170 GET 101.132.45.200/Telerik.Web.UI.WebResource.axd?type=rau
[运行时间：0.003243s] [吞吐率：308.36req/s] [内存消耗：522.79kb] [文件加载：109]
[ info ] [ LANG ] /var/www/mishop/thinkphp/lang/zh-cn.php
---------------------------------------------------------------

[2020-12-19T00:48:00+08:00] 101.251.238.50 GET 101.132.45.200:443/
[运行时间：0.004632s] [吞吐率：215.89req/s] [内存消耗：862.54kb] [文件加载：188]
[ info ] [ LANG ] /var/www/mishop/thinkphp/lang/zh-cn.php
[ info ] [ ROUTE ] array (
)
[ info ] [ HEADER ] array (
  'accept' => 'application/json, text/plain, */*',
  'accept-charset' => 'GBK,utf-8;q=0.7,*;q=0.3',
  'accept-language' => 'zh-CN,zh;q=0.8,en-US;q=0.5,en;q=0.3',
  'user-agent' => 'Mozilla/5.0 (Windows NT 10.0; Win64; x64; rv:79.0) Gecko/20100101 Firefox/79.0',
  'host' => '101.132.45.200:443',
  'content-type' => '',
  'content-length' => '',
)
[ info ] [ PARAM ] array (
)
[ info ] null
---------------------------------------------------------------

[2020-12-19T04:20:45+08:00] 178.73.215.171 GET /
[运行时间：0.006291s] [吞吐率：158.96req/s] [内存消耗：859.74kb] [文件加载：188]
[ info ] [ LANG ] /var/www/mishop/thinkphp/lang/zh-cn.php
[ info ] [ ROUTE ] array (
)
[ info ] [ HEADER ] array (
  'accept' => '*/*',
  'content-type' => '',
  'content-length' => '',
)
[ info ] [ PARAM ] array (
)
[ info ] null
---------------------------------------------------------------

[2020-12-19T04:23:09+08:00] 106.14.83.111 GET /
[运行时间：0.005246s] [吞吐率：190.62req/s] [内存消耗：859.20kb] [文件加载：188]
[ info ] [ LANG ] /var/www/mishop/thinkphp/lang/zh-cn.php
[ info ] [ ROUTE ] array (
)
[ info ] [ HEADER ] array (
  'content-type' => '',
  'content-length' => '',
)
[ info ] [ PARAM ] array (
)
[ info ] null
---------------------------------------------------------------

[2020-12-19T04:25:12+08:00] 106.14.83.111 GET 101.132.45.200/nmaplowercheck1608323112
[运行时间：0.002982s] [吞吐率：335.36req/s] [内存消耗：522.80kb] [文件加载：109]
[ info ] [ LANG ] /var/www/mishop/thinkphp/lang/zh-cn.php
---------------------------------------------------------------

[2020-12-19T04:25:12+08:00] 106.14.83.111 GET 101.132.45.200/evox/about
[运行时间：0.002406s] [吞吐率：415.65req/s] [内存消耗：522.78kb] [文件加载：109]
[ info ] [ LANG ] /var/www/mishop/thinkphp/lang/zh-cn.php
---------------------------------------------------------------

[2020-12-19T04:25:13+08:00] 106.14.83.111 GET 101.132.45.200/HNAP1
[运行时间：0.002617s] [吞吐率：382.10req/s] [内存消耗：522.77kb] [文件加载：109]
[ info ] [ LANG ] /var/www/mishop/thinkphp/lang/zh-cn.php
---------------------------------------------------------------

[2020-12-19T04:25:49+08:00] 106.14.83.111 POST 101.132.45.200/sdk
[运行时间：0.002494s] [吞吐率：400.99req/s] [内存消耗：522.52kb] [文件加载：109]
[ info ] [ LANG ] /var/www/mishop/thinkphp/lang/zh-cn.php
---------------------------------------------------------------

[2020-12-19T04:26:16+08:00] 106.14.83.111 GET /
[运行时间：0.004422s] [吞吐率：226.14req/s] [内存消耗：859.20kb] [文件加载：188]
[ info ] [ LANG ] /var/www/mishop/thinkphp/lang/zh-cn.php
[ info ] [ ROUTE ] array (
)
[ info ] [ HEADER ] array (
  'content-type' => '',
  'content-length' => '',
)
[ info ] [ PARAM ] array (
)
[ info ] null
---------------------------------------------------------------

[2020-12-19T04:26:16+08:00] 106.14.83.111 GET 101.132.45.200/
[运行时间：0.003270s] [吞吐率：305.82req/s] [内存消耗：859.82kb] [文件加载：188]
[ info ] [ LANG ] /var/www/mishop/thinkphp/lang/zh-cn.php
[ info ] [ ROUTE ] array (
)
[ info ] [ HEADER ] array (
  'host' => '101.132.45.200',
  'content-type' => '',
  'content-length' => '',
)
[ info ] [ PARAM ] array (
)
[ info ] null
---------------------------------------------------------------

[2020-12-19T04:31:28+08:00] 47.101.198.126 GET 101.132.45.200/
[运行时间：0.005626s] [吞吐率：177.75req/s] [内存消耗：861.63kb] [文件加载：188]
[ info ] [ LANG ] /var/www/mishop/thinkphp/lang/zh-cn.php
[ info ] [ ROUTE ] array (
)
[ info ] [ HEADER ] array (
  'accept-encoding' => 'gzip',
  'connection' => 'Keep-Alive',
  'host' => '101.132.45.200',
  'user-agent' => 'Mozilla/5.0 (X11; Ubuntu; Linux x86_64; rv:36.0) Gecko/20100101 Firefox/36.0',
  'content-type' => '',
  'content-length' => '',
)
[ info ] [ PARAM ] array (
)
[ info ] null
---------------------------------------------------------------

[2020-12-19T06:24:57+08:00] 198.143.146.34 GET 101.132.45.200/
[运行时间：0.004791s] [吞吐率：208.72req/s] [内存消耗：861.73kb] [文件加载：188]
[ info ] [ LANG ] /var/www/mishop/thinkphp/lang/zh-cn.php
[ info ] [ ROUTE ] array (
)
[ info ] [ HEADER ] array (
  'accept-encoding' => 'gzip',
  'accept' => '*/*',
  'user-agent' => 'Mozilla/5.0 (Windows NT 10.0; Win64; x64) AppleWebKit/537.36 (KHTML, like Gecko) Chrome/60.0.3112.113 Safari/537.36',
  'host' => '101.132.45.200',
  'content-type' => '',
  'content-length' => '',
)
[ info ] [ PARAM ] array (
)
[ info ] null
---------------------------------------------------------------

[2020-12-19T07:24:36+08:00] 193.118.53.210 GET 101.132.45.200/remote/login
[运行时间：0.003428s] [吞吐率：291.72req/s] [内存消耗：522.78kb] [文件加载：109]
[ info ] [ LANG ] /var/www/mishop/thinkphp/lang/zh-cn.php
---------------------------------------------------------------

[2020-12-19T08:15:33+08:00] 74.82.47.3 GET 101.132.45.200/
[运行时间：0.004487s] [吞吐率：222.86req/s] [内存消耗：859.82kb] [文件加载：188]
[ info ] [ LANG ] /var/www/mishop/thinkphp/lang/zh-cn.php
[ info ] [ ROUTE ] array (
)
[ info ] [ HEADER ] array (
  'host' => '101.132.45.200',
  'content-type' => '',
  'content-length' => '',
)
[ info ] [ PARAM ] array (
)
[ info ] null
---------------------------------------------------------------

[2020-12-19T08:34:05+08:00] 47.93.180.168 GET /
[运行时间：0.004819s] [吞吐率：207.51req/s] [内存消耗：859.20kb] [文件加载：188]
[ info ] [ LANG ] /var/www/mishop/thinkphp/lang/zh-cn.php
[ info ] [ ROUTE ] array (
)
[ info ] [ HEADER ] array (
  'content-type' => '',
  'content-length' => '',
)
[ info ] [ PARAM ] array (
)
[ info ] null
---------------------------------------------------------------

[2020-12-19T10:20:15+08:00] 106.14.104.214 GET /
[运行时间：0.004510s] [吞吐率：221.73req/s] [内存消耗：859.20kb] [文件加载：188]
[ info ] [ LANG ] /var/www/mishop/thinkphp/lang/zh-cn.php
[ info ] [ ROUTE ] array (
)
[ info ] [ HEADER ] array (
  'content-type' => '',
  'content-length' => '',
)
[ info ] [ PARAM ] array (
)
[ info ] null
---------------------------------------------------------------

[2020-12-19T12:47:53+08:00] 47.101.41.252 GET 101.132.45.200/
[运行时间：0.004660s] [吞吐率：214.59req/s] [内存消耗：861.63kb] [文件加载：188]
[ info ] [ LANG ] /var/www/mishop/thinkphp/lang/zh-cn.php
[ info ] [ ROUTE ] array (
)
[ info ] [ HEADER ] array (
  'accept-encoding' => 'gzip',
  'connection' => 'Keep-Alive',
  'host' => '101.132.45.200',
  'user-agent' => 'Mozilla/5.0 chrome(windows nt/Windows NT;)Chrome',
  'content-type' => '',
  'content-length' => '',
)
[ info ] [ PARAM ] array (
)
[ info ] null
---------------------------------------------------------------

[2020-12-19T15:51:44+08:00] 81.70.145.230 POST 101.132.45.200/api/moutai/V3.0/buy_moutai
[运行时间：0.003476s] [吞吐率：287.69req/s] [内存消耗：562.20kb] [文件加载：120]
[ info ] [ LANG ] /var/www/mishop/thinkphp/lang/zh-cn.php
[ info ] [ ROUTE ] array (
)
[ info ] [ HEADER ] array (
  'content-length' => '471',
  'referer' => 'https://wechat-applet.beijing-hualian.com/maotai/maotai_151.html?token=iAfEW63s/6OsSkWOuQkjk7ulUOPV+YaXCC1kMFlukCI=&channelId=3&moutaiPromoId=151&phone=13520215231',
  'token' => 'iAfEW63s/6OsSkWOuQkjk7ulUOPV+YaXCC1kMFlukCI=',
  'content-type' => 'application/x-www-form-urlencoded',
  'connection' => 'keep-alive',
  'accept' => '*/*',
  'accept-encoding' => 'deflate, br',
  'user-agent' => 'Mozilla/5.0 (Windows NT 6.1; WOW64) AppleWebKit/537.36 (KHTML, like Gecko) Chrome/53.0.2785.143 Safari/537.36 MicroMessenger/7.0.9.501 NetType/WIFI MiniProgramEnv/Windows WindowsWechat',
  'host' => '101.132.45.200',
)
[ info ] [ PARAM ] array (
  'formData' => 'hzqeHQs1LE7Cxj2TP7kwUVkXLti+J57mIvdnxYqhuTHbFuWPy1QG85RNHHjQQoviukVHb6Kr4/8/qIoaQFrSsgm0dL4my+1piptiF2g+XIz1W5AEwesohFOmb8H3JG/S6YBJuw6ZjMZa/Co2tCzruNFJUKuZTf5firNC32goaw7Xm/o78G7IELGzzsccQOTNSvTVd9neM7rRYciiAMRwp8kHsDkyorkIPj7opf01uZmZzqwoLL8K1AG2tsc+5W+yfL8RuLy0tfu2hOI5XPA3bl1n62/NQiH4+s7gu5W2Iq0ijvcUUi07WQhvTZkuA0LJ0A2qChUSaoV2XFXeCsnwGak/W4VcCSez3JFt0NpZW/PcKGFUoUjN/EvPYO3ORZuTu0qc0J7HhXUR6U2/JIgHhvfZkyAUJ2RQU9+D/rw0V6DH4OlC02UadixXurJfM8PP',
)
---------------------------------------------------------------

[2020-12-19T17:49:09+08:00] 152.136.138.183 POST 101.132.45.200/api/moutai/V3.0/buy_moutai
[运行时间：0.003727s] [吞吐率：268.32req/s] [内存消耗：562.20kb] [文件加载：120]
[ info ] [ LANG ] /var/www/mishop/thinkphp/lang/zh-cn.php
[ info ] [ ROUTE ] array (
)
[ info ] [ HEADER ] array (
  'content-length' => '471',
  'referer' => 'https://wechat-applet.beijing-hualian.com/maotai/maotai_151.html?token=iAfEW63s/6OsSkWOuQkjk7ulUOPV+YaXCC1kMFlukCI=&channelId=3&moutaiPromoId=151&phone=13520215231',
  'token' => 'iAfEW63s/6OsSkWOuQkjk7ulUOPV+YaXCC1kMFlukCI=',
  'content-type' => 'application/x-www-form-urlencoded',
  'connection' => 'keep-alive',
  'accept' => '*/*',
  'accept-encoding' => 'deflate, br',
  'user-agent' => 'Mozilla/5.0 (Windows NT 6.1; WOW64) AppleWebKit/537.36 (KHTML, like Gecko) Chrome/53.0.2785.143 Safari/537.36 MicroMessenger/7.0.9.501 NetType/WIFI MiniProgramEnv/Windows WindowsWechat',
  'host' => '101.132.45.200',
)
[ info ] [ PARAM ] array (
  'formData' => 'hzqeHQs1LE7Cxj2TP7kwUVkXLti+J57mIvdnxYqhuTHbFuWPy1QG85RNHHjQQoviukVHb6Kr4/8/qIoaQFrSsgm0dL4my+1piptiF2g+XIz1W5AEwesohFOmb8H3JG/S6YBJuw6ZjMZa/Co2tCzruNFJUKuZTf5firNC32goaw7Xm/o78G7IELGzzsccQOTNSvTVd9neM7rRYciiAMRwp8kHsDkyorkIPj7opf01uZmZzqwoLL8K1AG2tsc+5W+yfL8RuLy0tfu2hOI5XPA3bl1n62/NQiH4+s7gu5W2Iq0ijvcUUi07WQhvTZkuA0LJ0A2qChUSaoV2XFXeCsnwGak/W4VcCSez3JFt0NpZW/PcKGFUoUjN/EvPYO3ORZuTu0qc0J7HhXUR6U2/JIgHhvfZkyAUJ2RQU9+D/rw0V6DH4OlC02UadixXurJfM8PP',
)
---------------------------------------------------------------

[2020-12-19T17:58:17+08:00] 192.241.214.75 GET 101.132.45.200/
[运行时间：0.004765s] [吞吐率：209.87req/s] [内存消耗：861.39kb] [文件加载：188]
[ info ] [ LANG ] /var/www/mishop/thinkphp/lang/zh-cn.php
[ info ] [ ROUTE ] array (
)
[ info ] [ HEADER ] array (
  'accept-encoding' => 'gzip',
  'accept' => '*/*',
  'user-agent' => 'Mozilla/5.0 zgrab/0.x',
  'host' => '101.132.45.200',
  'content-type' => '',
  'content-length' => '',
)
[ info ] [ PARAM ] array (
)
[ info ] null
---------------------------------------------------------------

[2020-12-19T18:19:39+08:00] 192.241.206.204 GET 101.132.45.200/owa/auth/logon.aspx?url=https%3a%2f%2f1%2fecp%2f
[运行时间：0.003642s] [吞吐率：274.57req/s] [内存消耗：522.79kb] [文件加载：109]
[ info ] [ LANG ] /var/www/mishop/thinkphp/lang/zh-cn.php
---------------------------------------------------------------

[2020-12-19T21:52:12+08:00] 20.80.72.187 GET 101.132.45.200/.env
[运行时间：0.003814s] [吞吐率：262.19req/s] [内存消耗：522.77kb] [文件加载：109]
[ info ] [ LANG ] /var/www/mishop/thinkphp/lang/zh-cn.php
---------------------------------------------------------------

[2020-12-19T21:52:12+08:00] 20.80.72.187 POST 101.132.45.200/
[运行时间：0.004761s] [吞吐率：210.04req/s] [内存消耗：862.08kb] [文件加载：188]
[ info ] [ LANG ] /var/www/mishop/thinkphp/lang/zh-cn.php
[ info ] [ ROUTE ] array (
)
[ info ] [ HEADER ] array (
  'content-type' => 'application/x-www-form-urlencoded',
  'content-length' => '20',
  'connection' => 'keep-alive',
  'accept' => '*/*',
  'accept-encoding' => 'gzip, deflate',
  'user-agent' => 'Mozilla/5.0 (X11; Linux x86_64) AppleWebKit/537.36 (KHTML, like Gecko) Chrome/81.0.4044.129 Safari/537.36',
  'host' => '101.132.45.200',
)
[ info ] [ PARAM ] array (
  '0x' => 
  array (
    0 => 'androxgh0st',
  ),
)
[ info ] null
---------------------------------------------------------------

[2020-12-19T22:49:31+08:00] 99.135.172.254 POST 101.132.45.200/
[运行时间：0.004461s] [吞吐率：224.16req/s] [内存消耗：863.63kb] [文件加载：188]
[ info ] [ LANG ] /var/www/mishop/thinkphp/lang/zh-cn.php
[ info ] [ ROUTE ] array (
)
[ info ] [ HEADER ] array (
  'cache-control' => 'no-cache',
  'content-length' => '416',
  'host' => '101.132.45.200',
  'user-agent' => 'Mozilla/4.0 (compatible; MSIE 7.0; Windows NT 6.1; WOW64; Trident/7.0; SLCC2; .NET CLR 2.0.50727; .NET CLR 3.5.30729; .NET CLR 3.0.30729; Media Center PC 6.0; Zoom 3.6.0)',
  'content-type' => 'application/x-www-form-urlencoded',
)
[ info ] [ PARAM ] array (
  'SqMNk4zAbeE3lgnEnTQeBwUz48QnvYGoSMkAHLZzExkBDAvPC79AkzCFJBDE6JHQvUgitP6SLMZwbw2btIqRBwKSgsHyiXhmYJLB2n_tmlRsIq7MzVtid3ebqR1B3jpXKkqlazbEe1i/PFyEzdoraV84vw0Rk5MNBdqNOshdKDeH43urv5NKbZgMw9CutDWc8vDMYlsqRY/zXdPsCKQOYOvkqu5hMI7KggjB5MI8F8zbdhwAUqVKYxXwK6_UVhzY0oirdkqwdtS0Tdt308MA_35qW53p1sZxoHSG48DYh1WD2FeNeAdw6a_HmDRM8mHQ14KvabBqaZewWg/rouH54bzZz8wTQ6ueJdni7Cc59TINGJ_DKDDIxJfcnvaJwavEZXmkk01Mpg5uH5iMwfsXoW734_gRHTk' => '',
)
[ info ] null
---------------------------------------------------------------

[2020-12-19T22:51:41+08:00] 99.135.172.254 POST 101.132.45.200/
[运行时间：0.004532s] [吞吐率：220.65req/s] [内存消耗：863.81kb] [文件加载：188]
[ info ] [ LANG ] /var/www/mishop/thinkphp/lang/zh-cn.php
[ info ] [ ROUTE ] array (
)
[ info ] [ HEADER ] array (
  'cookie' => 'PHPSESSID=i61ihjrav3fbr9mc0mhoc6g9kg',
  'cache-control' => 'no-cache',
  'content-length' => '412',
  'host' => '101.132.45.200',
  'user-agent' => 'Mozilla/5.0 (Windows NT 6.1; WOW64; Trident/7.0; rv:11.0) like Gecko',
  'content-type' => 'application/x-www-form-urlencoded',
)
[ info ] [ PARAM ] array (
  'EKNbxYudZLMmbsDzXh4J/LgRRAm7eQrOebz/FI6HoZ3MbTmetQqNrkUFvdzcvQolMjqCIuwkXhJBOItetrrXbVxySxpz8wFcz5hOHEGVwjt8IrfdWMl90BYdZ2Ck0YVaaOk0OAGgC8u80z_KsiZvZIrt7zFNISkwG_VByDilQCCSj1Af0_AN68eG0/HmY0ktuMJ1WDrKwsh8bkao7CtHSPP9qBSGdUlYvNSRT4igqUKajz_pWy7uAyR4l6nu9gnTmx3zT3G4tEEsNhw33acyJtEGK60Q30FrEWOXYXJ858Al7vtr0bMDSEKe3at/3OL28ItW4hi9MHRvmyqVTgUQKZhDMkGbLR4w/kWYGvvEfp_t3Os89Wxfbt9idEO2DauHZ3_KASH_yYz8D39xRxqoIjXb1Qc' => '',
)
[ info ] null
---------------------------------------------------------------

[2020-12-19T22:53:45+08:00] 99.135.172.254 POST 101.132.45.200/
[运行时间：0.004569s] [吞吐率：218.86req/s] [内存消耗：863.56kb] [文件加载：188]
[ info ] [ LANG ] /var/www/mishop/thinkphp/lang/zh-cn.php
[ info ] [ ROUTE ] array (
)
[ info ] [ HEADER ] array (
  'cookie' => 'PHPSESSID=i61ihjrav3fbr9mc0mhoc6g9kg',
  'cache-control' => 'no-cache',
  'content-length' => '360',
  'host' => '101.132.45.200',
  'user-agent' => 'Mozilla/5.0 (Windows NT 6.1; WOW64; Trident/7.0; rv:11.0) like Gecko',
  'content-type' => 'application/x-www-form-urlencoded',
)
[ info ] [ PARAM ] array (
  'QfBfkI/LNnFDW18bwlRylZ/Av/unva788oQSQpdJvKkJG/x8SaU/Zr3iJXc8SqHCPloaS9U8oG9SKSHRuu/BdP1bJIvqO5Vlow4gRJaA5bHYpI91MAOuCg_vmBiR/SLUZjXJTybAgluLFys7i7jwaf7n/f4D8xkOi1LMODTyFwz3AFfuXV8bPmAoy_cZtZ45QM19EaCfaDZKAZiDluBEFx400m6iTG137K6qY/1PYmTO9StpWl5i9Rqd9tpIHX5L3mrt0mXY9qPeczk7ZEjqc1MDSTnyF5zwBe2_2tekpPpHgcTN2eNvkawDX4lYkdZ/MV8LCN5diSjYEafFrIWRH_8wF8xpNU_IJ1MjTQ' => '=',
)
[ info ] null
---------------------------------------------------------------

[2020-12-19T22:55:48+08:00] 99.135.172.254 POST 101.132.45.200/
[运行时间：0.004317s] [吞吐率：231.65req/s] [内存消耗：863.94kb] [文件加载：188]
[ info ] [ LANG ] /var/www/mishop/thinkphp/lang/zh-cn.php
[ info ] [ ROUTE ] array (
)
[ info ] [ HEADER ] array (
  'cookie' => 'PHPSESSID=i61ihjrav3fbr9mc0mhoc6g9kg',
  'cache-control' => 'no-cache',
  'content-length' => '428',
  'host' => '101.132.45.200',
  'user-agent' => 'Mozilla/5.0 (Windows NT 6.1; WOW64; Trident/7.0; rv:11.0) like Gecko',
  'content-type' => 'application/x-www-form-urlencoded',
)
[ info ] [ PARAM ] array (
  'EKxcyYjMNt6_kxW5qIRbw4en1XNiWhzLmi4ifNyZBvYoHhSNaOtzDnGOMZoNqKqnVLtdOtYz47lLk1Qty3TYErUJrlU0OfJJ3pwAzPxUDS9J/7LeoKFoBo5xrFLVD5bpIeFzs5x2scpx28GmLSHG4GoH03w1wp7UAkPF7bpV4EzwStTnExX/MkW5S8/oLBQmyeG/Y4mzYZrrCcYtxug/z32ZpI0cS8oykeiA3j2BhHzi629hk8bdDHg/ykoJ4DqXEL6s9mvYgZ/06SZWb6qrbeVDH8eOJcgP9UsGyOCrkMFe8a6FrSn06VlhTzl1_OP_uzkWpk6IXNTJW2fTaashTBLuZx3bEh5V_YjoTjyY6K0mB53x1Zcr26xT9ZKofNrh6CQY4WYcEVd4OLjlYTy3MWlJC7oTvOvpUHQiCSqYxnc' => '',
)
[ info ] null
---------------------------------------------------------------

[2020-12-19T22:57:51+08:00] 99.135.172.254 POST 101.132.45.200/
[运行时间：0.004577s] [吞吐率：218.48req/s] [内存消耗：863.94kb] [文件加载：188]
[ info ] [ LANG ] /var/www/mishop/thinkphp/lang/zh-cn.php
[ info ] [ ROUTE ] array (
)
[ info ] [ HEADER ] array (
  'cookie' => 'PHPSESSID=i61ihjrav3fbr9mc0mhoc6g9kg',
  'cache-control' => 'no-cache',
  'content-length' => '436',
  'host' => '101.132.45.200',
  'user-agent' => 'Mozilla/5.0 (Windows NT 6.1; WOW64; Trident/7.0; rv:11.0) like Gecko',
  'content-type' => 'application/x-www-form-urlencoded',
)
[ info ] [ PARAM ] array (
  'FKBfydKZMOalhU2v8iJ31Ai79ku7yArZ1xV1wWqHOyRCHEda96Hsmw5M5Dyo_EubuQzlmXlZweXZkn82YYlxUBB6MzIX/YhXmCS1AtSxBu1DQIrc4XYhzIlNMkyy5qEDtD8gIHBh_TbzDWBNp0Ptpq3JnNNZZEpg631BT4qG2QXKFLbE0nNltl/0dI6NqNo8uivaU6yEEP0D2RtRn5N5b4Lu7HJ6rNJsxGjnTYS7yYKFZDhW0wXUgTWlscVOcy98mKn7reW_GjrbmYI8KatjNjodo2LkDk_1MevX14ufFnhRgxRhk35l8dOWr4ublJE6EwmmffIZDIw2PRSffVnO3FLDXbx1ZO_Jo7bo2aJqPQ2lkMXi7YjttH4RqFU8gIN/7roWBUTGLuUFWeq9Ls9FF/LotMNfzg21rmtPL6nSagLHwd/OyA' => '=',
)
[ info ] null
---------------------------------------------------------------

[2020-12-19T22:59:54+08:00] 99.135.172.254 POST 101.132.45.200/
[运行时间：0.004590s] [吞吐率：217.86req/s] [内存消耗：863.69kb] [文件加载：188]
[ info ] [ LANG ] /var/www/mishop/thinkphp/lang/zh-cn.php
[ info ] [ ROUTE ] array (
)
[ info ] [ HEADER ] array (
  'cookie' => 'PHPSESSID=i61ihjrav3fbr9mc0mhoc6g9kg',
  'cache-control' => 'no-cache',
  'content-length' => '400',
  'host' => '101.132.45.200',
  'user-agent' => 'Mozilla/5.0 (Windows NT 6.1; WOW64; Trident/7.0; rv:11.0) like Gecko',
  'content-type' => 'application/x-www-form-urlencoded',
)
[ info ] [ PARAM ] array (
  'E/Nbk4vOZp_Hf1rX_in0ThtaJh7M68_ftyFOk/Je2ITJBonw7ysG1VnYNz5//zlxJ3ymrHN2lnsY_XdPOePLt7R/X4EPI3ia47QnRmYsC8dOJSHULd5scAYGEdBxvG7nwk5Zyy68DeboYhH4iuBQ5Zcfj6hpwrz/O3Xx//mMDtdjbfvWXVQHo8Vh9AP9aQpp7BSr2o8jxB6thkjfq6BW/YZ6SNticYiNUyZ4sGSKH9o16oXPhKoJUnIIuxrXpgLSDc8_7831N4H92rUyCgbvs593X6B1W1k2fTjGMnJEWrcbytuWKcPDSokPQhSZuGcnmITcBEOwfxT8xawD/W0bjY6Rw1k9CwcmiTegFNyb0AWlCgpMD3J8mGn2pseHM4vH_r1VM8cTVMq2gwcC' => '',
)
[ info ] null
---------------------------------------------------------------

[2020-12-19T23:01:58+08:00] 99.135.172.254 POST 101.132.45.200/
[运行时间：0.004407s] [吞吐率：226.92req/s] [内存消耗：863.56kb] [文件加载：188]
[ info ] [ LANG ] /var/www/mishop/thinkphp/lang/zh-cn.php
[ info ] [ ROUTE ] array (
)
[ info ] [ HEADER ] array (
  'cookie' => 'PHPSESSID=i61ihjrav3fbr9mc0mhoc6g9kg',
  'cache-control' => 'no-cache',
  'content-length' => '384',
  'host' => '101.132.45.200',
  'user-agent' => 'Mozilla/5.0 (Windows NT 6.1; WOW64; Trident/7.0; rv:11.0) like Gecko',
  'content-type' => 'application/x-www-form-urlencoded',
)
[ info ] [ PARAM ] array (
  'E/NZx4ucYkFDdWuNCNAEIODEEQUa6xIW3tCH8hclySlTQtAX4Rqtle3giGUtgGpYpnk_zpJzqXbIj/C2bzKTidYwqnChUUrrt5nRsstCx5gOvjz8KsF3326kPBfQW9wXWotk7NExzLXbQO1tLki39O6cAUqWemzbUnydkBw3iy0TTjO0tGt5Ra1Js/3E7djH93tvz4F8siZcGKKqcXfGt0MF9Wzbax9JzYfe2D2MB36ciIXoH9VHLI8KhNca57A9BBlNSuQPwB_0xx0XmvjO6Ms5YOG9YxULSzhdF4BouGloqBLwWSlMJGh0gIhyqPICPy1p/Pu1e69LIzphLUzAcSL2uD76jmS1dEglQO7RCtqC4IEbnp059ZU/XeQgNw' => '=',
)
[ info ] null
---------------------------------------------------------------

[2020-12-19T23:04:03+08:00] 99.135.172.254 POST 101.132.45.200/
[运行时间：0.004794s] [吞吐率：208.60req/s] [内存消耗：863.81kb] [文件加载：188]
[ info ] [ LANG ] /var/www/mishop/thinkphp/lang/zh-cn.php
[ info ] [ ROUTE ] array (
)
[ info ] [ HEADER ] array (
  'cookie' => 'PHPSESSID=i61ihjrav3fbr9mc0mhoc6g9kg',
  'cache-control' => 'no-cache',
  'content-length' => '420',
  'host' => '101.132.45.200',
  'user-agent' => 'Mozilla/5.0 (Windows NT 6.1; WOW64; Trident/7.0; rv:11.0) like Gecko',
  'content-type' => 'application/x-www-form-urlencoded',
)
[ info ] [ PARAM ] array (
  'QqFflY_aMdlEYSLZwZp/kluBq3JhEcnK3diaGyE3e9Ae6gTb3h5qv09mr058xUHb/e5Y8oT08h83njTAPdrwM4j0ghkPvPLhvujelOn8LCMAS2RN/OAV5czsnRRp1QhBkAjQuk6GBvUm4xEyC1nERkQhJqRtInpDeLt8AnWvBhb4tCXKC0pxjRDVdJCshIk/foYrFMsRRx4mPbvCz6D/HF3TrUYEycilqD5NNF6jHpt/yNGCIr_Qcu7AhQNpkXhLnbwN8vZ66mIgI7eiBkubLqc1JUagrZZtjeUyZimfw7nErGKCyXELicgwGDa0P9If_kUzVR8oGDhxU2VIzjFh0XJeEsflalcY10ZkpO8RmPwksgUyBjExUNuoTrhXvWD5DEMElYJyYCFS4Y9K66bpDvqftIbXXT49YoNm' => '',
)
[ info ] null
---------------------------------------------------------------

[2020-12-19T23:06:09+08:00] 99.135.172.254 POST 101.132.45.200/
[运行时间：0.004434s] [吞吐率：225.54req/s] [内存消耗：863.94kb] [文件加载：188]
[ info ] [ LANG ] /var/www/mishop/thinkphp/lang/zh-cn.php
[ info ] [ ROUTE ] array (
)
[ info ] [ HEADER ] array (
  'cookie' => 'PHPSESSID=i61ihjrav3fbr9mc0mhoc6g9kg',
  'cache-control' => 'no-cache',
  'content-length' => '428',
  'host' => '101.132.45.200',
  'user-agent' => 'Mozilla/5.0 (Windows NT 6.1; WOW64; Trident/7.0; rv:11.0) like Gecko',
  'content-type' => 'application/x-www-form-urlencoded',
)
[ info ] [ PARAM ] array (
  'SvBYlYjNMVvUVWt11zzbyK6g3v4UCcGL3jWOdirg9CBM0/MdUDUysHkOhcuSxKk/50Ci/CDk/vt5mAibzkCO7p_EMn0F0auk7nRVgzqMxeYxH0e0Zm0RfeMuYwtC4nedRW1ul12F8NA8zuQ9MCuqEvU2oxvStdDBfki0SDZL9iSJnLFVnkSbe4tabF9i4fv8jJJpPuMSz35b3kGjERxu_KEYdrgI8lfNb0_yw/1eMTrOeKXZ/gVFTdwRCDw4wn7m2X6UxMpo6bN8kMEhffpUp17IkMtJCk/dAczRUvkAPDQ1gAOMN6ThZ2zMORF4tX1l_nFlSvjbz79mMnsLfU__ssELVm3NJgcELun2vAg4HegLVkun_VjiLHEgGFqUHVO1CYI2h66FBtkXwjFlyae6mB07lQNlKSOS/8GKUY42zJM' => '',
)
[ info ] null
---------------------------------------------------------------

[2020-12-19T23:08:11+08:00] 99.135.172.254 POST 101.132.45.200/
[运行时间：0.004609s] [吞吐率：216.96req/s] [内存消耗：863.56kb] [文件加载：188]
[ info ] [ LANG ] /var/www/mishop/thinkphp/lang/zh-cn.php
[ info ] [ ROUTE ] array (
)
[ info ] [ HEADER ] array (
  'cookie' => 'PHPSESSID=i61ihjrav3fbr9mc0mhoc6g9kg',
  'cache-control' => 'no-cache',
  'content-length' => '364',
  'host' => '101.132.45.200',
  'user-agent' => 'Mozilla/5.0 (Windows NT 6.1; WOW64; Trident/7.0; rv:11.0) like Gecko',
  'content-type' => 'application/x-www-form-urlencoded',
)
[ info ] [ PARAM ] array (
  'R/QIxtvAZkZEjMj1Y0KplJdlawwYzlDnFDXDsOi8XKGtEPkMHHOffZzlFRiO/nmlaW04Oe/_wlG_2AZaW8_Zxirr221ZeOlvg60fTPt/NqGyNzsgd3xKIpu54NqlMPmLLKh6314HMob1ss0jE6UkP99bBzPx9jw9cvbFnRPf2865zJBAnFlv/xQhWUspy1mfhmi3VVMt/t4wreJxzpYrWaxhCJPD0oe6FP0EXtd9GGWO/xGKmfXduD9hdlI7O154PRMnOsEKocmXD5OhN/Mehpa336nc8IztVRQiQbIfRkFgm5ZLkczL9r8nOmQPOqx1e_M/IJ/GhIutdWdZ3DP2GGtPlUL/WlzGTjyYhFfB/7j9' => '',
)
[ info ] null
---------------------------------------------------------------

[2020-12-19T23:25:14+08:00] 83.97.20.30 GET 101.132.45.200:443/
[运行时间：0.004684s] [吞吐率：213.49req/s] [内存消耗：860.38kb] [文件加载：188]
[ info ] [ LANG ] /var/www/mishop/thinkphp/lang/zh-cn.php
[ info ] [ ROUTE ] array (
)
[ info ] [ HEADER ] array (
  'connection' => 'close',
  'host' => '101.132.45.200:443',
  'content-type' => '',
  'content-length' => '',
)
[ info ] [ PARAM ] array (
)
[ info ] null
---------------------------------------------------------------

[2020-12-19T23:47:10+08:00] 74.120.14.37 GET 101.132.45.200:443/
[运行时间：0.004559s] [吞吐率：219.34req/s] [内存消耗：859.90kb] [文件加载：188]
[ info ] [ LANG ] /var/www/mishop/thinkphp/lang/zh-cn.php
[ info ] [ ROUTE ] array (
)
[ info ] [ HEADER ] array (
  'host' => '101.132.45.200:443',
  'content-type' => '',
  'content-length' => '',
)
[ info ] [ PARAM ] array (
)
[ info ] null
---------------------------------------------------------------

[2020-12-19T23:48:06+08:00] 74.120.14.37 GET 101.132.45.200/
[运行时间：0.004335s] [吞吐率：230.68req/s] [内存消耗：861.61kb] [文件加载：188]
[ info ] [ LANG ] /var/www/mishop/thinkphp/lang/zh-cn.php
[ info ] [ ROUTE ] array (
)
[ info ] [ HEADER ] array (
  'accept-encoding' => 'gzip',
  'accept' => '*/*',
  'user-agent' => 'Mozilla/5.0 (compatible; CensysInspect/1.1; +https://about.censys.io/)',
  'host' => '101.132.45.200',
  'content-type' => '',
  'content-length' => '',
)
[ info ] [ PARAM ] array (
)
[ info ] null
