---------------------------------------------------------------

[2020-12-29T00:43:16+08:00] 183.136.225.56 GET 101.132.45.200/
[运行时间：0.004605s] [吞吐率：217.15req/s] [内存消耗：861.60kb] [文件加载：188]
[ info ] [ LANG ] /var/www/mishop/thinkphp/lang/zh-cn.php
[ info ] [ ROUTE ] array (
)
[ info ] [ HEADER ] array (
  'connection' => 'keep-alive',
  'accept' => '*/*',
  'user-agent' => 'Mozilla/5.0 (Macintosh; Intel Mac OS X 10.11; rv:47.0) Gecko/20100101 Firefox/47.0',
  'host' => '101.132.45.200',
  'content-type' => '',
  'content-length' => '',
)
[ info ] [ PARAM ] array (
)
[ info ] null
---------------------------------------------------------------

[2020-12-29T00:53:32+08:00] 124.156.241.88 GET 101.132.45.200/
[运行时间：0.004364s] [吞吐率：229.15req/s] [内存消耗：859.82kb] [文件加载：188]
[ info ] [ LANG ] /var/www/mishop/thinkphp/lang/zh-cn.php
[ info ] [ ROUTE ] array (
)
[ info ] [ HEADER ] array (
  'host' => '101.132.45.200',
  'content-type' => '',
  'content-length' => '',
)
[ info ] [ PARAM ] array (
)
[ info ] null
---------------------------------------------------------------

[2020-12-29T00:53:32+08:00] 124.156.241.88 GET 101.132.45.200/
[运行时间：0.003699s] [吞吐率：270.34req/s] [内存消耗：859.82kb] [文件加载：188]
[ info ] [ LANG ] /var/www/mishop/thinkphp/lang/zh-cn.php
[ info ] [ ROUTE ] array (
)
[ info ] [ HEADER ] array (
  'host' => '101.132.45.200',
  'content-type' => '',
  'content-length' => '',
)
[ info ] [ PARAM ] array (
)
[ info ] null
---------------------------------------------------------------

[2020-12-29T00:53:34+08:00] 124.156.241.88 GET 101.132.45.200/
[运行时间：0.006653s] [吞吐率：150.31req/s] [内存消耗：861.18kb] [文件加载：188]
[ info ] [ LANG ] /var/www/mishop/thinkphp/lang/zh-cn.php
[ info ] [ ROUTE ] array (
)
[ info ] [ HEADER ] array (
  'accept-encoding' => 'gzip',
  'user-agent' => 'Mozilla/5.0 (X11; Linux x86_64) AppleWebKit/537.36 (KHTML, like Gecko) Chrome/86.0.4 240.111 Safari/537.36',
  'host' => '101.132.45.200',
  'content-type' => '',
  'content-length' => '',
)
[ info ] [ PARAM ] array (
)
[ info ] null
---------------------------------------------------------------

[2020-12-29T00:53:34+08:00] 124.156.241.88 GET 101.132.45.200/
[运行时间：0.003212s] [吞吐率：311.33req/s] [内存消耗：861.18kb] [文件加载：188]
[ info ] [ LANG ] /var/www/mishop/thinkphp/lang/zh-cn.php
[ info ] [ ROUTE ] array (
)
[ info ] [ HEADER ] array (
  'accept-encoding' => 'gzip',
  'user-agent' => 'Mozilla/5.0 (X11; Linux x86_64) AppleWebKit/537.36 (KHTML, like Gecko) Chrome/86.0.4 240.111 Safari/537.36',
  'host' => '101.132.45.200',
  'content-type' => '',
  'content-length' => '',
)
[ info ] [ PARAM ] array (
)
[ info ] null
---------------------------------------------------------------

[2020-12-29T01:22:14+08:00] 162.214.113.181 GET 101.132.45.200/.env
[运行时间：0.003405s] [吞吐率：293.70req/s] [内存消耗：522.77kb] [文件加载：109]
[ info ] [ LANG ] /var/www/mishop/thinkphp/lang/zh-cn.php
---------------------------------------------------------------

[2020-12-29T01:22:15+08:00] 162.214.113.181 POST 101.132.45.200/
[运行时间：0.003781s] [吞吐率：264.49req/s] [内存消耗：862.08kb] [文件加载：188]
[ info ] [ LANG ] /var/www/mishop/thinkphp/lang/zh-cn.php
[ info ] [ ROUTE ] array (
)
[ info ] [ HEADER ] array (
  'content-type' => 'application/x-www-form-urlencoded',
  'connection' => 'keep-alive',
  'user-agent' => 'Mozilla/5.0 (X11; Linux x86_64) AppleWebKit/537.36 (KHTML, like Gecko) Chrome/81.0.4044.129 Safari/537.36',
  'accept' => '*/*',
  'accept-encoding' => 'gzip, deflate',
  'content-length' => '17',
  'host' => '101.132.45.200',
)
[ info ] [ PARAM ] array (
  '0x' => 
  array (
    0 => 'ChickRic',
  ),
)
[ info ] null
---------------------------------------------------------------

[2020-12-29T02:00:12+08:00] 198.143.175.42 GET 101.132.45.200/
[运行时间：0.004358s] [吞吐率：229.46req/s] [内存消耗：861.67kb] [文件加载：188]
[ info ] [ LANG ] /var/www/mishop/thinkphp/lang/zh-cn.php
[ info ] [ ROUTE ] array (
)
[ info ] [ HEADER ] array (
  'accept-encoding' => 'gzip',
  'accept' => '*/*',
  'user-agent' => 'Mozilla/5.0 (Windows NT 10.0; WOW64) AppleWebKit/537.36 (KHTML, like Gecko) Chrome/66.0.3359.117 Safari/537.36',
  'host' => '101.132.45.200',
  'content-type' => '',
  'content-length' => '',
)
[ info ] [ PARAM ] array (
)
[ info ] null
---------------------------------------------------------------

[2020-12-29T02:00:14+08:00] 198.143.175.42 GET 101.132.45.200/
[运行时间：0.003869s] [吞吐率：258.46req/s] [内存消耗：861.67kb] [文件加载：188]
[ info ] [ LANG ] /var/www/mishop/thinkphp/lang/zh-cn.php
[ info ] [ ROUTE ] array (
)
[ info ] [ HEADER ] array (
  'accept-encoding' => 'gzip',
  'accept' => '*/*',
  'user-agent' => 'Mozilla/5.0 (Windows NT 10.0; WOW64) AppleWebKit/537.36 (KHTML, like Gecko) Chrome/66.0.3359.117 Safari/537.36',
  'host' => '101.132.45.200',
  'content-type' => '',
  'content-length' => '',
)
[ info ] [ PARAM ] array (
)
[ info ] null
---------------------------------------------------------------

[2020-12-29T02:00:16+08:00] 198.143.175.42 GET 101.132.45.200/
[运行时间：0.004260s] [吞吐率：234.74req/s] [内存消耗：861.67kb] [文件加载：188]
[ info ] [ LANG ] /var/www/mishop/thinkphp/lang/zh-cn.php
[ info ] [ ROUTE ] array (
)
[ info ] [ HEADER ] array (
  'accept-encoding' => 'gzip',
  'accept' => '*/*',
  'user-agent' => 'Mozilla/5.0 (Windows NT 10.0; WOW64) AppleWebKit/537.36 (KHTML, like Gecko) Chrome/66.0.3359.117 Safari/537.36',
  'host' => '101.132.45.200',
  'content-type' => '',
  'content-length' => '',
)
[ info ] [ PARAM ] array (
)
[ info ] null
---------------------------------------------------------------

[2020-12-29T02:00:18+08:00] 198.143.175.42 GET 101.132.45.200/
[运行时间：0.003208s] [吞吐率：311.71req/s] [内存消耗：861.67kb] [文件加载：188]
[ info ] [ LANG ] /var/www/mishop/thinkphp/lang/zh-cn.php
[ info ] [ ROUTE ] array (
)
[ info ] [ HEADER ] array (
  'accept-encoding' => 'gzip',
  'accept' => '*/*',
  'user-agent' => 'Mozilla/5.0 (Windows NT 10.0; WOW64) AppleWebKit/537.36 (KHTML, like Gecko) Chrome/66.0.3359.117 Safari/537.36',
  'host' => '101.132.45.200',
  'content-type' => '',
  'content-length' => '',
)
[ info ] [ PARAM ] array (
)
[ info ] null
---------------------------------------------------------------

[2020-12-29T02:00:20+08:00] 198.143.175.42 GET 101.132.45.200/
[运行时间：0.004549s] [吞吐率：219.84req/s] [内存消耗：861.67kb] [文件加载：188]
[ info ] [ LANG ] /var/www/mishop/thinkphp/lang/zh-cn.php
[ info ] [ ROUTE ] array (
)
[ info ] [ HEADER ] array (
  'accept-encoding' => 'gzip',
  'accept' => '*/*',
  'user-agent' => 'Mozilla/5.0 (Windows NT 10.0; WOW64) AppleWebKit/537.36 (KHTML, like Gecko) Chrome/66.0.3359.117 Safari/537.36',
  'host' => '101.132.45.200',
  'content-type' => '',
  'content-length' => '',
)
[ info ] [ PARAM ] array (
)
[ info ] null
---------------------------------------------------------------

[2020-12-29T02:42:16+08:00] 37.46.150.7 GET 101.132.45.200:443/
[运行时间：0.004452s] [吞吐率：224.62req/s] [内存消耗：864.21kb] [文件加载：188]
[ info ] [ LANG ] /var/www/mishop/thinkphp/lang/zh-cn.php
[ info ] [ ROUTE ] array (
)
[ info ] [ HEADER ] array (
  'upgrade-insecure-requests' => '1',
  'connection' => 'close',
  'accept-encoding' => 'gzip, deflate',
  'accept-language' => 'en-GB,en;q=0.5',
  'accept' => 'text/html,application/xhtml+xml,application/xml;q=0.9,image/webp,*/*;q=0.8',
  'user-agent' => 'Mozilla/5.0 (X11; Ubuntu; Linux x86_64; rv:76.0) Gecko/20100101 Firefox/76.0',
  'host' => '101.132.45.200:443',
  'content-type' => '',
  'content-length' => '',
)
[ info ] [ PARAM ] array (
)
[ info ] null
---------------------------------------------------------------

[2020-12-29T03:00:30+08:00] 139.162.145.250 GET 101.132.45.200/bag2
[运行时间：0.003238s] [吞吐率：308.84req/s] [内存消耗：522.77kb] [文件加载：109]
[ info ] [ LANG ] /var/www/mishop/thinkphp/lang/zh-cn.php
---------------------------------------------------------------

[2020-12-29T03:41:45+08:00] 198.143.146.34 GET 101.132.45.200/
[运行时间：0.004449s] [吞吐率：224.78req/s] [内存消耗：861.73kb] [文件加载：188]
[ info ] [ LANG ] /var/www/mishop/thinkphp/lang/zh-cn.php
[ info ] [ ROUTE ] array (
)
[ info ] [ HEADER ] array (
  'accept-encoding' => 'gzip',
  'accept' => '*/*',
  'user-agent' => 'Mozilla/5.0 (Windows NT 10.0; Win64; x64) AppleWebKit/537.36 (KHTML, like Gecko) Chrome/60.0.3112.113 Safari/537.36',
  'host' => '101.132.45.200',
  'content-type' => '',
  'content-length' => '',
)
[ info ] [ PARAM ] array (
)
[ info ] null
---------------------------------------------------------------

[2020-12-29T04:38:59+08:00] 47.103.22.235 GET www.techbimu.com/
[运行时间：0.004416s] [吞吐率：226.45req/s] [内存消耗：861.63kb] [文件加载：188]
[ info ] [ LANG ] /var/www/mishop/thinkphp/lang/zh-cn.php
[ info ] [ ROUTE ] array (
)
[ info ] [ HEADER ] array (
  'accept-encoding' => 'gzip',
  'connection' => 'Keep-Alive',
  'host' => 'www.techbimu.com',
  'user-agent' => 'Mozilla/5.0 (X11; Ubuntu; Linux x86_64; rv:36.0) Gecko/20100101 Firefox/36.0',
  'content-type' => '',
  'content-length' => '',
)
[ info ] [ PARAM ] array (
)
[ info ] null
---------------------------------------------------------------

[2020-12-29T05:10:29+08:00] 193.118.53.202 GET 101.132.45.200/
[运行时间：0.004445s] [吞吐率：224.97req/s] [内存消耗：861.73kb] [文件加载：188]
[ info ] [ LANG ] /var/www/mishop/thinkphp/lang/zh-cn.php
[ info ] [ ROUTE ] array (
)
[ info ] [ HEADER ] array (
  'accept-encoding' => 'gzip',
  'accept' => '*/*',
  'user-agent' => 'Mozilla/5.0 (Windows NT 10.0; Win64; x64) AppleWebKit/537.36 (KHTML, like Gecko) Chrome/60.0.3112.113 Safari/537.36',
  'host' => '101.132.45.200',
  'content-type' => '',
  'content-length' => '',
)
[ info ] [ PARAM ] array (
)
[ info ] null
---------------------------------------------------------------

[2020-12-29T07:37:09+08:00] 106.14.104.214 GET /
[运行时间：0.004492s] [吞吐率：222.62req/s] [内存消耗：859.20kb] [文件加载：188]
[ info ] [ LANG ] /var/www/mishop/thinkphp/lang/zh-cn.php
[ info ] [ ROUTE ] array (
)
[ info ] [ HEADER ] array (
  'content-type' => '',
  'content-length' => '',
)
[ info ] [ PARAM ] array (
)
[ info ] null
---------------------------------------------------------------

[2020-12-29T07:52:21+08:00] 192.35.168.80 GET 101.132.45.200/
[运行时间：0.004385s] [吞吐率：228.05req/s] [内存消耗：861.39kb] [文件加载：188]
[ info ] [ LANG ] /var/www/mishop/thinkphp/lang/zh-cn.php
[ info ] [ ROUTE ] array (
)
[ info ] [ HEADER ] array (
  'accept-encoding' => 'gzip',
  'accept' => '*/*',
  'user-agent' => 'Mozilla/5.0 zgrab/0.x',
  'host' => '101.132.45.200',
  'content-type' => '',
  'content-length' => '',
)
[ info ] [ PARAM ] array (
)
[ info ] null
---------------------------------------------------------------

[2020-12-29T09:45:13+08:00] 168.62.51.20 GET 101.132.45.200/.env
[运行时间：0.003625s] [吞吐率：275.85req/s] [内存消耗：522.77kb] [文件加载：109]
[ info ] [ LANG ] /var/www/mishop/thinkphp/lang/zh-cn.php
---------------------------------------------------------------

[2020-12-29T09:45:14+08:00] 168.62.51.20 POST 101.132.45.200/
[运行时间：0.004132s] [吞吐率：242.01req/s] [内存消耗：862.08kb] [文件加载：188]
[ info ] [ LANG ] /var/www/mishop/thinkphp/lang/zh-cn.php
[ info ] [ ROUTE ] array (
)
[ info ] [ HEADER ] array (
  'content-type' => 'application/x-www-form-urlencoded',
  'content-length' => '20',
  'user-agent' => 'Mozilla/5.0 (X11; Linux x86_64) AppleWebKit/537.36 (KHTML, like Gecko) Chrome/81.0.4044.129 Safari/537.36',
  'accept' => '*/*',
  'accept-encoding' => 'gzip, deflate',
  'connection' => 'keep-alive',
  'host' => '101.132.45.200',
)
[ info ] [ PARAM ] array (
  '0x' => 
  array (
    0 => 'androxgh0st',
  ),
)
[ info ] null
---------------------------------------------------------------

[2020-12-29T10:12:32+08:00] 47.100.200.74 GET 101.132.45.200/
[运行时间：0.004519s] [吞吐率：221.29req/s] [内存消耗：861.63kb] [文件加载：188]
[ info ] [ LANG ] /var/www/mishop/thinkphp/lang/zh-cn.php
[ info ] [ ROUTE ] array (
)
[ info ] [ HEADER ] array (
  'accept-encoding' => 'gzip',
  'connection' => 'Keep-Alive',
  'host' => '101.132.45.200',
  'user-agent' => 'Mozilla/5.0 (X11; Ubuntu; Linux x86_64; rv:36.0) Gecko/20100101 Firefox/36.0',
  'content-type' => '',
  'content-length' => '',
)
[ info ] [ PARAM ] array (
)
[ info ] null
---------------------------------------------------------------

[2020-12-29T10:35:23+08:00] 128.14.209.178 GET 101.132.45.200/
[运行时间：0.004825s] [吞吐率：207.25req/s] [内存消耗：861.73kb] [文件加载：188]
[ info ] [ LANG ] /var/www/mishop/thinkphp/lang/zh-cn.php
[ info ] [ ROUTE ] array (
)
[ info ] [ HEADER ] array (
  'accept-encoding' => 'gzip',
  'accept' => '*/*',
  'user-agent' => 'Mozilla/5.0 (Windows NT 10.0; Win64; x64) AppleWebKit/537.36 (KHTML, like Gecko) Chrome/60.0.3112.113 Safari/537.36',
  'host' => '101.132.45.200',
  'content-type' => '',
  'content-length' => '',
)
[ info ] [ PARAM ] array (
)
[ info ] null
---------------------------------------------------------------

[2020-12-29T10:39:08+08:00] 83.97.20.30 GET 101.132.45.200:443/
[运行时间：0.005043s] [吞吐率：198.29req/s] [内存消耗：860.38kb] [文件加载：188]
[ info ] [ LANG ] /var/www/mishop/thinkphp/lang/zh-cn.php
[ info ] [ ROUTE ] array (
)
[ info ] [ HEADER ] array (
  'connection' => 'close',
  'host' => '101.132.45.200:443',
  'content-type' => '',
  'content-length' => '',
)
[ info ] [ PARAM ] array (
)
[ info ] null
---------------------------------------------------------------

[2020-12-29T10:40:31+08:00] 83.97.20.30 GET 101.132.45.200/https://open.weixin.qq.com/connect/oauth2/authorize?appid=wxe846b6db8a21a631&redirect_uri=https%3A%2F%2F101.132.45.200%3A443%2F&response_type=code&scope=snsapi_userinfo&state=45ef6ff3f1e68cf8f1f82db0da57b21c&connect_redirect=1#wechat_redirect
[运行时间：0.003164s] [吞吐率：316.05req/s] [内存消耗：523.20kb] [文件加载：109]
[ info ] [ LANG ] /var/www/mishop/thinkphp/lang/zh-cn.php
---------------------------------------------------------------

[2020-12-29T10:55:46+08:00] 74.82.47.5 GET 101.132.45.200/
[运行时间：0.004915s] [吞吐率：203.46req/s] [内存消耗：859.82kb] [文件加载：188]
[ info ] [ LANG ] /var/www/mishop/thinkphp/lang/zh-cn.php
[ info ] [ ROUTE ] array (
)
[ info ] [ HEADER ] array (
  'host' => '101.132.45.200',
  'content-type' => '',
  'content-length' => '',
)
[ info ] [ PARAM ] array (
)
[ info ] null
---------------------------------------------------------------

[2020-12-29T11:23:13+08:00] 192.241.204.213 GET 101.132.45.200/actuator/health
[运行时间：0.003351s] [吞吐率：298.42req/s] [内存消耗：522.78kb] [文件加载：109]
[ info ] [ LANG ] /var/www/mishop/thinkphp/lang/zh-cn.php
---------------------------------------------------------------

[2020-12-29T12:27:29+08:00] 122.89.80.68 GET mobile.12306.cn/otsmobile/app/mgs/mgw.htm?operationType=com.cars.otsmobile.queryLeftTicket&requestData=%5B%7B%22train_date%22%3A%2220210108%22%2C%22purpose_codes%22%3A%2200%22%2C%22from_station%22%3A%22PIJ%22%2C%22to_station%22%3A%22POJ%22%2C%22station_train_code%22%3A%22%22%2C%22start_time_begin%22%3A%220000%22%2C%22start_time_end%22%3A%222400%22%2C%22train_headers%22%3A%22QB%23%22%2C%22train_flag%22%3A%22%22%2C%22seat_type%22%3A%22%22%2C%22seatBack_Type%22%3A%22%22%2C%22ticket_num%22%3A%22%22%2C%22dfpStr%22%3A%22%22%2C%22baseDTO%22%3A%7B%22check_code%22%3A%229661364dcccaabdaf918439eb4c809f9%22%2C%22device_no%22%3A%22AAAAJktk9EcDAHfLU39lBTPd%22%2C%22mobile_no%22%3A%22%22%2C%22os_type%22%3A%22a%22%2C%22time_str%22%3A%2220201229122729%22%2C%22user_name%22%3A%22%22%2C%22version_no%22%3A%225.1.2%22%7D%7D%5D&ts=1609216049277&sign=
[运行时间：0.003919s] [吞吐率：255.17req/s] [内存消耗：522.79kb] [文件加载：109]
[ info ] [ LANG ] /var/www/mishop/thinkphp/lang/zh-cn.php
---------------------------------------------------------------

[2020-12-29T12:27:29+08:00] 122.89.80.68 GET mobile.12306.cn/otsmobile/app/mgs/mgw.htm?operationType=com.cars.otsmobile.queryLeftTicket&requestData=%5B%7B%22train_date%22%3A%2220210108%22%2C%22purpose_codes%22%3A%2200%22%2C%22from_station%22%3A%22PIJ%22%2C%22to_station%22%3A%22POJ%22%2C%22station_train_code%22%3A%22%22%2C%22start_time_begin%22%3A%220000%22%2C%22start_time_end%22%3A%222400%22%2C%22train_headers%22%3A%22QB%23%22%2C%22train_flag%22%3A%22%22%2C%22seat_type%22%3A%22%22%2C%22seatBack_Type%22%3A%22%22%2C%22ticket_num%22%3A%22%22%2C%22dfpStr%22%3A%22%22%2C%22baseDTO%22%3A%7B%22check_code%22%3A%22e4bb1921c692bce723fa5e01b71bd318%22%2C%22device_no%22%3A%22X%2BbT22RcxFYzMF9lx0pMFTsl%22%2C%22mobile_no%22%3A%22%22%2C%22os_type%22%3A%22a%22%2C%22time_str%22%3A%2220201229122729%22%2C%22user_name%22%3A%22%22%2C%22version_no%22%3A%225.1.2%22%7D%7D%5D&ts=1609216049476&sign=
[运行时间：0.003101s] [吞吐率：322.47req/s] [内存消耗：522.79kb] [文件加载：109]
[ info ] [ LANG ] /var/www/mishop/thinkphp/lang/zh-cn.php
---------------------------------------------------------------

[2020-12-29T12:27:29+08:00] 122.89.80.68 GET mobile.12306.cn/otsmobile/app/mgs/mgw.htm?operationType=com.cars.otsmobile.queryLeftTicket&requestData=%5B%7B%22train_date%22%3A%2220210108%22%2C%22purpose_codes%22%3A%2200%22%2C%22from_station%22%3A%22PIJ%22%2C%22to_station%22%3A%22POJ%22%2C%22station_train_code%22%3A%22%22%2C%22start_time_begin%22%3A%220000%22%2C%22start_time_end%22%3A%222400%22%2C%22train_headers%22%3A%22QB%23%22%2C%22train_flag%22%3A%22%22%2C%22seat_type%22%3A%22%22%2C%22seatBack_Type%22%3A%22%22%2C%22ticket_num%22%3A%22%22%2C%22dfpStr%22%3A%22%22%2C%22baseDTO%22%3A%7B%22check_code%22%3A%220524f571eb1e6ac9831d8d12a4d55e6d%22%2C%22device_no%22%3A%22AAAANl25wh8DAPd4%2FJqyGZXx%22%2C%22mobile_no%22%3A%22%22%2C%22os_type%22%3A%22a%22%2C%22time_str%22%3A%2220201229122729%22%2C%22user_name%22%3A%22%22%2C%22version_no%22%3A%225.1.2%22%7D%7D%5D&ts=1609216049694&sign=
[运行时间：0.003258s] [吞吐率：306.94req/s] [内存消耗：522.79kb] [文件加载：109]
[ info ] [ LANG ] /var/www/mishop/thinkphp/lang/zh-cn.php
---------------------------------------------------------------

[2020-12-29T12:27:30+08:00] 122.94.224.51 POST mobile.12306.cn/otsmobile/app/mgs/mgw.htm
[运行时间：0.002926s] [吞吐率：341.75req/s] [内存消耗：522.29kb] [文件加载：109]
[ info ] [ LANG ] /var/www/mishop/thinkphp/lang/zh-cn.php
---------------------------------------------------------------

[2020-12-29T15:23:06+08:00] 128.14.134.170 GET 101.132.45.200/
[运行时间：0.004398s] [吞吐率：227.38req/s] [内存消耗：861.73kb] [文件加载：188]
[ info ] [ LANG ] /var/www/mishop/thinkphp/lang/zh-cn.php
[ info ] [ ROUTE ] array (
)
[ info ] [ HEADER ] array (
  'accept-encoding' => 'gzip',
  'accept' => '*/*',
  'user-agent' => 'Mozilla/5.0 (Windows NT 10.0; Win64; x64) AppleWebKit/537.36 (KHTML, like Gecko) Chrome/60.0.3112.113 Safari/537.36',
  'host' => '101.132.45.200',
  'content-type' => '',
  'content-length' => '',
)
[ info ] [ PARAM ] array (
)
[ info ] null
---------------------------------------------------------------

[2020-12-29T16:34:52+08:00] 161.97.125.43 GET 101.132.45.200/.env
[运行时间：0.005047s] [吞吐率：198.13req/s] [内存消耗：522.77kb] [文件加载：109]
[ info ] [ LANG ] /var/www/mishop/thinkphp/lang/zh-cn.php
---------------------------------------------------------------

[2020-12-29T16:34:54+08:00] 161.97.125.43 POST 101.132.45.200/
[运行时间：0.004022s] [吞吐率：248.63req/s] [内存消耗：861.77kb] [文件加载：188]
[ info ] [ LANG ] /var/www/mishop/thinkphp/lang/zh-cn.php
[ info ] [ ROUTE ] array (
)
[ info ] [ HEADER ] array (
  'content-type' => 'application/x-www-form-urlencoded',
  'content-length' => '20',
  'user-agent' => 'IDBTE4M CODE87',
  'accept' => '*/*',
  'accept-encoding' => 'gzip, deflate',
  'connection' => 'keep-alive',
  'host' => '101.132.45.200',
)
[ info ] [ PARAM ] array (
  '0x' => 
  array (
    0 => 'androxgh0st',
  ),
)
[ info ] null
---------------------------------------------------------------

[2020-12-29T17:05:59+08:00] 47.94.39.226 GET /
[运行时间：0.005023s] [吞吐率：199.08req/s] [内存消耗：859.20kb] [文件加载：188]
[ info ] [ LANG ] /var/www/mishop/thinkphp/lang/zh-cn.php
[ info ] [ ROUTE ] array (
)
[ info ] [ HEADER ] array (
  'content-type' => '',
  'content-length' => '',
)
[ info ] [ PARAM ] array (
)
[ info ] null
---------------------------------------------------------------

[2020-12-29T20:18:02+08:00] 171.11.46.212 GET 101.132.45.200/api/moutai/V133.0/getCode/?formData=Y8KmkBDz8Epnzs4wLl2DPYCsHlLxCiCbQxdK9OBmnnrgURHebMR6y7CFNygkvr%2F8ZDynlewzm6xljPoImGAQYwuuFfFFFsWI4bSGOx%2FC0aYb3eyjvj0%2Fx4suxWvrKhjHxxsAlnZ%2FOu5vzBOlTTei2%2B0dFb%2F7nx%2BlFZGWsTTnwkTrcAouedyX8eXghcC%2F6U2cRdoK9SWKbTtL3Jdni0bVVtAgZprWnUe1ktGZqzZB55c%3D
[运行时间：0.003575s] [吞吐率：279.71req/s] [内存消耗：561.20kb] [文件加载：120]
[ info ] [ LANG ] /var/www/mishop/thinkphp/lang/zh-cn.php
[ info ] [ ROUTE ] array (
)
[ info ] [ HEADER ] array (
  'connection' => 'Keep-Alive',
  'host' => '101.132.45.200',
  'referer' => 'https://wechat-applet.beijing-hualian.com/maotai/maotai_151.html?token=CiCD7qxtH6LFWqBcSAKwgyK8DK8A%2BoqBo5EVk4KyHJQ%3D&channelId=3&moutaiPromoId=151&phone=15900660263&t=1609244281785',
  'x-real-ip' => '171.11.46.212',
  'via' => '171.11.46.212',
  'x-forwarded-for' => '171.11.46.212',
  'accept-encoding' => 'gzip, deflate, br',
  'accept-language' => 'zh-cn',
  'accept' => '*/*',
  'content-type' => '',
  'content-length' => '',
)
[ info ] [ PARAM ] array (
  'formData' => 'Y8KmkBDz8Epnzs4wLl2DPYCsHlLxCiCbQxdK9OBmnnrgURHebMR6y7CFNygkvr/8ZDynlewzm6xljPoImGAQYwuuFfFFFsWI4bSGOx/C0aYb3eyjvj0/x4suxWvrKhjHxxsAlnZ/Ou5vzBOlTTei2+0dFb/7nx+lFZGWsTTnwkTrcAouedyX8eXghcC/6U2cRdoK9SWKbTtL3Jdni0bVVtAgZprWnUe1ktGZqzZB55c=',
)
