---------------------------------------------------------------

[2020-07-03T00:00:31+08:00] 96.3.196.110 POST 101.132.45.200/
[运行时间：0.004348s] [吞吐率：230.00req/s] [内存消耗：863.24kb] [文件加载：188]
[ info ] [ LANG ] /var/www/mishop/thinkphp/lang/zh-cn.php
[ info ] [ ROUTE ] array (
)
[ info ] [ HEADER ] array (
  'cache-control' => 'no-cache',
  'content-length' => '400',
  'host' => '101.132.45.200',
  'user-agent' => 'Mozilla/5.0 (Windows NT 6.1; WOW64; Trident/7.0; rv:11.0) like Gecko',
  'content-type' => 'application/x-www-form-urlencoded',
)
[ info ] [ PARAM ] array (
  'FKIPk96ZYwXQlbKaTFzWrlmLp1koTIGZKFBcYlqtNNlH4rXkwjyAGkgJy_PRaZeo1U4sFFxH6LOiXxrisCo9QDUZ4Oj1Lkf0vHTI8ZA68zw6UAXJ4zZQHjcLqdCAqETt4QxOSMBmgHa9vETq6RNGrontKKfJkFlY/Lr1OhAR3b98MDbreSd8i/cnqECfSmfWHoC1kPJOtFj1PltdZ7UMtTcZ7NfER0lRqdnRXneHit/38hjGTXyp/fNEPhoryYdK850hvJb4QIqqMkwDiFtYmpG_2Y40kgtHFKllMHTMmqqIfArn0/eStzR4fO6n3aJJR36r4jaukbSadDUrBpPtrwUQ7qp7OEhSM2NyChJRF5zvBEtBsWwHv4ygGDDi_spe_tq5mwd16u85JA' => '=',
)
[ info ] null
---------------------------------------------------------------

[2020-07-03T00:02:34+08:00] 96.3.196.110 POST 101.132.45.200/
[运行时间：0.004507s] [吞吐率：221.87req/s] [内存消耗：863.19kb] [文件加载：188]
[ info ] [ LANG ] /var/www/mishop/thinkphp/lang/zh-cn.php
[ info ] [ ROUTE ] array (
)
[ info ] [ HEADER ] array (
  'cache-control' => 'no-cache',
  'content-length' => '388',
  'host' => '101.132.45.200',
  'user-agent' => 'Mozilla/5.0 (Windows NT 6.1; WOW64; Trident/7.0; rv:11.0) like Gecko',
  'content-type' => 'application/x-www-form-urlencoded',
)
[ info ] [ PARAM ] array (
  'Q6cKlYjJMoOXkExq2GkmgtviYdCC/fRZlgdXnNBhxn_KBdRFo6ZUEUfshDYsd8cqXgpyuwYMSdpJkzqv7gmiP7Tl8niDQ7vRgAqHPx2UH1BtYQH9XqVc4DVD_tan53OIILDmLzyhECkCmwSBz24DyNwcRW2Edf9t9Z_Myh04cE4_ljKlBC7QbWwJJuGvbd2ok/eBXswCowPCyoUHlEIEa0Yop_4//7NLL/XUUxqmTa96doMUl2MT6IBQ8OikZRAorrPa39AuAoQHES5aCZYgaiS_r8JlgqEw4fjFT5Eo0SmX2xC03sPIkOpZO/l2MkzEiELzs0k5fKiP2WXAVdstyXmspvtBGQ1acP0uW9zsDHhAsm7Dt1baZ_4eNlibmXdj1OY' => '',
)
[ info ] null
---------------------------------------------------------------

[2020-07-03T00:04:36+08:00] 96.3.196.110 POST 101.132.45.200/
[运行时间：0.004306s] [吞吐率：232.23req/s] [内存消耗：863.13kb] [文件加载：188]
[ info ] [ LANG ] /var/www/mishop/thinkphp/lang/zh-cn.php
[ info ] [ ROUTE ] array (
)
[ info ] [ HEADER ] array (
  'cache-control' => 'no-cache',
  'content-length' => '380',
  'host' => '101.132.45.200',
  'user-agent' => 'Mozilla/5.0 (Windows NT 6.1; WOW64; Trident/7.0; rv:11.0) like Gecko',
  'content-type' => 'application/x-www-form-urlencoded',
)
[ info ] [ PARAM ] array (
  'S6dcwoydZVBhBN4fUdHofINVDBO8dtbljiq68z5vx4oyqabuH5iD446yg2OomF1f1vCDyyQKzMaQI_wAXacaegkjWNMl4bXwKXI/2TSu5F/M97NPKk9dgwVMdYbFb7bjN4BdxKb0TZgd6lRtclxSU7yXtRFMW1o/UfgQu6arOyksKnlV21npifc0greru_Ay89a2S30qSbMQxbhBw5plQmnO4B156AFspMVjSeGNZNkPQ0bQVTsJ8Nq6av84Uklg4ij0T5m9nPd1xlSHlJJH_9MNxGTKsJK8FKEeRYj1wZHo0oVttzqQwtVeC7S/7m8xrs3YE0/d8pDJkhBAtBrOsjhOXcV/rQ3AA9XIBOyRmK0obs3DE83HLHjVHg' => '=',
)
[ info ] null
---------------------------------------------------------------

[2020-07-03T00:06:39+08:00] 96.3.196.110 POST 101.132.45.200/
[运行时间：0.004243s] [吞吐率：235.69req/s] [内存消耗：863.13kb] [文件加载：188]
[ info ] [ LANG ] /var/www/mishop/thinkphp/lang/zh-cn.php
[ info ] [ ROUTE ] array (
)
[ info ] [ HEADER ] array (
  'cache-control' => 'no-cache',
  'content-length' => '372',
  'host' => '101.132.45.200',
  'user-agent' => 'Mozilla/5.0 (Windows NT 6.1; WOW64; Trident/7.0; rv:11.0) like Gecko',
  'content-type' => 'application/x-www-form-urlencoded',
)
[ info ] [ PARAM ] array (
  'S61Zxt3LZG5mcmNTYBf02ZAn/nsAFyCnPFuwaTL02MD8CCKcRhNm9rS_L94ea6cPGNk6vG3Bh0M_0nH6QB6SS2/R2UVpF3IjwWFH5V6EoDf1Pz_r_ti8xdYqeCyz8fXmMAoeaTvwV50UNvXEasIXiKoVYZCTPfjdtL_jS/Wrp_dZVnLMaqn_wj6As2E16070xUwDK8JM7Y2AVXgIwjCp9ZSMf4vf1_2qDijSS3qLnN0iV38WVUP4U30fwRg4e6bUOV0A9G9oC/IjWjTErDON/EqeqXRMXpuSjwN5_JwN16LaoRtCCn2j9CbHCuSMYa_YGI4rm0K0f4N1KywOl0RJqaYuiWw7WVXEqfJ7tl4Rd9VGjNwSKcY' => '',
)
[ info ] null
---------------------------------------------------------------

[2020-07-03T00:08:41+08:00] 96.3.196.110 POST 101.132.45.200/
[运行时间：0.004628s] [吞吐率：216.08req/s] [内存消耗：863.25kb] [文件加载：188]
[ info ] [ LANG ] /var/www/mishop/thinkphp/lang/zh-cn.php
[ info ] [ ROUTE ] array (
)
[ info ] [ HEADER ] array (
  'cache-control' => 'no-cache',
  'content-length' => '408',
  'host' => '101.132.45.200',
  'user-agent' => 'Mozilla/5.0 (Windows NT 6.1; WOW64; Trident/7.0; rv:11.0) like Gecko',
  'content-type' => 'application/x-www-form-urlencoded',
)
[ info ] [ PARAM ] array (
  'QKZdkojLbD4PIY4TpuXVt8siOT6eipeT0BlWmhZnVUBLJ35UldsWys_/f9qzS2kB9Uv87/LXcoBnBebSWgx2HcjxUyYmJd2kVlles_Z4GJ0s/4CvIAZDjICKqRyx6/81SZStQbcenHDQFPOzRPAm7VT5VrAgPL3beAGSGJh6ews69hv8m/k/kLd1ZYhZZMhX5adfqOJr265mZFieqodpeFu8j9JSv6CMwQ0__i/7jJM6A3wA7oTcg6j/nEgsfszXjr0LF4NT_O80jpkDVCdJ3X1kjxW0njcYWdVC20AMWWKGKyZ_u0GUBreuPMduJZ9atrDE7Tyykcm4vY1UQicBlO22e4T7l1pTblVoscy0GbUanL59O1/Kv0Y68O089JevxL0URry67V2IepNa7kmHG_o' => '',
)
[ info ] null
---------------------------------------------------------------

[2020-07-03T00:10:44+08:00] 96.3.196.110 POST 101.132.45.200/
[运行时间：0.004507s] [吞吐率：221.87req/s] [内存消耗：863.38kb] [文件加载：188]
[ info ] [ LANG ] /var/www/mishop/thinkphp/lang/zh-cn.php
[ info ] [ ROUTE ] array (
)
[ info ] [ HEADER ] array (
  'cache-control' => 'no-cache',
  'content-length' => '440',
  'host' => '101.132.45.200',
  'user-agent' => 'Mozilla/5.0 (Windows NT 6.1; WOW64; Trident/7.0; rv:11.0) like Gecko',
  'content-type' => 'application/x-www-form-urlencoded',
)
[ info ] [ PARAM ] array (
  'R6dWld7LbYb40Pdrqy3zsYTZFIcWdMgPIp6XNmAcZQGgY/Xv0GRosSpXE/IankAfKz0c_9DvkHTVno4LZIrUSV1Vqnz08GIh0gnsFfasv86IYnskw7zaL/uSKW7Z_B3z3SNZbGIdO0Awgp7SvP/cwc7ndgFJ8AemSCCukUEkA_/3A9QwmfgCRqeKXnrX1JCtXL7MpV1ywVW630pctW3XV6vPnr/VS1oqKrTpnBswV2T8gpbBSqdg78r/lla6WSLef3HwqPPxNjQJE5JaArrXQLLApl4VtAMihZTxYCef_GVxBSXSjQH2GXl9ipGmwczYkUnU4VkqdS5jRYd2Ukd3yHRvnVHw1jPjS3LyyTADFw0CGcvQg2B2343hHZcn/YOfc_FlqgcMj14XVybBZiAE9TTrab_u0NpYOp_VOBzMTy_StHTlEb8cZ4y7' => '',
)
[ info ] null
---------------------------------------------------------------

[2020-07-03T00:12:47+08:00] 96.3.196.110 POST 101.132.45.200/
[运行时间：0.004450s] [吞吐率：224.71req/s] [内存消耗：863.38kb] [文件加载：188]
[ info ] [ LANG ] /var/www/mishop/thinkphp/lang/zh-cn.php
[ info ] [ ROUTE ] array (
)
[ info ] [ HEADER ] array (
  'cache-control' => 'no-cache',
  'content-length' => '424',
  'host' => '101.132.45.200',
  'user-agent' => 'Mozilla/5.0 (Windows NT 6.1; WOW64; Trident/7.0; rv:11.0) like Gecko',
  'content-type' => 'application/x-www-form-urlencoded',
)
[ info ] [ PARAM ] array (
  'QPBXlYzIYsPy17960lRpDpodFAPimOKH8T9z_42/ROAdaE_tQffufhsGVs7mVuKxqP3xq0Cbb1VWotw3B5UGodTHnytfbb_a54dwEkBUCDQMKhu4XmaD36DF//ChiqEJb35QYI_yWKGhqCykTuwgrQTYO81uqp59uFdbQGyx1BdsBhDMdTWk_kMdIqoXXdMBz4KBsOCCGT_6XoriW2xu3OeUEcPTG6EBK_Ipv4KiomgxMKL6JcvHxjK0IScfyM1_wex2Yfa4npvn5RvGcc1mPyeUxKDUfBSL4spLssNmdvy9ALHxUJOsJEvAbLsFtdOEqcl5S6UBT1CGmz7m8B1Q1QUQNEiiOTxvYL5Met6sFcpinetRf16haKbqgVsKFWlDdKTapiog8yl9sODM/MRJB0OWMbiVEtCS9hk3JGmB' => '',
)
[ info ] null
---------------------------------------------------------------

[2020-07-03T00:14:50+08:00] 96.3.196.110 POST 101.132.45.200/
[运行时间：0.004591s] [吞吐率：217.82req/s] [内存消耗：863.25kb] [文件加载：188]
[ info ] [ LANG ] /var/www/mishop/thinkphp/lang/zh-cn.php
[ info ] [ ROUTE ] array (
)
[ info ] [ HEADER ] array (
  'cache-control' => 'no-cache',
  'content-length' => '412',
  'host' => '101.132.45.200',
  'user-agent' => 'Mozilla/5.0 (Windows NT 6.1; WOW64; Trident/7.0; rv:11.0) like Gecko',
  'content-type' => 'application/x-www-form-urlencoded',
)
[ info ] [ PARAM ] array (
  'Q6UKxNzPNXx99oT1VoSvUlNfwpq06ujWPsQD8yF/jZOPNFj2GPT0Ek1wCZ2IybVZKsLw5vIQTEPhhB7qwjdO_UcNJBf8TSAHPOaNtQrIk8S8zQoYyViiznGFWtI5pGYbpocW8KMy5CUXuHeDKT5M22kuZLV25pBg0RjI29q672wBrRbxzaDZtMfGLIBoEHhtdDsztL1MkydvG9SCzHVUKM4xTjq8AKPSJi5OtSfozZiT9FYIRgRpNh7e_S0a4bk14rfGCKev8cxGbuvp0B0QgtZAHrrs2cKJsV7UguIhGoCZZF2n1uRv1cwmLinVhmn6kR3IkKROxUxpmDoSR8SNkaPeiAM/dJ4S9XPDvgbE6lVzb0NihTW1X3uvZXG4o37C5sDK9WYsoZ6XF3WTGY2Y1R7pXB1m' => '',
)
[ info ] null
---------------------------------------------------------------

[2020-07-03T00:16:53+08:00] 96.3.196.110 POST 101.132.45.200/
[运行时间：0.004406s] [吞吐率：226.96req/s] [内存消耗：863.13kb] [文件加载：188]
[ info ] [ LANG ] /var/www/mishop/thinkphp/lang/zh-cn.php
[ info ] [ ROUTE ] array (
)
[ info ] [ HEADER ] array (
  'cache-control' => 'no-cache',
  'content-length' => '368',
  'host' => '101.132.45.200',
  'user-agent' => 'Mozilla/5.0 (Windows NT 6.1; WOW64; Trident/7.0; rv:11.0) like Gecko',
  'content-type' => 'application/x-www-form-urlencoded',
)
[ info ] [ PARAM ] array (
  'E/NWxd_cYqhs9Ghw_WcJOoaZgWpSQHycXYiuR5SdEOBN50SIXKS9EAB5fKcNTwqZ3kVdQLkYFT9UZZ8JjC5b04a1d5DrXscZlLPUhHaVGgXye2WMNlMxCzS3DUQsf30pusJJA8oPB3kXsfiUBQh/YbIA8iHfcPNt6fqM2eqfldbIhwXKYqouhPn206eMBFUqZrI2RUOUY4tt1Tpr5ZQIlp4IILX4hQ5Tqp9EAZ3UDbL8fyISTXYwt_QWeCjwUa3X3k1loZ8ChbrOcQ_Z7k3GbPHvAK0wuWO3DPde3ysvqK4u7zBfOghQxTr_puETU/5jtTEKDoocImuJnqMhaj2k_hTa9rGmKEdWR8zEUjd4/bDQVJw' => '',
)
[ info ] null
---------------------------------------------------------------

[2020-07-03T00:18:59+08:00] 96.3.196.110 POST 101.132.45.200/
[运行时间：0.004565s] [吞吐率：219.06req/s] [内存消耗：863.19kb] [文件加载：188]
[ info ] [ LANG ] /var/www/mishop/thinkphp/lang/zh-cn.php
[ info ] [ ROUTE ] array (
)
[ info ] [ HEADER ] array (
  'cache-control' => 'no-cache',
  'content-length' => '384',
  'host' => '101.132.45.200',
  'user-agent' => 'Mozilla/5.0 (Windows NT 6.1; WOW64; Trident/7.0; rv:11.0) like Gecko',
  'content-type' => 'application/x-www-form-urlencoded',
)
[ info ] [ PARAM ] array (
  'F/BawI_cYB6EQKhIrPs8FGHfQFot/X23NGE8SbHDERfbobx8RkwcYkPFzDT7YXz2MoDJi_feTE7aUicWOyezx5869ZeB3Cso3vTkQr1XH0a6x17iRNAWzyph4OZdCS8EYSOQziub5R/owzVB0ZregA2UYvdQJ6N4i3X1hSHBoVpsmBAUIYpWJQLIJIRIaNET_kuKM6exSu3z5b5X9Hncy80WzQs0TwenLpokTXbL3dm/CnLJUeomh7VzcdKhDR7Jjdc4_A6_OKU8FUhwtRXkE4pQgWWpCQCZuXoftrqty37MzOD1B5gKFTm1StNsF7ioQ/sxrUHlpPPsQ5MjebspL4qAgOFwKrs_cAVQHOgNS09NxfyGjblb/oH7YIaTlJZB' => '',
)
[ info ] null
---------------------------------------------------------------

[2020-07-03T00:21:01+08:00] 96.3.196.110 POST 101.132.45.200/
[运行时间：0.004367s] [吞吐率：229.00req/s] [内存消耗：863.25kb] [文件加载：188]
[ info ] [ LANG ] /var/www/mishop/thinkphp/lang/zh-cn.php
[ info ] [ ROUTE ] array (
)
[ info ] [ HEADER ] array (
  'cache-control' => 'no-cache',
  'content-length' => '400',
  'host' => '101.132.45.200',
  'user-agent' => 'Mozilla/5.0 (Windows NT 6.1; WOW64; Trident/7.0; rv:11.0) like Gecko',
  'content-type' => 'application/x-www-form-urlencoded',
)
[ info ] [ PARAM ] array (
  'QqYIwYzOY9s0S3tzRsDEJT5wPLJQrEzq9JBDBjj_BJB8BH_AKOm0InNMi7NjbzAr9kwtUzwN8hx7Gnuzk3c_m/0D/HrdeRn1PvgTW1NyLU67mC8KH4UvvwHhvY/KufD5_mLJwt_nCSbJw6nBfENBO8UGRj5H3hODAlUCIfpYZ5l_v5lczpScEwvfLorXyGFIWi0lhCdzInfegjiQWenSq5IrHWbA4rTBDh1n2Wr98XCh2_2Zg7kjC5HzxK1hXiNK9rFPb3PleSh558uSdKvsHYcWz80wtbPNp0HGYX4zxZUH8mhwDaYYoqPDgtyRcXV4YAW6OxYe4QLHOpXSPt0tK39t/CiTOFmkNyBsqzLSAc2lD0MrsRzj8rOdqDisbDNDK4SdF1UgHNQ7j9zi' => '',
)
[ info ] null
---------------------------------------------------------------

[2020-07-03T00:23:03+08:00] 96.3.196.110 POST 101.132.45.200/
[运行时间：0.004860s] [吞吐率：205.76req/s] [内存消耗：863.13kb] [文件加载：188]
[ info ] [ LANG ] /var/www/mishop/thinkphp/lang/zh-cn.php
[ info ] [ ROUTE ] array (
)
[ info ] [ HEADER ] array (
  'cache-control' => 'no-cache',
  'content-length' => '372',
  'host' => '101.132.45.200',
  'user-agent' => 'Mozilla/5.0 (Windows NT 6.1; WOW64; Trident/7.0; rv:11.0) like Gecko',
  'content-type' => 'application/x-www-form-urlencoded',
)
[ info ] [ PARAM ] array (
  'E6QIko7AY2Maf84sHgKJIEnHzvI7WjvqP0rwQBPFyxP9/bbhhdPRR0w7FJ_KBjENndwM1OvWesltxRYun/ooSZ8vgXNO8j5Up1O2VtQLWxWrl5qyPnaw1oZzpH2fEYIL52r/rYL0FL6xHd/w/_f2bfMWDStqqEACLNcHvmkVN1b6gupAqx2TIYJDlewt3U9qUgyDoLwG2wtpLyfHHlwCLZDRInl3TA63Ni7Zbg8jNK5szLyzWSzveHlHsfTA4aTwSClROWbnoowsBJBGnRkglDoqmMpTzEhAKcYJHcOO_Hk0sIMW4e8j2nVmegy9H97dMTZpxb3N1ZCrGQmKsJBB0S/52Gz3jPQCc8tFY6VLM5kUwaT1v7U' => '',
)
[ info ] null
---------------------------------------------------------------

[2020-07-03T00:25:06+08:00] 96.3.196.110 POST 101.132.45.200/
[运行时间：0.004622s] [吞吐率：216.36req/s] [内存消耗：863.25kb] [文件加载：188]
[ info ] [ LANG ] /var/www/mishop/thinkphp/lang/zh-cn.php
[ info ] [ ROUTE ] array (
)
[ info ] [ HEADER ] array (
  'cache-control' => 'no-cache',
  'content-length' => '400',
  'host' => '101.132.45.200',
  'user-agent' => 'Mozilla/5.0 (Windows NT 6.1; WOW64; Trident/7.0; rv:11.0) like Gecko',
  'content-type' => 'application/x-www-form-urlencoded',
)
[ info ] [ PARAM ] array (
  'RaZXwd/MNxBswiryKFSngZaWDZnP3TSyi30XeiQzD2Uzp7cWZYOw6LI5wkK9jeLRcb99lGb7Raiun15szJgaye4lYEkPV3zt_h3jUHS503aHg9b2HnPrzNWAoUsqDgBiQbEZTjSa5LBeb0b7DVXP8Lmcj3P47X2q4gWmanHFhQB21f2KCLgUliPZ653lfy0TVph_lIbg_VT5HL/viEREGlj1plxbNnZXg_ICPter1Lr6A8uMYSdWDVfhFq603fW5NhwklxMDPc2B51NBAIbWcQq0Gti6lYjY8iWH4yznvWrpWj5DC6xiD/2XMm5iqJ0FJt9M0z8RBbqYhi4rFUjZAGnEefOMx6l1c9yw2G/bfUokaxECNUwhhHuhX9_w3UP/jzrYlncLxOcJg2M' => '',
)
[ info ] null
---------------------------------------------------------------

[2020-07-03T00:27:11+08:00] 96.3.196.110 POST 101.132.45.200/
[运行时间：0.004605s] [吞吐率：217.15req/s] [内存消耗：863.13kb] [文件加载：188]
[ info ] [ LANG ] /var/www/mishop/thinkphp/lang/zh-cn.php
[ info ] [ ROUTE ] array (
)
[ info ] [ HEADER ] array (
  'cache-control' => 'no-cache',
  'content-length' => '384',
  'host' => '101.132.45.200',
  'user-agent' => 'Mozilla/5.0 (Windows NT 6.1; WOW64; Trident/7.0; rv:11.0) like Gecko',
  'content-type' => 'application/x-www-form-urlencoded',
)
[ info ] [ PARAM ] array (
  'FKEIk4ubNqSJAFAf_bTp7MZL2RB4zuEsZ7AEMk36z3wWbk2kkyuikdHJ2JkMd6i/9SF8FnK0HZnq4BCmP/ALkGy2otgcpXagMAZEdIaTGaWaQQzzQ4D4Z20Qn2FnKO9wSRvKATR3NIZNaJ_JSZ8PXGrT79Xjlvly64yf38evxPhjNqGNvjZMe34rh4UBrCgMTqRdP5jQzK8SEKHBoyOwoEo/K25cesDNj780a1ZSgbQ8metFGBHQsprj8IksYf8V2f83c7oHbMAgBr0TKXzNUARWIdKa6Ej0AhzpIykGRJaSFLsZIJbqN5floipD81kTMW61ZsTtCxeTxn74wAgZ5TQUs/I6r5Il9kTrm_IiippizR4fejDp1k5NthMGJQ' => '=',
)
[ info ] null
---------------------------------------------------------------

[2020-07-03T00:29:13+08:00] 96.3.196.110 POST 101.132.45.200/
[运行时间：0.004291s] [吞吐率：233.04req/s] [内存消耗：863.13kb] [文件加载：188]
[ info ] [ LANG ] /var/www/mishop/thinkphp/lang/zh-cn.php
[ info ] [ ROUTE ] array (
)
[ info ] [ HEADER ] array (
  'cache-control' => 'no-cache',
  'content-length' => '368',
  'host' => '101.132.45.200',
  'user-agent' => 'Mozilla/5.0 (Windows NT 6.1; WOW64; Trident/7.0; rv:11.0) like Gecko',
  'content-type' => 'application/x-www-form-urlencoded',
)
[ info ] [ PARAM ] array (
  'QqRYl4jPMpUanE2NtGTLsCQdcWLhm10DZkVpQlQs7ekdRNR13jMkth2WQhH6CaaJxkbXyyZ3hbWyqIDcRfUP70SVBc395SE/LzidZbpRleC/yZWrqAozgFDgidD9MvapwEs8ywusxnx0qH9CshP4TZP6/kArFE9TCNiNu78Zbc0RzYnyfAZpBh2QJXUE7aHvQ4wDYXeOVql88TmWo2wpwP2vqueju_rhJvorLl9PCTu75yx/n2jLWPAJxEf47A_C0PvMUr1RTPOc/uNvGlcOB3zK_adLV4I9aqYIwnBPU3Vt4U/TSLx9b4tw5mmduNUivQ9dMhyTjAFwIJmzu9L6eeB/xtBaAJFoHd8nEPOgFR/l7g' => '=',
)
[ info ] null
---------------------------------------------------------------

[2020-07-03T00:31:16+08:00] 96.3.196.110 POST 101.132.45.200/
[运行时间：0.004403s] [吞吐率：227.12req/s] [内存消耗：863.25kb] [文件加载：188]
[ info ] [ LANG ] /var/www/mishop/thinkphp/lang/zh-cn.php
[ info ] [ ROUTE ] array (
)
[ info ] [ HEADER ] array (
  'cache-control' => 'no-cache',
  'content-length' => '396',
  'host' => '101.132.45.200',
  'user-agent' => 'Mozilla/5.0 (Windows NT 6.1; WOW64; Trident/7.0; rv:11.0) like Gecko',
  'content-type' => 'application/x-www-form-urlencoded',
)
[ info ] [ PARAM ] array (
  'RaxYydnLYPlE6Mcx6cT2e7SzY2aYOCrxkykV5QOijzHyYqp/kc7Kk2dMONBcJImT/bk1e_7cmvDqXHlwsUjzPNrsJpHRQBQ/tFgPiQk8jQ3ZcuOtcWwXCtd84/PFECHCAhkjelm85STMhWN3lB8kRrWVYx9kfJWexkgHx3oanfjBmVemrDvAm682TQ_k08qANXp14dS3e2S1aapCXLwCWbb4TzBWcpBZiQVRdJHOzPwPj/0M9CiZcS1ri6Zfq_JtZz60k4GDcEj6/a_sui5B5iYMm1KQmKsBqVGVW4m6NkAi__rzyDKtrxtiWLPmwJOulevMwdbwhk76hvNfn5mB/zmV055c3IW1SO3ja_DkMNjcOCin3sBwVgDsVxA790H_Lz8EcFyRGw' => '=',
)
[ info ] null
---------------------------------------------------------------

[2020-07-03T00:33:19+08:00] 96.3.196.110 POST 101.132.45.200/
[运行时间：0.004654s] [吞吐率：214.87req/s] [内存消耗：863.38kb] [文件加载：188]
[ info ] [ LANG ] /var/www/mishop/thinkphp/lang/zh-cn.php
[ info ] [ ROUTE ] array (
)
[ info ] [ HEADER ] array (
  'cache-control' => 'no-cache',
  'content-length' => '444',
  'host' => '101.132.45.200',
  'user-agent' => 'Mozilla/5.0 (Windows NT 6.1; WOW64; Trident/7.0; rv:11.0) like Gecko',
  'content-type' => 'application/x-www-form-urlencoded',
)
[ info ] [ PARAM ] array (
  'QqNZl9idYDpZL8iHOsVCQq_5X8a7McDZzopqo68iGwFomVX1ckftzVG6xOLoR0l5iTf87b8AC7O5AHM8IDibJXUvePah8XWBlmbV64X2K38S4s0PPZkKj3aAF/2x6lFRzLpwbvOMrHkdpE3Kx60wwohw9dQF6s4ng03IEf2aqEtG383SNyePJE_TK2YPRFrsJB4Zkj4iSUaUQrUAGNoia28TPbc7QFLkswvaw7QCYMFfiw5oEQMDnmUDpMxssqkyfBBVFmuMWFkTLGyyqPNpoj/DiXg9Feu58YoIh5dciNPcwmLElMkq8XF8ZT_41PyFATWldCBg4T1v50asIzVuHFD/jOVJUg4meTj7AEb20uQpYOCY7i7LrcMyTXY0tHrgkA1cn5cXWwLLcVuK86UweoP2PBZkUwqH/SBOvu9gAS53EW48_Z0dgCMb7rDv' => '',
)
[ info ] null
---------------------------------------------------------------

[2020-07-03T00:35:21+08:00] 96.3.196.110 POST 101.132.45.200/
[运行时间：0.004617s] [吞吐率：216.59req/s] [内存消耗：863.19kb] [文件加载：188]
[ info ] [ LANG ] /var/www/mishop/thinkphp/lang/zh-cn.php
[ info ] [ ROUTE ] array (
)
[ info ] [ HEADER ] array (
  'cache-control' => 'no-cache',
  'content-length' => '388',
  'host' => '101.132.45.200',
  'user-agent' => 'Mozilla/5.0 (Windows NT 6.1; WOW64; Trident/7.0; rv:11.0) like Gecko',
  'content-type' => 'application/x-www-form-urlencoded',
)
[ info ] [ PARAM ] array (
  'RqVcw97NMHcq1LojrIAoKaMDUvOXJ9KdncBB57ZiBM19cY4TaYY9rRYxODb0tQrYb0ZWES04fFkeGIhha104MUI748eg2HGTSh25prTU_Ex1z3gqXM5DaeOTeyNu7Ne4nxBOcCP5dPJri6wVkYRYVOn1nLsalCPcR5x7fLGwkMsObz2P2hDc68s20sHf35w6eMwr3XCp0qtJb/WGqVReO7rvdZLxrJdeGRBWlNCE7IAm6LugYa1EBTvOvailYMRbd8aQeT/7KLb2MqUXDpN_A8oi//CKDwtt/jDBdpqo3A5dCU26IHqcFUQwjZiO0GameSEeVXV_xOg1ayrGWqbX3KD2HqmJ1LsLU_jz27dc6uzdfHR2VGDXpEp_m9Km3aIzWVY' => '',
)
[ info ] null
---------------------------------------------------------------

[2020-07-03T00:37:24+08:00] 96.3.196.110 POST 101.132.45.200/
[运行时间：0.004280s] [吞吐率：233.65req/s] [内存消耗：863.38kb] [文件加载：188]
[ info ] [ LANG ] /var/www/mishop/thinkphp/lang/zh-cn.php
[ info ] [ ROUTE ] array (
)
[ info ] [ HEADER ] array (
  'cache-control' => 'no-cache',
  'content-length' => '432',
  'host' => '101.132.45.200',
  'user-agent' => 'Mozilla/5.0 (Windows NT 6.1; WOW64; Trident/7.0; rv:11.0) like Gecko',
  'content-type' => 'application/x-www-form-urlencoded',
)
[ info ] [ PARAM ] array (
  'FvYLlNKbYjN/SwMjqVjePieWsH4wlPDRyz8BdXcu1SR6qUbRImeSUaoM3tbuofkqOcuu2iwKkXa2YGfZ1Z7rdSJ8PEL5vten9BiBqtX3hn3zTgG/_92nBevTAim/xl2fHAb5Q6uTnRSDHLGm3oVHH6RlPIwtrQ8uI24L0EdMARjfjAR4pk6e_ejVfuIhHpad3gy8pNjr8nJClELr_sc8HR49HU_Sj3d8ox/t26oU_iBPyYE/ziS1/iwOCB55TPT5eM_tAkzkMqFuuk3Npb5Be7dHyJAOz65nZOxUhXYZhvZxGo1lNfycBBrRJgfccS2gKQxyqD7PxGimnyVLkfXDvIlVbZu0jauleSeMy6Esr_uGYV5PBfJNvoGKXQB61rcpPHev2EYUsk23GhjcPWNoarV3YkX4suLngpMLp4frobx7xlo' => '',
)
[ info ] null
---------------------------------------------------------------

[2020-07-03T00:39:26+08:00] 96.3.196.110 POST 101.132.45.200/
[运行时间：0.004665s] [吞吐率：214.37req/s] [内存消耗：863.25kb] [文件加载：188]
[ info ] [ LANG ] /var/www/mishop/thinkphp/lang/zh-cn.php
[ info ] [ ROUTE ] array (
)
[ info ] [ HEADER ] array (
  'cache-control' => 'no-cache',
  'content-length' => '408',
  'host' => '101.132.45.200',
  'user-agent' => 'Mozilla/5.0 (Windows NT 6.1; WOW64; Trident/7.0; rv:11.0) like Gecko',
  'content-type' => 'application/x-www-form-urlencoded',
)
[ info ] [ PARAM ] array (
  'EPRfxNrNNz1uWlapg7Rac2Dh4KqUv0_pQKz9C7zTHKevTmVS7uGprS_Km_u_mkXigSfDJ_iXHZuNE_lUa9zC1feBAiXRQUnj/BsbXTHgMq8xhxqms9iTIysZVaqAKoLhdQgzY5a2lFt5NZ6DblqMqo0uE2ckCVvVZvRbDx/esSFBv/SEQBLGYHCAKnM6n0Z6PZpvURCTJpwf0PyJd_Uz4PnLHn7MaRlsstsTn8qnK7OxXIXA9VJzEk2rlo87Mou1rAepnS0RRREqjIkxrd/g0m/7/aOZqozH0ZjOscvpYWl_y0X2sNe7jqq6_Qgec0Die5kj_k2eH1ptzccTBzJ5dRhAtmGuqInbpXq2ts0eXzrBzBL5Qu4n1AoZu3bt11mRdigW4mVyxfk3fLB89H8OV6e/' => '',
)
[ info ] null
---------------------------------------------------------------

[2020-07-03T00:41:29+08:00] 96.3.196.110 POST 101.132.45.200/
[运行时间：0.004527s] [吞吐率：220.89req/s] [内存消耗：863.13kb] [文件加载：188]
[ info ] [ LANG ] /var/www/mishop/thinkphp/lang/zh-cn.php
[ info ] [ ROUTE ] array (
)
[ info ] [ HEADER ] array (
  'cache-control' => 'no-cache',
  'content-length' => '364',
  'host' => '101.132.45.200',
  'user-agent' => 'Mozilla/5.0 (Windows NT 6.1; WOW64; Trident/7.0; rv:11.0) like Gecko',
  'content-type' => 'application/x-www-form-urlencoded',
)
[ info ] [ PARAM ] array (
  'R/QLwdmeYHywlo9YEvJJ_Tk4SVNEb_/MRqNmE1DZkAvU3MOXWKsKzU6AeGGEGF5W47WbHxX12K2m7P1dp4zqcRRKzqgz4ntmHNsj9dg2FhzZhpv4KkpYCtz5Jq9BDH09o75UESw6x2Jq8F7PDWRTw/3bY7VfRFp297DOiIHyfe1JkjgjZXLYBrs0N6jRKqRbNw1qzI0SAnCijYoznQp4NPqaQB01DkCsE7ET6UiuQbGf2ZlLTCJDAm4OC8TG1qixU1knPRB3RKyD1h_mDPJbj9Ef9Ln3t1Gy1UENAE9NqKe92F2pr6IrDgH7ZYGYkH/ONodpZpzX/S_BpjjWFirKhDpuEQgMenoZrrDjuO/F0QA' => '',
)
[ info ] null
---------------------------------------------------------------

[2020-07-03T00:43:31+08:00] 96.3.196.110 POST 101.132.45.200/
[运行时间：0.004811s] [吞吐率：207.85req/s] [内存消耗：863.13kb] [文件加载：188]
[ info ] [ LANG ] /var/www/mishop/thinkphp/lang/zh-cn.php
[ info ] [ ROUTE ] array (
)
[ info ] [ HEADER ] array (
  'cache-control' => 'no-cache',
  'content-length' => '380',
  'host' => '101.132.45.200',
  'user-agent' => 'Mozilla/5.0 (Windows NT 6.1; WOW64; Trident/7.0; rv:11.0) like Gecko',
  'content-type' => 'application/x-www-form-urlencoded',
)
[ info ] [ PARAM ] array (
  'RaBbxI7OMvGLsEDNLDVOQz/NEjDhjUiMjgvg1ASTmfEovuPPnuk0cDxqr2wrzD/pvRLWtx8YjHlIQLFjuTcVl8R85gDjqiMxBngWtgJiMu_p_4HFjObc1rRd1/jEbjpOgN2r2KUmEwqOSLlGx0faURSzpr2o56mvVP6e7IHGraXRy2uEq9IW4cqpg/wuAo5Rt_Tyo5YaBDfGNLGy2OZSOBLgyKxjR5/3cJmF8LgFuaOW/dFNL5MmOcFjleQN/UBcJV8NWGB2qBKGhH5mcq66k2/n63DCrzw/iKXT_stzlY7sg0sNoq_OyTHfBHyd1GQNcumJPGNLlB2mUy9dOZOEOrm8Le5feBvs6a1/OfqAkqrBxLVgq7YwaPErUg' => '=',
)
[ info ] null
---------------------------------------------------------------

[2020-07-03T00:45:35+08:00] 96.3.196.110 POST 101.132.45.200/
[运行时间：0.004677s] [吞吐率：213.82req/s] [内存消耗：863.13kb] [文件加载：188]
[ info ] [ LANG ] /var/www/mishop/thinkphp/lang/zh-cn.php
[ info ] [ ROUTE ] array (
)
[ info ] [ HEADER ] array (
  'cache-control' => 'no-cache',
  'content-length' => '380',
  'host' => '101.132.45.200',
  'user-agent' => 'Mozilla/5.0 (Windows NT 6.1; WOW64; Trident/7.0; rv:11.0) like Gecko',
  'content-type' => 'application/x-www-form-urlencoded',
)
[ info ] [ PARAM ] array (
  'F6NcxdzAN382nUjgvBj5/tIvm6JhCRt1fcPFkzd9AnSs7Q2f759SJcpxyB9CU6/avC/MifIxK5wPSfcxmoAInUIaBbD7ludz9p94Id0vDBD_jqad5RqOBo3WmNNCcxW3jLgMVlynu_vkr2gjh36DiQL5AzQncFz6Yj2BIuK9KrkYEi7MmJumFpinqf/4TALAenyFgzOcSfUgICWk2LO9cznApO_D9iWs_f0ijiaUJgy3VF9wTvJM6/uivieQuhmI0pzAk_8uxz039xLFiA3gEb5TJ1xMvYpDwtnno6L4c8AM8pMMj4tSwRnb5ZZR3Th1NiZY0pzf2v8rZHPcfbatE8EbgqjnT8iuH8O2qq4jDDEsjzQMaIv9SOk0jfXe' => '',
)
[ info ] null
---------------------------------------------------------------

[2020-07-03T00:47:37+08:00] 96.3.196.110 POST 101.132.45.200/
[运行时间：0.004384s] [吞吐率：228.10req/s] [内存消耗：863.38kb] [文件加载：188]
[ info ] [ LANG ] /var/www/mishop/thinkphp/lang/zh-cn.php
[ info ] [ ROUTE ] array (
)
[ info ] [ HEADER ] array (
  'cache-control' => 'no-cache',
  'content-length' => '428',
  'host' => '101.132.45.200',
  'user-agent' => 'Mozilla/5.0 (Windows NT 6.1; WOW64; Trident/7.0; rv:11.0) like Gecko',
  'content-type' => 'application/x-www-form-urlencoded',
)
[ info ] [ PARAM ] array (
  'E/QKk4zNZWysYz4NWXe_Y1WByBJL6o1huy6/6nEgpE_66zrmkc4F3Od61HgFUO/b1NzfVOrrUrplH/C1dlSb8erQIdKy3vxbiQMbfp2lEtpaCELBCk/b7FMOJf3kKxlJlPS1T3SRGUDFU38kPZxxOk3RUsWKuzDsvhQM_Wf6Q_ZY1uwnDu/BFKK1j1wAo8N1ZMBivKJ0dDWF_wgu999wQBqS1LdXj4ODnK5YUv_S8C8QoEgmUXXxV4MmCxttycE48PCtSe701yaQTcGn/qTs/nCXQ9ZKHJwrxCeF6H61J3XHrQLnDB6x8EGhn7QmHmw0RSMBkP7FE/T9nrRPPxuANcCIbBDj/v6h4WLM3vxNPtU_CZbUhOKVFtIW8ZY/C2JH32nuhWpPlCQ5Cow8f3VMui5iuYFg7XVhC6nsDBL4ug' => '=',
)
[ info ] null
---------------------------------------------------------------

[2020-07-03T00:49:43+08:00] 96.3.196.110 POST 101.132.45.200/
[运行时间：0.004377s] [吞吐率：228.47req/s] [内存消耗：863.25kb] [文件加载：188]
[ info ] [ LANG ] /var/www/mishop/thinkphp/lang/zh-cn.php
[ info ] [ ROUTE ] array (
)
[ info ] [ HEADER ] array (
  'cache-control' => 'no-cache',
  'content-length' => '420',
  'host' => '101.132.45.200',
  'user-agent' => 'Mozilla/5.0 (Windows NT 6.1; WOW64; Trident/7.0; rv:11.0) like Gecko',
  'content-type' => 'application/x-www-form-urlencoded',
)
[ info ] [ PARAM ] array (
  'EfdXlNuabYYpzYV1lHR9Ft__V/5xP2jP5gPo1ueGF56qZ5vh654Tx8fip1x2254Hy6zT8q27uyDW3x/WojLC8iciNPIgEcOWD_GYGQY0XWLqIlUm7dUA7lLVJwaTjcVRxCxu7arGh8vmhACJ_ji8fCxvOHvTv3Si2HC212icAUBQFIQDufsyMPLWLBTeOQqdCFCECFqb/7NIjUwXZM8QKFt5P8Cgy92vviIgpsnVzKVVh39YO37SOT2IZzzPI_xW2nNEf6Lk3x7C/1rhvZiXFECsH1X6aHISUMiON5oP310FTmxPgZbiPSWVHEIwXqtwhXO7I71OIiMOYtiHGVhcbEmkKlmK8LafR0VteQTMNrml/b2Rsk0LOqp3wiFXWsWn/1UB7zFJqzqxHd5ovgy1_PabXQO97Y02bv19' => '',
)
[ info ] null
---------------------------------------------------------------

[2020-07-03T00:51:45+08:00] 96.3.196.110 POST 101.132.45.200/
[运行时间：0.004477s] [吞吐率：223.36req/s] [内存消耗：863.25kb] [文件加载：188]
[ info ] [ LANG ] /var/www/mishop/thinkphp/lang/zh-cn.php
[ info ] [ ROUTE ] array (
)
[ info ] [ HEADER ] array (
  'cache-control' => 'no-cache',
  'content-length' => '408',
  'host' => '101.132.45.200',
  'user-agent' => 'Mozilla/5.0 (Windows NT 6.1; WOW64; Trident/7.0; rv:11.0) like Gecko',
  'content-type' => 'application/x-www-form-urlencoded',
)
[ info ] [ PARAM ] array (
  'EaRXxdrLNj29H0x3NBoigl_5qUnDY9RD9EPdigsOhyM6sZVg7cXCUV_g6UYglsSL0uwHk8I4Fbbc/7t9WfgT305v4pRXCHOWOM2TP9nlZCFvEGQa9//b9RVs0wnHKfVokJPzXLw0Ui98VgjtNgpZ7k5yxDA24aNC1h002WQaAhSrlj6s/vjH7nLLJe5hieAnRp6xBfxJSaYRnp3MxfYjo6cvril8HZrkcnCdyo_F7ryzmuGDXiMxGkZ092yaPq/IuWlU/kRjL7v4YJrdkVJo3k2mK2UKk6dnrx153hxAr/qR1VBG2IUNw2S7VvWK5w0/iuljCoStTUyH/0jh8wCcKDDueT4TIgy15FtjfIehzXrAXuX_WssIBSI06WzzTiENP3iuGzSnzXn4iShoGuK3AQ' => '=',
)
[ info ] null
---------------------------------------------------------------

[2020-07-03T00:53:48+08:00] 96.3.196.110 POST 101.132.45.200/
[运行时间：0.004869s] [吞吐率：205.38req/s] [内存消耗：863.19kb] [文件加载：188]
[ info ] [ LANG ] /var/www/mishop/thinkphp/lang/zh-cn.php
[ info ] [ ROUTE ] array (
)
[ info ] [ HEADER ] array (
  'cache-control' => 'no-cache',
  'content-length' => '388',
  'host' => '101.132.45.200',
  'user-agent' => 'Mozilla/5.0 (Windows NT 6.1; WOW64; Trident/7.0; rv:11.0) like Gecko',
  'content-type' => 'application/x-www-form-urlencoded',
)
[ info ] [ PARAM ] array (
  'RKZZl9vINno1R6qfTJbVCbFReklTEbyCYbMNBMrQmuzjs7Lvfd_1Z15J7aXRIdHwlj2fI_/zWyPQ51mkqMRl7lSB37Snh3XXMFfypPFCr5D7d0KSooD/Z19eud3UZLnxSajwZIyULYDtRI1_1omTQfMm897jD0t1kNF7V95IeABFS/rY82b3/2rHH8IdmH_ufkCke5NIJT3U5_A3GnZ7Tan1IBQgvdO49VMuPiWjVHoqCg96Of2r5HIGNJQ7DKmBJV3kd5h0euVIN/iXtQ38EiAj4pYHi4xZ4Bb5P/u8WyUYpzG3bJfHj5aK15DUTJUbNjQ7eiFnIi0gCq1qKukgjKCBSpcKk1GqBJ3menBYHCckpnBc4cwMPWwsBJR/cZ7/4Qo' => '',
)
[ info ] null
---------------------------------------------------------------

[2020-07-03T00:55:51+08:00] 96.3.196.110 POST 101.132.45.200/
[运行时间：0.004645s] [吞吐率：215.28req/s] [内存消耗：863.19kb] [文件加载：188]
[ info ] [ LANG ] /var/www/mishop/thinkphp/lang/zh-cn.php
[ info ] [ ROUTE ] array (
)
[ info ] [ HEADER ] array (
  'cache-control' => 'no-cache',
  'content-length' => '392',
  'host' => '101.132.45.200',
  'user-agent' => 'Mozilla/5.0 (Windows NT 6.1; WOW64; Trident/7.0; rv:11.0) like Gecko',
  'content-type' => 'application/x-www-form-urlencoded',
)
[ info ] [ PARAM ] array (
  'R/QNk47LYZyfB0hXLBkcxMFdlsIWXr9SOZLeKx4yflAYPTxHXwEKTcxWe95P5oFO0OD_xxMsbnySyzKDFIq_9EweRQSnJ9Ur6136bQH8MVzcKAi_8nIEXeYEZy3VNfYVFUxQQx/Q6EUXj65zoKXrc_mi3isi3cXze487HWzhyyuZbByaNccecIqDGDOPXF_4ka9GoWEHfw2hZ7np3k9gI0s2XjAFahG/Hfigb2JOaO4kdbcACBq3EBxzow1VbSzNbRyJ55tcIxAFGLRsUDQh23knB1NbB7R_uaB7AeUXLcB3gdmRBpMxbc_87cnNOXH8ZH6pTbRKZbg23D2WbUfdQ9DIwV4ZWsd/l5q1c1SZgdZBx3ZK5t9t0GD3Nu6zFF2oG0OWCHo' => '',
)
[ info ] null
---------------------------------------------------------------

[2020-07-03T00:57:54+08:00] 96.3.196.110 POST 101.132.45.200/
[运行时间：0.004394s] [吞吐率：227.59req/s] [内存消耗：863.38kb] [文件加载：188]
[ info ] [ LANG ] /var/www/mishop/thinkphp/lang/zh-cn.php
[ info ] [ ROUTE ] array (
)
[ info ] [ HEADER ] array (
  'cache-control' => 'no-cache',
  'content-length' => '428',
  'host' => '101.132.45.200',
  'user-agent' => 'Mozilla/5.0 (Windows NT 6.1; WOW64; Trident/7.0; rv:11.0) like Gecko',
  'content-type' => 'application/x-www-form-urlencoded',
)
[ info ] [ PARAM ] array (
  'EfdawozOY4wmZMjxtwaRoz3wwxYSUmg7khoSfXbKkgNc0YTPaJ1/My1IOL7WhFYqiIaKrtXY15zDzrtCaCtynsXQ10cDM1TAmaRYNfoYBn_p4PZEKbbMy_IUq59vnlgAB66c2JvrHg3nLo3YqSSZ8wAU8jq4EAY7KrqXrb/RwCU7FmzuozyKK6_pZw403PopVDYElSPIJT6k1ZC5zX5x0Oer2axkNdr7er4fXvKvH05EPWBl0sY/8Sk7OPyV94s8pdg62Bix3d1SAiGXQN1erxGx8EFtIHOCWUjrfX/EH2LV0dY95omZBG2/YfBvmzAbMid7j/D4WBrD6YDHXurlhgEENwUzchGWj6iVwh1rOGtntiOc/6_ypv/33uzG7WQTegf9th8z9mdz7V5yYAiwTG5FeSTjdp0pDoNnKdgmYe0' => '',
)
[ info ] null
---------------------------------------------------------------

[2020-07-03T00:59:56+08:00] 96.3.196.110 POST 101.132.45.200/
[运行时间：0.004547s] [吞吐率：219.93req/s] [内存消耗：863.13kb] [文件加载：188]
[ info ] [ LANG ] /var/www/mishop/thinkphp/lang/zh-cn.php
[ info ] [ ROUTE ] array (
)
[ info ] [ HEADER ] array (
  'cache-control' => 'no-cache',
  'content-length' => '376',
  'host' => '101.132.45.200',
  'user-agent' => 'Mozilla/5.0 (Windows NT 6.1; WOW64; Trident/7.0; rv:11.0) like Gecko',
  'content-type' => 'application/x-www-form-urlencoded',
)
[ info ] [ PARAM ] array (
  'QKZXxInBMjwhCvgAQoCeTAkLc82LtW1Dj8F/IPEoO9BfHuosLz2_t/IEYNg_/0eiqE3fmPxr4wi11hKudflGTg_71kUss_zJeXHsVIdeBe8pvTBS7Kl/M_/gYMwFlhQxerz2r/YszffDpqaZVICwtMvhKU4ACvwYPsHJwImq4pwHa/zgg9RgD2573jL8_f4Bfbj5UbtG1WopkgCZoPjuOLJCNR6umutNbQVMac6Lxafq4JuEQjwjxYAMFafzW9gh5UPtSpAVExYZM49ePYu1FWw_dwzl828ghLnLVpgi/VAm5zPds_cavlnrfPC/a0hXdFiYMsvqYiCkLYQQ7Q9cZzfLWb6N6IerQ3z2WqA5mWTdTk5FbxK0iSwN' => '',
)
[ info ] null
---------------------------------------------------------------

[2020-07-03T01:01:58+08:00] 96.3.196.110 POST 101.132.45.200/
[运行时间：0.004382s] [吞吐率：228.20req/s] [内存消耗：863.25kb] [文件加载：188]
[ info ] [ LANG ] /var/www/mishop/thinkphp/lang/zh-cn.php
[ info ] [ ROUTE ] array (
)
[ info ] [ HEADER ] array (
  'cache-control' => 'no-cache',
  'content-length' => '408',
  'host' => '101.132.45.200',
  'user-agent' => 'Mozilla/5.0 (Windows NT 6.1; WOW64; Trident/7.0; rv:11.0) like Gecko',
  'content-type' => 'application/x-www-form-urlencoded',
)
[ info ] [ PARAM ] array (
  'RfRZxIjIbNMymMgX0_gMIO6XHH_kpIId1uJPmxWRSlMyyTvxATMJYVzI0WvjB4vzLQnQnJkuR4uLtoY5D_f4qBv9ANNxnzXIxaeQCa/lq_Mxop7VoRrRn3zdqtY/aU3CgRxOGc995i9Mv_djqQBkLGWWxQPAmk7DB6K5Q/JZiBx5Uc3wn9kfQAJMMSRdL6P/j4eG1qWT3UIFKpJ21kLLKm6xPUDrlcN2JQHmvgwfbBdu2X7y/wKPPJ/qle6nWnDH_YYOrx3WVHppMoTterQ6JNFTY/mX8ft_RQQfubKlqvNoYE_K2nHpb3LV5DcJ0nbGgCHVA_H9a0wrEMkuzqWwp_NkyMeGBk75TNc4khLF6YEdrMqqckmuazXNHnI2fnAtvG5cPN1yWoBhA9dybsH/M_tL' => '',
)
[ info ] null
---------------------------------------------------------------

[2020-07-03T01:04:01+08:00] 96.3.196.110 POST 101.132.45.200/
[运行时间：0.004602s] [吞吐率：217.30req/s] [内存消耗：863.38kb] [文件加载：188]
[ info ] [ LANG ] /var/www/mishop/thinkphp/lang/zh-cn.php
[ info ] [ ROUTE ] array (
)
[ info ] [ HEADER ] array (
  'cache-control' => 'no-cache',
  'content-length' => '424',
  'host' => '101.132.45.200',
  'user-agent' => 'Mozilla/5.0 (Windows NT 6.1; WOW64; Trident/7.0; rv:11.0) like Gecko',
  'content-type' => 'application/x-www-form-urlencoded',
)
[ info ] [ PARAM ] array (
  'Rq0IyYjONhBWTntkXPSrwPnbIX4dYn2VLBpV2hcVa8ZaWCXvzILFYkCkIzxqSbtpO1BPrimvdpJxjMj0DaGjdJRYi1HA7MXIvHtqP_lJGaUuDznEXw1LSJbSLAWZx0rm5tY_ROnZcVopf3cIOI8PYwycB6lITUzl92KrQnZbsBJb8GA8uz_9RFcxokY1MeLcjpEpo7psf4rt0rpkHn_qggS62z/I3JmWY1T37A0rjxKYzIzkJ04OXLckQP4aolXwxo/RuMwokwDXmTCzxuQtDoBghz_r7W1wzshe5EqoMJWXWlI_WzzaWS6ry/80nEsl1QH4GKZotwXf6Zwsy5_a_R04XfInjLelr82F5adO8bb/uMsEIsq6ZHAAisXedI4kjLNa9sH2QOnu68ZA1U8KASao_doTTiCTEPDyZ68O' => '',
)
[ info ] null
---------------------------------------------------------------

[2020-07-03T01:06:03+08:00] 96.3.196.110 POST 101.132.45.200/
[运行时间：0.004644s] [吞吐率：215.34req/s] [内存消耗：863.13kb] [文件加载：188]
[ info ] [ LANG ] /var/www/mishop/thinkphp/lang/zh-cn.php
[ info ] [ ROUTE ] array (
)
[ info ] [ HEADER ] array (
  'cache-control' => 'no-cache',
  'content-length' => '380',
  'host' => '101.132.45.200',
  'user-agent' => 'Mozilla/5.0 (Windows NT 6.1; WOW64; Trident/7.0; rv:11.0) like Gecko',
  'content-type' => 'application/x-www-form-urlencoded',
)
[ info ] [ PARAM ] array (
  'R60Pl4_dYZMis2UZgTwp4cb4UPbnkyjeF26o_gKkSYnlyc75Fizb6HTAMZIIaoLXnV6vcsvJmCIRUhMSbhoXxUUi08rKxYniirFzv368FKt6hhPIgtuKraETuv_Z9AOBHEFWvCV2CWs6FeiJo2Apk6ZPJjGcq9kpdFaT/qeP9YPwsRyvV3yKkJqrGpPIFQaqu35BvwE4BsCgGT/iFUSuN5J0oAODcciJY1ARA9qzO0CxyKOJU5pFp0KgsJvn84g7Ww1f34P8/S8vaEnDsnAV2k8nUYGjDEWCSs/uFnPPA5nuN0Fz7MDi8oaxyjBaEFEiWmT41tvHWTMICc8/CBO3VrRy1V_4M_36vT6x2ye6uELlqa2PxTcSrPvbIrc' => '',
)
[ info ] null
---------------------------------------------------------------

[2020-07-03T01:08:05+08:00] 96.3.196.110 POST 101.132.45.200/
[运行时间：0.004728s] [吞吐率：211.50req/s] [内存消耗：863.25kb] [文件加载：188]
[ info ] [ LANG ] /var/www/mishop/thinkphp/lang/zh-cn.php
[ info ] [ ROUTE ] array (
)
[ info ] [ HEADER ] array (
  'cache-control' => 'no-cache',
  'content-length' => '412',
  'host' => '101.132.45.200',
  'user-agent' => 'Mozilla/5.0 (Windows NT 6.1; WOW64; Trident/7.0; rv:11.0) like Gecko',
  'content-type' => 'application/x-www-form-urlencoded',
)
[ info ] [ PARAM ] array (
  'QaNdxt2ZMu8ZRYip4n8UxAqDMPQjel1TpukNjKsWvVN/2_mxXk8jQAMzrQWZrzF6vNMwiAarlDuLie2iiwaR4Mp3jjO45AhhTBy7yH4ikX2oqIFX/6Sf1uXx3m0KaWzb3IyG76ePAWsXwlwqrOtv8nZ42FKJYC82VUN5YRBKHS27iq4TCsC_p1DLovY1k7iQwrrOg/wuhank3yQLhC1PKAdKO43OGQ5lyKYzCitqT28c84_LhGorOGAmfVlu5h3uFsTQwEwPOjKLpKGxe4p7YAQVfAm_BM9qq1mnGnLgnp_1jgmaXxn_GPj8zOxY6FSII4jjb9_YE3b5WUoZdHrZq2Ducb6xtQDbteU0MKTrwbH/NZN6bZjGwxYYNwyhJ/D_JnZIBb1ZRPC8ho/C4iEaxGruZ2Sx' => '',
)
[ info ] null
---------------------------------------------------------------

[2020-07-03T01:10:08+08:00] 96.3.196.110 POST 101.132.45.200/
[运行时间：0.004568s] [吞吐率：218.92req/s] [内存消耗：863.19kb] [文件加载：188]
[ info ] [ LANG ] /var/www/mishop/thinkphp/lang/zh-cn.php
[ info ] [ ROUTE ] array (
)
[ info ] [ HEADER ] array (
  'cache-control' => 'no-cache',
  'content-length' => '392',
  'host' => '101.132.45.200',
  'user-agent' => 'Mozilla/5.0 (Windows NT 6.1; WOW64; Trident/7.0; rv:11.0) like Gecko',
  'content-type' => 'application/x-www-form-urlencoded',
)
[ info ] [ PARAM ] array (
  'SqELwdPNbQfFpdJTs37g1gea/Eeoe9F6s3EyZIzza_MWxyPYVsWF_lLh3penEELIA0gMOkHsSG0P_gKffvOl_2M7iCnynUSZiU5wl2TsYIfwYZJbCmNh0ASymw5chC3NX3nIBs09R_VS0tbu4Gd6BSyIrLvTZn1GgA5Txfq0xzpx_CXEo39W_4EbPo1Be8K2ykGMSTc09iPIDjCy1d08Xhj8MIx5pvVqeN1P2Do_oCJuoMSpA1YYOfK3rLvAVNs8ozWkfttR8OrZd9TtPLtRJH8lFYyf3t7VY5gns6im3FKurgFOFMo3GAJYhVYryNAtSaTeDscjHgAak_v5Wj3gTz2tjGV6_2yhYGLImz1rNgu2nyL45fs4gqfP3K8OiSzi2VoVWD/C' => '',
)
[ info ] null
---------------------------------------------------------------

[2020-07-03T01:12:10+08:00] 96.3.196.110 POST 101.132.45.200/
[运行时间：0.004346s] [吞吐率：230.10req/s] [内存消耗：863.25kb] [文件加载：188]
[ info ] [ LANG ] /var/www/mishop/thinkphp/lang/zh-cn.php
[ info ] [ ROUTE ] array (
)
[ info ] [ HEADER ] array (
  'cache-control' => 'no-cache',
  'content-length' => '408',
  'host' => '101.132.45.200',
  'user-agent' => 'Mozilla/5.0 (Windows NT 6.1; WOW64; Trident/7.0; rv:11.0) like Gecko',
  'content-type' => 'application/x-www-form-urlencoded',
)
[ info ] [ PARAM ] array (
  'SvRZw9vMYXXlejIzWH1kjyqBjWccO5eTE//4jTlCdsviA4ldYTvjwgGFLMr5vjMxpe1CuMNFZk08MKVedRWTqsk/hdsuqTmJHM7R3mK9BnzZCID4jTYS7gn2Ymp_vzslWZBOAIvN8cdVO2tvVEjOZgae/71q6dFt4IYwKDFp/Pe52ezXdJEHOicHZnc43grm6YEY_CSXuXhSjJfoPS5rW5tMKEHNr6uPYWIDevxiEiXYwauo1yH98brjKe4XHhMET8RftrcUSnIz7wGjzs2f8qd0WW5l2hsR8YDMLtctv8mTS8Yp/IkfGh9SDe5KOM7IsZZiVhtaEI0vfo7xHs989tVEllcYFe3CgBJyDZBdmpiUFQwlQZxY5A8Yk8NXeyD9xcK90EbqesHgdmCZK/GX05IB' => '',
)
[ info ] null
---------------------------------------------------------------

[2020-07-03T01:14:12+08:00] 96.3.196.110 POST 101.132.45.200/
[运行时间：0.004481s] [吞吐率：223.16req/s] [内存消耗：863.38kb] [文件加载：188]
[ info ] [ LANG ] /var/www/mishop/thinkphp/lang/zh-cn.php
[ info ] [ ROUTE ] array (
)
[ info ] [ HEADER ] array (
  'cache-control' => 'no-cache',
  'content-length' => '440',
  'host' => '101.132.45.200',
  'user-agent' => 'Mozilla/5.0 (Windows NT 6.1; WOW64; Trident/7.0; rv:11.0) like Gecko',
  'content-type' => 'application/x-www-form-urlencoded',
)
[ info ] [ PARAM ] array (
  'F6wIxd2abMnmqSg3PD70zcaShQIoDpZhLpFONmHlQv6KWUByaUf18sqVvmXVF5iE77YFj8NMlOcdU8/0DaOnjgPbeXenEQ55G4rSg7bYy_xoR3HJZfEiLHzxZLfbknd9oUWvvlxMh6iYvG1r17GzBvSGqhojYK5Ng1FWUpCu3LWfuKI4FBle47ZFI5TjgssTOgsQKCQTT7QsCyj0_djr0h0GSl4isc5mxst9J1iYuJnosVgx9u3kjnNzQ3mUOn5QPKBdivQY65_Qi6OQy9sYFMPn4b_gjnLid/bYkSBq_RABmpOqXkMDUHk12R68lvIhSmYHZPXwXcQ73BkigoV20MwG2FpnnLG9NPlt4RjsSQugT8IZVHBmfCZXsxFGsdsiGpc0gi9oZR7RnlVunl2_c7k1/mZ6CAqOP8Zb9wlFQO0d1wAqtO74MLv2' => '',
)
[ info ] null
---------------------------------------------------------------

[2020-07-03T01:16:15+08:00] 96.3.196.110 POST 101.132.45.200/
[运行时间：0.004474s] [吞吐率：223.52req/s] [内存消耗：863.38kb] [文件加载：188]
[ info ] [ LANG ] /var/www/mishop/thinkphp/lang/zh-cn.php
[ info ] [ ROUTE ] array (
)
[ info ] [ HEADER ] array (
  'cache-control' => 'no-cache',
  'content-length' => '436',
  'host' => '101.132.45.200',
  'user-agent' => 'Mozilla/5.0 (Windows NT 6.1; WOW64; Trident/7.0; rv:11.0) like Gecko',
  'content-type' => 'application/x-www-form-urlencoded',
)
[ info ] [ PARAM ] array (
  'FKUIyNKbMLg5br_4RuLkVbgQxtut94dzyk/Lb708SbBuagVycvQrqWcUQyCCTCPFvgbQguqzGtmktDwSTX9oQKphcQRln5YQirHM8D5xNEtf6RBpibbDr7zuGlahFQu7gPUeeSv7EFcT/uI5gmcuIcdERHGlO5Fkoj80UAXIBwVCcrDOsUsCwowY1IURMzwMmWCq0ltd0A2QvAy1rCxRXydwk7jMUMXb7ij5uuwoJOHoAf4A3T8u3thuS8IzwNtOeICmQfFJDcx/i1ATEfDN4G7sGScOnPFZ8Kwr5_1GNin/5Ql850YACPrqbqlID_moydCt3PFeRIH0yNoww7ncwVNGXl9YiFrxYah3QQ0IGYEf6mLo_qBDxEH9NrNMZ9j8r6pUnoS2bC8MpTMkFfZ8a3JDwAgict29mGRB8DxKTgD8gXRRiw4' => '',
)
[ info ] null
---------------------------------------------------------------

[2020-07-03T01:18:17+08:00] 96.3.196.110 POST 101.132.45.200/
[运行时间：0.004435s] [吞吐率：225.48req/s] [内存消耗：863.13kb] [文件加载：188]
[ info ] [ LANG ] /var/www/mishop/thinkphp/lang/zh-cn.php
[ info ] [ ROUTE ] array (
)
[ info ] [ HEADER ] array (
  'cache-control' => 'no-cache',
  'content-length' => '364',
  'host' => '101.132.45.200',
  'user-agent' => 'Mozilla/5.0 (Windows NT 6.1; WOW64; Trident/7.0; rv:11.0) like Gecko',
  'content-type' => 'application/x-www-form-urlencoded',
)
[ info ] [ PARAM ] array (
  'Q61ex4vKNpenw9l7v_W9Stg02GlJWKqcnqXXc4byBcYXCgk_Zg1LcHm7nqNqWSjG7lVn312/B8AVWnU4ha0_74XlplBiGxamqBHmrtQae2NhFYSBN/UdkCvrFo8B_COhGsbRsCnfoiJiflx6OxA7LdHIdQBgFd8p/OA27kkaMZ8r5TrKq1yWPCSyPIRQV4n4rRabBSYEN1eqlC1sWAH7vNYk/krknEkTgPJogdVx2Tn4gSnWtZ3aP5VNQ3rswC9hY2_PKnQmvJi_JDColoH/34QmOL4p9Qgo7whA7X35N7xF499Rv7BPBNbP0Dd84XS8O0dXLrGIBdAQG1/9DVdf7CpeZuyW1rqUBat6Ybqhpjo1' => '',
)
[ info ] null
---------------------------------------------------------------

[2020-07-03T01:20:19+08:00] 96.3.196.110 POST 101.132.45.200/
[运行时间：0.004548s] [吞吐率：219.88req/s] [内存消耗：863.25kb] [文件加载：188]
[ info ] [ LANG ] /var/www/mishop/thinkphp/lang/zh-cn.php
[ info ] [ ROUTE ] array (
)
[ info ] [ HEADER ] array (
  'cache-control' => 'no-cache',
  'content-length' => '396',
  'host' => '101.132.45.200',
  'user-agent' => 'Mozilla/5.0 (Windows NT 6.1; WOW64; Trident/7.0; rv:11.0) like Gecko',
  'content-type' => 'application/x-www-form-urlencoded',
)
[ info ] [ PARAM ] array (
  'FqRYwozIYWE1ItWq6bhl7jw8eSC2gx9WOpj4hkpsyS6Au7Ib9fvOlUZsd/FQQAMRQhjVZkZF1yMK/Im4nttllKjYpH3osg2oWfdX3DWz90Wk0q56qMifUO7pghiannI4v6uZVeDDyksJ6o0i8OnckM5P0Q1ZoHJ/3p2L5zbMbsEOl/H8fhciIR_tpMzxZHo_QdtLNyE51S/r_EWpdbpWlIubY5h/kniVaJBz6giCLbSTiqGuvSqgCdbUyQk4I_6N1_TUmbOw/wGl6G1VPTK_skg38v3XU_Bpl9MM58WHy67O5JAh2ds1I0mN9FaQmZx0qAJ6YfNH_HRYMI0pDV76/Tysvd3In0gBrL3voqUbR/Nl9qynekAJ4_SV5_XMhEBKX16aH0FyqT0' => '',
)
[ info ] null
---------------------------------------------------------------

[2020-07-03T01:22:22+08:00] 96.3.196.110 POST 101.132.45.200/
[运行时间：0.004776s] [吞吐率：209.38req/s] [内存消耗：863.25kb] [文件加载：188]
[ info ] [ LANG ] /var/www/mishop/thinkphp/lang/zh-cn.php
[ info ] [ ROUTE ] array (
)
[ info ] [ HEADER ] array (
  'cache-control' => 'no-cache',
  'content-length' => '404',
  'host' => '101.132.45.200',
  'user-agent' => 'Mozilla/5.0 (Windows NT 6.1; WOW64; Trident/7.0; rv:11.0) like Gecko',
  'content-type' => 'application/x-www-form-urlencoded',
)
[ info ] [ PARAM ] array (
  'F6BdwYnBYi9Z5pcODdXehY9Kh5g/AQTOjVOitAcKrTngaWZVZmtEIG/oaFxaVQZ9OpMaJx_IbOft/S6vEbDBUeIpSzEFUSJkChg/BllE5JxWJqLWB8BZYdXy5sVuYckbjpBDd8DDWjNNYwr/2IUwJcwUmasjXfxzY2PXQRGF2g6d6ksx99fyCTmPxDaPc48oJZKw791XpjohyznZbVtjpGyTs77PsVym8RtRhnODgLizaISA5h/Gs0LgbmNdwrd3C1APdkr7wmtkH1xFz3RKvrxecTevfrW5Sp9rcLr_Un2rwW/gfkKyg2QspM5kEvkS4miMYErm293DIGUB1bdw9aazz0hNcQG0S1cPpsZ4P40UofrZ86Aeu57P0wEdOO_pjOOGtiRt_sCpc5RTe54' => '',
)
[ info ] null
---------------------------------------------------------------

[2020-07-03T01:24:24+08:00] 96.3.196.110 POST 101.132.45.200/
[运行时间：0.004286s] [吞吐率：233.33req/s] [内存消耗：863.13kb] [文件加载：188]
[ info ] [ LANG ] /var/www/mishop/thinkphp/lang/zh-cn.php
[ info ] [ ROUTE ] array (
)
[ info ] [ HEADER ] array (
  'cache-control' => 'no-cache',
  'content-length' => '372',
  'host' => '101.132.45.200',
  'user-agent' => 'Mozilla/5.0 (Windows NT 6.1; WOW64; Trident/7.0; rv:11.0) like Gecko',
  'content-type' => 'application/x-www-form-urlencoded',
)
[ info ] [ PARAM ] array (
  'QaIKwo_cYINhw9EkIKgN6jSZjN6uq8UB0kSxY0jPSZPKzy8aZcIFMQPg7tWl/R2AcKKJMVSpYPLrFbh8TXU05cHaQpY2A4eLQBAYys2nOiL0EPKsv4nI2fJ3hJs9tX47Poga/bhPZLO4i7QKh7js47ZdAqMtw0SDcGW5sHCZMoLp4KurZRlJbtDVvzVu7kVXH1kEfIenve_Z0uJZBSlr3rOMJLPDpQUqv5CVoIeuFCuHtkBttBj9VqAxseJeo_t3kfaHw2tZMgua8T7kMq_37TFg3g5bWOIQRIsNE0VQv1_xCnOVfHX2VBGKVAiTIu548BuDJJ0icspfaXirv1S8kjefIXVbcEWY94B_kGPbKnBHMS03kfds' => '',
)
[ info ] null
---------------------------------------------------------------

[2020-07-03T01:26:27+08:00] 96.3.196.110 POST 101.132.45.200/
[运行时间：0.004390s] [吞吐率：227.79req/s] [内存消耗：863.25kb] [文件加载：188]
[ info ] [ LANG ] /var/www/mishop/thinkphp/lang/zh-cn.php
[ info ] [ ROUTE ] array (
)
[ info ] [ HEADER ] array (
  'cache-control' => 'no-cache',
  'content-length' => '420',
  'host' => '101.132.45.200',
  'user-agent' => 'Mozilla/5.0 (Windows NT 6.1; WOW64; Trident/7.0; rv:11.0) like Gecko',
  'content-type' => 'application/x-www-form-urlencoded',
)
[ info ] [ PARAM ] array (
  'F6cNw4vBN41pwpRP8OSUObPiDnPvD/fyffg6W3J7I5Akk7coioqM04Dn77OV6lPgw5fZ/O9No79tjLXLbSWRYF9AkHl6ox/tKJKRS1a/R0Krz2W0v8f4eU50EJ3dgsk7FjXW8YSjJPfPmgSkrqKOPRAGL59HnJF8SiIV5DWE2Z4e77YlEjqfgYyn05dYJBKojlRLZxI/9vRTl5rFR8iHdJPFPa2cnwxnpNQpeZVS4YmFYqKMFlVbXaJbNqQiUNXHC5wDCtBMsURda52Iy2yRfab1oYPUNva3aMCOZNKWy63rmzTfOM7d6v6yNVDBJfdwRS470uDl6bXzk3WIem56d6VPDCxLaUihD/mq/RYaeY8QN33XYF95oOfQNVl3DJXn28F14t5eFNwe1mEvWdZUB8dXdXlw9Z4sig' => '=',
)
[ info ] null
---------------------------------------------------------------

[2020-07-03T01:28:29+08:00] 96.3.196.110 POST 101.132.45.200/
[运行时间：0.004601s] [吞吐率：217.34req/s] [内存消耗：863.25kb] [文件加载：188]
[ info ] [ LANG ] /var/www/mishop/thinkphp/lang/zh-cn.php
[ info ] [ ROUTE ] array (
)
[ info ] [ HEADER ] array (
  'cache-control' => 'no-cache',
  'content-length' => '408',
  'host' => '101.132.45.200',
  'user-agent' => 'Mozilla/5.0 (Windows NT 6.1; WOW64; Trident/7.0; rv:11.0) like Gecko',
  'content-type' => 'application/x-www-form-urlencoded',
)
[ info ] [ PARAM ] array (
  'SvNex9ybMYgOi5OWAfAF0ctwVT6DruNE0IKXAj3xR5yVdSoQKAiku5rZrJFxubCCwk95ixnAowEwmWoWZygMdzPa3bFSa5fDL2WO/Hkp_w5xRiaEgNdVbw6HmIcykvBDWxWNf5fAKd6L4Mr/PCunQfZ6Qe9aF34q8hld9TnwCG7Rp80NoOXDav/SzTydfywdtRCya2ngCwnr4aMNft8oTLV/_C/aZ/mHmaHGprq4m8dLBJye/KH1I/Ti5fc6DER_yPf6stz3ETJIXDPnkusd3GQiW1Tkcdff1mU8GNdQlr3AmNZ4IcLYlo/gvaW/E0mN_RnDsyt7Ii6tAofQao7WyUxqOpP7n0cSDIvF4b2K5Ip1Wz9fz7RCXWr4SH5OdX/RvPDoIW00LXk9vWRLiWno5g' => '=',
)
[ info ] null
---------------------------------------------------------------

[2020-07-03T01:30:31+08:00] 96.3.196.110 POST 101.132.45.200/
[运行时间：0.004403s] [吞吐率：227.11req/s] [内存消耗：863.38kb] [文件加载：188]
[ info ] [ LANG ] /var/www/mishop/thinkphp/lang/zh-cn.php
[ info ] [ ROUTE ] array (
)
[ info ] [ HEADER ] array (
  'cache-control' => 'no-cache',
  'content-length' => '424',
  'host' => '101.132.45.200',
  'user-agent' => 'Mozilla/5.0 (Windows NT 6.1; WOW64; Trident/7.0; rv:11.0) like Gecko',
  'content-type' => 'application/x-www-form-urlencoded',
)
[ info ] [ PARAM ] array (
  'FKNYyYzPZnR4vvBxScbvM1ImfQviKkDKbDh/hh4HHOEAeA5iiEWjG/BeGW5AOLoIOwp8NCdxepaMClOHEc8LQL3RY9107Y9sEYVoqc4ZKvwVdjWVoWpz/q4bdl8DXtk97gor1VtDpCzjTeoBIhtkKOum2FD0wTSTE1bvjzTV8ZOLdeBPSPPbEvoNiipj2VUbHx3YqGgvFQTdrsCDoAl6Jg8c2u082pJzRwLDXt83TDKD3jQlEzkgi92xWP_ClqKFYsKMlXELqS1Az4wApouzfK0GWcTBTCs_8ffynzGaKVJtu87YiU1YEWwMHPWgUh97ukYA1sLHpngVnMgAzLKo3f0eNJSc5JzYDub3Gq0AElzVSjVoUCaBJ1uF2B9ZW_W14NP3_veKBsBKJ_Ic/M6z3IjkewS/60y43dnjGQ' => '=',
)
[ info ] null
---------------------------------------------------------------

[2020-07-03T01:32:33+08:00] 96.3.196.110 POST 101.132.45.200/
[运行时间：0.004396s] [吞吐率：227.48req/s] [内存消耗：863.13kb] [文件加载：188]
[ info ] [ LANG ] /var/www/mishop/thinkphp/lang/zh-cn.php
[ info ] [ ROUTE ] array (
)
[ info ] [ HEADER ] array (
  'cache-control' => 'no-cache',
  'content-length' => '372',
  'host' => '101.132.45.200',
  'user-agent' => 'Mozilla/5.0 (Windows NT 6.1; WOW64; Trident/7.0; rv:11.0) like Gecko',
  'content-type' => 'application/x-www-form-urlencoded',
)
[ info ] [ PARAM ] array (
  'RPdbwI6aNcN4NJHHwmUtOJlyhmQ0HYa4uTW3_OCOeHNSBNjCgdqDvkxjVi4ZJ2R0V6aLsS6A3h9mno13Q_Pr8mcJFkKv1LFThcDakk/Yt2wGDEV9MHy3WFgfPpZalUVpDIGf661i_0MZ6V/MuM799W52iqQeDOYTLyr7aWnjil4rZMZ9Ky4W/YwzL_eubjpCC1OO8d55Av8xaQSm4Mo__gjFyvCJIP95IFs9bKD6rwy9n_tQGgtPADWJeibpLvhOUWpZi/rmDTuNACSGfmKI4XSCppqK/zdCBIT7fhrSzzkNZuGxqamVqzmoef/ynSWphy6m_/GziKuBytTVSSZEoUM87LgbcyPSI3ewISAL6xJpOobxTDM' => '',
)
[ info ] null
---------------------------------------------------------------

[2020-07-03T01:34:36+08:00] 96.3.196.110 POST 101.132.45.200/
[运行时间：0.004352s] [吞吐率：229.77req/s] [内存消耗：863.25kb] [文件加载：188]
[ info ] [ LANG ] /var/www/mishop/thinkphp/lang/zh-cn.php
[ info ] [ ROUTE ] array (
)
[ info ] [ HEADER ] array (
  'cache-control' => 'no-cache',
  'content-length' => '400',
  'host' => '101.132.45.200',
  'user-agent' => 'Mozilla/5.0 (Windows NT 6.1; WOW64; Trident/7.0; rv:11.0) like Gecko',
  'content-type' => 'application/x-www-form-urlencoded',
)
[ info ] [ PARAM ] array (
  'Ea1Zw9_cbB8sda/bfK86hCaiPX4BRSh7VmPMcC8gBa_dZk0UFOrzJHsljf9SQ6B72bauHMPOTXDQpIviXjrR3ZPGtiaPg2EFCNJvT4u_VOBsCjpqZ50KcrZ4McWHedVWOLnDiBysfV7nnjYmmoh_w5AWeoVfZ6PZ8rRHraIr0AcD5eJQmfWtW1Y6NlhqeQ4rCX88DGNs/1d6qBsDfx8zFIsSDdoZuCp5OMH2YzD5HciJSUH7tQskoPjA8iTwTAh0bRrDo45rVuGr7vA6y0kWol/gV_M4rt7dehEaLAHG1yBQalQmikJiZ8SA8a13zh8/Gwl4vLzFS756zhp5U0v6N81hts/poiXHBbbLpnh/7Ig2UxOOggL6p5f2QJ6VLiQbkfDeuB5WXY2mv4VN' => '',
)
[ info ] null
---------------------------------------------------------------

[2020-07-03T01:36:38+08:00] 96.3.196.110 POST 101.132.45.200/
[运行时间：0.004271s] [吞吐率：234.14req/s] [内存消耗：863.13kb] [文件加载：188]
[ info ] [ LANG ] /var/www/mishop/thinkphp/lang/zh-cn.php
[ info ] [ ROUTE ] array (
)
[ info ] [ HEADER ] array (
  'cache-control' => 'no-cache',
  'content-length' => '372',
  'host' => '101.132.45.200',
  'user-agent' => 'Mozilla/5.0 (Windows NT 6.1; WOW64; Trident/7.0; rv:11.0) like Gecko',
  'content-type' => 'application/x-www-form-urlencoded',
)
[ info ] [ PARAM ] array (
  'QPZal97KYfrpxZM3Lm1fud1LDIlI9zGJv2_usITCQN9iO1cjLjOC_lKxe1DPeSLe6bcPHaiy1kfpuUvuLkEdkdeAVZipAi2xWK4C5T9xHLBIW8kFecHhKD0quZcAGuzO3vTJvZmq2boNnHEgdltnMLtJR4PGA5DEbYQnpmalHguWoJIBQVJnZQ1xQSHsS5a5Hrzd5umbvKStHLmltqMx4k1na81O/lajoqBtr9ggKtyTG/iBSQ6yNpFlj/UOJnBCj2TAowofZzraMczukUOGOZgeMf6mUYgQc/QOwDKdogv1pPhcw6H6LRNi2p9HCOvzLuZ9pN5LW3S1nYvzTj9wMsELB8iCAyIDq/lYTg/s4oE2KIymlXZ6' => '',
)
[ info ] null
---------------------------------------------------------------

[2020-07-03T01:38:40+08:00] 96.3.196.110 POST 101.132.45.200/
[运行时间：0.004856s] [吞吐率：205.94req/s] [内存消耗：863.38kb] [文件加载：188]
[ info ] [ LANG ] /var/www/mishop/thinkphp/lang/zh-cn.php
[ info ] [ ROUTE ] array (
)
[ info ] [ HEADER ] array (
  'cache-control' => 'no-cache',
  'content-length' => '432',
  'host' => '101.132.45.200',
  'user-agent' => 'Mozilla/5.0 (Windows NT 6.1; WOW64; Trident/7.0; rv:11.0) like Gecko',
  'content-type' => 'application/x-www-form-urlencoded',
)
[ info ] [ PARAM ] array (
  'E61Ww96bbI/2IJKXQ0AJuZX8y6xUYVqh1zxPVTfEimWSWWQc3Uv149RECdQR_4hgTKT5sRbv5pjAxqHFlDhj_TmXkvtB5T0FIUtagL2L3qKRLXce1HW2pH8tvZ9GidMJAbPijA3WNGO1vrwXOIZUO_uYBwGLY9v7BxcQ6XH3qzWy2t0wAMuveTeGFkKo28_Zvmr0i41zOkKeRmnnV7PRw81vuzSoE2STfXtHaCQB_pGTncMFzcIZ5umS641w506EC8yJLhdBL6pTjROnxFZnY998oGeWvOLiYYFomPyTuiC7qaD032VPCS9TIdEpt7DDIku5VenJvLAjed5WxDydyLCETuFKEvk8MXqEDWx/PaRUVuhzYzqhqrOBs7ibWp2tM9SG4YLPJ/8_1VC8s25UBluh/gfpncHgpleRHIXOcnY/BQ' => '=',
)
[ info ] null
---------------------------------------------------------------

[2020-07-03T01:40:42+08:00] 96.3.196.110 POST 101.132.45.200/
[运行时间：0.004678s] [吞吐率：213.77req/s] [内存消耗：863.19kb] [文件加载：188]
[ info ] [ LANG ] /var/www/mishop/thinkphp/lang/zh-cn.php
[ info ] [ ROUTE ] array (
)
[ info ] [ HEADER ] array (
  'cache-control' => 'no-cache',
  'content-length' => '384',
  'host' => '101.132.45.200',
  'user-agent' => 'Mozilla/5.0 (Windows NT 6.1; WOW64; Trident/7.0; rv:11.0) like Gecko',
  'content-type' => 'application/x-www-form-urlencoded',
)
[ info ] [ PARAM ] array (
  'EKNZyY7PMkjqyDAEaOq8SYJiOFrJSvUH5XR33TLEhjZBRzjL3dVnUCWp1LrF3WFZqpn45F_4Hn6PuIoZ3RoTfn3rCYVgknAHiwuqNoyisfTPOhTLTrg3LRYMoNG1Y2fNv4VJ5Tk__0MwcZhYNjTTyxFoFJ9MyFZipxHfLxxNfowi5qOS5DZdz9C52qF1oAUQfWrfAekru1zrSZZ68_C9ovKs9RZUppL652vLbiarAt1bFMt_AVWi/oHpIDmGEibh2ipxzIuHiJUQwe7VTH2Fh9Piw_H5hH5Mi1qW0SR6PNO8pIgrkbh4MKC4DQPanKd2Kg56z1n8e3PpqHH9cmx/sWafpXNw1GbanAjZAhLczMW7qXa8wfcrEFbkKtnYUsh6' => '',
)
[ info ] null
---------------------------------------------------------------

[2020-07-03T01:42:45+08:00] 96.3.196.110 POST 101.132.45.200/
[运行时间：0.004344s] [吞吐率：230.20req/s] [内存消耗：863.25kb] [文件加载：188]
[ info ] [ LANG ] /var/www/mishop/thinkphp/lang/zh-cn.php
[ info ] [ ROUTE ] array (
)
[ info ] [ HEADER ] array (
  'cache-control' => 'no-cache',
  'content-length' => '412',
  'host' => '101.132.45.200',
  'user-agent' => 'Mozilla/5.0 (Windows NT 6.1; WOW64; Trident/7.0; rv:11.0) like Gecko',
  'content-type' => 'application/x-www-form-urlencoded',
)
[ info ] [ PARAM ] array (
  'RaBdl9rPYgl/nPpocL8aQv8WEVIvNFPhieiw9P66gss4y9cGWNNsBc31Bxkh2YFXvUG1DjF438B7gN0b4L4l9XK8VYmBH5mgCLYoOv89nKPbIZ9nwJtxVMecVnz_3SlxBOlwSf4u4g7SWZLOQy7GdO7Rz35zXcYNLAxNa3EFzCGQ0dSv_7bJ8/UKDOmt2v0mI6H0ZKHkYShSa_/mhYWfmRk0y3xrE6KwIonf5mgiKieKtirZhdxHP5Xxri95ylinkFBJa5F4OSjQix5f6owkihrXD495D4NerUmzKte6XsY9lWlx5JQiqHM2xnMECoiZeqHeUuyKdYhEYN0pjqhqV5fS8qz_Ox7gURctVoAiTPxC7RM9ludIuxXhNQSnWDdPe41mudBKPihZNzxIBKLFVtPnJIsa' => '',
)
[ info ] null
---------------------------------------------------------------

[2020-07-03T01:44:47+08:00] 96.3.196.110 POST 101.132.45.200/
[运行时间：0.004635s] [吞吐率：215.76req/s] [内存消耗：863.13kb] [文件加载：188]
[ info ] [ LANG ] /var/www/mishop/thinkphp/lang/zh-cn.php
[ info ] [ ROUTE ] array (
)
[ info ] [ HEADER ] array (
  'cache-control' => 'no-cache',
  'content-length' => '384',
  'host' => '101.132.45.200',
  'user-agent' => 'Mozilla/5.0 (Windows NT 6.1; WOW64; Trident/7.0; rv:11.0) like Gecko',
  'content-type' => 'application/x-www-form-urlencoded',
)
[ info ] [ PARAM ] array (
  'SvZYxN6ZZvAzxg1tYtby/qQGjJ9HHff9ww_qVnqID2szM/7MAKiLyODoFSRULaURyXBCm4Fk1c8s5xQ5df1nJ4ZOJudcu8PBG_pj47Tg4KYFQs3hltPQREYgtiuUrhTIqq0j4Iya/WfD6ptX/KD31sib_BaAXPtnX7skD9HjDIYlaHX48UzjZM30zEWXQ_cXcKMnndz55zKEln8CeZRBQhIpEKGd0fZd/F5152ijA_gfP2YpkIdG1Kuw09sgqHPL7HnSpiXbDVBz3NVv9YeBV/DM4Aw/pQ6wyyGMIlrDpF981Txb7eZjdgQ_X5w35bcuS3dJPufsZyHDOeWkUUVxCCANygWk9lDC3/hvQbcgIVt9ILgMJ9_3p8Xsa/Hdaw' => '=',
)
[ info ] null
---------------------------------------------------------------

[2020-07-03T01:46:49+08:00] 96.3.196.110 POST 101.132.45.200/
[运行时间：0.004588s] [吞吐率：217.95req/s] [内存消耗：863.25kb] [文件加载：188]
[ info ] [ LANG ] /var/www/mishop/thinkphp/lang/zh-cn.php
[ info ] [ ROUTE ] array (
)
[ info ] [ HEADER ] array (
  'cache-control' => 'no-cache',
  'content-length' => '416',
  'host' => '101.132.45.200',
  'user-agent' => 'Mozilla/5.0 (Windows NT 6.1; WOW64; Trident/7.0; rv:11.0) like Gecko',
  'content-type' => 'application/x-www-form-urlencoded',
)
[ info ] [ PARAM ] array (
  'QqVfw9zON4HMwGke2JAgLbuxBDDIA/Ofa65o_JrUJt_McmLBHhg6oo75FMKalJu4Fsd95Hu4cIsfRearDwT2g6UGTUOhUk_cFB_9bWANYHPvL_QHZf/13LFJIkonm1f/sZAd4KZYgNzADAqnXYRdCP3XWuu6gcU/jArnrWWpkD5YB/r4g0tEc3HuIG09AicUazgMZbMirZ7nwofARDJDA92rrTrH3F5Sob8k4QUQYSAorckQQ3ztSkzpH4Dmr15nuYUiwIyusPvAu5rWEimTfF3zClXhIteUX5m84/AqndtJ_bU7SkOdbM8aml92UhUrBRbmuUXqKzmbOQ7kQVxcj3HHQlZpgzB1IckdMgajf/wY_u_T_loqbZ9ZE0ytHnvjARQxsg9baO8HlTs/Rams0iAJJnAmwoo' => '',
)
[ info ] null
---------------------------------------------------------------

[2020-07-03T01:48:51+08:00] 96.3.196.110 POST 101.132.45.200/
[运行时间：0.004228s] [吞吐率：236.51req/s] [内存消耗：863.13kb] [文件加载：188]
[ info ] [ LANG ] /var/www/mishop/thinkphp/lang/zh-cn.php
[ info ] [ ROUTE ] array (
)
[ info ] [ HEADER ] array (
  'cache-control' => 'no-cache',
  'content-length' => '380',
  'host' => '101.132.45.200',
  'user-agent' => 'Mozilla/5.0 (Windows NT 6.1; WOW64; Trident/7.0; rv:11.0) like Gecko',
  'content-type' => 'application/x-www-form-urlencoded',
)
[ info ] [ PARAM ] array (
  'EfALydyeNbHr45uk__5gmVLc6WgbEiWr79DPAdXPGzD7HRM48VIvEEkfmzD6MBEVNq/G2Gj9cSfsvXR2qURy/stuJce_RDQM/UxFjIgaBqupemoa9jPvt7kvXF6MRlk6vO9Z937Cy0OzuexpOpmGIYBhvA5znRLVhTgupe/75TtaLJ8og1eTKLL_2KXQs8FzKDaBMudQwQKfgv/GTgET5X8F3m4aNat9ss2lACxsIt7DmtiuVf6/DsTKLwNMcSfVWu3qChgoYNDKey/3tLALoutlnMkh77Y//HBjqgdcVOVbgPPBdJNCmI6RGbQmXuGGP63NlhP6pQICYx1tJaGqLuYMmpRkwWI_utDfqy4xTUo9StUkDaG5x_8SFg' => '=',
)
[ info ] null
---------------------------------------------------------------

[2020-07-03T01:50:53+08:00] 96.3.196.110 POST 101.132.45.200/
[运行时间：0.004413s] [吞吐率：226.61req/s] [内存消耗：863.19kb] [文件加载：188]
[ info ] [ LANG ] /var/www/mishop/thinkphp/lang/zh-cn.php
[ info ] [ ROUTE ] array (
)
[ info ] [ HEADER ] array (
  'cache-control' => 'no-cache',
  'content-length' => '388',
  'host' => '101.132.45.200',
  'user-agent' => 'Mozilla/5.0 (Windows NT 6.1; WOW64; Trident/7.0; rv:11.0) like Gecko',
  'content-type' => 'application/x-www-form-urlencoded',
)
[ info ] [ PARAM ] array (
  'F/AKldvAYtIdKvWuErz9oueuUPE/5MbX1w7YRG2CHV9ScBvKfS2xXVs/BDFs8HjNwUEliDXoar_GW8njvS8fT4PDR5aANixMdWl_x6JdLF_Emfv4ivFHwxj/COZ6GLuoalNSEbC3_qA9tyIIXAD_y8GL2SHHPt3sbpREIlK7ty2yuAtHrDEhvpL/iu6tJaw/0EVKcYJw_/ypFZUI/0sovd0mPN9jld2jlzpUI5hw2ji/QcVLvF1Gfz_sH0tCsta9iCstw0rc3D2qDJHxqi9lkZpIT4bKiFokP9a6asjO4bL9Z9H6e4b5WL19okQAYe8Qk_84ZOuDlsJzQ6y34SJCvEWIo5HRpn/tj_IdCQk/ZVkf4k7gGRoS2Vdw3KOx9axpW6A8' => '',
)
[ info ] null
---------------------------------------------------------------

[2020-07-03T01:52:55+08:00] 96.3.196.110 POST 101.132.45.200/
[运行时间：0.004221s] [吞吐率：236.91req/s] [内存消耗：863.19kb] [文件加载：188]
[ info ] [ LANG ] /var/www/mishop/thinkphp/lang/zh-cn.php
[ info ] [ ROUTE ] array (
)
[ info ] [ HEADER ] array (
  'cache-control' => 'no-cache',
  'content-length' => '388',
  'host' => '101.132.45.200',
  'user-agent' => 'Mozilla/5.0 (Windows NT 6.1; WOW64; Trident/7.0; rv:11.0) like Gecko',
  'content-type' => 'application/x-www-form-urlencoded',
)
[ info ] [ PARAM ] array (
  'S60NkN6eZKDmHMayyelJDQS8nNQHr4VofqhmhwMT1tLtk5pjKqFMcvFa2zSzO5fpd1ZU9L5Q/7AaIQNlhTITBsGS7xritCZXhqfVP1w5P4ZzmAPT5CFCIKPea47JR4kp/kxFX5i8l_QDAmSXtlXBqyaToHFcdEMB6jpfJJ_dH7OPQ9dRQkhDggJgFHDUo6GgC66BEIBYI9u2c8TbFRaCcfLBstY2NaQq0Zz0WGNcvX7gRe1oXt2ZnL8UfRDykkavsG7GyHtxC5ZArohw1hbmruwzoHEckQFtfBRXjzs3LoM1q4xW42HUDisA2YmxGu0jlsU5Sty22PpVD5X6kFh5EF8ZG3LO3HhvDJf1mEZ6Ge2z3O1fJFfzhdk8WtOc6t8sVHU/' => '',
)
[ info ] null
---------------------------------------------------------------

[2020-07-03T01:54:57+08:00] 96.3.196.110 POST 101.132.45.200/
[运行时间：0.004518s] [吞吐率：221.34req/s] [内存消耗：863.13kb] [文件加载：188]
[ info ] [ LANG ] /var/www/mishop/thinkphp/lang/zh-cn.php
[ info ] [ ROUTE ] array (
)
[ info ] [ HEADER ] array (
  'cache-control' => 'no-cache',
  'content-length' => '380',
  'host' => '101.132.45.200',
  'user-agent' => 'Mozilla/5.0 (Windows NT 6.1; WOW64; Trident/7.0; rv:11.0) like Gecko',
  'content-type' => 'application/x-www-form-urlencoded',
)
[ info ] [ PARAM ] array (
  'Q6FZw96eYI1oyT1a23FBSrUAXMvDEEPgi99Lg/1h88Fl6JsFo7p8xdXnSCSssVUOxJbv98BNWG0W4/Ipz7W47OAHMFgtoFAHCOVGxL7FgFyZIDRrt9pQKAmsFGCEUKYDU9/njISLDLRgaPMQgB840N4CY_dSODeZ9oBqgmYJwZaia9eoEWscryvwywnEbD6TdLzt0DmG8D9iC/4b9V17OjHYrUQ6b9ksO4SygF8pGpcWO8wK8wgDyL97QdQevusinTOb0BJ50vrzG74QQvW0NUre/lJ3JVzNHBYh0stSqnvMjUAVjhdmUUvSZzA7HQg_HvU4WIq8XCyadp78N4ptvK4oKoB2hojfDHTLdXRUWbG1dGRuSIL40j72fQ' => '=',
)
[ info ] null
---------------------------------------------------------------

[2020-07-03T01:57:00+08:00] 96.3.196.110 POST 101.132.45.200/
[运行时间：0.004345s] [吞吐率：230.15req/s] [内存消耗：863.25kb] [文件加载：188]
[ info ] [ LANG ] /var/www/mishop/thinkphp/lang/zh-cn.php
[ info ] [ ROUTE ] array (
)
[ info ] [ HEADER ] array (
  'cache-control' => 'no-cache',
  'content-length' => '408',
  'host' => '101.132.45.200',
  'user-agent' => 'Mozilla/5.0 (Windows NT 6.1; WOW64; Trident/7.0; rv:11.0) like Gecko',
  'content-type' => 'application/x-www-form-urlencoded',
)
[ info ] [ PARAM ] array (
  'Rfdak93NN/WX40lThruPVC4wO1O_uylW77b/vir_UTGoQokQg/FvJB2qqX9IqK1WvpuALELGOwgPq4g9ArINhCHXXNo4JOe_VS8jW7IbiVS/PEAmz59WBoIwYHWNmkd62Oxw4ODCwML2R5mE3zyW71xUFkTW1fW9uO26talNYghFPQzANum_Fsp1j3MJbabC055IE8spk9yIT1TvYDuScbIjGEX8pYLjbx/sq6C_vDobbElawKoQVednVzz9Ub1CCZG3v7CB4G27wQTtUth5odILMCqFaXN5MYilR5pdRmkO3KDkzeqK8meRLDPNnQ/o7zzDyHXI_PQlgtszV8EDeeH84ds3zUeJlkNWqV1BPVOvaVLTD0r3OoR63I_TAcMFIVO48eahcntdLTNkkZLmiva1' => '',
)
[ info ] null
---------------------------------------------------------------

[2020-07-03T01:59:02+08:00] 96.3.196.110 POST 101.132.45.200/
[运行时间：0.004346s] [吞吐率：230.09req/s] [内存消耗：863.25kb] [文件加载：188]
[ info ] [ LANG ] /var/www/mishop/thinkphp/lang/zh-cn.php
[ info ] [ ROUTE ] array (
)
[ info ] [ HEADER ] array (
  'cache-control' => 'no-cache',
  'content-length' => '412',
  'host' => '101.132.45.200',
  'user-agent' => 'Mozilla/5.0 (Windows NT 6.1; WOW64; Trident/7.0; rv:11.0) like Gecko',
  'content-type' => 'application/x-www-form-urlencoded',
)
[ info ] [ PARAM ] array (
  'Q/Zex47JYGfO4t3Qm/I5shrBydV56cOMXDJLJG1ME4dxbdd1bul5iAL9mJeAWs8Lcu3UC6wTwogQzBkhhJvt1Ll97BUkizXk9Nsi01QUlZ2Ux0DdeCFNGXQfNf/ZEPPOIGAltA3LwhCV3x/Uj5nojvmjQ8ZRSsAMJuFt9BYaGK7yP9w5Q/Zoq3s4jh9xCPtXnVXhrbd/9Ga960A5c0Tp0seA3hxMgTyr72xTY8gbuVskib53qDZsrM7Ytk7dPPvRWdCoi2rePN75oI95koPqrJqelRuEwdt/qhw9ddwlrML76SYSfkW_8JjKQ0BfmW2h2eNP2ZiYC6_ufGwS5L_sL6Y9VOLpewX/qy7mRbXblyMwof3cGUNkYMdlVhH6n65kJ161VadcRxUs0qmLPxTpMKO0HWU' => '',
)
[ info ] null
---------------------------------------------------------------

[2020-07-03T02:13:35+08:00] 192.241.227.241 GET 101.132.45.200/owa/auth/logon.aspx?url=https%3a%2f%2f1%2fecp%2f
[运行时间：0.003274s] [吞吐率：305.44req/s] [内存消耗：522.79kb] [文件加载：109]
[ info ] [ LANG ] /var/www/mishop/thinkphp/lang/zh-cn.php
---------------------------------------------------------------

[2020-07-03T02:26:59+08:00] 193.118.53.210 GET 101.132.45.200/
[运行时间：0.005093s] [吞吐率：196.34req/s] [内存消耗：861.73kb] [文件加载：188]
[ info ] [ LANG ] /var/www/mishop/thinkphp/lang/zh-cn.php
[ info ] [ ROUTE ] array (
)
[ info ] [ HEADER ] array (
  'accept-encoding' => 'gzip',
  'accept' => '*/*',
  'user-agent' => 'Mozilla/5.0 (Windows NT 10.0; Win64; x64) AppleWebKit/537.36 (KHTML, like Gecko) Chrome/60.0.3112.113 Safari/537.36',
  'host' => '101.132.45.200',
  'content-type' => '',
  'content-length' => '',
)
[ info ] [ PARAM ] array (
)
[ info ] null
---------------------------------------------------------------

[2020-07-03T02:29:07+08:00] 96.127.169.2 GET 101.132.45.200/
[运行时间：0.004484s] [吞吐率：223.02req/s] [内存消耗：861.73kb] [文件加载：188]
[ info ] [ LANG ] /var/www/mishop/thinkphp/lang/zh-cn.php
[ info ] [ ROUTE ] array (
)
[ info ] [ HEADER ] array (
  'accept-encoding' => 'gzip',
  'accept' => '*/*',
  'user-agent' => 'Mozilla/5.0 (Windows NT 10.0; Win64; x64) AppleWebKit/537.36 (KHTML, like Gecko) Chrome/60.0.3112.113 Safari/537.36',
  'host' => '101.132.45.200',
  'content-type' => '',
  'content-length' => '',
)
[ info ] [ PARAM ] array (
)
[ info ] null
---------------------------------------------------------------

[2020-07-03T03:50:28+08:00] 47.95.28.143 GET /
[运行时间：0.004622s] [吞吐率：216.36req/s] [内存消耗：859.20kb] [文件加载：188]
[ info ] [ LANG ] /var/www/mishop/thinkphp/lang/zh-cn.php
[ info ] [ ROUTE ] array (
)
[ info ] [ HEADER ] array (
  'content-type' => '',
  'content-length' => '',
)
[ info ] [ PARAM ] array (
)
[ info ] null
---------------------------------------------------------------

[2020-07-03T04:37:39+08:00] 64.225.0.215 GET mishop.holyzq.com/
[运行时间：0.004347s] [吞吐率：230.04req/s] [内存消耗：864.13kb] [文件加载：188]
[ info ] [ LANG ] /var/www/mishop/thinkphp/lang/zh-cn.php
[ info ] [ ROUTE ] array (
)
[ info ] [ HEADER ] array (
  'connection' => 'close',
  'accept-language' => 'en-gb,en;q=0.5',
  'accept' => 'text/xml,application/xml,application/xhtml+xml,text/html;q=0.9,text/plain;q=0.8,image/png,*/*;q=0.5',
  'accept-encoding' => 'identity',
  'user-agent' => 'Mozilla/5.0 (compatible; NetcraftSurveyAgent/1.0; +info@netcraft.com)',
  'accept-charset' => 'ISO-8859-1,utf-8;q=0.7,*;q=0.7',
  'host' => 'mishop.holyzq.com',
  'content-type' => '',
  'content-length' => '',
)
[ info ] [ PARAM ] array (
)
[ info ] null
---------------------------------------------------------------

[2020-07-03T05:06:01+08:00] 96.3.196.110 POST 101.132.45.200/
[运行时间：0.004605s] [吞吐率：217.16req/s] [内存消耗：863.38kb] [文件加载：188]
[ info ] [ LANG ] /var/www/mishop/thinkphp/lang/zh-cn.php
[ info ] [ ROUTE ] array (
)
[ info ] [ HEADER ] array (
  'cache-control' => 'no-cache',
  'content-length' => '436',
  'host' => '101.132.45.200',
  'user-agent' => 'Mozilla/5.0 (Windows NT 6.1; WOW64; Trident/7.0; rv:11.0) like Gecko',
  'content-type' => 'application/x-www-form-urlencoded',
)
[ info ] [ PARAM ] array (
  'E/YPwonAYutWpcscAR_y3NwEIYiabavXiN/4JIpwhweUAt4iCumtaYem/CtElkMJcNuV_e0tGroKNy1wmtpRYbeFFLPcqg1YXAn64wXCnUYzh/9gCxKOZL8XoBDdJfID8Vxk8P1RSjNEfaWKVe4hi/5GzAjkEvrO5qQ04wJQrERNHUo2Y6yxkrIEQNzCF20bmcINCtJnx4jNO4D1/Ff139rQUkTBJQl8KczrGnF7yVpHsB4RCgTK9KRa4dMg/FegBns6y8nYrtI3friHqNGjUNkBiEqd5UwJRQa5sfOHONpjiNDilez4Hb5ue2laa9UksoWdh_aaCBIdztnh8fb3eiuKn29W3rFGjkNrV9qywKBbmoEEJOtNoRA4Ba3fbyu08cdU0ZCg_o0iwWzAw13lek4jSv7k5QN/Gz7x/q9KeJxbfYvEdzc' => '',
)
[ info ] null
---------------------------------------------------------------

[2020-07-03T05:08:03+08:00] 96.3.196.110 POST 101.132.45.200/
[运行时间：0.004387s] [吞吐率：227.95req/s] [内存消耗：863.13kb] [文件加载：188]
[ info ] [ LANG ] /var/www/mishop/thinkphp/lang/zh-cn.php
[ info ] [ ROUTE ] array (
)
[ info ] [ HEADER ] array (
  'cache-control' => 'no-cache',
  'content-length' => '368',
  'host' => '101.132.45.200',
  'user-agent' => 'Mozilla/5.0 (Windows NT 6.1; WOW64; Trident/7.0; rv:11.0) like Gecko',
  'content-type' => 'application/x-www-form-urlencoded',
)
[ info ] [ PARAM ] array (
  'E60KwNjAN39ajXR5Q/ThCJUniQWtPjD3srZppfCzVVEXAh7_xoVBAioHglKr30XH2NMNxOWvUn0hOaYOW8A2lE8PW0UB_TKt/HqbGSiStjvLfnf_P7KusLB6J8j7VNUPD9ljR_y3AOmhvTMs9JXSgLpdw5A6MJuKDNEcF7cexruLF24oUzi93r5p1epRtjWWgshYySJPyLsUxIxKm/CMHvcCg3aYLwZFrW60orJ09NSj64JKWFqBg/vsqNq_xfd4SU6SfvJgKxQdOd8qXxWuRtzrkA3cbHXzs2dNQ2Ra8LLDTEYvsBmPISfdBUd8zdwpxxuRn5XN5ytqBtfNIz29hAqXsfQfn4E_t1e22l048AQ_ckGW' => '',
)
[ info ] null
---------------------------------------------------------------

[2020-07-03T05:10:06+08:00] 96.3.196.110 POST 101.132.45.200/
[运行时间：0.004517s] [吞吐率：221.39req/s] [内存消耗：863.25kb] [文件加载：188]
[ info ] [ LANG ] /var/www/mishop/thinkphp/lang/zh-cn.php
[ info ] [ ROUTE ] array (
)
[ info ] [ HEADER ] array (
  'cache-control' => 'no-cache',
  'content-length' => '396',
  'host' => '101.132.45.200',
  'user-agent' => 'Mozilla/5.0 (Windows NT 6.1; WOW64; Trident/7.0; rv:11.0) like Gecko',
  'content-type' => 'application/x-www-form-urlencoded',
)
[ info ] [ PARAM ] array (
  'E/RYk9PBNSBpuGLiBX1T1axI9NdbHJNpY7JqNLlAzo2DYpy/_qAdpkbQda5deHhF_pQv3vtCQ6w0GsUPJvGMU_6N9GgZABtFtRugMlm5XMemc9cwuYAGkNhXwOxHWGeqmd45N6KxG5UeGI9AoVLD1L3xapIMnBF2Ffc5LAHDTuN7kIuOWgqGkFQ8p8qdds9Fe1xaN70D1sGEdE1_wpegBuUZfWh9kZriNkEBwNeHT95hVnmedVn3CQO0LezjpgVPxJfLKAiAsHikL8tVeoF8IMRhIDhGJKFeA5bX048bJyWNmq1pFq4x6nB_5RrOI2ohLpXG_AWixvln_49RbGy2SVRPLOEazouRRhJ_SnbNYTzGi4DIwtmo2W9MbSD4wfEMSXirrkKiYP0' => '',
)
[ info ] null
---------------------------------------------------------------

[2020-07-03T05:12:08+08:00] 96.3.196.110 POST 101.132.45.200/
[运行时间：0.004147s] [吞吐率：241.14req/s] [内存消耗：863.38kb] [文件加载：188]
[ info ] [ LANG ] /var/www/mishop/thinkphp/lang/zh-cn.php
[ info ] [ ROUTE ] array (
)
[ info ] [ HEADER ] array (
  'cache-control' => 'no-cache',
  'content-length' => '440',
  'host' => '101.132.45.200',
  'user-agent' => 'Mozilla/5.0 (Windows NT 6.1; WOW64; Trident/7.0; rv:11.0) like Gecko',
  'content-type' => 'application/x-www-form-urlencoded',
)
[ info ] [ PARAM ] array (
  'R6FcxIudZL6unCFWA27BT2r5dkmdXvQdFE5KuT57gYgYjUUkyXEz7DOG0X8W0jyerzmJsjq0eCrJgVqBJSphRhYdmVgxSBkehtipASE5vtG_uAVsXWeuya5aJ3GN6gL__fFrdQ9S9pdnIjs6tFo8SW18cy2x/DrmIUgGWQDe8nooufWKl9FEiYKu_CKB0nLKAZNX6gp/PkkkxOJeBP2nwcBGM1Gt421fFWUBPZpw/dMJ7fuKU6ieyJ32aM52B68gWTN1jTB/fkZI8JygMfPr5Ft7pi6WtMja4iUbUFndbatCPT9D4XM9EHf1QToQWSSK3_YeOxz3JI1Shl5c1tIsv100innoXPB55P2L9iR15aSRZW50VeaWmayrsEC7GLhZC006FKrYkgIRE9Em6YZmlrxh0r0LfVEYf_9UEoYWjhgCZJoGFA/DuAE' => '',
)
[ info ] null
---------------------------------------------------------------

[2020-07-03T05:14:10+08:00] 96.3.196.110 POST 101.132.45.200/
[运行时间：0.004476s] [吞吐率：223.42req/s] [内存消耗：863.38kb] [文件加载：188]
[ info ] [ LANG ] /var/www/mishop/thinkphp/lang/zh-cn.php
[ info ] [ ROUTE ] array (
)
[ info ] [ HEADER ] array (
  'cache-control' => 'no-cache',
  'content-length' => '444',
  'host' => '101.132.45.200',
  'user-agent' => 'Mozilla/5.0 (Windows NT 6.1; WOW64; Trident/7.0; rv:11.0) like Gecko',
  'content-type' => 'application/x-www-form-urlencoded',
)
[ info ] [ PARAM ] array (
  'Qa1Zk4/BY4hl5YCpgn45iF0Tq/oWHCNPHaNm/KjebB1RYEHrNlKr4ylHHzB1lDeRHuPXP2Yp5p2yUw0Tuq0RFaXFOsrNiXhxByLBVRY/Dur3olMsHupB1dT3OhLsyFcQrZTJbta9TCHEoBMMF_GRgqEswzRkKDm4BKim/9jQ/b1B9KWLeOvSay4hTexa6TBP56FjLlJthmROBWuqL8/yWgeLWGV20PSnq0kqfjM83QdN0Rrc5lD9CEI9bl2ra6cUwDZN6dhCw3irx30YrXdYDSQCSVyvwgwFxcJTCYsNrqj6w0y/DT_dMd/6mPbbuFoDpKtL7DQSPC4jL9f6VPYE0XhQHUXUGcktuiswzohhQCUTn6cfXj3RpyukCf/PJhkFaUPcRW8RcnIXtbXSrP03tIB3Y4eJHec36tf6oeP28AoPFlYcyi0HrvBN6Iua' => '',
)
[ info ] null
---------------------------------------------------------------

[2020-07-03T05:16:12+08:00] 96.3.196.110 POST 101.132.45.200/
[运行时间：0.004348s] [吞吐率：229.99req/s] [内存消耗：863.13kb] [文件加载：188]
[ info ] [ LANG ] /var/www/mishop/thinkphp/lang/zh-cn.php
[ info ] [ ROUTE ] array (
)
[ info ] [ HEADER ] array (
  'cache-control' => 'no-cache',
  'content-length' => '376',
  'host' => '101.132.45.200',
  'user-agent' => 'Mozilla/5.0 (Windows NT 6.1; WOW64; Trident/7.0; rv:11.0) like Gecko',
  'content-type' => 'application/x-www-form-urlencoded',
)
[ info ] [ PARAM ] array (
  'S/AIxt7NNYx2W1Mr7fi9AQtwS3BrnkGBAZ_CpqX6CovbDhiKMXBX1Ajb4v8/RCeM4ZwvUZLnhieqOFq_GVEmzNWM2wy5j6UJT8Skmkq3V/Ums/y6L9AJyf9QX4_V6vEzeblIOxazxGzwSDj99TxxVaruE3I3kop0Cp6PrXR6PKEal8fDGA4cTMRe_Era4GdMn9QbhlNRSBCSWc50ReoF_e4iDfzo/1iGjZ5JaGqamKQuTAWpzV73leiuWZmemHve6yYaNgKyDvVD/lzbbfDvY_61GJhfJs4zJmQZryy4LGHDyY095gjIDB6uF6ajLIQIKVI4/4/scW1iEHyODkIVl9NBHumK8jj09IQK7HMirVx6GQi/wBoWYLbH' => '',
)
[ info ] null
---------------------------------------------------------------

[2020-07-03T05:18:14+08:00] 96.3.196.110 POST 101.132.45.200/
[运行时间：0.004215s] [吞吐率：237.25req/s] [内存消耗：863.13kb] [文件加载：188]
[ info ] [ LANG ] /var/www/mishop/thinkphp/lang/zh-cn.php
[ info ] [ ROUTE ] array (
)
[ info ] [ HEADER ] array (
  'cache-control' => 'no-cache',
  'content-length' => '372',
  'host' => '101.132.45.200',
  'user-agent' => 'Mozilla/5.0 (Windows NT 6.1; WOW64; Trident/7.0; rv:11.0) like Gecko',
  'content-type' => 'application/x-www-form-urlencoded',
)
[ info ] [ PARAM ] array (
  'EPNfxIvOZZvpkNEA8CwFo1/hj5UxBIZpQpE/kHQuy8J4o/P0VcC1WkKmmxToQXtd3AfqHAcWKiOK0EFiMwwqrn4GXClVKLc0Iw6x7VsFBaMmzj9xyhVKqq/Y2y8cH8lZhe0JKbPxIY7h2bIMjnBg/J9ekw8DcUXfibxXJKIwl/h1/Spp_BddDVjfdpGhQSPceZQDV2HtC2RBdBLyqZmoYi4VcP27kGRhlPVU2lDqch2XvZ3/qGX3YqGuG9hrZ13E4FONJOTqHC15NykD6rC0Bxe_CDUVa0FuGc3beRMnpdMKjrWovVBjVau2NvWbee9V9zM26OALp58WNBtNhKxlPBgOmvS24v9omHH4_dL3NC4GLlKT/g' => '=',
)
[ info ] null
---------------------------------------------------------------

[2020-07-03T05:20:16+08:00] 96.3.196.110 POST 101.132.45.200/
[运行时间：0.004635s] [吞吐率：215.76req/s] [内存消耗：863.25kb] [文件加载：188]
[ info ] [ LANG ] /var/www/mishop/thinkphp/lang/zh-cn.php
[ info ] [ ROUTE ] array (
)
[ info ] [ HEADER ] array (
  'cache-control' => 'no-cache',
  'content-length' => '416',
  'host' => '101.132.45.200',
  'user-agent' => 'Mozilla/5.0 (Windows NT 6.1; WOW64; Trident/7.0; rv:11.0) like Gecko',
  'content-type' => 'application/x-www-form-urlencoded',
)
[ info ] [ PARAM ] array (
  'QfNYlIiZZW80myATB8SOVy4R_YXxGm_ndYEIAnpd_icekJb2JmuuYczljEatQb9NuYr2OOEY24wizeq_fn4P3QcHumK1pXyq80upZWQFiWhjLZbk8jrQcxPjwUIP3qvLpkXrpELkGE/W3n_IYBNdmeaXOWErU_9gKB/SW/cT4ICMs3v3QLHt4szrFVuOtCwnpAXGDdV_9RewW9dptsrNRH9tFMVytws0DGIOT_Qchr4cYNfV5Tn2RwOzm6T845KvHKB2i5/a4VPURoJ7aehVoodk/opDye4glUUV4p7OFLg/8OaWtsTKfaH/JNDOpMRTHmHEvWiRtlwafLuzoIBO1shVCsQn4jNxgy8WC3hlC7nhQvQ7MnmS/8sTfX2oR0GIyEmltR0x/NMoTSbGEwkndxjDt9Zs63A' => '',
)
[ info ] null
---------------------------------------------------------------

[2020-07-03T05:22:18+08:00] 96.3.196.110 POST 101.132.45.200/
[运行时间：0.004408s] [吞吐率：226.85req/s] [内存消耗：863.19kb] [文件加载：188]
[ info ] [ LANG ] /var/www/mishop/thinkphp/lang/zh-cn.php
[ info ] [ ROUTE ] array (
)
[ info ] [ HEADER ] array (
  'cache-control' => 'no-cache',
  'content-length' => '392',
  'host' => '101.132.45.200',
  'user-agent' => 'Mozilla/5.0 (Windows NT 6.1; WOW64; Trident/7.0; rv:11.0) like Gecko',
  'content-type' => 'application/x-www-form-urlencoded',
)
[ info ] [ PARAM ] array (
  'RaILxI7IZ0y_K9cCT9A/OMJKxXtIWOXHgCmT5nWzTNU3G0nEcKPxllkV_2CAKfWFgPrKEK7ElIyEmsuiZRGUgzm8/7qk0rzQtvo0MqPZ474Rhs7MSJZ/bY0drupHNaHuS7SPs0Dy9NpbmK/K5GXqIc4_Ez57MFWoQEvHGJjCmBwqDVW2ZvUr_TvSZiyeE5Sb2hWS5GuRN5FcpOtTdvF1a819EsD1M5a/h6z_pdcu1Wc179eAjTanLQ5Rlq82rQtwDfzqZzCBNmbiHGcny_W3RI9f7v1VZ2ZyuiRwjTcQnnUWb_TAJdlDkGZJ_xNmcxyH1JW_EbBrO5SMUIojm9pNAeJXfep5kosVnzdaQDhLc_BQKhNi0oQc9GzQKy0CWs0WCIrPhQE' => '',
)
[ info ] null
---------------------------------------------------------------

[2020-07-03T05:24:20+08:00] 96.3.196.110 POST 101.132.45.200/
[运行时间：0.004483s] [吞吐率：223.05req/s] [内存消耗：863.25kb] [文件加载：188]
[ info ] [ LANG ] /var/www/mishop/thinkphp/lang/zh-cn.php
[ info ] [ ROUTE ] array (
)
[ info ] [ HEADER ] array (
  'cache-control' => 'no-cache',
  'content-length' => '396',
  'host' => '101.132.45.200',
  'user-agent' => 'Mozilla/5.0 (Windows NT 6.1; WOW64; Trident/7.0; rv:11.0) like Gecko',
  'content-type' => 'application/x-www-form-urlencoded',
)
[ info ] [ PARAM ] array (
  'EaJcx9vIbNM0WVzlkkzBZyrcukExR5rQ_dkhaCuHFxe6YAFDVc3DQLGGE4j_P8yYe3JglJ3TlRpmq8fFRlHddHcfVaJBd92r03dxndFZWH5oqWRTuRLZPk_IPnkvQxiYYiEuE8SnLC1i3eHUeemo3/ySivp8Ep31ASbp_AeUlvlVARqMpntE2l0pneRTKR444A_NcSwb4oPrFmc15iJCqBNoI/Wsb1ZKsWwqLh75vWNrSsvgGQXUvOOBvLXYfX_a7skmFSy1Kk2kHTiRAvcWSQiyACWH5iURijT8qhnWPjNkmM8fD8MnFkT1_qG9261vcAUUC89R7tYn74R/GNi8AIM0IwG28nSME05VWrs53l5_D3VH_wUT/yNcoa1K6ZycQ3E_UKrZdQ' => '=',
)
[ info ] null
---------------------------------------------------------------

[2020-07-03T05:26:22+08:00] 96.3.196.110 POST 101.132.45.200/
[运行时间：0.004449s] [吞吐率：224.76req/s] [内存消耗：863.25kb] [文件加载：188]
[ info ] [ LANG ] /var/www/mishop/thinkphp/lang/zh-cn.php
[ info ] [ ROUTE ] array (
)
[ info ] [ HEADER ] array (
  'cache-control' => 'no-cache',
  'content-length' => '412',
  'host' => '101.132.45.200',
  'user-agent' => 'Mozilla/5.0 (Windows NT 6.1; WOW64; Trident/7.0; rv:11.0) like Gecko',
  'content-type' => 'application/x-www-form-urlencoded',
)
[ info ] [ PARAM ] array (
  'EaBbkt6dY1DN//GCLt_J5x1o0h7LY5EDuYklFUROns1zjAFy8EGv_FsTVgD5NIPUduKsduBbGUeobGo2ahoKZTdalsdCXOHPj_AOKqZ9Frxr8Yg1FmLCovTOWJa1FuTjU8gOKKOn8FWNozXK1xQFHq3nBfy5wBxE0LvkDR8k_T4CsyVf2Muw8n3z0zS73cMvhPAWsaEeAM7g/X9sDakSi2FhH0hUADCC575J8rPn4ye09K7xpHKqXfOBeA8X/mp9GvObUZlrB0eh_H15cDNYozJcLQ8/oNlfPFbmLoemkKmF7zwH7H/6394rCWe7yJ1z3O/iRcpmPhsW7XXcz13ub0v5VSIwAxZxJypskjSLL1wtSnBkHRdnWdmyvvRpfyNTx4NLC0Wi7rZzXg1bc1jwM16ImT0' => '',
)
[ info ] null
---------------------------------------------------------------

[2020-07-03T05:28:24+08:00] 96.3.196.110 POST 101.132.45.200/
[运行时间：0.004995s] [吞吐率：200.21req/s] [内存消耗：863.13kb] [文件加载：188]
[ info ] [ LANG ] /var/www/mishop/thinkphp/lang/zh-cn.php
[ info ] [ ROUTE ] array (
)
[ info ] [ HEADER ] array (
  'cache-control' => 'no-cache',
  'content-length' => '376',
  'host' => '101.132.45.200',
  'user-agent' => 'Mozilla/5.0 (Windows NT 6.1; WOW64; Trident/7.0; rv:11.0) like Gecko',
  'content-type' => 'application/x-www-form-urlencoded',
)
[ info ] [ PARAM ] array (
  'QqBWlNzINg6RkMtPcNSXanB9az0VPb1rY_60i/Kxwa5045jEyWlG80vch20zFICTT/Mx7XTclhCASQeM_qsBH8gqEodLP0OdJPi3Dbd7H9ADO38mGc3Ll5Pb4wS96SwaLd2uUzUqGUdO3OnZLcDIXEii86pKEd9vjNK36AvchahaNXar5TtePPWO3N3gVN1xl5gVi609v1Ta8Ro5h02Y5rEGPmeyJbD8RDjialTuJ7c9Do2Fb_IflG0XpmrZ7A7aYcuBeCy9KckWkAqz9o/vWuIrwZGRiOYw2BtlsENmxmYsMrtDtTxjea17g3q9/CJemdLOO_FJefocMonTMZ4gjRmGxWA5tpA9CDIG1IQHhIKXY4YxYWdmt/0' => '',
)
[ info ] null
---------------------------------------------------------------

[2020-07-03T05:30:26+08:00] 96.3.196.110 POST 101.132.45.200/
[运行时间：0.004409s] [吞吐率：226.82req/s] [内存消耗：863.25kb] [文件加载：188]
[ info ] [ LANG ] /var/www/mishop/thinkphp/lang/zh-cn.php
[ info ] [ ROUTE ] array (
)
[ info ] [ HEADER ] array (
  'cache-control' => 'no-cache',
  'content-length' => '408',
  'host' => '101.132.45.200',
  'user-agent' => 'Mozilla/5.0 (Windows NT 6.1; WOW64; Trident/7.0; rv:11.0) like Gecko',
  'content-type' => 'application/x-www-form-urlencoded',
)
[ info ] [ PARAM ] array (
  'R6QIld2aYIApvTDAk_VhnQRdmRgerPsLgCVZd0DBxKI6Libt7E33HV/V4g23maTsOS29j7gTOeVCYDDmYSHFPWsfE1kqzeAps3F7lr54HW8a8b_B/yRPed1GMARfSmYKmJhhq3BBF5H7Ukd46KeU9tCntEhG5m8RofoDrp5NjlKmbCxU5IPyghYOQAm7ybcpI8m7BB3qGtghW92G2WCMB26Nkh6cJJEEP5nKcECyImziLxRJoQhH2K8pwsG9thtgudIuyKzQmsjwNXzWeXCYkNZIghlp7CzfxcJrmOj58oxUl9rMrUcRnk5wcdXPBkXl442d_3gUqJezJxsLXAyRFviXFUeMIJnriyMjUU7rt4s656gvlFvyjt67PfUSyV46/MbduL0pBhqV9p7W_c/TZuk' => '',
)
[ info ] null
---------------------------------------------------------------

[2020-07-03T05:32:14+08:00] 47.75.75.137 GET 101.132.45.200:443/
[运行时间：0.015965s] [吞吐率：62.64req/s] [内存消耗：861.67kb] [文件加载：188]
[ info ] [ LANG ] /var/www/mishop/thinkphp/lang/zh-cn.php
[ info ] [ ROUTE ] array (
)
[ info ] [ HEADER ] array (
  'connection' => 'close',
  'accept-encoding' => 'gzip',
  'user-agent' => 'httpx - Open-source project (github.com/projectdiscovery/httpx)',
  'host' => '101.132.45.200:443',
  'content-type' => '',
  'content-length' => '',
)
[ info ] [ PARAM ] array (
)
[ info ] null
---------------------------------------------------------------

[2020-07-03T05:32:14+08:00] 47.75.75.137 GET 101.132.45.200:443/
[运行时间：0.003276s] [吞吐率：305.24req/s] [内存消耗：861.67kb] [文件加载：188]
[ info ] [ LANG ] /var/www/mishop/thinkphp/lang/zh-cn.php
[ info ] [ ROUTE ] array (
)
[ info ] [ HEADER ] array (
  'connection' => 'close',
  'accept-encoding' => 'gzip',
  'user-agent' => 'httpx - Open-source project (github.com/projectdiscovery/httpx)',
  'host' => '101.132.45.200:443',
  'content-type' => '',
  'content-length' => '',
)
[ info ] [ PARAM ] array (
)
[ info ] null
---------------------------------------------------------------

[2020-07-03T05:32:14+08:00] 47.75.75.137 GET brv54nnl4dsaoq8sg9o0.101.132.45.200:443/
[运行时间：0.003364s] [吞吐率：297.26req/s] [内存消耗：861.80kb] [文件加载：188]
[ info ] [ LANG ] /var/www/mishop/thinkphp/lang/zh-cn.php
[ info ] [ ROUTE ] array (
)
[ info ] [ HEADER ] array (
  'connection' => 'close',
  'accept-encoding' => 'gzip',
  'user-agent' => 'httpx - Open-source project (github.com/projectdiscovery/httpx)',
  'host' => 'brv54nnl4dsaoq8sg9o0.101.132.45.200:443',
  'content-type' => '',
  'content-length' => '',
)
[ info ] [ PARAM ] array (
)
[ info ] null
---------------------------------------------------------------

[2020-07-03T05:32:28+08:00] 96.3.196.110 POST 101.132.45.200/
[运行时间：0.004725s] [吞吐率：211.64req/s] [内存消耗：863.13kb] [文件加载：188]
[ info ] [ LANG ] /var/www/mishop/thinkphp/lang/zh-cn.php
[ info ] [ ROUTE ] array (
)
[ info ] [ HEADER ] array (
  'cache-control' => 'no-cache',
  'content-length' => '376',
  'host' => '101.132.45.200',
  'user-agent' => 'Mozilla/5.0 (Windows NT 6.1; WOW64; Trident/7.0; rv:11.0) like Gecko',
  'content-type' => 'application/x-www-form-urlencoded',
)
[ info ] [ PARAM ] array (
  'EKYLxInIZoSoIVODlu1YB/DAMpJdPknLrDnqEwhh5r/0zB/KL6WbdYWOe_p_PZqccGw38KjLRLFKnERt6KshVYDRn8ycOEVCLSVd8vgDNkQS_jhRe_wjZntd6LW6qUBOY/dw/6QACS2IAY_/ZltjJu3srsMbHpgB/SZOu3HbWC5irb2AAtU0gSNy9zgWXuNE6vbwGtW/D9Bj0I6WMAiCsW/XWzW6bjqlwmJ5l2iVuS4XezERqJY9MiyyK4ECRkzx9YAa0nUiunvDr0Tml3jPA3M2qLoAn7Mce3LAF6tUKOIseEJJtecGOxdJ9g8L2SOBS8MBptvV9eDWvBQU175rc2sPsnMWMRvUnIPFrCyfsox7Hqv1vKLiOw' => '=',
)
[ info ] null
---------------------------------------------------------------

[2020-07-03T05:34:30+08:00] 96.3.196.110 POST 101.132.45.200/
[运行时间：0.004639s] [吞吐率：215.57req/s] [内存消耗：863.38kb] [文件加载：188]
[ info ] [ LANG ] /var/www/mishop/thinkphp/lang/zh-cn.php
[ info ] [ ROUTE ] array (
)
[ info ] [ HEADER ] array (
  'cache-control' => 'no-cache',
  'content-length' => '444',
  'host' => '101.132.45.200',
  'user-agent' => 'Mozilla/5.0 (Windows NT 6.1; WOW64; Trident/7.0; rv:11.0) like Gecko',
  'content-type' => 'application/x-www-form-urlencoded',
)
[ info ] [ PARAM ] array (
  'RKJZwN2aYHFjsUBA_HtlRtbwsgoEKXPdBEEayEI_PUaF36CXISjQ/DE6Kgr1fjOdIya6fcWHvN1JDEF4EpSUrN0SdF7NWdbaJHLfgIS8sw5LTcwEWiTW0Tjfqdavbtije1Z_LS_EOyvb6HaHm9ebkdEYUyp7uEMKQJvTx1V9NuvfrPB185SIjiOCy08qpEshRpr1V_8AoCnP37jpkyfM4/zssEOn_MZhqq6ZhryXpO6RIXZ8hZaUBfy2yo5mWaC5UFAzPj5QTuj4nRvvA7EJyD4mz_rHXWzdlx/1iHVBnNI6JxjwYmlbKrBmXStmQraSfp_1elTTwsbI_arTt0yZ5ddFQtbw0v/3w43FvoKHvm58eO5HpMCfpd5rH/48DQ8HyQQAeOlx8Zew/71x70E2il/XtxtgzMp3yeXmutrcUV176_/dwJWn7iUFSbRL' => '',
)
[ info ] null
---------------------------------------------------------------

[2020-07-03T05:36:32+08:00] 96.3.196.110 POST 101.132.45.200/
[运行时间：0.004584s] [吞吐率：218.15req/s] [内存消耗：863.38kb] [文件加载：188]
[ info ] [ LANG ] /var/www/mishop/thinkphp/lang/zh-cn.php
[ info ] [ ROUTE ] array (
)
[ info ] [ HEADER ] array (
  'cache-control' => 'no-cache',
  'content-length' => '436',
  'host' => '101.132.45.200',
  'user-agent' => 'Mozilla/5.0 (Windows NT 6.1; WOW64; Trident/7.0; rv:11.0) like Gecko',
  'content-type' => 'application/x-www-form-urlencoded',
)
[ info ] [ PARAM ] array (
  'E6Veld6dbTTdFg4FaCrZAkZjKXIL065N/7cRN3F7IuEUuegytIFnWYYBvMrPXC0oLMeN1a5TFPYPDeCeoiRpZCp87jWvXhSX4rkkltM9fAiq5ftyrOA4fLUzqXgfqDDonDncgn0n6Wenmzfu/FkVg7Ax8rf8VJQe93XrAHZNaeC02tKdD5oZrsfSMYaB2PisAfOYwN5pnmDZb5s3df1OGSdTPJhjGZWg6NWePZid4on/9od_40bBGTwDbsFEBVhEk7zCEb9ngc8/ImJ0i2sbZOTkg6aqOPWslIaUDI23_TH/yRlPBRl_LasGtNnLIezclkIASwgEKi2s9NQRvTLcGeruWunJU__bmMiyqpu6q7TRsRsDRVs2oLBFJ_1h0Qasw40bxcxnKL_oYR9XVrbCQZXJPSKyHnX5lVoTidDVff8pYfclyIr6' => '',
)
[ info ] null
---------------------------------------------------------------

[2020-07-03T05:38:34+08:00] 96.3.196.110 POST 101.132.45.200/
[运行时间：0.004548s] [吞吐率：219.87req/s] [内存消耗：863.38kb] [文件加载：188]
[ info ] [ LANG ] /var/www/mishop/thinkphp/lang/zh-cn.php
[ info ] [ ROUTE ] array (
)
[ info ] [ HEADER ] array (
  'cache-control' => 'no-cache',
  'content-length' => '444',
  'host' => '101.132.45.200',
  'user-agent' => 'Mozilla/5.0 (Windows NT 6.1; WOW64; Trident/7.0; rv:11.0) like Gecko',
  'content-type' => 'application/x-www-form-urlencoded',
)
[ info ] [ PARAM ] array (
  'F/ELlYueZW9TfTEJymzGnrMqYCUUxz1TMcrM3XwvEC9HAUHOViVRSq7R/kI612_qAx9D7gr9fiMP7K97kh8_QUJtCEwPNJjWfQ8Smc/mat11NbmGzKC6CZkulg3FjeCd_AcI23mAWsPj_sueKGq8HPXd5j/X7OmQnZHOm1M2htntJEimJQuCBOoBCo_yGmaDgMBOhrvuxoLboyM4MyG72Z_vyqKYsUGjxe09Q2vkMu0i_CviC9NKw4q/fNJHjYjBhTaCFKDAQuzHLcLmBEXX5QCSvRkQ2594URN4fv_PqktF187AJ0K/NaObtUXIVqGHaRwVbiB5ap9Ejz8FGcUBRqrfpjYRgVypNj8msnNsEOhcYSKmYaIkL1c/hvqqAA2i9NQVcGWj_ECJx_tXrl2gbcnTj3D31uYpk2lQTtkivgEmlFks8OYH25A54g' => '=',
)
[ info ] null
---------------------------------------------------------------

[2020-07-03T05:40:36+08:00] 96.3.196.110 POST 101.132.45.200/
[运行时间：0.004285s] [吞吐率：233.37req/s] [内存消耗：863.38kb] [文件加载：188]
[ info ] [ LANG ] /var/www/mishop/thinkphp/lang/zh-cn.php
[ info ] [ ROUTE ] array (
)
[ info ] [ HEADER ] array (
  'cache-control' => 'no-cache',
  'content-length' => '436',
  'host' => '101.132.45.200',
  'user-agent' => 'Mozilla/5.0 (Windows NT 6.1; WOW64; Trident/7.0; rv:11.0) like Gecko',
  'content-type' => 'application/x-www-form-urlencoded',
)
[ info ] [ PARAM ] array (
  'RfBewN/BY2oDzWBbb065Mf8ZpirYYhZ2o6gkBx_xaWY7YkvHfjNhgKHmIw6gMy2mjBFdraLNXkV9y4sIDY5NZyB5XTAU9AIT8I_zPcVSlzKo/ZjEGCwBqxYyF8YoE1guJvlm3yKRp7KXl50Q8GFTwkwJ5Vlep/393303LICCd7mlLKFZjDFQhsCRozUUz6Z0wCCpEYnFGiE0L6566Fl8OYbuaf_0PfWCFQcrclEB7S4KL51Lxd_r6gr1z0a/rrkBUAeHGNT2kWdG/BmhtCp7wF4J8r4EDoybE_rJc1wweL9PLHmYS1Avjjo7OfhkycyRE3C_6DebdwbKCXBelkJR0fdaY8Z80rTpr3z3_iDep3yjZZcQcOf/jSz0vNI1Z0BcHnpcHXFS5_WCEaL1nSrFd8A9u4IdFQ8aItYCkMbYvglITBoXcA' => '=',
)
[ info ] null
---------------------------------------------------------------

[2020-07-03T05:42:34+08:00] 47.101.59.132 GET mishop.holyzq.com/
[运行时间：0.004187s] [吞吐率：238.83req/s] [内存消耗：861.63kb] [文件加载：188]
[ info ] [ LANG ] /var/www/mishop/thinkphp/lang/zh-cn.php
[ info ] [ ROUTE ] array (
)
[ info ] [ HEADER ] array (
  'accept-encoding' => 'gzip',
  'connection' => 'Keep-Alive',
  'host' => 'mishop.holyzq.com',
  'user-agent' => 'Mozilla/5.0 chrome(windows nt/Windows NT;)Chrome',
  'content-type' => '',
  'content-length' => '',
)
[ info ] [ PARAM ] array (
)
[ info ] null
---------------------------------------------------------------

[2020-07-03T05:42:37+08:00] 96.3.196.110 POST 101.132.45.200/
[运行时间：0.004168s] [吞吐率：239.92req/s] [内存消耗：863.19kb] [文件加载：188]
[ info ] [ LANG ] /var/www/mishop/thinkphp/lang/zh-cn.php
[ info ] [ ROUTE ] array (
)
[ info ] [ HEADER ] array (
  'cache-control' => 'no-cache',
  'content-length' => '388',
  'host' => '101.132.45.200',
  'user-agent' => 'Mozilla/5.0 (Windows NT 6.1; WOW64; Trident/7.0; rv:11.0) like Gecko',
  'content-type' => 'application/x-www-form-urlencoded',
)
[ info ] [ PARAM ] array (
  'QaZdldibN5NZk/Lgt1ASUHwTylqcY42JlCBpT5e5yhHVFNRUUtOZxd1jOm7tKmfGn_Uvs5OBc/VwJL0HaBx7mKwOLNzXm22WVhNECZyOoMHvULEfL__FmdY_bzZWWblWRHobmQqxEIQghFAv8Bpgrurt2kdvGzBqoNiP6FWprzdHjd/nD2tvAveZ_qGGn4TvtMGO650EOvUZc7Mz5AYqmLZmyY1_xW7ab3Q_bvesPh6dyuo/RkrqKTQQ9U0Nnigvef3sanI5Favu4dQkXkHfjV0lpg8x6SiXJ8wuj1arfuOZaJqd4f6zPEHA5gRP0_fo2Z7HIusAq5YtSaQ3hlQzidMKCNYwowyWnNdpWO1nYiw3iTNNi8nRBwn5UR9bT5eqrQ' => '=',
)
[ info ] null
---------------------------------------------------------------

[2020-07-03T05:44:39+08:00] 96.3.196.110 POST 101.132.45.200/
[运行时间：0.004754s] [吞吐率：210.35req/s] [内存消耗：863.25kb] [文件加载：188]
[ info ] [ LANG ] /var/www/mishop/thinkphp/lang/zh-cn.php
[ info ] [ ROUTE ] array (
)
[ info ] [ HEADER ] array (
  'cache-control' => 'no-cache',
  'content-length' => '420',
  'host' => '101.132.45.200',
  'user-agent' => 'Mozilla/5.0 (Windows NT 6.1; WOW64; Trident/7.0; rv:11.0) like Gecko',
  'content-type' => 'application/x-www-form-urlencoded',
)
[ info ] [ PARAM ] array (
  'QaMNxtKcMadSCrrUgNj8rT7i5I8mLjvNLQswDuLfgMfRMX8gJxJwVksTYIus1vSjG9B2dwhgi6NsKl6HsQglldhKJKany3fB3QyGCDHTzoxty0Vz96dyvPMdBYxpWINsxfDeMOMvrFWqDJrfb541/HBLi0kth5r6IyMbBgxHeYQQFK2WE4GVU/cXAl_IzHSYQ/zqqmyzDMNfU_Z2J96ChbFVs9vSYySapuUjYGMyB3pbcuF0VR_aRQvId7BnCS0bV0Q5dtY7ruOLQa7h3Yhcm9QRXUfR7jLhnNFtrsok64Xo2s1MUfp10/8XLQW4mL/9n66K/c_9hHoe1QrjHwf5Zt/v8c9zO4nLAJfWx/vB0AZsfUx1MbfTSH9MqY7YKfvUhB1Y4gWTMkxNDuIi1/G7ZdRoe23wmANsLTpB' => '',
)
[ info ] null
---------------------------------------------------------------

[2020-07-03T05:46:41+08:00] 96.3.196.110 POST 101.132.45.200/
[运行时间：0.004256s] [吞吐率：234.96req/s] [内存消耗：863.25kb] [文件加载：188]
[ info ] [ LANG ] /var/www/mishop/thinkphp/lang/zh-cn.php
[ info ] [ ROUTE ] array (
)
[ info ] [ HEADER ] array (
  'cache-control' => 'no-cache',
  'content-length' => '404',
  'host' => '101.132.45.200',
  'user-agent' => 'Mozilla/5.0 (Windows NT 6.1; WOW64; Trident/7.0; rv:11.0) like Gecko',
  'content-type' => 'application/x-www-form-urlencoded',
)
[ info ] [ PARAM ] array (
  'Q6ELwd2abC0QHdAtY/8T6g7Sv2OgW6Th06FoS8mm69bTSQ7bYuVMRbX2YeXuqVEFh82JPy/9KbLUC3NsbojvNXiYBvIPCgty7VoaG1WVRA5WO1NN6nnwEA_mwx7Gi3QRnosMHAw0Ma2R19v8QlvqsBSnlDnkxNgs/BorzGmiULmWV32zFrfilHCNOTtwvs4_ZrUS6NI6axLMLLk3liFKMWvWtHdBjmak5e6p2wQjhMcJ2r/tZxGXx8f33bzvdIwK4ugV0T9wE/95P0KenRRvTT77dOAZJ7lcVnV9uEWaO4vPk3f2XWQPPvK7iySI/Q0ZXeLIG/xCdEFxY93p6Eau/R8sdmlC_4HhQYCSeT6eDGqDuj634AcRWLvpeQMiJsGG5vtkegLmNMbD8eAKZi8' => '',
)
[ info ] null
---------------------------------------------------------------

[2020-07-03T07:01:35+08:00] 193.118.53.194 GET 101.132.45.200/
[运行时间：0.005795s] [吞吐率：172.56req/s] [内存消耗：861.73kb] [文件加载：188]
[ info ] [ LANG ] /var/www/mishop/thinkphp/lang/zh-cn.php
[ info ] [ ROUTE ] array (
)
[ info ] [ HEADER ] array (
  'accept-encoding' => 'gzip',
  'accept' => '*/*',
  'user-agent' => 'Mozilla/5.0 (Windows NT 10.0; Win64; x64) AppleWebKit/537.36 (KHTML, like Gecko) Chrome/60.0.3112.113 Safari/537.36',
  'host' => '101.132.45.200',
  'content-type' => '',
  'content-length' => '',
)
[ info ] [ PARAM ] array (
)
[ info ] null
---------------------------------------------------------------

[2020-07-03T07:03:55+08:00] 193.57.61.23 GET 101.132.45.200/
[运行时间：0.004391s] [吞吐率：227.74req/s] [内存消耗：861.39kb] [文件加载：188]
[ info ] [ LANG ] /var/www/mishop/thinkphp/lang/zh-cn.php
[ info ] [ ROUTE ] array (
)
[ info ] [ HEADER ] array (
  'accept-encoding' => 'gzip',
  'accept' => '*/*',
  'user-agent' => 'Mozilla/5.0 zgrab/0.x',
  'host' => '101.132.45.200',
  'content-type' => '',
  'content-length' => '',
)
[ info ] [ PARAM ] array (
)
[ info ] null
---------------------------------------------------------------

[2020-07-03T07:16:36+08:00] 36.147.231.218 GET mobile.12306.cn/otsmobile/app/mgs/mgw.htm?operationType=com.cars.otsmobile.queryLeftTicket&requestData=%5B%7B%22train_date%22%3A%2220200710%22%2C%22purpose_codes%22%3A%2200%22%2C%22from_station%22%3A%22PIJ%22%2C%22to_station%22%3A%22POJ%22%2C%22station_train_code%22%3A%22%22%2C%22start_time_begin%22%3A%220000%22%2C%22start_time_end%22%3A%222400%22%2C%22train_headers%22%3A%22QB%23%22%2C%22train_flag%22%3A%22%22%2C%22seat_type%22%3A%220%22%2C%22seatBack_Type%22%3A%22%22%2C%22ticket_num%22%3A%22%22%2C%22dfpStr%22%3A%22%22%2C%22secret_str%22%3A%22false.null%22%2C%22app_version%22%3A%22182%22%2C%22baseDTO%22%3A%7B%22check_code%22%3A%22ae64203d3fbac9ec1e55b007e52e61de%22%2C%22device_no%22%3A%22460032773251552%7C862887762981188%7CkHpZNVowbV%22%2C%22mobile_no%22%3A%22166%2A%2A%2A%2A3992%22%2C%22os_type%22%3A%22a%22%2C%22time_str%22%3A%2220200703071636%22%2C%22user_name%22%3A%22DEr8KfSrFk%22%2C%22version_no%22%3A%224.3.15%22%7D%7D%5D&ts=1593731796167&sign=278afcaff106956558446ebbbe48a0c9
[运行时间：0.003242s] [吞吐率：308.45req/s] [内存消耗：522.79kb] [文件加载：109]
[ info ] [ LANG ] /var/www/mishop/thinkphp/lang/zh-cn.php
---------------------------------------------------------------

[2020-07-03T11:51:34+08:00] 178.128.194.144 GET 101.132.45.200/
[运行时间：0.004607s] [吞吐率：217.06req/s] [内存消耗：861.61kb] [文件加载：188]
[ info ] [ LANG ] /var/www/mishop/thinkphp/lang/zh-cn.php
[ info ] [ ROUTE ] array (
)
[ info ] [ HEADER ] array (
  'accept-encoding' => 'gzip',
  'accept' => '*/*',
  'user-agent' => 'Mozilla/5.0 (Macintosh; Intel Mac OS X 10.13; rv:61.0) Gecko/20100101 Firefox/72.0',
  'host' => '101.132.45.200',
  'content-type' => '',
  'content-length' => '',
)
[ info ] [ PARAM ] array (
)
[ info ] null
---------------------------------------------------------------

[2020-07-03T12:19:35+08:00] 138.197.100.76 GET crm.holyzq.com/
[运行时间：0.004261s] [吞吐率：234.69req/s] [内存消耗：860.51kb] [文件加载：188]
[ info ] [ LANG ] /var/www/mishop/thinkphp/lang/zh-cn.php
[ info ] [ ROUTE ] array (
)
[ info ] [ HEADER ] array (
  'user-agent' => 'Mozilla/5.0 (compatible; NetcraftSurveyAgent/1.0; +info@netcraft.com)',
  'host' => 'crm.holyzq.com',
  'content-type' => '',
  'content-length' => '',
)
[ info ] [ PARAM ] array (
)
[ info ] null
---------------------------------------------------------------

[2020-07-03T15:07:02+08:00] 193.118.55.146 GET 101.132.45.200/HNAP1
[运行时间：0.003372s] [吞吐率：296.56req/s] [内存消耗：522.77kb] [文件加载：109]
[ info ] [ LANG ] /var/www/mishop/thinkphp/lang/zh-cn.php
---------------------------------------------------------------

[2020-07-03T15:10:47+08:00] 128.14.133.58 GET 101.132.45.200/
[运行时间：0.005068s] [吞吐率：197.31req/s] [内存消耗：861.73kb] [文件加载：188]
[ info ] [ LANG ] /var/www/mishop/thinkphp/lang/zh-cn.php
[ info ] [ ROUTE ] array (
)
[ info ] [ HEADER ] array (
  'accept-encoding' => 'gzip',
  'accept' => '*/*',
  'user-agent' => 'Mozilla/5.0 (Windows NT 10.0; Win64; x64) AppleWebKit/537.36 (KHTML, like Gecko) Chrome/60.0.3112.113 Safari/537.36',
  'host' => '101.132.45.200',
  'content-type' => '',
  'content-length' => '',
)
[ info ] [ PARAM ] array (
)
[ info ] null
---------------------------------------------------------------

[2020-07-03T17:15:41+08:00] 192.241.223.237 GET 101.132.45.200/
[运行时间：0.004413s] [吞吐率：226.61req/s] [内存消耗：861.39kb] [文件加载：188]
[ info ] [ LANG ] /var/www/mishop/thinkphp/lang/zh-cn.php
[ info ] [ ROUTE ] array (
)
[ info ] [ HEADER ] array (
  'accept-encoding' => 'gzip',
  'accept' => '*/*',
  'user-agent' => 'Mozilla/5.0 zgrab/0.x',
  'host' => '101.132.45.200',
  'content-type' => '',
  'content-length' => '',
)
[ info ] [ PARAM ] array (
)
[ info ] null
---------------------------------------------------------------

[2020-07-03T21:34:29+08:00] 198.143.158.178 GET 101.132.45.200/
[运行时间：0.004541s] [吞吐率：220.22req/s] [内存消耗：861.73kb] [文件加载：188]
[ info ] [ LANG ] /var/www/mishop/thinkphp/lang/zh-cn.php
[ info ] [ ROUTE ] array (
)
[ info ] [ HEADER ] array (
  'accept-encoding' => 'gzip',
  'accept' => '*/*',
  'user-agent' => 'Mozilla/5.0 (Windows NT 10.0; Win64; x64) AppleWebKit/537.36 (KHTML, like Gecko) Chrome/60.0.3112.113 Safari/537.36',
  'host' => '101.132.45.200',
  'content-type' => '',
  'content-length' => '',
)
[ info ] [ PARAM ] array (
)
[ info ] null
