---------------------------------------------------------------

[2020-07-04T00:44:24+08:00] 172.104.76.123 GET 101.132.45.200:443/
[运行时间：0.004337s] [吞吐率：230.57req/s] [内存消耗：861.28kb] [文件加载：188]
[ info ] [ LANG ] /var/www/mishop/thinkphp/lang/zh-cn.php
[ info ] [ ROUTE ] array (
)
[ info ] [ HEADER ] array (
  'connection' => 'close',
  'user-agent' => 'Mozilla/5.0 AppleWebKit/537.36 (KHTML, like Gecko) Mobile Safari/537.36 (compatible; Bytespider; https://zhanzhang.toutiao.com/)',
  'host' => '101.132.45.200:443',
  'content-type' => '',
  'content-length' => '',
)
[ info ] [ PARAM ] array (
)
[ info ] null
---------------------------------------------------------------

[2020-07-04T01:52:57+08:00] 196.52.43.62 GET 101.132.45.200:443/
[运行时间：0.004170s] [吞吐率：239.81req/s] [内存消耗：860.72kb] [文件加载：188]
[ info ] [ LANG ] /var/www/mishop/thinkphp/lang/zh-cn.php
[ info ] [ ROUTE ] array (
)
[ info ] [ HEADER ] array (
  'user-agent' => 'Mozilla/5.0 (X11; Linux x86_64) AppleWebKit/537.36 (KHTML, like Gecko) Chrome/72.0.3602.2 Safari/537.36',
  'host' => '101.132.45.200:443',
  'content-type' => '',
  'content-length' => '',
)
[ info ] [ PARAM ] array (
)
[ info ] null
---------------------------------------------------------------

[2020-07-04T02:14:04+08:00] 173.212.251.146 GET 101.132.45.200/
[运行时间：0.004306s] [吞吐率：232.23req/s] [内存消耗：862.05kb] [文件加载：188]
[ info ] [ LANG ] /var/www/mishop/thinkphp/lang/zh-cn.php
[ info ] [ ROUTE ] array (
)
[ info ] [ HEADER ] array (
  'connection' => 'keep-alive',
  'accept' => '*/*',
  'accept-encoding' => 'gzip, deflate',
  'user-agent' => 'python-requests/2.23.0',
  'host' => '101.132.45.200',
  'content-type' => '',
  'content-length' => '',
)
[ info ] [ PARAM ] array (
)
[ info ] null
---------------------------------------------------------------

[2020-07-04T03:30:32+08:00] 192.241.223.55 GET 101.132.45.200/owa/auth/logon.aspx?url=https%3a%2f%2f1%2fecp%2f
[运行时间：0.003131s] [吞吐率：319.37req/s] [内存消耗：522.79kb] [文件加载：109]
[ info ] [ LANG ] /var/www/mishop/thinkphp/lang/zh-cn.php
---------------------------------------------------------------

[2020-07-04T03:57:51+08:00] 172.104.76.123 GET 101.132.45.200:443/
[运行时间：0.004482s] [吞吐率：223.11req/s] [内存消耗：861.29kb] [文件加载：188]
[ info ] [ LANG ] /var/www/mishop/thinkphp/lang/zh-cn.php
[ info ] [ ROUTE ] array (
)
[ info ] [ HEADER ] array (
  'connection' => 'close',
  'user-agent' => 'Mozilla/5.0 AppleWebKit/537.36 (KHTML, like Gecko) Mobile Safari/537.36 (compatible; Bytespider; https://zhanzhang.toutiao.com/)',
  'host' => '101.132.45.200:443',
  'content-type' => '',
  'content-length' => '',
)
[ info ] [ PARAM ] array (
)
[ info ] null
---------------------------------------------------------------

[2020-07-04T04:47:17+08:00] 101.132.130.15 GET 101.132.45.200/
[运行时间：0.005023s] [吞吐率：199.08req/s] [内存消耗：861.63kb] [文件加载：188]
[ info ] [ LANG ] /var/www/mishop/thinkphp/lang/zh-cn.php
[ info ] [ ROUTE ] array (
)
[ info ] [ HEADER ] array (
  'accept-encoding' => 'gzip',
  'connection' => 'Keep-Alive',
  'host' => '101.132.45.200',
  'user-agent' => 'Mozilla/5.0 chrome(windows nt/Windows NT;)Chrome',
  'content-type' => '',
  'content-length' => '',
)
[ info ] [ PARAM ] array (
)
[ info ] null
---------------------------------------------------------------

[2020-07-04T07:12:00+08:00] 172.104.76.123 GET 101.132.45.200:443/
[运行时间：0.004501s] [吞吐率：222.18req/s] [内存消耗：861.29kb] [文件加载：188]
[ info ] [ LANG ] /var/www/mishop/thinkphp/lang/zh-cn.php
[ info ] [ ROUTE ] array (
)
[ info ] [ HEADER ] array (
  'connection' => 'close',
  'user-agent' => 'Mozilla/5.0 AppleWebKit/537.36 (KHTML, like Gecko) Mobile Safari/537.36 (compatible; Bytespider; https://zhanzhang.toutiao.com/)',
  'host' => '101.132.45.200:443',
  'content-type' => '',
  'content-length' => '',
)
[ info ] [ PARAM ] array (
)
[ info ] null
---------------------------------------------------------------

[2020-07-04T07:32:44+08:00] 223.71.167.164 GET 101.132.45.200:443/
[运行时间：0.004429s] [吞吐率：225.79req/s] [内存消耗：861.66kb] [文件加载：188]
[ info ] [ LANG ] /var/www/mishop/thinkphp/lang/zh-cn.php
[ info ] [ ROUTE ] array (
)
[ info ] [ HEADER ] array (
  'connection' => 'keep-alive',
  'accept' => '*/*',
  'user-agent' => 'Mozilla/5.0 (Macintosh; Intel Mac OS X 10.11; rv:47.0) Gecko/20100101 Firefox/47.0',
  'host' => '101.132.45.200:443',
  'content-type' => '',
  'content-length' => '',
)
[ info ] [ PARAM ] array (
)
[ info ] null
---------------------------------------------------------------

[2020-07-04T08:25:08+08:00] 192.241.219.171 GET 101.132.45.200/
[运行时间：0.004345s] [吞吐率：230.14req/s] [内存消耗：861.39kb] [文件加载：188]
[ info ] [ LANG ] /var/www/mishop/thinkphp/lang/zh-cn.php
[ info ] [ ROUTE ] array (
)
[ info ] [ HEADER ] array (
  'accept-encoding' => 'gzip',
  'accept' => '*/*',
  'user-agent' => 'Mozilla/5.0 zgrab/0.x',
  'host' => '101.132.45.200',
  'content-type' => '',
  'content-length' => '',
)
[ info ] [ PARAM ] array (
)
[ info ] null
---------------------------------------------------------------

[2020-07-04T08:27:05+08:00] 213.32.122.82 GET 101.132.45.200/
[运行时间：0.005629s] [吞吐率：177.65req/s] [内存消耗：861.18kb] [文件加载：188]
[ info ] [ LANG ] /var/www/mishop/thinkphp/lang/zh-cn.php
[ info ] [ ROUTE ] array (
)
[ info ] [ HEADER ] array (
  'host' => '101.132.45.200',
  'connection' => 'close',
  'user-agent' => 'Mozilla/5.0 (Windows NT 6.1) AppleWebKit/537.36 (KHTML, like Gecko) Chrome/41.0.2228.0 Safari/537.36',
  'content-type' => '',
  'content-length' => '',
)
[ info ] [ PARAM ] array (
)
[ info ] null
---------------------------------------------------------------

[2020-07-04T08:58:24+08:00] 216.218.206.69 GET 101.132.45.200/
[运行时间：0.004454s] [吞吐率：224.51req/s] [内存消耗：859.82kb] [文件加载：188]
[ info ] [ LANG ] /var/www/mishop/thinkphp/lang/zh-cn.php
[ info ] [ ROUTE ] array (
)
[ info ] [ HEADER ] array (
  'host' => '101.132.45.200',
  'content-type' => '',
  'content-length' => '',
)
[ info ] [ PARAM ] array (
)
[ info ] null
---------------------------------------------------------------

[2020-07-04T09:24:38+08:00] 101.251.238.50 GET 101.132.45.200:443/
[运行时间：0.004438s] [吞吐率：225.32req/s] [内存消耗：862.98kb] [文件加载：188]
[ info ] [ LANG ] /var/www/mishop/thinkphp/lang/zh-cn.php
[ info ] [ ROUTE ] array (
)
[ info ] [ HEADER ] array (
  'accept' => 'application/json, text/plain, */*',
  'accept-charset' => 'GBK,utf-8;q=0.7,*;q=0.3',
  'accept-language' => 'zh-CN,zh;q=0.8,en-US;q=0.5,en;q=0.3',
  'accept-encoding' => 'gzip, deflate, br',
  'user-agent' => 'Mozilla/5.0 (Windows NT 6.1; WOW64; rv:52.0) Gecko/20100101 Firefox/52.0',
  'host' => '101.132.45.200:443',
  'content-type' => '',
  'content-length' => '',
)
[ info ] [ PARAM ] array (
)
[ info ] null
---------------------------------------------------------------

[2020-07-04T09:59:19+08:00] 183.136.225.57 GET 101.132.45.200/
[运行时间：0.004622s] [吞吐率：216.35req/s] [内存消耗：861.61kb] [文件加载：188]
[ info ] [ LANG ] /var/www/mishop/thinkphp/lang/zh-cn.php
[ info ] [ ROUTE ] array (
)
[ info ] [ HEADER ] array (
  'connection' => 'keep-alive',
  'accept' => '*/*',
  'user-agent' => 'Mozilla/5.0 (Macintosh; Intel Mac OS X 10.11; rv:47.0) Gecko/20100101 Firefox/47.0',
  'host' => '101.132.45.200',
  'content-type' => '',
  'content-length' => '',
)
[ info ] [ PARAM ] array (
)
[ info ] null
---------------------------------------------------------------

[2020-07-04T12:27:30+08:00] 172.104.76.123 GET 101.132.45.200:443/
[运行时间：0.004652s] [吞吐率：214.96req/s] [内存消耗：861.29kb] [文件加载：188]
[ info ] [ LANG ] /var/www/mishop/thinkphp/lang/zh-cn.php
[ info ] [ ROUTE ] array (
)
[ info ] [ HEADER ] array (
  'connection' => 'close',
  'user-agent' => 'Mozilla/5.0 AppleWebKit/537.36 (KHTML, like Gecko) Mobile Safari/537.36 (compatible; Bytespider; https://zhanzhang.toutiao.com/)',
  'host' => '101.132.45.200:443',
  'content-type' => '',
  'content-length' => '',
)
[ info ] [ PARAM ] array (
)
[ info ] null
---------------------------------------------------------------

[2020-07-04T15:23:44+08:00] 139.162.116.133 GET 101.132.45.200/
[运行时间：0.004559s] [吞吐率：219.34req/s] [内存消耗：860.96kb] [文件加载：188]
[ info ] [ LANG ] /var/www/mishop/thinkphp/lang/zh-cn.php
[ info ] [ ROUTE ] array (
)
[ info ] [ HEADER ] array (
  'connection' => 'close',
  'user-agent' => 'HTTP Banner Detection (https://security.ipip.net)',
  'host' => '101.132.45.200',
  'content-type' => '',
  'content-length' => '',
)
[ info ] [ PARAM ] array (
)
[ info ] null
---------------------------------------------------------------

[2020-07-04T15:42:34+08:00] 139.162.145.250 GET 101.132.45.200/bag2
[运行时间：0.003428s] [吞吐率：291.72req/s] [内存消耗：522.77kb] [文件加载：109]
[ info ] [ LANG ] /var/www/mishop/thinkphp/lang/zh-cn.php
---------------------------------------------------------------

[2020-07-04T16:21:35+08:00] 172.104.76.123 GET 101.132.45.200:443/
[运行时间：0.004829s] [吞吐率：207.07req/s] [内存消耗：861.29kb] [文件加载：188]
[ info ] [ LANG ] /var/www/mishop/thinkphp/lang/zh-cn.php
[ info ] [ ROUTE ] array (
)
[ info ] [ HEADER ] array (
  'connection' => 'close',
  'user-agent' => 'Mozilla/5.0 AppleWebKit/537.36 (KHTML, like Gecko) Mobile Safari/537.36 (compatible; Bytespider; https://zhanzhang.toutiao.com/)',
  'host' => '101.132.45.200:443',
  'content-type' => '',
  'content-length' => '',
)
[ info ] [ PARAM ] array (
)
[ info ] null
---------------------------------------------------------------

[2020-07-04T16:34:59+08:00] 192.35.168.219 GET 101.132.45.200:443/
[运行时间：0.004799s] [吞吐率：208.38req/s] [内存消耗：859.90kb] [文件加载：188]
[ info ] [ LANG ] /var/www/mishop/thinkphp/lang/zh-cn.php
[ info ] [ ROUTE ] array (
)
[ info ] [ HEADER ] array (
  'host' => '101.132.45.200:443',
  'content-type' => '',
  'content-length' => '',
)
[ info ] [ PARAM ] array (
)
[ info ] null
---------------------------------------------------------------

[2020-07-04T16:35:00+08:00] 192.35.168.219 GET 101.132.45.200/
[运行时间：0.003382s] [吞吐率：295.69req/s] [内存消耗：861.39kb] [文件加载：188]
[ info ] [ LANG ] /var/www/mishop/thinkphp/lang/zh-cn.php
[ info ] [ ROUTE ] array (
)
[ info ] [ HEADER ] array (
  'accept-encoding' => 'gzip',
  'accept' => '*/*',
  'user-agent' => 'Mozilla/5.0 zgrab/0.x',
  'host' => '101.132.45.200',
  'content-type' => '',
  'content-length' => '',
)
[ info ] [ PARAM ] array (
)
[ info ] null
---------------------------------------------------------------

[2020-07-04T17:55:46+08:00] 192.241.227.246 GET 101.132.45.200/
[运行时间：0.004886s] [吞吐率：204.66req/s] [内存消耗：861.39kb] [文件加载：188]
[ info ] [ LANG ] /var/www/mishop/thinkphp/lang/zh-cn.php
[ info ] [ ROUTE ] array (
)
[ info ] [ HEADER ] array (
  'accept-encoding' => 'gzip',
  'accept' => '*/*',
  'user-agent' => 'Mozilla/5.0 zgrab/0.x',
  'host' => '101.132.45.200',
  'content-type' => '',
  'content-length' => '',
)
[ info ] [ PARAM ] array (
)
[ info ] null
---------------------------------------------------------------

[2020-07-04T19:22:04+08:00] 172.104.76.123 GET 101.132.45.200:443/
[运行时间：0.004366s] [吞吐率：229.05req/s] [内存消耗：861.29kb] [文件加载：188]
[ info ] [ LANG ] /var/www/mishop/thinkphp/lang/zh-cn.php
[ info ] [ ROUTE ] array (
)
[ info ] [ HEADER ] array (
  'connection' => 'close',
  'user-agent' => 'Mozilla/5.0 AppleWebKit/537.36 (KHTML, like Gecko) Mobile Safari/537.36 (compatible; Bytespider; https://zhanzhang.toutiao.com/)',
  'host' => '101.132.45.200:443',
  'content-type' => '',
  'content-length' => '',
)
[ info ] [ PARAM ] array (
)
[ info ] null
---------------------------------------------------------------

[2020-07-04T19:37:22+08:00] 172.105.89.161 POST 101.132.45.200/ajax
[运行时间：0.003245s] [吞吐率：308.16req/s] [内存消耗：521.74kb] [文件加载：109]
[ info ] [ LANG ] /var/www/mishop/thinkphp/lang/zh-cn.php
---------------------------------------------------------------

[2020-07-04T20:16:43+08:00] 141.98.10.133 GET 101.132.45.200:443/
[运行时间：0.005156s] [吞吐率：193.95req/s] [内存消耗：861.47kb] [文件加载：188]
[ info ] [ LANG ] /var/www/mishop/thinkphp/lang/zh-cn.php
[ info ] [ ROUTE ] array (
)
[ info ] [ HEADER ] array (
  'user-agent' => 'libwww-perl/6.44',
  'host' => '101.132.45.200:443',
  'connection' => 'TE, close',
  'te' => 'deflate,gzip;q=0.3',
  'content-type' => '',
  'content-length' => '',
)
[ info ] [ PARAM ] array (
)
[ info ] null
---------------------------------------------------------------

[2020-07-04T22:19:39+08:00] 74.70.25.26 POST 101.132.45.200/
[运行时间：0.004503s] [吞吐率：222.07req/s] [内存消耗：863.13kb] [文件加载：188]
[ info ] [ LANG ] /var/www/mishop/thinkphp/lang/zh-cn.php
[ info ] [ ROUTE ] array (
)
[ info ] [ HEADER ] array (
  'cache-control' => 'no-cache',
  'content-length' => '380',
  'host' => '101.132.45.200',
  'user-agent' => 'Mozilla/5.0 (Windows NT 6.1; Trident/7.0; rv:11.0) like Gecko',
  'content-type' => 'application/x-www-form-urlencoded',
)
[ info ] [ PARAM ] array (
  'RKFYyY/BYwLd3izxSPbjPCW_ZB4QsfGISYmSCSn59PBb7xq0w0q0zZJxHXBg4ChHgfk1ArOTK3a_y79RH4T023Fqm4oSdX9tmEzKzrHdJeIR1TKdzlyWB06a0Xq3oweDHCa6LG3ayP9ZN2DEvCqG4Rq8BI/kkJWmNDfxDiQl7xDdUD0bf6tOClmlN5C3YyLRMj5EURW1LzSVmKhTSCtL_ZYpreXXsebPJ_K_6y9R74SGYZhc4o3tlBrA3Buj/YMysTioIZDxEglHT03DU_Ah2eN1LVbaJ53bcAvISMTGQZMliidFjM7N5WSI2fKDcArb15b98JqAgQetviiYj1Ea79SAAr6NrTLQjF5D8ouSJvd8f0Tb0n6Y32/AvQ' => '=',
)
[ info ] null
---------------------------------------------------------------

[2020-07-04T22:21:42+08:00] 74.70.25.26 POST 101.132.45.200/
[运行时间：0.004363s] [吞吐率：229.21req/s] [内存消耗：863.63kb] [文件加载：188]
[ info ] [ LANG ] /var/www/mishop/thinkphp/lang/zh-cn.php
[ info ] [ ROUTE ] array (
)
[ info ] [ HEADER ] array (
  'cookie' => 'PHPSESSID=nha58kok4nkj1jupg9usvhb2bh',
  'cache-control' => 'no-cache',
  'content-length' => '388',
  'host' => '101.132.45.200',
  'user-agent' => 'Mozilla/5.0 (Windows NT 6.1; Trident/7.0; rv:11.0) like Gecko',
  'content-type' => 'application/x-www-form-urlencoded',
)
[ info ] [ PARAM ] array (
  'RfYPkNvLZ3ix6UFsKl24rbei5W2Z6hSw9yXDLvBXiw9UBO1uYRbXj_5AWpkRjm1HXEyabLoX7D2TLC_EQ3bP1fhfKAi3sGR4kpnyvUfJ2160FViVm/jFusgtV1oGVFH5dZVmpIDiuSypgq5y8L20w_qu/dI2TouiVkjFKTw1c1JypL7bSwbAskI_XhQolns_CY/gz76FGHSu7HrXEzLJUw2R_luoEsd6q7ziQa9JNGyOleOfFOtSnhLEJXbwQkbmVbPnSaWPw_YoPXm7RUTnUdXZe5xYejtwHiRPqzLex33p4B8vo9CtrNxwNxua4SNfc4LS_aV0VDBauH2MdHTbMG0xi8Wi20VPIQauBkO8bGPQPiQY3NhZasEa83nisTOwY50' => '',
)
[ info ] null
---------------------------------------------------------------

[2020-07-04T22:23:44+08:00] 74.70.25.26 POST 101.132.45.200/
[运行时间：0.004414s] [吞吐率：226.55req/s] [内存消耗：863.44kb] [文件加载：188]
[ info ] [ LANG ] /var/www/mishop/thinkphp/lang/zh-cn.php
[ info ] [ ROUTE ] array (
)
[ info ] [ HEADER ] array (
  'cookie' => 'PHPSESSID=nha58kok4nkj1jupg9usvhb2bh',
  'cache-control' => 'no-cache',
  'content-length' => '356',
  'host' => '101.132.45.200',
  'user-agent' => 'Mozilla/5.0 (Windows NT 6.1; Trident/7.0; rv:11.0) like Gecko',
  'content-type' => 'application/x-www-form-urlencoded',
)
[ info ] [ PARAM ] array (
  'Qqdaw47BbNAGdDJRSuvebZNI_AeAwEu6C0x0hC06ryB4BOKr6TucwsUeOTR0sR2twktseTEvAmuutTij1M51VJdXHJVwKZNVfFS4sfSmEAEUqNQZx3qU9dvUyK9uS0efX2UF5us/RJ0eCd7EBjIvzYNjbECLxoY/38eAHiKrSzzihy4Lsw314wSUsMazpi05DlTvQEmN_kG5gWrN9zRqyE_/9FBSS5KiaKx18VF3wKRZZwkuOvUarIU5FFN6l3csNJGGrxZizlaWHtJ42LHA3iL_8/pGoS4yrFHGDft8dOBoxZYY0oNHB8DOc5x/Xj4D_S/KbtE4_a0pt3wdBDu6litLWdKXlucvXdE' => '',
)
[ info ] null
---------------------------------------------------------------

[2020-07-04T22:25:46+08:00] 74.70.25.26 POST 101.132.45.200/
[运行时间：0.004448s] [吞吐率：224.82req/s] [内存消耗：863.69kb] [文件加载：188]
[ info ] [ LANG ] /var/www/mishop/thinkphp/lang/zh-cn.php
[ info ] [ ROUTE ] array (
)
[ info ] [ HEADER ] array (
  'cookie' => 'PHPSESSID=nha58kok4nkj1jupg9usvhb2bh',
  'cache-control' => 'no-cache',
  'content-length' => '408',
  'host' => '101.132.45.200',
  'user-agent' => 'Mozilla/5.0 (Windows NT 6.1; Trident/7.0; rv:11.0) like Gecko',
  'content-type' => 'application/x-www-form-urlencoded',
)
[ info ] [ PARAM ] array (
  'Q6EKlNrLNjyUrIe9Wzyd08ofGkMVaXM249p1sBq4L74mBXktB9RV_mpBu_rADmC3sqYQIlPqngoxireHVM_qrEZ07Jg2lg_OrseQLbAhlE95TNmL6B5G26DolFllPiXnjSb1rp2u8D3E42/Ju1sOZ6UIDaqxDLkXPwEMIc0ICkn4JnBKvlAH7zYoM2gRvvTzp0Z5YxG4UNkIZPNdtDa/LM7iBfJRpQrWtgKINUFdEmpibct7dLODMgpMG9NHVY7OvufxlWbKxc9Q7R9feKrvq1R0LIvlnJTYq5nCpqf_z2wzYqPfI_dZmTCrMZd4vlXPrpkE4xN7FtSEWtfTA0Yf4h50ee2qLEjZtqqBRQJ/_Hgmn7yiK9/BKzTuwrNV9gtZx1lw24QUxOyyi6gWw0v9Sms' => '',
)
[ info ] null
---------------------------------------------------------------

[2020-07-04T22:27:49+08:00] 74.70.25.26 POST 101.132.45.200/
[运行时间：0.004348s] [吞吐率：230.00req/s] [内存消耗：863.56kb] [文件加载：188]
[ info ] [ LANG ] /var/www/mishop/thinkphp/lang/zh-cn.php
[ info ] [ ROUTE ] array (
)
[ info ] [ HEADER ] array (
  'cookie' => 'PHPSESSID=nha58kok4nkj1jupg9usvhb2bh',
  'cache-control' => 'no-cache',
  'content-length' => '376',
  'host' => '101.132.45.200',
  'user-agent' => 'Mozilla/5.0 (Windows NT 6.1; Trident/7.0; rv:11.0) like Gecko',
  'content-type' => 'application/x-www-form-urlencoded',
)
[ info ] [ PARAM ] array (
  'FvcKwNPKZqWjkEoAgfw7TuUU42sMghJHSJlNYMhkV6ocx1qya/FpRSgErYUPtO/Bx2mMBr8pa5vCSUvW_2la3y1nXb29J_e4UxEIusHY616NHBZpTgA2oBUKSEdy/8b4h3nKrLRaQmjJLGyjjBkpZlDee4kqKAR8gyG31P_t_xxGzXHk28/GpF7loioLjVRNkFUoR88kQzLa2jNgOBFXlc7Qeo18/t4g6xJbyoRNXAlx6FX81YCwag3dDiRml1VC2NWwHbpa61t9cbTWC9wosil0DkpYMkHHLLsN/9Pcj4jOsjRuf63p6Q99GrWm1/i/6vIRN1kN8I0AZBdb71ZS7nYccLvPhvkN3qWEO90ZUiziPiOzwcg7bA' => '=',
)
[ info ] null
---------------------------------------------------------------

[2020-07-04T22:29:52+08:00] 74.70.25.26 POST 101.132.45.200/
[运行时间：0.004494s] [吞吐率：222.52req/s] [内存消耗：863.81kb] [文件加载：188]
[ info ] [ LANG ] /var/www/mishop/thinkphp/lang/zh-cn.php
[ info ] [ ROUTE ] array (
)
[ info ] [ HEADER ] array (
  'cookie' => 'PHPSESSID=nha58kok4nkj1jupg9usvhb2bh',
  'cache-control' => 'no-cache',
  'content-length' => '412',
  'host' => '101.132.45.200',
  'user-agent' => 'Mozilla/5.0 (Windows NT 6.1; Trident/7.0; rv:11.0) like Gecko',
  'content-type' => 'application/x-www-form-urlencoded',
)
[ info ] [ PARAM ] array (
  'QKMNk4jBZ_hxdGy6trpgbtN875AXTFv85vAhSAY3GVg1qMd1ZawvvWNDoEdx1PfovXnqUlqgf9HY6ZObtNTQyTl5vmeRXYTEA_fsEhvZnazxmc25ZhEj9E1qqjyIbQhUgqA5Phu/NwjQaQ/P1xYq0h2I4AwzK9jTYt5bcfmyHhTw6DU7soPqxrezd0YLg7R1W6v7qomULKySVrlIntZhJ4uZDdzumx1O1PXog8Cbm7SvrdP0rCYD9xMxQmjA3piQ1_cqCKD8xrV5XnpaBdblG58E0Sl/2wpfDeRbvB1sm35S_Lk/6PtOdM3AzHXsHBzGHYaHrO17In3Bx9ECdblLHlfJtULWxkFkPkS0s2yP/_bepk43/TWcPFshposRIRZnEyz5_fs8is7bHuzmVCsHlYTnIBmI' => '',
)
[ info ] null
---------------------------------------------------------------

[2020-07-04T22:31:54+08:00] 74.70.25.26 POST 101.132.45.200/
[运行时间：0.004297s] [吞吐率：232.72req/s] [内存消耗：863.69kb] [文件加载：188]
[ info ] [ LANG ] /var/www/mishop/thinkphp/lang/zh-cn.php
[ info ] [ ROUTE ] array (
)
[ info ] [ HEADER ] array (
  'cookie' => 'PHPSESSID=nha58kok4nkj1jupg9usvhb2bh',
  'cache-control' => 'no-cache',
  'content-length' => '408',
  'host' => '101.132.45.200',
  'user-agent' => 'Mozilla/5.0 (Windows NT 6.1; Trident/7.0; rv:11.0) like Gecko',
  'content-type' => 'application/x-www-form-urlencoded',
)
[ info ] [ PARAM ] array (
  'QKFek4zNbCrdN3GEyIWLH8BtNqHGAB38pFXKgC2pC6bhFMEwXPI/qNnQkWfnw44nW3o9GA2Trn3690DmGCc6v41B_7a8p/o8HTJLHRP6iYWtxVDroGoLW1nJy1ZV2sPz0LJlEJyd5/Z5pHj9yeGnKgqveGoNFpqgyrfQJvMDxxAL87F9oPAwUQ8skZdQJW0KMKcOFqEg3UJwJmhbAPEu8FUjV00jQSptQc81C0pTdHn7zUU8d1CsH992NZ1zak9yuQTAawHNQyLg1aVTunoxQIDs7h72kJ9ZYlLuTSo223iSbzfJuPGVZkjOceDtddo62jqfn/2RfkK1PzJLzmNpNgRDKI9W1RpE08s7A_ZVqOBLekcQ9dIsE301E_N/1nmF/2Z8pI0LbSIaIZNwgm7b2dRP' => '',
)
[ info ] null
---------------------------------------------------------------

[2020-07-04T22:33:56+08:00] 74.70.25.26 POST 101.132.45.200/
[运行时间：0.004602s] [吞吐率：217.30req/s] [内存消耗：863.94kb] [文件加载：188]
[ info ] [ LANG ] /var/www/mishop/thinkphp/lang/zh-cn.php
[ info ] [ ROUTE ] array (
)
[ info ] [ HEADER ] array (
  'cookie' => 'PHPSESSID=nha58kok4nkj1jupg9usvhb2bh',
  'cache-control' => 'no-cache',
  'content-length' => '436',
  'host' => '101.132.45.200',
  'user-agent' => 'Mozilla/5.0 (Windows NT 6.1; Trident/7.0; rv:11.0) like Gecko',
  'content-type' => 'application/x-www-form-urlencoded',
)
[ info ] [ PARAM ] array (
  'EaVclNKeY2_ST4j2QLacaomCOICVsDMrFZ6i3J9FrOEjBj5erou/TH/cxbNTg9wRuc7FpGKvUnbBIzW8Z7xJftadGd9PNaV3ziMuNut83Gg3t7n1QET/JW6TUTxtD5oG8u2PM1kQm9yUhyZjlooFVqjvCO1imrEgpEAvXrYmn/4NLi2mFPxCB8BjZ5QtwLI0H8uvJ5FZSGPAmow2/p_bbrzheIxf6feD721wDrhJOTw_Jvzcpvf5XMaLD8e5XG_ezeYYtoyvHdeYTWmUFJjvaS79qYuFarT1eTMsI1heViVugJohYY_7fsyTArGBMq3pe_QuYi4EGiEgPonA4sveHz51grCK3nlo9Ui4tilC75MuqD3WgOIjvbNwfzt7SUAzZL2ZhXxD3eXw9TwTMe7Dej0hbsj09q10NaemXERG_zYBDcm2GzuF' => '',
)
[ info ] null
---------------------------------------------------------------

[2020-07-04T22:35:59+08:00] 74.70.25.26 POST 101.132.45.200/
[运行时间：0.004379s] [吞吐率：228.36req/s] [内存消耗：863.56kb] [文件加载：188]
[ info ] [ LANG ] /var/www/mishop/thinkphp/lang/zh-cn.php
[ info ] [ ROUTE ] array (
)
[ info ] [ HEADER ] array (
  'cookie' => 'PHPSESSID=nha58kok4nkj1jupg9usvhb2bh',
  'cache-control' => 'no-cache',
  'content-length' => '380',
  'host' => '101.132.45.200',
  'user-agent' => 'Mozilla/5.0 (Windows NT 6.1; Trident/7.0; rv:11.0) like Gecko',
  'content-type' => 'application/x-www-form-urlencoded',
)
[ info ] [ PARAM ] array (
  'RawLxd3OYZCWmH5ijq0xACNw5jMz6lQrNfajFn7/8tYhFB6W1WiSFXLPCQTghdbDLLWjk68CCWfHoTZyi7PvVD5mUsk/9/ulEWL0HTgEUsDTKmqFTPLR1jAP9GgrSlAgqLbyVaz3argL3fGMCH6G7MsuATL_EkQvQ/8mSaxwg7AtgNhyQjJpDH_R9YlpDxfP/U_EEtY6OyhegPIH9yP7N6ueOyD0UPf2Xcjlw_M4RfnVkM0iTGKsjczL9Y7QJvSMm4b2LFWvOlnzpKqL6z4x68tlQlov2Cd4ynAeu67aUXUz9o_TcZsfsZho1sTYhIFSqLgVXNCqjUdrP9FDYQqGNx2cB0V8bSvlIpqZ0b9oM5eozZ4fdFWSC/qMCb4' => '',
)
[ info ] null
---------------------------------------------------------------

[2020-07-04T22:38:01+08:00] 74.70.25.26 POST 101.132.45.200/
[运行时间：0.004384s] [吞吐率：228.10req/s] [内存消耗：863.69kb] [文件加载：188]
[ info ] [ LANG ] /var/www/mishop/thinkphp/lang/zh-cn.php
[ info ] [ ROUTE ] array (
)
[ info ] [ HEADER ] array (
  'cookie' => 'PHPSESSID=nha58kok4nkj1jupg9usvhb2bh',
  'cache-control' => 'no-cache',
  'content-length' => '400',
  'host' => '101.132.45.200',
  'user-agent' => 'Mozilla/5.0 (Windows NT 6.1; Trident/7.0; rv:11.0) like Gecko',
  'content-type' => 'application/x-www-form-urlencoded',
)
[ info ] [ PARAM ] array (
  'QaQMx46eYEEsfZefP8PAdz/taN8Fbd0Pt4Y/h6T5PgSFl3FxsTtQPIbO27TzZkai5DLMa4JbZypc5/8VRfyOLa8blle4gozWY8yw5NlJ82oI8feW22GdmX5X5VZzT0W0IzPzPYOAyK0GYcjGEgV6lUkmQlq_NnYO_iwquNeTj1NBMVVVU17HVD3Ly9Ui2MjWgP3HAy0sHL9p/z/NLfULk8tDmWqrHWuvw_HnP1hsvRc5Em5OuhmZAfBXEgu6HH5UnOR2ZuSBrk61JeUKp5Hv5_5SLa0BTPYEQeexW0XBgn8Vh5jIzirQ_SEPzkRCPjlCiBzqWrsnyyyG4QXFcwoo2j55KdFPVA15430aBeYQVYhmQ7LYVireduQwcRlHZ3WLovGPPiJGWSOv23YF' => '',
)
[ info ] null
---------------------------------------------------------------

[2020-07-04T22:40:04+08:00] 74.70.25.26 POST 101.132.45.200/
[运行时间：0.004356s] [吞吐率：229.56req/s] [内存消耗：863.44kb] [文件加载：188]
[ info ] [ LANG ] /var/www/mishop/thinkphp/lang/zh-cn.php
[ info ] [ ROUTE ] array (
)
[ info ] [ HEADER ] array (
  'cookie' => 'PHPSESSID=nha58kok4nkj1jupg9usvhb2bh',
  'cache-control' => 'no-cache',
  'content-length' => '356',
  'host' => '101.132.45.200',
  'user-agent' => 'Mozilla/5.0 (Windows NT 6.1; Trident/7.0; rv:11.0) like Gecko',
  'content-type' => 'application/x-www-form-urlencoded',
)
[ info ] [ PARAM ] array (
  'Q/dXwNLBZAkTvFT/3wvnAVlufBDPSk446h9t/e3UF85yakaTyf7AXNm9_azBYftY7adxX_z2hJj9gYucVVhyLZMima_/xWKL/kmGuv19Mus0lUw8HJ_WL_KuVxDjcPUzN9NpF3I6gIjF7uJ2/R9yM1yFOl9QX/Wg_jmaQdXZEJfZ1vlwrtPguh5smpDQGYcW12DG8RhRJUBR2WewIE29aty7PNgOIcDmXpMkwzsqfynFpP1cycnkdf_fF7B4r85adrOpumlqaT3/AA6Fdk5S2V47AOfeLl/3QoY1s1uk8MKHUCeJC9zihFMIbmJ699jY2LzyE4xD16Xxphn9faRXn6_UAyGQDKPvX6A' => '',
)
[ info ] null
---------------------------------------------------------------

[2020-07-04T22:42:06+08:00] 74.70.25.26 POST 101.132.45.200/
[运行时间：0.004494s] [吞吐率：222.51req/s] [内存消耗：863.56kb] [文件加载：188]
[ info ] [ LANG ] /var/www/mishop/thinkphp/lang/zh-cn.php
[ info ] [ ROUTE ] array (
)
[ info ] [ HEADER ] array (
  'cookie' => 'PHPSESSID=nha58kok4nkj1jupg9usvhb2bh',
  'cache-control' => 'no-cache',
  'content-length' => '368',
  'host' => '101.132.45.200',
  'user-agent' => 'Mozilla/5.0 (Windows NT 6.1; Trident/7.0; rv:11.0) like Gecko',
  'content-type' => 'application/x-www-form-urlencoded',
)
[ info ] [ PARAM ] array (
  'RaNblYjJYUmQunLASnkxW_rOdbQCfZakmi34c69zf84ASsvrx/URLT_lzit0cKujlDFMV970h7F1Zp92YE2rixaE2UwJD_EgGdl7nwyp8cktcBFboy4e1ZuyzjIMQlrDDxcv0GeZeaO8cA3TfEV3SegbK7LisFxptDi3wgcmNX/t7Kv4u7ZqX3uJ4ZXEvDGCF9/9pO2bwSWuOSctDCM84DRTdV7AeQZI6zFugfJjmMQIrJ2VzlPuSVNF9Vg/Qn9lIt6opob/bwqxHJuV1W4g_OWUFFXm9k5K8vJky28wCC1rqwfiqiTsPBA_v6m5EFN5rQ1UjpjCk5RuINjg//a_6OreC2SUQlkZlc1loTPjVE9/Hw' => '=',
)
[ info ] null
---------------------------------------------------------------

[2020-07-04T22:44:09+08:00] 74.70.25.26 POST 101.132.45.200/
[运行时间：0.004642s] [吞吐率：215.42req/s] [内存消耗：863.44kb] [文件加载：188]
[ info ] [ LANG ] /var/www/mishop/thinkphp/lang/zh-cn.php
[ info ] [ ROUTE ] array (
)
[ info ] [ HEADER ] array (
  'cookie' => 'PHPSESSID=nha58kok4nkj1jupg9usvhb2bh',
  'cache-control' => 'no-cache',
  'content-length' => '356',
  'host' => '101.132.45.200',
  'user-agent' => 'Mozilla/5.0 (Windows NT 6.1; Trident/7.0; rv:11.0) like Gecko',
  'content-type' => 'application/x-www-form-urlencoded',
)
[ info ] [ PARAM ] array (
  'FqFbkNucNc9qCjoWd8iuHyaBwDuOSQuMPWPKmIdR6ekL6R2sJ5JVIEnbhkm0dFULtPUnEJfhGW2kCNIMI9eWziDdCKdMcCvQnZt1k96kNNW1SWLTpJ8PUpITMlWEXFEYEFdolUzG4UYWVDBvYL19XbWeku49I6uBMk21K3oJPyBCcFzyZneUE0GbDZMbVrxc9robIFpP7pRN85miGWqI7uRHFFSmOB6W9Yew5hrkKdiK_fjIWaqOWa/AQ70UyQRUYrPA3MmmpS5Dvhq6756WTSl/1UPl40SbfafDuF4v8xLRnGE6crUBzEShO5Ocny9Wh3_cnubPAOP7Ro8jhbhkMpfi/_CFMje_jaPJ' => '',
)
[ info ] null
---------------------------------------------------------------

[2020-07-04T22:46:11+08:00] 74.70.25.26 POST 101.132.45.200/
[运行时间：0.004439s] [吞吐率：225.27req/s] [内存消耗：863.44kb] [文件加载：188]
[ info ] [ LANG ] /var/www/mishop/thinkphp/lang/zh-cn.php
[ info ] [ ROUTE ] array (
)
[ info ] [ HEADER ] array (
  'cookie' => 'PHPSESSID=nha58kok4nkj1jupg9usvhb2bh',
  'cache-control' => 'no-cache',
  'content-length' => '356',
  'host' => '101.132.45.200',
  'user-agent' => 'Mozilla/5.0 (Windows NT 6.1; Trident/7.0; rv:11.0) like Gecko',
  'content-type' => 'application/x-www-form-urlencoded',
)
[ info ] [ PARAM ] array (
  'EK1XwIiZbEjUrjooYWgnQ1Ala8tth1rRkesVPdWSq7fmSfOk2kY68wHl6YnbDYxEPh63sGAnptatg6HxXlOumVSfYCroL2KEPa6xCRWsxECk3eq7vT6_rHU4hx60o9j4Dj3X7FAXdEYT5lRft_h6mt3kKvuOq9cRYnMLK2Q3r1ZSwzGyVKBnJTyFJsw7jfVklVAquLDgaN1myr6f6m8ZauND8OuW6ppr6BqQi5FlLWnOPm3KMcfmP3cE1nXvrM4fCDhsQz/Vrq9LJCMVs0fE3Ydkrtd8XPL__7igVoJfPq5fJ/SEfb_0z8HjbJl53vu5JfsJ5kADzldPFCyCXn9itLHLOnCIPfpwhaw' => '',
)
[ info ] null
---------------------------------------------------------------

[2020-07-04T22:48:13+08:00] 74.70.25.26 POST 101.132.45.200/
[运行时间：0.004709s] [吞吐率：212.36req/s] [内存消耗：863.44kb] [文件加载：188]
[ info ] [ LANG ] /var/www/mishop/thinkphp/lang/zh-cn.php
[ info ] [ ROUTE ] array (
)
[ info ] [ HEADER ] array (
  'cookie' => 'PHPSESSID=nha58kok4nkj1jupg9usvhb2bh',
  'cache-control' => 'no-cache',
  'content-length' => '356',
  'host' => '101.132.45.200',
  'user-agent' => 'Mozilla/5.0 (Windows NT 6.1; Trident/7.0; rv:11.0) like Gecko',
  'content-type' => 'application/x-www-form-urlencoded',
)
[ info ] [ PARAM ] array (
  'S6MPlN7JbBB4q_rA7a9D/Engs47Ily_qQrwMIdik7UFQ1gmg4zVN/egMvemFXOBcFXXRVwENQKUmgQ0eH94jjUdd_J10jiRordmeaapDE_f9duqOwaz2EkNVbbszYgtF0OiwoPB93uTAAF5SkPh3wUg3WffTOaeIUjyrc_K3hiZYVazZTRPmG9DNbSB6rBbl/nQJJJfOkS9T_/otBfhCV_3rvSj1gChb6CiuIvnQ4njSafzpfi/I1JinkcRIuE6BTDmN2r8389Bk1K6XONI56371/zdbSaVX3LBLJZKyA/fV4DBSRzz_UnsU_ceAAXAAbRmqCd3_8H4OUc//jjweTAx9MdcPFRRz7Knr' => '',
)
[ info ] null
---------------------------------------------------------------

[2020-07-04T22:50:16+08:00] 74.70.25.26 POST 101.132.45.200/
[运行时间：0.004419s] [吞吐率：226.29req/s] [内存消耗：863.56kb] [文件加载：188]
[ info ] [ LANG ] /var/www/mishop/thinkphp/lang/zh-cn.php
[ info ] [ ROUTE ] array (
)
[ info ] [ HEADER ] array (
  'cookie' => 'PHPSESSID=nha58kok4nkj1jupg9usvhb2bh',
  'cache-control' => 'no-cache',
  'content-length' => '368',
  'host' => '101.132.45.200',
  'user-agent' => 'Mozilla/5.0 (Windows NT 6.1; Trident/7.0; rv:11.0) like Gecko',
  'content-type' => 'application/x-www-form-urlencoded',
)
[ info ] [ PARAM ] array (
  'FqFbkNnBZRK9p5sAEbVnb8dSRNo6x1r69C4e5GrHn5a7Mnx4olIIgKOHz2wFRDlb7QKNfCjrG5tUEhxYmfTU0Yvs1AZKZC1X9QEImDiQcaVUAjdvT2BUIOnIVr3L2dVw2Ob75xUsZ5SOffJhklSUdrZ8fxDwTam6p4Ga5Vb67AqRQa2cjgsJZZwPthGuk5kOoDFjHgHDgeZqQm1KOB8M5R6gZPGunCU6UHXGdNqPdY73sISo7u1B/klYqB3lYVMZuu/_gssEqSD5NERpdD3fMIlCVmEuyrNblOyAbbArLEdlz8L/mydVBEHoEyuZnE0KJb53MyrVwjxgtf8JbCiKRhnhVhTzYlMrFFwV1sXIWz2WYQ' => '=',
)
[ info ] null
---------------------------------------------------------------

[2020-07-04T22:52:18+08:00] 74.70.25.26 POST 101.132.45.200/
[运行时间：0.004410s] [吞吐率：226.76req/s] [内存消耗：863.69kb] [文件加载：188]
[ info ] [ LANG ] /var/www/mishop/thinkphp/lang/zh-cn.php
[ info ] [ ROUTE ] array (
)
[ info ] [ HEADER ] array (
  'cookie' => 'PHPSESSID=nha58kok4nkj1jupg9usvhb2bh',
  'cache-control' => 'no-cache',
  'content-length' => '396',
  'host' => '101.132.45.200',
  'user-agent' => 'Mozilla/5.0 (Windows NT 6.1; Trident/7.0; rv:11.0) like Gecko',
  'content-type' => 'application/x-www-form-urlencoded',
)
[ info ] [ PARAM ] array (
  'FvMNw9OdYPTRI3uWsK8rBzJ2Q7Mq7uITwptNhbATxaZe63pkV0RIgz_qBuK2fQiAH1AZ2gmWM8LyOYKDC9l7jpSY8jC7FfmUxJLsRcWyiwhlPon5K143VJYsjfvhz/2sIxveVjdibCU5IDxLiGLfD9MQ27Wg2agQEOcG79al3m5sPMcrrPu_J29MFN7_ABj7NKfAPHo6VY5xmlcOYevJtYT/OIACM19GuChdivIK3pxW7DQyzX_t85kMD43JnLXjUTX2eJ665snlMl5AKI0fzkcRBrkr_HrCE9GMcIVpSzcX35JUQsurQxQ3kLutpxUFYyMasrPK0jIVE2WNetSQDPulU6IG6UobkqYiOS1Zshi0nmg_bkoQfLJGgmELRS_ftrny7ufKiQ' => '=',
)
[ info ] null
---------------------------------------------------------------

[2020-07-04T22:54:21+08:00] 74.70.25.26 POST 101.132.45.200/
[运行时间：0.004324s] [吞吐率：231.27req/s] [内存消耗：863.94kb] [文件加载：188]
[ info ] [ LANG ] /var/www/mishop/thinkphp/lang/zh-cn.php
[ info ] [ ROUTE ] array (
)
[ info ] [ HEADER ] array (
  'cookie' => 'PHPSESSID=nha58kok4nkj1jupg9usvhb2bh',
  'cache-control' => 'no-cache',
  'content-length' => '432',
  'host' => '101.132.45.200',
  'user-agent' => 'Mozilla/5.0 (Windows NT 6.1; Trident/7.0; rv:11.0) like Gecko',
  'content-type' => 'application/x-www-form-urlencoded',
)
[ info ] [ PARAM ] array (
  'Q/dXl9PMZPZdRy/i8B6WUOxrE_4pQwrCvlXMUsi5iEpbwDQPdvzXgJz2LWOzRhZNOgBDLlK38HGTi2HbqNHGirbhHoZf/HnRYkIsOR7G8g7eNVieOZkkZGHr5uXzCqgopqGT60_TxgXdb5wxmtvTiqpjLq27ttreNzCcmjedKV9JuuUShbETbLkkv/w2M1fA_SmKOxoRLIPkCa5sY/0GxtYAqPs1ipHikjmzC4y4/bLez4l0bYWW/gwLEezC26572fp_2RUVtUV_E8YYrq9DroaBxvx40SRFGyRClCa32H1xgofIz/dC3eL1FUzj35/vnnukaeH8eRhnf_Kw59fsd9ZK9KdgvScc2m8ybd3t8q1lm_sDhV7q0YaE5gt10M9Hgh0js3ciwOm23SKwmQnek22bGi/cRVDOtZqsfvOaV1FYqQ' => '=',
)
[ info ] null
---------------------------------------------------------------

[2020-07-04T22:56:24+08:00] 74.70.25.26 POST 101.132.45.200/
[运行时间：0.004296s] [吞吐率：232.78req/s] [内存消耗：863.63kb] [文件加载：188]
[ info ] [ LANG ] /var/www/mishop/thinkphp/lang/zh-cn.php
[ info ] [ ROUTE ] array (
)
[ info ] [ HEADER ] array (
  'cookie' => 'PHPSESSID=nha58kok4nkj1jupg9usvhb2bh',
  'cache-control' => 'no-cache',
  'content-length' => '388',
  'host' => '101.132.45.200',
  'user-agent' => 'Mozilla/5.0 (Windows NT 6.1; Trident/7.0; rv:11.0) like Gecko',
  'content-type' => 'application/x-www-form-urlencoded',
)
[ info ] [ PARAM ] array (
  'F6ZWxovAYUtFrvUEltgB09aIY9NwiLGoSvEpVFmMHblEyJtGz1RFU/XYiCXIRUaIQD4yIUp4WTsPFONqvaUOBuwNVuTN784ZI709QGxyeZ/o0R6gral1_Wi2ZZ/Uu_6JQLhRwacbNICiLJTagy_RAhjcSuR9e7KSkqAyEsOUM7ZjgIarvKSii_Le5pdvJmRjs9LeWI0pcWDlDYaBIKiEcqzYNb_NLiTLiVKgJc62vgvTgNBmcbqhWRRSW8F17zAiF8w/OZE7WipZWPiHbbCK4trXNYFyfDBUcozPJT6rtbY_GUxykZlR_zBKuowS_rNCAt0iFhp/iyiKQtthrTuYJrkxg_YPxzFdd3peY9Nqp/uRb5T6fFM0DrLG7ov8ISly3p0' => '',
)
[ info ] null
---------------------------------------------------------------

[2020-07-04T22:58:26+08:00] 74.70.25.26 POST 101.132.45.200/
[运行时间：0.004503s] [吞吐率：222.07req/s] [内存消耗：863.69kb] [文件加载：188]
[ info ] [ LANG ] /var/www/mishop/thinkphp/lang/zh-cn.php
[ info ] [ ROUTE ] array (
)
[ info ] [ HEADER ] array (
  'cookie' => 'PHPSESSID=nha58kok4nkj1jupg9usvhb2bh',
  'cache-control' => 'no-cache',
  'content-length' => '400',
  'host' => '101.132.45.200',
  'user-agent' => 'Mozilla/5.0 (Windows NT 6.1; Trident/7.0; rv:11.0) like Gecko',
  'content-type' => 'application/x-www-form-urlencoded',
)
[ info ] [ PARAM ] array (
  'QaJYlIzAMQCnki1HtQm0BzIfkE9DqHw9rxRSwVXEkM5VcwPD0CcmTOOew90ind1/mr_G5FkoER4Vm5M/oRImRT4MaIqK08ZxRjwjtkQ2awjFoEhALWFpSx9aDSjn9zdCvp/wMcQe2wj3ZXZFD8AOl_XvXo_203Az6d/4WxWThAgMA5fU_xQIzoJ3kvxAjs_JGC1vhOBe3vJb1tSVBoIl31iy8zBGgF1Hon4VFDFNlteTYPLXjx8VeMrXUcK6D5cMO3ATYNJwJMW4X9t6xvE4ZAOcZeCaqvJoyidJscN_UsGEMSc5UFwWx_QwOyj0nOBQtZ2jHdjIiI4Ny_JdhI3V4K_3A_YFmlYGR9aiM8s6wfzYDig7kPuM1WOlCpOhkzmYLo/Xr6fXX88P/Ezf' => '',
)
[ info ] null
---------------------------------------------------------------

[2020-07-04T23:00:29+08:00] 74.70.25.26 POST 101.132.45.200/
[运行时间：0.004269s] [吞吐率：234.25req/s] [内存消耗：863.81kb] [文件加载：188]
[ info ] [ LANG ] /var/www/mishop/thinkphp/lang/zh-cn.php
[ info ] [ ROUTE ] array (
)
[ info ] [ HEADER ] array (
  'cookie' => 'PHPSESSID=nha58kok4nkj1jupg9usvhb2bh',
  'cache-control' => 'no-cache',
  'content-length' => '420',
  'host' => '101.132.45.200',
  'user-agent' => 'Mozilla/5.0 (Windows NT 6.1; Trident/7.0; rv:11.0) like Gecko',
  'content-type' => 'application/x-www-form-urlencoded',
)
[ info ] [ PARAM ] array (
  'EPRdyIjJZNjygCeJhueiUS5E5fdPdQ4LvTD3RghfbJXaYyIM4Oxshk0wsDgAtLQMdhMgwIpANXQyBmAkP7qXH94/PdUXwL5b317o_05MuuH1Ya5mj2z9FNNFcyPAiQsXbH8qhSLY5R9cMggil_Nr5W0jd/wVv0v071cNVFWv2BvM9hqx0iacc/oG1OEJQ0yviZNmPAstF52tEh7VjO7TuVo4MB8JxvXgLSYcoENr04izOgkXKCrk/UrsFUShspYY/n3xL1uQTPPXKU3s8ARYV0EhuLud3ZtFDnM6s6McjpjS4ol0b3Xi5S0cRh_obBOn3_mJSFRtJjvo//mNtoKcHPhlsobcH_iaCoMzYA3zMLe7dAPkR_XLqztN/tgbcF_o8E4lgga3suCmBM4HzxGFj/auDu1sLCSalg' => '=',
)
[ info ] null
---------------------------------------------------------------

[2020-07-04T23:02:32+08:00] 74.70.25.26 POST 101.132.45.200/
[运行时间：0.004414s] [吞吐率：226.55req/s] [内存消耗：863.56kb] [文件加载：188]
[ info ] [ LANG ] /var/www/mishop/thinkphp/lang/zh-cn.php
[ info ] [ ROUTE ] array (
)
[ info ] [ HEADER ] array (
  'cookie' => 'PHPSESSID=nha58kok4nkj1jupg9usvhb2bh',
  'cache-control' => 'no-cache',
  'content-length' => '376',
  'host' => '101.132.45.200',
  'user-agent' => 'Mozilla/5.0 (Windows NT 6.1; Trident/7.0; rv:11.0) like Gecko',
  'content-type' => 'application/x-www-form-urlencoded',
)
[ info ] [ PARAM ] array (
  'R6EPxIvKYBrhmdme_q8aU6Lg8QWnDNJsIzZO0rpDuGXukSJOk2aea_j97rGP_k5zC51UkM64WimFMxknm/L3EBhFEjUuTekMsvW4MHIZB_6VkhaqvOL4EeYUdeuzOy/C29lU5gV09SvgR7SUP35AuTEEWi1dnxx130k6ssR9IqRNg1H6dZtwiUiqkp3kAWzoNAI5hd8zE7T_OnL0pYr_30xiDq9Mr2I8R3QkF6uE3xZVHNAoA9TiP0llLx43wXV34i03VZ6HL5lDj0UDQ98xGXhaNzjj58IsEGInFlKNvB8Oxhu_FLAl41AFotw17lNvskVyQ9YTHq50NayUfefQh6pVlwSLnhzolzZVuA1swgvmGJFsSKxMqRnc' => '',
)
[ info ] null
---------------------------------------------------------------

[2020-07-04T23:04:35+08:00] 74.70.25.26 POST 101.132.45.200/
[运行时间：0.004394s] [吞吐率：227.58req/s] [内存消耗：863.56kb] [文件加载：188]
[ info ] [ LANG ] /var/www/mishop/thinkphp/lang/zh-cn.php
[ info ] [ ROUTE ] array (
)
[ info ] [ HEADER ] array (
  'cookie' => 'PHPSESSID=nha58kok4nkj1jupg9usvhb2bh',
  'cache-control' => 'no-cache',
  'content-length' => '380',
  'host' => '101.132.45.200',
  'user-agent' => 'Mozilla/5.0 (Windows NT 6.1; Trident/7.0; rv:11.0) like Gecko',
  'content-type' => 'application/x-www-form-urlencoded',
)
[ info ] [ PARAM ] array (
  'QvQKxtrLMmegAqlpjdj_Uviaxmx/RMhLLl7X1URFJpH2S_6ZYXjSK9OH1XqnTiBiyX5hLyJXpQLqFFJWBE4oqplfyVNPWDqvZ1OC2eA2XMLYWPJlwqssaVssdO3ILk4Jp2afKE47MRkpGu/537ZrNlVgcztm93bHAOEq8bXX77dETms32V1s6tDl_Nbjyr8rVE/O75IibenWyFDE3c/OCXLUPa5LU3o3NYbQ16o/dHdsokmu8nSSNZMoJN2gdvmqaafCsbG4UrH6ZWoET27M14Mna0v63tOKka1EhC7KBMWfdMdW_Fd2OzvqtPsUfZ_cdojZRIImA1wmOk3O48nCzfM4P3QnXi1IjdmKUUyMePLaavtqfkWEyIjjkQ' => '=',
)
[ info ] null
---------------------------------------------------------------

[2020-07-04T23:06:37+08:00] 74.70.25.26 POST 101.132.45.200/
[运行时间：0.004619s] [吞吐率：216.49req/s] [内存消耗：863.69kb] [文件加载：188]
[ info ] [ LANG ] /var/www/mishop/thinkphp/lang/zh-cn.php
[ info ] [ ROUTE ] array (
)
[ info ] [ HEADER ] array (
  'cookie' => 'PHPSESSID=nha58kok4nkj1jupg9usvhb2bh',
  'cache-control' => 'no-cache',
  'content-length' => '396',
  'host' => '101.132.45.200',
  'user-agent' => 'Mozilla/5.0 (Windows NT 6.1; Trident/7.0; rv:11.0) like Gecko',
  'content-type' => 'application/x-www-form-urlencoded',
)
[ info ] [ PARAM ] array (
  'QqdYldvIYMu1fH0bCsmbRIsZk22rqCQk8WumX28SZeAVkpHrR85gYdH/9bwBWLKxfEY2XUmrb4mvK64G_EnFxNR3OWwtmyOkCtaaZqoEuP5/F6GgFaUihDugJP3Ot1Z8OCY1EeUoeR9aeVVehD8IoiB_ihRi1PqHsvey1Yl6XY2/X6NRxXSvZeDYwUi8skVUjaKm51blDPUXJZjL8ZBSF0xis55x4/7tuPGC2Z_JoQw278b7f9VrG3c7ZK3B7Ir8adKbT80AB2pxFozqOM2ezlw5A0bEOkAz8pVSV6UtHZtQCqxbP1t_fjR0gC67KPcxjLFi59AjvSKY2URn4VZm44B0G3F9hXBRItToeFkdJlOmdi8gVQR4XHwNeITvEBl//l5XWyxddGtN' => '',
)
[ info ] null
---------------------------------------------------------------

[2020-07-04T23:08:40+08:00] 74.70.25.26 POST 101.132.45.200/
[运行时间：0.004331s] [吞吐率：230.89req/s] [内存消耗：863.94kb] [文件加载：188]
[ info ] [ LANG ] /var/www/mishop/thinkphp/lang/zh-cn.php
[ info ] [ ROUTE ] array (
)
[ info ] [ HEADER ] array (
  'cookie' => 'PHPSESSID=nha58kok4nkj1jupg9usvhb2bh',
  'cache-control' => 'no-cache',
  'content-length' => '428',
  'host' => '101.132.45.200',
  'user-agent' => 'Mozilla/5.0 (Windows NT 6.1; Trident/7.0; rv:11.0) like Gecko',
  'content-type' => 'application/x-www-form-urlencoded',
)
[ info ] [ PARAM ] array (
  'QKEKk9meZzrBK5ItDeqa2VY3TXIPMWNxX_USVtfheKYTwdPDAso9TnNEhUJNt7UdizGrMfUlTPFez_CT6drIahqy4X4Ydt3KV7lcK4Y34Fh0vOFIJcHgoyDflpwsv5ZnCIKOjqLZ/3JEnLv9bYSZFRM3rnw9p3Kw7nfWCmopjjI7rs_tB_pfI_mMzNIzcMNzdlrisaxGmzcqrSTNSvHjwV3uyfvJf0MsnlIVDHjaRyQQxI3AwJyNaLvtVATvjdB83ZQKCRHziGmIUn1bSEKTka/ZI6VfueBqSK23HqwTjVZU2nlgk89TlQFJR3yP0dsIQV9vHKSEtnkH8028eEuSA3tU1B9_YOWWCA/YTja3bo9XrjbMVwO1zDY_9hMF9TYDEWFhJF3nJJuFFyVab2GYMFDpna6jtbbBJdRGQbk2BSU9' => '',
)
[ info ] null
---------------------------------------------------------------

[2020-07-04T23:10:42+08:00] 74.70.25.26 POST 101.132.45.200/
[运行时间：0.004395s] [吞吐率：227.53req/s] [内存消耗：863.81kb] [文件加载：188]
[ info ] [ LANG ] /var/www/mishop/thinkphp/lang/zh-cn.php
[ info ] [ ROUTE ] array (
)
[ info ] [ HEADER ] array (
  'cookie' => 'PHPSESSID=nha58kok4nkj1jupg9usvhb2bh',
  'cache-control' => 'no-cache',
  'content-length' => '416',
  'host' => '101.132.45.200',
  'user-agent' => 'Mozilla/5.0 (Windows NT 6.1; Trident/7.0; rv:11.0) like Gecko',
  'content-type' => 'application/x-www-form-urlencoded',
)
[ info ] [ PARAM ] array (
  'SqNexdzBZKLPV3fVNDl2Pd4Pq/i6AFP1gryppsVBN8mioizrff8d07uFfuf9MWH7FaLtD2_dKQgmzjgKkgYEDEP_S0sUgCZ_hxruGoL9mw0g5S5vssqi356lKgJvQeeII36AChHcUfbeS6UrFcygYrIstZJXzDoKamUMTIIFxi09Ww6S5taE2glBY7yAZRKzvj/9kYJmEyb9HVZTc1xYDfTtFaM4_r_87C6/9RFKdDASLIxB4LkVAli7WPmVcHKR__kMDw6IlVUVVfIQT9xy5ueCnyOFIEsawz43k6sxP9fVV_LkeyuMhz_KuJe2hp6MwIWuziV7V6gTqtKuGHxaoxDto0evbmgCpky3/D4zaNpDT4m1z4_K7xemHm3CddV9c6jlHMfpfpAZCK7Xu_MtbBTmKsKkUmVd' => '',
)
[ info ] null
---------------------------------------------------------------

[2020-07-04T23:12:46+08:00] 74.70.25.26 POST 101.132.45.200/
[运行时间：0.004442s] [吞吐率：225.11req/s] [内存消耗：863.63kb] [文件加载：188]
[ info ] [ LANG ] /var/www/mishop/thinkphp/lang/zh-cn.php
[ info ] [ ROUTE ] array (
)
[ info ] [ HEADER ] array (
  'cookie' => 'PHPSESSID=nha58kok4nkj1jupg9usvhb2bh',
  'cache-control' => 'no-cache',
  'content-length' => '388',
  'host' => '101.132.45.200',
  'user-agent' => 'Mozilla/5.0 (Windows NT 6.1; Trident/7.0; rv:11.0) like Gecko',
  'content-type' => 'application/x-www-form-urlencoded',
)
[ info ] [ PARAM ] array (
  'FKNexouaZtfhbofeGxx774GelNzVqCRDhNv1E9KMjMGT0rK2FSnTZCDnbgVpHvWY54_8wvci6qQrjo4GusceaEBp7z9sYWGCGKzht/P5GmTsU0ffirtaJAWPgUhVxSzN3LF_EQLGCa/H_QpbF2HIXygsVe6MXutjUvaJqDxXXhTz1TjJpC7f_eWp5m01UouPPssWiy7X8hD0eBLEOZFDxyltybxsB7AefOwvoerIgJ1Y8zLq8OaUclKEJo/6UN9vqNeUjMfamwRMADuVuj7Wopa03Wnbn61TnqhMQrLFhXirFxibjJS4zKh80EOxxnfm5/cppJKFAjlMqx3q4MjIssNT9dIszW9zJ2IvXckdYui9XCXCZojbHnSBBew5rB8ZRWY' => '',
)
[ info ] null
---------------------------------------------------------------

[2020-07-04T23:14:49+08:00] 74.70.25.26 POST 101.132.45.200/
[运行时间：0.004351s] [吞吐率：229.84req/s] [内存消耗：863.56kb] [文件加载：188]
[ info ] [ LANG ] /var/www/mishop/thinkphp/lang/zh-cn.php
[ info ] [ ROUTE ] array (
)
[ info ] [ HEADER ] array (
  'cookie' => 'PHPSESSID=nha58kok4nkj1jupg9usvhb2bh',
  'cache-control' => 'no-cache',
  'content-length' => '368',
  'host' => '101.132.45.200',
  'user-agent' => 'Mozilla/5.0 (Windows NT 6.1; Trident/7.0; rv:11.0) like Gecko',
  'content-type' => 'application/x-www-form-urlencoded',
)
[ info ] [ PARAM ] array (
  'QqxfxtjAN1hzfnsR/h3tYP3c82wg8vXgGLUYq3qgSuxNWB6iUnYZruGiOEQLhIl1MyetX7Govy49Q/OK_wQc54AjA1ULUExTnlknwVW_jJ_d3vyBYiAPKzKdRHpMD4geKSj0Wkx9KqR3Cl5XH3d6MXjjD/cMGOydDTvp7yuy3U_YDPHVVdVSRXlJrJzI6pGVMqoFIxNQZ6I8HPuYn6rXO8rFKTQK8TRncbyuK4Ll4hVnwCIVZPuwg2_UL/m8S0vZE05hbuKV0dlayqkidTZheUNMO73rJM_PJP2YYhGKqvnwsB2LZnblnXFzlSdxcK4xi9ZOYRwk33NM3iUVTGID4xOcoAAmedmxVsLH/77uTr38Cg' => '=',
)
[ info ] null
---------------------------------------------------------------

[2020-07-04T23:16:51+08:00] 74.70.25.26 POST 101.132.45.200/
[运行时间：0.004527s] [吞吐率：220.89req/s] [内存消耗：863.94kb] [文件加载：188]
[ info ] [ LANG ] /var/www/mishop/thinkphp/lang/zh-cn.php
[ info ] [ ROUTE ] array (
)
[ info ] [ HEADER ] array (
  'cookie' => 'PHPSESSID=nha58kok4nkj1jupg9usvhb2bh',
  'cache-control' => 'no-cache',
  'content-length' => '424',
  'host' => '101.132.45.200',
  'user-agent' => 'Mozilla/5.0 (Windows NT 6.1; Trident/7.0; rv:11.0) like Gecko',
  'content-type' => 'application/x-www-form-urlencoded',
)
[ info ] [ PARAM ] array (
  'S6YMk4vMZALGoZH9oPqPPdvLxKoFjsYP0qkSFuY4U/pqUCjCfN10iuHgunqiKKuqHR6h81eGRzKsBO6N0kEbeJHzgM0u9iRebw_6JeMuCr5UUeTnOHBKRIAwPUx5ynjPpnn/aJ55FmObgUPBQRErPig0/11ssjGTxSAhWQ1MJNV2KtxR1ZlpKUoUTY5lktltXs72ZQUwY_32I_CUNlY2UCUDdre3QvkXKQTlhCDDoCD2MzMZud17eWxa7RnvAVEh7DHjvwI07yHqIvVzSd9Osh8RoLTEsjDS6zIth80P8YWEnygk5kR6/dwwW4fVQJhetG1Le5tAIzrgS6_Exj3zMlwkVuxY5rn8yIa1WxULEQawUZKM/h89yxdyU45ej1i0/0IsRcIfHmIMwBefDu04mGDpNEopC87O_oTfaw' => '=',
)
[ info ] null
---------------------------------------------------------------

[2020-07-04T23:18:54+08:00] 74.70.25.26 POST 101.132.45.200/
[运行时间：0.004650s] [吞吐率：215.05req/s] [内存消耗：863.94kb] [文件加载：188]
[ info ] [ LANG ] /var/www/mishop/thinkphp/lang/zh-cn.php
[ info ] [ ROUTE ] array (
)
[ info ] [ HEADER ] array (
  'cookie' => 'PHPSESSID=nha58kok4nkj1jupg9usvhb2bh',
  'cache-control' => 'no-cache',
  'content-length' => '436',
  'host' => '101.132.45.200',
  'user-agent' => 'Mozilla/5.0 (Windows NT 6.1; Trident/7.0; rv:11.0) like Gecko',
  'content-type' => 'application/x-www-form-urlencoded',
)
[ info ] [ PARAM ] array (
  'EPMIxonMYk16ItlutKFFtT/710ylAEqMbMLJGASsmtlw9GTdu687GY2F5z2fdMxhWHdVDrTW/icU5xeA6LBd8Sk_iR_LFOTyAIYvr_H5NJqwqHrLw4zwdPD6CFcha0I9q0vQukMnOUumiyXm2sJqtk94hXyLMpOGAmyY8r1ghmCnj61/G_He/9DWGANyEwzQ_Fhd9FnP5YVxgDojl6EDYxgsm4lQZHGukfJKMaOWU6j0AwY58/ZuBTMToZiqlFUakxUEK88JyC_8J6jayOEwBTipeZTJcxjOAYiWs3xNsZBfa0C0dZzoknS2rUMvrnUaNFUfi75XOzht_z4IVxs2bDSd6r3raY4B1yxZ6JdKduXTQmXlx6NY/0VHAp6v9wc3JG/fPQ43wvqpoHtG54gBQ9/ejbXZbLHoLiwx_GsbXVdPa5F2cpdA' => '',
)
[ info ] null
---------------------------------------------------------------

[2020-07-04T23:20:57+08:00] 74.70.25.26 POST 101.132.45.200/
[运行时间：0.004351s] [吞吐率：229.84req/s] [内存消耗：863.56kb] [文件加载：188]
[ info ] [ LANG ] /var/www/mishop/thinkphp/lang/zh-cn.php
[ info ] [ ROUTE ] array (
)
[ info ] [ HEADER ] array (
  'cookie' => 'PHPSESSID=nha58kok4nkj1jupg9usvhb2bh',
  'cache-control' => 'no-cache',
  'content-length' => '380',
  'host' => '101.132.45.200',
  'user-agent' => 'Mozilla/5.0 (Windows NT 6.1; Trident/7.0; rv:11.0) like Gecko',
  'content-type' => 'application/x-www-form-urlencoded',
)
[ info ] [ PARAM ] array (
  'Sq1XlY/PNW2ogv7cs6mEMms85IejTBZGzgJcoP862IGKipOsCqw9dES5s3FFdGxMD8KBII5Mn1Qp5smHDPaNcWODaUgabWB/378t5artCzFfTHCKHkpI3EaVf8Jp3VaVFh6HgzS6lR7lPUP/g1LqLTmixyeylBxs76q2QxrAz6BdoQaimqPl4XBFyyj9Pr0DixameS1ed7W4aP47rDnFj12LU2dusZCgNMl05mPvxTO1A6NTCKyWV/u4QiOLdL_ANvwuMPNZSR8h6OYNoMGPQXt43bUF9j2GsJytO5DGZ93ykbC_/nmME/AnKNe8s5I3essxUjpq4gf9a5EhrK6dsSzM6WVad9itREnLOu5NQbIGuebxLCRbrAF43y0' => '',
)
[ info ] null
---------------------------------------------------------------

[2020-07-04T23:22:59+08:00] 74.70.25.26 POST 101.132.45.200/
[运行时间：0.004293s] [吞吐率：232.94req/s] [内存消耗：863.56kb] [文件加载：188]
[ info ] [ LANG ] /var/www/mishop/thinkphp/lang/zh-cn.php
[ info ] [ ROUTE ] array (
)
[ info ] [ HEADER ] array (
  'cookie' => 'PHPSESSID=nha58kok4nkj1jupg9usvhb2bh',
  'cache-control' => 'no-cache',
  'content-length' => '372',
  'host' => '101.132.45.200',
  'user-agent' => 'Mozilla/5.0 (Windows NT 6.1; Trident/7.0; rv:11.0) like Gecko',
  'content-type' => 'application/x-www-form-urlencoded',
)
[ info ] [ PARAM ] array (
  'EKVbyd2aYSylIdrnJEvpvm3Zzt3EsBq8wRUhQp0bOgcDWvCelctrQXGCJ0iaN4iA_LbyGxUo7KSNAaAAfS0LNUybsCabEDrquXQjaoEF6osAm6qRc_HSCB3TYAppQktzWrUlgfpGABn2J6QIXPQNesXCAdgYxxeJeb25XmWU_V8YXwZuxBEHbBakpcvJGBWcFH9EgpgnjIKU8eJ8cggar/gRLlEVRud_qyxGDYQzle/US3WjaaeXv67G6HhWxXJ9fvWzVwj44r9noSzC9TCSlrcDikCnrBFJLMKVN1txolWL2F6cDPWc3DluQWwvNcfm53jJxIk8NQIW2h1dvz9EWB0BrLMtLCFSCRw6nw8OPPHm/tD7cgM' => '',
)
[ info ] null
---------------------------------------------------------------

[2020-07-04T23:25:01+08:00] 74.70.25.26 POST 101.132.45.200/
[运行时间：0.004863s] [吞吐率：205.63req/s] [内存消耗：863.56kb] [文件加载：188]
[ info ] [ LANG ] /var/www/mishop/thinkphp/lang/zh-cn.php
[ info ] [ ROUTE ] array (
)
[ info ] [ HEADER ] array (
  'cookie' => 'PHPSESSID=nha58kok4nkj1jupg9usvhb2bh',
  'cache-control' => 'no-cache',
  'content-length' => '360',
  'host' => '101.132.45.200',
  'user-agent' => 'Mozilla/5.0 (Windows NT 6.1; Trident/7.0; rv:11.0) like Gecko',
  'content-type' => 'application/x-www-form-urlencoded',
)
[ info ] [ PARAM ] array (
  'RvNfldyeNmOVDVYvBSf_xcPhcvj9Zpw5VjGy5Tpxn8KEGm3_Sor0FeIKeybYNRSM1FcotnPMpo0SqygfT1xuVqzMKfWA3qeHTpfIJLQtwor5c9wbRi2IJrh7psRk3BlemTDvB1dNJYouoSARfNS7oJY46E8UAYt7y93pvJDE3lLtN9O6vlmGU/9ESZaJLAze8UIHhdLPdlHSUg3dNT9SbWJQf57vmeU51mq75OakoK/oQKmpWFPB/_ruuqVmH5iFXyPivxvUFpvwljBuOYy1K_fHdfuggq5OAU/Kw1JASEcrvDrkEpGdepFvJJfG5B0e_mKPGr2afnUMYNmSyLtrodRcbd8k/ebZ0wvaaVY' => '',
)
[ info ] null
---------------------------------------------------------------

[2020-07-04T23:27:04+08:00] 74.70.25.26 POST 101.132.45.200/
[运行时间：0.004404s] [吞吐率：227.06req/s] [内存消耗：863.56kb] [文件加载：188]
[ info ] [ LANG ] /var/www/mishop/thinkphp/lang/zh-cn.php
[ info ] [ ROUTE ] array (
)
[ info ] [ HEADER ] array (
  'cookie' => 'PHPSESSID=nha58kok4nkj1jupg9usvhb2bh',
  'cache-control' => 'no-cache',
  'content-length' => '372',
  'host' => '101.132.45.200',
  'user-agent' => 'Mozilla/5.0 (Windows NT 6.1; Trident/7.0; rv:11.0) like Gecko',
  'content-type' => 'application/x-www-form-urlencoded',
)
[ info ] [ PARAM ] array (
  'RaNXx9jIMnuLfTKmnziVryrfwmtT10b51LdyIsEAwvNI9JyI/PcEfhcpA5fNSeTxr5XaHStBC_fbBryOoIGL5RJJCwiIWXBg_hKnNjlFesow0oqckZGH92m2SjFk_4xO5Fsnj04ejzpuaLV8ERlNHOGmT55/vUpg/9b2ZhPqwQFxKCW2JNPs6uf/iW2SPI90DzjElKlOW3QDIhPZDileIGmg40Z/cj0BAgz1aqUJLhRKWoxr39zNzBhf_hJ1QX/Bm/Y33WgPJ7HgFb_zZEpayNsT3_iEH702D1M4BExJV3RCO0AcozY8327g0cKeOi1TJSLQBlMgfYHULWjjwvfVTss_T3U6ZbXx5wrmOaIxXVKqrAjE95I' => '',
)
[ info ] null
---------------------------------------------------------------

[2020-07-04T23:29:08+08:00] 74.70.25.26 POST 101.132.45.200/
[运行时间：0.004252s] [吞吐率：235.19req/s] [内存消耗：863.69kb] [文件加载：188]
[ info ] [ LANG ] /var/www/mishop/thinkphp/lang/zh-cn.php
[ info ] [ ROUTE ] array (
)
[ info ] [ HEADER ] array (
  'cookie' => 'PHPSESSID=nha58kok4nkj1jupg9usvhb2bh',
  'cache-control' => 'no-cache',
  'content-length' => '396',
  'host' => '101.132.45.200',
  'user-agent' => 'Mozilla/5.0 (Windows NT 6.1; Trident/7.0; rv:11.0) like Gecko',
  'content-type' => 'application/x-www-form-urlencoded',
)
[ info ] [ PARAM ] array (
  'E61fwNqZbIgf1Ugn0p7KLkmlUgikBrnhneCCJHMk/r61NnBjY1cqsC0aGznAAQdrI6rUGd1NtKstKHGr4Q21fReXARFDgdb6wJ5yGIU/ihJbGjL8QHixZKDAgQk3uxPjLzcXjolGJEWkTS4U30W9iy3rbADVd8KE/ZJEgEZk_126u2Oa_KkxYikVqYeFf4Giiukn294KupQT6k766auB_bIFFq1gGHzSaZrRS_JHc4fCWBKFAuna99mYntc5LuSI6JWvC3jV9bK4aL5vVP/YrkvpHb022VgDShoTfHot8sP1ry7RzwwwcDBdxs5txhPtTres9ai1HSm5u/P5opWnDVPwedsqmmEwuv/59x7CnHVE0d5mEubeaaPZIKjl70GbFOaNKJgpaiJK' => '',
)
[ info ] null
---------------------------------------------------------------

[2020-07-04T23:31:10+08:00] 74.70.25.26 POST 101.132.45.200/
[运行时间：0.004354s] [吞吐率：229.67req/s] [内存消耗：863.94kb] [文件加载：188]
[ info ] [ LANG ] /var/www/mishop/thinkphp/lang/zh-cn.php
[ info ] [ ROUTE ] array (
)
[ info ] [ HEADER ] array (
  'cookie' => 'PHPSESSID=nha58kok4nkj1jupg9usvhb2bh',
  'cache-control' => 'no-cache',
  'content-length' => '428',
  'host' => '101.132.45.200',
  'user-agent' => 'Mozilla/5.0 (Windows NT 6.1; Trident/7.0; rv:11.0) like Gecko',
  'content-type' => 'application/x-www-form-urlencoded',
)
[ info ] [ PARAM ] array (
  'Q/ANx9/PbWl6Nv8SeRR2Rx3JGLTIT6PUBPwZZYtLDFpCRxTqHlPOzbYiE54N41zqzDbRX4rA2KaXaUW0zVMA3Gd3/W9WoBbE4Ujw7QVibGYATA45Bj58tGJaa3FX_Vhk6SoPtTKuT7V2uZWI4hJ5a1TIlT67M_4o52PY7tZMl/QQ_OGepOnkx_2DtBrG2Qzd357tyieZDqDoYyc0ZGtrqoodil04/BFKixsWOPQRzWEFyXFKG1AIsSIsvoNZBAKx8ypH7810GBorgxS424c0M7TiTO/kdzVYHQ1M_wGUOu_JpHWGxy5ifiIn6jYrFnNOcKjlIUhi2EAmriLZwU45CDwN6F6LQigk/yOWVacZrQpG7Z99FCa/D7ns_/cfbI0EK/ENz7_ERIMRxUPi/MOsvAYHuWRBY2R9vxWyjYk9Kw' => '=',
)
[ info ] null
---------------------------------------------------------------

[2020-07-04T23:33:13+08:00] 74.70.25.26 POST 101.132.45.200/
[运行时间：0.004642s] [吞吐率：215.42req/s] [内存消耗：863.81kb] [文件加载：188]
[ info ] [ LANG ] /var/www/mishop/thinkphp/lang/zh-cn.php
[ info ] [ ROUTE ] array (
)
[ info ] [ HEADER ] array (
  'cookie' => 'PHPSESSID=nha58kok4nkj1jupg9usvhb2bh',
  'cache-control' => 'no-cache',
  'content-length' => '420',
  'host' => '101.132.45.200',
  'user-agent' => 'Mozilla/5.0 (Windows NT 6.1; Trident/7.0; rv:11.0) like Gecko',
  'content-type' => 'application/x-www-form-urlencoded',
)
[ info ] [ PARAM ] array (
  'QfcLkN7OZiKmvzCPNTffpIYPtGdGiF4yNn35/zpxw8rpQnAnaNAJN7sR1CRKlzKM7ouZKNGvv6RfllUvfp6EY0E8OSvZ0Qnpzt_m1rwVLQzXkQjtlEVx/k_79PDqXeKmbKX_AdsfcBoSq5fp6rYwVLDNV0C6en7CgnQNe8hbJIaPJATnRpjjGS2E2PBCxSBueDX1kZ7/jp7i9/1i3Jvh_eomGNH9rPRFvpt2ZUk8xXbM1iGCVlbnF4JCTbBDEqY8D1KTu8ls3St8c0/QkCr74BhVCav86ntbO6zSkB31kvGbOUMlwETL0BlED2/zhehjjMERvTYShB7BoSEwBY9T8GrsY20Lfkzq37ma8k6FvvFL1ynK_asiL1d8jpg2cnmELLCNT3BUCXHxmJLrZhPxhWlKGUmRNiTEdrBs' => '',
)
[ info ] null
---------------------------------------------------------------

[2020-07-04T23:35:15+08:00] 74.70.25.26 POST 101.132.45.200/
[运行时间：0.004305s] [吞吐率：232.28req/s] [内存消耗：863.56kb] [文件加载：188]
[ info ] [ LANG ] /var/www/mishop/thinkphp/lang/zh-cn.php
[ info ] [ ROUTE ] array (
)
[ info ] [ HEADER ] array (
  'cookie' => 'PHPSESSID=nha58kok4nkj1jupg9usvhb2bh',
  'cache-control' => 'no-cache',
  'content-length' => '376',
  'host' => '101.132.45.200',
  'user-agent' => 'Mozilla/5.0 (Windows NT 6.1; Trident/7.0; rv:11.0) like Gecko',
  'content-type' => 'application/x-www-form-urlencoded',
)
[ info ] [ PARAM ] array (
  'FqxdxojPYpTa8Nn5tRPlhraa1jDSLeuNUTpCHycdED7vCiSO88gdeW7BZ0QKhZ11eJudzcTcSJc4uqEcKScy3qgMTSbru322Bbpt/7Od5GF/7X3FZMCDH4JnDZLGW_ZikIgZ0yCeVeG9bKtBRGpS1qluLp8JjSI41nSxIfocftTsNm94XYHmcKcdG/L2tP3eoJH2F5fnatrguovjEDH06ATda8znq3zpnVe1KXRAp2qYPD7/TdnM1NLL1QPpM8Npo9arZIaVfut52_RWryUY0gX8UtU6EIXo/Q3Ce7LpNrMLVcc93Dlt93w7b/40lvyhWGQl8PKoYdUBNGf06HVVyLiBNYgN/o9/Ne2ER0408eGtUmiFgm0ZOw' => '=',
)
[ info ] null
---------------------------------------------------------------

[2020-07-04T23:37:18+08:00] 74.70.25.26 POST 101.132.45.200/
[运行时间：0.004503s] [吞吐率：222.07req/s] [内存消耗：863.56kb] [文件加载：188]
[ info ] [ LANG ] /var/www/mishop/thinkphp/lang/zh-cn.php
[ info ] [ ROUTE ] array (
)
[ info ] [ HEADER ] array (
  'cookie' => 'PHPSESSID=nha58kok4nkj1jupg9usvhb2bh',
  'cache-control' => 'no-cache',
  'content-length' => '380',
  'host' => '101.132.45.200',
  'user-agent' => 'Mozilla/5.0 (Windows NT 6.1; Trident/7.0; rv:11.0) like Gecko',
  'content-type' => 'application/x-www-form-urlencoded',
)
[ info ] [ PARAM ] array (
  'RqQMk9KeZHmtUz2BPPdDhloWspH0n6lWJiHCfAHREWxzHNu8RLVANIorpGB1qDlJb1Fn0zDV50kVwp8b1NOSkXz5OLjIzXfqVCQdX8oXaCO97fzyJrVMbkBVZNBW/2mrVVY0_6UVQUIwa7by5a_xD/UQJ_XKhWRyWkpK7YsU4iv8WNuqtJNdjdvMdzPQ7GuohXKlsbqkitI8RQWJgX4CL/XmAf_7FOijfc7cuHdaZnUYtBYkvUrwxFAl_Gr69z2oDmNRJSqKvJyZPonBSgDIY/c9GMljZLx6fJAvdnESFQutVRxyeySJmYdg49mIdzi6FwjcMu2955ehZiIHcMFM8vqMwCwS0QGhT0aR7wTALcDH_uSitw4s8dK5nA' => '=',
)
[ info ] null
---------------------------------------------------------------

[2020-07-04T23:39:20+08:00] 74.70.25.26 POST 101.132.45.200/
[运行时间：0.004395s] [吞吐率：227.53req/s] [内存消耗：863.94kb] [文件加载：188]
[ info ] [ LANG ] /var/www/mishop/thinkphp/lang/zh-cn.php
[ info ] [ ROUTE ] array (
)
[ info ] [ HEADER ] array (
  'cookie' => 'PHPSESSID=nha58kok4nkj1jupg9usvhb2bh',
  'cache-control' => 'no-cache',
  'content-length' => '424',
  'host' => '101.132.45.200',
  'user-agent' => 'Mozilla/5.0 (Windows NT 6.1; Trident/7.0; rv:11.0) like Gecko',
  'content-type' => 'application/x-www-form-urlencoded',
)
[ info ] [ PARAM ] array (
  'QvNXk4_dN/sLLuTEOKA9Wd7ZU4SHAhF3//4EQqgPTxuLixuC2UEd9K7OPKDQ4BpWWGJBmiIIcwZisqIuHVu0NBb5C4RLiMgHHxXwVjf3aony/Z7NhChhFcyqJF_AeBusjKGT6_FwXTQoFQIYpDPEw4GlszCF/slaLL/cA2oBe7ymKydhX0/5gPGMe0K7Yo6vGFA1XS660stuhBezRKHIM43bn7KJtusZDCDexnZloCFAl8aReO7qQpuVoVBC_H/VRAHGZJaau2q9UbQoIr4rRGn3/jHkPdQl_TB7mw0tDsUjiFwtl3JCyydivSDr9TIy/EvBPdUx843/jFOX_1lKPB9J/kGGv7Q/2tK9QA1GCwuxqiysNghX4_KqPAF5hYjxrxiZVmmiVQAlUwC/eGUMfcbTVHfNt_iQiS/npqqd' => '',
)
[ info ] null
---------------------------------------------------------------

[2020-07-04T23:41:23+08:00] 74.70.25.26 POST 101.132.45.200/
[运行时间：0.004469s] [吞吐率：223.76req/s] [内存消耗：863.94kb] [文件加载：188]
[ info ] [ LANG ] /var/www/mishop/thinkphp/lang/zh-cn.php
[ info ] [ ROUTE ] array (
)
[ info ] [ HEADER ] array (
  'cookie' => 'PHPSESSID=nha58kok4nkj1jupg9usvhb2bh',
  'cache-control' => 'no-cache',
  'content-length' => '440',
  'host' => '101.132.45.200',
  'user-agent' => 'Mozilla/5.0 (Windows NT 6.1; Trident/7.0; rv:11.0) like Gecko',
  'content-type' => 'application/x-www-form-urlencoded',
)
[ info ] [ PARAM ] array (
  'E/ZXw9ubMMK9yYit/a8fN8ZEAY2MUzOzfhYTdums9IQzVWTbaLKlonj8Zn1N/X54wivVr9J/PrTvO6yeBeJi6ZpYkhHLm0IXiqTsHtbul7xBWuzEp6HHcr667XRMhphUDgVyoZ8JwIoMy1sGFNT/zw5BdZGp4S26RCSX0uL3mqtefx3fs8SVUc/q1Gz9bRnGuJxpTQa0sl2dda2GVvn2hlMch8ii7tUXOk2WywSebrAW4IUEvt4cIAjF7UO_e1LpqjAgzh_nLE0uqAeTNwrdnHxw7pGYPaHfkRZi9QoeZ7RBPXFZG9mgD8rW5orsgzl0ATndUPb87qdmZguHv5s2BsG9e8qpFd4DsG6JnvqJkkorIswnI8ZBuif6UPHDi_67/CbF18EFKTYh76Efiqhmc59uJaNt9VD9TE5adMOKGD0JrORjG558Aw' => '=',
)
[ info ] null
---------------------------------------------------------------

[2020-07-04T23:43:25+08:00] 74.70.25.26 POST 101.132.45.200/
[运行时间：0.004329s] [吞吐率：231.00req/s] [内存消耗：863.56kb] [文件加载：188]
[ info ] [ LANG ] /var/www/mishop/thinkphp/lang/zh-cn.php
[ info ] [ ROUTE ] array (
)
[ info ] [ HEADER ] array (
  'cookie' => 'PHPSESSID=nha58kok4nkj1jupg9usvhb2bh',
  'cache-control' => 'no-cache',
  'content-length' => '384',
  'host' => '101.132.45.200',
  'user-agent' => 'Mozilla/5.0 (Windows NT 6.1; Trident/7.0; rv:11.0) like Gecko',
  'content-type' => 'application/x-www-form-urlencoded',
)
[ info ] [ PARAM ] array (
  'EKJfwt3MYl0u5IwcEGEzDAtCl43swfUrEczRgz1hpjGjll0nKKpMt5vTQRb9J3B4pQg2xqx1EpgzggPfq7eYcmCwKz9bAkmSsmOR7KIvWgOkDeyAD23M3R57XIo9_S86l_vvfwdcxtwfjv8BD_AhNAzCy_gsfp_qQUx7aJK9tl30OJIlfwdqTnIEKRZusPB0ZqtDas5kVPEeUX3F4b25mueOe2CGQNlnc4vPg/8oAJoEx1gY81oqC3jX2DtQILZ9bZqwIgjEUhuxuDd1Ol3F659pBhxxqDFDgDS3vLn23bApxv7wrms4O3m8u8yr4IS3gc5jNC53fDfn9ztoIoPvHfxlYTg9YG14Tt_H6PeCm/Kr7kpZA0g3L46ioUPjSQ' => '=',
)
[ info ] null
---------------------------------------------------------------

[2020-07-04T23:45:28+08:00] 74.70.25.26 POST 101.132.45.200/
[运行时间：0.004355s] [吞吐率：229.62req/s] [内存消耗：863.81kb] [文件加载：188]
[ info ] [ LANG ] /var/www/mishop/thinkphp/lang/zh-cn.php
[ info ] [ ROUTE ] array (
)
[ info ] [ HEADER ] array (
  'cookie' => 'PHPSESSID=nha58kok4nkj1jupg9usvhb2bh',
  'cache-control' => 'no-cache',
  'content-length' => '416',
  'host' => '101.132.45.200',
  'user-agent' => 'Mozilla/5.0 (Windows NT 6.1; Trident/7.0; rv:11.0) like Gecko',
  'content-type' => 'application/x-www-form-urlencoded',
)
[ info ] [ PARAM ] array (
  'EaEIl9rIZ_vDaFCsvbzTJhaNMP_T_RIdho2d3BQ98q0K/HiNnL7D8cIoHYg/je7RKLzc/TwOcfXg4R385nwtY2nnm1pt_nqNsynOpm6hn9KMez7yhjKT1KC9RI6b/zd44ZHv7xzNRw0mKx_uYasmRWSJJPZPGhXUeMufZuMhafmKjSyMT9ctPbtLDyAK31wLz59kbGJCSYumKwBNJTMShWPCIDRvUWp16xvr31VqykB3KSrRgX5bSqUM8c4kElrK/uXl0WMIosLggMEtHjuPTd0R/x2xqu2qoYULmnuCZ1GQyu/eeQ5Kbarg5uv1qvu73pQiFwD_VV5iagwoL4AOWlIuDjpaTRkXlPeEAFnr4wlCfYrUr7ZGLf37E7lkR0U4SOzAjN7QDOs/N/bTQmo95SVwgX084RiQ' => '',
)
[ info ] null
---------------------------------------------------------------

[2020-07-04T23:47:30+08:00] 74.70.25.26 POST 101.132.45.200/
[运行时间：0.004511s] [吞吐率：221.67req/s] [内存消耗：863.56kb] [文件加载：188]
[ info ] [ LANG ] /var/www/mishop/thinkphp/lang/zh-cn.php
[ info ] [ ROUTE ] array (
)
[ info ] [ HEADER ] array (
  'cookie' => 'PHPSESSID=nha58kok4nkj1jupg9usvhb2bh',
  'cache-control' => 'no-cache',
  'content-length' => '376',
  'host' => '101.132.45.200',
  'user-agent' => 'Mozilla/5.0 (Windows NT 6.1; Trident/7.0; rv:11.0) like Gecko',
  'content-type' => 'application/x-www-form-urlencoded',
)
[ info ] [ PARAM ] array (
  'EaENw9nPMmqnS1/GE/vvG7qZR9v2K2Kd3s7K6XFXQAJyVi/kmlgmBVtAFBQGQRRjCuLvkY1W_Y0QHsro4j_GjWYBbx2LhtAoY2N9750FcXr2j9ERCoiDalQSnBj9tTOxIjNV6QRsSaKnk0LIUKvO9OUVijOLqq1Bfs2X5mX74BoWqrxl5miNaSnNI8_rev6TF6Uhs8IZNvxCaoQ0ua9LduNp/VoHkJUnrCTV2lkZTTw_ORcDXsan_wZdv8l/9E4FjvCTRaNtL/CGqX2i5Zh93DI_EVHMebN2rfk5oTJHoS6UrhXrXgFIWlj2DnzTpwkfb7o5i3sM8pCMqc5v/3do_klkOBkaqtool0E5VK_YKSt/Uxb1RZ63Ew' => '=',
)
[ info ] null
---------------------------------------------------------------

[2020-07-04T23:49:36+08:00] 74.70.25.26 POST 101.132.45.200/
[运行时间：0.004279s] [吞吐率：233.71req/s] [内存消耗：863.69kb] [文件加载：188]
[ info ] [ LANG ] /var/www/mishop/thinkphp/lang/zh-cn.php
[ info ] [ ROUTE ] array (
)
[ info ] [ HEADER ] array (
  'cookie' => 'PHPSESSID=nha58kok4nkj1jupg9usvhb2bh',
  'cache-control' => 'no-cache',
  'content-length' => '408',
  'host' => '101.132.45.200',
  'user-agent' => 'Mozilla/5.0 (Windows NT 6.1; Trident/7.0; rv:11.0) like Gecko',
  'content-type' => 'application/x-www-form-urlencoded',
)
[ info ] [ PARAM ] array (
  'EaxYyN2bNQ1PbUD5AC5OAcZfGti0iPiVNW_lXT8pXRNi9ybpPJkCFUMIXf7beoeQC8gU5OQf9S57zIZPvuCkaVvFZdpstL84ZRdcBHVf9setat4y5q1kRzdRbrOUB60EEsluhJbSLYeQsCRlQq9BBtudtN3G_RzJgUkeiiDAkNxDrpbYEzRdqZnksUZbZ5T9MWCfyLLzMLbuCjBTwdevQEafkvxYdPolrJh4YyLzUxH9lTO01oiwjZww273afws9jSAGFMksiibLkRTc39CzJaQaoTl2FZBNi6CF4BbsPe37pE4bYE0HNVM_X9XCUx2NhbVAGYSaH3PticbJlp0XFFUCQ/Djq0GWA4VJn8azDVGjgR2hqITE_2OpVOkcMp7w2pw7UpM2Dytz_AI40lpP2BI' => '',
)
[ info ] null
---------------------------------------------------------------

[2020-07-04T23:51:38+08:00] 74.70.25.26 POST 101.132.45.200/
[运行时间：0.004345s] [吞吐率：230.15req/s] [内存消耗：863.94kb] [文件加载：188]
[ info ] [ LANG ] /var/www/mishop/thinkphp/lang/zh-cn.php
[ info ] [ ROUTE ] array (
)
[ info ] [ HEADER ] array (
  'cookie' => 'PHPSESSID=nha58kok4nkj1jupg9usvhb2bh',
  'cache-control' => 'no-cache',
  'content-length' => '424',
  'host' => '101.132.45.200',
  'user-agent' => 'Mozilla/5.0 (Windows NT 6.1; Trident/7.0; rv:11.0) like Gecko',
  'content-type' => 'application/x-www-form-urlencoded',
)
[ info ] [ PARAM ] array (
  'EKUMl9nPbfyvFIrifelA0tE8di6BFYCvcr1CtotH5jcXhoTx5bqmQdZRKonAYkLdvrHyF_u/tPlFHHLTOVknEkbXqcWSkmy1_/QXQTiHr3mJXgOMhwjAd_FYNK7xAZ/YWyk5SPF5siyHvhAjdAzyli1bJviyUqaPeUfqJ7P5w2J/q6SRDnYnAemWaIK6urxb8lObRKfZ3i4CSzqeDyYCjy/cvachakBGMGvcGd_xBrgdyJ9zZyZ3STmZ1bvpuNVKH1VebO5KyWk9nmj3Rqw0ZOq2GyzSH3es/PnZlte39SGPpXnaTc79/d5OKokmIX8iqQkK4J2Km4wWrisR6__rRSiJGrgH3Ruu5kSm7wYDZnjhv8NgaTQ0Neh09VtIcHBDDjHqwNq5e6/oHRiHbA17iklHFDaW_mK9aEoh0Qk' => '',
)
[ info ] null
---------------------------------------------------------------

[2020-07-04T23:53:41+08:00] 74.70.25.26 POST 101.132.45.200/
[运行时间：0.004311s] [吞吐率：231.96req/s] [内存消耗：863.56kb] [文件加载：188]
[ info ] [ LANG ] /var/www/mishop/thinkphp/lang/zh-cn.php
[ info ] [ ROUTE ] array (
)
[ info ] [ HEADER ] array (
  'cookie' => 'PHPSESSID=nha58kok4nkj1jupg9usvhb2bh',
  'cache-control' => 'no-cache',
  'content-length' => '376',
  'host' => '101.132.45.200',
  'user-agent' => 'Mozilla/5.0 (Windows NT 6.1; Trident/7.0; rv:11.0) like Gecko',
  'content-type' => 'application/x-www-form-urlencoded',
)
[ info ] [ PARAM ] array (
  'R6ZWkIvBZF8hkKoeQJM32_jzr7ZA8A8ePd8zM/omCIBKboExfmr0gU4PumrfpKBKVVPgYbBWk5/yMTsifiswldDTSkMTH3z8z18xCILYMjCPiKL/XOMsIsKLsZyGcQOUWLoFQvrUkRf6OipZptTZvlLXhYau5JSILL4/8VNNi8AIuBJClc6TI6EH1LAUU7XGy2xVJ6nHvbD8Iy455TzLa3R3KrZ6x5zelKHo0e75A91/jO1ngDQ5s3EPr2ckDEryeGwAq/hea3AfX43Fso7zno/cyZKOEZoEEc5u8iIJZdowtirfCqEiMSKTXgu687kwFdAd1DJFbUCW1aMyzbXMYKoIYV7FA9p1q54wnYjXfbE_29kw4rPip7b6' => '',
)
[ info ] null
---------------------------------------------------------------

[2020-07-04T23:55:44+08:00] 74.70.25.26 POST 101.132.45.200/
[运行时间：0.004325s] [吞吐率：231.22req/s] [内存消耗：863.56kb] [文件加载：188]
[ info ] [ LANG ] /var/www/mishop/thinkphp/lang/zh-cn.php
[ info ] [ ROUTE ] array (
)
[ info ] [ HEADER ] array (
  'cookie' => 'PHPSESSID=nha58kok4nkj1jupg9usvhb2bh',
  'cache-control' => 'no-cache',
  'content-length' => '376',
  'host' => '101.132.45.200',
  'user-agent' => 'Mozilla/5.0 (Windows NT 6.1; Trident/7.0; rv:11.0) like Gecko',
  'content-type' => 'application/x-www-form-urlencoded',
)
[ info ] [ PARAM ] array (
  'SqJcyNPJZfahpBzZ6szBdbJzn_aRpNx8YXUmzpDeTzkqEdBYF/HUarSSgIjM85NoI3lJFxXFyOWIHVSfOmkCeouTqm/Ig61iQCe_RrlCJ8vLwfmVTq1PnekJkfF26ns2hOR5I5rH/ZZXFklH3tUqg41EIyfmlDv0FDLwZK1jyZ_dqqRX8s6C0KHORTGp_kAmqUPV1bAO6iPJcNJ01T2e3IS1yfdqLJZ7d6LBnaxsIRnIx2yI6vxbqNooWdurJcrMzs5BTwii8bqvhKUO9nTN6biFl38vNTRmKMYDO1AEU4eqMXEXL9/mwe0Ls5mTF_ZTvb6N7P538wZi0QYhzWd6YR0t9AgYjdmRsoIHcPMey44o6sYx//mb3A' => '=',
)
[ info ] null
---------------------------------------------------------------

[2020-07-04T23:57:46+08:00] 74.70.25.26 POST 101.132.45.200/
[运行时间：0.004425s] [吞吐率：225.99req/s] [内存消耗：863.81kb] [文件加载：188]
[ info ] [ LANG ] /var/www/mishop/thinkphp/lang/zh-cn.php
[ info ] [ ROUTE ] array (
)
[ info ] [ HEADER ] array (
  'cookie' => 'PHPSESSID=nha58kok4nkj1jupg9usvhb2bh',
  'cache-control' => 'no-cache',
  'content-length' => '412',
  'host' => '101.132.45.200',
  'user-agent' => 'Mozilla/5.0 (Windows NT 6.1; Trident/7.0; rv:11.0) like Gecko',
  'content-type' => 'application/x-www-form-urlencoded',
)
[ info ] [ PARAM ] array (
  'QPNfkNPLMDlo3myEWq82EIFn1QXvytyAKVwoLqhrZZodb_K9mvqHaugqDL71jZwI7rOGdGnv7mJGIo0p015pFlT0EElp8Hs7V1KkLymEBhLwAq7bMsX7Nl_A/c9n7AKK3Zsh5bsGtx98rsgo8XdWQR7HjOaLX57fPzKnuDG/dXHzYQG22Gc2kcd4e7TLGEWX3pSA/m/hGvKMnYhOCKMIKPpsQSV7hAMral8quuQCHucm9C2QqsamHd_pulzr8Mrxu866zwrxahaI6TA_lp4aAwMokvi7hAPwjNNURLnxG87MM/XIdfLv9yVEfDemV5M6SGzOh9oec_dESJ_cElnQvQQXwp21ZeJbd7oEOSwMcdeEKDJD44lUoBCpj2yK1OFWl2LGLDwJC52khsQAdsObNj703OOE' => '',
)
[ info ] null
---------------------------------------------------------------

[2020-07-04T23:59:48+08:00] 74.70.25.26 POST 101.132.45.200/
[运行时间：0.004548s] [吞吐率：219.87req/s] [内存消耗：863.81kb] [文件加载：188]
[ info ] [ LANG ] /var/www/mishop/thinkphp/lang/zh-cn.php
[ info ] [ ROUTE ] array (
)
[ info ] [ HEADER ] array (
  'cookie' => 'PHPSESSID=nha58kok4nkj1jupg9usvhb2bh',
  'cache-control' => 'no-cache',
  'content-length' => '416',
  'host' => '101.132.45.200',
  'user-agent' => 'Mozilla/5.0 (Windows NT 6.1; Trident/7.0; rv:11.0) like Gecko',
  'content-type' => 'application/x-www-form-urlencoded',
)
[ info ] [ PARAM ] array (
  'QqwPw4maNlwa4e0drCxE834nrcAH24oaNAX4HCKegxBoBAiZ9ynwC4hAnWDrt3/yisdW_j35FfPTbNFCay5HDXMzmCtRrrA3yvWe9pW7l87ThsCryS1Q3tK4LXtcaaX6TuRIi80H2EsHgGBb5FwEiyLYuWxYCIeBRWkZXKBB0hpHEolaYvzB_yCM9t8VgqcWblDPREnIDO9pq5tJxSrnuDftHYVRVk8jac_b1vZfuQzX0q0DZwCJv_gMKl5Sb8Q9p0lKfZj62QudwxGGR85ykPMlvx1lldkYKfpn9Dq3b8jnwL7rWSfiOFHkY43haPHDoYDFVcXGdqleGmzYSYYBM3fRUaEn7IoFDeH6/svxdiTmP6kd0zbpLwRZRdlUaJuhlMQUASp__OD2d9a9jYacN4_sukHwPyCn' => '',
)
[ info ] null
