---------------------------------------------------------------

[2020-07-11T01:16:16+08:00] 183.136.225.43 GET 101.132.45.200:443/
[运行时间：0.004341s] [吞吐率：230.37req/s] [内存消耗：861.65kb] [文件加载：188]
[ info ] [ LANG ] /var/www/mishop/thinkphp/lang/zh-cn.php
[ info ] [ ROUTE ] array (
)
[ info ] [ HEADER ] array (
  'connection' => 'keep-alive',
  'accept' => '*/*',
  'user-agent' => 'Mozilla/5.0 (Macintosh; Intel Mac OS X 10.11; rv:47.0) Gecko/20100101 Firefox/47.0',
  'host' => '101.132.45.200:443',
  'content-type' => '',
  'content-length' => '',
)
[ info ] [ PARAM ] array (
)
[ info ] null
---------------------------------------------------------------

[2020-07-11T01:59:05+08:00] 47.100.130.114 GET /
[运行时间：0.004337s] [吞吐率：230.58req/s] [内存消耗：859.20kb] [文件加载：188]
[ info ] [ LANG ] /var/www/mishop/thinkphp/lang/zh-cn.php
[ info ] [ ROUTE ] array (
)
[ info ] [ HEADER ] array (
  'content-type' => '',
  'content-length' => '',
)
[ info ] [ PARAM ] array (
)
[ info ] null
---------------------------------------------------------------

[2020-07-11T02:59:24+08:00] 183.136.225.43 GET 101.132.45.200:443/
[运行时间：0.004340s] [吞吐率：230.41req/s] [内存消耗：861.66kb] [文件加载：188]
[ info ] [ LANG ] /var/www/mishop/thinkphp/lang/zh-cn.php
[ info ] [ ROUTE ] array (
)
[ info ] [ HEADER ] array (
  'connection' => 'keep-alive',
  'accept' => '*/*',
  'user-agent' => 'Mozilla/5.0 (Macintosh; Intel Mac OS X 10.11; rv:47.0) Gecko/20100101 Firefox/47.0',
  'host' => '101.132.45.200:443',
  'content-type' => '',
  'content-length' => '',
)
[ info ] [ PARAM ] array (
)
[ info ] null
---------------------------------------------------------------

[2020-07-11T04:36:10+08:00] 183.136.225.43 GET 101.132.45.200:443/
[运行时间：0.004544s] [吞吐率：220.07req/s] [内存消耗：861.66kb] [文件加载：188]
[ info ] [ LANG ] /var/www/mishop/thinkphp/lang/zh-cn.php
[ info ] [ ROUTE ] array (
)
[ info ] [ HEADER ] array (
  'connection' => 'keep-alive',
  'accept' => '*/*',
  'user-agent' => 'Mozilla/5.0 (Macintosh; Intel Mac OS X 10.11; rv:47.0) Gecko/20100101 Firefox/47.0',
  'host' => '101.132.45.200:443',
  'content-type' => '',
  'content-length' => '',
)
[ info ] [ PARAM ] array (
)
[ info ] null
---------------------------------------------------------------

[2020-07-11T04:36:29+08:00] 209.17.96.42 GET mishop.holyzq.com/
[运行时间：0.005106s] [吞吐率：195.85req/s] [内存消耗：860.55kb] [文件加载：188]
[ info ] [ LANG ] /var/www/mishop/thinkphp/lang/zh-cn.php
[ info ] [ ROUTE ] array (
)
[ info ] [ HEADER ] array (
  'user-agent' => 'Mozilla/5.0 (compatible; Nimbostratus-Bot/v1.3.2; http://cloudsystemnetworks.com)',
  'host' => 'mishop.holyzq.com',
  'content-type' => '',
  'content-length' => '',
)
[ info ] [ PARAM ] array (
)
[ info ] null
---------------------------------------------------------------

[2020-07-11T05:18:57+08:00] 172.104.76.123 GET 101.132.45.200:443/
[运行时间：0.004263s] [吞吐率：234.58req/s] [内存消耗：861.29kb] [文件加载：188]
[ info ] [ LANG ] /var/www/mishop/thinkphp/lang/zh-cn.php
[ info ] [ ROUTE ] array (
)
[ info ] [ HEADER ] array (
  'connection' => 'close',
  'user-agent' => 'Mozilla/5.0 AppleWebKit/537.36 (KHTML, like Gecko) Mobile Safari/537.36 (compatible; Bytespider; https://zhanzhang.toutiao.com/)',
  'host' => '101.132.45.200:443',
  'content-type' => '',
  'content-length' => '',
)
[ info ] [ PARAM ] array (
)
[ info ] null
---------------------------------------------------------------

[2020-07-11T06:42:07+08:00] 47.100.7.135 GET mishop.holyzq.com/
[运行时间：0.005607s] [吞吐率：178.35req/s] [内存消耗：861.63kb] [文件加载：188]
[ info ] [ LANG ] /var/www/mishop/thinkphp/lang/zh-cn.php
[ info ] [ ROUTE ] array (
)
[ info ] [ HEADER ] array (
  'accept-encoding' => 'gzip',
  'connection' => 'Keep-Alive',
  'host' => 'mishop.holyzq.com',
  'user-agent' => 'Mozilla/5.0 (X11; Ubuntu; Linux x86_64; rv:36.0) Gecko/20100101 Firefox/36.0',
  'content-type' => '',
  'content-length' => '',
)
[ info ] [ PARAM ] array (
)
[ info ] null
---------------------------------------------------------------

[2020-07-11T06:58:40+08:00] 183.136.225.43 GET 101.132.45.200:443/
[运行时间：0.004742s] [吞吐率：210.89req/s] [内存消耗：861.66kb] [文件加载：188]
[ info ] [ LANG ] /var/www/mishop/thinkphp/lang/zh-cn.php
[ info ] [ ROUTE ] array (
)
[ info ] [ HEADER ] array (
  'connection' => 'keep-alive',
  'accept' => '*/*',
  'user-agent' => 'Mozilla/5.0 (Macintosh; Intel Mac OS X 10.11; rv:47.0) Gecko/20100101 Firefox/47.0',
  'host' => '101.132.45.200:443',
  'content-type' => '',
  'content-length' => '',
)
[ info ] [ PARAM ] array (
)
[ info ] null
---------------------------------------------------------------

[2020-07-11T07:10:52+08:00] 54.36.148.112 GET www.techbimu.com/
[运行时间：0.005339s] [吞吐率：187.30req/s] [内存消耗：861.61kb] [文件加载：188]
[ info ] [ LANG ] /var/www/mishop/thinkphp/lang/zh-cn.php
[ info ] [ ROUTE ] array (
)
[ info ] [ HEADER ] array (
  'accept-encoding' => 'deflate, gzip, br',
  'accept' => '*/*',
  'user-agent' => 'Mozilla/5.0 (compatible; AhrefsBot/6.1; +http://ahrefs.com/robot/)',
  'host' => 'www.techbimu.com',
  'content-type' => '',
  'content-length' => '',
)
[ info ] [ PARAM ] array (
)
[ info ] null
---------------------------------------------------------------

[2020-07-11T07:36:17+08:00] 192.35.168.215 GET 101.132.45.200:443/
[运行时间：0.006753s] [吞吐率：148.08req/s] [内存消耗：859.90kb] [文件加载：188]
[ info ] [ LANG ] /var/www/mishop/thinkphp/lang/zh-cn.php
[ info ] [ ROUTE ] array (
)
[ info ] [ HEADER ] array (
  'host' => '101.132.45.200:443',
  'content-type' => '',
  'content-length' => '',
)
[ info ] [ PARAM ] array (
)
[ info ] null
---------------------------------------------------------------

[2020-07-11T07:36:18+08:00] 192.35.168.215 GET 101.132.45.200/
[运行时间：0.003268s] [吞吐率：306.00req/s] [内存消耗：861.39kb] [文件加载：188]
[ info ] [ LANG ] /var/www/mishop/thinkphp/lang/zh-cn.php
[ info ] [ ROUTE ] array (
)
[ info ] [ HEADER ] array (
  'accept-encoding' => 'gzip',
  'accept' => '*/*',
  'user-agent' => 'Mozilla/5.0 zgrab/0.x',
  'host' => '101.132.45.200',
  'content-type' => '',
  'content-length' => '',
)
[ info ] [ PARAM ] array (
)
[ info ] null
---------------------------------------------------------------

[2020-07-11T08:35:44+08:00] 47.101.164.2 GET www.techbimu.com/
[运行时间：0.004430s] [吞吐率：225.73req/s] [内存消耗：861.63kb] [文件加载：188]
[ info ] [ LANG ] /var/www/mishop/thinkphp/lang/zh-cn.php
[ info ] [ ROUTE ] array (
)
[ info ] [ HEADER ] array (
  'accept-encoding' => 'gzip',
  'connection' => 'Keep-Alive',
  'host' => 'www.techbimu.com',
  'user-agent' => 'Mozilla/5.0 (X11; Ubuntu; Linux x86_64; rv:36.0) Gecko/20100101 Firefox/36.0',
  'content-type' => '',
  'content-length' => '',
)
[ info ] [ PARAM ] array (
)
[ info ] null
---------------------------------------------------------------

[2020-07-11T08:36:02+08:00] 183.136.225.43 GET 101.132.45.200:443/
[运行时间：0.004410s] [吞吐率：226.76req/s] [内存消耗：861.66kb] [文件加载：188]
[ info ] [ LANG ] /var/www/mishop/thinkphp/lang/zh-cn.php
[ info ] [ ROUTE ] array (
)
[ info ] [ HEADER ] array (
  'connection' => 'keep-alive',
  'accept' => '*/*',
  'user-agent' => 'Mozilla/5.0 (Macintosh; Intel Mac OS X 10.11; rv:47.0) Gecko/20100101 Firefox/47.0',
  'host' => '101.132.45.200:443',
  'content-type' => '',
  'content-length' => '',
)
[ info ] [ PARAM ] array (
)
[ info ] null
---------------------------------------------------------------

[2020-07-11T09:13:28+08:00] 207.244.92.5 GET 101.132.45.200/
[运行时间：0.004156s] [吞吐率：240.62req/s] [内存消耗：862.12kb] [文件加载：188]
[ info ] [ LANG ] /var/www/mishop/thinkphp/lang/zh-cn.php
[ info ] [ ROUTE ] array (
)
[ info ] [ HEADER ] array (
  'user-agent' => 'python-requests/2.6.0 CPython/2.7.5 Linux/3.10.0-1127.13.1.el7.x86_64',
  'accept' => '*/*',
  'accept-encoding' => 'gzip, deflate',
  'connection' => 'keep-alive',
  'host' => '101.132.45.200',
  'content-type' => '',
  'content-length' => '',
)
[ info ] [ PARAM ] array (
)
[ info ] null
---------------------------------------------------------------

[2020-07-11T09:51:41+08:00] 83.97.20.30 GET 0/
[运行时间：0.004707s] [吞吐率：212.45req/s] [内存消耗：860.25kb] [文件加载：188]
[ info ] [ LANG ] /var/www/mishop/thinkphp/lang/zh-cn.php
[ info ] [ ROUTE ] array (
)
[ info ] [ HEADER ] array (
  'connection' => 'close',
  'host' => '0',
  'content-type' => '',
  'content-length' => '',
)
[ info ] [ PARAM ] array (
)
[ info ] null
---------------------------------------------------------------

[2020-07-11T10:33:58+08:00] 183.136.225.43 GET 101.132.45.200:443/
[运行时间：0.004228s] [吞吐率：236.53req/s] [内存消耗：861.66kb] [文件加载：188]
[ info ] [ LANG ] /var/www/mishop/thinkphp/lang/zh-cn.php
[ info ] [ ROUTE ] array (
)
[ info ] [ HEADER ] array (
  'connection' => 'keep-alive',
  'accept' => '*/*',
  'user-agent' => 'Mozilla/5.0 (Macintosh; Intel Mac OS X 10.11; rv:47.0) Gecko/20100101 Firefox/47.0',
  'host' => '101.132.45.200:443',
  'content-type' => '',
  'content-length' => '',
)
[ info ] [ PARAM ] array (
)
[ info ] null
---------------------------------------------------------------

[2020-07-11T10:38:37+08:00] 192.241.239.59 GET 101.132.45.200/
[运行时间：0.004303s] [吞吐率：232.40req/s] [内存消耗：861.39kb] [文件加载：188]
[ info ] [ LANG ] /var/www/mishop/thinkphp/lang/zh-cn.php
[ info ] [ ROUTE ] array (
)
[ info ] [ HEADER ] array (
  'accept-encoding' => 'gzip',
  'accept' => '*/*',
  'user-agent' => 'Mozilla/5.0 zgrab/0.x',
  'host' => '101.132.45.200',
  'content-type' => '',
  'content-length' => '',
)
[ info ] [ PARAM ] array (
)
[ info ] null
---------------------------------------------------------------

[2020-07-11T11:01:25+08:00] 62.210.188.206 GET 101.132.45.200:443/
[运行时间：0.004921s] [吞吐率：203.21req/s] [内存消耗：861.47kb] [文件加载：188]
[ info ] [ LANG ] /var/www/mishop/thinkphp/lang/zh-cn.php
[ info ] [ ROUTE ] array (
)
[ info ] [ HEADER ] array (
  'user-agent' => 'libwww-perl/6.05',
  'host' => '101.132.45.200:443',
  'connection' => 'TE, close',
  'te' => 'deflate,gzip;q=0.3',
  'content-type' => '',
  'content-length' => '',
)
[ info ] [ PARAM ] array (
)
[ info ] null
---------------------------------------------------------------

[2020-07-11T11:47:41+08:00] 185.39.11.105 GET 101.132.45.200:443/
[运行时间：0.004827s] [吞吐率：207.17req/s] [内存消耗：864.21kb] [文件加载：188]
[ info ] [ LANG ] /var/www/mishop/thinkphp/lang/zh-cn.php
[ info ] [ ROUTE ] array (
)
[ info ] [ HEADER ] array (
  'upgrade-insecure-requests' => '1',
  'connection' => 'close',
  'accept-encoding' => 'gzip, deflate',
  'accept-language' => 'en-GB,en;q=0.5',
  'accept' => 'text/html,application/xhtml+xml,application/xml;q=0.9,image/webp,*/*;q=0.8',
  'user-agent' => 'Mozilla/5.0 (X11; Ubuntu; Linux x86_64; rv:76.0) Gecko/20100101 Firefox/76.0',
  'host' => '101.132.45.200:443',
  'content-type' => '',
  'content-length' => '',
)
[ info ] [ PARAM ] array (
)
[ info ] null
---------------------------------------------------------------

[2020-07-11T12:03:10+08:00] 183.136.225.43 GET 101.132.45.200:443/
[运行时间：0.004645s] [吞吐率：215.28req/s] [内存消耗：861.66kb] [文件加载：188]
[ info ] [ LANG ] /var/www/mishop/thinkphp/lang/zh-cn.php
[ info ] [ ROUTE ] array (
)
[ info ] [ HEADER ] array (
  'connection' => 'keep-alive',
  'accept' => '*/*',
  'user-agent' => 'Mozilla/5.0 (Macintosh; Intel Mac OS X 10.11; rv:47.0) Gecko/20100101 Firefox/47.0',
  'host' => '101.132.45.200:443',
  'content-type' => '',
  'content-length' => '',
)
[ info ] [ PARAM ] array (
)
[ info ] null
---------------------------------------------------------------

[2020-07-11T12:28:40+08:00] 74.82.47.5 GET 101.132.45.200/
[运行时间：0.006255s] [吞吐率：159.87req/s] [内存消耗：859.82kb] [文件加载：188]
[ info ] [ LANG ] /var/www/mishop/thinkphp/lang/zh-cn.php
[ info ] [ ROUTE ] array (
)
[ info ] [ HEADER ] array (
  'host' => '101.132.45.200',
  'content-type' => '',
  'content-length' => '',
)
[ info ] [ PARAM ] array (
)
[ info ] null
---------------------------------------------------------------

[2020-07-11T14:01:07+08:00] 183.136.225.43 GET 101.132.45.200:443/
[运行时间：0.004380s] [吞吐率：228.31req/s] [内存消耗：861.66kb] [文件加载：188]
[ info ] [ LANG ] /var/www/mishop/thinkphp/lang/zh-cn.php
[ info ] [ ROUTE ] array (
)
[ info ] [ HEADER ] array (
  'connection' => 'keep-alive',
  'accept' => '*/*',
  'user-agent' => 'Mozilla/5.0 (Macintosh; Intel Mac OS X 10.11; rv:47.0) Gecko/20100101 Firefox/47.0',
  'host' => '101.132.45.200:443',
  'content-type' => '',
  'content-length' => '',
)
[ info ] [ PARAM ] array (
)
[ info ] null
---------------------------------------------------------------

[2020-07-11T14:49:35+08:00] 47.100.244.51 GET 101.132.45.200/
[运行时间：0.004349s] [吞吐率：229.94req/s] [内存消耗：861.63kb] [文件加载：188]
[ info ] [ LANG ] /var/www/mishop/thinkphp/lang/zh-cn.php
[ info ] [ ROUTE ] array (
)
[ info ] [ HEADER ] array (
  'accept-encoding' => 'gzip',
  'connection' => 'Keep-Alive',
  'host' => '101.132.45.200',
  'user-agent' => 'Mozilla/5.0 (X11; Ubuntu; Linux x86_64; rv:36.0) Gecko/20100101 Firefox/36.0',
  'content-type' => '',
  'content-length' => '',
)
[ info ] [ PARAM ] array (
)
[ info ] null
---------------------------------------------------------------

[2020-07-11T15:10:58+08:00] 80.82.77.227 GET 101.132.45.200/
[运行时间：0.004394s] [吞吐率：227.58req/s] [内存消耗：861.39kb] [文件加载：188]
[ info ] [ LANG ] /var/www/mishop/thinkphp/lang/zh-cn.php
[ info ] [ ROUTE ] array (
)
[ info ] [ HEADER ] array (
  'accept-encoding' => 'gzip',
  'accept' => '*/*',
  'user-agent' => 'Mozilla/5.0 zgrab/0.x',
  'host' => '101.132.45.200',
  'content-type' => '',
  'content-length' => '',
)
[ info ] [ PARAM ] array (
)
[ info ] null
---------------------------------------------------------------

[2020-07-11T15:38:49+08:00] 192.35.168.217 GET 101.132.45.200:443/
[运行时间：0.004868s] [吞吐率：205.42req/s] [内存消耗：859.90kb] [文件加载：188]
[ info ] [ LANG ] /var/www/mishop/thinkphp/lang/zh-cn.php
[ info ] [ ROUTE ] array (
)
[ info ] [ HEADER ] array (
  'host' => '101.132.45.200:443',
  'content-type' => '',
  'content-length' => '',
)
[ info ] [ PARAM ] array (
)
[ info ] null
---------------------------------------------------------------

[2020-07-11T15:38:50+08:00] 192.35.168.217 GET 101.132.45.200/
[运行时间：0.003480s] [吞吐率：287.36req/s] [内存消耗：861.39kb] [文件加载：188]
[ info ] [ LANG ] /var/www/mishop/thinkphp/lang/zh-cn.php
[ info ] [ ROUTE ] array (
)
[ info ] [ HEADER ] array (
  'accept-encoding' => 'gzip',
  'accept' => '*/*',
  'user-agent' => 'Mozilla/5.0 zgrab/0.x',
  'host' => '101.132.45.200',
  'content-type' => '',
  'content-length' => '',
)
[ info ] [ PARAM ] array (
)
[ info ] null
---------------------------------------------------------------

[2020-07-11T17:32:21+08:00] 188.242.67.113 GET 101.132.45.200/
[运行时间：0.004736s] [吞吐率：211.14req/s] [内存消耗：862.49kb] [文件加载：188]
[ info ] [ LANG ] /var/www/mishop/thinkphp/lang/zh-cn.php
[ info ] [ ROUTE ] array (
)
[ info ] [ HEADER ] array (
  'user-agent' => 'Mozilla/5.0 (Windows NT 5.1; rv:9.0.1) Gecko/20100101 Firefox/9.0.1',
  'accept-language' => 'en-US;q=0.6,en;q=0.4',
  'accept-encoding' => 'deflate, gzip, identity',
  'accept' => 'text/html,application/xhtml+xml,application/xml;q=0.9,*/*;q=0.8',
  'host' => '101.132.45.200',
  'content-type' => '',
  'content-length' => '',
)
[ info ] [ PARAM ] array (
)
[ info ] null
---------------------------------------------------------------

[2020-07-11T17:32:22+08:00] 188.242.67.113 GET open.weixin.qq.com/connect/oauth2/authorize?appid=wxe846b6db8a21a631&redirect_uri=https%3A%2F%2F101.132.45.200%2F&response_type=code&scope=snsapi_userinfo&state=da8ca5df2bda7e8c432347bb407b23f1&connect_redirect=1
[运行时间：0.003787s] [吞吐率：264.06req/s] [内存消耗：522.80kb] [文件加载：109]
[ info ] [ LANG ] /var/www/mishop/thinkphp/lang/zh-cn.php
---------------------------------------------------------------

[2020-07-11T17:48:49+08:00] 112.96.36.62 GET mishop.holyzq.com/index/Category/index
[运行时间：0.055331s] [吞吐率：18.07req/s] [内存消耗：1,093.10kb] [文件加载：139]
[ info ] [ LANG ] /var/www/mishop/thinkphp/lang/zh-cn.php
[ info ] [ ROUTE ] array (
)
[ info ] [ HEADER ] array (
  'user-agent' => 'Mozilla/5.0 (iPhone; CPU iPhone OS 13_5_1 like Mac OS X) AppleWebKit/605.1.15 (KHTML, like Gecko) Mobile/15E148 MicroMessenger/7.0.14(0x17000e23) NetType/3G Language/zh_CN',
  'accept-encoding' => 'gzip, deflate, br',
  'connection' => 'keep-alive',
  'accept-language' => 'zh-cn',
  'accept' => 'text/html,application/xhtml+xml,application/xml;q=0.9,*/*;q=0.8',
  'host' => 'mishop.holyzq.com',
  'content-type' => '',
  'content-length' => '',
)
[ info ] [ PARAM ] array (
)
[ info ] [ DB ] INIT mysql
[ info ] [ VIEW ] /var/www/mishop/application/index/view/category/index.html [ array (
  0 => '_category',
  1 => 'categories',
) ]
[ sql ] [ DB ] CONNECT:[ UseTime:0.001358s ] mysql:host=127.0.0.1;port=3306;dbname=mishop;charset=utf8
[ sql ] [ SQL ] SHOW COLUMNS FROM `category` [ RunTime:0.002058s ]
[ sql ] [ SQL ] SELECT * FROM `category` WHERE  `parent_id` = 0 ORDER BY `sort` [ RunTime:0.000330s ]
[ sql ] [ SQL ] SELECT * FROM `category` WHERE  `parent_id` IN (1,5) ORDER BY `sort` [ RunTime:0.000311s ]
[ sql ] [ SQL ] SHOW COLUMNS FROM `photo` [ RunTime:0.001108s ]
[ sql ] [ SQL ] SELECT * FROM `photo` WHERE  `id` IN (3,9,2,10,8,11) [ RunTime:0.000266s ]
---------------------------------------------------------------

[2020-07-11T17:48:52+08:00] 112.96.36.62 GET mishop.holyzq.com/
[运行时间：0.004365s] [吞吐率：229.10req/s] [内存消耗：864.49kb] [文件加载：188]
[ info ] [ LANG ] /var/www/mishop/thinkphp/lang/zh-cn.php
[ info ] [ ROUTE ] array (
)
[ info ] [ HEADER ] array (
  'accept-encoding' => 'gzip, deflate, br',
  'referer' => 'https://mishop.holyzq.com/index/Category/index',
  'accept-language' => 'zh-cn',
  'user-agent' => 'Mozilla/5.0 (iPhone; CPU iPhone OS 13_5_1 like Mac OS X) AppleWebKit/605.1.15 (KHTML, like Gecko) Mobile/15E148 MicroMessenger/7.0.14(0x17000e23) NetType/3G Language/zh_CN',
  'accept' => 'text/html,application/xhtml+xml,application/xml;q=0.9,*/*;q=0.8',
  'connection' => 'keep-alive',
  'host' => 'mishop.holyzq.com',
  'content-type' => '',
  'content-length' => '',
)
[ info ] [ PARAM ] array (
)
[ info ] null
---------------------------------------------------------------

[2020-07-11T17:48:53+08:00] 112.96.36.62 GET mishop.holyzq.com/?code=071sOSJ32RweYR0l7DJ32JJJJ32sOSJv&state=5800275b4f2fdc4b880db50f71610f7e
[运行时间：0.255031s] [吞吐率：3.92req/s] [内存消耗：1,360.43kb] [文件加载：233]
[ info ] [ LANG ] /var/www/mishop/thinkphp/lang/zh-cn.php
[ info ] [ ROUTE ] array (
)
[ info ] [ HEADER ] array (
  'connection' => 'keep-alive',
  'accept-encoding' => 'gzip, deflate, br',
  'accept-language' => 'zh-cn',
  'user-agent' => 'Mozilla/5.0 (iPhone; CPU iPhone OS 13_5_1 like Mac OS X) AppleWebKit/605.1.15 (KHTML, like Gecko) Mobile/15E148 MicroMessenger/7.0.14(0x17000e23) NetType/3G Language/zh_CN',
  'cookie' => 'PHPSESSID=63eui0bfk9u1b781npg753k991',
  'accept' => 'text/html,application/xhtml+xml,application/xml;q=0.9,*/*;q=0.8',
  'host' => 'mishop.holyzq.com',
  'content-type' => '',
  'content-length' => '',
)
[ info ] [ PARAM ] array (
  'code' => '071sOSJ32RweYR0l7DJ32JJJJ32sOSJv',
  'state' => '5800275b4f2fdc4b880db50f71610f7e',
)
[ info ] null
[ info ] [ DB ] INIT mysql
[ info ] /
[ sql ] [ DB ] CONNECT:[ UseTime:0.000393s ] mysql:host=127.0.0.1;port=3306;dbname=mishop;charset=utf8
[ sql ] [ SQL ] SHOW COLUMNS FROM `customer` [ RunTime:0.003636s ]
[ sql ] [ SQL ] SELECT * FROM `customer` WHERE  `openid` = 'ozw1Nw7hVcNxdZLTPO4sqH2Hufyo' LIMIT 1 [ RunTime:0.000333s ]
---------------------------------------------------------------

[2020-07-11T17:48:53+08:00] 112.96.36.62 GET mishop.holyzq.com/
[运行时间：0.016278s] [吞吐率：61.43req/s] [内存消耗：1,200.74kb] [文件加载：193]
[ info ] [ LANG ] /var/www/mishop/thinkphp/lang/zh-cn.php
[ info ] [ ROUTE ] array (
)
[ info ] [ HEADER ] array (
  'connection' => 'keep-alive',
  'accept-encoding' => 'gzip, deflate, br',
  'accept-language' => 'zh-cn',
  'user-agent' => 'Mozilla/5.0 (iPhone; CPU iPhone OS 13_5_1 like Mac OS X) AppleWebKit/605.1.15 (KHTML, like Gecko) Mobile/15E148 MicroMessenger/7.0.14(0x17000e23) NetType/3G Language/zh_CN',
  'cookie' => 'PHPSESSID=63eui0bfk9u1b781npg753k991',
  'accept' => 'text/html,application/xhtml+xml,application/xml;q=0.9,*/*;q=0.8',
  'host' => 'mishop.holyzq.com',
  'content-type' => '',
  'content-length' => '',
)
[ info ] [ PARAM ] array (
)
[ info ] {"id":2,"openid":"ozw1Nw7hVcNxdZLTPO4sqH2Hufyo","sex":1,"nickname":"\u6e05\u8fdc\u660e\u4eae","city":"Whitehorse","province":"Yukon","headimgurl":"http:\/\/thirdwx.qlogo.cn\/mmopen\/vi_32\/1Nu9LYj4CuRLqvzprvjITb9PvFqOnhnfoWbZWwewHxS7Y0JnuaUVWeTicZT4CvYVIjqHE3rRcn1TwPqfs1S6iakA\/132","created_at":"2020-05-07 13:16:56","updated_at":null,"address_id":5}
[ info ] [ DB ] INIT mysql
[ info ] [ VIEW ] /var/www/mishop/application/index/view/index/index.html [ array (
  0 => '_index',
  1 => 'adverts',
  2 => 'banners',
  3 => 'products',
  4 => 'total',
) ]
[ sql ] [ DB ] CONNECT:[ UseTime:0.000467s ] mysql:host=127.0.0.1;port=3306;dbname=mishop;charset=utf8
[ sql ] [ SQL ] SHOW COLUMNS FROM `advert` [ RunTime:0.002551s ]
[ sql ] [ SQL ] SELECT * FROM `advert` WHERE  `category_id` = 1 ORDER BY `sort` DESC [ RunTime:0.000385s ]
[ sql ] [ SQL ] SHOW COLUMNS FROM `photo` [ RunTime:0.000415s ]
[ sql ] [ SQL ] SELECT * FROM `photo` WHERE  `id` IN (46,45,44,43) [ RunTime:0.000260s ]
[ sql ] [ SQL ] SELECT * FROM `advert` WHERE  `category_id` = 2 ORDER BY `sort` DESC [ RunTime:0.000240s ]
[ sql ] [ SQL ] SELECT * FROM `photo` WHERE  `id` IN (49,48,47) [ RunTime:0.000288s ]
[ sql ] [ SQL ] SHOW COLUMNS FROM `product` [ RunTime:0.001152s ]
[ sql ] [ SQL ] SELECT * FROM `product` WHERE (  `is_onsale` = 1 ) AND `product`.`delete_time` IS NULL ORDER BY `sort` LIMIT 2 [ RunTime:0.000331s ]
[ sql ] [ SQL ] SELECT * FROM `photo` WHERE  `id` IN (60,36) [ RunTime:0.000214s ]
[ sql ] [ SQL ] SELECT COUNT(*) AS tp_count FROM `product` WHERE (  `is_onsale` = 1 ) AND `product`.`delete_time` IS NULL [ RunTime:0.000217s ]
---------------------------------------------------------------

[2020-07-11T17:48:57+08:00] 112.96.36.62 POST mishop.holyzq.com/index/Index/get_products
[运行时间：0.007902s] [吞吐率：126.55req/s] [内存消耗：1,146.15kb] [文件加载：191]
[ info ] [ LANG ] /var/www/mishop/thinkphp/lang/zh-cn.php
[ info ] [ ROUTE ] array (
)
[ info ] [ HEADER ] array (
  'cookie' => 'PHPSESSID=63eui0bfk9u1b781npg753k991',
  'content-length' => '6',
  'referer' => 'https://mishop.holyzq.com/',
  'connection' => 'keep-alive',
  'user-agent' => 'Mozilla/5.0 (iPhone; CPU iPhone OS 13_5_1 like Mac OS X) AppleWebKit/605.1.15 (KHTML, like Gecko) Mobile/15E148 MicroMessenger/7.0.14(0x17000e23) NetType/3G Language/zh_CN',
  'origin' => 'https://mishop.holyzq.com',
  'content-type' => 'application/x-www-form-urlencoded; charset=UTF-8',
  'accept-encoding' => 'gzip, deflate, br',
  'accept-language' => 'zh-cn',
  'x-requested-with' => 'XMLHttpRequest',
  'accept' => '*/*',
  'host' => 'mishop.holyzq.com',
)
[ info ] [ PARAM ] array (
  'page' => '2',
)
[ info ] {"id":2,"openid":"ozw1Nw7hVcNxdZLTPO4sqH2Hufyo","sex":1,"nickname":"\u6e05\u8fdc\u660e\u4eae","city":"Whitehorse","province":"Yukon","headimgurl":"http:\/\/thirdwx.qlogo.cn\/mmopen\/vi_32\/1Nu9LYj4CuRLqvzprvjITb9PvFqOnhnfoWbZWwewHxS7Y0JnuaUVWeTicZT4CvYVIjqHE3rRcn1TwPqfs1S6iakA\/132","created_at":"2020-05-07 13:16:56","updated_at":null,"address_id":5}
[ info ] [ DB ] INIT mysql
[ sql ] [ DB ] CONNECT:[ UseTime:0.000463s ] mysql:host=127.0.0.1;port=3306;dbname=mishop;charset=utf8
[ sql ] [ SQL ] SHOW COLUMNS FROM `product` [ RunTime:0.000666s ]
[ sql ] [ SQL ] SELECT * FROM `product` WHERE (  `is_onsale` = 1 ) AND `product`.`delete_time` IS NULL ORDER BY `sort` LIMIT 2,2 [ RunTime:0.000424s ]
[ sql ] [ SQL ] SHOW COLUMNS FROM `photo` [ RunTime:0.000451s ]
[ sql ] [ SQL ] SELECT * FROM `photo` WHERE  `id` IN (53,56) [ RunTime:0.000218s ]
---------------------------------------------------------------

[2020-07-11T17:49:00+08:00] 112.96.36.62 POST mishop.holyzq.com/index/Index/get_products
[运行时间：0.007537s] [吞吐率：132.68req/s] [内存消耗：1,143.56kb] [文件加载：191]
[ info ] [ LANG ] /var/www/mishop/thinkphp/lang/zh-cn.php
[ info ] [ ROUTE ] array (
)
[ info ] [ HEADER ] array (
  'cookie' => 'PHPSESSID=63eui0bfk9u1b781npg753k991',
  'content-length' => '6',
  'referer' => 'https://mishop.holyzq.com/',
  'connection' => 'keep-alive',
  'user-agent' => 'Mozilla/5.0 (iPhone; CPU iPhone OS 13_5_1 like Mac OS X) AppleWebKit/605.1.15 (KHTML, like Gecko) Mobile/15E148 MicroMessenger/7.0.14(0x17000e23) NetType/3G Language/zh_CN',
  'origin' => 'https://mishop.holyzq.com',
  'content-type' => 'application/x-www-form-urlencoded; charset=UTF-8',
  'accept-encoding' => 'gzip, deflate, br',
  'accept-language' => 'zh-cn',
  'x-requested-with' => 'XMLHttpRequest',
  'accept' => '*/*',
  'host' => 'mishop.holyzq.com',
)
[ info ] [ PARAM ] array (
  'page' => '4',
)
[ info ] {"id":2,"openid":"ozw1Nw7hVcNxdZLTPO4sqH2Hufyo","sex":1,"nickname":"\u6e05\u8fdc\u660e\u4eae","city":"Whitehorse","province":"Yukon","headimgurl":"http:\/\/thirdwx.qlogo.cn\/mmopen\/vi_32\/1Nu9LYj4CuRLqvzprvjITb9PvFqOnhnfoWbZWwewHxS7Y0JnuaUVWeTicZT4CvYVIjqHE3rRcn1TwPqfs1S6iakA\/132","created_at":"2020-05-07 13:16:56","updated_at":null,"address_id":5}
[ info ] [ DB ] INIT mysql
[ sql ] [ DB ] CONNECT:[ UseTime:0.000397s ] mysql:host=127.0.0.1;port=3306;dbname=mishop;charset=utf8
[ sql ] [ SQL ] SHOW COLUMNS FROM `product` [ RunTime:0.000710s ]
[ sql ] [ SQL ] SELECT * FROM `product` WHERE (  `is_onsale` = 1 ) AND `product`.`delete_time` IS NULL ORDER BY `sort` LIMIT 4,2 [ RunTime:0.000433s ]
[ sql ] [ SQL ] SHOW COLUMNS FROM `photo` [ RunTime:0.000419s ]
[ sql ] [ SQL ] SELECT * FROM `photo` WHERE  `id` = 58 [ RunTime:0.000209s ]
---------------------------------------------------------------

[2020-07-11T17:49:06+08:00] 112.96.36.62 GET mishop.holyzq.com/index/Customer/index
[运行时间：0.006091s] [吞吐率：164.17req/s] [内存消耗：804.61kb] [文件加载：179]
[ info ] [ LANG ] /var/www/mishop/thinkphp/lang/zh-cn.php
[ info ] [ ROUTE ] array (
)
[ info ] [ HEADER ] array (
  'accept-encoding' => 'gzip, deflate, br',
  'referer' => 'https://mishop.holyzq.com/',
  'accept-language' => 'zh-cn',
  'user-agent' => 'Mozilla/5.0 (iPhone; CPU iPhone OS 13_5_1 like Mac OS X) AppleWebKit/605.1.15 (KHTML, like Gecko) Mobile/15E148 MicroMessenger/7.0.14(0x17000e23) NetType/3G Language/zh_CN',
  'cookie' => 'PHPSESSID=63eui0bfk9u1b781npg753k991',
  'connection' => 'keep-alive',
  'accept' => 'text/html,application/xhtml+xml,application/xml;q=0.9,*/*;q=0.8',
  'host' => 'mishop.holyzq.com',
  'content-type' => '',
  'content-length' => '',
)
[ info ] [ PARAM ] array (
)
[ info ] {"id":2,"openid":"ozw1Nw7hVcNxdZLTPO4sqH2Hufyo","sex":1,"nickname":"\u6e05\u8fdc\u660e\u4eae","city":"Whitehorse","province":"Yukon","headimgurl":"http:\/\/thirdwx.qlogo.cn\/mmopen\/vi_32\/1Nu9LYj4CuRLqvzprvjITb9PvFqOnhnfoWbZWwewHxS7Y0JnuaUVWeTicZT4CvYVIjqHE3rRcn1TwPqfs1S6iakA\/132","created_at":"2020-05-07 13:16:56","updated_at":null,"address_id":5}
[ info ] [ VIEW ] /var/www/mishop/application/index/view/customer/index.html [ array (
  0 => '_customer',
  1 => 'customer',
) ]
---------------------------------------------------------------

[2020-07-11T17:49:09+08:00] 112.96.36.62 GET mishop.holyzq.com/index/Order/index
[运行时间：0.019204s] [吞吐率：52.07req/s] [内存消耗：1,412.41kb] [文件加载：197]
[ info ] [ LANG ] /var/www/mishop/thinkphp/lang/zh-cn.php
[ info ] [ ROUTE ] array (
)
[ info ] [ HEADER ] array (
  'accept-encoding' => 'gzip, deflate, br',
  'referer' => 'https://mishop.holyzq.com/index/Customer/index',
  'accept-language' => 'zh-cn',
  'user-agent' => 'Mozilla/5.0 (iPhone; CPU iPhone OS 13_5_1 like Mac OS X) AppleWebKit/605.1.15 (KHTML, like Gecko) Mobile/15E148 MicroMessenger/7.0.14(0x17000e23) NetType/3G Language/zh_CN',
  'cookie' => 'PHPSESSID=63eui0bfk9u1b781npg753k991',
  'connection' => 'keep-alive',
  'accept' => 'text/html,application/xhtml+xml,application/xml;q=0.9,*/*;q=0.8',
  'host' => 'mishop.holyzq.com',
  'content-type' => '',
  'content-length' => '',
)
[ info ] [ PARAM ] array (
)
[ info ] {"id":2,"openid":"ozw1Nw7hVcNxdZLTPO4sqH2Hufyo","sex":1,"nickname":"\u6e05\u8fdc\u660e\u4eae","city":"Whitehorse","province":"Yukon","headimgurl":"http:\/\/thirdwx.qlogo.cn\/mmopen\/vi_32\/1Nu9LYj4CuRLqvzprvjITb9PvFqOnhnfoWbZWwewHxS7Y0JnuaUVWeTicZT4CvYVIjqHE3rRcn1TwPqfs1S6iakA\/132","created_at":"2020-05-07 13:16:56","updated_at":null,"address_id":5}
[ info ] [ DB ] INIT mysql
[ info ] [ VIEW ] /var/www/mishop/application/index/view/order/index.html [ array (
  0 => '_customer',
  1 => 'orders',
  2 => 'order_status',
) ]
[ sql ] [ DB ] CONNECT:[ UseTime:0.000417s ] mysql:host=127.0.0.1;port=3306;dbname=mishop;charset=utf8
[ sql ] [ SQL ] SHOW COLUMNS FROM `order` [ RunTime:0.001389s ]
[ sql ] [ SQL ] SELECT * FROM `order` ORDER BY `create_time` DESC [ RunTime:0.000482s ]
[ sql ] [ SQL ] SHOW COLUMNS FROM `order_product` [ RunTime:0.001054s ]
[ sql ] [ SQL ] SELECT * FROM `order_product` WHERE  `order_id` IN (26,25,24,23,22,21,20,15,16,17,18,19,14,13,12,11,10,9,8,7,6,5,4,3,2,1) [ RunTime:0.000324s ]
[ sql ] [ SQL ] SHOW COLUMNS FROM `product` [ RunTime:0.000481s ]
[ sql ] [ SQL ] SELECT * FROM `product` WHERE (  `id` IN (7,2,1) ) AND `product`.`delete_time` IS NULL [ RunTime:0.000357s ]
[ sql ] [ SQL ] SHOW COLUMNS FROM `photo` [ RunTime:0.000384s ]
[ sql ] [ SQL ] SELECT * FROM `photo` WHERE  `id` IN (60,36,56) [ RunTime:0.000229s ]
[ sql ] [ SQL ] SHOW COLUMNS FROM `order_address` [ RunTime:0.001015s ]
[ sql ] [ SQL ] SELECT * FROM `order_address` WHERE  `order_id` IN (26,25,24,23,22,21,20,15,16,17,18,19,14,13,12,11,10,9,8,7,6,5,4,3,2,1) [ RunTime:0.000288s ]
---------------------------------------------------------------

[2020-07-11T17:49:14+08:00] 112.96.36.62 GET mishop.holyzq.com/index/Order/pay/id/15
[运行时间：0.222483s] [吞吐率：4.49req/s] [内存消耗：1,522.02kb] [文件加载：267]
[ info ] [ LANG ] /var/www/mishop/thinkphp/lang/zh-cn.php
[ info ] [ ROUTE ] array (
)
[ info ] [ HEADER ] array (
  'accept-encoding' => 'gzip, deflate, br',
  'referer' => 'https://mishop.holyzq.com/index/Order/index',
  'accept-language' => 'zh-cn',
  'user-agent' => 'Mozilla/5.0 (iPhone; CPU iPhone OS 13_5_1 like Mac OS X) AppleWebKit/605.1.15 (KHTML, like Gecko) Mobile/15E148 MicroMessenger/7.0.14(0x17000e23) NetType/3G Language/zh_CN',
  'cookie' => 'PHPSESSID=63eui0bfk9u1b781npg753k991',
  'connection' => 'keep-alive',
  'accept' => 'text/html,application/xhtml+xml,application/xml;q=0.9,*/*;q=0.8',
  'host' => 'mishop.holyzq.com',
  'content-type' => '',
  'content-length' => '',
)
[ info ] [ PARAM ] array (
  'id' => '15',
)
[ info ] {"id":2,"openid":"ozw1Nw7hVcNxdZLTPO4sqH2Hufyo","sex":1,"nickname":"\u6e05\u8fdc\u660e\u4eae","city":"Whitehorse","province":"Yukon","headimgurl":"http:\/\/thirdwx.qlogo.cn\/mmopen\/vi_32\/1Nu9LYj4CuRLqvzprvjITb9PvFqOnhnfoWbZWwewHxS7Y0JnuaUVWeTicZT4CvYVIjqHE3rRcn1TwPqfs1S6iakA\/132","created_at":"2020-05-07 13:16:56","updated_at":null,"address_id":5}
[ info ] [ DB ] INIT mysql
[ sql ] [ DB ] CONNECT:[ UseTime:0.000441s ] mysql:host=127.0.0.1;port=3306;dbname=mishop;charset=utf8
[ sql ] [ SQL ] SHOW COLUMNS FROM `order` [ RunTime:0.000689s ]
[ sql ] [ SQL ] SELECT * FROM `order` WHERE  `id` = 15 LIMIT 1 [ RunTime:0.000327s ]
[ sql ] [ SQL ] SHOW COLUMNS FROM `order_address` [ RunTime:0.000492s ]
[ sql ] [ SQL ] SELECT * FROM `order_address` WHERE  `order_id` = 15 [ RunTime:0.000237s ]
[ error ] [8]未定义数组索引: result_code[/var/www/mishop/application/index/controller/Order.php:168]
---------------------------------------------------------------

[2020-07-11T17:49:14+08:00] 112.96.36.62 GET mishop.holyzq.com/index/Order/pay/id/15
[运行时间：0.146878s] [吞吐率：6.81req/s] [内存消耗：1,450.19kb] [文件加载：267]
[ info ] [ LANG ] /var/www/mishop/thinkphp/lang/zh-cn.php
[ info ] [ ROUTE ] array (
)
[ info ] [ HEADER ] array (
  'accept-encoding' => 'gzip, deflate, br',
  'referer' => 'https://mishop.holyzq.com/index/Order/index',
  'accept-language' => 'zh-cn',
  'user-agent' => 'Mozilla/5.0 (iPhone; CPU iPhone OS 13_5_1 like Mac OS X) AppleWebKit/605.1.15 (KHTML, like Gecko) Mobile/15E148 MicroMessenger/7.0.14(0x17000e23) NetType/3G Language/zh_CN',
  'cookie' => 'PHPSESSID=63eui0bfk9u1b781npg753k991',
  'connection' => 'keep-alive',
  'accept' => 'text/html,application/xhtml+xml,application/xml;q=0.9,*/*;q=0.8',
  'host' => 'mishop.holyzq.com',
  'content-type' => '',
  'content-length' => '',
)
[ info ] [ PARAM ] array (
  'id' => '15',
)
[ info ] {"id":2,"openid":"ozw1Nw7hVcNxdZLTPO4sqH2Hufyo","sex":1,"nickname":"\u6e05\u8fdc\u660e\u4eae","city":"Whitehorse","province":"Yukon","headimgurl":"http:\/\/thirdwx.qlogo.cn\/mmopen\/vi_32\/1Nu9LYj4CuRLqvzprvjITb9PvFqOnhnfoWbZWwewHxS7Y0JnuaUVWeTicZT4CvYVIjqHE3rRcn1TwPqfs1S6iakA\/132","created_at":"2020-05-07 13:16:56","updated_at":null,"address_id":5}
[ info ] [ DB ] INIT mysql
[ sql ] [ DB ] CONNECT:[ UseTime:0.000406s ] mysql:host=127.0.0.1;port=3306;dbname=mishop;charset=utf8
[ sql ] [ SQL ] SHOW COLUMNS FROM `order` [ RunTime:0.000685s ]
[ sql ] [ SQL ] SELECT * FROM `order` WHERE  `id` = 15 LIMIT 1 [ RunTime:0.000311s ]
[ sql ] [ SQL ] SHOW COLUMNS FROM `order_address` [ RunTime:0.000476s ]
[ sql ] [ SQL ] SELECT * FROM `order_address` WHERE  `order_id` = 15 [ RunTime:0.000236s ]
[ error ] [8]未定义数组索引: result_code[/var/www/mishop/application/index/controller/Order.php:168]
---------------------------------------------------------------

[2020-07-11T17:49:18+08:00] 112.96.36.62 GET mishop.holyzq.com/index/Order/index
[运行时间：0.012206s] [吞吐率：81.93req/s] [内存消耗：1,410.80kb] [文件加载：197]
[ info ] [ LANG ] /var/www/mishop/thinkphp/lang/zh-cn.php
[ info ] [ ROUTE ] array (
)
[ info ] [ HEADER ] array (
  'accept-encoding' => 'gzip, deflate, br',
  'referer' => 'https://mishop.holyzq.com/index/Customer/index',
  'accept-language' => 'zh-cn',
  'user-agent' => 'Mozilla/5.0 (iPhone; CPU iPhone OS 13_5_1 like Mac OS X) AppleWebKit/605.1.15 (KHTML, like Gecko) Mobile/15E148 MicroMessenger/7.0.14(0x17000e23) NetType/3G Language/zh_CN',
  'cookie' => 'PHPSESSID=63eui0bfk9u1b781npg753k991',
  'connection' => 'keep-alive',
  'accept' => 'text/html,application/xhtml+xml,application/xml;q=0.9,*/*;q=0.8',
  'host' => 'mishop.holyzq.com',
  'content-type' => '',
  'content-length' => '',
)
[ info ] [ PARAM ] array (
)
[ info ] {"id":2,"openid":"ozw1Nw7hVcNxdZLTPO4sqH2Hufyo","sex":1,"nickname":"\u6e05\u8fdc\u660e\u4eae","city":"Whitehorse","province":"Yukon","headimgurl":"http:\/\/thirdwx.qlogo.cn\/mmopen\/vi_32\/1Nu9LYj4CuRLqvzprvjITb9PvFqOnhnfoWbZWwewHxS7Y0JnuaUVWeTicZT4CvYVIjqHE3rRcn1TwPqfs1S6iakA\/132","created_at":"2020-05-07 13:16:56","updated_at":null,"address_id":5}
[ info ] [ DB ] INIT mysql
[ info ] [ VIEW ] /var/www/mishop/application/index/view/order/index.html [ array (
  0 => '_customer',
  1 => 'orders',
  2 => 'order_status',
) ]
[ sql ] [ DB ] CONNECT:[ UseTime:0.000450s ] mysql:host=127.0.0.1;port=3306;dbname=mishop;charset=utf8
[ sql ] [ SQL ] SHOW COLUMNS FROM `order` [ RunTime:0.000744s ]
[ sql ] [ SQL ] SELECT * FROM `order` ORDER BY `create_time` DESC [ RunTime:0.000398s ]
[ sql ] [ SQL ] SHOW COLUMNS FROM `order_product` [ RunTime:0.000444s ]
[ sql ] [ SQL ] SELECT * FROM `order_product` WHERE  `order_id` IN (26,25,24,23,22,21,20,15,16,17,18,19,14,13,12,11,10,9,8,7,6,5,4,3,2,1) [ RunTime:0.000297s ]
[ sql ] [ SQL ] SHOW COLUMNS FROM `product` [ RunTime:0.000480s ]
[ sql ] [ SQL ] SELECT * FROM `product` WHERE (  `id` IN (7,2,1) ) AND `product`.`delete_time` IS NULL [ RunTime:0.000357s ]
[ sql ] [ SQL ] SHOW COLUMNS FROM `photo` [ RunTime:0.000379s ]
[ sql ] [ SQL ] SELECT * FROM `photo` WHERE  `id` IN (60,36,56) [ RunTime:0.000373s ]
[ sql ] [ SQL ] SHOW COLUMNS FROM `order_address` [ RunTime:0.000423s ]
[ sql ] [ SQL ] SELECT * FROM `order_address` WHERE  `order_id` IN (26,25,24,23,22,21,20,15,16,17,18,19,14,13,12,11,10,9,8,7,6,5,4,3,2,1) [ RunTime:0.000271s ]
---------------------------------------------------------------

[2020-07-11T18:34:49+08:00] 47.98.104.189 GET 101.132.45.200/
[运行时间：0.006678s] [吞吐率：149.74req/s] [内存消耗：861.63kb] [文件加载：188]
[ info ] [ LANG ] /var/www/mishop/thinkphp/lang/zh-cn.php
[ info ] [ ROUTE ] array (
)
[ info ] [ HEADER ] array (
  'accept-encoding' => 'gzip',
  'connection' => 'Keep-Alive',
  'host' => '101.132.45.200',
  'user-agent' => 'Mozilla/5.0 chrome(windows nt/Windows NT;)Chrome',
  'content-type' => '',
  'content-length' => '',
)
[ info ] [ PARAM ] array (
)
[ info ] null
---------------------------------------------------------------

[2020-07-11T18:53:39+08:00] 106.15.224.49 GET mishop.holyzq.com/
[运行时间：0.004931s] [吞吐率：202.80req/s] [内存消耗：861.56kb] [文件加载：188]
[ info ] [ LANG ] /var/www/mishop/thinkphp/lang/zh-cn.php
[ info ] [ ROUTE ] array (
)
[ info ] [ HEADER ] array (
  'accept-encoding' => 'gzip',
  'connection' => 'Keep-Alive',
  'host' => 'mishop.holyzq.com',
  'user-agent' => 'Mozilla/5.0 (Linux/Android/android/iphone;)',
  'content-type' => '',
  'content-length' => '',
)
[ info ] [ PARAM ] array (
)
[ info ] null
---------------------------------------------------------------

[2020-07-11T21:23:48+08:00] 172.104.76.123 GET 101.132.45.200:443/
[运行时间：0.005060s] [吞吐率：197.63req/s] [内存消耗：861.29kb] [文件加载：188]
[ info ] [ LANG ] /var/www/mishop/thinkphp/lang/zh-cn.php
[ info ] [ ROUTE ] array (
)
[ info ] [ HEADER ] array (
  'connection' => 'close',
  'user-agent' => 'Mozilla/5.0 AppleWebKit/537.36 (KHTML, like Gecko) Mobile Safari/537.36 (compatible; Bytespider; https://zhanzhang.toutiao.com/)',
  'host' => '101.132.45.200:443',
  'content-type' => '',
  'content-length' => '',
)
[ info ] [ PARAM ] array (
)
[ info ] null
---------------------------------------------------------------

[2020-07-11T21:36:02+08:00] 162.243.129.22 GET 101.132.45.200/owa/auth/logon.aspx?url=https%3a%2f%2f1%2fecp%2f
[运行时间：0.004353s] [吞吐率：229.72req/s] [内存消耗：522.79kb] [文件加载：109]
[ info ] [ LANG ] /var/www/mishop/thinkphp/lang/zh-cn.php
