---------------------------------------------------------------

[2020-07-13T00:55:51+08:00] 192.241.235.191 GET 101.132.45.200/owa/auth/logon.aspx?url=https%3a%2f%2f1%2fecp%2f
[运行时间：0.003336s] [吞吐率：299.76req/s] [内存消耗：522.78kb] [文件加载：109]
[ info ] [ LANG ] /var/www/mishop/thinkphp/lang/zh-cn.php
---------------------------------------------------------------

[2020-07-13T02:47:14+08:00] 172.104.76.123 GET 101.132.45.200:443/
[运行时间：0.004392s] [吞吐率：227.68req/s] [内存消耗：861.29kb] [文件加载：188]
[ info ] [ LANG ] /var/www/mishop/thinkphp/lang/zh-cn.php
[ info ] [ ROUTE ] array (
)
[ info ] [ HEADER ] array (
  'connection' => 'close',
  'user-agent' => 'Mozilla/5.0 AppleWebKit/537.36 (KHTML, like Gecko) Mobile Safari/537.36 (compatible; Bytespider; https://zhanzhang.toutiao.com/)',
  'host' => '101.132.45.200:443',
  'content-type' => '',
  'content-length' => '',
)
[ info ] [ PARAM ] array (
)
[ info ] null
---------------------------------------------------------------

[2020-07-13T04:25:58+08:00] 157.230.143.29 GET 101.132.45.200/.git/config
[运行时间：0.003204s] [吞吐率：312.10req/s] [内存消耗：522.78kb] [文件加载：109]
[ info ] [ LANG ] /var/www/mishop/thinkphp/lang/zh-cn.php
---------------------------------------------------------------

[2020-07-13T05:19:08+08:00] 203.208.60.59 GET www.techbimu.com/.well-known/assetlinks.json
[运行时间：0.003535s] [吞吐率：282.88req/s] [内存消耗：522.79kb] [文件加载：109]
[ info ] [ LANG ] /var/www/mishop/thinkphp/lang/zh-cn.php
---------------------------------------------------------------

[2020-07-13T06:52:04+08:00] 47.101.43.194 GET www.techbimu.com/
[运行时间：0.004414s] [吞吐率：226.55req/s] [内存消耗：861.63kb] [文件加载：188]
[ info ] [ LANG ] /var/www/mishop/thinkphp/lang/zh-cn.php
[ info ] [ ROUTE ] array (
)
[ info ] [ HEADER ] array (
  'accept-encoding' => 'gzip',
  'connection' => 'Keep-Alive',
  'host' => 'www.techbimu.com',
  'user-agent' => 'Mozilla/5.0 firefox(windows nt/Windows NT;)Firefox',
  'content-type' => '',
  'content-length' => '',
)
[ info ] [ PARAM ] array (
)
[ info ] null
---------------------------------------------------------------

[2020-07-13T08:15:20+08:00] 184.105.139.69 GET 101.132.45.200/
[运行时间：0.004444s] [吞吐率：225.03req/s] [内存消耗：859.82kb] [文件加载：188]
[ info ] [ LANG ] /var/www/mishop/thinkphp/lang/zh-cn.php
[ info ] [ ROUTE ] array (
)
[ info ] [ HEADER ] array (
  'host' => '101.132.45.200',
  'content-type' => '',
  'content-length' => '',
)
[ info ] [ PARAM ] array (
)
[ info ] null
---------------------------------------------------------------

[2020-07-13T09:09:13+08:00] 172.105.89.161 GET 101.132.45.200/0bef
[运行时间：0.003401s] [吞吐率：294.03req/s] [内存消耗：522.77kb] [文件加载：109]
[ info ] [ LANG ] /var/www/mishop/thinkphp/lang/zh-cn.php
---------------------------------------------------------------

[2020-07-13T12:37:22+08:00] 101.251.238.50 GET 101.132.45.200:443/
[运行时间：0.004254s] [吞吐率：235.07req/s] [内存消耗：862.98kb] [文件加载：188]
[ info ] [ LANG ] /var/www/mishop/thinkphp/lang/zh-cn.php
[ info ] [ ROUTE ] array (
)
[ info ] [ HEADER ] array (
  'accept' => 'application/json, text/plain, */*',
  'accept-charset' => 'GBK,utf-8;q=0.7,*;q=0.3',
  'accept-language' => 'zh-CN,zh;q=0.8,en-US;q=0.5,en;q=0.3',
  'accept-encoding' => 'gzip, deflate, br',
  'user-agent' => 'Mozilla/5.0 (Windows NT 6.1; WOW64; rv:52.0) Gecko/20100101 Firefox/52.0',
  'host' => '101.132.45.200:443',
  'content-type' => '',
  'content-length' => '',
)
[ info ] [ PARAM ] array (
)
[ info ] null
---------------------------------------------------------------

[2020-07-13T13:30:38+08:00] 47.101.197.33 GET www.techbimu.com/
[运行时间：0.004397s] [吞吐率：227.42req/s] [内存消耗：861.63kb] [文件加载：188]
[ info ] [ LANG ] /var/www/mishop/thinkphp/lang/zh-cn.php
[ info ] [ ROUTE ] array (
)
[ info ] [ HEADER ] array (
  'accept-encoding' => 'gzip',
  'connection' => 'Keep-Alive',
  'host' => 'www.techbimu.com',
  'user-agent' => 'Mozilla/5.0 (X11; Ubuntu; Linux x86_64; rv:36.0) Gecko/20100101 Firefox/36.0',
  'content-type' => '',
  'content-length' => '',
)
[ info ] [ PARAM ] array (
)
[ info ] null
---------------------------------------------------------------

[2020-07-13T16:45:17+08:00] 192.241.238.210 GET 101.132.45.200/
[运行时间：0.004756s] [吞吐率：210.26req/s] [内存消耗：861.39kb] [文件加载：188]
[ info ] [ LANG ] /var/www/mishop/thinkphp/lang/zh-cn.php
[ info ] [ ROUTE ] array (
)
[ info ] [ HEADER ] array (
  'accept-encoding' => 'gzip',
  'accept' => '*/*',
  'user-agent' => 'Mozilla/5.0 zgrab/0.x',
  'host' => '101.132.45.200',
  'content-type' => '',
  'content-length' => '',
)
[ info ] [ PARAM ] array (
)
[ info ] null
---------------------------------------------------------------

[2020-07-13T18:11:20+08:00] 172.104.108.243 GET 101.132.45.200/
[运行时间：0.004761s] [吞吐率：210.04req/s] [内存消耗：862.24kb] [文件加载：188]
[ info ] [ LANG ] /var/www/mishop/thinkphp/lang/zh-cn.php
[ info ] [ ROUTE ] array (
)
[ info ] [ HEADER ] array (
  'connection' => 'Keep-Alive',
  'host' => '101.132.45.200',
  'accept-encoding' => 'identity',
  'accept' => '*/*',
  'user-agent' => 'Mozilla/5.0 (Windows NT; FreeBSD; Debian; Android) Gecko/20170101 Firefox Chrome Safaria',
  'content-type' => '',
  'content-length' => '',
)
[ info ] [ PARAM ] array (
)
[ info ] null
---------------------------------------------------------------

[2020-07-13T19:27:24+08:00] 172.104.76.123 GET 101.132.45.200:443/
[运行时间：0.004640s] [吞吐率：215.52req/s] [内存消耗：861.29kb] [文件加载：188]
[ info ] [ LANG ] /var/www/mishop/thinkphp/lang/zh-cn.php
[ info ] [ ROUTE ] array (
)
[ info ] [ HEADER ] array (
  'connection' => 'close',
  'user-agent' => 'Mozilla/5.0 AppleWebKit/537.36 (KHTML, like Gecko) Mobile Safari/537.36 (compatible; Bytespider; https://zhanzhang.toutiao.com/)',
  'host' => '101.132.45.200:443',
  'content-type' => '',
  'content-length' => '',
)
[ info ] [ PARAM ] array (
)
[ info ] null
---------------------------------------------------------------

[2020-07-13T19:52:23+08:00] 106.15.76.92 GET /
[运行时间：0.004253s] [吞吐率：235.13req/s] [内存消耗：859.20kb] [文件加载：188]
[ info ] [ LANG ] /var/www/mishop/thinkphp/lang/zh-cn.php
[ info ] [ ROUTE ] array (
)
[ info ] [ HEADER ] array (
  'content-type' => '',
  'content-length' => '',
)
[ info ] [ PARAM ] array (
)
[ info ] null
---------------------------------------------------------------

[2020-07-13T20:35:30+08:00] 128.14.209.242 GET 101.132.45.200/
[运行时间：0.004866s] [吞吐率：205.51req/s] [内存消耗：861.73kb] [文件加载：188]
[ info ] [ LANG ] /var/www/mishop/thinkphp/lang/zh-cn.php
[ info ] [ ROUTE ] array (
)
[ info ] [ HEADER ] array (
  'accept-encoding' => 'gzip',
  'accept' => '*/*',
  'user-agent' => 'Mozilla/5.0 (Windows NT 10.0; Win64; x64) AppleWebKit/537.36 (KHTML, like Gecko) Chrome/60.0.3112.113 Safari/537.36',
  'host' => '101.132.45.200',
  'content-type' => '',
  'content-length' => '',
)
[ info ] [ PARAM ] array (
)
[ info ] null
---------------------------------------------------------------

[2020-07-13T21:36:06+08:00] 157.245.15.224 GET 101.132.45.200/.env
[运行时间：0.003275s] [吞吐率：305.35req/s] [内存消耗：522.77kb] [文件加载：109]
[ info ] [ LANG ] /var/www/mishop/thinkphp/lang/zh-cn.php
---------------------------------------------------------------

[2020-07-13T21:36:11+08:00] 157.245.15.224 POST 101.132.45.200/
[运行时间：0.004658s] [吞吐率：214.69req/s] [内存消耗：862.08kb] [文件加载：188]
[ info ] [ LANG ] /var/www/mishop/thinkphp/lang/zh-cn.php
[ info ] [ ROUTE ] array (
)
[ info ] [ HEADER ] array (
  'content-type' => 'application/x-www-form-urlencoded',
  'content-length' => '20',
  'user-agent' => 'Mozilla/5.0 (X11; Linux x86_64) AppleWebKit/537.36 (KHTML, like Gecko) Chrome/81.0.4044.129 Safari/537.36',
  'accept' => '*/*',
  'accept-encoding' => 'gzip, deflate',
  'connection' => 'keep-alive',
  'host' => '101.132.45.200',
)
[ info ] [ PARAM ] array (
  '0x' => 
  array (
    0 => 'androxgh0st',
  ),
)
[ info ] null
