---------------------------------------------------------------

[2020-07-22T00:01:08+08:00] 99.61.43.17 POST 101.132.45.200/
[运行时间：0.004294s] [吞吐率：232.89req/s] [内存消耗：863.74kb] [文件加载：188]
[ info ] [ LANG ] /var/www/mishop/thinkphp/lang/zh-cn.php
[ info ] [ ROUTE ] array (
)
[ info ] [ HEADER ] array (
  'cookie' => 'PHPSESSID=u8lniva4n31nab5lsicu2qgn9m',
  'cache-control' => 'no-cache',
  'content-length' => '392',
  'host' => '101.132.45.200',
  'user-agent' => 'Mozilla/5.0 (Windows NT 6.1; WOW64; Trident/7.0; ASU2JS; MAAU; rv:11.0) like Gecko',
  'content-type' => 'application/x-www-form-urlencoded',
)
[ info ] [ PARAM ] array (
  'QvANyNOcNbXjrxpduiePfvmy4fGgmT1T7U0yuI6hKfRYWW7pfoTeB167VyWLt5UMp1nG/LWbAk7x6o0kVGzK4V8WCrgfbPODEuOuSvJ2Hg4cXZZtU/h1OIaSFrG2n3DZSInBzPN47ie2/d4DUDzTd2_5Y9K8bi12DVvrVjFTeRukXKSjFq0mqFsXYQM0FikorMVvQmGF1qm03u0GUDkl0VC_qnzd0fx9363QFyWdkAY35UsfgxqYWisC6KJm34elzAjJf8pcwk399239371auHHb0SuuT6bpNIlGK8xZvI4gP92c8UtHy/LRcfrSf82soHpafa0RQ8VzghSMe5d_J4ZyfB5nPSUSiiKR2PJGPiXfISXMOV7nWIU7JxYePvUEMHGwni8' => '',
)
[ info ] null
---------------------------------------------------------------

[2020-07-22T00:03:10+08:00] 99.61.43.17 POST 101.132.45.200/
[运行时间：0.004488s] [吞吐率：222.82req/s] [内存消耗：863.94kb] [文件加载：188]
[ info ] [ LANG ] /var/www/mishop/thinkphp/lang/zh-cn.php
[ info ] [ ROUTE ] array (
)
[ info ] [ HEADER ] array (
  'cookie' => 'PHPSESSID=u8lniva4n31nab5lsicu2qgn9m',
  'cache-control' => 'no-cache',
  'content-length' => '432',
  'host' => '101.132.45.200',
  'user-agent' => 'Mozilla/5.0 (Windows NT 6.1; WOW64; Trident/7.0; ASU2JS; MAAU; rv:11.0) like Gecko',
  'content-type' => 'application/x-www-form-urlencoded',
)
[ info ] [ PARAM ] array (
  'F/QNw4zJMCSbCZmq0oLVvoLGrT6oMnmG6jAY95pc2fLQ8DhAiFs9fXRrxirWmiNqcO67moW/_VEThdUi_KUoprva3k35F3jyI_pAGhQBg3I7pr0dc/YHjJ5r/u_TWbMTiLOey2fPb5_Ulf5wL7UaP9JkxEBvJ6sYMQUuySsKAwbR2i/V6wcXMahKPafAoCaoRD4ZfwjqZZaizfTkul91kVK7eIv/7yCd8Jazam6j1NEy5L_kIfdnQS6mX1ZHDTD9iTEF_i6u7SgqO9eTbzqTJ/I/rR6S1RKzP4SdGEsBGsccf1T85kk8dqNVIcGGOG6YarwADZClWU_MDlNFFi_aSQTjASCkk8u_Er_IwfqXiDfCllgYqvvHYUBQG6Hl5wkGglIPoScJ16OMtK/pnNBnz3NwNI9aBIWYzw_x0spkM6i/KmBe' => '',
)
[ info ] null
---------------------------------------------------------------

[2020-07-22T00:05:13+08:00] 99.61.43.17 POST 101.132.45.200/
[运行时间：0.005031s] [吞吐率：198.77req/s] [内存消耗：863.81kb] [文件加载：188]
[ info ] [ LANG ] /var/www/mishop/thinkphp/lang/zh-cn.php
[ info ] [ ROUTE ] array (
)
[ info ] [ HEADER ] array (
  'cookie' => 'PHPSESSID=u8lniva4n31nab5lsicu2qgn9m',
  'cache-control' => 'no-cache',
  'content-length' => '404',
  'host' => '101.132.45.200',
  'user-agent' => 'Mozilla/5.0 (Windows NT 6.1; WOW64; Trident/7.0; ASU2JS; MAAU; rv:11.0) like Gecko',
  'content-type' => 'application/x-www-form-urlencoded',
)
[ info ] [ PARAM ] array (
  'FPNZw9PBZTLs7415f0teBTbZss0CdFIc8hfOw/j80Jsnq8_qDqkhcwzpVtWNhDqjhL/ZDo0PpVqLjbjj0q0T5zFo69b7KiIzDVX3tfeskZ/8jM0M5DM/A/CyEMBmmAstNXIhpHrgDSbuF7KadMyPHhvj2gzPLJi74VIiuDQ9GTQEaFFHJyWbAS_lVOorIVizrblj5CAYfPhzbYPE/JGMP1xejHud19_cK1YNTwLd0mt_mKa72Gy4AVKD8orJcYH0Yhl4meAFeDG4GP9T5oLA8MwadY_6gIj4Q0TRVE_MznWtq5CDUcAP8ql1AykO_QRVOxcvdIN6uCfq9xjRE7OC3KbqXMtBTWEe6yiwzgZEHSpQZM2F0KhhPF_UBNfJcD6O/mu8083oCKfZ0xaXFnI' => '',
)
[ info ] null
---------------------------------------------------------------

[2020-07-22T00:07:15+08:00] 99.61.43.17 POST 101.132.45.200/
[运行时间：0.004218s] [吞吐率：237.09req/s] [内存消耗：863.81kb] [文件加载：188]
[ info ] [ LANG ] /var/www/mishop/thinkphp/lang/zh-cn.php
[ info ] [ ROUTE ] array (
)
[ info ] [ HEADER ] array (
  'cookie' => 'PHPSESSID=u8lniva4n31nab5lsicu2qgn9m',
  'cache-control' => 'no-cache',
  'content-length' => '416',
  'host' => '101.132.45.200',
  'user-agent' => 'Mozilla/5.0 (Windows NT 6.1; WOW64; Trident/7.0; ASU2JS; MAAU; rv:11.0) like Gecko',
  'content-type' => 'application/x-www-form-urlencoded',
)
[ info ] [ PARAM ] array (
  'Sq1bx9jBZuxIFrPsVgNVVTHKpRRTv1VQbAD7gS/PCGJXRkrcXKsWJDx_sj52vvGAtjOm4tbHzUyOrSxO5O9GWAm_JCqTnZOoBqfgNz4gJRkvWifUsYXk0i1QVYjIW8jo3CRHdlABp6Azyokt2LQrOY6mhWa85h3PIVK/2g4M9_2PE0mR9Hfi_MU/xm6OmJZyaZKbISxTew78H4ns_ZwJHuDRSHolCyYCrfWmo9mdF4WaT_t8FiUyNPtw8gSIGz9nMelEr87txaUoyfp1V9OE52lAmxtpz4KEyYqw1rXBX6eKJP6v2sr8aoyQUWULOPUNQ9FANwupWPSovNFJQgIJq50chL/fb0Cw7uznhPB33y2b7urq6xUvOdNbieB5dCqXggRxxhXsCvM4nRYBGQ4s0MSloq_8/A' => '=',
)
[ info ] null
---------------------------------------------------------------

[2020-07-22T00:09:17+08:00] 99.61.43.17 POST 101.132.45.200/
[运行时间：0.004452s] [吞吐率：224.62req/s] [内存消耗：863.94kb] [文件加载：188]
[ info ] [ LANG ] /var/www/mishop/thinkphp/lang/zh-cn.php
[ info ] [ ROUTE ] array (
)
[ info ] [ HEADER ] array (
  'cookie' => 'PHPSESSID=u8lniva4n31nab5lsicu2qgn9m',
  'cache-control' => 'no-cache',
  'content-length' => '424',
  'host' => '101.132.45.200',
  'user-agent' => 'Mozilla/5.0 (Windows NT 6.1; WOW64; Trident/7.0; ASU2JS; MAAU; rv:11.0) like Gecko',
  'content-type' => 'application/x-www-form-urlencoded',
)
[ info ] [ PARAM ] array (
  'RvBexNPMZvtvlALkDZYIbrmWkDe02AGTdboNW6Ck3BASIvOF0ksQSzOwFomsVWcqYLzdh61Ot0md5W24jOUqlPyQ0RjXXenpzrdn1s0LM_Jf_HE1vxjgYxGiExUB0ZhcYbU8CZUYkuLTIDs5/r85uyCx/sz4Qu0ngvJ1N1oYWhNgcZsgwvzwjLTGuyV5EfuKTQIwFB1EF9O74qxSvyII508eSwV4UXkdPrjnhvPHBOz_tnrNN1pZ/DEAEHvdqwAHlPz_aclQypHNiyAdITTlelbs4xvF5IFtjU/4YcMsHTNEsvOp/jgLbWXbU2vbfE43wjQ2nVG/X1rUSAkCtFw05txU1_XUCVTCd8zLZC8dvBdj2416Py5t1Ru9siYQv/QMl6KapSFdX1/7UtpXFMR5qYN_zc7qdpzugjMiSa0' => '',
)
[ info ] null
---------------------------------------------------------------

[2020-07-22T00:11:20+08:00] 99.61.43.17 POST 101.132.45.200/
[运行时间：0.004298s] [吞吐率：232.67req/s] [内存消耗：863.81kb] [文件加载：188]
[ info ] [ LANG ] /var/www/mishop/thinkphp/lang/zh-cn.php
[ info ] [ ROUTE ] array (
)
[ info ] [ HEADER ] array (
  'cookie' => 'PHPSESSID=u8lniva4n31nab5lsicu2qgn9m',
  'cache-control' => 'no-cache',
  'content-length' => '412',
  'host' => '101.132.45.200',
  'user-agent' => 'Mozilla/5.0 (Windows NT 6.1; WOW64; Trident/7.0; ASU2JS; MAAU; rv:11.0) like Gecko',
  'content-type' => 'application/x-www-form-urlencoded',
)
[ info ] [ PARAM ] array (
  'QKELwt7OMFYBSQhTaPO6ziE03kR/TRqxYeRkamN4thJnKxF2P6FBiwFwvcsZky8nsXgSTgsJTfnXzE9NSC_j1oS2JUqwUMXepPfJHiuWYmbHT2xAW4DtK_Ade5jlFseLkExhXAPNcmDV27JRRaDzVJew4nnOTd4jSNA4uZ8dIOmovvtO0_BjeQdfVLTn6kKzV1sRS1GZlAG8RIY4EessK_km8PNqyw/M1zTiRXJ1cRSYxy0O8yJCoG/vwge/hPYwOWFRAYds08Oa8HiY6Kjxv4ZlLHWEmtzwJailAF5B0Ui_QP32TY0C6T7qrBAmadMlo0TG0Fc1Jjkr40QFycV/AmQ9ahMh2K/Nr/0G4Fh81wUoqaQNZFSwSxn0W6wVCnPIjUVZT_msb5hbX4SZIxHwUoZalA' => '=',
)
[ info ] null
---------------------------------------------------------------

[2020-07-22T00:13:22+08:00] 99.61.43.17 POST 101.132.45.200/
[运行时间：0.005843s] [吞吐率：171.15req/s] [内存消耗：863.56kb] [文件加载：188]
[ info ] [ LANG ] /var/www/mishop/thinkphp/lang/zh-cn.php
[ info ] [ ROUTE ] array (
)
[ info ] [ HEADER ] array (
  'cookie' => 'PHPSESSID=u8lniva4n31nab5lsicu2qgn9m',
  'cache-control' => 'no-cache',
  'content-length' => '376',
  'host' => '101.132.45.200',
  'user-agent' => 'Mozilla/5.0 (Windows NT 6.1; WOW64; Trident/7.0; ASU2JS; MAAU; rv:11.0) like Gecko',
  'content-type' => 'application/x-www-form-urlencoded',
)
[ info ] [ PARAM ] array (
  'QaMLw4mZMagaaVyIx1emL60q0BZkFP_PM2AhWH_oZfhRrwhJMcSzpTBJ1_QTc/uSb8x/_9aAiQ471xJF8OfHfDNCb3rLbWbjdqNbpD0UKZTluN1HZyazFhOc42HXMXucnt8eyTb9HFISTnH_XUxjs6UAKYS9OBmihbc7JjLry1ajL7DqjWDlKwkSi6len1LxOy2YuGst39OZT9wqCxK/S7QJq9C6xq2OUeQFRjBqbLDIIVWoLCmKdakDh6iEQ6zxZlxfUQ5fETdLR8RRuFJ04JNoWjPl478LwX8Uk_WIc4UC1QZcNkjFls4AKCezhBgG3Dsga/xHxrZWI5/V8bXy0p2PWCjoyQP1Oxx5gB9jwGX_KkpGlqtFp3Gd' => '',
)
[ info ] null
---------------------------------------------------------------

[2020-07-22T00:15:25+08:00] 99.61.43.17 POST 101.132.45.200/
[运行时间：0.004695s] [吞吐率：213.00req/s] [内存消耗：863.56kb] [文件加载：188]
[ info ] [ LANG ] /var/www/mishop/thinkphp/lang/zh-cn.php
[ info ] [ ROUTE ] array (
)
[ info ] [ HEADER ] array (
  'cookie' => 'PHPSESSID=u8lniva4n31nab5lsicu2qgn9m',
  'cache-control' => 'no-cache',
  'content-length' => '372',
  'host' => '101.132.45.200',
  'user-agent' => 'Mozilla/5.0 (Windows NT 6.1; WOW64; Trident/7.0; ASU2JS; MAAU; rv:11.0) like Gecko',
  'content-type' => 'application/x-www-form-urlencoded',
)
[ info ] [ PARAM ] array (
  'E/MNxNmbMoZ0f90WTU24tENbYi0W5slJoILGLJt_iJpQSNOyerUsRScEGkCMcgQB4vGq2qEj5wS2Vwpzg9yCL0MF7DpQV6kG1alG/awzZJT7TBUtmuaA1fZ2lQwkbZQhNuRBxU4m3aD79q_tgxfsf5j8GEnHv9loPZQTj4bWhSKFJxWxUbPfq1C0tMSBL1R7QiOknj8O_gtndzXp_Icamrmjg9vnFVEvi28f3FC4D/YnNW2w9t08wpTvTXcmdWXux7i/ksmhGxDHRd9TNKCvSqX7LCjJtetvFGMcyT/f4o6pyT0ciV6duP0ttcZu5mllRgeKboX4Yw9YX06VZaoxiOZpufLbnPkDshkwTIQeSRMuXCl03XJo' => '',
)
[ info ] null
---------------------------------------------------------------

[2020-07-22T00:17:27+08:00] 99.61.43.17 POST 101.132.45.200/
[运行时间：0.004538s] [吞吐率：220.37req/s] [内存消耗：863.94kb] [文件加载：188]
[ info ] [ LANG ] /var/www/mishop/thinkphp/lang/zh-cn.php
[ info ] [ ROUTE ] array (
)
[ info ] [ HEADER ] array (
  'cookie' => 'PHPSESSID=u8lniva4n31nab5lsicu2qgn9m',
  'cache-control' => 'no-cache',
  'content-length' => '428',
  'host' => '101.132.45.200',
  'user-agent' => 'Mozilla/5.0 (Windows NT 6.1; WOW64; Trident/7.0; ASU2JS; MAAU; rv:11.0) like Gecko',
  'content-type' => 'application/x-www-form-urlencoded',
)
[ info ] [ PARAM ] array (
  'RvBWxNqeZj6HSOFpyJ0gAwLpAWOzlTLUC4VyXCWwIEswkdat24v8VSlPJxjr7d7_0/13PN_24d4zQCy1wQCBdbPSaMjFgbuBfzTTYXF5czZyjQdNoPrLKEaxUyC19SHGQSMgop0XqAtjgEdIKPdBtpkjKvBtjCtEfNLM8nz/wB6wq6HqTcQCjSSIhI8o4T0y1OZwP7NWz//CRX5P2aiFFBdgl4GZwhfieq7H3aACfXefXZcKH6H16V6RyO05CKfLiMxIyVRDbxzcdjfPyhPpwbeQVOV0937qIJrM37uS1e1_X3zzE0LpwPhb6ZA6VfKttEj_qDbhjxnDWxzsaxyOKHGV5dm52_QVroAbUKVtnN/fj8FK9Ixb0_1M65ZDDK5Fu0pllxgHXziCC_aqNwe3ARknBg1vjzp/9VfGpQB995q3' => '',
)
[ info ] null
---------------------------------------------------------------

[2020-07-22T00:19:29+08:00] 99.61.43.17 POST 101.132.45.200/
[运行时间：0.004707s] [吞吐率：212.46req/s] [内存消耗：863.75kb] [文件加载：188]
[ info ] [ LANG ] /var/www/mishop/thinkphp/lang/zh-cn.php
[ info ] [ ROUTE ] array (
)
[ info ] [ HEADER ] array (
  'cookie' => 'PHPSESSID=u8lniva4n31nab5lsicu2qgn9m',
  'cache-control' => 'no-cache',
  'content-length' => '392',
  'host' => '101.132.45.200',
  'user-agent' => 'Mozilla/5.0 (Windows NT 6.1; WOW64; Trident/7.0; ASU2JS; MAAU; rv:11.0) like Gecko',
  'content-type' => 'application/x-www-form-urlencoded',
)
[ info ] [ PARAM ] array (
  'S/BXxI6ZYs29lrB74CDIYzR2Sp4CojNsAr/011_c9Vrl1JJSTo8Q3Y94kXZXLsV1vK1hQL1xheuTI0Z/c/5CYgMU8g3OgWvBjfdWtFSmkPIYlbue4s0oOE_qdjxOKWS/vDJE/cozl7Nd0vWvDekeG_8E7YDQAdJQrUIskiTW1tk_EihfGxEBhtYUj0X0j7SX/gJkygP0SsLiZOCQ7lm4hFBjVYJV5iq1Rg7n31QzSabrSz8w6vIYyAVZTVYZZrHcY5a43DGwC9bRCTxsjOGCbGVRxh3tnEmGgx04S/1CX4RwZNvdcjXR9e4q1IuYGwKkq1ik0m_FKgqaupviG9dWl6VKMXWhirSdRzfZtR5Rg/aqRR_zmpxEJZi8xJonXX7lXDq9obiO' => '',
)
[ info ] null
---------------------------------------------------------------

[2020-07-22T00:21:31+08:00] 99.61.43.17 POST 101.132.45.200/
[运行时间：0.004309s] [吞吐率：232.08req/s] [内存消耗：863.75kb] [文件加载：188]
[ info ] [ LANG ] /var/www/mishop/thinkphp/lang/zh-cn.php
[ info ] [ ROUTE ] array (
)
[ info ] [ HEADER ] array (
  'cookie' => 'PHPSESSID=u8lniva4n31nab5lsicu2qgn9m',
  'cache-control' => 'no-cache',
  'content-length' => '392',
  'host' => '101.132.45.200',
  'user-agent' => 'Mozilla/5.0 (Windows NT 6.1; WOW64; Trident/7.0; ASU2JS; MAAU; rv:11.0) like Gecko',
  'content-type' => 'application/x-www-form-urlencoded',
)
[ info ] [ PARAM ] array (
  'R6xbyIjBZAQjjHS65Xe6ZlcxZNmUCJL_I315G1yMWlx1SyyTfQ3RTJRpen6hDdg5Nevg0U5j0ihb6LPHG_1CIyosSJ_Qa/BAlcZ0JT9dYvRJ_w1oIrlTqkRDSlWBQw14GBOFuqbfOc_CY_ahn6Oj4E8xmL4cLVwWDwCbPFArhAqtRtY8wnITlIrxyOokCuL0QrGbRQr/W4qEM4yKm71B3DehEmTnk3eVeoEKucnh/NfqQ0QKdDtRVBYWp8lY_eEK/k8aAHrChlFmCdWyOa4gzQCLjEj3rloGyyPuxPL8G4U2G4QPhlCoQz5WQQ7X6dzJfSl/Q6YJIxP8PY08v0IBXTdMswiejveJokQv6k9Bdq53IufynbQSTlpeFXSRGEnA/JJIpw' => '=',
)
[ info ] null
---------------------------------------------------------------

[2020-07-22T00:23:34+08:00] 99.61.43.17 POST 101.132.45.200/
[运行时间：0.004332s] [吞吐率：230.84req/s] [内存消耗：863.94kb] [文件加载：188]
[ info ] [ LANG ] /var/www/mishop/thinkphp/lang/zh-cn.php
[ info ] [ ROUTE ] array (
)
[ info ] [ HEADER ] array (
  'cookie' => 'PHPSESSID=u8lniva4n31nab5lsicu2qgn9m',
  'cache-control' => 'no-cache',
  'content-length' => '440',
  'host' => '101.132.45.200',
  'user-agent' => 'Mozilla/5.0 (Windows NT 6.1; WOW64; Trident/7.0; ASU2JS; MAAU; rv:11.0) like Gecko',
  'content-type' => 'application/x-www-form-urlencoded',
)
[ info ] [ PARAM ] array (
  'RfFYwt6ZMsgk5y/09beikeF2P34KOEjwg/4qhVdySQuu3LDiXDgjH0MQtQ8kJHRGkPWRdEyUKXpibHYETURbdOuoqDQVRibun2060Jp23bang0HhisWxx6H42LNJ8HOA25tnnGJuWQRN7mamgdUS3pNUrXIyI4btneNMLMZ4pcn8sOT2_bV25btHMYHqt/MxCa7pPEd26cOqhd8bH0feHRtiOoooxZJKvevL4rOCBRSI3mIYnK_ncPE/5VTvmmoKSgv4L5MLP7I58xdsGoMzXGmHMQsx1cjB4om11SKpAPKoOQzKSuB2Q0KhFvg_35o/D28brSKN_8/rCH2/ZYm2/p5d1reEK726P2oJdH5mt0EwASVuo8l7C6linDYZek/VFJGWgDGWAc3dV6_SZrxzm6QhwUDa5B31r5qqLc9zPUM6Yk0lE2D9bA' => '=',
)
[ info ] null
---------------------------------------------------------------

[2020-07-22T00:25:36+08:00] 99.61.43.17 POST 101.132.45.200/
[运行时间：0.004638s] [吞吐率：215.60req/s] [内存消耗：863.81kb] [文件加载：188]
[ info ] [ LANG ] /var/www/mishop/thinkphp/lang/zh-cn.php
[ info ] [ ROUTE ] array (
)
[ info ] [ HEADER ] array (
  'cookie' => 'PHPSESSID=u8lniva4n31nab5lsicu2qgn9m',
  'cache-control' => 'no-cache',
  'content-length' => '408',
  'host' => '101.132.45.200',
  'user-agent' => 'Mozilla/5.0 (Windows NT 6.1; WOW64; Trident/7.0; ASU2JS; MAAU; rv:11.0) like Gecko',
  'content-type' => 'application/x-www-form-urlencoded',
)
[ info ] [ PARAM ] array (
  'RfcKxtKZMeZQyG961pJSd_QetPU09sfv_hOZ/n3mgmuptyaUDFVzG0pKf8Y7h5W3dTcxNyjoG_i0czf2VlqFceC_diqIjmCp7vgkgheiPOYCU3N/NsMVJm5DHtED2ybKI8/D0_dMwLI5QH_D/xSR1ZgKYbspk0U/DXI_N9wxA4Z_VtSuyiYtyt3WgMKBWCJe6oyyTjXlYYn_F25fUDl7Cj_gj5u5XuN95iCLWKH0cRKQE63ZfrU94QszRAP2rgVtiZyij8HQEPU170Pj2Ey8vtV6stqc7Jslp2XA0VlheEmXSJxNmsbKRndI3ujohdKfixOJEYOA/Zf/zgaGCAcJGbZ8Tg7GnGMQwU6FS3swhFL/epJ31jSRJ0lGj5vAV64mSWapfYhYEyBN48F0D0JIyVju' => '',
)
[ info ] null
---------------------------------------------------------------

[2020-07-22T00:27:38+08:00] 99.61.43.17 POST 101.132.45.200/
[运行时间：0.004639s] [吞吐率：215.56req/s] [内存消耗：863.81kb] [文件加载：188]
[ info ] [ LANG ] /var/www/mishop/thinkphp/lang/zh-cn.php
[ info ] [ ROUTE ] array (
)
[ info ] [ HEADER ] array (
  'cookie' => 'PHPSESSID=u8lniva4n31nab5lsicu2qgn9m',
  'cache-control' => 'no-cache',
  'content-length' => '396',
  'host' => '101.132.45.200',
  'user-agent' => 'Mozilla/5.0 (Windows NT 6.1; WOW64; Trident/7.0; ASU2JS; MAAU; rv:11.0) like Gecko',
  'content-type' => 'application/x-www-form-urlencoded',
)
[ info ] [ PARAM ] array (
  'Ra0KktnMZzjlwu2BHbUtZb//dPabU7c1kjRfl7/Rp3loZv/jkfg9m3DMN1biX3IcNSkguxnxW2y7eQmiyXZKfRm8amq9MAwTBGza4EMD_yU3AHEA4R1RNaXRs2tekvdpV2NFdqq0nPY_aRXqjPyg9KtkeMIgvme3doQH3Au_0h9M5UeIIvgXOoGPmzj8kq6DQxw8V8NoEWv4kXwEsMukhHyTEYyxyw_fiMYJrSnlt2DyKwsSseC0IlFK1VamALbo5Gwz3jvALskbF56yV8/1n3WT_N3qiUhd0ODvs6/Lo4TOBBH6XKHbfCZCP/HZnJP6wdtVnax6BP3VnNK0ioNavsPhWkcdknK9ezM32iBeQA1hBhSGf2s5llOQm1iKtgbkaPwj1xNXlbf/' => '',
)
[ info ] null
---------------------------------------------------------------

[2020-07-22T00:29:21+08:00] 58.217.159.126 GET 101.132.45.200/
[运行时间：0.004887s] [吞吐率：204.62req/s] [内存消耗：861.80kb] [文件加载：188]
[ info ] [ LANG ] /var/www/mishop/thinkphp/lang/zh-cn.php
[ info ] [ ROUTE ] array (
)
[ info ] [ HEADER ] array (
  'connection' => 'keep-alive',
  'accept' => 'text/html, image/gif, image/jpeg, *; q=.2, */*; q=.2',
  'host' => '101.132.45.200',
  'user-agent' => 'Mozilla/5.0 (Windows NT 10.0; Win64; x64) AppleWebKit/537.36 (KHTML, like Gecko) Chrome/83.0.4103.97 Safari/537.36',
  'content-type' => '',
  'content-length' => '',
)
[ info ] [ PARAM ] array (
)
[ info ] null
---------------------------------------------------------------

[2020-07-22T00:29:41+08:00] 99.61.43.17 POST 101.132.45.200/
[运行时间：0.004275s] [吞吐率：233.93req/s] [内存消耗：863.63kb] [文件加载：188]
[ info ] [ LANG ] /var/www/mishop/thinkphp/lang/zh-cn.php
[ info ] [ ROUTE ] array (
)
[ info ] [ HEADER ] array (
  'cookie' => 'PHPSESSID=u8lniva4n31nab5lsicu2qgn9m',
  'cache-control' => 'no-cache',
  'content-length' => '384',
  'host' => '101.132.45.200',
  'user-agent' => 'Mozilla/5.0 (Windows NT 6.1; WOW64; Trident/7.0; ASU2JS; MAAU; rv:11.0) like Gecko',
  'content-type' => 'application/x-www-form-urlencoded',
)
[ info ] [ PARAM ] array (
  'FqAMlI_eZvIZ/Ojq99qMm_6eyDSzC4Wd6BUlaWBfG5nKuVHtd/wEijV2HYfjM1w1rUalW_yWZOIlNGnMJUKBdi6/JXvV_iANJp/OjH1OpB1FXim4GoE0VQdkE23n_mhNpH88Pl_AjKOZH2Ik/0Ndfy8LzrgwSarvRfRvE97b8MlAaNIc7iA3TlwJY2ZcOMrSBsrRPIM42JHHjPrxSxORSgo1RZCPkidUGWJamQemozBARBpbeGzBH3WwYhbJTcRiGJb9yQOgpUPEbU0I_GZmBLubfcwkashoAqPwoOUg4mkn//SBRSUetnc0XTXnz3MetWT5rwI5oFTftrCcqAxMg/yRePd1S5CRoXOssZ8pTP_ottEL/MpW2NEGA4nwKupe' => '',
)
[ info ] null
---------------------------------------------------------------

[2020-07-22T00:31:44+08:00] 99.61.43.17 POST 101.132.45.200/
[运行时间：0.006347s] [吞吐率：157.55req/s] [内存消耗：863.94kb] [文件加载：188]
[ info ] [ LANG ] /var/www/mishop/thinkphp/lang/zh-cn.php
[ info ] [ ROUTE ] array (
)
[ info ] [ HEADER ] array (
  'cookie' => 'PHPSESSID=u8lniva4n31nab5lsicu2qgn9m',
  'cache-control' => 'no-cache',
  'content-length' => '440',
  'host' => '101.132.45.200',
  'user-agent' => 'Mozilla/5.0 (Windows NT 6.1; WOW64; Trident/7.0; ASU2JS; MAAU; rv:11.0) like Gecko',
  'content-type' => 'application/x-www-form-urlencoded',
)
[ info ] [ PARAM ] array (
  'RvAPwNPJMe0q/kaJsxJdtc2YkSSOw/Al5ID7Yh1apzg23s8ib27_irBfK1f9TxtNgtcXUoFIixQ5XxAaJi62SzjKOO05J5aeHJAThqV_yAEkzLwjiRKoMXFHmGYPJab977aE1uqicR5tWSlGds3msqtT9RKblikXn5M_x95k6dscUqVx7laR_I6skQViblzJrgMBsdULHh4BeOMmubEqAuhM21tkWJXz2GXg1IdCwYleUk92UF03KyQAFyytzkttqu/iC6nufXMlmYmB6OuVojwXObXhj6lnYx0_w0b1IT0MLCdBKGKZR7F/myI13CM5G3rVVaJ3dII2SI10ZdaoJN442LMRH5mKtbfdBvj9NyEEjLaDB4l4dI1_hlIBlXYEGbkb1qS_0TmmJeRKtJ9P2Heu0WX/yzTKR_lzytTNBt6uVdxuzO/hGQw' => '',
)
[ info ] null
---------------------------------------------------------------

[2020-07-22T00:33:47+08:00] 99.61.43.17 POST 101.132.45.200/
[运行时间：0.004954s] [吞吐率：201.86req/s] [内存消耗：863.81kb] [文件加载：188]
[ info ] [ LANG ] /var/www/mishop/thinkphp/lang/zh-cn.php
[ info ] [ ROUTE ] array (
)
[ info ] [ HEADER ] array (
  'cookie' => 'PHPSESSID=u8lniva4n31nab5lsicu2qgn9m',
  'cache-control' => 'no-cache',
  'content-length' => '396',
  'host' => '101.132.45.200',
  'user-agent' => 'Mozilla/5.0 (Windows NT 6.1; WOW64; Trident/7.0; ASU2JS; MAAU; rv:11.0) like Gecko',
  'content-type' => 'application/x-www-form-urlencoded',
)
[ info ] [ PARAM ] array (
  'R/NaxNrMNiFudkitzXB70E4_2KN4_xsFneiwpbjzzEQQMZpSA3wGtQRiwkC3pc9_WzltD0iZE8ucrew_3iyW3DZ0LZc6vO5TR3Dxs3dhOukkKDuJnYwDkneYMFht02wMIhXPUoJEb0JAfIpqS1a4LtZV61o_GgfI1dVYuD5towVak1/KD84yFzHdc/6r8EKajOA8/b7p9yF/NBwbekMONP0jdsGJxB7whcRt6tiXKkQ7yEux2_OLaDHIensN4bJp_bYc2i74jIa3L08CAYa7tFmJFLlcNp8XgEU3XivVjFKwYr9CDkofWSnY9uWttW130uodT8nCPpyKmN/vl951dPe_hdK62IEvqLp2v3DHGoYrndw5eWX1Vs1ZgAKqjkBxTMMIfmr6AN0v' => '',
)
[ info ] null
---------------------------------------------------------------

[2020-07-22T00:33:57+08:00] 172.104.76.123 GET 101.132.45.200:443/
[运行时间：0.005335s] [吞吐率：187.44req/s] [内存消耗：861.29kb] [文件加载：188]
[ info ] [ LANG ] /var/www/mishop/thinkphp/lang/zh-cn.php
[ info ] [ ROUTE ] array (
)
[ info ] [ HEADER ] array (
  'connection' => 'close',
  'user-agent' => 'Mozilla/5.0 AppleWebKit/537.36 (KHTML, like Gecko) Mobile Safari/537.36 (compatible; Bytespider; https://zhanzhang.toutiao.com/)',
  'host' => '101.132.45.200:443',
  'content-type' => '',
  'content-length' => '',
)
[ info ] [ PARAM ] array (
)
[ info ] null
---------------------------------------------------------------

[2020-07-22T00:35:49+08:00] 99.61.43.17 POST 101.132.45.200/
[运行时间：0.004443s] [吞吐率：225.06req/s] [内存消耗：863.94kb] [文件加载：188]
[ info ] [ LANG ] /var/www/mishop/thinkphp/lang/zh-cn.php
[ info ] [ ROUTE ] array (
)
[ info ] [ HEADER ] array (
  'cookie' => 'PHPSESSID=u8lniva4n31nab5lsicu2qgn9m',
  'cache-control' => 'no-cache',
  'content-length' => '428',
  'host' => '101.132.45.200',
  'user-agent' => 'Mozilla/5.0 (Windows NT 6.1; WOW64; Trident/7.0; ASU2JS; MAAU; rv:11.0) like Gecko',
  'content-type' => 'application/x-www-form-urlencoded',
)
[ info ] [ PARAM ] array (
  'SvFdl9_ZMiu9slYm4USSbneHrSuQ/dN6dIn/W2ESeIyTdzy5SI81nuQDyhNRaNzhTPUm/GIDiwxsWj8ckj5U_mepX/tBDLp84fQLonIu2LrO498ZtbL01DaS5d69eAaCLS4jysJmgvMoMV/gFqd5yhYo//Ds3qVOztUeID5sad7/TcOLf5kFSpmxTj8ioh5M/V5r575JR86ECaK7rJ//xtYvX5NmBvrZ0k7V58jWco/B1IniRrFhecJgc3Xs4njdtzslv0ZEruvkHZxDQ_WHc0CJ2nf5BQ_YQ51HTEpoOqU7m9/3CR4Dv7pCMR6cQbfrBTa7AhCtlcMzL/IkeNH9ygJRTNll3UdklMTDsG2gMMavM4bLbGWUhi5TDD21k20C8sYnqStboRaThPi/aRTmo5zvLHysvTdVhyNyemqi0w' => '=',
)
[ info ] null
---------------------------------------------------------------

[2020-07-22T00:37:52+08:00] 99.61.43.17 POST 101.132.45.200/
[运行时间：0.004372s] [吞吐率：228.72req/s] [内存消耗：863.94kb] [文件加载：188]
[ info ] [ LANG ] /var/www/mishop/thinkphp/lang/zh-cn.php
[ info ] [ ROUTE ] array (
)
[ info ] [ HEADER ] array (
  'cookie' => 'PHPSESSID=u8lniva4n31nab5lsicu2qgn9m',
  'cache-control' => 'no-cache',
  'content-length' => '444',
  'host' => '101.132.45.200',
  'user-agent' => 'Mozilla/5.0 (Windows NT 6.1; WOW64; Trident/7.0; ASU2JS; MAAU; rv:11.0) like Gecko',
  'content-type' => 'application/x-www-form-urlencoded',
)
[ info ] [ PARAM ] array (
  'QaAMlYvBMYSeQxUTJkJeIxkQWDTeR3_xbHoBSZwiDjuhLyctBOBEPKdZhtUEtGQn54RrPgfVCh/Gs56zAoPtcgJYiM4CvDUMkEoWPfiyYA2BJoxgEtQCHVpIIebyZGQ2yYotK5GqdE4cq6G98BynrR6rLyVuKZxvGNCmv/r_0p9gJvhk0dGUf9dMrFDMv3l6tc4HsW5PSFVjdfx_V_EoxINFPNzgo7hRs9btW/wYV9Ztt_9Op/XmWszF8LB7YLFM21GDmBcMdJdRF_K7No2ISsHN4ZDPzGS1gYo0Hd8UsrG2A2ERUR6myAgU51DQkPWy/u6X800elyOfNnvnTi1U7sainZd3FUC2pu_uFetYWkjiNoEooaP_nauQi_ZbTksfOG5VH3QhTSTDPLsIeaRAGwbQxkrob5jhEkGATGBkp02gfQiaDoK/URK7qQ' => '=',
)
[ info ] null
---------------------------------------------------------------

[2020-07-22T00:39:54+08:00] 99.61.43.17 POST 101.132.45.200/
[运行时间：0.004781s] [吞吐率：209.16req/s] [内存消耗：863.94kb] [文件加载：188]
[ info ] [ LANG ] /var/www/mishop/thinkphp/lang/zh-cn.php
[ info ] [ ROUTE ] array (
)
[ info ] [ HEADER ] array (
  'cookie' => 'PHPSESSID=u8lniva4n31nab5lsicu2qgn9m',
  'cache-control' => 'no-cache',
  'content-length' => '444',
  'host' => '101.132.45.200',
  'user-agent' => 'Mozilla/5.0 (Windows NT 6.1; WOW64; Trident/7.0; ASU2JS; MAAU; rv:11.0) like Gecko',
  'content-type' => 'application/x-www-form-urlencoded',
)
[ info ] [ PARAM ] array (
  'QaJcwIieZkIVnx6XsdlRAoGM5NbJuuusnvTCElUGVsxyS2VNURyktcuUmCd0COA7ETzz5g4JspN3XP5icpjpv5GXqEgQdBVT_IHIje3XMOcStPfzPfvHe9V6g46Rp1bQC1HG7zs3PoaTscvteiO3NR84nbASuNjKqmLCqltH0GTYkoTfb3wlZFb3iLvoshBsAm9_u2PRADS5VBO1t9WCpUJ8gbKLihg8_mYexQ_hzCHvaR04l0lo_wrTC/DUtUJbyNIxDogJjWmIuOzkn0jzSgksh2WTpry_5n4LDvk8hsjmvlv1k27CyGv5lG3BRo7A79YH3tZnPSFa2RB3XKk0N2DxS1/Ssb70qtmIzVzmzkOvr1UnF_zeiq30nxVwkr7gozmbiwhC6PgD8rV1acKs9yBK35D5jpkaBPJBpY_C7LZwpou7_wHKRspDu7c' => '',
)
[ info ] null
---------------------------------------------------------------

[2020-07-22T00:41:57+08:00] 99.61.43.17 POST 101.132.45.200/
[运行时间：0.005115s] [吞吐率：195.50req/s] [内存消耗：863.94kb] [文件加载：188]
[ info ] [ LANG ] /var/www/mishop/thinkphp/lang/zh-cn.php
[ info ] [ ROUTE ] array (
)
[ info ] [ HEADER ] array (
  'cookie' => 'PHPSESSID=u8lniva4n31nab5lsicu2qgn9m',
  'cache-control' => 'no-cache',
  'content-length' => '428',
  'host' => '101.132.45.200',
  'user-agent' => 'Mozilla/5.0 (Windows NT 6.1; WOW64; Trident/7.0; ASU2JS; MAAU; rv:11.0) like Gecko',
  'content-type' => 'application/x-www-form-urlencoded',
)
[ info ] [ PARAM ] array (
  'R/RfxI6cbb8KqSUwhpotyJ1auo/Z0/mLIzBpiBEgxCc8Z//20bUh2sJqXrOYy2AnjPS0tP0/9KpdMbpoYKbsIW_6p00i69s50pk7oIhLmuIhc/4Z5sS/hAl9SUOld8sieNQJcbevAvpf6raThgtacB1OFxozssGRFSytbrci0Wf3aG9sPVqmL6B5L1IhTJ_BfTM3K4L9GfOXYTlkcmj8zqvtwQSsAH2O8hfOaDyE3uzyT1P6zH3iOxKWd3O23wFG6Dsy13umGJ7moMo5lsERju/PKzzfJY3EEk8PAfGTlQq4klAGRIMCgHzsMXjKFhFGKbMkgbeN9nS2h5T6Gv3JuUIRfhYAHl/Y4igEnR3Rw_QtA5KAZIGNGFf1di4//J5IlZ_8iOSLtkYu8uC1_rjKXkFjQt53mF7kp8ipNKR6Mw' => '=',
)
[ info ] null
---------------------------------------------------------------

[2020-07-22T00:43:59+08:00] 99.61.43.17 POST 101.132.45.200/
[运行时间：0.004372s] [吞吐率：228.72req/s] [内存消耗：863.94kb] [文件加载：188]
[ info ] [ LANG ] /var/www/mishop/thinkphp/lang/zh-cn.php
[ info ] [ ROUTE ] array (
)
[ info ] [ HEADER ] array (
  'cookie' => 'PHPSESSID=u8lniva4n31nab5lsicu2qgn9m',
  'cache-control' => 'no-cache',
  'content-length' => '428',
  'host' => '101.132.45.200',
  'user-agent' => 'Mozilla/5.0 (Windows NT 6.1; WOW64; Trident/7.0; ASU2JS; MAAU; rv:11.0) like Gecko',
  'content-type' => 'application/x-www-form-urlencoded',
)
[ info ] [ PARAM ] array (
  'R6RXw4nIYMZsn76UvejWYSk55NFH7RrWarbHWUA9F69w8LrUaoqqppex2aaueO4iIiUVIDr0qbKnqh3DU0zpEJrRREYF/jC_lk3dWJsWOjY5WReDiBy0k5bNEfLs_r5HVBdOv2TBlHjhdLPYrbWlJOH/dEPuECdE/ZhdcvSrFkRu2YrSJrqiwmD4lNOfvcT2OtTalruIDPhGEVjYStWX5tG3PeUmu3uBvnUE2dgn9yxXPsYnZuHCJdjl9IzripAcS9phodKAo/eqmVzOXS2MRCkN8ETu62wgNJzMVYE_k0eYRYyzrWL_QDBFs0zUay7PtGDpSf2ujks7ct3UuOoYzPmqBP3JQ4AUKV80egj22DWHRTClJ0DlTtVOCmrYAAv1SB0Fgi4HcOpR1AEVcFVfIdJaMnoWnMx6X1um/6BM4qNw' => '',
)
[ info ] null
---------------------------------------------------------------

[2020-07-22T00:46:01+08:00] 99.61.43.17 POST 101.132.45.200/
[运行时间：0.004837s] [吞吐率：206.74req/s] [内存消耗：863.94kb] [文件加载：188]
[ info ] [ LANG ] /var/www/mishop/thinkphp/lang/zh-cn.php
[ info ] [ ROUTE ] array (
)
[ info ] [ HEADER ] array (
  'cookie' => 'PHPSESSID=u8lniva4n31nab5lsicu2qgn9m',
  'cache-control' => 'no-cache',
  'content-length' => '440',
  'host' => '101.132.45.200',
  'user-agent' => 'Mozilla/5.0 (Windows NT 6.1; WOW64; Trident/7.0; ASU2JS; MAAU; rv:11.0) like Gecko',
  'content-type' => 'application/x-www-form-urlencoded',
)
[ info ] [ PARAM ] array (
  'F6dWko7BMnq0dtsHZGtanB5yZ6XqRbRuE_AN20e0fZKPhujGDv7_fre0kxaMGQF73Pm16dKHpNZ1iwZSzn6nlzJCTRaxkHLNL6T89ddXKYHcqWSL20k7RxLYGYBz_tmP6/JuU5nyKLLj7spx4ZxaDuL/s0_Qd200tgN9KdjKQG3Hcud7JeQXTkrJSuk6Ym/QkFbgE4HuqgspZbtEjTxseto9r2c64A2hcd3c8vgjUqQYDJWj1o/ioP3oPiF8Lz9EfAwtAW7ZcGBfRQ_yBwKU9MbrdHxT7KLzA7c_jjnNuPmcLYc7yQPBzDUxO842Q31EDilxy/O0LK2lP65o0zX_QpGO6ubXHymVaBOZgIs9WVvvOchg/eYRP60m9MTkPBfsHFIgVgMxFM_kiMgN9ZC7Qn4_g2501D2Sa6c10Ur5txlm2zM7I2N4bx5b' => '',
)
[ info ] null
---------------------------------------------------------------

[2020-07-22T00:48:04+08:00] 99.61.43.17 POST 101.132.45.200/
[运行时间：0.004190s] [吞吐率：238.67req/s] [内存消耗：863.56kb] [文件加载：188]
[ info ] [ LANG ] /var/www/mishop/thinkphp/lang/zh-cn.php
[ info ] [ ROUTE ] array (
)
[ info ] [ HEADER ] array (
  'cookie' => 'PHPSESSID=u8lniva4n31nab5lsicu2qgn9m',
  'cache-control' => 'no-cache',
  'content-length' => '384',
  'host' => '101.132.45.200',
  'user-agent' => 'Mozilla/5.0 (Windows NT 6.1; WOW64; Trident/7.0; ASU2JS; MAAU; rv:11.0) like Gecko',
  'content-type' => 'application/x-www-form-urlencoded',
)
[ info ] [ PARAM ] array (
  'R/FYx9jBbKmOYkrBPU6ORf6eoLNBLKmb6uTdDbuddp6GkBo2RUAwwsKpTqzOTua6x0iGQVzebG3iyI00lkyA4hDsnCLUi_9FDsA3nkFv8ZCjjeAV7fo1/1xIQTymQaGlfouZsQRnBXuXj8B1d5qGQwVxatiUQlrffBlsyMlF57TM0CPNAG6xLuKbEGb/IPe6y7YdXHUc/iiXO5ZjHqkG8Pj3JKtP8VluYdNcqUbPCBf/5BEeU9rmLALs_gLsTTh39IKlijTfN98Nt0z7o0WN5CcrXO8qG700GCQzVJ0YSmB4cFBl6LLFgMOQwvfYLmIAEQoA0xPVvgmP6jnyf6K2ByEesSo5bkKpwF5gNe7eXPxp5cR4/_mIOmZ2wnPApAA' => '',
)
[ info ] null
---------------------------------------------------------------

[2020-07-22T00:50:07+08:00] 99.61.43.17 POST 101.132.45.200/
[运行时间：0.004303s] [吞吐率：232.40req/s] [内存消耗：863.56kb] [文件加载：188]
[ info ] [ LANG ] /var/www/mishop/thinkphp/lang/zh-cn.php
[ info ] [ ROUTE ] array (
)
[ info ] [ HEADER ] array (
  'cookie' => 'PHPSESSID=u8lniva4n31nab5lsicu2qgn9m',
  'cache-control' => 'no-cache',
  'content-length' => '380',
  'host' => '101.132.45.200',
  'user-agent' => 'Mozilla/5.0 (Windows NT 6.1; WOW64; Trident/7.0; ASU2JS; MAAU; rv:11.0) like Gecko',
  'content-type' => 'application/x-www-form-urlencoded',
)
[ info ] [ PARAM ] array (
  'QKNYwY7JZ8fB05WcvOVBS6bmYhi/BVK0mBDTA8QOGRxzWgPq7lBWir_1uJNYxPEXuUi9H2gPEQyimJsrbCLo_rbJJ4CPl9H0hCChpwicjnB80G18yMLaHYEhoffLAW76SyS1qT4GJ5_IZvqsfDIREcBgWU5X0YUDIaLrMw08oPDi_XWpUKEwWSASakL2NztTBT9k9e5HQUhHOa2Hm/rXYvfMtz1Se76osFQCB17zFXGwC6DTVU/6M05a_qlbBMvBVsf_WTMT60MutbGpci7XMwusTQRmdkRCsCS_z9hOuv3_QDdDZBVrViMaNYz7Ov720HVZVdrR789w200JFeWuIcNv_LZtJf4MULKFh9RRCwazR6wcT2ORQWETsQ' => '=',
)
[ info ] null
---------------------------------------------------------------

[2020-07-22T00:52:09+08:00] 99.61.43.17 POST 101.132.45.200/
[运行时间：0.004368s] [吞吐率：228.93req/s] [内存消耗：863.56kb] [文件加载：188]
[ info ] [ LANG ] /var/www/mishop/thinkphp/lang/zh-cn.php
[ info ] [ ROUTE ] array (
)
[ info ] [ HEADER ] array (
  'cookie' => 'PHPSESSID=u8lniva4n31nab5lsicu2qgn9m',
  'cache-control' => 'no-cache',
  'content-length' => '384',
  'host' => '101.132.45.200',
  'user-agent' => 'Mozilla/5.0 (Windows NT 6.1; WOW64; Trident/7.0; ASU2JS; MAAU; rv:11.0) like Gecko',
  'content-type' => 'application/x-www-form-urlencoded',
)
[ info ] [ PARAM ] array (
  'FqZaxNjLNt3QMJya8JNoQMgm9CaIOIY1CMrdALRSeQbARjbNaw_SK1eNRHE17XRovEAWbqTE/xw0tAMfpryHNSJoJOVLQXVEEMmDEXqEJ4k5WrUHsbT_sm3ZXz7uVpFwALgXuYZv/4pro0wOO9zD8bFRC3MY2HD95UAYCnCdFtYUSE3zkHEpp/GNADYP7SMzerF55W18apTVJ_V27wLCh6xCthw1ipFA_8FkITxhGRLvNEE7hegm/uJXylEKoyX1b0jvFuYtqaXUOz73YGwJpCmBJ2Fb1jwjCrnRxXgNeF0dsl/BjeZTvCKhV7S2YvqL1qoK/QDVew/jfYurcRhCw3Iw6eK9w/QvP2tpf7bfK65HWKMU1b4bte1D7CxlkpE' => '',
)
[ info ] null
---------------------------------------------------------------

[2020-07-22T00:54:12+08:00] 99.61.43.17 POST 101.132.45.200/
[运行时间：0.004453s] [吞吐率：224.57req/s] [内存消耗：863.81kb] [文件加载：188]
[ info ] [ LANG ] /var/www/mishop/thinkphp/lang/zh-cn.php
[ info ] [ ROUTE ] array (
)
[ info ] [ HEADER ] array (
  'cookie' => 'PHPSESSID=u8lniva4n31nab5lsicu2qgn9m',
  'cache-control' => 'no-cache',
  'content-length' => '416',
  'host' => '101.132.45.200',
  'user-agent' => 'Mozilla/5.0 (Windows NT 6.1; WOW64; Trident/7.0; ASU2JS; MAAU; rv:11.0) like Gecko',
  'content-type' => 'application/x-www-form-urlencoded',
)
[ info ] [ PARAM ] array (
  'R6ddwtnKZWd4vyiqIwiJv5ut4f80hVegNRz4TRiHDFwsE/ntWJA5FeigUelt0OaVIKU5_o2SOJpCl3xTLQpVuNtg9ALYoIq/jfLetA9Ib_kiHYBdFlqoXB0r_GAObvqBzYwbdWwPcNWowN1IdTYxT0JSs7Oly7q75W9PTB/w80ahlI2GGRVqRSK7cC93t_nF1aaplBvD/2u7YoReQqQK5rM9v5eaFzYfCin3h/1/EDavFM3kGMyVP/dDPKkqlOcMZ369HSAz2eU3jVx/VED2jdCpdBJ51M0J0/6pkBZCRpFu9X_KU/obmFN5j1a/sr30zJymDWnJXcP1HJ26SpIr82u4ZasyS1zdndTyotjEx0k1dILJ3rwsY/7hAQ8v1wClE3PseDnzs_WWtpYF0WDKpmbIx/pJuB0' => '',
)
[ info ] null
---------------------------------------------------------------

[2020-07-22T00:56:14+08:00] 99.61.43.17 POST 101.132.45.200/
[运行时间：0.004425s] [吞吐率：226.00req/s] [内存消耗：863.81kb] [文件加载：188]
[ info ] [ LANG ] /var/www/mishop/thinkphp/lang/zh-cn.php
[ info ] [ ROUTE ] array (
)
[ info ] [ HEADER ] array (
  'cookie' => 'PHPSESSID=u8lniva4n31nab5lsicu2qgn9m',
  'cache-control' => 'no-cache',
  'content-length' => '412',
  'host' => '101.132.45.200',
  'user-agent' => 'Mozilla/5.0 (Windows NT 6.1; WOW64; Trident/7.0; ASU2JS; MAAU; rv:11.0) like Gecko',
  'content-type' => 'application/x-www-form-urlencoded',
)
[ info ] [ PARAM ] array (
  'RKddxNrJbR6_2l3jZdJa2ljhRyI9DPgEc9pfe1RGCb5zr2_4NvYVDUCPhe7YO1NKfRaHC_DyR5wdc0Ltdjtow_VQsus_AJHqnH1nX7B/fOvBx2zyYRwRejd52dXr0nbDiNKTcbKSkNSfyUxb/uEUH9lqZHG5cKmePZ6rk3ef7a26Ieou/fQCxxegsvAgnRrXhXN7niws8TpcYisWJ0ah/mP0giZHhOp1vk7nN6ouUjzFk8S7FKpd1YPEVKeJgQuKNOSmVF/unehSAbzJ1lFsCSeSGSA6GW8gmDrfEctU8QX8xsrQhS_KbSLsUcfmmdoyO_I1QqvC62GAaZNzRf78pNXyGtYdkhNegmjcLIHKGujUY0ZkhCEOyRDWmqiAB_J/14Z8AMfzPBQSwhEtaqz3yOR6bcnu' => '',
)
[ info ] null
---------------------------------------------------------------

[2020-07-22T00:58:20+08:00] 99.61.43.17 POST 101.132.45.200/
[运行时间：0.004779s] [吞吐率：209.25req/s] [内存消耗：863.56kb] [文件加载：188]
[ info ] [ LANG ] /var/www/mishop/thinkphp/lang/zh-cn.php
[ info ] [ ROUTE ] array (
)
[ info ] [ HEADER ] array (
  'cookie' => 'PHPSESSID=u8lniva4n31nab5lsicu2qgn9m',
  'cache-control' => 'no-cache',
  'content-length' => '372',
  'host' => '101.132.45.200',
  'user-agent' => 'Mozilla/5.0 (Windows NT 6.1; WOW64; Trident/7.0; ASU2JS; MAAU; rv:11.0) like Gecko',
  'content-type' => 'application/x-www-form-urlencoded',
)
[ info ] [ PARAM ] array (
  'RvFWx9KeY2vzSTzuH5qrpjwGidnFVONBQkfHnEDh2VLHvlTt_S8hijzv6vEo069McJLvKhhcNRMXg8cv5azBl1wUrbaRMExzggR6iOXPcjLH06yqiopuvhTOVHvGLUWrRqHgNHyD1ZiJVWbLtTZcuVsH10Mj51Yn9uTHp/STf65/zwBTv0WIG3/XC4VDVXpsPkhaY2MiMTwUxw19M/Ib8lplvSytnqExZl1ArUDZjL_zXWkAOq6q5hs_nAdb5qTWlsfiPAvJupsYoG3h_ZWVcSM3Pqe3jxKHfhicHG2Zeb6SC2tUnWjbSXVSPyjgy6q5IlG7f43NVNicnBAQcSIieQYtd0jdhRZICcu8BUMKUbuDZu90FRZ6' => '',
)
[ info ] null
---------------------------------------------------------------

[2020-07-22T01:00:22+08:00] 99.61.43.17 POST 101.132.45.200/
[运行时间：0.005673s] [吞吐率：176.27req/s] [内存消耗：863.56kb] [文件加载：188]
[ info ] [ LANG ] /var/www/mishop/thinkphp/lang/zh-cn.php
[ info ] [ ROUTE ] array (
)
[ info ] [ HEADER ] array (
  'cookie' => 'PHPSESSID=u8lniva4n31nab5lsicu2qgn9m',
  'cache-control' => 'no-cache',
  'content-length' => '360',
  'host' => '101.132.45.200',
  'user-agent' => 'Mozilla/5.0 (Windows NT 6.1; WOW64; Trident/7.0; ASU2JS; MAAU; rv:11.0) like Gecko',
  'content-type' => 'application/x-www-form-urlencoded',
)
[ info ] [ PARAM ] array (
  'RqRcyInMNS7Gk3wr_H2rftPo07Ntf0qDaUKThU02DAzcfUa9sxKSGuSN6YI41iumw5SuF8lDZ1/DZKX97wVxgKnlA4ViCQMFl18N1zKXlTW_TSipdnq/XGFNxYxNUFfJO2GitE4mUrAIxuPBAWzDSwsUkveT2OGLmkK7Upd/AKMZHsMtC09chO3cy/EWZVy1KVdwyWfA3gwhcTqDAYgEsHYQEGKPOLQslTamMTrJfxPG_uorP2Yz9kzWNteOeFRRHUKUd_dvZxYUvYLFGx56H/wY10jE039O2_fUJpPi4hBiVXpMJWwHO76v5QVcJxH3KISgV6AEaGUYSB3noBCVg8RDZaRpcZoE919Bd/fa' => '',
)
[ info ] null
---------------------------------------------------------------

[2020-07-22T01:02:24+08:00] 99.61.43.17 POST 101.132.45.200/
[运行时间：0.005301s] [吞吐率：188.64req/s] [内存消耗：863.81kb] [文件加载：188]
[ info ] [ LANG ] /var/www/mishop/thinkphp/lang/zh-cn.php
[ info ] [ ROUTE ] array (
)
[ info ] [ HEADER ] array (
  'cookie' => 'PHPSESSID=u8lniva4n31nab5lsicu2qgn9m',
  'cache-control' => 'no-cache',
  'content-length' => '404',
  'host' => '101.132.45.200',
  'user-agent' => 'Mozilla/5.0 (Windows NT 6.1; WOW64; Trident/7.0; ASU2JS; MAAU; rv:11.0) like Gecko',
  'content-type' => 'application/x-www-form-urlencoded',
)
[ info ] [ PARAM ] array (
  'QPZal93NMCNK5YznaCviIisHUQEFigoEmP4QxGAqr4tS7YwdAbilsD38gkelQtnHOGfTWq1Idbw12uAULI3XjSaqJksQbzIRE3o65ddjfQFsaFo2xcG/Q1SJJufUhHyxWIZ6S0IiCD/1Dj58rqExNbQ0Tm78b/S_hpAEhyQq9RkGptTP7s_U2ZW3iISs0PqTBWt5rIB2L7hfIWzdgd0FucUNw0T/ntAjpakZMOFO17rApthAtMlU2m38_A2kk5cJt9deo2DGS/P3L0gQC_huIBAcDcQNR6nRTAnsiRvSgUzJGe8fUsf/6wPOBTqCrSu49L86MBgtwrtJkq4rWcv9G283dQHmalL2TaRUe9Taau4MAksPnHCfgfucu/Vf_WoQ3YlWpfK7s87U1izvMw' => '=',
)
[ info ] null
---------------------------------------------------------------

[2020-07-22T01:04:26+08:00] 99.61.43.17 POST 101.132.45.200/
[运行时间：0.004577s] [吞吐率：218.48req/s] [内存消耗：863.94kb] [文件加载：188]
[ info ] [ LANG ] /var/www/mishop/thinkphp/lang/zh-cn.php
[ info ] [ ROUTE ] array (
)
[ info ] [ HEADER ] array (
  'cookie' => 'PHPSESSID=u8lniva4n31nab5lsicu2qgn9m',
  'cache-control' => 'no-cache',
  'content-length' => '428',
  'host' => '101.132.45.200',
  'user-agent' => 'Mozilla/5.0 (Windows NT 6.1; WOW64; Trident/7.0; ASU2JS; MAAU; rv:11.0) like Gecko',
  'content-type' => 'application/x-www-form-urlencoded',
)
[ info ] [ PARAM ] array (
  'SvNelNjLYOhLREpihrXwwmPBJuJcBz4zEp_xXJCGLstpX_DT6NtVibystGI85HGYd9SWJ1xSHF2ItkGNadd5jLPjnE54viQLWM2w1pZNwuuXorznguHhK3k9ReBp/VMjg8iuRaXQQWGshcle5PSdlU0C9vesYc1B3ahO1_bF1J/hyTw_7LS/rwpWRDkUvEYnVFeyztqgKART7H7oS7oZUjjK/fWX3UpeBmkT_DEFdVrsQsGQofMya8i2JZkMX1V5CmAEz8YbOIuJ4v6AmTy/2CIhFwaLmAwxXAL_9/MRTpw_UCA4gdWTwMsKLkrp5p6JzHLGFcPZjdQBv66GdGygni5MKLDkXAHhZatEM9aM8lF2as20oqQDp4Y36dvyEKS1nVNV6LnMtju3nJjV3VVjQP3IFrA/GhlBFNt/P4A0yOw' => '',
)
[ info ] null
---------------------------------------------------------------

[2020-07-22T01:06:29+08:00] 99.61.43.17 POST 101.132.45.200/
[运行时间：0.004183s] [吞吐率：239.06req/s] [内存消耗：863.81kb] [文件加载：188]
[ info ] [ LANG ] /var/www/mishop/thinkphp/lang/zh-cn.php
[ info ] [ ROUTE ] array (
)
[ info ] [ HEADER ] array (
  'cookie' => 'PHPSESSID=u8lniva4n31nab5lsicu2qgn9m',
  'cache-control' => 'no-cache',
  'content-length' => '400',
  'host' => '101.132.45.200',
  'user-agent' => 'Mozilla/5.0 (Windows NT 6.1; WOW64; Trident/7.0; ASU2JS; MAAU; rv:11.0) like Gecko',
  'content-type' => 'application/x-www-form-urlencoded',
)
[ info ] [ PARAM ] array (
  'RaELldvPNfHbWMfo4lt7ZF5uHtxJQbQJt5nrMCqT/rSa8klza1zpdPqehhn077Pvl80TvoiARk8DceiLplb329Zpn1Ee/fyGwV93vieGtV7DVh3oJb50QuUx8Ry3bwtfDrptcqAa8hOth/VOocqySKiM_4ZqnOY0wm5GZr1IaZLXb6JKl/yu29ZVodDyHrJuHZj_gmv1fVHGG5t2/TTrNC3xEHpeRoitYEn/Yh41utCYqtM0DjlHhUWrPUom5fkGTB5OGmJ6uQkJgClQ_dVbgs4V5PlIm/KpKc9JW1FSbNHQ8GWoHk/mlwJLfh/q7eYOWStOP9kszqOom2LhkBXPhlBcfdbDY8QutNZTiOb94CCDprTy_1Whsd3Qw0AXR2DhZLBl/wDFXZgYXoQ' => '',
)
[ info ] null
---------------------------------------------------------------

[2020-07-22T01:08:31+08:00] 99.61.43.17 POST 101.132.45.200/
[运行时间：0.004621s] [吞吐率：216.40req/s] [内存消耗：863.56kb] [文件加载：188]
[ info ] [ LANG ] /var/www/mishop/thinkphp/lang/zh-cn.php
[ info ] [ ROUTE ] array (
)
[ info ] [ HEADER ] array (
  'cookie' => 'PHPSESSID=u8lniva4n31nab5lsicu2qgn9m',
  'cache-control' => 'no-cache',
  'content-length' => '364',
  'host' => '101.132.45.200',
  'user-agent' => 'Mozilla/5.0 (Windows NT 6.1; WOW64; Trident/7.0; ASU2JS; MAAU; rv:11.0) like Gecko',
  'content-type' => 'application/x-www-form-urlencoded',
)
[ info ] [ PARAM ] array (
  'RPRelImbbCnBNE4KoUxo1g2ToOex1PPTmt/4vQcodVOQgzMUb8fw0l9ZC_DIdErp73_yHM9Z5sMrpTt4vpcPQ0NoHUtbIYdGcISbwLE9z36WU5eozjfh4leSytAPMYjXLxCqw3KleZfiWI7X_NHeoGs8_L56yr5snqOhiHhSjEzfQJLKp4Xwzxz2dA3t_CRqxbwYKI1L2f8VgaepxqZtfzaYo5aHyk/dAe6R3CUvv9mpptjhNIZMT_JjoaS_CwZ0F8we0QqG/yqz5T2xj_lMr2MQ5sZ7nFEof6ZwXn_SUEdPWEfhJfy6BXjS0mw_1GunW3VXIqAXQlbSgnRMkkORvxG5S6MbMI3aOoYdfipYeX8' => '',
)
[ info ] null
---------------------------------------------------------------

[2020-07-22T01:10:33+08:00] 99.61.43.17 POST 101.132.45.200/
[运行时间：0.004463s] [吞吐率：224.07req/s] [内存消耗：863.56kb] [文件加载：188]
[ info ] [ LANG ] /var/www/mishop/thinkphp/lang/zh-cn.php
[ info ] [ ROUTE ] array (
)
[ info ] [ HEADER ] array (
  'cookie' => 'PHPSESSID=u8lniva4n31nab5lsicu2qgn9m',
  'cache-control' => 'no-cache',
  'content-length' => '372',
  'host' => '101.132.45.200',
  'user-agent' => 'Mozilla/5.0 (Windows NT 6.1; WOW64; Trident/7.0; ASU2JS; MAAU; rv:11.0) like Gecko',
  'content-type' => 'application/x-www-form-urlencoded',
)
[ info ] [ PARAM ] array (
  'S6xZk9jLMIbKVL0dstN9pfuF9sn0/Mj5amE/RzoWLKSrFNTmhPFY9/86X1QJJT5uSMcMhr3jIITFWmCclf4guVGlwcHb7q2WJqdDj2FA_p77DUQVt4IV5pWEZ_l6CRlRfpNPsm4gGfuEd9EU/E5hr5rw7flYbFOWnS25Ixgq/BMc81dTBMFbFa7eCc4H1qFqcAPdA6IOD/1V5cZ18F6ivg4gWDywv_ZcTZZOBAtMlE42z5Oc2axhac809f1e_pXLWc2TDEWnMsDiB7fKyszX0Egz3xS8i9/Zhz27oObZrDK4XCwCfbrq9aqAGhwTZMdyohFLIRPmDscsc5tNma9LbWi2cVZgFLhUItvK_gkAlXZ/wm8m/g' => '=',
)
[ info ] null
---------------------------------------------------------------

[2020-07-22T01:12:35+08:00] 99.61.43.17 POST 101.132.45.200/
[运行时间：0.004491s] [吞吐率：222.66req/s] [内存消耗：863.94kb] [文件加载：188]
[ info ] [ LANG ] /var/www/mishop/thinkphp/lang/zh-cn.php
[ info ] [ ROUTE ] array (
)
[ info ] [ HEADER ] array (
  'cookie' => 'PHPSESSID=u8lniva4n31nab5lsicu2qgn9m',
  'cache-control' => 'no-cache',
  'content-length' => '436',
  'host' => '101.132.45.200',
  'user-agent' => 'Mozilla/5.0 (Windows NT 6.1; WOW64; Trident/7.0; ASU2JS; MAAU; rv:11.0) like Gecko',
  'content-type' => 'application/x-www-form-urlencoded',
)
[ info ] [ PARAM ] array (
  'FvEIld_dMiQW9SMHAEWS4BAEkwtCW5jBhA0RilCD1wA3mpvgUj_i/VdAMZectwXD3D6_o_WYYx5Wm5vzkx1kjf1YeZGig4mo5Ov1sMu705HAN9NzbEyeOmXrNaBGa9k7J/eOhhRJDIOzs8QDWSMf3f2VN3fNBR26FZKAM5wex/dhxfnR5mz4JkxxF85fVaXWnTuCxXVAf62ssey7rRstsiisuz4YGDh0aULWbOhNMqh6uXJjmU/CovfVdXjC0uXOYPY4KofSt6dlwoWTnZcZ8rgiWyzvOnoiq8UVVenr2MvrVbqzICFRwbKWkEztsMyTmG60QLe3Y_lKc8BxQC5Mah5ScfE1N0B9tX9SjW7Yf_UHF8rZNfl8cczmxv4NTc87H7WDj03njI6Yqmh54a44_nv/an9RNQOgdmHd_rSRX4kTT19HUQ' => '=',
)
[ info ] null
---------------------------------------------------------------

[2020-07-22T01:14:37+08:00] 99.61.43.17 POST 101.132.45.200/
[运行时间：0.004710s] [吞吐率：212.32req/s] [内存消耗：863.81kb] [文件加载：188]
[ info ] [ LANG ] /var/www/mishop/thinkphp/lang/zh-cn.php
[ info ] [ ROUTE ] array (
)
[ info ] [ HEADER ] array (
  'cookie' => 'PHPSESSID=u8lniva4n31nab5lsicu2qgn9m',
  'cache-control' => 'no-cache',
  'content-length' => '408',
  'host' => '101.132.45.200',
  'user-agent' => 'Mozilla/5.0 (Windows NT 6.1; WOW64; Trident/7.0; ASU2JS; MAAU; rv:11.0) like Gecko',
  'content-type' => 'application/x-www-form-urlencoded',
)
[ info ] [ PARAM ] array (
  'EfBclNvKNQe7KVpbk6xiZ7RCqEuwDx_/rj30FHhm4xfjKQsgVMGPuB23_0O1xcWhKdCvz13VZACF8BRL40vClIQP94va_x7ooN6WUqvnORZoBb8cvbPiFGRJBG7yXL4KEXiU1j03JyqnOP1pucX05l3yrwIkeXZnQGgkM6EYoafkLNtVQj3KZQ_5SbdYwl156_6MXEUYHgla/v8Pk/8kmvE6IraiF4R7t0B8ynzwj4ZXnS0lfI_ltJkGw_p_gOrvUFLd6yhA2AfGloSRXmtMfWOTUAEKBKFVELp38H4dbNELiHYF4qMYxL/UIYaNitqsPERMoy0tMxzVqpYI8OTArEbVJ3PpqJKNASNzTJW8B20L71rRonDl1_NszWOOa0bGIEFnnsNQR1R4kqtqhEyUQ9ik' => '',
)
[ info ] null
---------------------------------------------------------------

[2020-07-22T01:16:40+08:00] 99.61.43.17 POST 101.132.45.200/
[运行时间：0.004234s] [吞吐率：236.19req/s] [内存消耗：863.94kb] [文件加载：188]
[ info ] [ LANG ] /var/www/mishop/thinkphp/lang/zh-cn.php
[ info ] [ ROUTE ] array (
)
[ info ] [ HEADER ] array (
  'cookie' => 'PHPSESSID=u8lniva4n31nab5lsicu2qgn9m',
  'cache-control' => 'no-cache',
  'content-length' => '424',
  'host' => '101.132.45.200',
  'user-agent' => 'Mozilla/5.0 (Windows NT 6.1; WOW64; Trident/7.0; ASU2JS; MAAU; rv:11.0) like Gecko',
  'content-type' => 'application/x-www-form-urlencoded',
)
[ info ] [ PARAM ] array (
  'R/NYxo6cMKOGzj/wNFOMAgpyXVh2mPMCyl35j1auEOnfKYdpQ_EX54zB4iRfCCKu2NkHP5_qtkwhBLEGxbM77ugk5KWGy5tb2OZyzLIuZnlYrzdfd8TG9vy__TH4tZYGuiiVVTJvK0o8lCeuhXAN1NvLyXqIWGJkCAFTxcFlgU39Nk4Bg_xshq_BZxYE7ccpN4_nf_Iqtq3KajFt48BY8H3LkvUtHOrZXcR9PEZ3/O/uW2WSTirkANtJwBx/CpvS4CzbxN1oWNZqyWmZPdab1J_KDirivpTbqkRtKsuLuv1Wdzlmu__FXp5Q942p44NGZ/ynyk4mBFzNuIQGS9iGJKU4D6MKOd5wq5eapm9lh15cKAw7Da2WUqB_N3BROxp2sfX2IgWypwjB8A4FYR8uu9Oc0IVQHCgy00DBxZA' => '',
)
[ info ] null
---------------------------------------------------------------

[2020-07-22T01:18:42+08:00] 99.61.43.17 POST 101.132.45.200/
[运行时间：0.004554s] [吞吐率：219.60req/s] [内存消耗：863.63kb] [文件加载：188]
[ info ] [ LANG ] /var/www/mishop/thinkphp/lang/zh-cn.php
[ info ] [ ROUTE ] array (
)
[ info ] [ HEADER ] array (
  'cookie' => 'PHPSESSID=u8lniva4n31nab5lsicu2qgn9m',
  'cache-control' => 'no-cache',
  'content-length' => '388',
  'host' => '101.132.45.200',
  'user-agent' => 'Mozilla/5.0 (Windows NT 6.1; WOW64; Trident/7.0; ASU2JS; MAAU; rv:11.0) like Gecko',
  'content-type' => 'application/x-www-form-urlencoded',
)
[ info ] [ PARAM ] array (
  'QvAKxovBZaJZw02Jj3HG/xTA_ZMZTQCmW1vYqKEcwgQ7bABgPS9GyUemKv0A1dkZFvrL74U9euypl7hWQzHlzBbI9F/7zn7/UPMNaDtRQGfWtqYt0fcYWSe/kcDkkteAkOip2B76GwSzmK_Z8clnlWiHx_rFkl_j9Ttdy87llE0Q_l6u67uWucv6KSle6CfVZeU_6qPB78l_XgeCD5p81vgnY98UEhT40Ji5rPfoVawfhpPyCLJ8XRaMa_bB6CuA8mCp62QMscaxhCz31UIJG6lYgi3EgK2M56TG5Ag0lP2X4VmiotIzGpsP5t0chKV4OwYjPEkV5MGXfgTFNphLBH4QtViVuLHCmt42K7VN_DNKH3OdKOT8WZ7mYtmxrd2mNg' => '=',
)
[ info ] null
---------------------------------------------------------------

[2020-07-22T01:20:44+08:00] 99.61.43.17 POST 101.132.45.200/
[运行时间：0.004418s] [吞吐率：226.34req/s] [内存消耗：863.56kb] [文件加载：188]
[ info ] [ LANG ] /var/www/mishop/thinkphp/lang/zh-cn.php
[ info ] [ ROUTE ] array (
)
[ info ] [ HEADER ] array (
  'cookie' => 'PHPSESSID=u8lniva4n31nab5lsicu2qgn9m',
  'cache-control' => 'no-cache',
  'content-length' => '372',
  'host' => '101.132.45.200',
  'user-agent' => 'Mozilla/5.0 (Windows NT 6.1; WOW64; Trident/7.0; ASU2JS; MAAU; rv:11.0) like Gecko',
  'content-type' => 'application/x-www-form-urlencoded',
)
[ info ] [ PARAM ] array (
  'EKYMwtqcNzsK6iv9vzqbYhItLrt3HFIXroH4ymKiOw_v2Zpr1xWDSfYHxkv6K2em3ZG1H972nME5OFm3gWTv_yiGm0JOtJvdC/hHHZWMQXYvsux61zbP0qBX2oV/yiy2isrHVC6cUbTW4yyAmULkMD_lfWXQRJS2oOsSJt7pS6TiKBN0dB0LjAMI8gRaRDacGX1g1nNr2R/ZpYE8ZE98H2dFZGuLnqqVzWAaAUBSAe4XBrShuisdlF3BTE7GIAU2N62H8jstx6Zd5HUPo/C1F4iOg686kD9m0FFFWC9mJPXHISkqLsTUKwqYFnNniUdgX9w6v2kQ1gDvsMyrYFqbbz8m6Gi_JsiD90m1W0Ni1RUTjApmbA' => '=',
)
[ info ] null
---------------------------------------------------------------

[2020-07-22T01:22:46+08:00] 99.61.43.17 POST 101.132.45.200/
[运行时间：0.004545s] [吞吐率：220.02req/s] [内存消耗：863.81kb] [文件加载：188]
[ info ] [ LANG ] /var/www/mishop/thinkphp/lang/zh-cn.php
[ info ] [ ROUTE ] array (
)
[ info ] [ HEADER ] array (
  'cookie' => 'PHPSESSID=u8lniva4n31nab5lsicu2qgn9m',
  'cache-control' => 'no-cache',
  'content-length' => '412',
  'host' => '101.132.45.200',
  'user-agent' => 'Mozilla/5.0 (Windows NT 6.1; WOW64; Trident/7.0; ASU2JS; MAAU; rv:11.0) like Gecko',
  'content-type' => 'application/x-www-form-urlencoded',
)
[ info ] [ PARAM ] array (
  'EfRew4jNbWMYzI8iLCmtxw63CQ5Fesz/2R3fnWE9GW2Pew71ve8SDH_gZEzmH9qkNxhDsNBJ6ZNPuUBc/SwAtOMX4R1OB73c/ETOhGuBsRNY_f9772rD3FQhmZhLwRx8Ms4NMXx5oPeeJhnM_8VJ_kLNf9TiQZ4dekKrVnkh/3EJWMDhtLSCMglVKFfwiqovnxAvGGm1VoJ/D65PkVykJWfnZhkcALoWc3NBIN1HHNA6STxmmHOlMTYj8Q249KmWaXVYltPh0uI870q6961/5rnTrUawsHsFBCNWdMrhX9W2nftNBrrPvfAUDzZTWWKC7xfNhnRVyuFO23WqPcSRgGtZQ2q50jgNP9pmDEnKbU_PpL8uOZ76tcRjL4oylEG8A/hKgih0nvBpslNb0DVh0M3oaQ' => '=',
)
[ info ] null
---------------------------------------------------------------

[2020-07-22T01:24:48+08:00] 99.61.43.17 POST 101.132.45.200/
[运行时间：0.004459s] [吞吐率：224.26req/s] [内存消耗：863.56kb] [文件加载：188]
[ info ] [ LANG ] /var/www/mishop/thinkphp/lang/zh-cn.php
[ info ] [ ROUTE ] array (
)
[ info ] [ HEADER ] array (
  'cookie' => 'PHPSESSID=u8lniva4n31nab5lsicu2qgn9m',
  'cache-control' => 'no-cache',
  'content-length' => '380',
  'host' => '101.132.45.200',
  'user-agent' => 'Mozilla/5.0 (Windows NT 6.1; WOW64; Trident/7.0; ASU2JS; MAAU; rv:11.0) like Gecko',
  'content-type' => 'application/x-www-form-urlencoded',
)
[ info ] [ PARAM ] array (
  'RqMLwdqeYJy_Xf8nBLEvgGVgwnafRoIs8pZAFWdrDqpqI9bUz2CZ4/S1fQBYT26jfjX8JQzXJtxHODnFE3_mrMICDqLe_QxSYJEqcuTqLz4N5uu8kj7mqCZZR64spMut_ChdimepHc3jd/P7cvJifMr8h_yvafioOw0hOKJ3AL2P3aQv87elHs1ZxTkqsE04NXqdhpSHpxqUKzDbIAt5YJURcGVFpFmNNJcfb_HnWal4ENIaZYKr_d_ev9iS1Pm8E83aFhLlo4ymw_7i7PvS1eF_dW9ZHEm0YLJb7tnYmPxAFfmvf9ai4Gfs3LYfi9ThyQjJmER4EiePYNcR97q76DznNr8tyLjFtId6dDCVfmrUetrMQ_TvrE61zg' => '=',
)
[ info ] null
---------------------------------------------------------------

[2020-07-22T01:26:51+08:00] 99.61.43.17 POST 101.132.45.200/
[运行时间：0.004866s] [吞吐率：205.50req/s] [内存消耗：863.94kb] [文件加载：188]
[ info ] [ LANG ] /var/www/mishop/thinkphp/lang/zh-cn.php
[ info ] [ ROUTE ] array (
)
[ info ] [ HEADER ] array (
  'cookie' => 'PHPSESSID=u8lniva4n31nab5lsicu2qgn9m',
  'cache-control' => 'no-cache',
  'content-length' => '428',
  'host' => '101.132.45.200',
  'user-agent' => 'Mozilla/5.0 (Windows NT 6.1; WOW64; Trident/7.0; ASU2JS; MAAU; rv:11.0) like Gecko',
  'content-type' => 'application/x-www-form-urlencoded',
)
[ info ] [ PARAM ] array (
  'Q/ENwtOaYvR6SMHWZ18QhnljEFZ6ke65cM82w5ASz/2BKyGvfZmEtkLrJeMjB9_75hvhbIXkXLZIc4k3D_DikLNaWm5hkD0YePAPnVf1vrF_pUKcFUSUnIz7nwDX13/GxTMIoYvlsGT9mlYGjNHLSVSrzhVx4rDVWVjjq5LVfor163LMivoZYGoslqyCeSSu/pX1nvYJVUTzS8N/foG_9KlfcfdWpAf9jvuoIs4FNQgOJ4aC9YL9/Sm8k_eqi7WcdTgGRzVwAppsbX/_7V7bohXi3gFdTcm_FIjCzGBxAXR1a5yKtaW6hxy9u0npmmDo9knLYWNEchZLRwSpRiLFcuI3SNXuNTiwZOyfpzFF/1n1hCJvK1sosfFgQvIAr0hnrjEy0gxQbXkiUKsQJqM9NaCbh7f8ysAUBa96A_1tccI' => '',
)
[ info ] null
---------------------------------------------------------------

[2020-07-22T01:28:53+08:00] 99.61.43.17 POST 101.132.45.200/
[运行时间：0.004869s] [吞吐率：205.38req/s] [内存消耗：863.56kb] [文件加载：188]
[ info ] [ LANG ] /var/www/mishop/thinkphp/lang/zh-cn.php
[ info ] [ ROUTE ] array (
)
[ info ] [ HEADER ] array (
  'cookie' => 'PHPSESSID=u8lniva4n31nab5lsicu2qgn9m',
  'cache-control' => 'no-cache',
  'content-length' => '364',
  'host' => '101.132.45.200',
  'user-agent' => 'Mozilla/5.0 (Windows NT 6.1; WOW64; Trident/7.0; ASU2JS; MAAU; rv:11.0) like Gecko',
  'content-type' => 'application/x-www-form-urlencoded',
)
[ info ] [ PARAM ] array (
  'EKdcxdiaNSXWal8kR4SOsDJg/GYgXHCHpJGoOzCyAdi4YbVU9XvmaAWzg8vEVGrSE3/j5apYLTpTNjDVGWAaaNBKCV2dIm1fIDVhINx2CXNQuTyGkEcTvd4VjyPXJ4O4RIzcb0ohOYnrW32Zd_Ytq4KV0gCMiudyYv1JX58szxuHGdDGngHBMYi06qT4v//9rsaFOPhb_/VLo8lIZNyMtG_x1okKVt_bEcG8brEjzwuTsbRzoW_ktRzB/k1VqEXNr/05Xvdbo0F/pJhDhlsBmcBEkzm8AXRy2LGEWjK8G52l_bwZFw_s5fmyHGoJ0XDG4PU3zlqDPOO3kKHD0x99w7IwKRphLnXz4fr6Vs5GK4Yv' => '',
)
[ info ] null
---------------------------------------------------------------

[2020-07-22T01:30:55+08:00] 99.61.43.17 POST 101.132.45.200/
[运行时间：0.004489s] [吞吐率：222.77req/s] [内存消耗：863.56kb] [文件加载：188]
[ info ] [ LANG ] /var/www/mishop/thinkphp/lang/zh-cn.php
[ info ] [ ROUTE ] array (
)
[ info ] [ HEADER ] array (
  'cookie' => 'PHPSESSID=u8lniva4n31nab5lsicu2qgn9m',
  'cache-control' => 'no-cache',
  'content-length' => '376',
  'host' => '101.132.45.200',
  'user-agent' => 'Mozilla/5.0 (Windows NT 6.1; WOW64; Trident/7.0; ASU2JS; MAAU; rv:11.0) like Gecko',
  'content-type' => 'application/x-www-form-urlencoded',
)
[ info ] [ PARAM ] array (
  'RKxWxNrNMjjfaV/QPX9WL5TUevULOElZLCIFKNMRajWDZ30ESEaTXVkSGwGkQ4X3kEUJy0gZ7sb1L8W_fNL48wDFrqRs4RxPnx3J7hYDdtnuWiJ2TyKb/oQMrUsRINjCaa6jmOVyTeUOPgT/DwLMrDy8GwYfYy5jTxaQu85VSlB51NndTv_lgfBJqQFhlZ/Wuw/o2wTJk1RXItxBbia1ba036OGV6wTWetNRTE_M0V/EsneTTRC7KmDsX5DX_vfP4qV5V_M4hd8Yd1zCxS6ag1DQCFmoNg3xMBGzUoHKExp9DZhq87__qrMT4se9yIDuWSOdT9GdoVxJZeCUlck8WqhdYHptAxrt4KjOTu4nX_R48yVGUaDrLHQ' => '',
)
[ info ] null
---------------------------------------------------------------

[2020-07-22T01:32:57+08:00] 99.61.43.17 POST 101.132.45.200/
[运行时间：0.004572s] [吞吐率：218.72req/s] [内存消耗：863.56kb] [文件加载：188]
[ info ] [ LANG ] /var/www/mishop/thinkphp/lang/zh-cn.php
[ info ] [ ROUTE ] array (
)
[ info ] [ HEADER ] array (
  'cookie' => 'PHPSESSID=u8lniva4n31nab5lsicu2qgn9m',
  'cache-control' => 'no-cache',
  'content-length' => '368',
  'host' => '101.132.45.200',
  'user-agent' => 'Mozilla/5.0 (Windows NT 6.1; WOW64; Trident/7.0; ASU2JS; MAAU; rv:11.0) like Gecko',
  'content-type' => 'application/x-www-form-urlencoded',
)
[ info ] [ PARAM ] array (
  'Q61bkNqaMEwC7QHgpzyupUeETjrFPuqWXQe5E2d7D5wcRaCWSf725CT06ZlfIusBNbsCNaa8MJXnAaZFamAFeEtmNFet3NdHknurt9mDOVjQipfDHBf4sUGNXnniGlvuFw0svKLpRXK5KN7AxJO_2RwxHUsLElxm8sZFoWWN5Un5h5OsqoOhAR_eDskjCa375ws/ljhONMfyuGXX1Id8bh3e83lmunq97B5zjf1GLEp28oDBLxTO2jDbrQF4Cpq7why30KNnKz5xKVTxWbeRPjgl0t33vhQ2kh4xal4rwWI8QbJdeNyUuWUo_bjkRjIosfuKv8QfBIDIg6GIrIXTc6TOKGO1DW8vklZax8WC54TtVw' => '=',
)
[ info ] null
---------------------------------------------------------------

[2020-07-22T01:34:59+08:00] 99.61.43.17 POST 101.132.45.200/
[运行时间：0.004296s] [吞吐率：232.77req/s] [内存消耗：863.94kb] [文件加载：188]
[ info ] [ LANG ] /var/www/mishop/thinkphp/lang/zh-cn.php
[ info ] [ ROUTE ] array (
)
[ info ] [ HEADER ] array (
  'cookie' => 'PHPSESSID=u8lniva4n31nab5lsicu2qgn9m',
  'cache-control' => 'no-cache',
  'content-length' => '440',
  'host' => '101.132.45.200',
  'user-agent' => 'Mozilla/5.0 (Windows NT 6.1; WOW64; Trident/7.0; ASU2JS; MAAU; rv:11.0) like Gecko',
  'content-type' => 'application/x-www-form-urlencoded',
)
[ info ] [ PARAM ] array (
  'FqVXyIjMY0P3vpkOokw5t7SUOvxo5GlwBaKACWkZ_3f7bPSafnyznimqyEqoJ01FOoRi6y0c1rAOhIi1MEAzuJD6Tl0NxtBPFC3eUjNzR6foP4T64WwkXa1PMWslJIeIUKiTP1PZ_hMeCFXZ7r1VZn2vdtubdHOvdlezSJYbnDqFZ__ImNLk3BbkgLRF5nKO2h5qyY3oOFo_UoCDoAAFIMsnC5PdKCYctAGr5P2gE9NpAQ2R3qb8JpYsOROArNGCTiCi781om5zgmZZpmbg2LsHWXoyDT3FN/zHmgMxGlhTB2_KNwUxSCFk3UwDb/NIM7ydUO9u_2igeo3_LFqrIVXH/aV56/w5f7_IdexJpf7pqvhNc2Zn3pejMa72RnwN_O8V0M17ZWr99DNK5g811Ic21vXBnNNVneME1zOb10epGteQxeQux31A' => '',
)
[ info ] null
---------------------------------------------------------------

[2020-07-22T01:37:01+08:00] 99.61.43.17 POST 101.132.45.200/
[运行时间：0.006560s] [吞吐率：152.44req/s] [内存消耗：863.81kb] [文件加载：188]
[ info ] [ LANG ] /var/www/mishop/thinkphp/lang/zh-cn.php
[ info ] [ ROUTE ] array (
)
[ info ] [ HEADER ] array (
  'cookie' => 'PHPSESSID=u8lniva4n31nab5lsicu2qgn9m',
  'cache-control' => 'no-cache',
  'content-length' => '412',
  'host' => '101.132.45.200',
  'user-agent' => 'Mozilla/5.0 (Windows NT 6.1; WOW64; Trident/7.0; ASU2JS; MAAU; rv:11.0) like Gecko',
  'content-type' => 'application/x-www-form-urlencoded',
)
[ info ] [ PARAM ] array (
  'F6xdxYvOMhFOQ_paBfVPL/A8TR/Pb2SI3YJz_OoDZg5dlNkYCsJvUydrJ/TynFRxbE8an5VLoKgBjPOJbJvPHOyu/rs7D4B18alVX0am16Hk_j0aMVxsEIYrbV2YV4RVqQtcDYBlkAW8kQ5ZeRimnkA5yP8PG/59YOit1TRX4DDh/SZA1M64Pa0LASB318O91xy85oOgPwFDJlgthJVpV9UoDMk0gSbSJzmKOi4UgMtgyP94UnoNfrsb6C5_or9FgD3Ff9cawWkSLhLheTIlqt_OYMJPARlxF66UdsidnAJMZxfi3XRvm43okxd1/YMoE48AkpZaOkiTgfA_Allx9l4wHSQ1o3XwXdT0I1Cl6X_w/fNiRVEOWDceQGqBB6CdPkJ7xvqq2xVzoeeeYHSz2zSvzw' => '=',
)
[ info ] null
---------------------------------------------------------------

[2020-07-22T04:37:38+08:00] 172.105.89.161 POST 101.132.45.200/ajax
[运行时间：0.003664s] [吞吐率：272.92req/s] [内存消耗：521.74kb] [文件加载：109]
[ info ] [ LANG ] /var/www/mishop/thinkphp/lang/zh-cn.php
---------------------------------------------------------------

[2020-07-22T04:50:20+08:00] 162.243.129.111 GET 101.132.45.200/login
[运行时间：0.003496s] [吞吐率：286.05req/s] [内存消耗：522.77kb] [文件加载：109]
[ info ] [ LANG ] /var/www/mishop/thinkphp/lang/zh-cn.php
---------------------------------------------------------------

[2020-07-22T05:31:26+08:00] 193.118.53.202 GET 101.132.45.200/
[运行时间：0.005274s] [吞吐率：189.62req/s] [内存消耗：861.73kb] [文件加载：188]
[ info ] [ LANG ] /var/www/mishop/thinkphp/lang/zh-cn.php
[ info ] [ ROUTE ] array (
)
[ info ] [ HEADER ] array (
  'accept-encoding' => 'gzip',
  'accept' => '*/*',
  'user-agent' => 'Mozilla/5.0 (Windows NT 10.0; Win64; x64) AppleWebKit/537.36 (KHTML, like Gecko) Chrome/60.0.3112.113 Safari/537.36',
  'host' => '101.132.45.200',
  'content-type' => '',
  'content-length' => '',
)
[ info ] [ PARAM ] array (
)
[ info ] null
---------------------------------------------------------------

[2020-07-22T05:42:43+08:00] 185.39.11.105 GET 101.132.45.200:443/
[运行时间：0.004697s] [吞吐率：212.90req/s] [内存消耗：864.21kb] [文件加载：188]
[ info ] [ LANG ] /var/www/mishop/thinkphp/lang/zh-cn.php
[ info ] [ ROUTE ] array (
)
[ info ] [ HEADER ] array (
  'upgrade-insecure-requests' => '1',
  'connection' => 'close',
  'accept-encoding' => 'gzip, deflate',
  'accept-language' => 'en-GB,en;q=0.5',
  'accept' => 'text/html,application/xhtml+xml,application/xml;q=0.9,image/webp,*/*;q=0.8',
  'user-agent' => 'Mozilla/5.0 (X11; Ubuntu; Linux x86_64; rv:76.0) Gecko/20100101 Firefox/76.0',
  'host' => '101.132.45.200:443',
  'content-type' => '',
  'content-length' => '',
)
[ info ] [ PARAM ] array (
)
[ info ] null
---------------------------------------------------------------

[2020-07-22T06:06:31+08:00] 172.104.76.123 GET 101.132.45.200:443/
[运行时间：0.004318s] [吞吐率：231.59req/s] [内存消耗：861.29kb] [文件加载：188]
[ info ] [ LANG ] /var/www/mishop/thinkphp/lang/zh-cn.php
[ info ] [ ROUTE ] array (
)
[ info ] [ HEADER ] array (
  'connection' => 'close',
  'user-agent' => 'Mozilla/5.0 AppleWebKit/537.36 (KHTML, like Gecko) Mobile Safari/537.36 (compatible; Bytespider; https://zhanzhang.toutiao.com/)',
  'host' => '101.132.45.200:443',
  'content-type' => '',
  'content-length' => '',
)
[ info ] [ PARAM ] array (
)
[ info ] null
---------------------------------------------------------------

[2020-07-22T08:14:48+08:00] 71.6.232.7 GET 101.132.45.200/
[运行时间：0.004449s] [吞吐率：224.76req/s] [内存消耗：861.73kb] [文件加载：188]
[ info ] [ LANG ] /var/www/mishop/thinkphp/lang/zh-cn.php
[ info ] [ ROUTE ] array (
)
[ info ] [ HEADER ] array (
  'accept-encoding' => 'gzip',
  'accept' => '*/*',
  'user-agent' => 'Mozilla/5.0 (Windows NT 10.0; Win64; x64) AppleWebKit/537.36 (KHTML, like Gecko) Chrome/57.0.2987.133 Safari/537.36',
  'host' => '101.132.45.200',
  'content-type' => '',
  'content-length' => '',
)
[ info ] [ PARAM ] array (
)
[ info ] null
---------------------------------------------------------------

[2020-07-22T08:19:29+08:00] 139.224.136.79 GET /
[运行时间：0.005608s] [吞吐率：178.31req/s] [内存消耗：859.20kb] [文件加载：188]
[ info ] [ LANG ] /var/www/mishop/thinkphp/lang/zh-cn.php
[ info ] [ ROUTE ] array (
)
[ info ] [ HEADER ] array (
  'content-type' => '',
  'content-length' => '',
)
[ info ] [ PARAM ] array (
)
[ info ] null
---------------------------------------------------------------

[2020-07-22T08:20:45+08:00] 139.224.136.79 GET 101.132.45.200/nmaplowercheck1595377245
[运行时间：0.003120s] [吞吐率：320.52req/s] [内存消耗：522.80kb] [文件加载：109]
[ info ] [ LANG ] /var/www/mishop/thinkphp/lang/zh-cn.php
---------------------------------------------------------------

[2020-07-22T08:20:45+08:00] 139.224.136.79 GET 101.132.45.200/evox/about
[运行时间：0.002716s] [吞吐率：368.18req/s] [内存消耗：522.78kb] [文件加载：109]
[ info ] [ LANG ] /var/www/mishop/thinkphp/lang/zh-cn.php
---------------------------------------------------------------

[2020-07-22T08:21:07+08:00] 139.224.136.79 POST 101.132.45.200/sdk
[运行时间：0.003029s] [吞吐率：330.16req/s] [内存消耗：522.52kb] [文件加载：109]
[ info ] [ LANG ] /var/www/mishop/thinkphp/lang/zh-cn.php
---------------------------------------------------------------

[2020-07-22T08:21:17+08:00] 139.224.136.79 GET 101.132.45.200/HNAP1
[运行时间：0.003186s] [吞吐率：313.87req/s] [内存消耗：522.77kb] [文件加载：109]
[ info ] [ LANG ] /var/www/mishop/thinkphp/lang/zh-cn.php
---------------------------------------------------------------

[2020-07-22T08:21:48+08:00] 139.224.136.79 GET /
[运行时间：0.005158s] [吞吐率：193.87req/s] [内存消耗：859.20kb] [文件加载：188]
[ info ] [ LANG ] /var/www/mishop/thinkphp/lang/zh-cn.php
[ info ] [ ROUTE ] array (
)
[ info ] [ HEADER ] array (
  'content-type' => '',
  'content-length' => '',
)
[ info ] [ PARAM ] array (
)
[ info ] null
---------------------------------------------------------------

[2020-07-22T08:21:48+08:00] 139.224.136.79 GET 101.132.45.200/
[运行时间：0.005323s] [吞吐率：187.86req/s] [内存消耗：859.82kb] [文件加载：188]
[ info ] [ LANG ] /var/www/mishop/thinkphp/lang/zh-cn.php
[ info ] [ ROUTE ] array (
)
[ info ] [ HEADER ] array (
  'host' => '101.132.45.200',
  'content-type' => '',
  'content-length' => '',
)
[ info ] [ PARAM ] array (
)
[ info ] null
---------------------------------------------------------------

[2020-07-22T10:11:47+08:00] 112.48.132.166 GET 101.132.45.200/
[运行时间：0.004467s] [吞吐率：223.88req/s] [内存消耗：861.80kb] [文件加载：188]
[ info ] [ LANG ] /var/www/mishop/thinkphp/lang/zh-cn.php
[ info ] [ ROUTE ] array (
)
[ info ] [ HEADER ] array (
  'connection' => 'keep-alive',
  'accept' => 'text/html, image/gif, image/jpeg, *; q=.2, */*; q=.2',
  'host' => '101.132.45.200',
  'user-agent' => 'Mozilla/5.0 (Windows NT 10.0; Win64; x64) AppleWebKit/537.36 (KHTML, like Gecko) Chrome/83.0.4103.97 Safari/537.36',
  'content-type' => '',
  'content-length' => '',
)
[ info ] [ PARAM ] array (
)
[ info ] null
---------------------------------------------------------------

[2020-07-22T10:22:15+08:00] 183.136.225.57 GET 101.132.45.200/
[运行时间：0.004493s] [吞吐率：222.57req/s] [内存消耗：861.61kb] [文件加载：188]
[ info ] [ LANG ] /var/www/mishop/thinkphp/lang/zh-cn.php
[ info ] [ ROUTE ] array (
)
[ info ] [ HEADER ] array (
  'connection' => 'keep-alive',
  'accept' => '*/*',
  'user-agent' => 'Mozilla/5.0 (Macintosh; Intel Mac OS X 10.11; rv:47.0) Gecko/20100101 Firefox/47.0',
  'host' => '101.132.45.200',
  'content-type' => '',
  'content-length' => '',
)
[ info ] [ PARAM ] array (
)
[ info ] null
---------------------------------------------------------------

[2020-07-22T11:20:03+08:00] 47.100.36.95 GET mishop.holyzq.com/
[运行时间：0.004608s] [吞吐率：217.02req/s] [内存消耗：861.63kb] [文件加载：188]
[ info ] [ LANG ] /var/www/mishop/thinkphp/lang/zh-cn.php
[ info ] [ ROUTE ] array (
)
[ info ] [ HEADER ] array (
  'accept-encoding' => 'gzip',
  'connection' => 'Keep-Alive',
  'host' => 'mishop.holyzq.com',
  'user-agent' => 'Mozilla/5.0 (X11; Ubuntu; Linux x86_64; rv:36.0) Gecko/20100101 Firefox/36.0',
  'content-type' => '',
  'content-length' => '',
)
[ info ] [ PARAM ] array (
)
[ info ] null
---------------------------------------------------------------

[2020-07-22T13:47:21+08:00] 47.101.187.176 GET 101.132.45.200/
[运行时间：0.004606s] [吞吐率：217.12req/s] [内存消耗：861.63kb] [文件加载：188]
[ info ] [ LANG ] /var/www/mishop/thinkphp/lang/zh-cn.php
[ info ] [ ROUTE ] array (
)
[ info ] [ HEADER ] array (
  'accept-encoding' => 'gzip',
  'connection' => 'Keep-Alive',
  'host' => '101.132.45.200',
  'user-agent' => 'Mozilla/5.0 (X11; Ubuntu; Linux x86_64; rv:36.0) Gecko/20100101 Firefox/36.0',
  'content-type' => '',
  'content-length' => '',
)
[ info ] [ PARAM ] array (
)
[ info ] null
---------------------------------------------------------------

[2020-07-22T14:25:53+08:00] 47.94.39.226 GET /
[运行时间：0.004512s] [吞吐率：221.63req/s] [内存消耗：859.20kb] [文件加载：188]
[ info ] [ LANG ] /var/www/mishop/thinkphp/lang/zh-cn.php
[ info ] [ ROUTE ] array (
)
[ info ] [ HEADER ] array (
  'content-type' => '',
  'content-length' => '',
)
[ info ] [ PARAM ] array (
)
[ info ] null
---------------------------------------------------------------

[2020-07-22T16:31:02+08:00] 45.83.64.81 GET 101.132.45.200/
[运行时间：0.004199s] [吞吐率：238.15req/s] [内存消耗：864.84kb] [文件加载：188]
[ info ] [ LANG ] /var/www/mishop/thinkphp/lang/zh-cn.php
[ info ] [ ROUTE ] array (
)
[ info ] [ HEADER ] array (
  'accept-encoding' => 'gzip',
  'pragma' => 'no-cache',
  'connection' => 'keep-alive',
  'cache-control' => 'no-cache',
  'accept-language' => 'en;q=0.7,en-US;q=0.3',
  'accept' => '*/*',
  'user-agent' => 'Mozilla/5.0 (Windows NT 10.0; Win64; x64; rv:65.0) Gecko/20100101 Firefox/65.0',
  'host' => '101.132.45.200',
  'content-type' => '',
  'content-length' => '',
)
[ info ] [ PARAM ] array (
)
[ info ] null
---------------------------------------------------------------

[2020-07-22T19:10:29+08:00] 193.118.53.138 GET 101.132.45.200/
[运行时间：0.004375s] [吞吐率：228.57req/s] [内存消耗：861.73kb] [文件加载：188]
[ info ] [ LANG ] /var/www/mishop/thinkphp/lang/zh-cn.php
[ info ] [ ROUTE ] array (
)
[ info ] [ HEADER ] array (
  'accept-encoding' => 'gzip',
  'accept' => '*/*',
  'user-agent' => 'Mozilla/5.0 (Windows NT 10.0; Win64; x64) AppleWebKit/537.36 (KHTML, like Gecko) Chrome/60.0.3112.113 Safari/537.36',
  'host' => '101.132.45.200',
  'content-type' => '',
  'content-length' => '',
)
[ info ] [ PARAM ] array (
)
[ info ] null
---------------------------------------------------------------

[2020-07-22T19:38:32+08:00] 193.118.53.202 GET 101.132.45.200/
[运行时间：0.004495s] [吞吐率：222.46req/s] [内存消耗：861.73kb] [文件加载：188]
[ info ] [ LANG ] /var/www/mishop/thinkphp/lang/zh-cn.php
[ info ] [ ROUTE ] array (
)
[ info ] [ HEADER ] array (
  'accept-encoding' => 'gzip',
  'accept' => '*/*',
  'user-agent' => 'Mozilla/5.0 (Windows NT 10.0; Win64; x64) AppleWebKit/537.36 (KHTML, like Gecko) Chrome/60.0.3112.113 Safari/537.36',
  'host' => '101.132.45.200',
  'content-type' => '',
  'content-length' => '',
)
[ info ] [ PARAM ] array (
)
[ info ] null
---------------------------------------------------------------

[2020-07-22T20:26:25+08:00] 83.97.20.30 GET 0/
[运行时间：0.004421s] [吞吐率：226.19req/s] [内存消耗：860.25kb] [文件加载：188]
[ info ] [ LANG ] /var/www/mishop/thinkphp/lang/zh-cn.php
[ info ] [ ROUTE ] array (
)
[ info ] [ HEADER ] array (
  'connection' => 'close',
  'host' => '0',
  'content-type' => '',
  'content-length' => '',
)
[ info ] [ PARAM ] array (
)
[ info ] null
---------------------------------------------------------------

[2020-07-22T22:25:11+08:00] 192.241.222.214 GET 101.132.45.200/
[运行时间：0.005363s] [吞吐率：186.46req/s] [内存消耗：861.39kb] [文件加载：188]
[ info ] [ LANG ] /var/www/mishop/thinkphp/lang/zh-cn.php
[ info ] [ ROUTE ] array (
)
[ info ] [ HEADER ] array (
  'accept-encoding' => 'gzip',
  'accept' => '*/*',
  'user-agent' => 'Mozilla/5.0 zgrab/0.x',
  'host' => '101.132.45.200',
  'content-type' => '',
  'content-length' => '',
)
[ info ] [ PARAM ] array (
)
[ info ] null
---------------------------------------------------------------

[2020-07-22T23:31:21+08:00] 39.100.231.144 GET /
[运行时间：0.004483s] [吞吐率：223.07req/s] [内存消耗：859.20kb] [文件加载：188]
[ info ] [ LANG ] /var/www/mishop/thinkphp/lang/zh-cn.php
[ info ] [ ROUTE ] array (
)
[ info ] [ HEADER ] array (
  'content-type' => '',
  'content-length' => '',
)
[ info ] [ PARAM ] array (
)
[ info ] null
---------------------------------------------------------------

[2020-07-22T23:31:30+08:00] 39.100.231.144 GET 101.132.45.200/nmaplowercheck1595431890
[运行时间：0.002044s] [吞吐率：489.25req/s] [内存消耗：522.80kb] [文件加载：109]
[ info ] [ LANG ] /var/www/mishop/thinkphp/lang/zh-cn.php
---------------------------------------------------------------

[2020-07-22T23:31:30+08:00] 39.100.231.144 POST 101.132.45.200/sdk
[运行时间：0.009099s] [吞吐率：109.90req/s] [内存消耗：522.52kb] [文件加载：109]
[ info ] [ LANG ] /var/www/mishop/thinkphp/lang/zh-cn.php
---------------------------------------------------------------

[2020-07-22T23:31:30+08:00] 39.100.231.144 GET /
[运行时间：0.006370s] [吞吐率：156.98req/s] [内存消耗：859.20kb] [文件加载：188]
[ info ] [ LANG ] /var/www/mishop/thinkphp/lang/zh-cn.php
[ info ] [ ROUTE ] array (
)
[ info ] [ HEADER ] array (
  'content-type' => '',
  'content-length' => '',
)
[ info ] [ PARAM ] array (
)
[ info ] null
---------------------------------------------------------------

[2020-07-22T23:31:30+08:00] 39.100.231.144 GET 101.132.45.200/HNAP1
[运行时间：0.001880s] [吞吐率：531.87req/s] [内存消耗：522.77kb] [文件加载：109]
[ info ] [ LANG ] /var/www/mishop/thinkphp/lang/zh-cn.php
---------------------------------------------------------------

[2020-07-22T23:31:30+08:00] 39.100.231.144 GET 101.132.45.200/
[运行时间：0.005729s] [吞吐率：174.55req/s] [内存消耗：859.82kb] [文件加载：188]
[ info ] [ LANG ] /var/www/mishop/thinkphp/lang/zh-cn.php
[ info ] [ ROUTE ] array (
)
[ info ] [ HEADER ] array (
  'host' => '101.132.45.200',
  'content-type' => '',
  'content-length' => '',
)
[ info ] [ PARAM ] array (
)
[ info ] null
---------------------------------------------------------------

[2020-07-22T23:31:30+08:00] 39.100.231.144 GET 101.132.45.200/evox/about
[运行时间：0.002205s] [吞吐率：453.54req/s] [内存消耗：522.78kb] [文件加载：109]
[ info ] [ LANG ] /var/www/mishop/thinkphp/lang/zh-cn.php
---------------------------------------------------------------

[2020-07-22T23:31:51+08:00] 39.100.231.144 GET 101.132.45.200/
[运行时间：0.004033s] [吞吐率：247.95req/s] [内存消耗：860.88kb] [文件加载：188]
[ info ] [ LANG ] /var/www/mishop/thinkphp/lang/zh-cn.php
[ info ] [ ROUTE ] array (
)
[ info ] [ HEADER ] array (
  'accept-encoding' => 'deflate, gzip',
  'accept' => '*/*',
  'host' => '101.132.45.200',
  'content-type' => '',
  'content-length' => '',
)
[ info ] [ PARAM ] array (
)
[ info ] null
---------------------------------------------------------------

[2020-07-22T23:41:55+08:00] 39.98.150.44 GET /
[运行时间：0.004247s] [吞吐率：235.46req/s] [内存消耗：859.20kb] [文件加载：188]
[ info ] [ LANG ] /var/www/mishop/thinkphp/lang/zh-cn.php
[ info ] [ ROUTE ] array (
)
[ info ] [ HEADER ] array (
  'content-type' => '',
  'content-length' => '',
)
[ info ] [ PARAM ] array (
)
[ info ] null
---------------------------------------------------------------

[2020-07-22T23:42:04+08:00] 39.98.150.44 POST 101.132.45.200/sdk
[运行时间：0.002888s] [吞吐率：346.26req/s] [内存消耗：522.52kb] [文件加载：109]
[ info ] [ LANG ] /var/www/mishop/thinkphp/lang/zh-cn.php
---------------------------------------------------------------

[2020-07-22T23:42:04+08:00] 39.98.150.44 GET 101.132.45.200/nmaplowercheck1595432523
[运行时间：0.001931s] [吞吐率：517.88req/s] [内存消耗：522.80kb] [文件加载：109]
[ info ] [ LANG ] /var/www/mishop/thinkphp/lang/zh-cn.php
---------------------------------------------------------------

[2020-07-22T23:42:04+08:00] 39.98.150.44 GET /
[运行时间：0.003467s] [吞吐率：288.43req/s] [内存消耗：859.20kb] [文件加载：188]
[ info ] [ LANG ] /var/www/mishop/thinkphp/lang/zh-cn.php
[ info ] [ ROUTE ] array (
)
[ info ] [ HEADER ] array (
  'content-type' => '',
  'content-length' => '',
)
[ info ] [ PARAM ] array (
)
[ info ] null
---------------------------------------------------------------

[2020-07-22T23:42:04+08:00] 39.98.150.44 GET 101.132.45.200/evox/about
[运行时间：0.002642s] [吞吐率：378.51req/s] [内存消耗：522.78kb] [文件加载：109]
[ info ] [ LANG ] /var/www/mishop/thinkphp/lang/zh-cn.php
---------------------------------------------------------------

[2020-07-22T23:42:04+08:00] 39.98.150.44 GET 101.132.45.200/HNAP1
[运行时间：0.002672s] [吞吐率：374.26req/s] [内存消耗：522.77kb] [文件加载：109]
[ info ] [ LANG ] /var/www/mishop/thinkphp/lang/zh-cn.php
---------------------------------------------------------------

[2020-07-22T23:42:04+08:00] 39.98.150.44 GET 101.132.45.200/
[运行时间：0.003166s] [吞吐率：315.86req/s] [内存消耗：859.82kb] [文件加载：188]
[ info ] [ LANG ] /var/www/mishop/thinkphp/lang/zh-cn.php
[ info ] [ ROUTE ] array (
)
[ info ] [ HEADER ] array (
  'host' => '101.132.45.200',
  'content-type' => '',
  'content-length' => '',
)
[ info ] [ PARAM ] array (
)
[ info ] null
---------------------------------------------------------------

[2020-07-22T23:42:34+08:00] 39.98.150.44 GET 101.132.45.200/
[运行时间：0.004073s] [吞吐率：245.53req/s] [内存消耗：860.88kb] [文件加载：188]
[ info ] [ LANG ] /var/www/mishop/thinkphp/lang/zh-cn.php
[ info ] [ ROUTE ] array (
)
[ info ] [ HEADER ] array (
  'accept-encoding' => 'deflate, gzip',
  'accept' => '*/*',
  'host' => '101.132.45.200',
  'content-type' => '',
  'content-length' => '',
)
[ info ] [ PARAM ] array (
)
[ info ] null
