---------------------------------------------------------------

[2020-07-25T00:43:22+08:00] 128.14.134.170 GET 101.132.45.200/
[运行时间：0.004221s] [吞吐率：236.91req/s] [内存消耗：861.73kb] [文件加载：188]
[ info ] [ LANG ] /var/www/mishop/thinkphp/lang/zh-cn.php
[ info ] [ ROUTE ] array (
)
[ info ] [ HEADER ] array (
  'accept-encoding' => 'gzip',
  'accept' => '*/*',
  'user-agent' => 'Mozilla/5.0 (Windows NT 10.0; Win64; x64) AppleWebKit/537.36 (KHTML, like Gecko) Chrome/60.0.3112.113 Safari/537.36',
  'host' => '101.132.45.200',
  'content-type' => '',
  'content-length' => '',
)
[ info ] [ PARAM ] array (
)
[ info ] null
---------------------------------------------------------------

[2020-07-25T00:47:16+08:00] 120.78.231.236 GET /
[运行时间：0.004211s] [吞吐率：237.48req/s] [内存消耗：859.20kb] [文件加载：188]
[ info ] [ LANG ] /var/www/mishop/thinkphp/lang/zh-cn.php
[ info ] [ ROUTE ] array (
)
[ info ] [ HEADER ] array (
  'content-type' => '',
  'content-length' => '',
)
[ info ] [ PARAM ] array (
)
[ info ] null
---------------------------------------------------------------

[2020-07-25T04:36:38+08:00] 3.236.193.22 GET 101.132.45.200/
[运行时间：0.004222s] [吞吐率：236.86req/s] [内存消耗：860.85kb] [文件加载：188]
[ info ] [ LANG ] /var/www/mishop/thinkphp/lang/zh-cn.php
[ info ] [ ROUTE ] array (
)
[ info ] [ HEADER ] array (
  'accept' => '*/*',
  'user-agent' => 'curl/7.58.0',
  'host' => '101.132.45.200',
  'content-type' => '',
  'content-length' => '',
)
[ info ] [ PARAM ] array (
)
[ info ] null
---------------------------------------------------------------

[2020-07-25T06:00:14+08:00] 172.104.76.123 GET 101.132.45.200:443/
[运行时间：0.004713s] [吞吐率：212.19req/s] [内存消耗：861.29kb] [文件加载：188]
[ info ] [ LANG ] /var/www/mishop/thinkphp/lang/zh-cn.php
[ info ] [ ROUTE ] array (
)
[ info ] [ HEADER ] array (
  'connection' => 'close',
  'user-agent' => 'Mozilla/5.0 AppleWebKit/537.36 (KHTML, like Gecko) Mobile Safari/537.36 (compatible; Bytespider; https://zhanzhang.toutiao.com/)',
  'host' => '101.132.45.200:443',
  'content-type' => '',
  'content-length' => '',
)
[ info ] [ PARAM ] array (
)
[ info ] null
---------------------------------------------------------------

[2020-07-25T06:43:10+08:00] 3.236.193.22 GET 101.132.45.200/.env
[运行时间：0.002970s] [吞吐率：336.70req/s] [内存消耗：522.77kb] [文件加载：109]
[ info ] [ LANG ] /var/www/mishop/thinkphp/lang/zh-cn.php
---------------------------------------------------------------

[2020-07-25T07:01:43+08:00] 47.97.21.76 GET /
[运行时间：0.004445s] [吞吐率：224.97req/s] [内存消耗：859.20kb] [文件加载：188]
[ info ] [ LANG ] /var/www/mishop/thinkphp/lang/zh-cn.php
[ info ] [ ROUTE ] array (
)
[ info ] [ HEADER ] array (
  'content-type' => '',
  'content-length' => '',
)
[ info ] [ PARAM ] array (
)
[ info ] null
---------------------------------------------------------------

[2020-07-25T08:19:22+08:00] 106.15.125.128 GET mishop.holyzq.com/
[运行时间：0.004220s] [吞吐率：236.97req/s] [内存消耗：863.06kb] [文件加载：188]
[ info ] [ LANG ] /var/www/mishop/thinkphp/lang/zh-cn.php
[ info ] [ ROUTE ] array (
)
[ info ] [ HEADER ] array (
  'accept-language' => 'zh-CN,zh;q=0.8',
  'connection' => 'keep-alive',
  'accept' => 'text/html,application/xhtml+xml,application/xml;q=0.9,image/webp,image/apng,*/*;q=0.8',
  'accept-encoding' => 'gzip, deflate',
  'user-agent' => 'Mozilla/5.0 (Windows NT 10.0; Win64; x64) AppleWebKit/537.36 (KHTML, like Gecko) Chrome/59.0.3071.115 Safari/537.36',
  'host' => 'mishop.holyzq.com',
  'content-type' => '',
  'content-length' => '',
)
[ info ] [ PARAM ] array (
)
[ info ] null
---------------------------------------------------------------

[2020-07-25T08:19:22+08:00] 106.15.125.128 GET mishop.holyzq.com/explicit_not_exist_path
[运行时间：0.002313s] [吞吐率：432.31req/s] [内存消耗：522.78kb] [文件加载：109]
[ info ] [ LANG ] /var/www/mishop/thinkphp/lang/zh-cn.php
---------------------------------------------------------------

[2020-07-25T08:19:22+08:00] 106.15.125.128 GET mishop.holyzq.com/index.html
[运行时间：0.003115s] [吞吐率：321.01req/s] [内存消耗：865.26kb] [文件加载：188]
[ info ] [ LANG ] /var/www/mishop/thinkphp/lang/zh-cn.php
[ info ] [ ROUTE ] array (
)
[ info ] [ HEADER ] array (
  'cookie' => 'PHPSESSID=044lb0hu2qeqbphlf8fj0g68oe',
  'accept-language' => 'zh-CN,zh;q=0.8',
  'connection' => 'keep-alive',
  'accept' => 'text/html,application/xhtml+xml,application/xml;q=0.9,image/webp,image/apng,*/*;q=0.8',
  'accept-encoding' => 'gzip, deflate',
  'user-agent' => 'Mozilla/5.0 (Windows NT 10.0; Win64; x64) AppleWebKit/537.36 (KHTML, like Gecko) Chrome/59.0.3071.115 Safari/537.36',
  'host' => 'mishop.holyzq.com',
  'content-type' => '',
  'content-length' => '',
)
[ info ] [ PARAM ] array (
)
[ info ] null
---------------------------------------------------------------

[2020-07-25T08:19:22+08:00] 106.15.125.128 GET mishop.holyzq.com/index.php
[运行时间：0.003181s] [吞吐率：314.37req/s] [内存消耗：864.45kb] [文件加载：188]
[ info ] [ LANG ] /var/www/mishop/thinkphp/lang/zh-cn.php
[ info ] [ ROUTE ] array (
)
[ info ] [ HEADER ] array (
  'cookie' => 'PHPSESSID=044lb0hu2qeqbphlf8fj0g68oe',
  'accept-language' => 'zh-CN,zh;q=0.8',
  'connection' => 'keep-alive',
  'accept' => 'text/html,application/xhtml+xml,application/xml;q=0.9,image/webp,image/apng,*/*;q=0.8',
  'accept-encoding' => 'gzip, deflate',
  'user-agent' => 'Mozilla/5.0 (Windows NT 10.0; Win64; x64) AppleWebKit/537.36 (KHTML, like Gecko) Chrome/59.0.3071.115 Safari/537.36',
  'host' => 'mishop.holyzq.com',
  'content-type' => '',
  'content-length' => '',
)
[ info ] [ PARAM ] array (
)
[ info ] null
---------------------------------------------------------------

[2020-07-25T08:19:22+08:00] 106.15.125.128 GET mishop.holyzq.com/index.jsp
[运行时间：0.002569s] [吞吐率：389.26req/s] [内存消耗：522.77kb] [文件加载：109]
[ info ] [ LANG ] /var/www/mishop/thinkphp/lang/zh-cn.php
---------------------------------------------------------------

[2020-07-25T08:19:22+08:00] 106.15.125.128 GET mishop.holyzq.com/admin/
[运行时间：0.002619s] [吞吐率：381.82req/s] [内存消耗：565.67kb] [文件加载：123]
[ info ] [ LANG ] /var/www/mishop/thinkphp/lang/zh-cn.php
[ info ] [ ROUTE ] array (
)
[ info ] [ HEADER ] array (
  'cookie' => 'PHPSESSID=044lb0hu2qeqbphlf8fj0g68oe',
  'accept-language' => 'zh-CN,zh;q=0.8',
  'connection' => 'keep-alive',
  'accept' => 'text/html,application/xhtml+xml,application/xml;q=0.9,image/webp,image/apng,*/*;q=0.8',
  'accept-encoding' => 'gzip, deflate',
  'user-agent' => 'Mozilla/5.0 (Windows NT 10.0; Win64; x64) AppleWebKit/537.36 (KHTML, like Gecko) Chrome/59.0.3071.115 Safari/537.36',
  'host' => 'mishop.holyzq.com',
  'content-type' => '',
  'content-length' => '',
)
[ info ] [ PARAM ] array (
)
[ info ] [ VIEW ] /var/www/mishop/thinkphp/tpl/dispatch_jump.tpl [ array (
  0 => 'code',
  1 => 'msg',
  2 => 'data',
  3 => 'url',
  4 => 'wait',
) ]
---------------------------------------------------------------

[2020-07-25T08:19:23+08:00] 106.15.125.128 GET mishop.holyzq.com/readme.html
[运行时间：0.002621s] [吞吐率：381.54req/s] [内存消耗：522.81kb] [文件加载：109]
[ info ] [ LANG ] /var/www/mishop/thinkphp/lang/zh-cn.php
---------------------------------------------------------------

[2020-07-25T08:19:23+08:00] 106.15.125.128 GET mishop.holyzq.com/license.txt
[运行时间：0.002160s] [吞吐率：462.95req/s] [内存消耗：522.77kb] [文件加载：109]
[ info ] [ LANG ] /var/www/mishop/thinkphp/lang/zh-cn.php
---------------------------------------------------------------

[2020-07-25T08:19:23+08:00] 106.15.125.128 GET mishop.holyzq.com/wp-includes/js/wplink.js
[运行时间：0.002100s] [吞吐率：476.19req/s] [内存消耗：522.79kb] [文件加载：109]
[ info ] [ LANG ] /var/www/mishop/thinkphp/lang/zh-cn.php
---------------------------------------------------------------

[2020-07-25T08:19:23+08:00] 106.15.125.128 GET mishop.holyzq.com/wp-admin/js/customize-controls.js
[运行时间：0.002096s] [吞吐率：477.11req/s] [内存消耗：522.80kb] [文件加载：109]
[ info ] [ LANG ] /var/www/mishop/thinkphp/lang/zh-cn.php
---------------------------------------------------------------

[2020-07-25T08:19:23+08:00] 106.15.125.128 GET mishop.holyzq.com/wp-admin/js/nav-menu.js
[运行时间：0.001920s] [吞吐率：520.84req/s] [内存消耗：522.78kb] [文件加载：109]
[ info ] [ LANG ] /var/www/mishop/thinkphp/lang/zh-cn.php
---------------------------------------------------------------

[2020-07-25T08:19:23+08:00] 106.15.125.128 GET mishop.holyzq.com/wp-includes/js/plupload/handlers.js
[运行时间：0.001977s] [吞吐率：505.76req/s] [内存消耗：522.80kb] [文件加载：109]
[ info ] [ LANG ] /var/www/mishop/thinkphp/lang/zh-cn.php
---------------------------------------------------------------

[2020-07-25T08:19:23+08:00] 106.15.125.128 GET mishop.holyzq.com/wp-includes/js/tinymce/wp-tinymce.js.gz
[运行时间：0.001933s] [吞吐率：517.30req/s] [内存消耗：522.80kb] [文件加载：109]
[ info ] [ LANG ] /var/www/mishop/thinkphp/lang/zh-cn.php
---------------------------------------------------------------

[2020-07-25T08:19:23+08:00] 106.15.125.128 GET mishop.holyzq.com/index.php/explicit_not_exist_path
[运行时间：0.002410s] [吞吐率：414.95req/s] [内存消耗：522.80kb] [文件加载：109]
[ info ] [ LANG ] /var/www/mishop/thinkphp/lang/zh-cn.php
---------------------------------------------------------------

[2020-07-25T08:19:23+08:00] 106.15.125.128 GET mishop.holyzq.com/4e5e5d7364f443e28fbf0d3ae744a59a
[运行时间：0.002174s] [吞吐率：460.00req/s] [内存消耗：522.80kb] [文件加载：109]
[ info ] [ LANG ] /var/www/mishop/thinkphp/lang/zh-cn.php
---------------------------------------------------------------

[2020-07-25T08:19:23+08:00] 106.15.125.128 GET mishop.holyzq.com/?c=4e5e5d7364f443e28fbf0d3ae744a59a
[运行时间：0.002816s] [吞吐率：355.12req/s] [内存消耗：865.20kb] [文件加载：188]
[ info ] [ LANG ] /var/www/mishop/thinkphp/lang/zh-cn.php
[ info ] [ ROUTE ] array (
)
[ info ] [ HEADER ] array (
  'cookie' => 'PHPSESSID=044lb0hu2qeqbphlf8fj0g68oe',
  'accept-language' => 'zh-CN,zh;q=0.8',
  'connection' => 'keep-alive',
  'accept' => 'text/html,application/xhtml+xml,application/xml;q=0.9,image/webp,image/apng,*/*;q=0.8',
  'accept-encoding' => 'gzip, deflate',
  'user-agent' => 'Mozilla/5.0 (Windows NT 10.0; Win64; x64) AppleWebKit/537.36 (KHTML, like Gecko) Chrome/59.0.3071.115 Safari/537.36',
  'host' => 'mishop.holyzq.com',
  'content-type' => '',
  'content-length' => '',
)
[ info ] [ PARAM ] array (
  'c' => '4e5e5d7364f443e28fbf0d3ae744a59a',
)
[ info ] null
---------------------------------------------------------------

[2020-07-25T08:19:23+08:00] 106.15.125.128 GET mishop.holyzq.com/r/cms/www/red/img/prompt.jpg
[运行时间：0.002480s] [吞吐率：403.22req/s] [内存消耗：523.16kb] [文件加载：109]
[ info ] [ LANG ] /var/www/mishop/thinkphp/lang/zh-cn.php
---------------------------------------------------------------

[2020-07-25T08:19:23+08:00] 106.15.125.128 GET mishop.holyzq.com/r/cms/www/red/style/swiper.min.js
[运行时间：0.002334s] [吞吐率：428.47req/s] [内存消耗：523.17kb] [文件加载：109]
[ info ] [ LANG ] /var/www/mishop/thinkphp/lang/zh-cn.php
---------------------------------------------------------------

[2020-07-25T08:19:23+08:00] 106.15.125.128 GET mishop.holyzq.com/wcm/
[运行时间：0.001977s] [吞吐率：505.76req/s] [内存消耗：522.77kb] [文件加载：109]
[ info ] [ LANG ] /var/www/mishop/thinkphp/lang/zh-cn.php
---------------------------------------------------------------

[2020-07-25T08:19:23+08:00] 106.15.125.128 GET mishop.holyzq.com/phpMyAdmin/
[运行时间：0.002058s] [吞吐率：485.90req/s] [内存消耗：522.77kb] [文件加载：109]
[ info ] [ LANG ] /var/www/mishop/thinkphp/lang/zh-cn.php
---------------------------------------------------------------

[2020-07-25T08:19:23+08:00] 106.15.125.128 GET mishop.holyzq.com/phpmyadmin/
[运行时间：0.001968s] [吞吐率：508.15req/s] [内存消耗：522.77kb] [文件加载：109]
[ info ] [ LANG ] /var/www/mishop/thinkphp/lang/zh-cn.php
---------------------------------------------------------------

[2020-07-25T08:49:19+08:00] 3.236.193.22 GET 101.132.45.200/config/
[运行时间：0.003054s] [吞吐率：327.42req/s] [内存消耗：522.77kb] [文件加载：109]
[ info ] [ LANG ] /var/www/mishop/thinkphp/lang/zh-cn.php
---------------------------------------------------------------

[2020-07-25T10:55:34+08:00] 3.236.193.22 GET 101.132.45.200/config/.env
[运行时间：0.002789s] [吞吐率：358.55req/s] [内存消耗：520.70kb] [文件加载：108]
[ info ] [ LANG ] /var/www/mishop/thinkphp/lang/zh-cn.php
---------------------------------------------------------------

[2020-07-25T13:20:54+08:00] 120.78.231.236 GET /
[运行时间：0.004295s] [吞吐率：232.82req/s] [内存消耗：859.20kb] [文件加载：188]
[ info ] [ LANG ] /var/www/mishop/thinkphp/lang/zh-cn.php
[ info ] [ ROUTE ] array (
)
[ info ] [ HEADER ] array (
  'content-type' => '',
  'content-length' => '',
)
[ info ] [ PARAM ] array (
)
[ info ] null
---------------------------------------------------------------

[2020-07-25T13:38:17+08:00] 74.82.47.4 GET 101.132.45.200/
[运行时间：0.004543s] [吞吐率：220.12req/s] [内存消耗：859.82kb] [文件加载：188]
[ info ] [ LANG ] /var/www/mishop/thinkphp/lang/zh-cn.php
[ info ] [ ROUTE ] array (
)
[ info ] [ HEADER ] array (
  'host' => '101.132.45.200',
  'content-type' => '',
  'content-length' => '',
)
[ info ] [ PARAM ] array (
)
[ info ] null
---------------------------------------------------------------

[2020-07-25T15:53:59+08:00] 157.230.143.29 GET 101.132.45.200/
[运行时间：0.004641s] [吞吐率：215.48req/s] [内存消耗：861.61kb] [文件加载：188]
[ info ] [ LANG ] /var/www/mishop/thinkphp/lang/zh-cn.php
[ info ] [ ROUTE ] array (
)
[ info ] [ HEADER ] array (
  'accept-encoding' => 'gzip',
  'accept' => '*/*',
  'user-agent' => 'Mozilla/5.0 (Macintosh; Intel Mac OS X 10.13; rv:61.0) Gecko/20100101 Firefox/72.0',
  'host' => '101.132.45.200',
  'content-type' => '',
  'content-length' => '',
)
[ info ] [ PARAM ] array (
)
[ info ] null
---------------------------------------------------------------

[2020-07-25T16:12:30+08:00] 83.97.20.30 GET 0/
[运行时间：0.004901s] [吞吐率：204.04req/s] [内存消耗：860.25kb] [文件加载：188]
[ info ] [ LANG ] /var/www/mishop/thinkphp/lang/zh-cn.php
[ info ] [ ROUTE ] array (
)
[ info ] [ HEADER ] array (
  'connection' => 'close',
  'host' => '0',
  'content-type' => '',
  'content-length' => '',
)
[ info ] [ PARAM ] array (
)
[ info ] null
---------------------------------------------------------------

[2020-07-25T16:28:45+08:00] 172.104.76.123 GET 101.132.45.200:443/
[运行时间：0.004293s] [吞吐率：232.94req/s] [内存消耗：861.29kb] [文件加载：188]
[ info ] [ LANG ] /var/www/mishop/thinkphp/lang/zh-cn.php
[ info ] [ ROUTE ] array (
)
[ info ] [ HEADER ] array (
  'connection' => 'close',
  'user-agent' => 'Mozilla/5.0 AppleWebKit/537.36 (KHTML, like Gecko) Mobile Safari/537.36 (compatible; Bytespider; https://zhanzhang.toutiao.com/)',
  'host' => '101.132.45.200:443',
  'content-type' => '',
  'content-length' => '',
)
[ info ] [ PARAM ] array (
)
[ info ] null
---------------------------------------------------------------

[2020-07-25T19:06:01+08:00] 80.82.77.227 GET 101.132.45.200/
[运行时间：0.004368s] [吞吐率：228.93req/s] [内存消耗：861.39kb] [文件加载：188]
[ info ] [ LANG ] /var/www/mishop/thinkphp/lang/zh-cn.php
[ info ] [ ROUTE ] array (
)
[ info ] [ HEADER ] array (
  'accept-encoding' => 'gzip',
  'accept' => '*/*',
  'user-agent' => 'Mozilla/5.0 zgrab/0.x',
  'host' => '101.132.45.200',
  'content-type' => '',
  'content-length' => '',
)
[ info ] [ PARAM ] array (
)
[ info ] null
