---------------------------------------------------------------

[2020-07-26T00:01:08+08:00] 128.14.134.134 GET 101.132.45.200/
[运行时间：0.004540s] [吞吐率：220.27req/s] [内存消耗：861.73kb] [文件加载：188]
[ info ] [ LANG ] /var/www/mishop/thinkphp/lang/zh-cn.php
[ info ] [ ROUTE ] array (
)
[ info ] [ HEADER ] array (
  'accept-encoding' => 'gzip',
  'accept' => '*/*',
  'user-agent' => 'Mozilla/5.0 (Windows NT 10.0; Win64; x64) AppleWebKit/537.36 (KHTML, like Gecko) Chrome/60.0.3112.113 Safari/537.36',
  'host' => '101.132.45.200',
  'content-type' => '',
  'content-length' => '',
)
[ info ] [ PARAM ] array (
)
[ info ] null
---------------------------------------------------------------

[2020-07-26T02:36:30+08:00] 47.97.16.6 GET /
[运行时间：0.004729s] [吞吐率：211.46req/s] [内存消耗：859.20kb] [文件加载：188]
[ info ] [ LANG ] /var/www/mishop/thinkphp/lang/zh-cn.php
[ info ] [ ROUTE ] array (
)
[ info ] [ HEADER ] array (
  'content-type' => '',
  'content-length' => '',
)
[ info ] [ PARAM ] array (
)
[ info ] null
---------------------------------------------------------------

[2020-07-26T03:14:37+08:00] 174.221.133.120 POST 101.132.45.200/
[运行时间：0.004682s] [吞吐率：213.58req/s] [内存消耗：863.75kb] [文件加载：188]
[ info ] [ LANG ] /var/www/mishop/thinkphp/lang/zh-cn.php
[ info ] [ ROUTE ] array (
)
[ info ] [ HEADER ] array (
  'cache-control' => 'no-cache',
  'content-length' => '440',
  'host' => '101.132.45.200',
  'user-agent' => 'Mozilla/4.0 (compatible; MSIE 7.0; Windows NT 6.1; WOW64; Trident/7.0; SLCC2; .NET CLR 2.0.50727; .NET CLR 3.5.30729; .NET CLR 3.0.30729; Media Center PC 6.0; .NET4.0C; .NET4.0E; BRI/2)',
  'content-type' => 'application/x-www-form-urlencoded',
)
[ info ] [ PARAM ] array (
  'S6Bdk97NMu_nVrYlfUIQViTAOHp1SMfU12uOGG/Jey9zt5LcewyZAI3_aJYo30DD8ujPlRKJFt3nk0KS6rD_LCLanWjoMEF0XAxhPaaiPiCe9QsDqi792F3y8jR5VgNbU/afDZtkC_2UbRv23MoOXTQA67nZ5sGh6ETn8OLnhNaahjD9pTutMpMMEV2p7b5waSW_vzF3bj5IlYDoj_rfbQhW4WmKcUOxOS895pqsaemhCYWAGOf_xL8rs6r9hIL_TAyLrGebT_qqAoBLZdeJWjUgV6/il63obowg/YltUeJdBkHLSRcLC20y7VbLl9pUBXG6RQqp4Fz5R/OrXKT_azXU8IAqt1sxkxKNKSiSepzKmg0Gy38okOTCEGcX6Dbko5/4tMksDxcJgB_xX6TuYKZyza5Ek0QD5PZ3oMAwEvS5hlsS61sg3A' => '=',
)
[ info ] null
---------------------------------------------------------------

[2020-07-26T03:16:41+08:00] 174.221.133.120 POST 101.132.45.200/
[运行时间：0.004579s] [吞吐率：218.39req/s] [内存消耗：864.44kb] [文件加载：188]
[ info ] [ LANG ] /var/www/mishop/thinkphp/lang/zh-cn.php
[ info ] [ ROUTE ] array (
)
[ info ] [ HEADER ] array (
  'cookie' => 'PHPSESSID=b0neml0ol54e7k8a151rvehdkk',
  'cache-control' => 'no-cache',
  'content-length' => '428',
  'host' => '101.132.45.200',
  'user-agent' => 'Mozilla/4.0 (compatible; MSIE 7.0; Windows NT 6.1; WOW64; Trident/7.0; SLCC2; .NET CLR 2.0.50727; .NET CLR 3.5.30729; .NET CLR 3.0.30729; Media Center PC 6.0; .NET4.0C; .NET4.0E; BRI/2)',
  'content-type' => 'application/x-www-form-urlencoded',
)
[ info ] [ PARAM ] array (
  'EaNZyYuebXNDnRIrsa8JSzZh61UJXkrvdGez0Og1gWmdtbOjU6mTT3oBHPYru4oi75/oiLqioGZMUq/Qh8_Z_/2dSS9PYWEwck4mW_PMJqNVGmbx/SukD3R5rVr9a9TpglsBoL_uY7pTklfv2AhzQH8kOKxF6H2DrEnMh_vkiE_lOqALb22Ssl7I1cDXXOF00SE77P7Z/sX2uw/L2vEA6cQex16VWe3VUD47sacO4dI1QZaRUs7EIFyKj3WBR_BnkrckAHsQAPEXY2xWzW7iqxI1ZlnUblJxl9BIdsM89OpMMn4cmPzlgoTE65Rbe_zt29_rhS_7pTEBL7Lt6bNvJe/3TyLO7r55UHIfvt/6M6JG1lot01yYHErX/TLw4Z4N0hlLn0Octg_60rsq9nAzDS58y3LXkeOUlMyqUz235O1a' => '',
)
[ info ] null
---------------------------------------------------------------

[2020-07-26T03:18:44+08:00] 174.221.133.120 POST 101.132.45.200/
[运行时间：0.004450s] [吞吐率：224.73req/s] [内存消耗：863.94kb] [文件加载：188]
[ info ] [ LANG ] /var/www/mishop/thinkphp/lang/zh-cn.php
[ info ] [ ROUTE ] array (
)
[ info ] [ HEADER ] array (
  'cookie' => 'PHPSESSID=b0neml0ol54e7k8a151rvehdkk',
  'cache-control' => 'no-cache',
  'content-length' => '364',
  'host' => '101.132.45.200',
  'user-agent' => 'Mozilla/4.0 (compatible; MSIE 7.0; Windows NT 6.1; WOW64; Trident/7.0; SLCC2; .NET CLR 2.0.50727; .NET CLR 3.5.30729; .NET CLR 3.0.30729; Media Center PC 6.0; .NET4.0C; .NET4.0E; BRI/2)',
  'content-type' => 'application/x-www-form-urlencoded',
)
[ info ] [ PARAM ] array (
  'RPELkt6eZR76_wsMJswuniJTd45qXe5ndyTw/m42XZMPU0_AViO6wkRTiodiiX2WZ1nLdWGhUq2/IdjxJu/rphgfLbgLChaHSzAAyW7eN6GJzcf04TTZzHKLr4dT/8NcaSaC2szrM6u8hf7jokRIVHLMXokFjMKWsSQMRwUrtbQz/h8Sa4Ro7XTBEk8tHZ_4jTLySv0FaGP4fE2DfqQeqn46jK0/l3vJtbrQ2UghHt8qSXHOrl7J9g124TNIOZZDjyDlG_mSg2cnykT4M2uZWEyg/p8mIyoGzgTOT_2Q8QLNPw0RAF4a1txDLT5UZq0xtXf3GDowjFOZ012WgoBzi4yr0mtwz8iKEB7RqwTNi_k' => '',
)
[ info ] null
---------------------------------------------------------------

[2020-07-26T03:20:46+08:00] 174.221.133.120 POST 101.132.45.200/
[运行时间：0.004505s] [吞吐率：221.98req/s] [内存消耗：863.81kb] [文件加载：188]
[ info ] [ LANG ] /var/www/mishop/thinkphp/lang/zh-cn.php
[ info ] [ ROUTE ] array (
)
[ info ] [ HEADER ] array (
  'cookie' => 'PHPSESSID=b0neml0ol54e7k8a151rvehdkk',
  'cache-control' => 'no-cache',
  'content-length' => '412',
  'host' => '101.132.45.200',
  'user-agent' => 'Mozilla/5.0 (Windows NT 6.1; WOW64; Trident/7.0; rv:11.0) like Gecko',
  'content-type' => 'application/x-www-form-urlencoded',
)
[ info ] [ PARAM ] array (
  'FKJYk96aYBueuUHPPq4o92D_VjGX9rxbIVphswrU7ZJ0dNP652f49OB63sqox0yqvljtgkgzsjZE51ttonq8eQfWpdewufFrjCud9XamohfRzayGimVDOZF0p7QvUQtv_JLSHTuqckDiSGZxogMY7nxpJEbmulaMBOAwg2XxC4UvVwRzLpgQeetoPmL7eWBLuMBrLaF61qhGk0/oQEOjFE2unE_S92_/zPvD7pNwIX11gEXvZC3Y06kCsMkVKepCmzte5Kb7GxLJVhHPto9DNiT3Nz/HtfVKdPmwcCAvQfath5WwqxNVs4_kmfeaGuXPJapdM3_ltqjx1CtkAOM8bfTjF374XTXo4Gan_g4fjBM2RxnZSmnMip8zmHXdEJ0/aYj1X5mAey/QSEXgfPwYA_AQjAU' => '',
)
[ info ] null
---------------------------------------------------------------

[2020-07-26T03:22:48+08:00] 174.221.133.120 POST 101.132.45.200/
[运行时间：0.005018s] [吞吐率：199.28req/s] [内存消耗：863.69kb] [文件加载：188]
[ info ] [ LANG ] /var/www/mishop/thinkphp/lang/zh-cn.php
[ info ] [ ROUTE ] array (
)
[ info ] [ HEADER ] array (
  'cookie' => 'PHPSESSID=b0neml0ol54e7k8a151rvehdkk',
  'cache-control' => 'no-cache',
  'content-length' => '400',
  'host' => '101.132.45.200',
  'user-agent' => 'Mozilla/5.0 (Windows NT 6.1; WOW64; Trident/7.0; rv:11.0) like Gecko',
  'content-type' => 'application/x-www-form-urlencoded',
)
[ info ] [ PARAM ] array (
  'EPBdxtnBYcQm0/BXDKDwR2QBADjibWG077PPBiZQSp6hlWvhuDFxLmnBvT5Rk3Vw9KuXlFCe_FkqXnYlrRX74DH6tP7FoOsCHNWB0Ape4Ji1DL_0WTG2ccO5zV9pQaVhMw65g6t6qgKPjcEyxovHe60JrB0YGDbz2btG/KgddHB4UypZuYoBwdOumaCh_2AKhqCeNUmnOg3vqL0gnaPiis9nIylr5sZRwft5nDEqhgcbtm1vPhDHQLg0SXpVHp9IS8jv9lDcsu62Pa_yXAsxpZjEmexY6oz0eykzpM2T4K0Cv6bs6UaTUwYFWVH1OVqP3bXn18PeAV/9KwmjpXbqFaBBc13U3MgVPFV8Xm8Jhe7u_cW7pRh2xGwrNO/UQC0hzvu8tkb9FHjZRj0' => '',
)
[ info ] null
---------------------------------------------------------------

[2020-07-26T03:24:50+08:00] 174.221.133.120 POST 101.132.45.200/
[运行时间：0.006036s] [吞吐率：165.67req/s] [内存消耗：863.94kb] [文件加载：188]
[ info ] [ LANG ] /var/www/mishop/thinkphp/lang/zh-cn.php
[ info ] [ ROUTE ] array (
)
[ info ] [ HEADER ] array (
  'cookie' => 'PHPSESSID=b0neml0ol54e7k8a151rvehdkk',
  'cache-control' => 'no-cache',
  'content-length' => '432',
  'host' => '101.132.45.200',
  'user-agent' => 'Mozilla/5.0 (Windows NT 6.1; WOW64; Trident/7.0; rv:11.0) like Gecko',
  'content-type' => 'application/x-www-form-urlencoded',
)
[ info ] [ PARAM ] array (
  'RPFbk97LN/2gSFaqVEqEFao1cpCZW0lmUh_X584_ELfljygAjJHgthJGPPDVTBNz/IqntTNtAok6emKuNoMO7Ollr4DuKpClPPaFPDsZOHLNsoGrP6ZZnrmI2NKff1LX45gd/qxUhQp2kJ_rXM20/VysN77LI/HLm2QrUfW4WkWuSX/Wt_r1JYcIPv3R_5htpYmZZBhBQqw9ns/UOKYDd528K6M6C2wxNa4OtUBzjA1GHTy0ZJ8yttU3qEf7TGDLEKhgwcnxFfKAAl8JORjV4Pg2PECcGXcBO6V5g3wUf/DbvYWj42FGfOnZMKqaSNImUujPttFRgmkEUP59fPsK5K4Ci9q0u5oR5qdZ4kbLha5RFWax9OBOjgzuJaiXzzJPvVBffQPkWyRCOEWLA8gjDi3OzDZs6Kc51mOPMYKPhWv7Yzyd' => '',
)
[ info ] null
---------------------------------------------------------------

[2020-07-26T03:26:52+08:00] 174.221.133.120 POST 101.132.45.200/
[运行时间：0.004731s] [吞吐率：211.36req/s] [内存消耗：863.56kb] [文件加载：188]
[ info ] [ LANG ] /var/www/mishop/thinkphp/lang/zh-cn.php
[ info ] [ ROUTE ] array (
)
[ info ] [ HEADER ] array (
  'cookie' => 'PHPSESSID=b0neml0ol54e7k8a151rvehdkk',
  'cache-control' => 'no-cache',
  'content-length' => '372',
  'host' => '101.132.45.200',
  'user-agent' => 'Mozilla/5.0 (Windows NT 6.1; WOW64; Trident/7.0; rv:11.0) like Gecko',
  'content-type' => 'application/x-www-form-urlencoded',
)
[ info ] [ PARAM ] array (
  'RKwKyd7IZZ3eMa/BHbUxeCcFvraZ5jxS0vGTWu4bU1t95flJoMYEoEpnGU5tbEjYzmOJi1aLdJN2CTCJrOt1xJNNDTMj6NmTFvauLQmbe_D7CM8DTkQOi8wu_5EC06scqyTTG6YH6gTDthstTv2BxvICudHTYECEmKTXNPjOTqFdJpTMaAxmWabErV01x_MWyGE_QuvGDF2aqpFfM/jbf91sdkJObcSbFdjB07Cd7xI40nSzv8x9eOloEZF9nGjROzcPm_pCVDAzNhYyLukNADTx78HNabX5DrdE3MW1QhXJJG_SyArMg_zy0bdF/mdzbUDABBglkV7eZ/LugZMNMJbeGqAtgsTgVMt_OKMG4Le//e2PJ_I6' => '',
)
[ info ] null
---------------------------------------------------------------

[2020-07-26T03:28:55+08:00] 174.221.133.120 POST 101.132.45.200/
[运行时间：0.004730s] [吞吐率：211.42req/s] [内存消耗：863.69kb] [文件加载：188]
[ info ] [ LANG ] /var/www/mishop/thinkphp/lang/zh-cn.php
[ info ] [ ROUTE ] array (
)
[ info ] [ HEADER ] array (
  'cookie' => 'PHPSESSID=b0neml0ol54e7k8a151rvehdkk',
  'cache-control' => 'no-cache',
  'content-length' => '396',
  'host' => '101.132.45.200',
  'user-agent' => 'Mozilla/5.0 (Windows NT 6.1; WOW64; Trident/7.0; rv:11.0) like Gecko',
  'content-type' => 'application/x-www-form-urlencoded',
)
[ info ] [ PARAM ] array (
  'R6IIyI6ZZj/EaZ0ZmcNyR7Mi4VP8oci4LTydfujStZiDfRHiy/u2NUg1dOAgkko3Y5ZJKYuFr/1yuRv7gRxIi/5i3UgmepTa8_Xm0OMomUufO00vDLv_nZqsR4flRFhJL6dxIWBDU2mY7bJRN7iaORE7wpS2nnDxFQd5of1_drvCwLZTCv92WYJNV7yhikP4xeyVoneA3f/PdXHCtebLC4bbIHtCNLOn1mlOFtme9WDeotmS8iaQ0FJMQlnrLNhf5eVWqz33yFAlpQ5eIcvnGpZXkCCEgvVaTnk8zh5WF7_P1DfwmrCV9LUD/NKJsbNfjV67HP8lXpAkq3jjwtmJxvBm22TNnJVIHt1XchZhb1gtPQSWAeJj8f_tW2zl2wUR4f3Ca2Dnvnai' => '',
)
[ info ] null
---------------------------------------------------------------

[2020-07-26T03:30:57+08:00] 174.221.133.120 POST 101.132.45.200/
[运行时间：0.004632s] [吞吐率：215.89req/s] [内存消耗：863.94kb] [文件加载：188]
[ info ] [ LANG ] /var/www/mishop/thinkphp/lang/zh-cn.php
[ info ] [ ROUTE ] array (
)
[ info ] [ HEADER ] array (
  'cookie' => 'PHPSESSID=b0neml0ol54e7k8a151rvehdkk',
  'cache-control' => 'no-cache',
  'content-length' => '428',
  'host' => '101.132.45.200',
  'user-agent' => 'Mozilla/5.0 (Windows NT 6.1; WOW64; Trident/7.0; rv:11.0) like Gecko',
  'content-type' => 'application/x-www-form-urlencoded',
)
[ info ] [ PARAM ] array (
  'EKIIxdjLYGNKG9sR2pW4h4mdMV9gruZdbZbHa/4dkhJdbIpg0YmmNbKhxOgI720jesOdimyVDpMFAJMlYIujaCjJ_uQK8tzBB/cITt7H44MnpvPilBvxwSe15ib4pCoCIHC9rxy4LfQqH6sRn3qbnTDxLJy4joQa4Nd5o42/NIAGBZC2q/W5g8iNSE07mX12L5siRLW57FsKvcMmuh0LM/Q37lwSTGLM5CDphUg8ZBHwhrvP3942bVdV2BuUEBs8qqtSkO_ifJtczoMlFcnJ16zeqgECt4ABvX1QqWtxdK4yeu5GCYDPNE9XXud65ow_T1A3xARHyOzJ/EfKcIeQ4/XNe5j8lfV6PS2Y_zfXyfpnCxu7fg7aL5CeMTHIl4lE7ECtxCXheabOS8ewHfZTFpaA_ocGysC6C7kYrLrdQB4x' => '',
)
[ info ] null
---------------------------------------------------------------

[2020-07-26T03:32:59+08:00] 174.221.133.120 POST 101.132.45.200/
[运行时间：0.004545s] [吞吐率：220.02req/s] [内存消耗：863.81kb] [文件加载：188]
[ info ] [ LANG ] /var/www/mishop/thinkphp/lang/zh-cn.php
[ info ] [ ROUTE ] array (
)
[ info ] [ HEADER ] array (
  'cookie' => 'PHPSESSID=b0neml0ol54e7k8a151rvehdkk',
  'cache-control' => 'no-cache',
  'content-length' => '408',
  'host' => '101.132.45.200',
  'user-agent' => 'Mozilla/5.0 (Windows NT 6.1; WOW64; Trident/7.0; rv:11.0) like Gecko',
  'content-type' => 'application/x-www-form-urlencoded',
)
[ info ] [ PARAM ] array (
  'EKdXwdvMZ9Xuita2yLVRC6XQ2/tDwLQrm3gvmDsGgY0ejP37UwQdLsPiWaEJhrxkbeCf9iBT_71mJC_yj/ozBTzWKa1VV2KM1ozvww4URQz9zkwSmc2P7Qp56_KQqF4jcZbeV9QCKarOzGrrIONB86XJ1yPgFEVOmDwjXPwiVtRZ5YSr5BEaoLXFChQGFphl4qFzdYGwhxdlqu2PKBd8yu5Z2ntLuavF3R9VyNFhoUY_tDCBN6ZeFr1j9s6j43bQkgDbojXp93pz5UrTjoS/wNgnFaP1TKImosp8DFMnDhRaxlzPox5FkQ_0pXBeLND9AmrgS9TbFyxXe8/oG8MeUJVWmnDtqWb2MJIyXpYt92AqYrqq1ds/vsNq0iiXQYkgcLlM2jhRicoeZ2BImJebWbI' => '',
)
[ info ] null
---------------------------------------------------------------

[2020-07-26T03:35:01+08:00] 174.221.133.120 POST 101.132.45.200/
[运行时间：0.004709s] [吞吐率：212.36req/s] [内存消耗：863.63kb] [文件加载：188]
[ info ] [ LANG ] /var/www/mishop/thinkphp/lang/zh-cn.php
[ info ] [ ROUTE ] array (
)
[ info ] [ HEADER ] array (
  'cookie' => 'PHPSESSID=b0neml0ol54e7k8a151rvehdkk',
  'cache-control' => 'no-cache',
  'content-length' => '388',
  'host' => '101.132.45.200',
  'user-agent' => 'Mozilla/5.0 (Windows NT 6.1; WOW64; Trident/7.0; rv:11.0) like Gecko',
  'content-type' => 'application/x-www-form-urlencoded',
)
[ info ] [ PARAM ] array (
  'RaULwdPJNSsq/PotVDTGszTVT3nCbJViCjzwtFTCq0gdk9FrSQ4ZLEqHjtn_WxLG0CUV4oWOol__aduCVi4Evi574pxuatnhfB18EPzoTc0rS6zpuBJIW6ZkjXPCmZ/TowQtvmcaXs8Hutuvw_u6lHMGxgamv_uIiBPhrTw4QvpN5IvQlFScyaNye1yvTZsvwTIfnGclE1gGKtzBQ_k6taSI1HhTdFFzgQroh094jORKt48JNCupceJacsRmrewlc2GSx9vLu34M8OPzp_8YAWS8ktCCl1AZIet/98lKGlaRoOnykqGJLX_cw_nJIs4LP2J9DOaq8qqe_8IEm8wDD7GhJX9gWpbAPr//FrUw_suRs5fqQPne/TZeIpca/GRSYLA' => '',
)
[ info ] null
---------------------------------------------------------------

[2020-07-26T03:37:03+08:00] 174.221.133.120 POST 101.132.45.200/
[运行时间：0.004967s] [吞吐率：201.33req/s] [内存消耗：863.56kb] [文件加载：188]
[ info ] [ LANG ] /var/www/mishop/thinkphp/lang/zh-cn.php
[ info ] [ ROUTE ] array (
)
[ info ] [ HEADER ] array (
  'cookie' => 'PHPSESSID=b0neml0ol54e7k8a151rvehdkk',
  'cache-control' => 'no-cache',
  'content-length' => '364',
  'host' => '101.132.45.200',
  'user-agent' => 'Mozilla/5.0 (Windows NT 6.1; WOW64; Trident/7.0; rv:11.0) like Gecko',
  'content-type' => 'application/x-www-form-urlencoded',
)
[ info ] [ PARAM ] array (
  'SvYKwN3JYnxoF9YZyV8AP0ERutGNbm5Vx_W6pL0iKU46h0G5T9jbAg85CkaJKodTfElh2BDEGc2ozbK1Q0nz87ln0nOJAniaLgk912GTvsSCeuZQNywOPlFtZ5c/SPtjqnALBOluaxgyZSDnunIANA1DGbIus2VRLu1p1yaJ_W4xV/Joi9ry9qF05OpDY9ewWT7eb3C8e8HK0LsIpUBTK39RklwwOcvvS1/Sc5gTMd_10pz8_hrdATbMRprXRnNgYCZDBiR4igbCWscdbgnwKxhj3sPKASGCMAqnSZOGf_RWrDpRTW84pTnSFNhU576VAPU2KNp4F00JRtZ2ieMaKWyD65w_EF3EjQfxbNckLA' => '=',
)
[ info ] null
---------------------------------------------------------------

[2020-07-26T03:39:06+08:00] 174.221.133.120 POST 101.132.45.200/
[运行时间：0.004159s] [吞吐率：240.44req/s] [内存消耗：863.56kb] [文件加载：188]
[ info ] [ LANG ] /var/www/mishop/thinkphp/lang/zh-cn.php
[ info ] [ ROUTE ] array (
)
[ info ] [ HEADER ] array (
  'cookie' => 'PHPSESSID=b0neml0ol54e7k8a151rvehdkk',
  'cache-control' => 'no-cache',
  'content-length' => '384',
  'host' => '101.132.45.200',
  'user-agent' => 'Mozilla/5.0 (Windows NT 6.1; WOW64; Trident/7.0; rv:11.0) like Gecko',
  'content-type' => 'application/x-www-form-urlencoded',
)
[ info ] [ PARAM ] array (
  'R6JZxIzPYTS3VMWCp6UOHBNkcgwYzbGcJfB/HKxhtEEJn00MKZAfz2KDsNWRXW2XilyEelAU/p7gb59qKEQYwJ/ECwoZLu5btw9spjHxJW_QytkTn2U80a2qHvPjTnNyeOg9/8MDim_UIr/ZRhWL6N2DCVmddbfM5XvUzhUcaBy6YSqyTxQrmQpcrbvq9lDtDA7Ye1BLZdBssn8XPGi3JVzoJCaC/JMwatf1wf5lGvMmPG/t46yIWRpRE/FdAShpCBVjzwZ8Gf6sBxj_4g5JWKOk2sHKf_uuw_Az4OmBspvFzD3xUa4cS0l0PhS4NMj1bYyo_GBMXqxegj6oPNSfZNbsYkVTdrDrTgmrhqecyq78Ql8i5uXOhM7wWXk/Rw' => '=',
)
[ info ] null
---------------------------------------------------------------

[2020-07-26T03:41:08+08:00] 174.221.133.120 POST 101.132.45.200/
[运行时间：0.004429s] [吞吐率：225.79req/s] [内存消耗：863.56kb] [文件加载：188]
[ info ] [ LANG ] /var/www/mishop/thinkphp/lang/zh-cn.php
[ info ] [ ROUTE ] array (
)
[ info ] [ HEADER ] array (
  'cookie' => 'PHPSESSID=b0neml0ol54e7k8a151rvehdkk',
  'cache-control' => 'no-cache',
  'content-length' => '364',
  'host' => '101.132.45.200',
  'user-agent' => 'Mozilla/5.0 (Windows NT 6.1; WOW64; Trident/7.0; rv:11.0) like Gecko',
  'content-type' => 'application/x-www-form-urlencoded',
)
[ info ] [ PARAM ] array (
  'FPYIxInPMmJkbagVtqK1LJLxppgL03L/wXYzz3Kk/tUNmIeWsi_hWzprrK7zp0MJpn7kNWXeIU1qG5yvNF/oUygfUw4wLkRNThyIHv/7J1DicqnOF/6LpxRm2cULkymncq9N00Nj43zk_VBdZ93kwqa38ZntXEDLRGuE1fv5fZhQ3JwZFm6Qz_wSugQrLxXh_TCx5ffvZt90DWnq3DhIn1MvoFyAXB/ap8l9g24cYSvtcIFc6301DEJsdMwUPLj4ydBGFPb_wbEu4yjcND4uhgOTUDvA3dc/9pl3jvNDGN99RkUfR9dF511kG/s/R7aF6o14k4rkRQyau6iWNO2ZLQ7UNCiQfMR2Lg_9B5ZMgA' => '=',
)
[ info ] null
---------------------------------------------------------------

[2020-07-26T03:43:10+08:00] 174.221.133.120 POST 101.132.45.200/
[运行时间：0.004386s] [吞吐率：227.99req/s] [内存消耗：863.56kb] [文件加载：188]
[ info ] [ LANG ] /var/www/mishop/thinkphp/lang/zh-cn.php
[ info ] [ ROUTE ] array (
)
[ info ] [ HEADER ] array (
  'cookie' => 'PHPSESSID=b0neml0ol54e7k8a151rvehdkk',
  'cache-control' => 'no-cache',
  'content-length' => '372',
  'host' => '101.132.45.200',
  'user-agent' => 'Mozilla/5.0 (Windows NT 6.1; WOW64; Trident/7.0; rv:11.0) like Gecko',
  'content-type' => 'application/x-www-form-urlencoded',
)
[ info ] [ PARAM ] array (
  'Q/ddydnPZdfmAniwnCfgKGrTlVF8e4hGqYIaqLh5X5/t6evXEpFDgRdUNrS/pu8J2Uz3O5F9Ns0y4nqWEkdGfMGq8yYjFvJlCci7KBuRCpy4J22ZjWO6vP/lABMOgA5CpYLMuUjOYBVkhrsyvmLLABVNohh4hjHJxhQIF4qClOxgOCVzaF3_H2RqwzedbdhdF29L7xXZNseDWr2Os5f3E/5ANlVRSUlr83K98CuxKuiW6oofKyW18twPRdEc4/3sd4S4cGXLm6YZ0Tw02bXIbpJzCOaHNflL9/T_7pnmuO50kL3nf3BWE3dty8wJ1E86gjk0g3D80BVNf5GZQuakoq86dm10EkYeXUm/F2i_GOEDzNsrvc2r' => '',
)
[ info ] null
---------------------------------------------------------------

[2020-07-26T03:45:13+08:00] 174.221.133.120 POST 101.132.45.200/
[运行时间：0.004569s] [吞吐率：218.86req/s] [内存消耗：863.81kb] [文件加载：188]
[ info ] [ LANG ] /var/www/mishop/thinkphp/lang/zh-cn.php
[ info ] [ ROUTE ] array (
)
[ info ] [ HEADER ] array (
  'cookie' => 'PHPSESSID=b0neml0ol54e7k8a151rvehdkk',
  'cache-control' => 'no-cache',
  'content-length' => '412',
  'host' => '101.132.45.200',
  'user-agent' => 'Mozilla/5.0 (Windows NT 6.1; WOW64; Trident/7.0; rv:11.0) like Gecko',
  'content-type' => 'application/x-www-form-urlencoded',
)
[ info ] [ PARAM ] array (
  'S6Bbxt/IMIs9EB8U7UEbVkklu2oCMr8y9sgUouS/6d4YZKzBbb3qSYY_qz143I8HZCtzDC4PpSBlgxGzHPppbp9/yAW4C_SqQZKKKwRJ7dsMza_kXKl4gxhwUxwvDVfi_mxRQHPHJy6L2TLlCY5WSb2hR98nAPdcbYXsZjPmiuCOjNpVUbQbGMlN51ChgAXmR8sIlrIzVCxURPN4xnOmm1GNM/toq6Zkm/7r_5Yy88jtCLmAotSTRt7XSMpJJRijndsHATKiAwBkGRzTYBvgWeSFKiz0UsahJKw4EoFtX0CtwakAlFmrWoEQMGQ7G0CuOeJde_FQb0weH7MqxQ2HcpAT4zxC0Zoo_flr2Sid6VNUReQrO5nllke1BjJvGwH7T7e2tOdab3irmQIxHyknOvX2DkE' => '',
)
[ info ] null
---------------------------------------------------------------

[2020-07-26T03:47:15+08:00] 174.221.133.120 POST 101.132.45.200/
[运行时间：0.004314s] [吞吐率：231.81req/s] [内存消耗：863.56kb] [文件加载：188]
[ info ] [ LANG ] /var/www/mishop/thinkphp/lang/zh-cn.php
[ info ] [ ROUTE ] array (
)
[ info ] [ HEADER ] array (
  'cookie' => 'PHPSESSID=b0neml0ol54e7k8a151rvehdkk',
  'cache-control' => 'no-cache',
  'content-length' => '380',
  'host' => '101.132.45.200',
  'user-agent' => 'Mozilla/5.0 (Windows NT 6.1; WOW64; Trident/7.0; rv:11.0) like Gecko',
  'content-type' => 'application/x-www-form-urlencoded',
)
[ info ] [ PARAM ] array (
  'Q6dckNLObVyhVhTMgWpLjtIQwrFq5FrlInjPAYcDftjVIfnGgQvQTCLblqqmY9dABqZ7rUqhABPetnwOw90W0tDRr0vIV4aPO1BITkrvJuwqlXu/qbksKlr7Dok1KxDdyJXN3vtLZcl/eLsv0ec631PUDC3gk2ZsM2UqQII3Oz5_JmYpGcpVWSMD2VoPUy5B3cb1GzY8r5UlQDGqFWQBXDp_b0Cf4QstX1FCBb4TJkGrwNHkK63tMskomF2oOYvlZtH1EYQnMcGnBm7E2UzHHWZv0bImKQPjLZCYYJ76td03aN2AJ3M2_PXOY18dv017BQPkWSCHsnxd3SroMbeQeYS8MiQzeh3qMosO8XflTUlHGZLrvJ9DJwVMhw' => '=',
)
[ info ] null
---------------------------------------------------------------

[2020-07-26T03:49:17+08:00] 174.221.133.120 POST 101.132.45.200/
[运行时间：0.004436s] [吞吐率：225.43req/s] [内存消耗：863.69kb] [文件加载：188]
[ info ] [ LANG ] /var/www/mishop/thinkphp/lang/zh-cn.php
[ info ] [ ROUTE ] array (
)
[ info ] [ HEADER ] array (
  'cookie' => 'PHPSESSID=b0neml0ol54e7k8a151rvehdkk',
  'cache-control' => 'no-cache',
  'content-length' => '396',
  'host' => '101.132.45.200',
  'user-agent' => 'Mozilla/5.0 (Windows NT 6.1; WOW64; Trident/7.0; rv:11.0) like Gecko',
  'content-type' => 'application/x-www-form-urlencoded',
)
[ info ] [ PARAM ] array (
  'R6JdxdmdbILdFUMBs_LddU9amj8u3SRGrXAgr517rTGXF9rs45oFGnSfriGsxbG4tHbGC_gCPs_XCR_KpRwVB4a_3JpDe_Crn/g9HvhubvWoP1fR/hI9e1MBnJuHd_8c3Pu5v302Y5pbcrOSkcfUjAKzZ7s52aB36fS2q5wkC7jbTt_LxUnmRVBRvdBnzer/K2kMKXEm482R0iUwUUqi9G_Nu13qVcvHNXOeMcwfwBKe_3cPyfrQllP0WU_zFnqLQbjbHZhVjDwQ4lE2zWISnDa/venXsAbFCsoJw_p1TkvPLqWdQVM8uR6IjjvX_nhwSIAegUWBjFFZT0qFEKZjSgfBvw/iBDC1TwyhYV99N4eS613p85h0lC1IOdUl5wkkH4EtgRq0uw' => '=',
)
[ info ] null
---------------------------------------------------------------

[2020-07-26T03:51:19+08:00] 174.221.133.120 POST 101.132.45.200/
[运行时间：0.004499s] [吞吐率：222.27req/s] [内存消耗：863.94kb] [文件加载：188]
[ info ] [ LANG ] /var/www/mishop/thinkphp/lang/zh-cn.php
[ info ] [ ROUTE ] array (
)
[ info ] [ HEADER ] array (
  'cookie' => 'PHPSESSID=b0neml0ol54e7k8a151rvehdkk',
  'cache-control' => 'no-cache',
  'content-length' => '440',
  'host' => '101.132.45.200',
  'user-agent' => 'Mozilla/5.0 (Windows NT 6.1; WOW64; Trident/7.0; rv:11.0) like Gecko',
  'content-type' => 'application/x-www-form-urlencoded',
)
[ info ] [ PARAM ] array (
  'RfdewNKdNWabZaYHem99kL//ZsiJ1cTja4VQ7PoP8Ja_5v3dZWsmDqtt6RpPeJmhiwKQjS4VWQYVjlyn_/qJyc7ZescuW2hjweAJF2V_ZnTE2SJVC0DCji0hGPo9tkIC0mDSgEg6EPYkOggIPJHQYlVHKDdnWkLh2Ejf855XgRvidevBwsEUaN_TLGcwF6uoeXW97NvxM_XmwkZllcAOGWrqa8do3yMe457K6gB1Htur6ApjSbqvzVF8AEJrEM/4SNj706REqrF2SD1H5yrX9O1OMoaYW_T6Wo/8yjaxPgfnAh6KQyhWspchr9sAOVFRDh9kobk_hVqbrGyfW_rEa1SmkW_1jjB1sXiTl6VURCGqEGl37_yE9moV4JR2GyxFkxq6m_dcigxGIOEPWjalBpXsajT2D5yN/HZEUrvqLTDM7fJd1oODX_I' => '',
)
[ info ] null
---------------------------------------------------------------

[2020-07-26T03:53:22+08:00] 174.221.133.120 POST 101.132.45.200/
[运行时间：0.004431s] [吞吐率：225.68req/s] [内存消耗：863.81kb] [文件加载：188]
[ info ] [ LANG ] /var/www/mishop/thinkphp/lang/zh-cn.php
[ info ] [ ROUTE ] array (
)
[ info ] [ HEADER ] array (
  'cookie' => 'PHPSESSID=b0neml0ol54e7k8a151rvehdkk',
  'cache-control' => 'no-cache',
  'content-length' => '404',
  'host' => '101.132.45.200',
  'user-agent' => 'Mozilla/5.0 (Windows NT 6.1; WOW64; Trident/7.0; rv:11.0) like Gecko',
  'content-type' => 'application/x-www-form-urlencoded',
)
[ info ] [ PARAM ] array (
  'QfFfkIicYG2OiKSmbBMLa7DhJFyfsTUkljJC_aDu6_rMwZhXanVk2iylf2xv7K6i2Q7u044KA/rjV4TGYiwhza_xn5wFTyG2Syz5LhzCnRK79VcQzTv0HT_hiMT_ANodCcfzyqPzbzFhJEi3oh1oKtfdaTGG5qQLdWfPbgaGMShGew2eiqSUwDW_weLbmU15RejBNeNbdeJ0IWR3Mf5rvJcuqlBpblrDgsRmfPbBIDZO2CRbT7pGxogkDjuOV7mflHhWx9pnBe8NcivGATcvTZ/S6AICH2vgEeFYR4SfVrFbZmrTtj_q_je623_M0AmZ6UpUPe3NE38oqb7_45Iyg4SLVv9YF11ZSnZQ77yD5rfmHguuK7P1ORC6W06ujU8V6nrtWBzEaTZKAQDZhAZ4' => '',
)
[ info ] null
---------------------------------------------------------------

[2020-07-26T03:55:24+08:00] 174.221.133.120 POST 101.132.45.200/
[运行时间：0.004358s] [吞吐率：229.47req/s] [内存消耗：863.94kb] [文件加载：188]
[ info ] [ LANG ] /var/www/mishop/thinkphp/lang/zh-cn.php
[ info ] [ ROUTE ] array (
)
[ info ] [ HEADER ] array (
  'cookie' => 'PHPSESSID=b0neml0ol54e7k8a151rvehdkk',
  'cache-control' => 'no-cache',
  'content-length' => '428',
  'host' => '101.132.45.200',
  'user-agent' => 'Mozilla/5.0 (Windows NT 6.1; WOW64; Trident/7.0; rv:11.0) like Gecko',
  'content-type' => 'application/x-www-form-urlencoded',
)
[ info ] [ PARAM ] array (
  'Q6QLl92bZ7vtMbMO4H8F7PMy2J/KpVQ5eL3FJyhlb/98XeoYlKyMUVKJ4jKEE_VjIeCSaUjlgTeiKDwEsECetIkpZoUEVRNeUaZO5Pm/s7evQyZ10gjRAiilry_tvyFOqtCQuhe5eoufG9DejODn7s9t43gKET3cR8EIjQixQH4dWMEpCxx7I8_aHb7WRJwZcolbBNg5vMLFwXnBUdwXVF5Gg3So2MBrNe2S/QFzQiu0ddKv04PT_juPD98Jg9SPabPb7n4me25RvNOkqAEodYzG4IV/6jJR8UnyI6WhV1wXpl9Teh2d35yelWofmhXXwbkTcvvQC6qTS8tyFYJN3M1dea9OWCMllEuLZhCLJymy_csfGqzij5xXu0C2HVc9da70LbM/e1KIGKpVbIKUVPlATzX1/ntS/ngrcq_p/3w' => '',
)
[ info ] null
---------------------------------------------------------------

[2020-07-26T07:38:03+08:00] 172.104.76.123 GET 101.132.45.200:443/
[运行时间：0.004410s] [吞吐率：226.76req/s] [内存消耗：861.29kb] [文件加载：188]
[ info ] [ LANG ] /var/www/mishop/thinkphp/lang/zh-cn.php
[ info ] [ ROUTE ] array (
)
[ info ] [ HEADER ] array (
  'connection' => 'close',
  'user-agent' => 'Mozilla/5.0 AppleWebKit/537.36 (KHTML, like Gecko) Mobile Safari/537.36 (compatible; Bytespider; https://zhanzhang.toutiao.com/)',
  'host' => '101.132.45.200:443',
  'content-type' => '',
  'content-length' => '',
)
[ info ] [ PARAM ] array (
)
[ info ] null
---------------------------------------------------------------

[2020-07-26T08:28:00+08:00] 200.109.65.219 GET 101.132.45.200/
[运行时间：0.004360s] [吞吐率：229.36req/s] [内存消耗：860.28kb] [文件加载：188]
[ info ] [ LANG ] /var/www/mishop/thinkphp/lang/zh-cn.php
[ info ] [ ROUTE ] array (
)
[ info ] [ HEADER ] array (
  'accept' => '*/*',
  'host' => '101.132.45.200',
  'content-type' => '',
  'content-length' => '',
)
[ info ] [ PARAM ] array (
)
[ info ] null
---------------------------------------------------------------

[2020-07-26T09:15:43+08:00] 128.14.134.134 GET 101.132.45.200/cgi-bin/config.exp
[运行时间：0.003129s] [吞吐率：319.59req/s] [内存消耗：522.79kb] [文件加载：109]
[ info ] [ LANG ] /var/www/mishop/thinkphp/lang/zh-cn.php
---------------------------------------------------------------

[2020-07-26T09:36:12+08:00] 192.35.168.204 GET 101.132.45.200:443/
[运行时间：0.004368s] [吞吐率：228.93req/s] [内存消耗：859.90kb] [文件加载：188]
[ info ] [ LANG ] /var/www/mishop/thinkphp/lang/zh-cn.php
[ info ] [ ROUTE ] array (
)
[ info ] [ HEADER ] array (
  'host' => '101.132.45.200:443',
  'content-type' => '',
  'content-length' => '',
)
[ info ] [ PARAM ] array (
)
[ info ] null
---------------------------------------------------------------

[2020-07-26T09:36:13+08:00] 192.35.168.204 GET 101.132.45.200/
[运行时间：0.003429s] [吞吐率：291.62req/s] [内存消耗：861.39kb] [文件加载：188]
[ info ] [ LANG ] /var/www/mishop/thinkphp/lang/zh-cn.php
[ info ] [ ROUTE ] array (
)
[ info ] [ HEADER ] array (
  'accept-encoding' => 'gzip',
  'accept' => '*/*',
  'user-agent' => 'Mozilla/5.0 zgrab/0.x',
  'host' => '101.132.45.200',
  'content-type' => '',
  'content-length' => '',
)
[ info ] [ PARAM ] array (
)
[ info ] null
---------------------------------------------------------------

[2020-07-26T10:38:00+08:00] 47.98.101.19 GET 101.132.45.200/
[运行时间：0.004959s] [吞吐率：201.65req/s] [内存消耗：861.56kb] [文件加载：188]
[ info ] [ LANG ] /var/www/mishop/thinkphp/lang/zh-cn.php
[ info ] [ ROUTE ] array (
)
[ info ] [ HEADER ] array (
  'accept-encoding' => 'gzip',
  'connection' => 'Keep-Alive',
  'host' => '101.132.45.200',
  'user-agent' => 'Mozilla/5.0 (Linux/Android/android/iphone;)',
  'content-type' => '',
  'content-length' => '',
)
[ info ] [ PARAM ] array (
)
[ info ] null
---------------------------------------------------------------

[2020-07-26T11:03:57+08:00] 183.136.225.57 GET 101.132.45.200/
[运行时间：0.004337s] [吞吐率：230.57req/s] [内存消耗：861.61kb] [文件加载：188]
[ info ] [ LANG ] /var/www/mishop/thinkphp/lang/zh-cn.php
[ info ] [ ROUTE ] array (
)
[ info ] [ HEADER ] array (
  'connection' => 'keep-alive',
  'accept' => '*/*',
  'user-agent' => 'Mozilla/5.0 (Macintosh; Intel Mac OS X 10.11; rv:47.0) Gecko/20100101 Firefox/47.0',
  'host' => '101.132.45.200',
  'content-type' => '',
  'content-length' => '',
)
[ info ] [ PARAM ] array (
)
[ info ] null
---------------------------------------------------------------

[2020-07-26T11:19:49+08:00] 101.251.238.50 GET 101.132.45.200:443/
[运行时间：0.005028s] [吞吐率：198.89req/s] [内存消耗：862.98kb] [文件加载：188]
[ info ] [ LANG ] /var/www/mishop/thinkphp/lang/zh-cn.php
[ info ] [ ROUTE ] array (
)
[ info ] [ HEADER ] array (
  'accept' => 'application/json, text/plain, */*',
  'accept-charset' => 'GBK,utf-8;q=0.7,*;q=0.3',
  'accept-language' => 'zh-CN,zh;q=0.8,en-US;q=0.5,en;q=0.3',
  'accept-encoding' => 'gzip, deflate, br',
  'user-agent' => 'Mozilla/5.0 (Windows NT 6.1; WOW64; rv:52.0) Gecko/20100101 Firefox/52.0',
  'host' => '101.132.45.200:443',
  'content-type' => '',
  'content-length' => '',
)
[ info ] [ PARAM ] array (
)
[ info ] null
---------------------------------------------------------------

[2020-07-26T13:16:30+08:00] 216.218.206.69 GET 101.132.45.200/
[运行时间：0.005284s] [吞吐率：189.25req/s] [内存消耗：859.82kb] [文件加载：188]
[ info ] [ LANG ] /var/www/mishop/thinkphp/lang/zh-cn.php
[ info ] [ ROUTE ] array (
)
[ info ] [ HEADER ] array (
  'host' => '101.132.45.200',
  'content-type' => '',
  'content-length' => '',
)
[ info ] [ PARAM ] array (
)
[ info ] null
---------------------------------------------------------------

[2020-07-26T14:53:06+08:00] 183.136.225.56 GET 101.132.45.200/
[运行时间：0.005087s] [吞吐率：196.58req/s] [内存消耗：861.61kb] [文件加载：188]
[ info ] [ LANG ] /var/www/mishop/thinkphp/lang/zh-cn.php
[ info ] [ ROUTE ] array (
)
[ info ] [ HEADER ] array (
  'connection' => 'keep-alive',
  'accept' => '*/*',
  'user-agent' => 'Mozilla/5.0 (Macintosh; Intel Mac OS X 10.11; rv:47.0) Gecko/20100101 Firefox/47.0',
  'host' => '101.132.45.200',
  'content-type' => '',
  'content-length' => '',
)
[ info ] [ PARAM ] array (
)
[ info ] null
---------------------------------------------------------------

[2020-07-26T16:20:57+08:00] 120.78.231.236 GET /
[运行时间：0.004653s] [吞吐率：214.92req/s] [内存消耗：859.20kb] [文件加载：188]
[ info ] [ LANG ] /var/www/mishop/thinkphp/lang/zh-cn.php
[ info ] [ ROUTE ] array (
)
[ info ] [ HEADER ] array (
  'content-type' => '',
  'content-length' => '',
)
[ info ] [ PARAM ] array (
)
[ info ] null
---------------------------------------------------------------

[2020-07-26T21:17:10+08:00] 223.71.167.164 GET 101.132.45.200:443/
[运行时间：0.004248s] [吞吐率：235.41req/s] [内存消耗：861.66kb] [文件加载：188]
[ info ] [ LANG ] /var/www/mishop/thinkphp/lang/zh-cn.php
[ info ] [ ROUTE ] array (
)
[ info ] [ HEADER ] array (
  'connection' => 'keep-alive',
  'accept' => '*/*',
  'user-agent' => 'Mozilla/5.0 (Macintosh; Intel Mac OS X 10.11; rv:47.0) Gecko/20100101 Firefox/47.0',
  'host' => '101.132.45.200:443',
  'content-type' => '',
  'content-length' => '',
)
[ info ] [ PARAM ] array (
)
[ info ] null
---------------------------------------------------------------

[2020-07-26T22:20:07+08:00] 47.97.16.6 GET /
[运行时间：0.004604s] [吞吐率：217.20req/s] [内存消耗：859.20kb] [文件加载：188]
[ info ] [ LANG ] /var/www/mishop/thinkphp/lang/zh-cn.php
[ info ] [ ROUTE ] array (
)
[ info ] [ HEADER ] array (
  'content-type' => '',
  'content-length' => '',
)
[ info ] [ PARAM ] array (
)
[ info ] null
---------------------------------------------------------------

[2020-07-26T22:36:00+08:00] 83.97.20.30 GET 0/
[运行时间：0.004668s] [吞吐率：214.22req/s] [内存消耗：860.25kb] [文件加载：188]
[ info ] [ LANG ] /var/www/mishop/thinkphp/lang/zh-cn.php
[ info ] [ ROUTE ] array (
)
[ info ] [ HEADER ] array (
  'connection' => 'close',
  'host' => '0',
  'content-type' => '',
  'content-length' => '',
)
[ info ] [ PARAM ] array (
)
[ info ] null
---------------------------------------------------------------

[2020-07-26T23:09:32+08:00] 174.221.9.67 POST 101.132.45.200/
[运行时间：0.005419s] [吞吐率：184.54req/s] [内存消耗：863.56kb] [文件加载：188]
[ info ] [ LANG ] /var/www/mishop/thinkphp/lang/zh-cn.php
[ info ] [ ROUTE ] array (
)
[ info ] [ HEADER ] array (
  'cookie' => 'PHPSESSID=b0neml0ol54e7k8a151rvehdkk',
  'cache-control' => 'no-cache',
  'content-length' => '376',
  'host' => '101.132.45.200',
  'user-agent' => 'Mozilla/5.0 (Windows NT 6.1; WOW64; Trident/7.0; rv:11.0) like Gecko',
  'content-type' => 'application/x-www-form-urlencoded',
)
[ info ] [ PARAM ] array (
  'S6Vdxd2cZyZr2nxYa3KVrU2c7iLqcTRx4H4v47s05gbyHOYJ5Zqb3XQcfUJ1wkFpq3okrkNR9XAw_qxRi4Y41msUuhl8D7L8RXZjrWRKs9vSRHuJ3IWNeypnPQg_nzbgk/1GsDBNqYiO5mWb88Bcgm/PPhsQWNgwtOoZ1Q5C/d5vwua3LB5ljKYUBdHZARn6KIRzZTQY2FO_UTuQ05mXSUXQzFrhpV6BMEptWEWPa0RNv/aaRlUFDoRG78oqsGeSX1d0rIMrMrSdMKrHmFAZmhsqL4U1AsS2b7GX5Q350//s5OpAOgPkHmYoqciZwWrV_R0XhWvBLVVgVu9MA81URYTBS4XgQqczzm_0z0V4Z88jGvoN61i3nA' => '=',
)
[ info ] null
---------------------------------------------------------------

[2020-07-26T23:11:36+08:00] 174.221.9.67 POST 101.132.45.200/
[运行时间：0.004599s] [吞吐率：217.45req/s] [内存消耗：863.94kb] [文件加载：188]
[ info ] [ LANG ] /var/www/mishop/thinkphp/lang/zh-cn.php
[ info ] [ ROUTE ] array (
)
[ info ] [ HEADER ] array (
  'cookie' => 'PHPSESSID=b0neml0ol54e7k8a151rvehdkk',
  'cache-control' => 'no-cache',
  'content-length' => '428',
  'host' => '101.132.45.200',
  'user-agent' => 'Mozilla/5.0 (Windows NT 6.1; WOW64; Trident/7.0; rv:11.0) like Gecko',
  'content-type' => 'application/x-www-form-urlencoded',
)
[ info ] [ PARAM ] array (
  'Q6NXwNjJN5M3fN5YOOzzkVI8ZyI0ZDyMLV1Um_lKG0hYeejquvCi88b4nkcGIbo7A/wgN8yLvZk4GZc/FFQDOAkAw0kws0s1mzbC7U/AqpiPrJhTgH_7VX1qNAWXedsKKzjztkGEENfMWxzs6NwQoybsTVYhdJ1aEPxs71NGvzzc7P7BzOBbTw82caKhzV5NPHlH9DzGBQ3DjL4VrqPidoxSXzAoC_n5ldwG88O12kYPQP8qB1O7sn4wVZk8GXehH6cuP6KIT_8Aq2d_a3zK1/4Xhx/RC/JJLsQ/oI3QON1Qvo_i/JHtlUJg9fT8i8QV_G2kF3tfqhwMibqIbv0qeIOeyckZQXZ8vPyeWwFlBbA/mbFclLJSy52s8MXJhc1MVxJzYcdQXXO/_Z4oPLsePc9fWl6JHwufWqMKxch4Ow' => '=',
)
[ info ] null
---------------------------------------------------------------

[2020-07-26T23:13:43+08:00] 174.221.9.67 POST 101.132.45.200/
[运行时间：0.004530s] [吞吐率：220.75req/s] [内存消耗：863.56kb] [文件加载：188]
[ info ] [ LANG ] /var/www/mishop/thinkphp/lang/zh-cn.php
[ info ] [ ROUTE ] array (
)
[ info ] [ HEADER ] array (
  'cookie' => 'PHPSESSID=b0neml0ol54e7k8a151rvehdkk',
  'cache-control' => 'no-cache',
  'content-length' => '364',
  'host' => '101.132.45.200',
  'user-agent' => 'Mozilla/5.0 (Windows NT 6.1; WOW64; Trident/7.0; rv:11.0) like Gecko',
  'content-type' => 'application/x-www-form-urlencoded',
)
[ info ] [ PARAM ] array (
  'S6NalY_ZN3uavrWK7CE37vE4ZrneHuU5e0MOnIiXLbyOSDd/TeZAJ1Do6CR0hMy0fpylJrEisqRLs8HWFdYdFZkfw167oOSjMZKrwpibGbqZo5jyouvDz0JcS0GY1H9/BItPjCtf9JXJTpdJoiQZf3NySrqJumMhQpsRYw5bttqzLpvgTCIsLeDbHwXVZRpjsraQ59xDzoAN5Fj6bJA2io9idL7rRDt6iNhHst/Emb0s1UAdiE2iuNWZ6IZcopke0O2nEisJk1xkgGtuz5P__4BGjh6tTq0SxHw4Ox7mmyJ/eQSJM66C4OEcBRQ9KUqCWtPfrVkpGeNZYCizMwx1Bv_p/JL8cXxwpXKYa2sCQV0' => '',
)
[ info ] null
---------------------------------------------------------------

[2020-07-26T23:15:46+08:00] 174.221.9.67 POST 101.132.45.200/
[运行时间：0.004686s] [吞吐率：213.40req/s] [内存消耗：863.81kb] [文件加载：188]
[ info ] [ LANG ] /var/www/mishop/thinkphp/lang/zh-cn.php
[ info ] [ ROUTE ] array (
)
[ info ] [ HEADER ] array (
  'cookie' => 'PHPSESSID=b0neml0ol54e7k8a151rvehdkk',
  'cache-control' => 'no-cache',
  'content-length' => '412',
  'host' => '101.132.45.200',
  'user-agent' => 'Mozilla/5.0 (Windows NT 6.1; WOW64; Trident/7.0; rv:11.0) like Gecko',
  'content-type' => 'application/x-www-form-urlencoded',
)
[ info ] [ PARAM ] array (
  'RKddlNzLNhn0A7uD3CEbYOhMgNG0so72CHcRW7E1LzxXUUIPXq0cre/snUAxfAHZH8HfE7OOnUAzkPxh/Ayd0bjSdP61b2mxUNsQDgs4oXT41PM29NT1jNNco4zbIEJohbrZoGac5IH0xC_vz0FN/Gn7JQgrDWfmIzxBjHnwJLKcssms8aTi0thPfqtxddpQDAKtZtFqvcDCULr/4HKsxGWjgt1F3il4gDOsuyvRKmdaYwSPrfExFMmfKe3v3UtB_f9qdMSGk_6o2LZJre6ravPxCIK5mSjpBpnXVkijV5ybSnRJ0HsVry0oQy5_URhvYlZ8090ehh98wvidLfc5czNovx91CyCsVJNPwnJD9WeuXi1/9SnK1C0dKVKLGQR_ebUdu0Zvuki8Wgc_KD/M5/k6J3k' => '',
)
[ info ] null
---------------------------------------------------------------

[2020-07-26T23:16:03+08:00] 192.241.237.158 GET 101.132.45.200/
[运行时间：0.004587s] [吞吐率：218.00req/s] [内存消耗：861.39kb] [文件加载：188]
[ info ] [ LANG ] /var/www/mishop/thinkphp/lang/zh-cn.php
[ info ] [ ROUTE ] array (
)
[ info ] [ HEADER ] array (
  'accept-encoding' => 'gzip',
  'accept' => '*/*',
  'user-agent' => 'Mozilla/5.0 zgrab/0.x',
  'host' => '101.132.45.200',
  'content-type' => '',
  'content-length' => '',
)
[ info ] [ PARAM ] array (
)
[ info ] null
---------------------------------------------------------------

[2020-07-26T23:42:14+08:00] 174.221.9.67 POST 101.132.45.200/
[运行时间：0.005126s] [吞吐率：195.08req/s] [内存消耗：863.81kb] [文件加载：188]
[ info ] [ LANG ] /var/www/mishop/thinkphp/lang/zh-cn.php
[ info ] [ ROUTE ] array (
)
[ info ] [ HEADER ] array (
  'cookie' => 'PHPSESSID=b0neml0ol54e7k8a151rvehdkk',
  'cache-control' => 'no-cache',
  'content-length' => '412',
  'host' => '101.132.45.200',
  'user-agent' => 'Mozilla/5.0 (Windows NT 6.1; WOW64; Trident/7.0; rv:11.0) like Gecko',
  'content-type' => 'application/x-www-form-urlencoded',
)
[ info ] [ PARAM ] array (
  'QaULkIiebS5LOqJfv69PQdVzlkqbfTSzmZeQL8/hzdo2eZ89yTYRb6mw/VZpOMax0Zz42Zvi418aoV2xY1YDFu67LVy_YzPQjkwIhHi_DXE2kZ3wH9aziEjKFtchyykFba_eBsiAAuz11C46YVJzBBLvwdKH7QO5urkN5umTlUHqlD5UnB43pmMvYGD2FLDxtDT6fv7ylnxZrG6ncxs9N2kh7y4fZ9QxqW4lw1UjMBoAkjNkahA9BUE9_NqYb7iN5dQXRmdJnS9RVYpx4GlZCNZJDBaaOr6pWKlXG0ETyndXKi9yQv/Cq20YsJJmLrbTPKpmeqfy3ipeeACT1RTzkRL9Y5Voyvyzw2SXwOLmmsRgQLgUVPVTSVwr8RRhJwZOyJpNoAuchKTytJg2F0g5DurQKLlH' => '',
)
[ info ] null
