---------------------------------------------------------------

[2020-10-02T00:46:21+08:00] 47.94.52.159 GET /
[运行时间：0.004797s] [吞吐率：208.45req/s] [内存消耗：870.38kb] [文件加载：188]
[ info ] [ LANG ] /var/www/mishop/thinkphp/lang/zh-cn.php
[ info ] [ ROUTE ] array (
)
[ info ] [ HEADER ] array (
  'content-type' => '',
  'content-length' => '',
)
[ info ] [ PARAM ] array (
)
[ info ] null
---------------------------------------------------------------

[2020-10-02T00:50:15+08:00] 193.118.53.210 GET 101.132.45.200/
[运行时间：0.004676s] [吞吐率：213.86req/s] [内存消耗：872.91kb] [文件加载：188]
[ info ] [ LANG ] /var/www/mishop/thinkphp/lang/zh-cn.php
[ info ] [ ROUTE ] array (
)
[ info ] [ HEADER ] array (
  'accept-encoding' => 'gzip',
  'accept' => '*/*',
  'user-agent' => 'Mozilla/5.0 (Windows NT 10.0; Win64; x64) AppleWebKit/537.36 (KHTML, like Gecko) Chrome/60.0.3112.113 Safari/537.36',
  'host' => '101.132.45.200',
  'content-type' => '',
  'content-length' => '',
)
[ info ] [ PARAM ] array (
)
[ info ] null
---------------------------------------------------------------

[2020-10-02T00:57:47+08:00] 192.241.237.37 GET 101.132.45.200/
[运行时间：0.004368s] [吞吐率：228.93req/s] [内存消耗：872.57kb] [文件加载：188]
[ info ] [ LANG ] /var/www/mishop/thinkphp/lang/zh-cn.php
[ info ] [ ROUTE ] array (
)
[ info ] [ HEADER ] array (
  'accept-encoding' => 'gzip',
  'accept' => '*/*',
  'user-agent' => 'Mozilla/5.0 zgrab/0.x',
  'host' => '101.132.45.200',
  'content-type' => '',
  'content-length' => '',
)
[ info ] [ PARAM ] array (
)
[ info ] null
---------------------------------------------------------------

[2020-10-02T03:45:30+08:00] 64.227.99.146 POST ak-gs-localhost.hypergryph.com/pay/getUnconfirmedOrderIdList
[运行时间：0.003055s] [吞吐率：327.35req/s] [内存消耗：532.73kb] [文件加载：109]
[ info ] [ LANG ] /var/www/mishop/thinkphp/lang/zh-cn.php
---------------------------------------------------------------

[2020-10-02T04:55:35+08:00] 139.162.113.204 GET 101.132.45.200/
[运行时间：0.006742s] [吞吐率：148.32req/s] [内存消耗：872.14kb] [文件加载：188]
[ info ] [ LANG ] /var/www/mishop/thinkphp/lang/zh-cn.php
[ info ] [ ROUTE ] array (
)
[ info ] [ HEADER ] array (
  'connection' => 'close',
  'user-agent' => 'HTTP Banner Detection (https://security.ipip.net)',
  'host' => '101.132.45.200',
  'content-type' => '',
  'content-length' => '',
)
[ info ] [ PARAM ] array (
)
[ info ] null
---------------------------------------------------------------

[2020-10-02T06:37:37+08:00] 101.133.148.169 GET 101.132.45.200/nmaplowercheck1601591856
[运行时间：0.003308s] [吞吐率：302.31req/s] [内存消耗：533.98kb] [文件加载：109]
[ info ] [ LANG ] /var/www/mishop/thinkphp/lang/zh-cn.php
---------------------------------------------------------------

[2020-10-02T06:37:37+08:00] 101.133.148.169 GET 101.132.45.200/evox/about
[运行时间：0.002480s] [吞吐率：403.22req/s] [内存消耗：533.96kb] [文件加载：109]
[ info ] [ LANG ] /var/www/mishop/thinkphp/lang/zh-cn.php
---------------------------------------------------------------

[2020-10-02T06:37:37+08:00] 101.133.148.169 GET 101.132.45.200/HNAP1
[运行时间：0.002306s] [吞吐率：433.65req/s] [内存消耗：533.95kb] [文件加载：109]
[ info ] [ LANG ] /var/www/mishop/thinkphp/lang/zh-cn.php
---------------------------------------------------------------

[2020-10-02T06:37:37+08:00] 101.133.148.169 GET /
[运行时间：0.004052s] [吞吐率：246.80req/s] [内存消耗：870.38kb] [文件加载：188]
[ info ] [ LANG ] /var/www/mishop/thinkphp/lang/zh-cn.php
[ info ] [ ROUTE ] array (
)
[ info ] [ HEADER ] array (
  'content-type' => '',
  'content-length' => '',
)
[ info ] [ PARAM ] array (
)
[ info ] null
---------------------------------------------------------------

[2020-10-02T06:37:59+08:00] 101.133.148.169 POST 101.132.45.200/sdk
[运行时间：0.002970s] [吞吐率：336.68req/s] [内存消耗：533.70kb] [文件加载：109]
[ info ] [ LANG ] /var/www/mishop/thinkphp/lang/zh-cn.php
---------------------------------------------------------------

[2020-10-02T06:38:40+08:00] 101.133.148.169 GET /
[运行时间：0.004786s] [吞吐率：208.94req/s] [内存消耗：870.38kb] [文件加载：188]
[ info ] [ LANG ] /var/www/mishop/thinkphp/lang/zh-cn.php
[ info ] [ ROUTE ] array (
)
[ info ] [ HEADER ] array (
  'content-type' => '',
  'content-length' => '',
)
[ info ] [ PARAM ] array (
)
[ info ] null
---------------------------------------------------------------

[2020-10-02T06:38:40+08:00] 101.133.148.169 GET 101.132.45.200/
[运行时间：0.003416s] [吞吐率：292.73req/s] [内存消耗：871.00kb] [文件加载：188]
[ info ] [ LANG ] /var/www/mishop/thinkphp/lang/zh-cn.php
[ info ] [ ROUTE ] array (
)
[ info ] [ HEADER ] array (
  'host' => '101.132.45.200',
  'content-type' => '',
  'content-length' => '',
)
[ info ] [ PARAM ] array (
)
[ info ] null
---------------------------------------------------------------

[2020-10-02T07:48:53+08:00] 36.69.16.217 GET 101.132.45.200/.env
[运行时间：0.003241s] [吞吐率：308.54req/s] [内存消耗：533.95kb] [文件加载：109]
[ info ] [ LANG ] /var/www/mishop/thinkphp/lang/zh-cn.php
---------------------------------------------------------------

[2020-10-02T07:48:54+08:00] 36.69.16.217 POST 101.132.45.200/
[运行时间：0.003799s] [吞吐率：263.23req/s] [内存消耗：873.26kb] [文件加载：188]
[ info ] [ LANG ] /var/www/mishop/thinkphp/lang/zh-cn.php
[ info ] [ ROUTE ] array (
)
[ info ] [ HEADER ] array (
  'content-type' => 'application/x-www-form-urlencoded',
  'content-length' => '20',
  'user-agent' => 'Mozilla/5.0 (X11; Linux x86_64) AppleWebKit/537.36 (KHTML, like Gecko) Chrome/81.0.4044.129 Safari/537.36',
  'accept' => '*/*',
  'accept-encoding' => 'gzip, deflate',
  'connection' => 'keep-alive',
  'host' => '101.132.45.200',
)
[ info ] [ PARAM ] array (
  '0x' => 
  array (
    0 => 'androxgh0st',
  ),
)
[ info ] null
---------------------------------------------------------------

[2020-10-02T07:53:47+08:00] 196.52.43.130 GET 101.132.45.200:443/
[运行时间：0.004418s] [吞吐率：226.34req/s] [内存消耗：871.90kb] [文件加载：188]
[ info ] [ LANG ] /var/www/mishop/thinkphp/lang/zh-cn.php
[ info ] [ ROUTE ] array (
)
[ info ] [ HEADER ] array (
  'user-agent' => 'Mozilla/5.0 (X11; Linux x86_64) AppleWebKit/537.36 (KHTML, like Gecko) Chrome/72.0.3602.2 Safari/537.36',
  'host' => '101.132.45.200:443',
  'content-type' => '',
  'content-length' => '',
)
[ info ] [ PARAM ] array (
)
[ info ] null
---------------------------------------------------------------

[2020-10-02T09:24:38+08:00] 193.118.53.202 GET 101.132.45.200/
[运行时间：0.004519s] [吞吐率：221.29req/s] [内存消耗：872.91kb] [文件加载：188]
[ info ] [ LANG ] /var/www/mishop/thinkphp/lang/zh-cn.php
[ info ] [ ROUTE ] array (
)
[ info ] [ HEADER ] array (
  'accept-encoding' => 'gzip',
  'accept' => '*/*',
  'user-agent' => 'Mozilla/5.0 (Windows NT 10.0; Win64; x64) AppleWebKit/537.36 (KHTML, like Gecko) Chrome/60.0.3112.113 Safari/537.36',
  'host' => '101.132.45.200',
  'content-type' => '',
  'content-length' => '',
)
[ info ] [ PARAM ] array (
)
[ info ] null
---------------------------------------------------------------

[2020-10-02T10:48:02+08:00] 106.14.104.214 GET /
[运行时间：0.004438s] [吞吐率：225.33req/s] [内存消耗：870.38kb] [文件加载：188]
[ info ] [ LANG ] /var/www/mishop/thinkphp/lang/zh-cn.php
[ info ] [ ROUTE ] array (
)
[ info ] [ HEADER ] array (
  'content-type' => '',
  'content-length' => '',
)
[ info ] [ PARAM ] array (
)
[ info ] null
---------------------------------------------------------------

[2020-10-02T16:01:52+08:00] 172.105.89.161 POST 101.132.45.200/ajax
[运行时间：0.003588s] [吞吐率：278.71req/s] [内存消耗：532.92kb] [文件加载：109]
[ info ] [ LANG ] /var/www/mishop/thinkphp/lang/zh-cn.php
---------------------------------------------------------------

[2020-10-02T16:51:47+08:00] 203.208.60.63 GET www.techbimu.com/.well-known/assetlinks.json
[运行时间：0.003479s] [吞吐率：287.44req/s] [内存消耗：533.97kb] [文件加载：109]
[ info ] [ LANG ] /var/www/mishop/thinkphp/lang/zh-cn.php
---------------------------------------------------------------

[2020-10-02T17:50:35+08:00] 47.94.39.226 GET /
[运行时间：0.004681s] [吞吐率：213.62req/s] [内存消耗：870.38kb] [文件加载：188]
[ info ] [ LANG ] /var/www/mishop/thinkphp/lang/zh-cn.php
[ info ] [ ROUTE ] array (
)
[ info ] [ HEADER ] array (
  'content-type' => '',
  'content-length' => '',
)
[ info ] [ PARAM ] array (
)
[ info ] null
---------------------------------------------------------------

[2020-10-02T17:55:21+08:00] 47.116.134.69 GET mishop.holyzq.com/
[运行时间：0.004434s] [吞吐率：225.54req/s] [内存消耗：874.24kb] [文件加载：188]
[ info ] [ LANG ] /var/www/mishop/thinkphp/lang/zh-cn.php
[ info ] [ ROUTE ] array (
)
[ info ] [ HEADER ] array (
  'accept-language' => 'zh-CN,zh;q=0.8',
  'connection' => 'keep-alive',
  'accept' => 'text/html,application/xhtml+xml,application/xml;q=0.9,image/webp,image/apng,*/*;q=0.8',
  'accept-encoding' => 'gzip, deflate',
  'user-agent' => 'Mozilla/5.0 (Windows NT 10.0; Win64; x64) AppleWebKit/537.36 (KHTML, like Gecko) Chrome/59.0.3071.115 Safari/537.36',
  'host' => 'mishop.holyzq.com',
  'content-type' => '',
  'content-length' => '',
)
[ info ] [ PARAM ] array (
)
[ info ] null
---------------------------------------------------------------

[2020-10-02T17:55:21+08:00] 47.116.134.69 GET mishop.holyzq.com/explicit_not_exist_path
[运行时间：0.002548s] [吞吐率：392.47req/s] [内存消耗：533.96kb] [文件加载：109]
[ info ] [ LANG ] /var/www/mishop/thinkphp/lang/zh-cn.php
---------------------------------------------------------------

[2020-10-02T17:55:21+08:00] 47.116.134.69 GET mishop.holyzq.com/index.html
[运行时间：0.003636s] [吞吐率：275.02req/s] [内存消耗：876.44kb] [文件加载：188]
[ info ] [ LANG ] /var/www/mishop/thinkphp/lang/zh-cn.php
[ info ] [ ROUTE ] array (
)
[ info ] [ HEADER ] array (
  'cookie' => 'PHPSESSID=e2uo1i3fk9fvk3pmltqdhudh1n',
  'accept-language' => 'zh-CN,zh;q=0.8',
  'connection' => 'keep-alive',
  'accept' => 'text/html,application/xhtml+xml,application/xml;q=0.9,image/webp,image/apng,*/*;q=0.8',
  'accept-encoding' => 'gzip, deflate',
  'user-agent' => 'Mozilla/5.0 (Windows NT 10.0; Win64; x64) AppleWebKit/537.36 (KHTML, like Gecko) Chrome/59.0.3071.115 Safari/537.36',
  'host' => 'mishop.holyzq.com',
  'content-type' => '',
  'content-length' => '',
)
[ info ] [ PARAM ] array (
)
[ info ] null
---------------------------------------------------------------

[2020-10-02T17:55:21+08:00] 47.116.134.69 GET mishop.holyzq.com/index.php
[运行时间：0.003236s] [吞吐率：309.02req/s] [内存消耗：875.63kb] [文件加载：188]
[ info ] [ LANG ] /var/www/mishop/thinkphp/lang/zh-cn.php
[ info ] [ ROUTE ] array (
)
[ info ] [ HEADER ] array (
  'cookie' => 'PHPSESSID=e2uo1i3fk9fvk3pmltqdhudh1n',
  'accept-language' => 'zh-CN,zh;q=0.8',
  'connection' => 'keep-alive',
  'accept' => 'text/html,application/xhtml+xml,application/xml;q=0.9,image/webp,image/apng,*/*;q=0.8',
  'accept-encoding' => 'gzip, deflate',
  'user-agent' => 'Mozilla/5.0 (Windows NT 10.0; Win64; x64) AppleWebKit/537.36 (KHTML, like Gecko) Chrome/59.0.3071.115 Safari/537.36',
  'host' => 'mishop.holyzq.com',
  'content-type' => '',
  'content-length' => '',
)
[ info ] [ PARAM ] array (
)
[ info ] null
---------------------------------------------------------------

[2020-10-02T17:55:21+08:00] 47.116.134.69 GET mishop.holyzq.com/index.jsp
[运行时间：0.002701s] [吞吐率：370.26req/s] [内存消耗：533.95kb] [文件加载：109]
[ info ] [ LANG ] /var/www/mishop/thinkphp/lang/zh-cn.php
---------------------------------------------------------------

[2020-10-02T17:55:22+08:00] 47.116.134.69 GET mishop.holyzq.com/admin/
[运行时间：0.002652s] [吞吐率：377.05req/s] [内存消耗：576.85kb] [文件加载：123]
[ info ] [ LANG ] /var/www/mishop/thinkphp/lang/zh-cn.php
[ info ] [ ROUTE ] array (
)
[ info ] [ HEADER ] array (
  'cookie' => 'PHPSESSID=e2uo1i3fk9fvk3pmltqdhudh1n',
  'accept-language' => 'zh-CN,zh;q=0.8',
  'connection' => 'keep-alive',
  'accept' => 'text/html,application/xhtml+xml,application/xml;q=0.9,image/webp,image/apng,*/*;q=0.8',
  'accept-encoding' => 'gzip, deflate',
  'user-agent' => 'Mozilla/5.0 (Windows NT 10.0; Win64; x64) AppleWebKit/537.36 (KHTML, like Gecko) Chrome/59.0.3071.115 Safari/537.36',
  'host' => 'mishop.holyzq.com',
  'content-type' => '',
  'content-length' => '',
)
[ info ] [ PARAM ] array (
)
[ info ] [ VIEW ] /var/www/mishop/thinkphp/tpl/dispatch_jump.tpl [ array (
  0 => 'code',
  1 => 'msg',
  2 => 'data',
  3 => 'url',
  4 => 'wait',
) ]
---------------------------------------------------------------

[2020-10-02T17:55:22+08:00] 47.116.134.69 GET mishop.holyzq.com/readme.html
[运行时间：0.002665s] [吞吐率：375.23req/s] [内存消耗：533.99kb] [文件加载：109]
[ info ] [ LANG ] /var/www/mishop/thinkphp/lang/zh-cn.php
---------------------------------------------------------------

[2020-10-02T17:55:22+08:00] 47.116.134.69 GET mishop.holyzq.com/license.txt
[运行时间：0.002406s] [吞吐率：415.65req/s] [内存消耗：533.95kb] [文件加载：109]
[ info ] [ LANG ] /var/www/mishop/thinkphp/lang/zh-cn.php
---------------------------------------------------------------

[2020-10-02T17:55:22+08:00] 47.116.134.69 GET mishop.holyzq.com/wp-includes/js/wplink.js
[运行时间：0.002245s] [吞吐率：445.44req/s] [内存消耗：533.97kb] [文件加载：109]
[ info ] [ LANG ] /var/www/mishop/thinkphp/lang/zh-cn.php
---------------------------------------------------------------

[2020-10-02T17:55:22+08:00] 47.116.134.69 GET mishop.holyzq.com/wp-admin/js/customize-controls.js
[运行时间：0.002011s] [吞吐率：497.25req/s] [内存消耗：533.98kb] [文件加载：109]
[ info ] [ LANG ] /var/www/mishop/thinkphp/lang/zh-cn.php
---------------------------------------------------------------

[2020-10-02T17:55:22+08:00] 47.116.134.69 GET mishop.holyzq.com/wp-admin/js/nav-menu.js
[运行时间：0.002051s] [吞吐率：487.54req/s] [内存消耗：533.96kb] [文件加载：109]
[ info ] [ LANG ] /var/www/mishop/thinkphp/lang/zh-cn.php
---------------------------------------------------------------

[2020-10-02T17:55:22+08:00] 47.116.134.69 GET mishop.holyzq.com/wp-includes/js/plupload/handlers.js
[运行时间：0.002062s] [吞吐率：484.95req/s] [内存消耗：533.98kb] [文件加载：109]
[ info ] [ LANG ] /var/www/mishop/thinkphp/lang/zh-cn.php
---------------------------------------------------------------

[2020-10-02T17:55:22+08:00] 47.116.134.69 GET mishop.holyzq.com/wp-includes/js/tinymce/wp-tinymce.js.gz
[运行时间：0.001957s] [吞吐率：510.94req/s] [内存消耗：533.98kb] [文件加载：109]
[ info ] [ LANG ] /var/www/mishop/thinkphp/lang/zh-cn.php
---------------------------------------------------------------

[2020-10-02T17:55:22+08:00] 47.116.134.69 GET mishop.holyzq.com/index.php/explicit_not_exist_path
[运行时间：0.002586s] [吞吐率：386.68req/s] [内存消耗：533.98kb] [文件加载：109]
[ info ] [ LANG ] /var/www/mishop/thinkphp/lang/zh-cn.php
---------------------------------------------------------------

[2020-10-02T17:55:22+08:00] 47.116.134.69 GET mishop.holyzq.com/4e5e5d7364f443e28fbf0d3ae744a59a
[运行时间：0.002315s] [吞吐率：431.96req/s] [内存消耗：533.98kb] [文件加载：109]
[ info ] [ LANG ] /var/www/mishop/thinkphp/lang/zh-cn.php
---------------------------------------------------------------

[2020-10-02T17:55:22+08:00] 47.116.134.69 GET mishop.holyzq.com/?c=4e5e5d7364f443e28fbf0d3ae744a59a
[运行时间：0.002899s] [吞吐率：344.95req/s] [内存消耗：876.38kb] [文件加载：188]
[ info ] [ LANG ] /var/www/mishop/thinkphp/lang/zh-cn.php
[ info ] [ ROUTE ] array (
)
[ info ] [ HEADER ] array (
  'cookie' => 'PHPSESSID=e2uo1i3fk9fvk3pmltqdhudh1n',
  'accept-language' => 'zh-CN,zh;q=0.8',
  'connection' => 'keep-alive',
  'accept' => 'text/html,application/xhtml+xml,application/xml;q=0.9,image/webp,image/apng,*/*;q=0.8',
  'accept-encoding' => 'gzip, deflate',
  'user-agent' => 'Mozilla/5.0 (Windows NT 10.0; Win64; x64) AppleWebKit/537.36 (KHTML, like Gecko) Chrome/59.0.3071.115 Safari/537.36',
  'host' => 'mishop.holyzq.com',
  'content-type' => '',
  'content-length' => '',
)
[ info ] [ PARAM ] array (
  'c' => '4e5e5d7364f443e28fbf0d3ae744a59a',
)
[ info ] null
---------------------------------------------------------------

[2020-10-02T17:55:22+08:00] 47.116.134.69 GET mishop.holyzq.com/r/cms/www/red/img/prompt.jpg
[运行时间：0.002734s] [吞吐率：365.77req/s] [内存消耗：534.34kb] [文件加载：109]
[ info ] [ LANG ] /var/www/mishop/thinkphp/lang/zh-cn.php
---------------------------------------------------------------

[2020-10-02T17:55:22+08:00] 47.116.134.69 GET mishop.holyzq.com/r/cms/www/red/style/swiper.min.js
[运行时间：0.002302s] [吞吐率：434.42req/s] [内存消耗：534.35kb] [文件加载：109]
[ info ] [ LANG ] /var/www/mishop/thinkphp/lang/zh-cn.php
---------------------------------------------------------------

[2020-10-02T17:55:22+08:00] 47.116.134.69 GET mishop.holyzq.com/wcm/
[运行时间：0.002087s] [吞吐率：479.13req/s] [内存消耗：533.95kb] [文件加载：109]
[ info ] [ LANG ] /var/www/mishop/thinkphp/lang/zh-cn.php
---------------------------------------------------------------

[2020-10-02T17:55:22+08:00] 47.116.134.69 GET mishop.holyzq.com/phpMyAdmin/
[运行时间：0.002434s] [吞吐率：410.84req/s] [内存消耗：533.95kb] [文件加载：109]
[ info ] [ LANG ] /var/www/mishop/thinkphp/lang/zh-cn.php
---------------------------------------------------------------

[2020-10-02T17:55:22+08:00] 47.116.134.69 GET mishop.holyzq.com/phpmyadmin/
[运行时间：0.002349s] [吞吐率：425.69req/s] [内存消耗：533.95kb] [文件加载：109]
[ info ] [ LANG ] /var/www/mishop/thinkphp/lang/zh-cn.php
---------------------------------------------------------------

[2020-10-02T18:41:00+08:00] 162.142.125.34 GET 101.132.45.200:443/
[运行时间：0.004348s] [吞吐率：229.99req/s] [内存消耗：871.08kb] [文件加载：188]
[ info ] [ LANG ] /var/www/mishop/thinkphp/lang/zh-cn.php
[ info ] [ ROUTE ] array (
)
[ info ] [ HEADER ] array (
  'host' => '101.132.45.200:443',
  'content-type' => '',
  'content-length' => '',
)
[ info ] [ PARAM ] array (
)
[ info ] null
---------------------------------------------------------------

[2020-10-02T18:41:01+08:00] 162.142.125.34 GET 101.132.45.200/
[运行时间：0.003405s] [吞吐率：293.70req/s] [内存消耗：872.79kb] [文件加载：188]
[ info ] [ LANG ] /var/www/mishop/thinkphp/lang/zh-cn.php
[ info ] [ ROUTE ] array (
)
[ info ] [ HEADER ] array (
  'accept-encoding' => 'gzip',
  'accept' => '*/*',
  'user-agent' => 'Mozilla/5.0 (compatible; CensysInspect/1.1; +https://about.censys.io/)',
  'host' => '101.132.45.200',
  'content-type' => '',
  'content-length' => '',
)
[ info ] [ PARAM ] array (
)
[ info ] null
---------------------------------------------------------------

[2020-10-02T19:04:40+08:00] 101.251.238.50 GET 101.132.45.200:443/
[运行时间：0.004656s] [吞吐率：214.78req/s] [内存消耗：873.72kb] [文件加载：188]
[ info ] [ LANG ] /var/www/mishop/thinkphp/lang/zh-cn.php
[ info ] [ ROUTE ] array (
)
[ info ] [ HEADER ] array (
  'accept' => 'application/json, text/plain, */*',
  'accept-charset' => 'GBK,utf-8;q=0.7,*;q=0.3',
  'accept-language' => 'zh-CN,zh;q=0.8,en-US;q=0.5,en;q=0.3',
  'user-agent' => 'Mozilla/5.0 (Windows NT 10.0; Win64; x64; rv:79.0) Gecko/20100101 Firefox/79.0',
  'host' => '101.132.45.200:443',
  'content-type' => '',
  'content-length' => '',
)
[ info ] [ PARAM ] array (
)
[ info ] null
---------------------------------------------------------------

[2020-10-02T19:52:12+08:00] 83.97.20.30 GET 101.132.45.200/
[运行时间：0.005043s] [吞吐率：198.29req/s] [内存消耗：871.51kb] [文件加载：188]
[ info ] [ LANG ] /var/www/mishop/thinkphp/lang/zh-cn.php
[ info ] [ ROUTE ] array (
)
[ info ] [ HEADER ] array (
  'connection' => 'close',
  'host' => '101.132.45.200',
  'content-type' => '',
  'content-length' => '',
)
[ info ] [ PARAM ] array (
)
[ info ] null
---------------------------------------------------------------

[2020-10-02T20:29:09+08:00] 209.17.96.90 GET www.techbimu.com/
[运行时间：0.004240s] [吞吐率：235.85req/s] [内存消耗：871.73kb] [文件加载：188]
[ info ] [ LANG ] /var/www/mishop/thinkphp/lang/zh-cn.php
[ info ] [ ROUTE ] array (
)
[ info ] [ HEADER ] array (
  'user-agent' => 'Mozilla/5.0 (compatible; Nimbostratus-Bot/v1.3.2; http://cloudsystemnetworks.com)',
  'host' => 'www.techbimu.com',
  'content-type' => '',
  'content-length' => '',
)
[ info ] [ PARAM ] array (
)
[ info ] null
---------------------------------------------------------------

[2020-10-02T22:18:53+08:00] 183.136.225.56 GET 101.132.45.200/
[运行时间：0.004392s] [吞吐率：227.69req/s] [内存消耗：872.98kb] [文件加载：188]
[ info ] [ LANG ] /var/www/mishop/thinkphp/lang/zh-cn.php
[ info ] [ ROUTE ] array (
)
[ info ] [ HEADER ] array (
  'connection' => 'keep-alive',
  'accept' => '*/*',
  'user-agent' => 'Baiduspider+(+http://www.baidu.com/search/spider.htm);googlebot|baiduspider|baidu|spider|sogou|bingbot|bot|yahoo|soso|sosospider|360spider|youdaobot|jikeSpider;)',
  'host' => '101.132.45.200',
  'content-type' => '',
  'content-length' => '',
)
[ info ] [ PARAM ] array (
)
[ info ] null
---------------------------------------------------------------

[2020-10-02T23:10:28+08:00] 106.15.52.246 GET /
[运行时间：0.004575s] [吞吐率：218.58req/s] [内存消耗：870.38kb] [文件加载：188]
[ info ] [ LANG ] /var/www/mishop/thinkphp/lang/zh-cn.php
[ info ] [ ROUTE ] array (
)
[ info ] [ HEADER ] array (
  'content-type' => '',
  'content-length' => '',
)
[ info ] [ PARAM ] array (
)
[ info ] null
---------------------------------------------------------------

[2020-10-02T23:33:42+08:00] 42.240.133.39 GET 101.132.45.200:443/
[运行时间：0.004506s] [吞吐率：221.92req/s] [内存消耗：871.08kb] [文件加载：188]
[ info ] [ LANG ] /var/www/mishop/thinkphp/lang/zh-cn.php
[ info ] [ ROUTE ] array (
)
[ info ] [ HEADER ] array (
  'host' => '101.132.45.200:443',
  'content-type' => '',
  'content-length' => '',
)
[ info ] [ PARAM ] array (
)
[ info ] null
