---------------------------------------------------------------

[2020-10-07T00:51:56+08:00] 128.14.209.154 GET 101.132.45.200/
[运行时间：0.004366s] [吞吐率：229.05req/s] [内存消耗：861.73kb] [文件加载：188]
[ info ] [ LANG ] /var/www/mishop/thinkphp/lang/zh-cn.php
[ info ] [ ROUTE ] array (
)
[ info ] [ HEADER ] array (
  'accept-encoding' => 'gzip',
  'accept' => '*/*',
  'user-agent' => 'Mozilla/5.0 (Windows NT 10.0; Win64; x64) AppleWebKit/537.36 (KHTML, like Gecko) Chrome/60.0.3112.113 Safari/537.36',
  'host' => '101.132.45.200',
  'content-type' => '',
  'content-length' => '',
)
[ info ] [ PARAM ] array (
)
[ info ] null
---------------------------------------------------------------

[2020-10-07T01:10:50+08:00] 213.32.122.82 GET 101.132.45.200/
[运行时间：0.004858s] [吞吐率：205.85req/s] [内存消耗：861.18kb] [文件加载：188]
[ info ] [ LANG ] /var/www/mishop/thinkphp/lang/zh-cn.php
[ info ] [ ROUTE ] array (
)
[ info ] [ HEADER ] array (
  'connection' => 'close',
  'host' => '101.132.45.200',
  'user-agent' => 'Mozilla/5.0 (Windows NT 6.1) AppleWebKit/537.36 (KHTML, like Gecko) Chrome/41.0.2228.0 Safari/537.36',
  'content-type' => '',
  'content-length' => '',
)
[ info ] [ PARAM ] array (
)
[ info ] null
---------------------------------------------------------------

[2020-10-07T02:47:35+08:00] 47.98.104.44 GET 101.132.45.200/
[运行时间：0.004767s] [吞吐率：209.78req/s] [内存消耗：861.63kb] [文件加载：188]
[ info ] [ LANG ] /var/www/mishop/thinkphp/lang/zh-cn.php
[ info ] [ ROUTE ] array (
)
[ info ] [ HEADER ] array (
  'accept-encoding' => 'gzip',
  'connection' => 'Keep-Alive',
  'host' => '101.132.45.200',
  'user-agent' => 'Mozilla/5.0 chrome(windows nt/Windows NT;)Chrome',
  'content-type' => '',
  'content-length' => '',
)
[ info ] [ PARAM ] array (
)
[ info ] null
---------------------------------------------------------------

[2020-10-07T02:59:44+08:00] 139.162.113.204 GET 101.132.45.200/
[运行时间：0.005465s] [吞吐率：182.98req/s] [内存消耗：860.96kb] [文件加载：188]
[ info ] [ LANG ] /var/www/mishop/thinkphp/lang/zh-cn.php
[ info ] [ ROUTE ] array (
)
[ info ] [ HEADER ] array (
  'connection' => 'close',
  'user-agent' => 'HTTP Banner Detection (https://security.ipip.net)',
  'host' => '101.132.45.200',
  'content-type' => '',
  'content-length' => '',
)
[ info ] [ PARAM ] array (
)
[ info ] null
---------------------------------------------------------------

[2020-10-07T03:38:19+08:00] 128.14.133.58 GET 101.132.45.200/
[运行时间：0.004348s] [吞吐率：230.00req/s] [内存消耗：861.73kb] [文件加载：188]
[ info ] [ LANG ] /var/www/mishop/thinkphp/lang/zh-cn.php
[ info ] [ ROUTE ] array (
)
[ info ] [ HEADER ] array (
  'accept-encoding' => 'gzip',
  'accept' => '*/*',
  'user-agent' => 'Mozilla/5.0 (Windows NT 10.0; Win64; x64) AppleWebKit/537.36 (KHTML, like Gecko) Chrome/60.0.3112.113 Safari/537.36',
  'host' => '101.132.45.200',
  'content-type' => '',
  'content-length' => '',
)
[ info ] [ PARAM ] array (
)
[ info ] null
---------------------------------------------------------------

[2020-10-07T03:40:25+08:00] 203.208.60.94 GET www.techbimu.com/.well-known/assetlinks.json
[运行时间：0.003205s] [吞吐率：312.01req/s] [内存消耗：522.79kb] [文件加载：109]
[ info ] [ LANG ] /var/www/mishop/thinkphp/lang/zh-cn.php
---------------------------------------------------------------

[2020-10-07T05:35:20+08:00] 188.166.46.15 GET 101.132.45.200:443/
[运行时间：0.004567s] [吞吐率：218.97req/s] [内存消耗：860.38kb] [文件加载：188]
[ info ] [ LANG ] /var/www/mishop/thinkphp/lang/zh-cn.php
[ info ] [ ROUTE ] array (
)
[ info ] [ HEADER ] array (
  'connection' => 'close',
  'host' => '101.132.45.200:443',
  'content-type' => '',
  'content-length' => '',
)
[ info ] [ PARAM ] array (
)
[ info ] null
---------------------------------------------------------------

[2020-10-07T05:46:11+08:00] 136.244.92.168 GET 101.132.45.200/.env
[运行时间：0.003262s] [吞吐率：306.56req/s] [内存消耗：522.77kb] [文件加载：109]
[ info ] [ LANG ] /var/www/mishop/thinkphp/lang/zh-cn.php
---------------------------------------------------------------

[2020-10-07T05:46:12+08:00] 136.244.92.168 POST 101.132.45.200/
[运行时间：0.003655s] [吞吐率：273.60req/s] [内存消耗：862.08kb] [文件加载：188]
[ info ] [ LANG ] /var/www/mishop/thinkphp/lang/zh-cn.php
[ info ] [ ROUTE ] array (
)
[ info ] [ HEADER ] array (
  'content-type' => 'application/x-www-form-urlencoded',
  'connection' => 'keep-alive',
  'user-agent' => 'Mozilla/5.0 (X11; Linux x86_64) AppleWebKit/537.36 (KHTML, like Gecko) Chrome/81.0.4044.129 Safari/537.36',
  'accept' => '*/*',
  'accept-encoding' => 'gzip, deflate',
  'content-length' => '20',
  'host' => '101.132.45.200',
)
[ info ] [ PARAM ] array (
  '0x' => 
  array (
    0 => 'androxgh0st',
  ),
)
[ info ] null
---------------------------------------------------------------

[2020-10-07T08:29:58+08:00] 27.18.52.216 GET mishop.holyzq.com/
[运行时间：0.004364s] [吞吐率：229.15req/s] [内存消耗：863.31kb] [文件加载：188]
[ info ] [ LANG ] /var/www/mishop/thinkphp/lang/zh-cn.php
[ info ] [ ROUTE ] array (
)
[ info ] [ HEADER ] array (
  'user-agent' => 'Mozilla/5.0 (iPhone; CPU iPhone OS 14_0_1 like Mac OS X) AppleWebKit/605.1.15 (KHTML, like Gecko) Mobile/15E148 MicroMessenger/7.0.15(0x17000f31) NetType/WIFI Language/zh_CN',
  'accept-encoding' => 'gzip, deflate, br',
  'connection' => 'keep-alive',
  'accept-language' => 'zh-cn',
  'accept' => 'text/html,application/xhtml+xml,application/xml;q=0.9,*/*;q=0.8',
  'host' => 'mishop.holyzq.com',
  'content-type' => '',
  'content-length' => '',
)
[ info ] [ PARAM ] array (
)
[ info ] null
---------------------------------------------------------------

[2020-10-07T08:29:59+08:00] 27.18.52.216 GET mishop.holyzq.com/?code=051t2Tkl2vQPK54KP7nl29Eusf4t2Tkg&state=b1256e3e245c7564b9ba4a0f1ba142ee
[运行时间：0.226346s] [吞吐率：4.42req/s] [内存消耗：1,289.57kb] [文件加载：233]
[ info ] [ LANG ] /var/www/mishop/thinkphp/lang/zh-cn.php
[ info ] [ ROUTE ] array (
)
[ info ] [ HEADER ] array (
  'connection' => 'keep-alive',
  'accept-encoding' => 'gzip, deflate, br',
  'accept-language' => 'zh-cn',
  'user-agent' => 'Mozilla/5.0 (iPhone; CPU iPhone OS 14_0_1 like Mac OS X) AppleWebKit/605.1.15 (KHTML, like Gecko) Mobile/15E148 MicroMessenger/7.0.15(0x17000f31) NetType/WIFI Language/zh_CN',
  'cookie' => 'PHPSESSID=117k60sl9e864oa7r01v95tbjb',
  'accept' => 'text/html,application/xhtml+xml,application/xml;q=0.9,*/*;q=0.8',
  'host' => 'mishop.holyzq.com',
  'content-type' => '',
  'content-length' => '',
)
[ info ] [ PARAM ] array (
  'code' => '051t2Tkl2vQPK54KP7nl29Eusf4t2Tkg',
  'state' => 'b1256e3e245c7564b9ba4a0f1ba142ee',
)
[ info ] null
[ info ] [ DB ] INIT mysql
[ info ] /
[ sql ] [ DB ] CONNECT:[ UseTime:0.000419s ] mysql:host=127.0.0.1;port=3306;dbname=mishop;charset=utf8
[ sql ] [ SQL ] SHOW COLUMNS FROM `customer` [ RunTime:0.000598s ]
[ sql ] [ SQL ] SELECT * FROM `customer` WHERE  `openid` = 'ozw1Nwy8AFyVPnV61cLdQk0NXLT4' LIMIT 1 [ RunTime:0.000412s ]
---------------------------------------------------------------

[2020-10-07T08:29:59+08:00] 27.18.52.216 GET mishop.holyzq.com/
[运行时间：0.009797s] [吞吐率：102.07req/s] [内存消耗：1,199.40kb] [文件加载：193]
[ info ] [ LANG ] /var/www/mishop/thinkphp/lang/zh-cn.php
[ info ] [ ROUTE ] array (
)
[ info ] [ HEADER ] array (
  'connection' => 'keep-alive',
  'accept-encoding' => 'gzip, deflate, br',
  'accept-language' => 'zh-cn',
  'user-agent' => 'Mozilla/5.0 (iPhone; CPU iPhone OS 14_0_1 like Mac OS X) AppleWebKit/605.1.15 (KHTML, like Gecko) Mobile/15E148 MicroMessenger/7.0.15(0x17000f31) NetType/WIFI Language/zh_CN',
  'cookie' => 'PHPSESSID=117k60sl9e864oa7r01v95tbjb',
  'accept' => 'text/html,application/xhtml+xml,application/xml;q=0.9,*/*;q=0.8',
  'host' => 'mishop.holyzq.com',
  'content-type' => '',
  'content-length' => '',
)
[ info ] [ PARAM ] array (
)
[ info ] {"id":9,"openid":"ozw1Nwy8AFyVPnV61cLdQk0NXLT4","sex":1,"nickname":"Holyzq","city":"\u58a8\u5c14\u672c","province":"\u7ef4\u591a\u5229\u4e9a","headimgurl":"http:\/\/thirdwx.qlogo.cn\/mmopen\/vi_32\/EY0dC7dXRasmhslgTE85vs8F0QlGERyRibeBpsxficWO8iaQqR261pYqpFTgSqILoAYvIwUQwcvxYvQe3AuHrf7pA\/132","created_at":"2020-05-07 15:18:29","updated_at":null,"address_id":7}
[ info ] [ DB ] INIT mysql
[ info ] [ VIEW ] /var/www/mishop/application/index/view/index/index.html [ array (
  0 => '_index',
  1 => 'adverts',
  2 => 'banners',
  3 => 'products',
  4 => 'total',
) ]
[ sql ] [ DB ] CONNECT:[ UseTime:0.000376s ] mysql:host=127.0.0.1;port=3306;dbname=mishop;charset=utf8
[ sql ] [ SQL ] SHOW COLUMNS FROM `advert` [ RunTime:0.000569s ]
[ sql ] [ SQL ] SELECT * FROM `advert` WHERE  `category_id` = 1 ORDER BY `sort` DESC [ RunTime:0.000346s ]
[ sql ] [ SQL ] SHOW COLUMNS FROM `photo` [ RunTime:0.000385s ]
[ sql ] [ SQL ] SELECT * FROM `photo` WHERE  `id` IN (46,45,44,43) [ RunTime:0.000277s ]
[ sql ] [ SQL ] SELECT * FROM `advert` WHERE  `category_id` = 2 ORDER BY `sort` DESC [ RunTime:0.000257s ]
[ sql ] [ SQL ] SELECT * FROM `photo` WHERE  `id` IN (49,48,47) [ RunTime:0.000245s ]
[ sql ] [ SQL ] SHOW COLUMNS FROM `product` [ RunTime:0.000441s ]
[ sql ] [ SQL ] SELECT * FROM `product` WHERE (  `is_onsale` = 1 ) AND `product`.`delete_time` IS NULL ORDER BY `sort` LIMIT 2 [ RunTime:0.000388s ]
[ sql ] [ SQL ] SELECT * FROM `photo` WHERE  `id` IN (60,36) [ RunTime:0.000203s ]
[ sql ] [ SQL ] SELECT COUNT(*) AS tp_count FROM `product` WHERE (  `is_onsale` = 1 ) AND `product`.`delete_time` IS NULL [ RunTime:0.000247s ]
---------------------------------------------------------------

[2020-10-07T08:30:01+08:00] 27.18.52.216 POST mishop.holyzq.com/index/Index/get_products
[运行时间：0.007007s] [吞吐率：142.72req/s] [内存消耗：1,145.05kb] [文件加载：191]
[ info ] [ LANG ] /var/www/mishop/thinkphp/lang/zh-cn.php
[ info ] [ ROUTE ] array (
)
[ info ] [ HEADER ] array (
  'cookie' => 'PHPSESSID=117k60sl9e864oa7r01v95tbjb',
  'content-length' => '6',
  'referer' => 'https://mishop.holyzq.com/',
  'connection' => 'keep-alive',
  'user-agent' => 'Mozilla/5.0 (iPhone; CPU iPhone OS 14_0_1 like Mac OS X) AppleWebKit/605.1.15 (KHTML, like Gecko) Mobile/15E148 MicroMessenger/7.0.15(0x17000f31) NetType/WIFI Language/zh_CN',
  'origin' => 'https://mishop.holyzq.com',
  'content-type' => 'application/x-www-form-urlencoded; charset=UTF-8',
  'accept-encoding' => 'gzip, deflate, br',
  'accept-language' => 'zh-cn',
  'x-requested-with' => 'XMLHttpRequest',
  'accept' => '*/*',
  'host' => 'mishop.holyzq.com',
)
[ info ] [ PARAM ] array (
  'page' => '2',
)
[ info ] {"id":9,"openid":"ozw1Nwy8AFyVPnV61cLdQk0NXLT4","sex":1,"nickname":"Holyzq","city":"\u58a8\u5c14\u672c","province":"\u7ef4\u591a\u5229\u4e9a","headimgurl":"http:\/\/thirdwx.qlogo.cn\/mmopen\/vi_32\/EY0dC7dXRasmhslgTE85vs8F0QlGERyRibeBpsxficWO8iaQqR261pYqpFTgSqILoAYvIwUQwcvxYvQe3AuHrf7pA\/132","created_at":"2020-05-07 15:18:29","updated_at":null,"address_id":7}
[ info ] [ DB ] INIT mysql
[ sql ] [ DB ] CONNECT:[ UseTime:0.000417s ] mysql:host=127.0.0.1;port=3306;dbname=mishop;charset=utf8
[ sql ] [ SQL ] SHOW COLUMNS FROM `product` [ RunTime:0.000684s ]
[ sql ] [ SQL ] SELECT * FROM `product` WHERE (  `is_onsale` = 1 ) AND `product`.`delete_time` IS NULL ORDER BY `sort` LIMIT 2,2 [ RunTime:0.000458s ]
[ sql ] [ SQL ] SHOW COLUMNS FROM `photo` [ RunTime:0.000377s ]
[ sql ] [ SQL ] SELECT * FROM `photo` WHERE  `id` IN (53,56) [ RunTime:0.000225s ]
---------------------------------------------------------------

[2020-10-07T08:30:02+08:00] 27.18.52.216 POST mishop.holyzq.com/index/Index/get_products
[运行时间：0.006720s] [吞吐率：148.81req/s] [内存消耗：1,143.56kb] [文件加载：191]
[ info ] [ LANG ] /var/www/mishop/thinkphp/lang/zh-cn.php
[ info ] [ ROUTE ] array (
)
[ info ] [ HEADER ] array (
  'cookie' => 'PHPSESSID=117k60sl9e864oa7r01v95tbjb',
  'content-length' => '6',
  'referer' => 'https://mishop.holyzq.com/',
  'connection' => 'keep-alive',
  'user-agent' => 'Mozilla/5.0 (iPhone; CPU iPhone OS 14_0_1 like Mac OS X) AppleWebKit/605.1.15 (KHTML, like Gecko) Mobile/15E148 MicroMessenger/7.0.15(0x17000f31) NetType/WIFI Language/zh_CN',
  'origin' => 'https://mishop.holyzq.com',
  'content-type' => 'application/x-www-form-urlencoded; charset=UTF-8',
  'accept-encoding' => 'gzip, deflate, br',
  'accept-language' => 'zh-cn',
  'x-requested-with' => 'XMLHttpRequest',
  'accept' => '*/*',
  'host' => 'mishop.holyzq.com',
)
[ info ] [ PARAM ] array (
  'page' => '4',
)
[ info ] {"id":9,"openid":"ozw1Nwy8AFyVPnV61cLdQk0NXLT4","sex":1,"nickname":"Holyzq","city":"\u58a8\u5c14\u672c","province":"\u7ef4\u591a\u5229\u4e9a","headimgurl":"http:\/\/thirdwx.qlogo.cn\/mmopen\/vi_32\/EY0dC7dXRasmhslgTE85vs8F0QlGERyRibeBpsxficWO8iaQqR261pYqpFTgSqILoAYvIwUQwcvxYvQe3AuHrf7pA\/132","created_at":"2020-05-07 15:18:29","updated_at":null,"address_id":7}
[ info ] [ DB ] INIT mysql
[ sql ] [ DB ] CONNECT:[ UseTime:0.000424s ] mysql:host=127.0.0.1;port=3306;dbname=mishop;charset=utf8
[ sql ] [ SQL ] SHOW COLUMNS FROM `product` [ RunTime:0.000611s ]
[ sql ] [ SQL ] SELECT * FROM `product` WHERE (  `is_onsale` = 1 ) AND `product`.`delete_time` IS NULL ORDER BY `sort` LIMIT 4,2 [ RunTime:0.000394s ]
[ sql ] [ SQL ] SHOW COLUMNS FROM `photo` [ RunTime:0.000385s ]
[ sql ] [ SQL ] SELECT * FROM `photo` WHERE  `id` = 58 [ RunTime:0.000184s ]
---------------------------------------------------------------

[2020-10-07T08:30:13+08:00] 27.18.52.216 GET mishop.holyzq.com/index/Category/index
[运行时间：0.007206s] [吞吐率：138.77req/s] [内存消耗：961.84kb] [文件加载：139]
[ info ] [ LANG ] /var/www/mishop/thinkphp/lang/zh-cn.php
[ info ] [ ROUTE ] array (
)
[ info ] [ HEADER ] array (
  'accept-encoding' => 'gzip, deflate, br',
  'referer' => 'https://mishop.holyzq.com/',
  'accept-language' => 'zh-cn',
  'user-agent' => 'Mozilla/5.0 (iPhone; CPU iPhone OS 14_0_1 like Mac OS X) AppleWebKit/605.1.15 (KHTML, like Gecko) Mobile/15E148 MicroMessenger/7.0.15(0x17000f31) NetType/WIFI Language/zh_CN',
  'cookie' => 'PHPSESSID=117k60sl9e864oa7r01v95tbjb',
  'connection' => 'keep-alive',
  'accept' => 'text/html,application/xhtml+xml,application/xml;q=0.9,*/*;q=0.8',
  'host' => 'mishop.holyzq.com',
  'content-type' => '',
  'content-length' => '',
)
[ info ] [ PARAM ] array (
)
[ info ] [ DB ] INIT mysql
[ info ] [ VIEW ] /var/www/mishop/application/index/view/category/index.html [ array (
  0 => '_category',
  1 => 'categories',
) ]
[ sql ] [ DB ] CONNECT:[ UseTime:0.000440s ] mysql:host=127.0.0.1;port=3306;dbname=mishop;charset=utf8
[ sql ] [ SQL ] SHOW COLUMNS FROM `category` [ RunTime:0.000655s ]
[ sql ] [ SQL ] SELECT * FROM `category` WHERE  `parent_id` = 0 ORDER BY `sort` [ RunTime:0.000423s ]
[ sql ] [ SQL ] SELECT * FROM `category` WHERE  `parent_id` IN (1,5) ORDER BY `sort` [ RunTime:0.000268s ]
[ sql ] [ SQL ] SHOW COLUMNS FROM `photo` [ RunTime:0.000401s ]
[ sql ] [ SQL ] SELECT * FROM `photo` WHERE  `id` IN (3,9,2,10,8,11) [ RunTime:0.000252s ]
---------------------------------------------------------------

[2020-10-07T08:30:16+08:00] 27.18.52.216 GET mishop.holyzq.com/index/Category/product?category_id=8
[运行时间：0.007382s] [吞吐率：135.47req/s] [内存消耗：960.55kb] [文件加载：141]
[ info ] [ LANG ] /var/www/mishop/thinkphp/lang/zh-cn.php
[ info ] [ ROUTE ] array (
)
[ info ] [ HEADER ] array (
  'accept-encoding' => 'gzip, deflate, br',
  'referer' => 'https://mishop.holyzq.com/index/Category/index',
  'accept-language' => 'zh-cn',
  'user-agent' => 'Mozilla/5.0 (iPhone; CPU iPhone OS 14_0_1 like Mac OS X) AppleWebKit/605.1.15 (KHTML, like Gecko) Mobile/15E148 MicroMessenger/7.0.15(0x17000f31) NetType/WIFI Language/zh_CN',
  'cookie' => 'PHPSESSID=117k60sl9e864oa7r01v95tbjb',
  'connection' => 'keep-alive',
  'accept' => 'text/html,application/xhtml+xml,application/xml;q=0.9,*/*;q=0.8',
  'host' => 'mishop.holyzq.com',
  'content-type' => '',
  'content-length' => '',
)
[ info ] [ PARAM ] array (
  'category_id' => '8',
)
[ info ] [ DB ] INIT mysql
[ info ] [ VIEW ] /var/www/mishop/application/index/view/category/product.html [ array (
  0 => '_category',
  1 => 'products',
) ]
[ sql ] [ DB ] CONNECT:[ UseTime:0.000432s ] mysql:host=127.0.0.1;port=3306;dbname=mishop;charset=utf8
[ sql ] [ SQL ] SHOW COLUMNS FROM `product` [ RunTime:0.000695s ]
[ sql ] [ SQL ] SHOW COLUMNS FROM `product_category` [ RunTime:0.000510s ]
[ sql ] [ SQL ] SELECT * FROM `product_category` WHERE  `category_id` = 8 [ RunTime:0.000261s ]
[ sql ] [ SQL ] SELECT * FROM `product` WHERE (  (  `id` IN (5,7) ) ) AND `product`.`delete_time` IS NULL ORDER BY `is_top` DESC,`created_at` [ RunTime:0.000419s ]
[ sql ] [ SQL ] SHOW COLUMNS FROM `photo` [ RunTime:0.000387s ]
[ sql ] [ SQL ] SELECT * FROM `photo` WHERE  `id` = 56 [ RunTime:0.000204s ]
---------------------------------------------------------------

[2020-10-07T08:30:18+08:00] 27.18.52.216 GET mishop.holyzq.com/index/Index/show/id/7
[运行时间：0.008383s] [吞吐率：119.29req/s] [内存消耗：1,199.51kb] [文件加载：194]
[ info ] [ LANG ] /var/www/mishop/thinkphp/lang/zh-cn.php
[ info ] [ ROUTE ] array (
)
[ info ] [ HEADER ] array (
  'accept-encoding' => 'gzip, deflate, br',
  'referer' => 'https://mishop.holyzq.com/index/Category/product?category_id=8',
  'accept-language' => 'zh-cn',
  'user-agent' => 'Mozilla/5.0 (iPhone; CPU iPhone OS 14_0_1 like Mac OS X) AppleWebKit/605.1.15 (KHTML, like Gecko) Mobile/15E148 MicroMessenger/7.0.15(0x17000f31) NetType/WIFI Language/zh_CN',
  'cookie' => 'PHPSESSID=117k60sl9e864oa7r01v95tbjb',
  'connection' => 'keep-alive',
  'accept' => 'text/html,application/xhtml+xml,application/xml;q=0.9,*/*;q=0.8',
  'host' => 'mishop.holyzq.com',
  'content-type' => '',
  'content-length' => '',
)
[ info ] [ PARAM ] array (
  'id' => '7',
)
[ info ] {"id":9,"openid":"ozw1Nwy8AFyVPnV61cLdQk0NXLT4","sex":1,"nickname":"Holyzq","city":"\u58a8\u5c14\u672c","province":"\u7ef4\u591a\u5229\u4e9a","headimgurl":"http:\/\/thirdwx.qlogo.cn\/mmopen\/vi_32\/EY0dC7dXRasmhslgTE85vs8F0QlGERyRibeBpsxficWO8iaQqR261pYqpFTgSqILoAYvIwUQwcvxYvQe3AuHrf7pA\/132","created_at":"2020-05-07 15:18:29","updated_at":null,"address_id":7}
[ info ] [ DB ] INIT mysql
[ info ] [ VIEW ] /var/www/mishop/application/index/view/index/show.html [ array (
  0 => '_index',
  1 => 'product',
  2 => 'recommends',
) ]
[ sql ] [ DB ] CONNECT:[ UseTime:0.000437s ] mysql:host=127.0.0.1;port=3306;dbname=mishop;charset=utf8
[ sql ] [ SQL ] SHOW COLUMNS FROM `product` [ RunTime:0.000608s ]
[ sql ] [ SQL ] SELECT * FROM `product` WHERE (  `id` = 7 ) AND `product`.`delete_time` IS NULL LIMIT 1 [ RunTime:0.000373s ]
[ sql ] [ SQL ] SHOW COLUMNS FROM `gallery` [ RunTime:0.000435s ]
[ sql ] [ SQL ] SELECT * FROM `gallery` WHERE  `product_id` = 7 [ RunTime:0.000254s ]
[ sql ] [ SQL ] SELECT * FROM `product` WHERE (  `is_recommend` = 1  AND `id` <> 7 ) AND `product`.`delete_time` IS NULL ORDER BY `is_top` DESC [ RunTime:0.000350s ]
[ sql ] [ SQL ] SHOW COLUMNS FROM `photo` [ RunTime:0.000364s ]
[ sql ] [ SQL ] SELECT * FROM `photo` WHERE  `id` IN (60,36,53,58) [ RunTime:0.000208s ]
---------------------------------------------------------------

[2020-10-07T08:30:19+08:00] 27.18.52.216 POST mishop.holyzq.com/index/Cart/store
[运行时间：0.007254s] [吞吐率：137.85req/s] [内存消耗：1,007.70kb] [文件加载：183]
[ info ] [ LANG ] /var/www/mishop/thinkphp/lang/zh-cn.php
[ info ] [ ROUTE ] array (
)
[ info ] [ HEADER ] array (
  'cookie' => 'PHPSESSID=117k60sl9e864oa7r01v95tbjb',
  'content-length' => '12',
  'referer' => 'https://mishop.holyzq.com/index/Index/show/id/7',
  'connection' => 'keep-alive',
  'user-agent' => 'Mozilla/5.0 (iPhone; CPU iPhone OS 14_0_1 like Mac OS X) AppleWebKit/605.1.15 (KHTML, like Gecko) Mobile/15E148 MicroMessenger/7.0.15(0x17000f31) NetType/WIFI Language/zh_CN',
  'origin' => 'https://mishop.holyzq.com',
  'content-type' => 'application/x-www-form-urlencoded; charset=UTF-8',
  'accept-encoding' => 'gzip, deflate, br',
  'accept-language' => 'zh-cn',
  'x-requested-with' => 'XMLHttpRequest',
  'accept' => '*/*',
  'host' => 'mishop.holyzq.com',
)
[ info ] [ PARAM ] array (
  'product_id' => '7',
)
[ info ] {"id":9,"openid":"ozw1Nwy8AFyVPnV61cLdQk0NXLT4","sex":1,"nickname":"Holyzq","city":"\u58a8\u5c14\u672c","province":"\u7ef4\u591a\u5229\u4e9a","headimgurl":"http:\/\/thirdwx.qlogo.cn\/mmopen\/vi_32\/EY0dC7dXRasmhslgTE85vs8F0QlGERyRibeBpsxficWO8iaQqR261pYqpFTgSqILoAYvIwUQwcvxYvQe3AuHrf7pA\/132","created_at":"2020-05-07 15:18:29","updated_at":null,"address_id":7}
[ info ] [ DB ] INIT mysql
[ sql ] [ DB ] CONNECT:[ UseTime:0.000396s ] mysql:host=127.0.0.1;port=3306;dbname=mishop;charset=utf8
[ sql ] [ SQL ] SHOW COLUMNS FROM `cart` [ RunTime:0.000563s ]
[ sql ] [ SQL ] SELECT * FROM `cart` WHERE  `product_id` = 7  AND `customer_id` = 9 LIMIT 1 [ RunTime:0.000271s ]
[ sql ] [ SQL ] INSERT INTO `cart` (`product_id` , `customer_id`) VALUES (7 , 9) [ RunTime:0.000232s ]
---------------------------------------------------------------

[2020-10-07T08:30:19+08:00] 27.18.52.216 GET mishop.holyzq.com/index/cart/index
[运行时间：0.007232s] [吞吐率：138.27req/s] [内存消耗：1,168.07kb] [文件加载：193]
[ info ] [ LANG ] /var/www/mishop/thinkphp/lang/zh-cn.php
[ info ] [ ROUTE ] array (
)
[ info ] [ HEADER ] array (
  'accept-encoding' => 'gzip, deflate, br',
  'referer' => 'https://mishop.holyzq.com/index/Index/show/id/7',
  'accept-language' => 'zh-cn',
  'user-agent' => 'Mozilla/5.0 (iPhone; CPU iPhone OS 14_0_1 like Mac OS X) AppleWebKit/605.1.15 (KHTML, like Gecko) Mobile/15E148 MicroMessenger/7.0.15(0x17000f31) NetType/WIFI Language/zh_CN',
  'cookie' => 'PHPSESSID=117k60sl9e864oa7r01v95tbjb',
  'connection' => 'keep-alive',
  'accept' => 'text/html,application/xhtml+xml,application/xml;q=0.9,*/*;q=0.8',
  'host' => 'mishop.holyzq.com',
  'content-type' => '',
  'content-length' => '',
)
[ info ] [ PARAM ] array (
)
[ info ] {"id":9,"openid":"ozw1Nwy8AFyVPnV61cLdQk0NXLT4","sex":1,"nickname":"Holyzq","city":"\u58a8\u5c14\u672c","province":"\u7ef4\u591a\u5229\u4e9a","headimgurl":"http:\/\/thirdwx.qlogo.cn\/mmopen\/vi_32\/EY0dC7dXRasmhslgTE85vs8F0QlGERyRibeBpsxficWO8iaQqR261pYqpFTgSqILoAYvIwUQwcvxYvQe3AuHrf7pA\/132","created_at":"2020-05-07 15:18:29","updated_at":null,"address_id":7}
[ info ] [ DB ] INIT mysql
[ info ] [ VIEW ] /var/www/mishop/application/index/view/cart/index.html [ array (
  0 => 'carts',
  1 => 'count',
) ]
[ sql ] [ DB ] CONNECT:[ UseTime:0.000408s ] mysql:host=127.0.0.1;port=3306;dbname=mishop;charset=utf8
[ sql ] [ SQL ] SHOW COLUMNS FROM `cart` [ RunTime:0.000577s ]
[ sql ] [ SQL ] SELECT * FROM `cart` WHERE  `customer_id` = 9 [ RunTime:0.000275s ]
[ sql ] [ SQL ] SHOW COLUMNS FROM `product` [ RunTime:0.000449s ]
[ sql ] [ SQL ] SELECT * FROM `product` WHERE (  `id` = 7 ) AND `product`.`delete_time` IS NULL [ RunTime:0.000305s ]
[ sql ] [ SQL ] SHOW COLUMNS FROM `photo` [ RunTime:0.000339s ]
[ sql ] [ SQL ] SELECT * FROM `photo` WHERE  `id` = 56 [ RunTime:0.000176s ]
---------------------------------------------------------------

[2020-10-07T08:30:22+08:00] 27.18.52.216 GET mishop.holyzq.com/index/Order/checkout
[运行时间：0.009071s] [吞吐率：110.24req/s] [内存消耗：1,190.96kb] [文件加载：194]
[ info ] [ LANG ] /var/www/mishop/thinkphp/lang/zh-cn.php
[ info ] [ ROUTE ] array (
)
[ info ] [ HEADER ] array (
  'accept-encoding' => 'gzip, deflate, br',
  'referer' => 'https://mishop.holyzq.com/index/cart/index',
  'accept-language' => 'zh-cn',
  'user-agent' => 'Mozilla/5.0 (iPhone; CPU iPhone OS 14_0_1 like Mac OS X) AppleWebKit/605.1.15 (KHTML, like Gecko) Mobile/15E148 MicroMessenger/7.0.15(0x17000f31) NetType/WIFI Language/zh_CN',
  'cookie' => 'PHPSESSID=117k60sl9e864oa7r01v95tbjb',
  'connection' => 'keep-alive',
  'accept' => 'text/html,application/xhtml+xml,application/xml;q=0.9,*/*;q=0.8',
  'host' => 'mishop.holyzq.com',
  'content-type' => '',
  'content-length' => '',
)
[ info ] [ PARAM ] array (
)
[ info ] {"id":9,"openid":"ozw1Nwy8AFyVPnV61cLdQk0NXLT4","sex":1,"nickname":"Holyzq","city":"\u58a8\u5c14\u672c","province":"\u7ef4\u591a\u5229\u4e9a","headimgurl":"http:\/\/thirdwx.qlogo.cn\/mmopen\/vi_32\/EY0dC7dXRasmhslgTE85vs8F0QlGERyRibeBpsxficWO8iaQqR261pYqpFTgSqILoAYvIwUQwcvxYvQe3AuHrf7pA\/132","created_at":"2020-05-07 15:18:29","updated_at":null,"address_id":7}
[ info ] [ DB ] INIT mysql
[ info ] [ VIEW ] /var/www/mishop/application/index/view/order/checkout.html [ array (
  0 => 'carts',
  1 => 'count',
  2 => 'address',
) ]
[ sql ] [ DB ] CONNECT:[ UseTime:0.000489s ] mysql:host=127.0.0.1;port=3306;dbname=mishop;charset=utf8
[ sql ] [ SQL ] SHOW COLUMNS FROM `cart` [ RunTime:0.000581s ]
[ sql ] [ SQL ] SELECT * FROM `cart` WHERE  `customer_id` = 9 [ RunTime:0.000296s ]
[ sql ] [ SQL ] SHOW COLUMNS FROM `product` [ RunTime:0.000445s ]
[ sql ] [ SQL ] SELECT * FROM `product` WHERE (  `id` = 7 ) AND `product`.`delete_time` IS NULL [ RunTime:0.000328s ]
[ sql ] [ SQL ] SHOW COLUMNS FROM `address` [ RunTime:0.000399s ]
[ sql ] [ SQL ] SELECT * FROM `address` WHERE  `id` = 7 LIMIT 1 [ RunTime:0.000224s ]
[ sql ] [ SQL ] SHOW COLUMNS FROM `photo` [ RunTime:0.000365s ]
[ sql ] [ SQL ] SELECT * FROM `photo` WHERE  `id` = 56 LIMIT 1 [ RunTime:0.000247s ]
---------------------------------------------------------------

[2020-10-07T08:30:28+08:00] 27.18.52.216 GET mishop.holyzq.com/index/Address/index
[运行时间：0.006767s] [吞吐率：147.78req/s] [内存消耗：1,125.81kb] [文件加载：187]
[ info ] [ LANG ] /var/www/mishop/thinkphp/lang/zh-cn.php
[ info ] [ ROUTE ] array (
)
[ info ] [ HEADER ] array (
  'accept-encoding' => 'gzip, deflate, br',
  'referer' => 'https://mishop.holyzq.com/index/Order/checkout',
  'accept-language' => 'zh-cn',
  'user-agent' => 'Mozilla/5.0 (iPhone; CPU iPhone OS 14_0_1 like Mac OS X) AppleWebKit/605.1.15 (KHTML, like Gecko) Mobile/15E148 MicroMessenger/7.0.15(0x17000f31) NetType/WIFI Language/zh_CN',
  'cookie' => 'PHPSESSID=117k60sl9e864oa7r01v95tbjb',
  'connection' => 'keep-alive',
  'accept' => 'text/html,application/xhtml+xml,application/xml;q=0.9,*/*;q=0.8',
  'host' => 'mishop.holyzq.com',
  'content-type' => '',
  'content-length' => '',
)
[ info ] [ PARAM ] array (
)
[ info ] {"id":9,"openid":"ozw1Nwy8AFyVPnV61cLdQk0NXLT4","sex":1,"nickname":"Holyzq","city":"\u58a8\u5c14\u672c","province":"\u7ef4\u591a\u5229\u4e9a","headimgurl":"http:\/\/thirdwx.qlogo.cn\/mmopen\/vi_32\/EY0dC7dXRasmhslgTE85vs8F0QlGERyRibeBpsxficWO8iaQqR261pYqpFTgSqILoAYvIwUQwcvxYvQe3AuHrf7pA\/132","created_at":"2020-05-07 15:18:29","updated_at":null,"address_id":7}
[ info ] [ DB ] INIT mysql
[ info ] [ VIEW ] /var/www/mishop/application/index/view/address/index.html [ array (
  0 => 'addresses',
) ]
[ sql ] [ DB ] CONNECT:[ UseTime:0.000400s ] mysql:host=127.0.0.1;port=3306;dbname=mishop;charset=utf8
[ sql ] [ SQL ] SHOW COLUMNS FROM `address` [ RunTime:0.000634s ]
[ sql ] [ SQL ] SELECT * FROM `address` WHERE  `customer_id` = 9 [ RunTime:0.000306s ]
---------------------------------------------------------------

[2020-10-07T08:30:32+08:00] 27.18.52.216 GET mishop.holyzq.com/
[运行时间：0.009678s] [吞吐率：103.33req/s] [内存消耗：1,199.40kb] [文件加载：193]
[ info ] [ LANG ] /var/www/mishop/thinkphp/lang/zh-cn.php
[ info ] [ ROUTE ] array (
)
[ info ] [ HEADER ] array (
  'connection' => 'keep-alive',
  'accept-encoding' => 'gzip, deflate, br',
  'accept-language' => 'zh-cn',
  'user-agent' => 'Mozilla/5.0 (iPhone; CPU iPhone OS 14_0_1 like Mac OS X) AppleWebKit/605.1.15 (KHTML, like Gecko) Mobile/15E148 MicroMessenger/7.0.15(0x17000f31) NetType/WIFI Language/zh_CN',
  'cookie' => 'PHPSESSID=117k60sl9e864oa7r01v95tbjb',
  'accept' => 'text/html,application/xhtml+xml,application/xml;q=0.9,*/*;q=0.8',
  'host' => 'mishop.holyzq.com',
  'content-type' => '',
  'content-length' => '',
)
[ info ] [ PARAM ] array (
)
[ info ] {"id":9,"openid":"ozw1Nwy8AFyVPnV61cLdQk0NXLT4","sex":1,"nickname":"Holyzq","city":"\u58a8\u5c14\u672c","province":"\u7ef4\u591a\u5229\u4e9a","headimgurl":"http:\/\/thirdwx.qlogo.cn\/mmopen\/vi_32\/EY0dC7dXRasmhslgTE85vs8F0QlGERyRibeBpsxficWO8iaQqR261pYqpFTgSqILoAYvIwUQwcvxYvQe3AuHrf7pA\/132","created_at":"2020-05-07 15:18:29","updated_at":null,"address_id":7}
[ info ] [ DB ] INIT mysql
[ info ] [ VIEW ] /var/www/mishop/application/index/view/index/index.html [ array (
  0 => '_index',
  1 => 'adverts',
  2 => 'banners',
  3 => 'products',
  4 => 'total',
) ]
[ sql ] [ DB ] CONNECT:[ UseTime:0.000407s ] mysql:host=127.0.0.1;port=3306;dbname=mishop;charset=utf8
[ sql ] [ SQL ] SHOW COLUMNS FROM `advert` [ RunTime:0.000591s ]
[ sql ] [ SQL ] SELECT * FROM `advert` WHERE  `category_id` = 1 ORDER BY `sort` DESC [ RunTime:0.000311s ]
[ sql ] [ SQL ] SHOW COLUMNS FROM `photo` [ RunTime:0.000388s ]
[ sql ] [ SQL ] SELECT * FROM `photo` WHERE  `id` IN (46,45,44,43) [ RunTime:0.000236s ]
[ sql ] [ SQL ] SELECT * FROM `advert` WHERE  `category_id` = 2 ORDER BY `sort` DESC [ RunTime:0.000261s ]
[ sql ] [ SQL ] SELECT * FROM `photo` WHERE  `id` IN (49,48,47) [ RunTime:0.000226s ]
[ sql ] [ SQL ] SHOW COLUMNS FROM `product` [ RunTime:0.000474s ]
[ sql ] [ SQL ] SELECT * FROM `product` WHERE (  `is_onsale` = 1 ) AND `product`.`delete_time` IS NULL ORDER BY `sort` LIMIT 2 [ RunTime:0.000314s ]
[ sql ] [ SQL ] SELECT * FROM `photo` WHERE  `id` IN (60,36) [ RunTime:0.000198s ]
[ sql ] [ SQL ] SELECT COUNT(*) AS tp_count FROM `product` WHERE (  `is_onsale` = 1 ) AND `product`.`delete_time` IS NULL [ RunTime:0.000221s ]
---------------------------------------------------------------

[2020-10-07T08:30:34+08:00] 27.18.52.216 GET mishop.holyzq.com/index/Customer/index
[运行时间：0.003491s] [吞吐率：286.46req/s] [内存消耗：803.92kb] [文件加载：179]
[ info ] [ LANG ] /var/www/mishop/thinkphp/lang/zh-cn.php
[ info ] [ ROUTE ] array (
)
[ info ] [ HEADER ] array (
  'accept-encoding' => 'gzip, deflate, br',
  'referer' => 'https://mishop.holyzq.com/',
  'accept-language' => 'zh-cn',
  'user-agent' => 'Mozilla/5.0 (iPhone; CPU iPhone OS 14_0_1 like Mac OS X) AppleWebKit/605.1.15 (KHTML, like Gecko) Mobile/15E148 MicroMessenger/7.0.15(0x17000f31) NetType/WIFI Language/zh_CN',
  'cookie' => 'PHPSESSID=117k60sl9e864oa7r01v95tbjb',
  'connection' => 'keep-alive',
  'accept' => 'text/html,application/xhtml+xml,application/xml;q=0.9,*/*;q=0.8',
  'host' => 'mishop.holyzq.com',
  'content-type' => '',
  'content-length' => '',
)
[ info ] [ PARAM ] array (
)
[ info ] {"id":9,"openid":"ozw1Nwy8AFyVPnV61cLdQk0NXLT4","sex":1,"nickname":"Holyzq","city":"\u58a8\u5c14\u672c","province":"\u7ef4\u591a\u5229\u4e9a","headimgurl":"http:\/\/thirdwx.qlogo.cn\/mmopen\/vi_32\/EY0dC7dXRasmhslgTE85vs8F0QlGERyRibeBpsxficWO8iaQqR261pYqpFTgSqILoAYvIwUQwcvxYvQe3AuHrf7pA\/132","created_at":"2020-05-07 15:18:29","updated_at":null,"address_id":7}
[ info ] [ VIEW ] /var/www/mishop/application/index/view/customer/index.html [ array (
  0 => '_customer',
  1 => 'customer',
) ]
---------------------------------------------------------------

[2020-10-07T08:30:37+08:00] 27.18.52.216 GET mishop.holyzq.com/index/Address/manage
[运行时间：0.006112s] [吞吐率：163.62req/s] [内存消耗：1,124.23kb] [文件加载：187]
[ info ] [ LANG ] /var/www/mishop/thinkphp/lang/zh-cn.php
[ info ] [ ROUTE ] array (
)
[ info ] [ HEADER ] array (
  'accept-encoding' => 'gzip, deflate, br',
  'referer' => 'https://mishop.holyzq.com/index/Customer/index',
  'accept-language' => 'zh-cn',
  'user-agent' => 'Mozilla/5.0 (iPhone; CPU iPhone OS 14_0_1 like Mac OS X) AppleWebKit/605.1.15 (KHTML, like Gecko) Mobile/15E148 MicroMessenger/7.0.15(0x17000f31) NetType/WIFI Language/zh_CN',
  'cookie' => 'PHPSESSID=117k60sl9e864oa7r01v95tbjb',
  'connection' => 'keep-alive',
  'accept' => 'text/html,application/xhtml+xml,application/xml;q=0.9,*/*;q=0.8',
  'host' => 'mishop.holyzq.com',
  'content-type' => '',
  'content-length' => '',
)
[ info ] [ PARAM ] array (
)
[ info ] {"id":9,"openid":"ozw1Nwy8AFyVPnV61cLdQk0NXLT4","sex":1,"nickname":"Holyzq","city":"\u58a8\u5c14\u672c","province":"\u7ef4\u591a\u5229\u4e9a","headimgurl":"http:\/\/thirdwx.qlogo.cn\/mmopen\/vi_32\/EY0dC7dXRasmhslgTE85vs8F0QlGERyRibeBpsxficWO8iaQqR261pYqpFTgSqILoAYvIwUQwcvxYvQe3AuHrf7pA\/132","created_at":"2020-05-07 15:18:29","updated_at":null,"address_id":7}
[ info ] [ DB ] INIT mysql
[ info ] [ VIEW ] /var/www/mishop/application/index/view/address/manage.html [ array (
  0 => 'addresses',
) ]
[ sql ] [ DB ] CONNECT:[ UseTime:0.000478s ] mysql:host=127.0.0.1;port=3306;dbname=mishop;charset=utf8
[ sql ] [ SQL ] SHOW COLUMNS FROM `address` [ RunTime:0.000744s ]
[ sql ] [ SQL ] SELECT * FROM `address` WHERE  `customer_id` = 9 ORDER BY `create_time` DESC [ RunTime:0.000346s ]
---------------------------------------------------------------

[2020-10-07T08:30:38+08:00] 27.18.52.216 GET mishop.holyzq.com/index/Address/delete/id/7
[运行时间：0.007220s] [吞吐率：138.50req/s] [内存消耗：1,081.10kb] [文件加载：186]
[ info ] [ LANG ] /var/www/mishop/thinkphp/lang/zh-cn.php
[ info ] [ ROUTE ] array (
)
[ info ] [ HEADER ] array (
  'accept-encoding' => 'gzip, deflate, br',
  'referer' => 'https://mishop.holyzq.com/index/Address/manage',
  'accept-language' => 'zh-cn',
  'user-agent' => 'Mozilla/5.0 (iPhone; CPU iPhone OS 14_0_1 like Mac OS X) AppleWebKit/605.1.15 (KHTML, like Gecko) Mobile/15E148 MicroMessenger/7.0.15(0x17000f31) NetType/WIFI Language/zh_CN',
  'cookie' => 'PHPSESSID=117k60sl9e864oa7r01v95tbjb',
  'connection' => 'keep-alive',
  'accept' => 'text/html,application/xhtml+xml,application/xml;q=0.9,*/*;q=0.8',
  'host' => 'mishop.holyzq.com',
  'content-type' => '',
  'content-length' => '',
)
[ info ] [ PARAM ] array (
  'id' => '7',
)
[ info ] {"id":9,"openid":"ozw1Nwy8AFyVPnV61cLdQk0NXLT4","sex":1,"nickname":"Holyzq","city":"\u58a8\u5c14\u672c","province":"\u7ef4\u591a\u5229\u4e9a","headimgurl":"http:\/\/thirdwx.qlogo.cn\/mmopen\/vi_32\/EY0dC7dXRasmhslgTE85vs8F0QlGERyRibeBpsxficWO8iaQqR261pYqpFTgSqILoAYvIwUQwcvxYvQe3AuHrf7pA\/132","created_at":"2020-05-07 15:18:29","updated_at":null,"address_id":7}
[ info ] [ DB ] INIT mysql
[ sql ] [ DB ] CONNECT:[ UseTime:0.000405s ] mysql:host=127.0.0.1;port=3306;dbname=mishop;charset=utf8
[ sql ] [ SQL ] SHOW COLUMNS FROM `address` [ RunTime:0.000592s ]
[ sql ] [ SQL ] SELECT * FROM `address` WHERE  `id` = 7 [ RunTime:0.000289s ]
[ sql ] [ SQL ] DELETE FROM `address` WHERE  `id` = 7 [ RunTime:0.000277s ]
---------------------------------------------------------------

[2020-10-07T08:30:38+08:00] 27.18.52.216 GET mishop.holyzq.com/index/Address/manage
[运行时间：0.005152s] [吞吐率：194.10req/s] [内存消耗：1,121.73kb] [文件加载：187]
[ info ] [ LANG ] /var/www/mishop/thinkphp/lang/zh-cn.php
[ info ] [ ROUTE ] array (
)
[ info ] [ HEADER ] array (
  'accept-encoding' => 'gzip, deflate, br',
  'referer' => 'https://mishop.holyzq.com/index/Address/manage',
  'accept-language' => 'zh-cn',
  'user-agent' => 'Mozilla/5.0 (iPhone; CPU iPhone OS 14_0_1 like Mac OS X) AppleWebKit/605.1.15 (KHTML, like Gecko) Mobile/15E148 MicroMessenger/7.0.15(0x17000f31) NetType/WIFI Language/zh_CN',
  'cookie' => 'PHPSESSID=117k60sl9e864oa7r01v95tbjb',
  'connection' => 'keep-alive',
  'accept' => 'text/html,application/xhtml+xml,application/xml;q=0.9,*/*;q=0.8',
  'host' => 'mishop.holyzq.com',
  'content-type' => '',
  'content-length' => '',
)
[ info ] [ PARAM ] array (
)
[ info ] {"id":9,"openid":"ozw1Nwy8AFyVPnV61cLdQk0NXLT4","sex":1,"nickname":"Holyzq","city":"\u58a8\u5c14\u672c","province":"\u7ef4\u591a\u5229\u4e9a","headimgurl":"http:\/\/thirdwx.qlogo.cn\/mmopen\/vi_32\/EY0dC7dXRasmhslgTE85vs8F0QlGERyRibeBpsxficWO8iaQqR261pYqpFTgSqILoAYvIwUQwcvxYvQe3AuHrf7pA\/132","created_at":"2020-05-07 15:18:29","updated_at":null,"address_id":7}
[ info ] [ DB ] INIT mysql
[ info ] [ VIEW ] /var/www/mishop/application/index/view/address/manage.html [ array (
  0 => 'addresses',
) ]
[ sql ] [ DB ] CONNECT:[ UseTime:0.000386s ] mysql:host=127.0.0.1;port=3306;dbname=mishop;charset=utf8
[ sql ] [ SQL ] SHOW COLUMNS FROM `address` [ RunTime:0.000630s ]
[ sql ] [ SQL ] SELECT * FROM `address` WHERE  `customer_id` = 9 ORDER BY `create_time` DESC [ RunTime:0.000333s ]
---------------------------------------------------------------

[2020-10-07T08:30:44+08:00] 27.18.52.216 GET mishop.holyzq.com/
[运行时间：0.009502s] [吞吐率：105.24req/s] [内存消耗：1,199.41kb] [文件加载：193]
[ info ] [ LANG ] /var/www/mishop/thinkphp/lang/zh-cn.php
[ info ] [ ROUTE ] array (
)
[ info ] [ HEADER ] array (
  'connection' => 'keep-alive',
  'accept-encoding' => 'gzip, deflate, br',
  'accept-language' => 'zh-cn',
  'user-agent' => 'Mozilla/5.0 (iPhone; CPU iPhone OS 14_0_1 like Mac OS X) AppleWebKit/605.1.15 (KHTML, like Gecko) Mobile/15E148 MicroMessenger/7.0.15(0x17000f31) NetType/WIFI Language/zh_CN',
  'cookie' => 'PHPSESSID=117k60sl9e864oa7r01v95tbjb',
  'accept' => 'text/html,application/xhtml+xml,application/xml;q=0.9,*/*;q=0.8',
  'host' => 'mishop.holyzq.com',
  'content-type' => '',
  'content-length' => '',
)
[ info ] [ PARAM ] array (
)
[ info ] {"id":9,"openid":"ozw1Nwy8AFyVPnV61cLdQk0NXLT4","sex":1,"nickname":"Holyzq","city":"\u58a8\u5c14\u672c","province":"\u7ef4\u591a\u5229\u4e9a","headimgurl":"http:\/\/thirdwx.qlogo.cn\/mmopen\/vi_32\/EY0dC7dXRasmhslgTE85vs8F0QlGERyRibeBpsxficWO8iaQqR261pYqpFTgSqILoAYvIwUQwcvxYvQe3AuHrf7pA\/132","created_at":"2020-05-07 15:18:29","updated_at":null,"address_id":7}
[ info ] [ DB ] INIT mysql
[ info ] [ VIEW ] /var/www/mishop/application/index/view/index/index.html [ array (
  0 => '_index',
  1 => 'adverts',
  2 => 'banners',
  3 => 'products',
  4 => 'total',
) ]
[ sql ] [ DB ] CONNECT:[ UseTime:0.000434s ] mysql:host=127.0.0.1;port=3306;dbname=mishop;charset=utf8
[ sql ] [ SQL ] SHOW COLUMNS FROM `advert` [ RunTime:0.000574s ]
[ sql ] [ SQL ] SELECT * FROM `advert` WHERE  `category_id` = 1 ORDER BY `sort` DESC [ RunTime:0.000322s ]
[ sql ] [ SQL ] SHOW COLUMNS FROM `photo` [ RunTime:0.000387s ]
[ sql ] [ SQL ] SELECT * FROM `photo` WHERE  `id` IN (46,45,44,43) [ RunTime:0.000306s ]
[ sql ] [ SQL ] SELECT * FROM `advert` WHERE  `category_id` = 2 ORDER BY `sort` DESC [ RunTime:0.000241s ]
[ sql ] [ SQL ] SELECT * FROM `photo` WHERE  `id` IN (49,48,47) [ RunTime:0.000219s ]
[ sql ] [ SQL ] SHOW COLUMNS FROM `product` [ RunTime:0.000437s ]
[ sql ] [ SQL ] SELECT * FROM `product` WHERE (  `is_onsale` = 1 ) AND `product`.`delete_time` IS NULL ORDER BY `sort` LIMIT 2 [ RunTime:0.000344s ]
[ sql ] [ SQL ] SELECT * FROM `photo` WHERE  `id` IN (60,36) [ RunTime:0.000199s ]
[ sql ] [ SQL ] SELECT COUNT(*) AS tp_count FROM `product` WHERE (  `is_onsale` = 1 ) AND `product`.`delete_time` IS NULL [ RunTime:0.000252s ]
---------------------------------------------------------------

[2020-10-07T08:30:47+08:00] 27.18.52.216 GET mishop.holyzq.com/index/Cart/index
[运行时间：0.008007s] [吞吐率：124.89req/s] [内存消耗：1,167.96kb] [文件加载：193]
[ info ] [ LANG ] /var/www/mishop/thinkphp/lang/zh-cn.php
[ info ] [ ROUTE ] array (
)
[ info ] [ HEADER ] array (
  'accept-encoding' => 'gzip, deflate, br',
  'referer' => 'https://mishop.holyzq.com/',
  'accept-language' => 'zh-cn',
  'user-agent' => 'Mozilla/5.0 (iPhone; CPU iPhone OS 14_0_1 like Mac OS X) AppleWebKit/605.1.15 (KHTML, like Gecko) Mobile/15E148 MicroMessenger/7.0.15(0x17000f31) NetType/WIFI Language/zh_CN',
  'cookie' => 'PHPSESSID=117k60sl9e864oa7r01v95tbjb',
  'connection' => 'keep-alive',
  'accept' => 'text/html,application/xhtml+xml,application/xml;q=0.9,*/*;q=0.8',
  'host' => 'mishop.holyzq.com',
  'content-type' => '',
  'content-length' => '',
)
[ info ] [ PARAM ] array (
)
[ info ] {"id":9,"openid":"ozw1Nwy8AFyVPnV61cLdQk0NXLT4","sex":1,"nickname":"Holyzq","city":"\u58a8\u5c14\u672c","province":"\u7ef4\u591a\u5229\u4e9a","headimgurl":"http:\/\/thirdwx.qlogo.cn\/mmopen\/vi_32\/EY0dC7dXRasmhslgTE85vs8F0QlGERyRibeBpsxficWO8iaQqR261pYqpFTgSqILoAYvIwUQwcvxYvQe3AuHrf7pA\/132","created_at":"2020-05-07 15:18:29","updated_at":null,"address_id":7}
[ info ] [ DB ] INIT mysql
[ info ] [ VIEW ] /var/www/mishop/application/index/view/cart/index.html [ array (
  0 => 'carts',
  1 => 'count',
) ]
[ sql ] [ DB ] CONNECT:[ UseTime:0.000419s ] mysql:host=127.0.0.1;port=3306;dbname=mishop;charset=utf8
[ sql ] [ SQL ] SHOW COLUMNS FROM `cart` [ RunTime:0.000554s ]
[ sql ] [ SQL ] SELECT * FROM `cart` WHERE  `customer_id` = 9 [ RunTime:0.000265s ]
[ sql ] [ SQL ] SHOW COLUMNS FROM `product` [ RunTime:0.000461s ]
[ sql ] [ SQL ] SELECT * FROM `product` WHERE (  `id` = 7 ) AND `product`.`delete_time` IS NULL [ RunTime:0.000343s ]
[ sql ] [ SQL ] SHOW COLUMNS FROM `photo` [ RunTime:0.000355s ]
[ sql ] [ SQL ] SELECT * FROM `photo` WHERE  `id` = 56 [ RunTime:0.000173s ]
---------------------------------------------------------------

[2020-10-07T08:30:49+08:00] 27.18.52.216 GET mishop.holyzq.com/index/Order/checkout
[运行时间：0.007783s] [吞吐率：128.49req/s] [内存消耗：1,188.10kb] [文件加载：194]
[ info ] [ LANG ] /var/www/mishop/thinkphp/lang/zh-cn.php
[ info ] [ ROUTE ] array (
)
[ info ] [ HEADER ] array (
  'accept-encoding' => 'gzip, deflate, br',
  'referer' => 'https://mishop.holyzq.com/index/Cart/index',
  'accept-language' => 'zh-cn',
  'user-agent' => 'Mozilla/5.0 (iPhone; CPU iPhone OS 14_0_1 like Mac OS X) AppleWebKit/605.1.15 (KHTML, like Gecko) Mobile/15E148 MicroMessenger/7.0.15(0x17000f31) NetType/WIFI Language/zh_CN',
  'cookie' => 'PHPSESSID=117k60sl9e864oa7r01v95tbjb',
  'connection' => 'keep-alive',
  'accept' => 'text/html,application/xhtml+xml,application/xml;q=0.9,*/*;q=0.8',
  'host' => 'mishop.holyzq.com',
  'content-type' => '',
  'content-length' => '',
)
[ info ] [ PARAM ] array (
)
[ info ] {"id":9,"openid":"ozw1Nwy8AFyVPnV61cLdQk0NXLT4","sex":1,"nickname":"Holyzq","city":"\u58a8\u5c14\u672c","province":"\u7ef4\u591a\u5229\u4e9a","headimgurl":"http:\/\/thirdwx.qlogo.cn\/mmopen\/vi_32\/EY0dC7dXRasmhslgTE85vs8F0QlGERyRibeBpsxficWO8iaQqR261pYqpFTgSqILoAYvIwUQwcvxYvQe3AuHrf7pA\/132","created_at":"2020-05-07 15:18:29","updated_at":null,"address_id":7}
[ info ] [ DB ] INIT mysql
[ info ] [ VIEW ] /var/www/mishop/application/index/view/order/checkout.html [ array (
  0 => 'carts',
  1 => 'count',
  2 => 'address',
) ]
[ sql ] [ DB ] CONNECT:[ UseTime:0.000404s ] mysql:host=127.0.0.1;port=3306;dbname=mishop;charset=utf8
[ sql ] [ SQL ] SHOW COLUMNS FROM `cart` [ RunTime:0.000606s ]
[ sql ] [ SQL ] SELECT * FROM `cart` WHERE  `customer_id` = 9 [ RunTime:0.000250s ]
[ sql ] [ SQL ] SHOW COLUMNS FROM `product` [ RunTime:0.000486s ]
[ sql ] [ SQL ] SELECT * FROM `product` WHERE (  `id` = 7 ) AND `product`.`delete_time` IS NULL [ RunTime:0.000292s ]
[ sql ] [ SQL ] SHOW COLUMNS FROM `address` [ RunTime:0.000423s ]
[ sql ] [ SQL ] SELECT * FROM `address` WHERE  `id` = 7 LIMIT 1 [ RunTime:0.000187s ]
[ sql ] [ SQL ] SHOW COLUMNS FROM `photo` [ RunTime:0.000359s ]
[ sql ] [ SQL ] SELECT * FROM `photo` WHERE  `id` = 56 LIMIT 1 [ RunTime:0.000175s ]
---------------------------------------------------------------

[2020-10-07T08:31:07+08:00] 27.18.52.216 GET mishop.holyzq.com/index/Address/index
[运行时间：0.005493s] [吞吐率：182.04req/s] [内存消耗：1,121.58kb] [文件加载：187]
[ info ] [ LANG ] /var/www/mishop/thinkphp/lang/zh-cn.php
[ info ] [ ROUTE ] array (
)
[ info ] [ HEADER ] array (
  'accept-encoding' => 'gzip, deflate, br',
  'referer' => 'https://mishop.holyzq.com/index/Order/checkout',
  'accept-language' => 'zh-cn',
  'user-agent' => 'Mozilla/5.0 (iPhone; CPU iPhone OS 14_0_1 like Mac OS X) AppleWebKit/605.1.15 (KHTML, like Gecko) Mobile/15E148 MicroMessenger/7.0.15(0x17000f31) NetType/WIFI Language/zh_CN',
  'cookie' => 'PHPSESSID=117k60sl9e864oa7r01v95tbjb',
  'connection' => 'keep-alive',
  'accept' => 'text/html,application/xhtml+xml,application/xml;q=0.9,*/*;q=0.8',
  'host' => 'mishop.holyzq.com',
  'content-type' => '',
  'content-length' => '',
)
[ info ] [ PARAM ] array (
)
[ info ] {"id":9,"openid":"ozw1Nwy8AFyVPnV61cLdQk0NXLT4","sex":1,"nickname":"Holyzq","city":"\u58a8\u5c14\u672c","province":"\u7ef4\u591a\u5229\u4e9a","headimgurl":"http:\/\/thirdwx.qlogo.cn\/mmopen\/vi_32\/EY0dC7dXRasmhslgTE85vs8F0QlGERyRibeBpsxficWO8iaQqR261pYqpFTgSqILoAYvIwUQwcvxYvQe3AuHrf7pA\/132","created_at":"2020-05-07 15:18:29","updated_at":null,"address_id":7}
[ info ] [ DB ] INIT mysql
[ info ] [ VIEW ] /var/www/mishop/application/index/view/address/index.html [ array (
  0 => 'addresses',
) ]
[ sql ] [ DB ] CONNECT:[ UseTime:0.000422s ] mysql:host=127.0.0.1;port=3306;dbname=mishop;charset=utf8
[ sql ] [ SQL ] SHOW COLUMNS FROM `address` [ RunTime:0.000626s ]
[ sql ] [ SQL ] SELECT * FROM `address` WHERE  `customer_id` = 9 [ RunTime:0.000288s ]
---------------------------------------------------------------

[2020-10-07T08:31:09+08:00] 27.18.52.216 GET mishop.holyzq.com/index/Address/create
[运行时间：0.003964s] [吞吐率：252.27req/s] [内存消耗：803.49kb] [文件加载：179]
[ info ] [ LANG ] /var/www/mishop/thinkphp/lang/zh-cn.php
[ info ] [ ROUTE ] array (
)
[ info ] [ HEADER ] array (
  'accept-encoding' => 'gzip, deflate, br',
  'referer' => 'https://mishop.holyzq.com/index/Address/index',
  'accept-language' => 'zh-cn',
  'user-agent' => 'Mozilla/5.0 (iPhone; CPU iPhone OS 14_0_1 like Mac OS X) AppleWebKit/605.1.15 (KHTML, like Gecko) Mobile/15E148 MicroMessenger/7.0.15(0x17000f31) NetType/WIFI Language/zh_CN',
  'cookie' => 'PHPSESSID=117k60sl9e864oa7r01v95tbjb',
  'connection' => 'keep-alive',
  'accept' => 'text/html,application/xhtml+xml,application/xml;q=0.9,*/*;q=0.8',
  'host' => 'mishop.holyzq.com',
  'content-type' => '',
  'content-length' => '',
)
[ info ] [ PARAM ] array (
)
[ info ] {"id":9,"openid":"ozw1Nwy8AFyVPnV61cLdQk0NXLT4","sex":1,"nickname":"Holyzq","city":"\u58a8\u5c14\u672c","province":"\u7ef4\u591a\u5229\u4e9a","headimgurl":"http:\/\/thirdwx.qlogo.cn\/mmopen\/vi_32\/EY0dC7dXRasmhslgTE85vs8F0QlGERyRibeBpsxficWO8iaQqR261pYqpFTgSqILoAYvIwUQwcvxYvQe3AuHrf7pA\/132","created_at":"2020-05-07 15:18:29","updated_at":null,"address_id":7}
[ info ] [ VIEW ] /var/www/mishop/application/index/view/address/create.html [ array (
) ]
---------------------------------------------------------------

[2020-10-07T08:36:40+08:00] 71.6.232.7 GET 101.132.45.200/
[运行时间：0.004466s] [吞吐率：223.91req/s] [内存消耗：861.73kb] [文件加载：188]
[ info ] [ LANG ] /var/www/mishop/thinkphp/lang/zh-cn.php
[ info ] [ ROUTE ] array (
)
[ info ] [ HEADER ] array (
  'accept-encoding' => 'gzip',
  'accept' => '*/*',
  'user-agent' => 'Mozilla/5.0 (Windows NT 10.0; Win64; x64) AppleWebKit/537.36 (KHTML, like Gecko) Chrome/57.0.2987.133 Safari/537.36',
  'host' => '101.132.45.200',
  'content-type' => '',
  'content-length' => '',
)
[ info ] [ PARAM ] array (
)
[ info ] null
---------------------------------------------------------------

[2020-10-07T10:39:31+08:00] 93.113.207.207 GET 101.132.45.200/.env
[运行时间：0.003479s] [吞吐率：287.44req/s] [内存消耗：522.77kb] [文件加载：109]
[ info ] [ LANG ] /var/www/mishop/thinkphp/lang/zh-cn.php
---------------------------------------------------------------

[2020-10-07T10:39:35+08:00] 93.113.207.207 POST 101.132.45.200/
[运行时间：0.004562s] [吞吐率：219.21req/s] [内存消耗：862.08kb] [文件加载：188]
[ info ] [ LANG ] /var/www/mishop/thinkphp/lang/zh-cn.php
[ info ] [ ROUTE ] array (
)
[ info ] [ HEADER ] array (
  'content-type' => 'application/x-www-form-urlencoded',
  'content-length' => '20',
  'user-agent' => 'Mozilla/5.0 (X11; Linux x86_64) AppleWebKit/537.36 (KHTML, like Gecko) Chrome/81.0.4044.129 Safari/537.36',
  'accept' => '*/*',
  'accept-encoding' => 'gzip, deflate',
  'connection' => 'keep-alive',
  'host' => '101.132.45.200',
)
[ info ] [ PARAM ] array (
  '0x' => 
  array (
    0 => 'androxgh0st',
  ),
)
[ info ] null
---------------------------------------------------------------

[2020-10-07T12:33:37+08:00] 192.241.219.58 GET 101.132.45.200/owa/auth/logon.aspx?url=https%3a%2f%2f1%2fecp%2f
[运行时间：0.003501s] [吞吐率：285.64req/s] [内存消耗：522.79kb] [文件加载：109]
[ info ] [ LANG ] /var/www/mishop/thinkphp/lang/zh-cn.php
---------------------------------------------------------------

[2020-10-07T14:54:05+08:00] 104.199.36.222 GET 101.132.45.200/
[运行时间：0.005223s] [吞吐率：191.46req/s] [内存消耗：864.52kb] [文件加载：188]
[ info ] [ LANG ] /var/www/mishop/thinkphp/lang/zh-cn.php
[ info ] [ ROUTE ] array (
)
[ info ] [ HEADER ] array (
  'x-datadog-sampling-priority' => '0',
  'x-datadog-parent-id' => '10826072559309602939',
  'x-datadog-trace-id' => '15741379175815844079',
  'accept' => '*/*',
  'connection' => 'keep-alive',
  'user-agent' => 'python-requests/2.24.0',
  'accept-encoding' => 'gzip, deflate',
  'host' => '101.132.45.200',
  'content-type' => '',
  'content-length' => '',
)
[ info ] [ PARAM ] array (
)
[ info ] null
---------------------------------------------------------------

[2020-10-07T15:41:40+08:00] 47.101.202.18 GET mishop.holyzq.com/
[运行时间：0.004679s] [吞吐率：213.72req/s] [内存消耗：861.63kb] [文件加载：188]
[ info ] [ LANG ] /var/www/mishop/thinkphp/lang/zh-cn.php
[ info ] [ ROUTE ] array (
)
[ info ] [ HEADER ] array (
  'accept-encoding' => 'gzip',
  'connection' => 'Keep-Alive',
  'host' => 'mishop.holyzq.com',
  'user-agent' => 'Mozilla/5.0 (X11; Ubuntu; Linux x86_64; rv:36.0) Gecko/20100101 Firefox/36.0',
  'content-type' => '',
  'content-length' => '',
)
[ info ] [ PARAM ] array (
)
[ info ] null
---------------------------------------------------------------

[2020-10-07T16:43:23+08:00] 128.14.133.58 GET 101.132.45.200/
[运行时间：0.004419s] [吞吐率：226.29req/s] [内存消耗：861.73kb] [文件加载：188]
[ info ] [ LANG ] /var/www/mishop/thinkphp/lang/zh-cn.php
[ info ] [ ROUTE ] array (
)
[ info ] [ HEADER ] array (
  'accept-encoding' => 'gzip',
  'accept' => '*/*',
  'user-agent' => 'Mozilla/5.0 (Windows NT 10.0; Win64; x64) AppleWebKit/537.36 (KHTML, like Gecko) Chrome/60.0.3112.113 Safari/537.36',
  'host' => '101.132.45.200',
  'content-type' => '',
  'content-length' => '',
)
[ info ] [ PARAM ] array (
)
[ info ] null
---------------------------------------------------------------

[2020-10-07T17:12:36+08:00] 94.102.51.119 GET 101.132.45.200:443/
[运行时间：0.004393s] [吞吐率：227.64req/s] [内存消耗：864.21kb] [文件加载：188]
[ info ] [ LANG ] /var/www/mishop/thinkphp/lang/zh-cn.php
[ info ] [ ROUTE ] array (
)
[ info ] [ HEADER ] array (
  'upgrade-insecure-requests' => '1',
  'connection' => 'close',
  'accept-encoding' => 'gzip, deflate',
  'accept-language' => 'en-GB,en;q=0.5',
  'accept' => 'text/html,application/xhtml+xml,application/xml;q=0.9,image/webp,*/*;q=0.8',
  'user-agent' => 'Mozilla/5.0 (X11; Ubuntu; Linux x86_64; rv:76.0) Gecko/20100101 Firefox/76.0',
  'host' => '101.132.45.200:443',
  'content-type' => '',
  'content-length' => '',
)
[ info ] [ PARAM ] array (
)
[ info ] null
---------------------------------------------------------------

[2020-10-07T21:22:27+08:00] 45.129.33.120 GET 101.132.45.200/+CSCOU+/../+CSCOE+/files/file_list.json?path=/sessions/
[运行时间：0.003289s] [吞吐率：304.05req/s] [内存消耗：522.80kb] [文件加载：109]
[ info ] [ LANG ] /var/www/mishop/thinkphp/lang/zh-cn.php
---------------------------------------------------------------

[2020-10-07T21:22:28+08:00] 45.129.33.120 GET 101.132.45.200/+CSCOU+/../+CSCOE+/files/file_list.json?path=/sessions/
[运行时间：0.002732s] [吞吐率：366.03req/s] [内存消耗：522.80kb] [文件加载：109]
[ info ] [ LANG ] /var/www/mishop/thinkphp/lang/zh-cn.php
---------------------------------------------------------------

[2020-10-07T21:59:33+08:00] 83.97.20.30 GET 101.132.45.200/
[运行时间：0.004296s] [吞吐率：232.77req/s] [内存消耗：860.33kb] [文件加载：188]
[ info ] [ LANG ] /var/www/mishop/thinkphp/lang/zh-cn.php
[ info ] [ ROUTE ] array (
)
[ info ] [ HEADER ] array (
  'connection' => 'close',
  'host' => '101.132.45.200',
  'content-type' => '',
  'content-length' => '',
)
[ info ] [ PARAM ] array (
)
[ info ] null
