---------------------------------------------------------------

[2020-10-15T00:12:14+08:00] 47.93.180.168 GET /
[运行时间：0.004650s] [吞吐率：215.06req/s] [内存消耗：859.20kb] [文件加载：188]
[ info ] [ LANG ] /var/www/mishop/thinkphp/lang/zh-cn.php
[ info ] [ ROUTE ] array (
)
[ info ] [ HEADER ] array (
  'content-type' => '',
  'content-length' => '',
)
[ info ] [ PARAM ] array (
)
[ info ] null
---------------------------------------------------------------

[2020-10-15T02:00:12+08:00] 162.62.16.15 GET /
[运行时间：0.004467s] [吞吐率：223.86req/s] [内存消耗：859.20kb] [文件加载：188]
[ info ] [ LANG ] /var/www/mishop/thinkphp/lang/zh-cn.php
[ info ] [ ROUTE ] array (
)
[ info ] [ HEADER ] array (
  'content-type' => '',
  'content-length' => '',
)
[ info ] [ PARAM ] array (
)
[ info ] null
---------------------------------------------------------------

[2020-10-15T02:00:13+08:00] 162.62.16.15 GET /
[运行时间：0.003305s] [吞吐率：302.58req/s] [内存消耗：859.20kb] [文件加载：188]
[ info ] [ LANG ] /var/www/mishop/thinkphp/lang/zh-cn.php
[ info ] [ ROUTE ] array (
)
[ info ] [ HEADER ] array (
  'content-type' => '',
  'content-length' => '',
)
[ info ] [ PARAM ] array (
)
[ info ] null
---------------------------------------------------------------

[2020-10-15T03:30:21+08:00] 139.162.113.204 GET 101.132.45.200/
[运行时间：0.005459s] [吞吐率：183.18req/s] [内存消耗：860.96kb] [文件加载：188]
[ info ] [ LANG ] /var/www/mishop/thinkphp/lang/zh-cn.php
[ info ] [ ROUTE ] array (
)
[ info ] [ HEADER ] array (
  'connection' => 'close',
  'user-agent' => 'HTTP Banner Detection (https://security.ipip.net)',
  'host' => '101.132.45.200',
  'content-type' => '',
  'content-length' => '',
)
[ info ] [ PARAM ] array (
)
[ info ] null
---------------------------------------------------------------

[2020-10-15T05:27:32+08:00] 183.136.225.56 GET 101.132.45.200/
[运行时间：0.004249s] [吞吐率：235.36req/s] [内存消耗：861.80kb] [文件加载：188]
[ info ] [ LANG ] /var/www/mishop/thinkphp/lang/zh-cn.php
[ info ] [ ROUTE ] array (
)
[ info ] [ HEADER ] array (
  'connection' => 'keep-alive',
  'accept' => '*/*',
  'user-agent' => 'Baiduspider+(+http://www.baidu.com/search/spider.htm);googlebot|baiduspider|baidu|spider|sogou|bingbot|bot|yahoo|soso|sosospider|360spider|youdaobot|jikeSpider;)',
  'host' => '101.132.45.200',
  'content-type' => '',
  'content-length' => '',
)
[ info ] [ PARAM ] array (
)
[ info ] null
---------------------------------------------------------------

[2020-10-15T06:01:45+08:00] 138.246.253.15 HEAD 101.132.45.200/
[运行时间：0.005492s] [吞吐率：182.08req/s] [内存消耗：860.37kb] [文件加载：188]
[ info ] [ LANG ] /var/www/mishop/thinkphp/lang/zh-cn.php
[ info ] [ ROUTE ] array (
)
[ info ] [ HEADER ] array (
  'user-agent' => 'Mozilla/5.0 (Windows NT 6.1; Win64; x64) AppleWebKit/537.36 (KHTML, like Gecko) Chrome/40.0.2214.85 Safari/537.36',
  'host' => '101.132.45.200',
  'content-type' => '',
  'content-length' => '',
)
[ info ] [ PARAM ] array (
)
[ info ] null
---------------------------------------------------------------

[2020-10-15T06:02:02+08:00] 47.108.136.13 GET www.techbimu.com/
[运行时间：0.004424s] [吞吐率：226.03req/s] [内存消耗：863.44kb] [文件加载：188]
[ info ] [ LANG ] /var/www/mishop/thinkphp/lang/zh-cn.php
[ info ] [ ROUTE ] array (
)
[ info ] [ HEADER ] array (
  'connection' => 'close',
  'accept-language' => 'zh-CN,zh;q=0.9',
  'accept-encoding' => 'gzip, deflate',
  'accept' => 'text/html,application/xhtml+xml,application/xml;q=0.9,image/webp,image/apng,*/*;q=0.8,application/signed-exchange;v=b3',
  'host' => 'www.techbimu.com',
  'user-agent' => 'Mozilla/5.0 (Macintosh; Intel Mac OS X 10_14_6) AppleWebKit/537.36 (KHTML, like Gecko) Chrome/76.0.3809.132 Safari/537.36',
  'content-type' => '',
  'content-length' => '',
)
[ info ] [ PARAM ] array (
)
[ info ] null
---------------------------------------------------------------

[2020-10-15T06:36:59+08:00] 47.98.104.239 GET 101.132.45.200/
[运行时间：0.004464s] [吞吐率：224.02req/s] [内存消耗：861.56kb] [文件加载：188]
[ info ] [ LANG ] /var/www/mishop/thinkphp/lang/zh-cn.php
[ info ] [ ROUTE ] array (
)
[ info ] [ HEADER ] array (
  'accept-encoding' => 'gzip',
  'connection' => 'Keep-Alive',
  'host' => '101.132.45.200',
  'user-agent' => 'Mozilla/5.0 (Linux/Android/android/iphone;)',
  'content-type' => '',
  'content-length' => '',
)
[ info ] [ PARAM ] array (
)
[ info ] null
---------------------------------------------------------------

[2020-10-15T08:11:38+08:00] 184.105.139.67 GET 101.132.45.200/
[运行时间：0.004407s] [吞吐率：226.90req/s] [内存消耗：859.82kb] [文件加载：188]
[ info ] [ LANG ] /var/www/mishop/thinkphp/lang/zh-cn.php
[ info ] [ ROUTE ] array (
)
[ info ] [ HEADER ] array (
  'host' => '101.132.45.200',
  'content-type' => '',
  'content-length' => '',
)
[ info ] [ PARAM ] array (
)
[ info ] null
---------------------------------------------------------------

[2020-10-15T10:59:25+08:00] 83.97.20.30 GET 101.132.45.200:443/
[运行时间：0.004613s] [吞吐率：216.77req/s] [内存消耗：860.38kb] [文件加载：188]
[ info ] [ LANG ] /var/www/mishop/thinkphp/lang/zh-cn.php
[ info ] [ ROUTE ] array (
)
[ info ] [ HEADER ] array (
  'connection' => 'close',
  'host' => '101.132.45.200:443',
  'content-type' => '',
  'content-length' => '',
)
[ info ] [ PARAM ] array (
)
[ info ] null
---------------------------------------------------------------

[2020-10-15T12:47:54+08:00] 192.241.239.39 GET 101.132.45.200/owa/auth/logon.aspx?url=https%3a%2f%2f1%2fecp%2f
[运行时间：0.003378s] [吞吐率：296.02req/s] [内存消耗：522.79kb] [文件加载：109]
[ info ] [ LANG ] /var/www/mishop/thinkphp/lang/zh-cn.php
---------------------------------------------------------------

[2020-10-15T13:14:19+08:00] 128.14.134.170 GET 101.132.45.200/
[运行时间：0.004373s] [吞吐率：228.67req/s] [内存消耗：861.73kb] [文件加载：188]
[ info ] [ LANG ] /var/www/mishop/thinkphp/lang/zh-cn.php
[ info ] [ ROUTE ] array (
)
[ info ] [ HEADER ] array (
  'accept-encoding' => 'gzip',
  'accept' => '*/*',
  'user-agent' => 'Mozilla/5.0 (Windows NT 10.0; Win64; x64) AppleWebKit/537.36 (KHTML, like Gecko) Chrome/60.0.3112.113 Safari/537.36',
  'host' => '101.132.45.200',
  'content-type' => '',
  'content-length' => '',
)
[ info ] [ PARAM ] array (
)
[ info ] null
---------------------------------------------------------------

[2020-10-15T13:45:33+08:00] 114.116.237.9 GET www.techbimu.com/
[运行时间：0.004446s] [吞吐率：224.92req/s] [内存消耗：863.44kb] [文件加载：188]
[ info ] [ LANG ] /var/www/mishop/thinkphp/lang/zh-cn.php
[ info ] [ ROUTE ] array (
)
[ info ] [ HEADER ] array (
  'connection' => 'close',
  'accept-language' => 'zh-CN,zh;q=0.9',
  'accept-encoding' => 'gzip, deflate',
  'accept' => 'text/html,application/xhtml+xml,application/xml;q=0.9,image/webp,image/apng,*/*;q=0.8,application/signed-exchange;v=b3',
  'host' => 'www.techbimu.com',
  'user-agent' => 'Mozilla/5.0 (Macintosh; Intel Mac OS X 10_14_6) AppleWebKit/537.36 (KHTML, like Gecko) Chrome/76.0.3809.132 Safari/537.36',
  'content-type' => '',
  'content-length' => '',
)
[ info ] [ PARAM ] array (
)
[ info ] null
---------------------------------------------------------------

[2020-10-15T14:32:33+08:00] 213.32.122.82 GET 101.132.45.200/
[运行时间：0.004654s] [吞吐率：214.87req/s] [内存消耗：861.18kb] [文件加载：188]
[ info ] [ LANG ] /var/www/mishop/thinkphp/lang/zh-cn.php
[ info ] [ ROUTE ] array (
)
[ info ] [ HEADER ] array (
  'connection' => 'close',
  'host' => '101.132.45.200',
  'user-agent' => 'Mozilla/5.0 (Windows NT 6.1) AppleWebKit/537.36 (KHTML, like Gecko) Chrome/41.0.2228.0 Safari/537.36',
  'content-type' => '',
  'content-length' => '',
)
[ info ] [ PARAM ] array (
)
[ info ] null
---------------------------------------------------------------

[2020-10-15T15:26:01+08:00] 128.199.13.180 GET 101.132.45.200/login
[运行时间：0.003097s] [吞吐率：322.89req/s] [内存消耗：522.77kb] [文件加载：109]
[ info ] [ LANG ] /var/www/mishop/thinkphp/lang/zh-cn.php
---------------------------------------------------------------

[2020-10-15T15:39:18+08:00] 23.90.145.56 GET 101.132.45.200/
[运行时间：0.004689s] [吞吐率：213.27req/s] [内存消耗：859.82kb] [文件加载：188]
[ info ] [ LANG ] /var/www/mishop/thinkphp/lang/zh-cn.php
[ info ] [ ROUTE ] array (
)
[ info ] [ HEADER ] array (
  'host' => '101.132.45.200',
  'content-type' => '',
  'content-length' => '',
)
[ info ] [ PARAM ] array (
)
[ info ] null
---------------------------------------------------------------

[2020-10-15T15:47:39+08:00] 114.86.24.83 GET 101.132.45.200/
[运行时间：0.004268s] [吞吐率：234.31req/s] [内存消耗：865.26kb] [文件加载：188]
[ info ] [ LANG ] /var/www/mishop/thinkphp/lang/zh-cn.php
[ info ] [ ROUTE ] array (
)
[ info ] [ HEADER ] array (
  'user-agent' => 'Mozilla/5.0 (Windows NT 10.0; Win64; x64; rv:60.0) Gecko/20100101 Firefox/60.0',
  'pragma' => 'no-cache',
  'host' => '101.132.45.200',
  'content-type' => 'text/html',
  'connection' => 'keep-alive',
  'cache-control' => 'no-cache',
  'accept-language' => 'zh-CN, zh;q=0.9',
  'accept-encoding' => 'gzip',
  'accept' => 'text/html, application/xhtml+xml, application/xml;q=0.9, image/webp, image/apng, */*;q=0.8',
  'content-length' => '',
)
[ info ] [ PARAM ] array (
)
[ info ] null
---------------------------------------------------------------

[2020-10-15T15:49:29+08:00] 58.48.137.167 GET mishop.holyzq.com/admin
[运行时间：0.003448s] [吞吐率：290.02req/s] [内存消耗：567.80kb] [文件加载：123]
[ info ] [ LANG ] /var/www/mishop/thinkphp/lang/zh-cn.php
[ info ] [ ROUTE ] array (
)
[ info ] [ HEADER ] array (
  'cookie' => 'pgv_pvi=7142282240; PHPSESSID=bnlkg73pg2gnkalctgb00sd92t',
  'accept-language' => 'zh-CN,zh;q=0.9,en;q=0.8,ja;q=0.7',
  'accept-encoding' => 'gzip, deflate, br',
  'sec-fetch-dest' => 'document',
  'sec-fetch-user' => '?1',
  'sec-fetch-mode' => 'navigate',
  'sec-fetch-site' => 'none',
  'accept' => 'text/html,application/xhtml+xml,application/xml;q=0.9,image/avif,image/webp,image/apng,*/*;q=0.8,application/signed-exchange;v=b3;q=0.9',
  'user-agent' => 'Mozilla/5.0 (Macintosh; Intel Mac OS X 10_15_6) AppleWebKit/537.36 (KHTML, like Gecko) Chrome/86.0.4240.75 Safari/537.36',
  'upgrade-insecure-requests' => '1',
  'connection' => 'keep-alive',
  'host' => 'mishop.holyzq.com',
  'content-type' => '',
  'content-length' => '',
)
[ info ] [ PARAM ] array (
)
[ info ] [ VIEW ] /var/www/mishop/thinkphp/tpl/dispatch_jump.tpl [ array (
  0 => 'code',
  1 => 'msg',
  2 => 'data',
  3 => 'url',
  4 => 'wait',
) ]
---------------------------------------------------------------

[2020-10-15T15:49:31+08:00] 58.48.137.167 GET mishop.holyzq.com/admin/User/login
[运行时间：0.002616s] [吞吐率：382.27req/s] [内存消耗：565.27kb] [文件加载：122]
[ info ] [ LANG ] /var/www/mishop/thinkphp/lang/zh-cn.php
[ info ] [ ROUTE ] array (
)
[ info ] [ HEADER ] array (
  'cookie' => 'pgv_pvi=7142282240; PHPSESSID=bnlkg73pg2gnkalctgb00sd92t',
  'accept-language' => 'zh-CN,zh;q=0.9,en;q=0.8,ja;q=0.7',
  'accept-encoding' => 'gzip, deflate, br',
  'referer' => 'https://mishop.holyzq.com/admin',
  'sec-fetch-dest' => 'document',
  'sec-fetch-user' => '?1',
  'sec-fetch-mode' => 'navigate',
  'sec-fetch-site' => 'same-origin',
  'accept' => 'text/html,application/xhtml+xml,application/xml;q=0.9,image/avif,image/webp,image/apng,*/*;q=0.8,application/signed-exchange;v=b3;q=0.9',
  'user-agent' => 'Mozilla/5.0 (Macintosh; Intel Mac OS X 10_15_6) AppleWebKit/537.36 (KHTML, like Gecko) Chrome/86.0.4240.75 Safari/537.36',
  'upgrade-insecure-requests' => '1',
  'connection' => 'keep-alive',
  'host' => 'mishop.holyzq.com',
  'content-type' => '',
  'content-length' => '',
)
[ info ] [ PARAM ] array (
)
[ info ] [ VIEW ] /var/www/mishop/application/admin/view/user/login.html [ array (
) ]
---------------------------------------------------------------

[2020-10-15T15:49:32+08:00] 58.48.137.167 GET mishop.holyzq.com/admin/user/verify.html
[运行时间：0.004481s] [吞吐率：223.17req/s] [内存消耗：562.55kb] [文件加载：120]
[ info ] [ LANG ] /var/www/mishop/thinkphp/lang/zh-cn.php
[ info ] [ ROUTE ] array (
)
[ info ] [ HEADER ] array (
  'cookie' => 'pgv_pvi=7142282240; PHPSESSID=bnlkg73pg2gnkalctgb00sd92t',
  'accept-language' => 'zh-CN,zh;q=0.9,en;q=0.8,ja;q=0.7',
  'accept-encoding' => 'gzip, deflate, br',
  'referer' => 'https://mishop.holyzq.com/admin/User/login',
  'sec-fetch-dest' => 'image',
  'sec-fetch-mode' => 'no-cors',
  'sec-fetch-site' => 'same-origin',
  'accept' => 'image/avif,image/webp,image/apng,image/*,*/*;q=0.8',
  'user-agent' => 'Mozilla/5.0 (Macintosh; Intel Mac OS X 10_15_6) AppleWebKit/537.36 (KHTML, like Gecko) Chrome/86.0.4240.75 Safari/537.36',
  'connection' => 'keep-alive',
  'host' => 'mishop.holyzq.com',
  'content-type' => '',
  'content-length' => '',
)
[ info ] [ PARAM ] array (
)
---------------------------------------------------------------

[2020-10-15T15:49:42+08:00] 58.48.137.167 POST mishop.holyzq.com/admin/user/login.html
[运行时间：0.003104s] [吞吐率：322.17req/s] [内存消耗：568.34kb] [文件加载：123]
[ info ] [ LANG ] /var/www/mishop/thinkphp/lang/zh-cn.php
[ info ] [ ROUTE ] array (
)
[ info ] [ HEADER ] array (
  'cookie' => 'pgv_pvi=7142282240; PHPSESSID=bnlkg73pg2gnkalctgb00sd92t',
  'accept-language' => 'zh-CN,zh;q=0.9,en;q=0.8,ja;q=0.7',
  'accept-encoding' => 'gzip, deflate, br',
  'referer' => 'https://mishop.holyzq.com/admin/User/login',
  'sec-fetch-dest' => 'document',
  'sec-fetch-user' => '?1',
  'sec-fetch-mode' => 'navigate',
  'sec-fetch-site' => 'same-origin',
  'accept' => 'text/html,application/xhtml+xml,application/xml;q=0.9,image/avif,image/webp,image/apng,*/*;q=0.8,application/signed-exchange;v=b3;q=0.9',
  'user-agent' => 'Mozilla/5.0 (Macintosh; Intel Mac OS X 10_15_6) AppleWebKit/537.36 (KHTML, like Gecko) Chrome/86.0.4240.75 Safari/537.36',
  'content-type' => 'application/x-www-form-urlencoded',
  'origin' => 'https://mishop.holyzq.com',
  'upgrade-insecure-requests' => '1',
  'cache-control' => 'max-age=0',
  'content-length' => '41',
  'connection' => 'keep-alive',
  'host' => 'mishop.holyzq.com',
)
[ info ] [ PARAM ] array (
  'name' => 'huangdj',
  'password' => '123123',
  'captcha' => '4347',
)
[ info ] [ VIEW ] /var/www/mishop/thinkphp/tpl/dispatch_jump.tpl [ array (
  0 => 'code',
  1 => 'msg',
  2 => 'data',
  3 => 'url',
  4 => 'wait',
) ]
---------------------------------------------------------------

[2020-10-15T15:49:47+08:00] 58.48.137.167 GET mishop.holyzq.com/admin/user/verify.html?0.23114821480567027
[运行时间：0.004330s] [吞吐率：230.95req/s] [内存消耗：563.09kb] [文件加载：120]
[ info ] [ LANG ] /var/www/mishop/thinkphp/lang/zh-cn.php
[ info ] [ ROUTE ] array (
)
[ info ] [ HEADER ] array (
  'cookie' => 'pgv_pvi=7142282240; PHPSESSID=bnlkg73pg2gnkalctgb00sd92t',
  'accept-language' => 'zh-CN,zh;q=0.9,en;q=0.8,ja;q=0.7',
  'accept-encoding' => 'gzip, deflate, br',
  'referer' => 'https://mishop.holyzq.com/admin/User/login',
  'sec-fetch-dest' => 'image',
  'sec-fetch-mode' => 'no-cors',
  'sec-fetch-site' => 'same-origin',
  'accept' => 'image/avif,image/webp,image/apng,image/*,*/*;q=0.8',
  'user-agent' => 'Mozilla/5.0 (Macintosh; Intel Mac OS X 10_15_6) AppleWebKit/537.36 (KHTML, like Gecko) Chrome/86.0.4240.75 Safari/537.36',
  'connection' => 'keep-alive',
  'host' => 'mishop.holyzq.com',
  'content-type' => '',
  'content-length' => '',
)
[ info ] [ PARAM ] array (
  '0_23114821480567027' => '',
)
---------------------------------------------------------------

[2020-10-15T15:49:51+08:00] 58.48.137.167 POST mishop.holyzq.com/admin/user/login.html
[运行时间：0.005456s] [吞吐率：183.29req/s] [内存消耗：906.75kb] [文件加载：135]
[ info ] [ LANG ] /var/www/mishop/thinkphp/lang/zh-cn.php
[ info ] [ ROUTE ] array (
)
[ info ] [ HEADER ] array (
  'cookie' => 'pgv_pvi=7142282240; PHPSESSID=bnlkg73pg2gnkalctgb00sd92t',
  'accept-language' => 'zh-CN,zh;q=0.9,en;q=0.8,ja;q=0.7',
  'accept-encoding' => 'gzip, deflate, br',
  'referer' => 'https://mishop.holyzq.com/admin/User/login',
  'sec-fetch-dest' => 'document',
  'sec-fetch-user' => '?1',
  'sec-fetch-mode' => 'navigate',
  'sec-fetch-site' => 'same-origin',
  'accept' => 'text/html,application/xhtml+xml,application/xml;q=0.9,image/avif,image/webp,image/apng,*/*;q=0.8,application/signed-exchange;v=b3;q=0.9',
  'user-agent' => 'Mozilla/5.0 (Macintosh; Intel Mac OS X 10_15_6) AppleWebKit/537.36 (KHTML, like Gecko) Chrome/86.0.4240.75 Safari/537.36',
  'content-type' => 'application/x-www-form-urlencoded',
  'origin' => 'https://mishop.holyzq.com',
  'upgrade-insecure-requests' => '1',
  'cache-control' => 'max-age=0',
  'content-length' => '41',
  'connection' => 'keep-alive',
  'host' => 'mishop.holyzq.com',
)
[ info ] [ PARAM ] array (
  'name' => 'huangdj',
  'password' => '123123',
  'captcha' => '9522',
)
[ info ] [ DB ] INIT mysql
[ info ] [ VIEW ] /var/www/mishop/thinkphp/tpl/dispatch_jump.tpl [ array (
  0 => 'code',
  1 => 'msg',
  2 => 'data',
  3 => 'url',
  4 => 'wait',
) ]
[ sql ] [ DB ] CONNECT:[ UseTime:0.000436s ] mysql:host=127.0.0.1;port=3306;dbname=mishop;charset=utf8
[ sql ] [ SQL ] SHOW COLUMNS FROM `user` [ RunTime:0.000593s ]
[ sql ] [ SQL ] SELECT * FROM `user` WHERE  ( `name` = 'huangdj' OR `email` = 'huangdj' )  AND `password` = '4b13955235' LIMIT 1 [ RunTime:0.000352s ]
---------------------------------------------------------------

[2020-10-15T15:49:53+08:00] 58.48.137.167 GET mishop.holyzq.com/admin/user/verify.html
[运行时间：0.003376s] [吞吐率：296.21req/s] [内存消耗：562.55kb] [文件加载：120]
[ info ] [ LANG ] /var/www/mishop/thinkphp/lang/zh-cn.php
[ info ] [ ROUTE ] array (
)
[ info ] [ HEADER ] array (
  'cookie' => 'pgv_pvi=7142282240; PHPSESSID=bnlkg73pg2gnkalctgb00sd92t',
  'accept-language' => 'zh-CN,zh;q=0.9,en;q=0.8,ja;q=0.7',
  'accept-encoding' => 'gzip, deflate, br',
  'referer' => 'https://mishop.holyzq.com/admin/User/login',
  'sec-fetch-dest' => 'image',
  'sec-fetch-mode' => 'no-cors',
  'sec-fetch-site' => 'same-origin',
  'accept' => 'image/avif,image/webp,image/apng,image/*,*/*;q=0.8',
  'user-agent' => 'Mozilla/5.0 (Macintosh; Intel Mac OS X 10_15_6) AppleWebKit/537.36 (KHTML, like Gecko) Chrome/86.0.4240.75 Safari/537.36',
  'connection' => 'keep-alive',
  'host' => 'mishop.holyzq.com',
  'content-type' => '',
  'content-length' => '',
)
[ info ] [ PARAM ] array (
)
---------------------------------------------------------------

[2020-10-15T15:50:01+08:00] 58.48.137.167 GET mishop.holyzq.com/admin/user/verify.html?0.6631831983839527
[运行时间：0.004133s] [吞吐率：241.96req/s] [内存消耗：563.09kb] [文件加载：120]
[ info ] [ LANG ] /var/www/mishop/thinkphp/lang/zh-cn.php
[ info ] [ ROUTE ] array (
)
[ info ] [ HEADER ] array (
  'cookie' => 'pgv_pvi=7142282240; PHPSESSID=bnlkg73pg2gnkalctgb00sd92t',
  'accept-language' => 'zh-CN,zh;q=0.9,en;q=0.8,ja;q=0.7',
  'accept-encoding' => 'gzip, deflate, br',
  'referer' => 'https://mishop.holyzq.com/admin/User/login',
  'sec-fetch-dest' => 'image',
  'sec-fetch-mode' => 'no-cors',
  'sec-fetch-site' => 'same-origin',
  'accept' => 'image/avif,image/webp,image/apng,image/*,*/*;q=0.8',
  'user-agent' => 'Mozilla/5.0 (Macintosh; Intel Mac OS X 10_15_6) AppleWebKit/537.36 (KHTML, like Gecko) Chrome/86.0.4240.75 Safari/537.36',
  'connection' => 'keep-alive',
  'host' => 'mishop.holyzq.com',
  'content-type' => '',
  'content-length' => '',
)
[ info ] [ PARAM ] array (
  '0_6631831983839527' => '',
)
---------------------------------------------------------------

[2020-10-15T15:50:04+08:00] 58.48.137.167 POST mishop.holyzq.com/admin/user/login.html
[运行时间：0.004814s] [吞吐率：207.72req/s] [内存消耗：909.98kb] [文件加载：135]
[ info ] [ LANG ] /var/www/mishop/thinkphp/lang/zh-cn.php
[ info ] [ ROUTE ] array (
)
[ info ] [ HEADER ] array (
  'cookie' => 'pgv_pvi=7142282240; PHPSESSID=bnlkg73pg2gnkalctgb00sd92t',
  'accept-language' => 'zh-CN,zh;q=0.9,en;q=0.8,ja;q=0.7',
  'accept-encoding' => 'gzip, deflate, br',
  'referer' => 'https://mishop.holyzq.com/admin/User/login',
  'sec-fetch-dest' => 'document',
  'sec-fetch-user' => '?1',
  'sec-fetch-mode' => 'navigate',
  'sec-fetch-site' => 'same-origin',
  'accept' => 'text/html,application/xhtml+xml,application/xml;q=0.9,image/avif,image/webp,image/apng,*/*;q=0.8,application/signed-exchange;v=b3;q=0.9',
  'user-agent' => 'Mozilla/5.0 (Macintosh; Intel Mac OS X 10_15_6) AppleWebKit/537.36 (KHTML, like Gecko) Chrome/86.0.4240.75 Safari/537.36',
  'content-type' => 'application/x-www-form-urlencoded',
  'origin' => 'https://mishop.holyzq.com',
  'upgrade-insecure-requests' => '1',
  'cache-control' => 'max-age=0',
  'content-length' => '38',
  'connection' => 'keep-alive',
  'host' => 'mishop.holyzq.com',
)
[ info ] [ PARAM ] array (
  'name' => 'holy',
  'password' => '123123',
  'captcha' => '3527',
)
[ info ] [ DB ] INIT mysql
[ info ] [ VIEW ] /var/www/mishop/thinkphp/tpl/dispatch_jump.tpl [ array (
  0 => 'code',
  1 => 'msg',
  2 => 'data',
  3 => 'url',
  4 => 'wait',
) ]
[ sql ] [ DB ] CONNECT:[ UseTime:0.000402s ] mysql:host=127.0.0.1;port=3306;dbname=mishop;charset=utf8
[ sql ] [ SQL ] SHOW COLUMNS FROM `user` [ RunTime:0.000604s ]
[ sql ] [ SQL ] SELECT * FROM `user` WHERE  ( `name` = 'holy' OR `email` = 'holy' )  AND `password` = '4b13955235' LIMIT 1 [ RunTime:0.000313s ]
---------------------------------------------------------------

[2020-10-15T15:50:07+08:00] 58.48.137.167 GET mishop.holyzq.com/admin
[运行时间：0.002731s] [吞吐率：366.19req/s] [内存消耗：695.95kb] [文件加载：126]
[ info ] [ LANG ] /var/www/mishop/thinkphp/lang/zh-cn.php
[ info ] [ ROUTE ] array (
)
[ info ] [ HEADER ] array (
  'cookie' => 'pgv_pvi=7142282240; PHPSESSID=bnlkg73pg2gnkalctgb00sd92t',
  'accept-language' => 'zh-CN,zh;q=0.9,en;q=0.8,ja;q=0.7',
  'accept-encoding' => 'gzip, deflate, br',
  'referer' => 'https://mishop.holyzq.com/admin/user/login.html',
  'sec-fetch-dest' => 'document',
  'sec-fetch-mode' => 'navigate',
  'sec-fetch-site' => 'same-origin',
  'accept' => 'text/html,application/xhtml+xml,application/xml;q=0.9,image/avif,image/webp,image/apng,*/*;q=0.8,application/signed-exchange;v=b3;q=0.9',
  'user-agent' => 'Mozilla/5.0 (Macintosh; Intel Mac OS X 10_15_6) AppleWebKit/537.36 (KHTML, like Gecko) Chrome/86.0.4240.75 Safari/537.36',
  'upgrade-insecure-requests' => '1',
  'connection' => 'keep-alive',
  'host' => 'mishop.holyzq.com',
  'content-type' => '',
  'content-length' => '',
)
[ info ] [ PARAM ] array (
)
---------------------------------------------------------------

[2020-10-15T16:03:48+08:00] 188.166.38.246 GET 101.132.45.200/login
[运行时间：0.003114s] [吞吐率：321.13req/s] [内存消耗：522.77kb] [文件加载：109]
[ info ] [ LANG ] /var/www/mishop/thinkphp/lang/zh-cn.php
---------------------------------------------------------------

[2020-10-15T16:31:59+08:00] 107.6.171.130 GET 101.132.45.200/
[运行时间：0.004202s] [吞吐率：237.97req/s] [内存消耗：861.67kb] [文件加载：188]
[ info ] [ LANG ] /var/www/mishop/thinkphp/lang/zh-cn.php
[ info ] [ ROUTE ] array (
)
[ info ] [ HEADER ] array (
  'accept-encoding' => 'gzip',
  'accept' => '*/*',
  'user-agent' => 'Mozilla/5.0 (Windows NT 10.0; WOW64) AppleWebKit/537.36 (KHTML, like Gecko) Chrome/66.0.3359.117 Safari/537.36',
  'host' => '101.132.45.200',
  'content-type' => '',
  'content-length' => '',
)
[ info ] [ PARAM ] array (
)
[ info ] null
---------------------------------------------------------------

[2020-10-15T16:32:03+08:00] 107.6.171.130 GET 101.132.45.200/
[运行时间：0.004427s] [吞吐率：225.89req/s] [内存消耗：861.67kb] [文件加载：188]
[ info ] [ LANG ] /var/www/mishop/thinkphp/lang/zh-cn.php
[ info ] [ ROUTE ] array (
)
[ info ] [ HEADER ] array (
  'accept-encoding' => 'gzip',
  'accept' => '*/*',
  'user-agent' => 'Mozilla/5.0 (Windows NT 10.0; WOW64) AppleWebKit/537.36 (KHTML, like Gecko) Chrome/66.0.3359.117 Safari/537.36',
  'host' => '101.132.45.200',
  'content-type' => '',
  'content-length' => '',
)
[ info ] [ PARAM ] array (
)
[ info ] null
---------------------------------------------------------------

[2020-10-15T16:32:06+08:00] 107.6.171.130 GET 101.132.45.200/
[运行时间：0.004689s] [吞吐率：213.27req/s] [内存消耗：861.67kb] [文件加载：188]
[ info ] [ LANG ] /var/www/mishop/thinkphp/lang/zh-cn.php
[ info ] [ ROUTE ] array (
)
[ info ] [ HEADER ] array (
  'accept-encoding' => 'gzip',
  'accept' => '*/*',
  'user-agent' => 'Mozilla/5.0 (Windows NT 10.0; WOW64) AppleWebKit/537.36 (KHTML, like Gecko) Chrome/66.0.3359.117 Safari/537.36',
  'host' => '101.132.45.200',
  'content-type' => '',
  'content-length' => '',
)
[ info ] [ PARAM ] array (
)
[ info ] null
---------------------------------------------------------------

[2020-10-15T16:32:08+08:00] 107.6.171.130 GET 101.132.45.200/
[运行时间：0.003346s] [吞吐率：298.87req/s] [内存消耗：861.67kb] [文件加载：188]
[ info ] [ LANG ] /var/www/mishop/thinkphp/lang/zh-cn.php
[ info ] [ ROUTE ] array (
)
[ info ] [ HEADER ] array (
  'accept-encoding' => 'gzip',
  'accept' => '*/*',
  'user-agent' => 'Mozilla/5.0 (Windows NT 10.0; WOW64) AppleWebKit/537.36 (KHTML, like Gecko) Chrome/66.0.3359.117 Safari/537.36',
  'host' => '101.132.45.200',
  'content-type' => '',
  'content-length' => '',
)
[ info ] [ PARAM ] array (
)
[ info ] null
---------------------------------------------------------------

[2020-10-15T16:32:10+08:00] 107.6.171.130 GET 101.132.45.200/
[运行时间：0.003727s] [吞吐率：268.32req/s] [内存消耗：861.67kb] [文件加载：188]
[ info ] [ LANG ] /var/www/mishop/thinkphp/lang/zh-cn.php
[ info ] [ ROUTE ] array (
)
[ info ] [ HEADER ] array (
  'accept-encoding' => 'gzip',
  'accept' => '*/*',
  'user-agent' => 'Mozilla/5.0 (Windows NT 10.0; WOW64) AppleWebKit/537.36 (KHTML, like Gecko) Chrome/66.0.3359.117 Safari/537.36',
  'host' => '101.132.45.200',
  'content-type' => '',
  'content-length' => '',
)
[ info ] [ PARAM ] array (
)
[ info ] null
---------------------------------------------------------------

[2020-10-15T17:06:56+08:00] 47.98.103.245 GET mishop.holyzq.com/
[运行时间：0.004469s] [吞吐率：223.76req/s] [内存消耗：861.63kb] [文件加载：188]
[ info ] [ LANG ] /var/www/mishop/thinkphp/lang/zh-cn.php
[ info ] [ ROUTE ] array (
)
[ info ] [ HEADER ] array (
  'accept-encoding' => 'gzip',
  'connection' => 'Keep-Alive',
  'host' => 'mishop.holyzq.com',
  'user-agent' => 'Mozilla/5.0 (X11; Ubuntu; Linux x86_64; rv:36.0) Gecko/20100101 Firefox/36.0',
  'content-type' => '',
  'content-length' => '',
)
[ info ] [ PARAM ] array (
)
[ info ] null
---------------------------------------------------------------

[2020-10-15T17:12:26+08:00] 47.101.130.170 GET mishop.holyzq.com/
[运行时间：0.004456s] [吞吐率：224.43req/s] [内存消耗：861.63kb] [文件加载：188]
[ info ] [ LANG ] /var/www/mishop/thinkphp/lang/zh-cn.php
[ info ] [ ROUTE ] array (
)
[ info ] [ HEADER ] array (
  'accept-encoding' => 'gzip',
  'connection' => 'Keep-Alive',
  'host' => 'mishop.holyzq.com',
  'user-agent' => 'Mozilla/5.0 (X11; Ubuntu; Linux x86_64; rv:36.0) Gecko/20100101 Firefox/36.0',
  'content-type' => '',
  'content-length' => '',
)
[ info ] [ PARAM ] array (
)
[ info ] null
---------------------------------------------------------------

[2020-10-15T18:12:49+08:00] 193.118.53.202 GET 101.132.45.200/
[运行时间：0.004239s] [吞吐率：235.90req/s] [内存消耗：861.73kb] [文件加载：188]
[ info ] [ LANG ] /var/www/mishop/thinkphp/lang/zh-cn.php
[ info ] [ ROUTE ] array (
)
[ info ] [ HEADER ] array (
  'accept-encoding' => 'gzip',
  'accept' => '*/*',
  'user-agent' => 'Mozilla/5.0 (Windows NT 10.0; Win64; x64) AppleWebKit/537.36 (KHTML, like Gecko) Chrome/60.0.3112.113 Safari/537.36',
  'host' => '101.132.45.200',
  'content-type' => '',
  'content-length' => '',
)
[ info ] [ PARAM ] array (
)
[ info ] null
---------------------------------------------------------------

[2020-10-15T18:18:55+08:00] 119.23.139.140 GET /
[运行时间：0.004338s] [吞吐率：230.52req/s] [内存消耗：859.20kb] [文件加载：188]
[ info ] [ LANG ] /var/www/mishop/thinkphp/lang/zh-cn.php
[ info ] [ ROUTE ] array (
)
[ info ] [ HEADER ] array (
  'content-type' => '',
  'content-length' => '',
)
[ info ] [ PARAM ] array (
)
[ info ] null
---------------------------------------------------------------

[2020-10-15T20:50:53+08:00] 183.136.225.35 GET shop.holyzq.com/
[运行时间：0.004316s] [吞吐率：231.70req/s] [内存消耗：861.61kb] [文件加载：188]
[ info ] [ LANG ] /var/www/mishop/thinkphp/lang/zh-cn.php
[ info ] [ ROUTE ] array (
)
[ info ] [ HEADER ] array (
  'connection' => 'keep-alive',
  'accept' => '*/*',
  'user-agent' => 'Mozilla/5.0 (Macintosh; Intel Mac OS X 10.11; rv:47.0) Gecko/20100101 Firefox/47.0',
  'host' => 'shop.holyzq.com',
  'content-type' => '',
  'content-length' => '',
)
[ info ] [ PARAM ] array (
)
[ info ] null
---------------------------------------------------------------

[2020-10-15T20:50:53+08:00] 183.136.225.35 GET shop.holyzq.com/
[运行时间：0.003152s] [吞吐率：317.25req/s] [内存消耗：861.73kb] [文件加载：188]
[ info ] [ LANG ] /var/www/mishop/thinkphp/lang/zh-cn.php
[ info ] [ ROUTE ] array (
)
[ info ] [ HEADER ] array (
  'accept-encoding' => 'gzip',
  'accept' => '*/*',
  'user-agent' => 'Mozilla/5.0 (Windows NT 6.1; WOW64) AppleWebKit/537.36 (KHTML, like Gecko) Chrome/63.0.3239.132 Safari/537.36 QIHU 360SE',
  'host' => 'shop.holyzq.com',
  'content-type' => '',
  'content-length' => '',
)
[ info ] [ PARAM ] array (
)
[ info ] null
---------------------------------------------------------------

[2020-10-15T21:08:26+08:00] 47.99.131.175 GET 101.132.45.200:443/
[运行时间：0.004212s] [吞吐率：237.41req/s] [内存消耗：861.48kb] [文件加载：188]
[ info ] [ LANG ] /var/www/mishop/thinkphp/lang/zh-cn.php
[ info ] [ ROUTE ] array (
)
[ info ] [ HEADER ] array (
  'accept-encoding' => 'gzip',
  'connection' => 'close',
  'user-agent' => 'Go-http-client/1.1',
  'host' => '101.132.45.200:443',
  'content-type' => '',
  'content-length' => '',
)
[ info ] [ PARAM ] array (
)
[ info ] null
---------------------------------------------------------------

[2020-10-15T21:39:00+08:00] 36.78.200.63 GET 101.132.45.200/.env
[运行时间：0.003256s] [吞吐率：307.12req/s] [内存消耗：522.77kb] [文件加载：109]
[ info ] [ LANG ] /var/www/mishop/thinkphp/lang/zh-cn.php
---------------------------------------------------------------

[2020-10-15T23:48:14+08:00] 193.118.53.194 GET 101.132.45.200/
[运行时间：0.004324s] [吞吐率：231.27req/s] [内存消耗：861.73kb] [文件加载：188]
[ info ] [ LANG ] /var/www/mishop/thinkphp/lang/zh-cn.php
[ info ] [ ROUTE ] array (
)
[ info ] [ HEADER ] array (
  'accept-encoding' => 'gzip',
  'accept' => '*/*',
  'user-agent' => 'Mozilla/5.0 (Windows NT 10.0; Win64; x64) AppleWebKit/537.36 (KHTML, like Gecko) Chrome/60.0.3112.113 Safari/537.36',
  'host' => '101.132.45.200',
  'content-type' => '',
  'content-length' => '',
)
[ info ] [ PARAM ] array (
)
[ info ] null
