---------------------------------------------------------------

[2020-10-18T00:26:37+08:00] 178.128.194.144 GET 101.132.45.200/.git/config
[运行时间：0.003191s] [吞吐率：313.38req/s] [内存消耗：522.77kb] [文件加载：109]
[ info ] [ LANG ] /var/www/mishop/thinkphp/lang/zh-cn.php
---------------------------------------------------------------

[2020-10-18T02:59:25+08:00] 119.61.0.138 GET 101.132.45.200/
[运行时间：0.004468s] [吞吐率：223.82req/s] [内存消耗：862.12kb] [文件加载：188]
[ info ] [ LANG ] /var/www/mishop/thinkphp/lang/zh-cn.php
[ info ] [ ROUTE ] array (
)
[ info ] [ HEADER ] array (
  'connection' => 'Keep-Alive',
  'host' => '101.132.45.200',
  'accept-encoding' => 'identity',
  'accept' => '*/*',
  'user-agent' => 'Mozilla/5.0 (compatible; MSIE 10.0; Windows NT 6.1; WOW64; Trident/6.0)',
  'content-type' => '',
  'content-length' => '',
)
[ info ] [ PARAM ] array (
)
[ info ] null
---------------------------------------------------------------

[2020-10-18T03:54:06+08:00] 47.100.64.9 GET /
[运行时间：0.004952s] [吞吐率：201.94req/s] [内存消耗：859.20kb] [文件加载：188]
[ info ] [ LANG ] /var/www/mishop/thinkphp/lang/zh-cn.php
[ info ] [ ROUTE ] array (
)
[ info ] [ HEADER ] array (
  'content-type' => '',
  'content-length' => '',
)
[ info ] [ PARAM ] array (
)
[ info ] null
---------------------------------------------------------------

[2020-10-18T07:30:41+08:00] 111.204.176.252 HEAD 101.132.45.200/
[运行时间：0.004292s] [吞吐率：232.99req/s] [内存消耗：860.80kb] [文件加载：188]
[ info ] [ LANG ] /var/www/mishop/thinkphp/lang/zh-cn.php
[ info ] [ ROUTE ] array (
)
[ info ] [ HEADER ] array (
  'accept' => '*/*',
  'host' => '101.132.45.200',
  'user-agent' => 'Mozilla/5.0 (Windows NT 6.1; Win64; x64) AppleWebKit/537.36 (KHTML, like Gecko) Chrome/59.0.3071.115 Safari/537.36',
  'content-type' => '',
  'content-length' => '',
)
[ info ] [ PARAM ] array (
)
[ info ] null
---------------------------------------------------------------

[2020-10-18T08:30:24+08:00] 103.149.192.156 GET 101.132.45.200/
[运行时间：0.004790s] [吞吐率：208.78req/s] [内存消耗：861.73kb] [文件加载：188]
[ info ] [ LANG ] /var/www/mishop/thinkphp/lang/zh-cn.php
[ info ] [ ROUTE ] array (
)
[ info ] [ HEADER ] array (
  'accept-encoding' => 'gzip',
  'accept' => '*/*',
  'user-agent' => 'Mozilla/5.0 (Windows NT 10.0; Win64; x64) AppleWebKit/537.36 (KHTML, like Gecko) Chrome/79.0.3945.130 Safari/537.36',
  'host' => '101.132.45.200',
  'content-type' => '',
  'content-length' => '',
)
[ info ] [ PARAM ] array (
)
[ info ] null
---------------------------------------------------------------

[2020-10-18T08:50:23+08:00] 184.105.247.252 GET 101.132.45.200/
[运行时间：0.004704s] [吞吐率：212.59req/s] [内存消耗：859.82kb] [文件加载：188]
[ info ] [ LANG ] /var/www/mishop/thinkphp/lang/zh-cn.php
[ info ] [ ROUTE ] array (
)
[ info ] [ HEADER ] array (
  'host' => '101.132.45.200',
  'content-type' => '',
  'content-length' => '',
)
[ info ] [ PARAM ] array (
)
[ info ] null
---------------------------------------------------------------

[2020-10-18T08:55:28+08:00] 95.123.41.94 GET 101.132.45.200/
[运行时间：0.004456s] [吞吐率：224.41req/s] [内存消耗：861.39kb] [文件加载：188]
[ info ] [ LANG ] /var/www/mishop/thinkphp/lang/zh-cn.php
[ info ] [ ROUTE ] array (
)
[ info ] [ HEADER ] array (
  'accept-encoding' => 'gzip',
  'accept' => '*/*',
  'user-agent' => 'Mozilla/5.0 zgrab/0.x',
  'host' => '101.132.45.200',
  'content-type' => '',
  'content-length' => '',
)
[ info ] [ PARAM ] array (
)
[ info ] null
---------------------------------------------------------------

[2020-10-18T08:59:59+08:00] 47.101.186.79 GET mishop.holyzq.com/
[运行时间：0.004410s] [吞吐率：226.76req/s] [内存消耗：861.63kb] [文件加载：188]
[ info ] [ LANG ] /var/www/mishop/thinkphp/lang/zh-cn.php
[ info ] [ ROUTE ] array (
)
[ info ] [ HEADER ] array (
  'accept-encoding' => 'gzip',
  'connection' => 'Keep-Alive',
  'host' => 'mishop.holyzq.com',
  'user-agent' => 'Mozilla/5.0 (X11; Ubuntu; Linux x86_64; rv:36.0) Gecko/20100101 Firefox/36.0',
  'content-type' => '',
  'content-length' => '',
)
[ info ] [ PARAM ] array (
)
[ info ] null
---------------------------------------------------------------

[2020-10-18T09:42:31+08:00] 193.118.53.202 GET 101.132.45.200/
[运行时间：0.004590s] [吞吐率：217.87req/s] [内存消耗：861.73kb] [文件加载：188]
[ info ] [ LANG ] /var/www/mishop/thinkphp/lang/zh-cn.php
[ info ] [ ROUTE ] array (
)
[ info ] [ HEADER ] array (
  'accept-encoding' => 'gzip',
  'accept' => '*/*',
  'user-agent' => 'Mozilla/5.0 (Windows NT 10.0; Win64; x64) AppleWebKit/537.36 (KHTML, like Gecko) Chrome/60.0.3112.113 Safari/537.36',
  'host' => '101.132.45.200',
  'content-type' => '',
  'content-length' => '',
)
[ info ] [ PARAM ] array (
)
[ info ] null
---------------------------------------------------------------

[2020-10-18T11:00:14+08:00] 47.110.180.65 GET 101.132.45.200/index.php?-d+allow_url_include%3Don+-d+safe_mode%3Doff+-d+suhosin.simulation%3Don+-d+disable_functions%3D%22%22+-d+open_basedir%3Dnone+-d+auto_prepend_file%3Dphp%3A%2F%2Finput+-d+cgi.force_redirect%3D0+-d+cgi.redirect_status_env%3D0+-n
[运行时间：0.004378s] [吞吐率：228.42req/s] [内存消耗：865.04kb] [文件加载：188]
[ info ] [ LANG ] /var/www/mishop/thinkphp/lang/zh-cn.php
[ info ] [ ROUTE ] array (
)
[ info ] [ HEADER ] array (
  'accept-language' => 'zh-CN,zh;q=0.8',
  'connection' => 'keep-alive',
  'accept' => '*/*',
  'accept-encoding' => 'gzip, deflate',
  'user-agent' => 'Mozilla/5.0 (Windows NT 10.0; Win64; x64) AppleWebKit/537.36 (KHTML, like Gecko) Chrome/66.6.2333.33 Safari/537.36 AliyunTaiShiGanZhi https://www.aliyun.com/product/sas',
  'host' => '101.132.45.200',
  'content-type' => '',
  'content-length' => '',
)
[ info ] [ PARAM ] array (
  '-d_allow_url_include=on_-d_safe_mode=off_-d_suhosin_simulation=on_-d_disable_functions=""_-d_open_basedir=none_-d_auto_prepend_file=php://input_-d_cgi_force_redirect=0_-d_cgi_redirect_status_env=0_-n' => '',
)
[ info ] null
---------------------------------------------------------------

[2020-10-18T11:00:14+08:00] 47.110.180.65 POST 101.132.45.200/index.php?-d+allow_url_include%3Don+-d+safe_mode%3Doff+-d+suhosin.simulation%3Don+-d+disable_functions%3D%22%22+-d+open_basedir%3Dnone+-d+auto_prepend_file%3Dphp%3A%2F%2Finput+-d+cgi.force_redirect%3D0+-d+cgi.redirect_status_env%3D0+-n
[运行时间：0.003264s] [吞吐率：306.38req/s] [内存消耗：864.98kb] [文件加载：188]
[ info ] [ LANG ] /var/www/mishop/thinkphp/lang/zh-cn.php
[ info ] [ ROUTE ] array (
)
[ info ] [ HEADER ] array (
  'content-length' => '18',
  'cookie' => 'PHPSESSID=6ep7sv5okjrdhmp8eh32aauqoi',
  'accept-language' => 'zh-CN,zh;q=0.8',
  'connection' => 'keep-alive',
  'accept' => '*/*',
  'accept-encoding' => 'gzip, deflate',
  'user-agent' => 'Mozilla/5.0 (Windows NT 10.0; Win64; x64) AppleWebKit/537.36 (KHTML, like Gecko) Chrome/66.6.2333.33 Safari/537.36 AliyunTaiShiGanZhi https://www.aliyun.com/product/sas',
  'host' => '101.132.45.200',
  'content-type' => '',
)
[ info ] [ PARAM ] array (
  '-d_allow_url_include=on_-d_safe_mode=off_-d_suhosin_simulation=on_-d_disable_functions=""_-d_open_basedir=none_-d_auto_prepend_file=php://input_-d_cgi_force_redirect=0_-d_cgi_redirect_status_env=0_-n' => '',
)
[ info ] null
---------------------------------------------------------------

[2020-10-18T11:00:14+08:00] 47.110.180.65 GET 101.132.45.200/cgi-bin/php?-d+allow_url_include%3Don+-d+safe_mode%3Doff+-d+suhosin.simulation%3Don+-d+disable_functions%3D%22%22+-d+open_basedir%3Dnone+-d+auto_prepend_file%3Dphp%3A%2F%2Finput+-d+cgi.force_redirect%3D0+-d+cgi.redirect_status_env%3D0+-n
[运行时间：0.002628s] [吞吐率：380.54req/s] [内存消耗：522.78kb] [文件加载：109]
[ info ] [ LANG ] /var/www/mishop/thinkphp/lang/zh-cn.php
---------------------------------------------------------------

[2020-10-18T11:00:14+08:00] 47.110.180.65 POST 101.132.45.200/cgi-bin/php?-d+allow_url_include%3Don+-d+safe_mode%3Doff+-d+suhosin.simulation%3Don+-d+disable_functions%3D%22%22+-d+open_basedir%3Dnone+-d+auto_prepend_file%3Dphp%3A%2F%2Finput+-d+cgi.force_redirect%3D0+-d+cgi.redirect_status_env%3D0+-n
[运行时间：0.002347s] [吞吐率：426.03req/s] [内存消耗：521.63kb] [文件加载：109]
[ info ] [ LANG ] /var/www/mishop/thinkphp/lang/zh-cn.php
---------------------------------------------------------------

[2020-10-18T11:00:14+08:00] 47.110.180.65 GET 101.132.45.200/cgi-bin/php5?-d+allow_url_include%3Don+-d+safe_mode%3Doff+-d+suhosin.simulation%3Don+-d+disable_functions%3D%22%22+-d+open_basedir%3Dnone+-d+auto_prepend_file%3Dphp%3A%2F%2Finput+-d+cgi.force_redirect%3D0+-d+cgi.redirect_status_env%3D0+-n
[运行时间：0.002351s] [吞吐率：425.34req/s] [内存消耗：522.78kb] [文件加载：109]
[ info ] [ LANG ] /var/www/mishop/thinkphp/lang/zh-cn.php
---------------------------------------------------------------

[2020-10-18T11:00:14+08:00] 47.110.180.65 POST 101.132.45.200/cgi-bin/php5?-d+allow_url_include%3Don+-d+safe_mode%3Doff+-d+suhosin.simulation%3Don+-d+disable_functions%3D%22%22+-d+open_basedir%3Dnone+-d+auto_prepend_file%3Dphp%3A%2F%2Finput+-d+cgi.force_redirect%3D0+-d+cgi.redirect_status_env%3D0+-n
[运行时间：0.002368s] [吞吐率：422.30req/s] [内存消耗：521.63kb] [文件加载：109]
[ info ] [ LANG ] /var/www/mishop/thinkphp/lang/zh-cn.php
---------------------------------------------------------------

[2020-10-18T11:00:14+08:00] 47.110.180.65 GET 101.132.45.200/cgi-bin/php-cgi?-d+allow_url_include%3Don+-d+safe_mode%3Doff+-d+suhosin.simulation%3Don+-d+disable_functions%3D%22%22+-d+open_basedir%3Dnone+-d+auto_prepend_file%3Dphp%3A%2F%2Finput+-d+cgi.force_redirect%3D0+-d+cgi.redirect_status_env%3D0+-n
[运行时间：0.002365s] [吞吐率：422.81req/s] [内存消耗：520.70kb] [文件加载：108]
[ info ] [ LANG ] /var/www/mishop/thinkphp/lang/zh-cn.php
---------------------------------------------------------------

[2020-10-18T11:00:14+08:00] 47.110.180.65 POST 101.132.45.200/cgi-bin/php-cgi?-d+allow_url_include%3Don+-d+safe_mode%3Doff+-d+suhosin.simulation%3Don+-d+disable_functions%3D%22%22+-d+open_basedir%3Dnone+-d+auto_prepend_file%3Dphp%3A%2F%2Finput+-d+cgi.force_redirect%3D0+-d+cgi.redirect_status_env%3D0+-n
[运行时间：0.002129s] [吞吐率：469.69req/s] [内存消耗：519.54kb] [文件加载：108]
[ info ] [ LANG ] /var/www/mishop/thinkphp/lang/zh-cn.php
---------------------------------------------------------------

[2020-10-18T11:00:14+08:00] 47.110.180.65 GET 101.132.45.200/cgi-bin/php.cgi?-d+allow_url_include%3Don+-d+safe_mode%3Doff+-d+suhosin.simulation%3Don+-d+disable_functions%3D%22%22+-d+open_basedir%3Dnone+-d+auto_prepend_file%3Dphp%3A%2F%2Finput+-d+cgi.force_redirect%3D0+-d+cgi.redirect_status_env%3D0+-n
[运行时间：0.002172s] [吞吐率：460.41req/s] [内存消耗：522.78kb] [文件加载：109]
[ info ] [ LANG ] /var/www/mishop/thinkphp/lang/zh-cn.php
---------------------------------------------------------------

[2020-10-18T11:00:14+08:00] 47.110.180.65 POST 101.132.45.200/cgi-bin/php.cgi?-d+allow_url_include%3Don+-d+safe_mode%3Doff+-d+suhosin.simulation%3Don+-d+disable_functions%3D%22%22+-d+open_basedir%3Dnone+-d+auto_prepend_file%3Dphp%3A%2F%2Finput+-d+cgi.force_redirect%3D0+-d+cgi.redirect_status_env%3D0+-n
[运行时间：0.002104s] [吞吐率：475.28req/s] [内存消耗：521.63kb] [文件加载：109]
[ info ] [ LANG ] /var/www/mishop/thinkphp/lang/zh-cn.php
---------------------------------------------------------------

[2020-10-18T11:00:14+08:00] 47.110.180.65 GET 101.132.45.200/cgi-bin/php4?-d+allow_url_include%3Don+-d+safe_mode%3Doff+-d+suhosin.simulation%3Don+-d+disable_functions%3D%22%22+-d+open_basedir%3Dnone+-d+auto_prepend_file%3Dphp%3A%2F%2Finput+-d+cgi.force_redirect%3D0+-d+cgi.redirect_status_env%3D0+-n
[运行时间：0.002138s] [吞吐率：467.75req/s] [内存消耗：522.78kb] [文件加载：109]
[ info ] [ LANG ] /var/www/mishop/thinkphp/lang/zh-cn.php
---------------------------------------------------------------

[2020-10-18T11:00:14+08:00] 47.110.180.65 POST 101.132.45.200/cgi-bin/php4?-d+allow_url_include%3Don+-d+safe_mode%3Doff+-d+suhosin.simulation%3Don+-d+disable_functions%3D%22%22+-d+open_basedir%3Dnone+-d+auto_prepend_file%3Dphp%3A%2F%2Finput+-d+cgi.force_redirect%3D0+-d+cgi.redirect_status_env%3D0+-n
[运行时间：0.002240s] [吞吐率：446.39req/s] [内存消耗：521.63kb] [文件加载：109]
[ info ] [ LANG ] /var/www/mishop/thinkphp/lang/zh-cn.php
---------------------------------------------------------------

[2020-10-18T14:43:42+08:00] 47.94.39.226 GET /
[运行时间：0.004435s] [吞吐率：225.48req/s] [内存消耗：859.20kb] [文件加载：188]
[ info ] [ LANG ] /var/www/mishop/thinkphp/lang/zh-cn.php
[ info ] [ ROUTE ] array (
)
[ info ] [ HEADER ] array (
  'content-type' => '',
  'content-length' => '',
)
[ info ] [ PARAM ] array (
)
[ info ] null
---------------------------------------------------------------

[2020-10-18T16:57:26+08:00] 128.14.134.134 GET 101.132.45.200/cgi-bin/config.exp
[运行时间：0.003176s] [吞吐率：314.86req/s] [内存消耗：522.79kb] [文件加载：109]
[ info ] [ LANG ] /var/www/mishop/thinkphp/lang/zh-cn.php
---------------------------------------------------------------

[2020-10-18T21:04:35+08:00] 47.103.83.34 GET mishop.holyzq.com/
[运行时间：0.004333s] [吞吐率：230.79req/s] [内存消耗：863.06kb] [文件加载：188]
[ info ] [ LANG ] /var/www/mishop/thinkphp/lang/zh-cn.php
[ info ] [ ROUTE ] array (
)
[ info ] [ HEADER ] array (
  'accept-language' => 'zh-CN,zh;q=0.8',
  'connection' => 'keep-alive',
  'accept' => 'text/html,application/xhtml+xml,application/xml;q=0.9,image/webp,image/apng,*/*;q=0.8',
  'accept-encoding' => 'gzip, deflate',
  'user-agent' => 'Mozilla/5.0 (Windows NT 10.0; Win64; x64) AppleWebKit/537.36 (KHTML, like Gecko) Chrome/59.0.3071.115 Safari/537.36',
  'host' => 'mishop.holyzq.com',
  'content-type' => '',
  'content-length' => '',
)
[ info ] [ PARAM ] array (
)
[ info ] null
---------------------------------------------------------------

[2020-10-18T21:04:35+08:00] 47.103.83.34 GET mishop.holyzq.com/explicit_not_exist_path
[运行时间：0.002329s] [吞吐率：429.39req/s] [内存消耗：522.78kb] [文件加载：109]
[ info ] [ LANG ] /var/www/mishop/thinkphp/lang/zh-cn.php
---------------------------------------------------------------

[2020-10-18T21:04:35+08:00] 47.103.83.34 GET mishop.holyzq.com/index.html
[运行时间：0.003407s] [吞吐率：293.51req/s] [内存消耗：865.26kb] [文件加载：188]
[ info ] [ LANG ] /var/www/mishop/thinkphp/lang/zh-cn.php
[ info ] [ ROUTE ] array (
)
[ info ] [ HEADER ] array (
  'cookie' => 'PHPSESSID=hvqqt3ngf28gaijh47a9depu1d',
  'accept-language' => 'zh-CN,zh;q=0.8',
  'connection' => 'keep-alive',
  'accept' => 'text/html,application/xhtml+xml,application/xml;q=0.9,image/webp,image/apng,*/*;q=0.8',
  'accept-encoding' => 'gzip, deflate',
  'user-agent' => 'Mozilla/5.0 (Windows NT 10.0; Win64; x64) AppleWebKit/537.36 (KHTML, like Gecko) Chrome/59.0.3071.115 Safari/537.36',
  'host' => 'mishop.holyzq.com',
  'content-type' => '',
  'content-length' => '',
)
[ info ] [ PARAM ] array (
)
[ info ] null
---------------------------------------------------------------

[2020-10-18T21:04:35+08:00] 47.103.83.34 GET mishop.holyzq.com/index.php
[运行时间：0.003190s] [吞吐率：313.48req/s] [内存消耗：864.45kb] [文件加载：188]
[ info ] [ LANG ] /var/www/mishop/thinkphp/lang/zh-cn.php
[ info ] [ ROUTE ] array (
)
[ info ] [ HEADER ] array (
  'cookie' => 'PHPSESSID=hvqqt3ngf28gaijh47a9depu1d',
  'accept-language' => 'zh-CN,zh;q=0.8',
  'connection' => 'keep-alive',
  'accept' => 'text/html,application/xhtml+xml,application/xml;q=0.9,image/webp,image/apng,*/*;q=0.8',
  'accept-encoding' => 'gzip, deflate',
  'user-agent' => 'Mozilla/5.0 (Windows NT 10.0; Win64; x64) AppleWebKit/537.36 (KHTML, like Gecko) Chrome/59.0.3071.115 Safari/537.36',
  'host' => 'mishop.holyzq.com',
  'content-type' => '',
  'content-length' => '',
)
[ info ] [ PARAM ] array (
)
[ info ] null
---------------------------------------------------------------

[2020-10-18T21:04:35+08:00] 47.103.83.34 GET mishop.holyzq.com/index.jsp
[运行时间：0.002574s] [吞吐率：388.51req/s] [内存消耗：522.77kb] [文件加载：109]
[ info ] [ LANG ] /var/www/mishop/thinkphp/lang/zh-cn.php
---------------------------------------------------------------

[2020-10-18T21:04:35+08:00] 47.103.83.34 GET mishop.holyzq.com/admin/
[运行时间：0.002538s] [吞吐率：394.02req/s] [内存消耗：565.67kb] [文件加载：123]
[ info ] [ LANG ] /var/www/mishop/thinkphp/lang/zh-cn.php
[ info ] [ ROUTE ] array (
)
[ info ] [ HEADER ] array (
  'cookie' => 'PHPSESSID=hvqqt3ngf28gaijh47a9depu1d',
  'accept-language' => 'zh-CN,zh;q=0.8',
  'connection' => 'keep-alive',
  'accept' => 'text/html,application/xhtml+xml,application/xml;q=0.9,image/webp,image/apng,*/*;q=0.8',
  'accept-encoding' => 'gzip, deflate',
  'user-agent' => 'Mozilla/5.0 (Windows NT 10.0; Win64; x64) AppleWebKit/537.36 (KHTML, like Gecko) Chrome/59.0.3071.115 Safari/537.36',
  'host' => 'mishop.holyzq.com',
  'content-type' => '',
  'content-length' => '',
)
[ info ] [ PARAM ] array (
)
[ info ] [ VIEW ] /var/www/mishop/thinkphp/tpl/dispatch_jump.tpl [ array (
  0 => 'code',
  1 => 'msg',
  2 => 'data',
  3 => 'url',
  4 => 'wait',
) ]
---------------------------------------------------------------

[2020-10-18T21:04:35+08:00] 47.103.83.34 GET mishop.holyzq.com/readme.html
[运行时间：0.002516s] [吞吐率：397.49req/s] [内存消耗：522.81kb] [文件加载：109]
[ info ] [ LANG ] /var/www/mishop/thinkphp/lang/zh-cn.php
---------------------------------------------------------------

[2020-10-18T21:04:35+08:00] 47.103.83.34 GET mishop.holyzq.com/license.txt
[运行时间：0.002326s] [吞吐率：429.92req/s] [内存消耗：522.77kb] [文件加载：109]
[ info ] [ LANG ] /var/www/mishop/thinkphp/lang/zh-cn.php
---------------------------------------------------------------

[2020-10-18T21:04:35+08:00] 47.103.83.34 GET mishop.holyzq.com/wp-includes/js/wplink.js
[运行时间：0.002266s] [吞吐率：441.32req/s] [内存消耗：522.79kb] [文件加载：109]
[ info ] [ LANG ] /var/www/mishop/thinkphp/lang/zh-cn.php
---------------------------------------------------------------

[2020-10-18T21:04:35+08:00] 47.103.83.34 GET mishop.holyzq.com/wp-admin/js/customize-controls.js
[运行时间：0.002127s] [吞吐率：470.16req/s] [内存消耗：522.80kb] [文件加载：109]
[ info ] [ LANG ] /var/www/mishop/thinkphp/lang/zh-cn.php
---------------------------------------------------------------

[2020-10-18T21:04:35+08:00] 47.103.83.34 GET mishop.holyzq.com/wp-admin/js/nav-menu.js
[运行时间：0.002021s] [吞吐率：494.84req/s] [内存消耗：522.78kb] [文件加载：109]
[ info ] [ LANG ] /var/www/mishop/thinkphp/lang/zh-cn.php
---------------------------------------------------------------

[2020-10-18T21:04:35+08:00] 47.103.83.34 GET mishop.holyzq.com/wp-includes/js/plupload/handlers.js
[运行时间：0.002135s] [吞吐率：468.38req/s] [内存消耗：522.80kb] [文件加载：109]
[ info ] [ LANG ] /var/www/mishop/thinkphp/lang/zh-cn.php
---------------------------------------------------------------

[2020-10-18T21:04:35+08:00] 47.103.83.34 GET mishop.holyzq.com/wp-includes/js/tinymce/wp-tinymce.js.gz
[运行时间：0.001951s] [吞吐率：512.56req/s] [内存消耗：522.80kb] [文件加载：109]
[ info ] [ LANG ] /var/www/mishop/thinkphp/lang/zh-cn.php
---------------------------------------------------------------

[2020-10-18T21:04:35+08:00] 47.103.83.34 GET mishop.holyzq.com/index.php/explicit_not_exist_path
[运行时间：0.002302s] [吞吐率：434.42req/s] [内存消耗：522.80kb] [文件加载：109]
[ info ] [ LANG ] /var/www/mishop/thinkphp/lang/zh-cn.php
---------------------------------------------------------------

[2020-10-18T21:04:35+08:00] 47.103.83.34 GET mishop.holyzq.com/4e5e5d7364f443e28fbf0d3ae744a59a
[运行时间：0.002193s] [吞吐率：456.00req/s] [内存消耗：522.80kb] [文件加载：109]
[ info ] [ LANG ] /var/www/mishop/thinkphp/lang/zh-cn.php
---------------------------------------------------------------

[2020-10-18T21:04:35+08:00] 47.103.83.34 GET mishop.holyzq.com/?c=4e5e5d7364f443e28fbf0d3ae744a59a
[运行时间：0.002798s] [吞吐率：357.39req/s] [内存消耗：865.20kb] [文件加载：188]
[ info ] [ LANG ] /var/www/mishop/thinkphp/lang/zh-cn.php
[ info ] [ ROUTE ] array (
)
[ info ] [ HEADER ] array (
  'cookie' => 'PHPSESSID=hvqqt3ngf28gaijh47a9depu1d',
  'accept-language' => 'zh-CN,zh;q=0.8',
  'connection' => 'keep-alive',
  'accept' => 'text/html,application/xhtml+xml,application/xml;q=0.9,image/webp,image/apng,*/*;q=0.8',
  'accept-encoding' => 'gzip, deflate',
  'user-agent' => 'Mozilla/5.0 (Windows NT 10.0; Win64; x64) AppleWebKit/537.36 (KHTML, like Gecko) Chrome/59.0.3071.115 Safari/537.36',
  'host' => 'mishop.holyzq.com',
  'content-type' => '',
  'content-length' => '',
)
[ info ] [ PARAM ] array (
  'c' => '4e5e5d7364f443e28fbf0d3ae744a59a',
)
[ info ] null
---------------------------------------------------------------

[2020-10-18T21:04:35+08:00] 47.103.83.34 GET mishop.holyzq.com/r/cms/www/red/img/prompt.jpg
[运行时间：0.002637s] [吞吐率：379.23req/s] [内存消耗：523.16kb] [文件加载：109]
[ info ] [ LANG ] /var/www/mishop/thinkphp/lang/zh-cn.php
---------------------------------------------------------------

[2020-10-18T21:04:35+08:00] 47.103.83.34 GET mishop.holyzq.com/r/cms/www/red/style/swiper.min.js
[运行时间：0.002242s] [吞吐率：446.01req/s] [内存消耗：523.17kb] [文件加载：109]
[ info ] [ LANG ] /var/www/mishop/thinkphp/lang/zh-cn.php
---------------------------------------------------------------

[2020-10-18T21:04:35+08:00] 47.103.83.34 GET mishop.holyzq.com/wcm/
[运行时间：0.002139s] [吞吐率：467.54req/s] [内存消耗：522.77kb] [文件加载：109]
[ info ] [ LANG ] /var/www/mishop/thinkphp/lang/zh-cn.php
---------------------------------------------------------------

[2020-10-18T21:04:36+08:00] 47.103.83.34 GET mishop.holyzq.com/phpMyAdmin/
[运行时间：0.002535s] [吞吐率：394.50req/s] [内存消耗：522.77kb] [文件加载：109]
[ info ] [ LANG ] /var/www/mishop/thinkphp/lang/zh-cn.php
---------------------------------------------------------------

[2020-10-18T21:04:36+08:00] 47.103.83.34 GET mishop.holyzq.com/phpmyadmin/
[运行时间：0.002467s] [吞吐率：405.33req/s] [内存消耗：522.77kb] [文件加载：109]
[ info ] [ LANG ] /var/www/mishop/thinkphp/lang/zh-cn.php
---------------------------------------------------------------

[2020-10-18T21:31:36+08:00] 119.23.139.140 GET /
[运行时间：0.004608s] [吞吐率：217.02req/s] [内存消耗：859.20kb] [文件加载：188]
[ info ] [ LANG ] /var/www/mishop/thinkphp/lang/zh-cn.php
[ info ] [ ROUTE ] array (
)
[ info ] [ HEADER ] array (
  'content-type' => '',
  'content-length' => '',
)
[ info ] [ PARAM ] array (
)
[ info ] null
