---------------------------------------------------------------

[2020-06-01T06:18:02+08:00] 47.101.191.214 GET mishop.holyzq.com/
[运行时间：0.004242s] [吞吐率：235.74req/s] [内存消耗：861.64kb] [文件加载：188]
[ info ] [ LANG ] /var/www/mishop/thinkphp/lang/zh-cn.php
[ info ] [ ROUTE ] array (
)
[ info ] [ HEADER ] array (
  'accept-encoding' => 'gzip',
  'connection' => 'Keep-Alive',
  'host' => 'mishop.holyzq.com',
  'user-agent' => 'Mozilla/5.0 (X11; Ubuntu; Linux x86_64; rv:36.0) Gecko/20100101 Firefox/36.0',
  'content-type' => '',
  'content-length' => '',
)
[ info ] [ PARAM ] array (
)
[ info ] null
---------------------------------------------------------------

[2020-06-01T21:45:27+08:00] 171.113.108.211 GET mishop.holyzq.com/
[运行时间：0.004250s] [吞吐率：235.29req/s] [内存消耗：864.49kb] [文件加载：188]
[ info ] [ LANG ] /var/www/mishop/thinkphp/lang/zh-cn.php
[ info ] [ ROUTE ] array (
)
[ info ] [ HEADER ] array (
  'connection' => 'keep-alive',
  'accept-encoding' => 'gzip, deflate, br',
  'accept-language' => 'en-us',
  'user-agent' => 'Mozilla/5.0 (iPhone; CPU iPhone OS 13_4_1 like Mac OS X) AppleWebKit/605.1.15 (KHTML, like Gecko) Mobile/15E148 MicroMessenger/7.0.12(0x17000c30) NetType/WIFI Language/zh_CN',
  'cookie' => 'UM_distinctid=1708ee7f33c4b5-037366112042c4-221c2416-4a640-1708ee7f33d47f',
  'accept' => 'text/html,application/xhtml+xml,application/xml;q=0.9,*/*;q=0.8',
  'host' => 'mishop.holyzq.com',
  'content-type' => '',
  'content-length' => '',
)
[ info ] [ PARAM ] array (
)
[ info ] null
---------------------------------------------------------------

[2020-06-01T21:45:27+08:00] 171.113.108.211 GET mishop.holyzq.com/?code=0212IWrv0tWnNg1wdftv0fPErv02IWrP&state=481d8e429fa6ea22cf8c95e20e21bed3
[运行时间：0.216975s] [吞吐率：4.61req/s] [内存消耗：1,289.95kb] [文件加载：233]
[ info ] [ LANG ] /var/www/mishop/thinkphp/lang/zh-cn.php
[ info ] [ ROUTE ] array (
)
[ info ] [ HEADER ] array (
  'connection' => 'keep-alive',
  'accept-encoding' => 'gzip, deflate, br',
  'accept-language' => 'en-us',
  'user-agent' => 'Mozilla/5.0 (iPhone; CPU iPhone OS 13_4_1 like Mac OS X) AppleWebKit/605.1.15 (KHTML, like Gecko) Mobile/15E148 MicroMessenger/7.0.12(0x17000c30) NetType/WIFI Language/zh_CN',
  'cookie' => 'PHPSESSID=o0e9ituiqnnl0uiut3k478dddm; UM_distinctid=1708ee7f33c4b5-037366112042c4-221c2416-4a640-1708ee7f33d47f',
  'accept' => 'text/html,application/xhtml+xml,application/xml;q=0.9,*/*;q=0.8',
  'host' => 'mishop.holyzq.com',
  'content-type' => '',
  'content-length' => '',
)
[ info ] [ PARAM ] array (
  'code' => '0212IWrv0tWnNg1wdftv0fPErv02IWrP',
  'state' => '481d8e429fa6ea22cf8c95e20e21bed3',
)
[ info ] null
[ info ] [ DB ] INIT mysql
[ info ] /
[ sql ] [ DB ] CONNECT:[ UseTime:0.000440s ] mysql:host=127.0.0.1;port=3306;dbname=mishop;charset=utf8
[ sql ] [ SQL ] SHOW COLUMNS FROM `customer` [ RunTime:0.000568s ]
[ sql ] [ SQL ] SELECT * FROM `customer` WHERE  `openid` = 'ozw1Nwy8AFyVPnV61cLdQk0NXLT4' LIMIT 1 [ RunTime:0.000319s ]
---------------------------------------------------------------

[2020-06-01T21:45:27+08:00] 171.113.108.211 GET mishop.holyzq.com/
[运行时间：0.008853s] [吞吐率：112.96req/s] [内存消耗：1,199.87kb] [文件加载：193]
[ info ] [ LANG ] /var/www/mishop/thinkphp/lang/zh-cn.php
[ info ] [ ROUTE ] array (
)
[ info ] [ HEADER ] array (
  'connection' => 'keep-alive',
  'accept-encoding' => 'gzip, deflate, br',
  'accept-language' => 'en-us',
  'user-agent' => 'Mozilla/5.0 (iPhone; CPU iPhone OS 13_4_1 like Mac OS X) AppleWebKit/605.1.15 (KHTML, like Gecko) Mobile/15E148 MicroMessenger/7.0.12(0x17000c30) NetType/WIFI Language/zh_CN',
  'cookie' => 'PHPSESSID=o0e9ituiqnnl0uiut3k478dddm; UM_distinctid=1708ee7f33c4b5-037366112042c4-221c2416-4a640-1708ee7f33d47f',
  'accept' => 'text/html,application/xhtml+xml,application/xml;q=0.9,*/*;q=0.8',
  'host' => 'mishop.holyzq.com',
  'content-type' => '',
  'content-length' => '',
)
[ info ] [ PARAM ] array (
)
[ info ] {"id":9,"openid":"ozw1Nwy8AFyVPnV61cLdQk0NXLT4","sex":1,"nickname":"Holyzq","city":"\u58a8\u5c14\u672c","province":"\u7ef4\u591a\u5229\u4e9a","headimgurl":"http:\/\/thirdwx.qlogo.cn\/mmopen\/vi_32\/EY0dC7dXRasmhslgTE85vs8F0QlGERyRibeBpsxficWO8iaQqR261pYqpFTgSqILoAYvIwUQwcvxYvQe3AuHrf7pA\/132","created_at":"2020-05-07 15:18:29","updated_at":null,"address_id":7}
[ info ] [ DB ] INIT mysql
[ info ] [ VIEW ] /var/www/mishop/application/index/view/index/index.html [ array (
  0 => '_index',
  1 => 'adverts',
  2 => 'banners',
  3 => 'products',
  4 => 'total',
) ]
[ sql ] [ DB ] CONNECT:[ UseTime:0.000432s ] mysql:host=127.0.0.1;port=3306;dbname=mishop;charset=utf8
[ sql ] [ SQL ] SHOW COLUMNS FROM `advert` [ RunTime:0.000647s ]
[ sql ] [ SQL ] SELECT * FROM `advert` WHERE  `category_id` = 1 ORDER BY `sort` DESC [ RunTime:0.000335s ]
[ sql ] [ SQL ] SHOW COLUMNS FROM `photo` [ RunTime:0.000386s ]
[ sql ] [ SQL ] SELECT * FROM `photo` WHERE  `id` IN (46,45,44,43) [ RunTime:0.000231s ]
[ sql ] [ SQL ] SELECT * FROM `advert` WHERE  `category_id` = 2 ORDER BY `sort` DESC [ RunTime:0.000238s ]
[ sql ] [ SQL ] SELECT * FROM `photo` WHERE  `id` IN (49,48,47) [ RunTime:0.000215s ]
[ sql ] [ SQL ] SHOW COLUMNS FROM `product` [ RunTime:0.000433s ]
[ sql ] [ SQL ] SELECT * FROM `product` WHERE (  `is_onsale` = 1 ) AND `product`.`delete_time` IS NULL ORDER BY `sort` LIMIT 2 [ RunTime:0.000345s ]
[ sql ] [ SQL ] SELECT * FROM `photo` WHERE  `id` IN (60,36) [ RunTime:0.000197s ]
[ sql ] [ SQL ] SELECT COUNT(*) AS tp_count FROM `product` WHERE (  `is_onsale` = 1 ) AND `product`.`delete_time` IS NULL [ RunTime:0.000218s ]
---------------------------------------------------------------

[2020-06-01T21:45:36+08:00] 223.166.222.111 POST mishop.holyzq.com/index/Wechat/index?signature=357f8cb7e92876cca5f959b38d47a7cea39bc36a&timestamp=1591019136&nonce=1047845231&openid=ozw1Nwy8AFyVPnV61cLdQk0NXLT4
[运行时间：0.005588s] [吞吐率：178.96req/s] [内存消耗：1,023.59kb] [文件加载：216]
[ info ] [ LANG ] /var/www/mishop/thinkphp/lang/zh-cn.php
[ info ] [ ROUTE ] array (
)
[ info ] [ HEADER ] array (
  'content-type' => 'text/xml',
  'content-length' => '325',
  'pragma' => 'no-cache',
  'host' => 'mishop.holyzq.com',
  'accept' => '*/*',
  'user-agent' => 'Mozilla/4.0',
)
[ info ] [ PARAM ] array (
  'signature' => '357f8cb7e92876cca5f959b38d47a7cea39bc36a',
  'timestamp' => '1591019136',
  'nonce' => '1047845231',
  'openid' => 'ozw1Nwy8AFyVPnV61cLdQk0NXLT4',
)
---------------------------------------------------------------

[2020-06-01T21:45:40+08:00] 171.113.108.211 GET mishop.holyzq.com/index/Index/search
[运行时间：0.006102s] [吞吐率：163.88req/s] [内存消耗：1,153.00kb] [文件加载：188]
[ info ] [ LANG ] /var/www/mishop/thinkphp/lang/zh-cn.php
[ info ] [ ROUTE ] array (
)
[ info ] [ HEADER ] array (
  'accept-encoding' => 'gzip, deflate, br',
  'referer' => 'https://mishop.holyzq.com/',
  'accept-language' => 'en-us',
  'user-agent' => 'Mozilla/5.0 (iPhone; CPU iPhone OS 13_4_1 like Mac OS X) AppleWebKit/605.1.15 (KHTML, like Gecko) Mobile/15E148 MicroMessenger/7.0.12(0x17000c30) NetType/WIFI Language/zh_CN',
  'cookie' => 'PHPSESSID=o0e9ituiqnnl0uiut3k478dddm; UM_distinctid=1708ee7f33c4b5-037366112042c4-221c2416-4a640-1708ee7f33d47f',
  'connection' => 'keep-alive',
  'accept' => 'text/html,application/xhtml+xml,application/xml;q=0.9,*/*;q=0.8',
  'host' => 'mishop.holyzq.com',
  'content-type' => '',
  'content-length' => '',
)
[ info ] [ PARAM ] array (
)
[ info ] {"id":9,"openid":"ozw1Nwy8AFyVPnV61cLdQk0NXLT4","sex":1,"nickname":"Holyzq","city":"\u58a8\u5c14\u672c","province":"\u7ef4\u591a\u5229\u4e9a","headimgurl":"http:\/\/thirdwx.qlogo.cn\/mmopen\/vi_32\/EY0dC7dXRasmhslgTE85vs8F0QlGERyRibeBpsxficWO8iaQqR261pYqpFTgSqILoAYvIwUQwcvxYvQe3AuHrf7pA\/132","created_at":"2020-05-07 15:18:29","updated_at":null,"address_id":7}
[ info ] [ DB ] INIT mysql
[ info ] [ VIEW ] /var/www/mishop/application/index/view/index/search.html [ array (
  0 => '_index',
  1 => 'products',
) ]
[ sql ] [ DB ] CONNECT:[ UseTime:0.000389s ] mysql:host=127.0.0.1;port=3306;dbname=mishop;charset=utf8
[ sql ] [ SQL ] SHOW COLUMNS FROM `product` [ RunTime:0.000630s ]
[ sql ] [ SQL ] SELECT * FROM `product` WHERE (  `is_recommend` = 1 ) AND `product`.`delete_time` IS NULL ORDER BY `is_top` DESC,`created_at` [ RunTime:0.000405s ]
---------------------------------------------------------------

[2020-06-01T21:45:41+08:00] 171.113.108.211 GET mishop.holyzq.com/index/Index/show/id/8
[运行时间：0.007678s] [吞吐率：130.24req/s] [内存消耗：1,197.60kb] [文件加载：194]
[ info ] [ LANG ] /var/www/mishop/thinkphp/lang/zh-cn.php
[ info ] [ ROUTE ] array (
)
[ info ] [ HEADER ] array (
  'accept-encoding' => 'gzip, deflate, br',
  'referer' => 'https://mishop.holyzq.com/index/Index/search',
  'accept-language' => 'en-us',
  'user-agent' => 'Mozilla/5.0 (iPhone; CPU iPhone OS 13_4_1 like Mac OS X) AppleWebKit/605.1.15 (KHTML, like Gecko) Mobile/15E148 MicroMessenger/7.0.12(0x17000c30) NetType/WIFI Language/zh_CN',
  'cookie' => 'PHPSESSID=o0e9ituiqnnl0uiut3k478dddm; UM_distinctid=1708ee7f33c4b5-037366112042c4-221c2416-4a640-1708ee7f33d47f',
  'connection' => 'keep-alive',
  'accept' => 'text/html,application/xhtml+xml,application/xml;q=0.9,*/*;q=0.8',
  'host' => 'mishop.holyzq.com',
  'content-type' => '',
  'content-length' => '',
)
[ info ] [ PARAM ] array (
  'id' => '8',
)
[ info ] {"id":9,"openid":"ozw1Nwy8AFyVPnV61cLdQk0NXLT4","sex":1,"nickname":"Holyzq","city":"\u58a8\u5c14\u672c","province":"\u7ef4\u591a\u5229\u4e9a","headimgurl":"http:\/\/thirdwx.qlogo.cn\/mmopen\/vi_32\/EY0dC7dXRasmhslgTE85vs8F0QlGERyRibeBpsxficWO8iaQqR261pYqpFTgSqILoAYvIwUQwcvxYvQe3AuHrf7pA\/132","created_at":"2020-05-07 15:18:29","updated_at":null,"address_id":7}
[ info ] [ DB ] INIT mysql
[ info ] [ VIEW ] /var/www/mishop/application/index/view/index/show.html [ array (
  0 => '_index',
  1 => 'product',
  2 => 'recommends',
) ]
[ sql ] [ DB ] CONNECT:[ UseTime:0.000431s ] mysql:host=127.0.0.1;port=3306;dbname=mishop;charset=utf8
[ sql ] [ SQL ] SHOW COLUMNS FROM `product` [ RunTime:0.000611s ]
[ sql ] [ SQL ] SELECT * FROM `product` WHERE (  `id` = 8 ) AND `product`.`delete_time` IS NULL LIMIT 1 [ RunTime:0.000364s ]
[ sql ] [ SQL ] SHOW COLUMNS FROM `gallery` [ RunTime:0.000372s ]
[ sql ] [ SQL ] SELECT * FROM `gallery` WHERE  `product_id` = 8 [ RunTime:0.000205s ]
[ sql ] [ SQL ] SELECT * FROM `product` WHERE (  `is_recommend` = 1  AND `id` <> 8 ) AND `product`.`delete_time` IS NULL ORDER BY `is_top` DESC [ RunTime:0.000339s ]
[ sql ] [ SQL ] SHOW COLUMNS FROM `photo` [ RunTime:0.000366s ]
[ sql ] [ SQL ] SELECT * FROM `photo` WHERE  `id` IN (60,36,53,56) [ RunTime:0.000205s ]
---------------------------------------------------------------

[2020-06-01T21:45:43+08:00] 171.113.108.211 POST mishop.holyzq.com/index/Cart/store
[运行时间：0.007582s] [吞吐率：131.89req/s] [内存消耗：1,008.20kb] [文件加载：183]
[ info ] [ LANG ] /var/www/mishop/thinkphp/lang/zh-cn.php
[ info ] [ ROUTE ] array (
)
[ info ] [ HEADER ] array (
  'cookie' => 'PHPSESSID=o0e9ituiqnnl0uiut3k478dddm; UM_distinctid=1708ee7f33c4b5-037366112042c4-221c2416-4a640-1708ee7f33d47f',
  'content-length' => '12',
  'referer' => 'https://mishop.holyzq.com/index/Index/show/id/8',
  'connection' => 'keep-alive',
  'user-agent' => 'Mozilla/5.0 (iPhone; CPU iPhone OS 13_4_1 like Mac OS X) AppleWebKit/605.1.15 (KHTML, like Gecko) Mobile/15E148 MicroMessenger/7.0.12(0x17000c30) NetType/WIFI Language/zh_CN',
  'origin' => 'https://mishop.holyzq.com',
  'content-type' => 'application/x-www-form-urlencoded; charset=UTF-8',
  'accept-encoding' => 'gzip, deflate, br',
  'accept-language' => 'en-us',
  'x-requested-with' => 'XMLHttpRequest',
  'accept' => '*/*',
  'host' => 'mishop.holyzq.com',
)
[ info ] [ PARAM ] array (
  'product_id' => '8',
)
[ info ] {"id":9,"openid":"ozw1Nwy8AFyVPnV61cLdQk0NXLT4","sex":1,"nickname":"Holyzq","city":"\u58a8\u5c14\u672c","province":"\u7ef4\u591a\u5229\u4e9a","headimgurl":"http:\/\/thirdwx.qlogo.cn\/mmopen\/vi_32\/EY0dC7dXRasmhslgTE85vs8F0QlGERyRibeBpsxficWO8iaQqR261pYqpFTgSqILoAYvIwUQwcvxYvQe3AuHrf7pA\/132","created_at":"2020-05-07 15:18:29","updated_at":null,"address_id":7}
[ info ] [ DB ] INIT mysql
[ sql ] [ DB ] CONNECT:[ UseTime:0.000437s ] mysql:host=127.0.0.1;port=3306;dbname=mishop;charset=utf8
[ sql ] [ SQL ] SHOW COLUMNS FROM `cart` [ RunTime:0.000585s ]
[ sql ] [ SQL ] SELECT * FROM `cart` WHERE  `product_id` = 8  AND `customer_id` = 9 LIMIT 1 [ RunTime:0.000289s ]
[ sql ] [ SQL ] INSERT INTO `cart` (`product_id` , `customer_id`) VALUES (8 , 9) [ RunTime:0.000194s ]
---------------------------------------------------------------

[2020-06-01T21:45:43+08:00] 171.113.108.211 GET mishop.holyzq.com/index/cart/index
[运行时间：0.006714s] [吞吐率：148.95req/s] [内存消耗：1,167.85kb] [文件加载：193]
[ info ] [ LANG ] /var/www/mishop/thinkphp/lang/zh-cn.php
[ info ] [ ROUTE ] array (
)
[ info ] [ HEADER ] array (
  'accept-encoding' => 'gzip, deflate, br',
  'referer' => 'https://mishop.holyzq.com/index/Index/show/id/8',
  'accept-language' => 'en-us',
  'user-agent' => 'Mozilla/5.0 (iPhone; CPU iPhone OS 13_4_1 like Mac OS X) AppleWebKit/605.1.15 (KHTML, like Gecko) Mobile/15E148 MicroMessenger/7.0.12(0x17000c30) NetType/WIFI Language/zh_CN',
  'cookie' => 'PHPSESSID=o0e9ituiqnnl0uiut3k478dddm; UM_distinctid=1708ee7f33c4b5-037366112042c4-221c2416-4a640-1708ee7f33d47f',
  'connection' => 'keep-alive',
  'accept' => 'text/html,application/xhtml+xml,application/xml;q=0.9,*/*;q=0.8',
  'host' => 'mishop.holyzq.com',
  'content-type' => '',
  'content-length' => '',
)
[ info ] [ PARAM ] array (
)
[ info ] {"id":9,"openid":"ozw1Nwy8AFyVPnV61cLdQk0NXLT4","sex":1,"nickname":"Holyzq","city":"\u58a8\u5c14\u672c","province":"\u7ef4\u591a\u5229\u4e9a","headimgurl":"http:\/\/thirdwx.qlogo.cn\/mmopen\/vi_32\/EY0dC7dXRasmhslgTE85vs8F0QlGERyRibeBpsxficWO8iaQqR261pYqpFTgSqILoAYvIwUQwcvxYvQe3AuHrf7pA\/132","created_at":"2020-05-07 15:18:29","updated_at":null,"address_id":7}
[ info ] [ DB ] INIT mysql
[ info ] [ VIEW ] /var/www/mishop/application/index/view/cart/index.html [ array (
  0 => 'carts',
  1 => 'count',
) ]
[ sql ] [ DB ] CONNECT:[ UseTime:0.000366s ] mysql:host=127.0.0.1;port=3306;dbname=mishop;charset=utf8
[ sql ] [ SQL ] SHOW COLUMNS FROM `cart` [ RunTime:0.000529s ]
[ sql ] [ SQL ] SELECT * FROM `cart` WHERE  `customer_id` = 9 [ RunTime:0.000252s ]
[ sql ] [ SQL ] SHOW COLUMNS FROM `product` [ RunTime:0.000442s ]
[ sql ] [ SQL ] SELECT * FROM `product` WHERE (  `id` = 8 ) AND `product`.`delete_time` IS NULL [ RunTime:0.000288s ]
[ sql ] [ SQL ] SHOW COLUMNS FROM `photo` [ RunTime:0.000340s ]
[ sql ] [ SQL ] SELECT * FROM `photo` WHERE  `id` = 58 [ RunTime:0.000206s ]
---------------------------------------------------------------

[2020-06-01T21:45:45+08:00] 171.113.108.211 GET mishop.holyzq.com/index/Order/checkout
[运行时间：0.008010s] [吞吐率：124.85req/s] [内存消耗：1,190.63kb] [文件加载：194]
[ info ] [ LANG ] /var/www/mishop/thinkphp/lang/zh-cn.php
[ info ] [ ROUTE ] array (
)
[ info ] [ HEADER ] array (
  'accept-encoding' => 'gzip, deflate, br',
  'referer' => 'https://mishop.holyzq.com/index/cart/index',
  'accept-language' => 'en-us',
  'user-agent' => 'Mozilla/5.0 (iPhone; CPU iPhone OS 13_4_1 like Mac OS X) AppleWebKit/605.1.15 (KHTML, like Gecko) Mobile/15E148 MicroMessenger/7.0.12(0x17000c30) NetType/WIFI Language/zh_CN',
  'cookie' => 'PHPSESSID=o0e9ituiqnnl0uiut3k478dddm; UM_distinctid=1708ee7f33c4b5-037366112042c4-221c2416-4a640-1708ee7f33d47f',
  'connection' => 'keep-alive',
  'accept' => 'text/html,application/xhtml+xml,application/xml;q=0.9,*/*;q=0.8',
  'host' => 'mishop.holyzq.com',
  'content-type' => '',
  'content-length' => '',
)
[ info ] [ PARAM ] array (
)
[ info ] {"id":9,"openid":"ozw1Nwy8AFyVPnV61cLdQk0NXLT4","sex":1,"nickname":"Holyzq","city":"\u58a8\u5c14\u672c","province":"\u7ef4\u591a\u5229\u4e9a","headimgurl":"http:\/\/thirdwx.qlogo.cn\/mmopen\/vi_32\/EY0dC7dXRasmhslgTE85vs8F0QlGERyRibeBpsxficWO8iaQqR261pYqpFTgSqILoAYvIwUQwcvxYvQe3AuHrf7pA\/132","created_at":"2020-05-07 15:18:29","updated_at":null,"address_id":7}
[ info ] [ DB ] INIT mysql
[ info ] [ VIEW ] /var/www/mishop/application/index/view/order/checkout.html [ array (
  0 => 'carts',
  1 => 'count',
  2 => 'address',
) ]
[ sql ] [ DB ] CONNECT:[ UseTime:0.000428s ] mysql:host=127.0.0.1;port=3306;dbname=mishop;charset=utf8
[ sql ] [ SQL ] SHOW COLUMNS FROM `cart` [ RunTime:0.000575s ]
[ sql ] [ SQL ] SELECT * FROM `cart` WHERE  `customer_id` = 9 [ RunTime:0.000252s ]
[ sql ] [ SQL ] SHOW COLUMNS FROM `product` [ RunTime:0.000454s ]
[ sql ] [ SQL ] SELECT * FROM `product` WHERE (  `id` = 8 ) AND `product`.`delete_time` IS NULL [ RunTime:0.000287s ]
[ sql ] [ SQL ] SHOW COLUMNS FROM `address` [ RunTime:0.000412s ]
[ sql ] [ SQL ] SELECT * FROM `address` WHERE  `id` = 7 LIMIT 1 [ RunTime:0.000198s ]
[ sql ] [ SQL ] SHOW COLUMNS FROM `photo` [ RunTime:0.000384s ]
[ sql ] [ SQL ] SELECT * FROM `photo` WHERE  `id` = 58 LIMIT 1 [ RunTime:0.000174s ]
---------------------------------------------------------------

[2020-06-01T21:45:47+08:00] 171.113.108.211 GET mishop.holyzq.com/index/Address/index
[运行时间：0.005552s] [吞吐率：180.11req/s] [内存消耗：1,125.22kb] [文件加载：187]
[ info ] [ LANG ] /var/www/mishop/thinkphp/lang/zh-cn.php
[ info ] [ ROUTE ] array (
)
[ info ] [ HEADER ] array (
  'accept-encoding' => 'gzip, deflate, br',
  'referer' => 'https://mishop.holyzq.com/index/Order/checkout',
  'accept-language' => 'en-us',
  'user-agent' => 'Mozilla/5.0 (iPhone; CPU iPhone OS 13_4_1 like Mac OS X) AppleWebKit/605.1.15 (KHTML, like Gecko) Mobile/15E148 MicroMessenger/7.0.12(0x17000c30) NetType/WIFI Language/zh_CN',
  'cookie' => 'PHPSESSID=o0e9ituiqnnl0uiut3k478dddm; UM_distinctid=1708ee7f33c4b5-037366112042c4-221c2416-4a640-1708ee7f33d47f',
  'connection' => 'keep-alive',
  'accept' => 'text/html,application/xhtml+xml,application/xml;q=0.9,*/*;q=0.8',
  'host' => 'mishop.holyzq.com',
  'content-type' => '',
  'content-length' => '',
)
[ info ] [ PARAM ] array (
)
[ info ] {"id":9,"openid":"ozw1Nwy8AFyVPnV61cLdQk0NXLT4","sex":1,"nickname":"Holyzq","city":"\u58a8\u5c14\u672c","province":"\u7ef4\u591a\u5229\u4e9a","headimgurl":"http:\/\/thirdwx.qlogo.cn\/mmopen\/vi_32\/EY0dC7dXRasmhslgTE85vs8F0QlGERyRibeBpsxficWO8iaQqR261pYqpFTgSqILoAYvIwUQwcvxYvQe3AuHrf7pA\/132","created_at":"2020-05-07 15:18:29","updated_at":null,"address_id":7}
[ info ] [ DB ] INIT mysql
[ info ] [ VIEW ] /var/www/mishop/application/index/view/address/index.html [ array (
  0 => 'addresses',
) ]
[ sql ] [ DB ] CONNECT:[ UseTime:0.000394s ] mysql:host=127.0.0.1;port=3306;dbname=mishop;charset=utf8
[ sql ] [ SQL ] SHOW COLUMNS FROM `address` [ RunTime:0.000588s ]
[ sql ] [ SQL ] SELECT * FROM `address` WHERE  `customer_id` = 9 [ RunTime:0.000279s ]
---------------------------------------------------------------

[2020-06-01T21:45:49+08:00] 171.113.108.211 GET mishop.holyzq.com/index/Address/create
[运行时间：0.003311s] [吞吐率：302.03req/s] [内存消耗：803.99kb] [文件加载：179]
[ info ] [ LANG ] /var/www/mishop/thinkphp/lang/zh-cn.php
[ info ] [ ROUTE ] array (
)
[ info ] [ HEADER ] array (
  'accept-encoding' => 'gzip, deflate, br',
  'referer' => 'https://mishop.holyzq.com/index/Address/index',
  'accept-language' => 'en-us',
  'user-agent' => 'Mozilla/5.0 (iPhone; CPU iPhone OS 13_4_1 like Mac OS X) AppleWebKit/605.1.15 (KHTML, like Gecko) Mobile/15E148 MicroMessenger/7.0.12(0x17000c30) NetType/WIFI Language/zh_CN',
  'cookie' => 'PHPSESSID=o0e9ituiqnnl0uiut3k478dddm; UM_distinctid=1708ee7f33c4b5-037366112042c4-221c2416-4a640-1708ee7f33d47f',
  'connection' => 'keep-alive',
  'accept' => 'text/html,application/xhtml+xml,application/xml;q=0.9,*/*;q=0.8',
  'host' => 'mishop.holyzq.com',
  'content-type' => '',
  'content-length' => '',
)
[ info ] [ PARAM ] array (
)
[ info ] {"id":9,"openid":"ozw1Nwy8AFyVPnV61cLdQk0NXLT4","sex":1,"nickname":"Holyzq","city":"\u58a8\u5c14\u672c","province":"\u7ef4\u591a\u5229\u4e9a","headimgurl":"http:\/\/thirdwx.qlogo.cn\/mmopen\/vi_32\/EY0dC7dXRasmhslgTE85vs8F0QlGERyRibeBpsxficWO8iaQqR261pYqpFTgSqILoAYvIwUQwcvxYvQe3AuHrf7pA\/132","created_at":"2020-05-07 15:18:29","updated_at":null,"address_id":7}
[ info ] [ VIEW ] /var/www/mishop/application/index/view/address/create.html [ array (
) ]
---------------------------------------------------------------

[2020-06-01T21:45:56+08:00] 223.166.222.111 POST mishop.holyzq.com/index/Wechat/index?signature=0a0c9c3109c229949c0c1d84d46393bb158dfef1&timestamp=1591019156&nonce=428025048&openid=ozw1Nwy8AFyVPnV61cLdQk0NXLT4
[运行时间：0.004477s] [吞吐率：223.36req/s] [内存消耗：1,023.16kb] [文件加载：216]
[ info ] [ LANG ] /var/www/mishop/thinkphp/lang/zh-cn.php
[ info ] [ ROUTE ] array (
)
[ info ] [ HEADER ] array (
  'content-type' => 'text/xml',
  'content-length' => '325',
  'pragma' => 'no-cache',
  'host' => 'mishop.holyzq.com',
  'accept' => '*/*',
  'user-agent' => 'Mozilla/4.0',
)
[ info ] [ PARAM ] array (
  'signature' => '0a0c9c3109c229949c0c1d84d46393bb158dfef1',
  'timestamp' => '1591019156',
  'nonce' => '428025048',
  'openid' => 'ozw1Nwy8AFyVPnV61cLdQk0NXLT4',
)
---------------------------------------------------------------

[2020-06-01T21:45:56+08:00] 171.113.108.211 GET mishop.holyzq.com/
[运行时间：0.008626s] [吞吐率：115.93req/s] [内存消耗：1,199.91kb] [文件加载：193]
[ info ] [ LANG ] /var/www/mishop/thinkphp/lang/zh-cn.php
[ info ] [ ROUTE ] array (
)
[ info ] [ HEADER ] array (
  'connection' => 'keep-alive',
  'accept-encoding' => 'gzip, deflate, br',
  'accept-language' => 'en-us',
  'user-agent' => 'Mozilla/5.0 (iPhone; CPU iPhone OS 13_4_1 like Mac OS X) AppleWebKit/605.1.15 (KHTML, like Gecko) Mobile/15E148 MicroMessenger/7.0.12(0x17000c30) NetType/WIFI Language/zh_CN',
  'cookie' => 'PHPSESSID=o0e9ituiqnnl0uiut3k478dddm; UM_distinctid=1708ee7f33c4b5-037366112042c4-221c2416-4a640-1708ee7f33d47f',
  'accept' => 'text/html,application/xhtml+xml,application/xml;q=0.9,*/*;q=0.8',
  'host' => 'mishop.holyzq.com',
  'content-type' => '',
  'content-length' => '',
)
[ info ] [ PARAM ] array (
)
[ info ] {"id":9,"openid":"ozw1Nwy8AFyVPnV61cLdQk0NXLT4","sex":1,"nickname":"Holyzq","city":"\u58a8\u5c14\u672c","province":"\u7ef4\u591a\u5229\u4e9a","headimgurl":"http:\/\/thirdwx.qlogo.cn\/mmopen\/vi_32\/EY0dC7dXRasmhslgTE85vs8F0QlGERyRibeBpsxficWO8iaQqR261pYqpFTgSqILoAYvIwUQwcvxYvQe3AuHrf7pA\/132","created_at":"2020-05-07 15:18:29","updated_at":null,"address_id":7}
[ info ] [ DB ] INIT mysql
[ info ] [ VIEW ] /var/www/mishop/application/index/view/index/index.html [ array (
  0 => '_index',
  1 => 'adverts',
  2 => 'banners',
  3 => 'products',
  4 => 'total',
) ]
[ sql ] [ DB ] CONNECT:[ UseTime:0.000378s ] mysql:host=127.0.0.1;port=3306;dbname=mishop;charset=utf8
[ sql ] [ SQL ] SHOW COLUMNS FROM `advert` [ RunTime:0.000592s ]
[ sql ] [ SQL ] SELECT * FROM `advert` WHERE  `category_id` = 1 ORDER BY `sort` DESC [ RunTime:0.000313s ]
[ sql ] [ SQL ] SHOW COLUMNS FROM `photo` [ RunTime:0.000389s ]
[ sql ] [ SQL ] SELECT * FROM `photo` WHERE  `id` IN (46,45,44,43) [ RunTime:0.000229s ]
[ sql ] [ SQL ] SELECT * FROM `advert` WHERE  `category_id` = 2 ORDER BY `sort` DESC [ RunTime:0.000246s ]
[ sql ] [ SQL ] SELECT * FROM `photo` WHERE  `id` IN (49,48,47) [ RunTime:0.000216s ]
[ sql ] [ SQL ] SHOW COLUMNS FROM `product` [ RunTime:0.000431s ]
[ sql ] [ SQL ] SELECT * FROM `product` WHERE (  `is_onsale` = 1 ) AND `product`.`delete_time` IS NULL ORDER BY `sort` LIMIT 2 [ RunTime:0.000315s ]
[ sql ] [ SQL ] SELECT * FROM `photo` WHERE  `id` IN (60,36) [ RunTime:0.000194s ]
[ sql ] [ SQL ] SELECT COUNT(*) AS tp_count FROM `product` WHERE (  `is_onsale` = 1 ) AND `product`.`delete_time` IS NULL [ RunTime:0.000211s ]
---------------------------------------------------------------

[2020-06-01T21:45:59+08:00] 171.113.108.211 POST mishop.holyzq.com/index/Index/get_products
[运行时间：0.006508s] [吞吐率：153.65req/s] [内存消耗：1,145.38kb] [文件加载：191]
[ info ] [ LANG ] /var/www/mishop/thinkphp/lang/zh-cn.php
[ info ] [ ROUTE ] array (
)
[ info ] [ HEADER ] array (
  'cookie' => 'PHPSESSID=o0e9ituiqnnl0uiut3k478dddm; UM_distinctid=1708ee7f33c4b5-037366112042c4-221c2416-4a640-1708ee7f33d47f',
  'content-length' => '6',
  'referer' => 'https://mishop.holyzq.com/',
  'connection' => 'keep-alive',
  'user-agent' => 'Mozilla/5.0 (iPhone; CPU iPhone OS 13_4_1 like Mac OS X) AppleWebKit/605.1.15 (KHTML, like Gecko) Mobile/15E148 MicroMessenger/7.0.12(0x17000c30) NetType/WIFI Language/zh_CN',
  'origin' => 'https://mishop.holyzq.com',
  'content-type' => 'application/x-www-form-urlencoded; charset=UTF-8',
  'accept-encoding' => 'gzip, deflate, br',
  'accept-language' => 'en-us',
  'x-requested-with' => 'XMLHttpRequest',
  'accept' => '*/*',
  'host' => 'mishop.holyzq.com',
)
[ info ] [ PARAM ] array (
  'page' => '2',
)
[ info ] {"id":9,"openid":"ozw1Nwy8AFyVPnV61cLdQk0NXLT4","sex":1,"nickname":"Holyzq","city":"\u58a8\u5c14\u672c","province":"\u7ef4\u591a\u5229\u4e9a","headimgurl":"http:\/\/thirdwx.qlogo.cn\/mmopen\/vi_32\/EY0dC7dXRasmhslgTE85vs8F0QlGERyRibeBpsxficWO8iaQqR261pYqpFTgSqILoAYvIwUQwcvxYvQe3AuHrf7pA\/132","created_at":"2020-05-07 15:18:29","updated_at":null,"address_id":7}
[ info ] [ DB ] INIT mysql
[ sql ] [ DB ] CONNECT:[ UseTime:0.000449s ] mysql:host=127.0.0.1;port=3306;dbname=mishop;charset=utf8
[ sql ] [ SQL ] SHOW COLUMNS FROM `product` [ RunTime:0.000612s ]
[ sql ] [ SQL ] SELECT * FROM `product` WHERE (  `is_onsale` = 1 ) AND `product`.`delete_time` IS NULL ORDER BY `sort` LIMIT 2,2 [ RunTime:0.000401s ]
[ sql ] [ SQL ] SHOW COLUMNS FROM `photo` [ RunTime:0.000364s ]
[ sql ] [ SQL ] SELECT * FROM `photo` WHERE  `id` IN (53,56) [ RunTime:0.000217s ]
---------------------------------------------------------------

[2020-06-01T21:45:59+08:00] 171.113.108.211 GET mishop.holyzq.com/index/Category/index
[运行时间：0.005903s] [吞吐率：169.41req/s] [内存消耗：962.07kb] [文件加载：139]
[ info ] [ LANG ] /var/www/mishop/thinkphp/lang/zh-cn.php
[ info ] [ ROUTE ] array (
)
[ info ] [ HEADER ] array (
  'accept-encoding' => 'gzip, deflate, br',
  'referer' => 'https://mishop.holyzq.com/',
  'accept-language' => 'en-us',
  'user-agent' => 'Mozilla/5.0 (iPhone; CPU iPhone OS 13_4_1 like Mac OS X) AppleWebKit/605.1.15 (KHTML, like Gecko) Mobile/15E148 MicroMessenger/7.0.12(0x17000c30) NetType/WIFI Language/zh_CN',
  'cookie' => 'PHPSESSID=o0e9ituiqnnl0uiut3k478dddm; UM_distinctid=1708ee7f33c4b5-037366112042c4-221c2416-4a640-1708ee7f33d47f',
  'connection' => 'keep-alive',
  'accept' => 'text/html,application/xhtml+xml,application/xml;q=0.9,*/*;q=0.8',
  'host' => 'mishop.holyzq.com',
  'content-type' => '',
  'content-length' => '',
)
[ info ] [ PARAM ] array (
)
[ info ] [ DB ] INIT mysql
[ info ] [ VIEW ] /var/www/mishop/application/index/view/category/index.html [ array (
  0 => '_category',
  1 => 'categories',
) ]
[ sql ] [ DB ] CONNECT:[ UseTime:0.000389s ] mysql:host=127.0.0.1;port=3306;dbname=mishop;charset=utf8
[ sql ] [ SQL ] SHOW COLUMNS FROM `category` [ RunTime:0.000618s ]
[ sql ] [ SQL ] SELECT * FROM `category` WHERE  `parent_id` = 0 ORDER BY `sort` [ RunTime:0.000292s ]
[ sql ] [ SQL ] SELECT * FROM `category` WHERE  `parent_id` IN (1,5) ORDER BY `sort` [ RunTime:0.000277s ]
[ sql ] [ SQL ] SHOW COLUMNS FROM `photo` [ RunTime:0.000369s ]
[ sql ] [ SQL ] SELECT * FROM `photo` WHERE  `id` IN (3,9,2,10,8,11) [ RunTime:0.000240s ]
---------------------------------------------------------------

[2020-06-01T21:46:00+08:00] 171.113.108.211 GET mishop.holyzq.com/index/Category/product?category_id=7
[运行时间：0.006241s] [吞吐率：160.23req/s] [内存消耗：959.98kb] [文件加载：141]
[ info ] [ LANG ] /var/www/mishop/thinkphp/lang/zh-cn.php
[ info ] [ ROUTE ] array (
)
[ info ] [ HEADER ] array (
  'accept-encoding' => 'gzip, deflate, br',
  'referer' => 'https://mishop.holyzq.com/index/Category/index',
  'accept-language' => 'en-us',
  'user-agent' => 'Mozilla/5.0 (iPhone; CPU iPhone OS 13_4_1 like Mac OS X) AppleWebKit/605.1.15 (KHTML, like Gecko) Mobile/15E148 MicroMessenger/7.0.12(0x17000c30) NetType/WIFI Language/zh_CN',
  'cookie' => 'PHPSESSID=o0e9ituiqnnl0uiut3k478dddm; UM_distinctid=1708ee7f33c4b5-037366112042c4-221c2416-4a640-1708ee7f33d47f',
  'connection' => 'keep-alive',
  'accept' => 'text/html,application/xhtml+xml,application/xml;q=0.9,*/*;q=0.8',
  'host' => 'mishop.holyzq.com',
  'content-type' => '',
  'content-length' => '',
)
[ info ] [ PARAM ] array (
  'category_id' => '7',
)
[ info ] [ DB ] INIT mysql
[ info ] [ VIEW ] /var/www/mishop/application/index/view/category/product.html [ array (
  0 => '_category',
  1 => 'products',
) ]
[ sql ] [ DB ] CONNECT:[ UseTime:0.000391s ] mysql:host=127.0.0.1;port=3306;dbname=mishop;charset=utf8
[ sql ] [ SQL ] SHOW COLUMNS FROM `product` [ RunTime:0.000650s ]
[ sql ] [ SQL ] SHOW COLUMNS FROM `product_category` [ RunTime:0.000452s ]
[ sql ] [ SQL ] SELECT * FROM `product_category` WHERE  `category_id` = 7 [ RunTime:0.000241s ]
[ sql ] [ SQL ] SELECT * FROM `product` WHERE (  (  `id` = 6 ) ) AND `product`.`delete_time` IS NULL ORDER BY `is_top` DESC,`created_at` [ RunTime:0.000302s ]
[ sql ] [ SQL ] SHOW COLUMNS FROM `photo` [ RunTime:0.000416s ]
[ sql ] [ SQL ] SELECT * FROM `photo` WHERE  `id` = 53 [ RunTime:0.000174s ]
---------------------------------------------------------------

[2020-06-01T21:46:01+08:00] 171.113.108.211 GET mishop.holyzq.com/index/Index/show/id/6
[运行时间：0.007826s] [吞吐率：127.78req/s] [内存消耗：1,197.62kb] [文件加载：194]
[ info ] [ LANG ] /var/www/mishop/thinkphp/lang/zh-cn.php
[ info ] [ ROUTE ] array (
)
[ info ] [ HEADER ] array (
  'accept-encoding' => 'gzip, deflate, br',
  'referer' => 'https://mishop.holyzq.com/index/Category/product?category_id=7',
  'accept-language' => 'en-us',
  'user-agent' => 'Mozilla/5.0 (iPhone; CPU iPhone OS 13_4_1 like Mac OS X) AppleWebKit/605.1.15 (KHTML, like Gecko) Mobile/15E148 MicroMessenger/7.0.12(0x17000c30) NetType/WIFI Language/zh_CN',
  'cookie' => 'PHPSESSID=o0e9ituiqnnl0uiut3k478dddm; UM_distinctid=1708ee7f33c4b5-037366112042c4-221c2416-4a640-1708ee7f33d47f',
  'connection' => 'keep-alive',
  'accept' => 'text/html,application/xhtml+xml,application/xml;q=0.9,*/*;q=0.8',
  'host' => 'mishop.holyzq.com',
  'content-type' => '',
  'content-length' => '',
)
[ info ] [ PARAM ] array (
  'id' => '6',
)
[ info ] {"id":9,"openid":"ozw1Nwy8AFyVPnV61cLdQk0NXLT4","sex":1,"nickname":"Holyzq","city":"\u58a8\u5c14\u672c","province":"\u7ef4\u591a\u5229\u4e9a","headimgurl":"http:\/\/thirdwx.qlogo.cn\/mmopen\/vi_32\/EY0dC7dXRasmhslgTE85vs8F0QlGERyRibeBpsxficWO8iaQqR261pYqpFTgSqILoAYvIwUQwcvxYvQe3AuHrf7pA\/132","created_at":"2020-05-07 15:18:29","updated_at":null,"address_id":7}
[ info ] [ DB ] INIT mysql
[ info ] [ VIEW ] /var/www/mishop/application/index/view/index/show.html [ array (
  0 => '_index',
  1 => 'product',
  2 => 'recommends',
) ]
[ sql ] [ DB ] CONNECT:[ UseTime:0.000484s ] mysql:host=127.0.0.1;port=3306;dbname=mishop;charset=utf8
[ sql ] [ SQL ] SHOW COLUMNS FROM `product` [ RunTime:0.000604s ]
[ sql ] [ SQL ] SELECT * FROM `product` WHERE (  `id` = 6 ) AND `product`.`delete_time` IS NULL LIMIT 1 [ RunTime:0.000379s ]
[ sql ] [ SQL ] SHOW COLUMNS FROM `gallery` [ RunTime:0.000420s ]
[ sql ] [ SQL ] SELECT * FROM `gallery` WHERE  `product_id` = 6 [ RunTime:0.000201s ]
[ sql ] [ SQL ] SELECT * FROM `product` WHERE (  `is_recommend` = 1  AND `id` <> 6 ) AND `product`.`delete_time` IS NULL ORDER BY `is_top` DESC [ RunTime:0.000358s ]
[ sql ] [ SQL ] SHOW COLUMNS FROM `photo` [ RunTime:0.000351s ]
[ sql ] [ SQL ] SELECT * FROM `photo` WHERE  `id` IN (60,36,56,58) [ RunTime:0.000204s ]
---------------------------------------------------------------

[2020-06-01T21:46:22+08:00] 171.113.108.211 GET mishop.holyzq.com/
[运行时间：0.009287s] [吞吐率：107.68req/s] [内存消耗：1,199.95kb] [文件加载：193]
[ info ] [ LANG ] /var/www/mishop/thinkphp/lang/zh-cn.php
[ info ] [ ROUTE ] array (
)
[ info ] [ HEADER ] array (
  'accept-encoding' => 'gzip, deflate, br',
  'referer' => 'https://mishop.holyzq.com/index/Index/show/id/6',
  'accept-language' => 'en-us',
  'user-agent' => 'Mozilla/5.0 (iPhone; CPU iPhone OS 13_4_1 like Mac OS X) AppleWebKit/605.1.15 (KHTML, like Gecko) Mobile/15E148 MicroMessenger/7.0.12(0x17000c30) NetType/WIFI Language/zh_CN',
  'cookie' => 'PHPSESSID=o0e9ituiqnnl0uiut3k478dddm; UM_distinctid=1708ee7f33c4b5-037366112042c4-221c2416-4a640-1708ee7f33d47f',
  'connection' => 'keep-alive',
  'accept' => 'text/html,application/xhtml+xml,application/xml;q=0.9,*/*;q=0.8',
  'host' => 'mishop.holyzq.com',
  'content-type' => '',
  'content-length' => '',
)
[ info ] [ PARAM ] array (
)
[ info ] {"id":9,"openid":"ozw1Nwy8AFyVPnV61cLdQk0NXLT4","sex":1,"nickname":"Holyzq","city":"\u58a8\u5c14\u672c","province":"\u7ef4\u591a\u5229\u4e9a","headimgurl":"http:\/\/thirdwx.qlogo.cn\/mmopen\/vi_32\/EY0dC7dXRasmhslgTE85vs8F0QlGERyRibeBpsxficWO8iaQqR261pYqpFTgSqILoAYvIwUQwcvxYvQe3AuHrf7pA\/132","created_at":"2020-05-07 15:18:29","updated_at":null,"address_id":7}
[ info ] [ DB ] INIT mysql
[ info ] [ VIEW ] /var/www/mishop/application/index/view/index/index.html [ array (
  0 => '_index',
  1 => 'adverts',
  2 => 'banners',
  3 => 'products',
  4 => 'total',
) ]
[ sql ] [ DB ] CONNECT:[ UseTime:0.000439s ] mysql:host=127.0.0.1;port=3306;dbname=mishop;charset=utf8
[ sql ] [ SQL ] SHOW COLUMNS FROM `advert` [ RunTime:0.000568s ]
[ sql ] [ SQL ] SELECT * FROM `advert` WHERE  `category_id` = 1 ORDER BY `sort` DESC [ RunTime:0.000443s ]
[ sql ] [ SQL ] SHOW COLUMNS FROM `photo` [ RunTime:0.000414s ]
[ sql ] [ SQL ] SELECT * FROM `photo` WHERE  `id` IN (46,45,44,43) [ RunTime:0.000236s ]
[ sql ] [ SQL ] SELECT * FROM `advert` WHERE  `category_id` = 2 ORDER BY `sort` DESC [ RunTime:0.000243s ]
[ sql ] [ SQL ] SELECT * FROM `photo` WHERE  `id` IN (49,48,47) [ RunTime:0.000213s ]
[ sql ] [ SQL ] SHOW COLUMNS FROM `product` [ RunTime:0.000431s ]
[ sql ] [ SQL ] SELECT * FROM `product` WHERE (  `is_onsale` = 1 ) AND `product`.`delete_time` IS NULL ORDER BY `sort` LIMIT 2 [ RunTime:0.000324s ]
[ sql ] [ SQL ] SELECT * FROM `photo` WHERE  `id` IN (60,36) [ RunTime:0.000195s ]
[ sql ] [ SQL ] SELECT COUNT(*) AS tp_count FROM `product` WHERE (  `is_onsale` = 1 ) AND `product`.`delete_time` IS NULL [ RunTime:0.000214s ]
---------------------------------------------------------------

[2020-06-01T21:46:23+08:00] 171.113.108.211 POST mishop.holyzq.com/index/Index/get_products
[运行时间：0.005978s] [吞吐率：167.28req/s] [内存消耗：1,145.43kb] [文件加载：191]
[ info ] [ LANG ] /var/www/mishop/thinkphp/lang/zh-cn.php
[ info ] [ ROUTE ] array (
)
[ info ] [ HEADER ] array (
  'cookie' => 'PHPSESSID=o0e9ituiqnnl0uiut3k478dddm; UM_distinctid=1708ee7f33c4b5-037366112042c4-221c2416-4a640-1708ee7f33d47f',
  'content-length' => '6',
  'referer' => 'https://mishop.holyzq.com/',
  'connection' => 'keep-alive',
  'user-agent' => 'Mozilla/5.0 (iPhone; CPU iPhone OS 13_4_1 like Mac OS X) AppleWebKit/605.1.15 (KHTML, like Gecko) Mobile/15E148 MicroMessenger/7.0.12(0x17000c30) NetType/WIFI Language/zh_CN',
  'origin' => 'https://mishop.holyzq.com',
  'content-type' => 'application/x-www-form-urlencoded; charset=UTF-8',
  'accept-encoding' => 'gzip, deflate, br',
  'accept-language' => 'en-us',
  'x-requested-with' => 'XMLHttpRequest',
  'accept' => '*/*',
  'host' => 'mishop.holyzq.com',
)
[ info ] [ PARAM ] array (
  'page' => '2',
)
[ info ] {"id":9,"openid":"ozw1Nwy8AFyVPnV61cLdQk0NXLT4","sex":1,"nickname":"Holyzq","city":"\u58a8\u5c14\u672c","province":"\u7ef4\u591a\u5229\u4e9a","headimgurl":"http:\/\/thirdwx.qlogo.cn\/mmopen\/vi_32\/EY0dC7dXRasmhslgTE85vs8F0QlGERyRibeBpsxficWO8iaQqR261pYqpFTgSqILoAYvIwUQwcvxYvQe3AuHrf7pA\/132","created_at":"2020-05-07 15:18:29","updated_at":null,"address_id":7}
[ info ] [ DB ] INIT mysql
[ sql ] [ DB ] CONNECT:[ UseTime:0.000387s ] mysql:host=127.0.0.1;port=3306;dbname=mishop;charset=utf8
[ sql ] [ SQL ] SHOW COLUMNS FROM `product` [ RunTime:0.000661s ]
[ sql ] [ SQL ] SELECT * FROM `product` WHERE (  `is_onsale` = 1 ) AND `product`.`delete_time` IS NULL ORDER BY `sort` LIMIT 2,2 [ RunTime:0.000392s ]
[ sql ] [ SQL ] SHOW COLUMNS FROM `photo` [ RunTime:0.000376s ]
[ sql ] [ SQL ] SELECT * FROM `photo` WHERE  `id` IN (53,56) [ RunTime:0.000207s ]
---------------------------------------------------------------

[2020-06-01T21:46:24+08:00] 171.113.108.211 GET mishop.holyzq.com/index/Index/show/id/1
[运行时间：0.007670s] [吞吐率：130.38req/s] [内存消耗：1,197.13kb] [文件加载：194]
[ info ] [ LANG ] /var/www/mishop/thinkphp/lang/zh-cn.php
[ info ] [ ROUTE ] array (
)
[ info ] [ HEADER ] array (
  'accept-encoding' => 'gzip, deflate, br',
  'referer' => 'https://mishop.holyzq.com/',
  'accept-language' => 'en-us',
  'user-agent' => 'Mozilla/5.0 (iPhone; CPU iPhone OS 13_4_1 like Mac OS X) AppleWebKit/605.1.15 (KHTML, like Gecko) Mobile/15E148 MicroMessenger/7.0.12(0x17000c30) NetType/WIFI Language/zh_CN',
  'cookie' => 'PHPSESSID=o0e9ituiqnnl0uiut3k478dddm; UM_distinctid=1708ee7f33c4b5-037366112042c4-221c2416-4a640-1708ee7f33d47f',
  'connection' => 'keep-alive',
  'accept' => 'text/html,application/xhtml+xml,application/xml;q=0.9,*/*;q=0.8',
  'host' => 'mishop.holyzq.com',
  'content-type' => '',
  'content-length' => '',
)
[ info ] [ PARAM ] array (
  'id' => '1',
)
[ info ] {"id":9,"openid":"ozw1Nwy8AFyVPnV61cLdQk0NXLT4","sex":1,"nickname":"Holyzq","city":"\u58a8\u5c14\u672c","province":"\u7ef4\u591a\u5229\u4e9a","headimgurl":"http:\/\/thirdwx.qlogo.cn\/mmopen\/vi_32\/EY0dC7dXRasmhslgTE85vs8F0QlGERyRibeBpsxficWO8iaQqR261pYqpFTgSqILoAYvIwUQwcvxYvQe3AuHrf7pA\/132","created_at":"2020-05-07 15:18:29","updated_at":null,"address_id":7}
[ info ] [ DB ] INIT mysql
[ info ] [ VIEW ] /var/www/mishop/application/index/view/index/show.html [ array (
  0 => '_index',
  1 => 'product',
  2 => 'recommends',
) ]
[ sql ] [ DB ] CONNECT:[ UseTime:0.000390s ] mysql:host=127.0.0.1;port=3306;dbname=mishop;charset=utf8
[ sql ] [ SQL ] SHOW COLUMNS FROM `product` [ RunTime:0.000621s ]
[ sql ] [ SQL ] SELECT * FROM `product` WHERE (  `id` = 1 ) AND `product`.`delete_time` IS NULL LIMIT 1 [ RunTime:0.000357s ]
[ sql ] [ SQL ] SHOW COLUMNS FROM `gallery` [ RunTime:0.000366s ]
[ sql ] [ SQL ] SELECT * FROM `gallery` WHERE  `product_id` = 1 [ RunTime:0.000235s ]
[ sql ] [ SQL ] SELECT * FROM `product` WHERE (  `is_recommend` = 1  AND `id` <> 1 ) AND `product`.`delete_time` IS NULL ORDER BY `is_top` DESC [ RunTime:0.000335s ]
[ sql ] [ SQL ] SHOW COLUMNS FROM `photo` [ RunTime:0.000360s ]
[ sql ] [ SQL ] SELECT * FROM `photo` WHERE  `id` IN (36,53,56,58) [ RunTime:0.000203s ]
---------------------------------------------------------------

[2020-06-01T21:46:33+08:00] 171.113.108.211 GET mishop.holyzq.com/index/Cart/index
[运行时间：0.007511s] [吞吐率：133.14req/s] [内存消耗：1,167.87kb] [文件加载：193]
[ info ] [ LANG ] /var/www/mishop/thinkphp/lang/zh-cn.php
[ info ] [ ROUTE ] array (
)
[ info ] [ HEADER ] array (
  'accept-encoding' => 'gzip, deflate, br',
  'referer' => 'https://mishop.holyzq.com/index/Index/show/id/1',
  'accept-language' => 'en-us',
  'user-agent' => 'Mozilla/5.0 (iPhone; CPU iPhone OS 13_4_1 like Mac OS X) AppleWebKit/605.1.15 (KHTML, like Gecko) Mobile/15E148 MicroMessenger/7.0.12(0x17000c30) NetType/WIFI Language/zh_CN',
  'cookie' => 'PHPSESSID=o0e9ituiqnnl0uiut3k478dddm; UM_distinctid=1708ee7f33c4b5-037366112042c4-221c2416-4a640-1708ee7f33d47f',
  'connection' => 'keep-alive',
  'accept' => 'text/html,application/xhtml+xml,application/xml;q=0.9,*/*;q=0.8',
  'host' => 'mishop.holyzq.com',
  'content-type' => '',
  'content-length' => '',
)
[ info ] [ PARAM ] array (
)
[ info ] {"id":9,"openid":"ozw1Nwy8AFyVPnV61cLdQk0NXLT4","sex":1,"nickname":"Holyzq","city":"\u58a8\u5c14\u672c","province":"\u7ef4\u591a\u5229\u4e9a","headimgurl":"http:\/\/thirdwx.qlogo.cn\/mmopen\/vi_32\/EY0dC7dXRasmhslgTE85vs8F0QlGERyRibeBpsxficWO8iaQqR261pYqpFTgSqILoAYvIwUQwcvxYvQe3AuHrf7pA\/132","created_at":"2020-05-07 15:18:29","updated_at":null,"address_id":7}
[ info ] [ DB ] INIT mysql
[ info ] [ VIEW ] /var/www/mishop/application/index/view/cart/index.html [ array (
  0 => 'carts',
  1 => 'count',
) ]
[ sql ] [ DB ] CONNECT:[ UseTime:0.000416s ] mysql:host=127.0.0.1;port=3306;dbname=mishop;charset=utf8
[ sql ] [ SQL ] SHOW COLUMNS FROM `cart` [ RunTime:0.000592s ]
[ sql ] [ SQL ] SELECT * FROM `cart` WHERE  `customer_id` = 9 [ RunTime:0.000256s ]
[ sql ] [ SQL ] SHOW COLUMNS FROM `product` [ RunTime:0.000460s ]
[ sql ] [ SQL ] SELECT * FROM `product` WHERE (  `id` = 8 ) AND `product`.`delete_time` IS NULL [ RunTime:0.000287s ]
[ sql ] [ SQL ] SHOW COLUMNS FROM `photo` [ RunTime:0.000426s ]
[ sql ] [ SQL ] SELECT * FROM `photo` WHERE  `id` = 58 [ RunTime:0.000171s ]
---------------------------------------------------------------

[2020-06-01T21:46:37+08:00] 171.113.108.211 GET mishop.holyzq.com/index/Order/checkout
[运行时间：0.008378s] [吞吐率：119.36req/s] [内存消耗：1,190.62kb] [文件加载：194]
[ info ] [ LANG ] /var/www/mishop/thinkphp/lang/zh-cn.php
[ info ] [ ROUTE ] array (
)
[ info ] [ HEADER ] array (
  'accept-encoding' => 'gzip, deflate, br',
  'referer' => 'https://mishop.holyzq.com/index/Cart/index',
  'accept-language' => 'en-us',
  'user-agent' => 'Mozilla/5.0 (iPhone; CPU iPhone OS 13_4_1 like Mac OS X) AppleWebKit/605.1.15 (KHTML, like Gecko) Mobile/15E148 MicroMessenger/7.0.12(0x17000c30) NetType/WIFI Language/zh_CN',
  'cookie' => 'PHPSESSID=o0e9ituiqnnl0uiut3k478dddm; UM_distinctid=1708ee7f33c4b5-037366112042c4-221c2416-4a640-1708ee7f33d47f',
  'connection' => 'keep-alive',
  'accept' => 'text/html,application/xhtml+xml,application/xml;q=0.9,*/*;q=0.8',
  'host' => 'mishop.holyzq.com',
  'content-type' => '',
  'content-length' => '',
)
[ info ] [ PARAM ] array (
)
[ info ] {"id":9,"openid":"ozw1Nwy8AFyVPnV61cLdQk0NXLT4","sex":1,"nickname":"Holyzq","city":"\u58a8\u5c14\u672c","province":"\u7ef4\u591a\u5229\u4e9a","headimgurl":"http:\/\/thirdwx.qlogo.cn\/mmopen\/vi_32\/EY0dC7dXRasmhslgTE85vs8F0QlGERyRibeBpsxficWO8iaQqR261pYqpFTgSqILoAYvIwUQwcvxYvQe3AuHrf7pA\/132","created_at":"2020-05-07 15:18:29","updated_at":null,"address_id":7}
[ info ] [ DB ] INIT mysql
[ info ] [ VIEW ] /var/www/mishop/application/index/view/order/checkout.html [ array (
  0 => 'carts',
  1 => 'count',
  2 => 'address',
) ]
[ sql ] [ DB ] CONNECT:[ UseTime:0.000383s ] mysql:host=127.0.0.1;port=3306;dbname=mishop;charset=utf8
[ sql ] [ SQL ] SHOW COLUMNS FROM `cart` [ RunTime:0.000560s ]
[ sql ] [ SQL ] SELECT * FROM `cart` WHERE  `customer_id` = 9 [ RunTime:0.000254s ]
[ sql ] [ SQL ] SHOW COLUMNS FROM `product` [ RunTime:0.000481s ]
[ sql ] [ SQL ] SELECT * FROM `product` WHERE (  `id` = 8 ) AND `product`.`delete_time` IS NULL [ RunTime:0.000287s ]
[ sql ] [ SQL ] SHOW COLUMNS FROM `address` [ RunTime:0.000411s ]
[ sql ] [ SQL ] SELECT * FROM `address` WHERE  `id` = 7 LIMIT 1 [ RunTime:0.000197s ]
[ sql ] [ SQL ] SHOW COLUMNS FROM `photo` [ RunTime:0.000383s ]
[ sql ] [ SQL ] SELECT * FROM `photo` WHERE  `id` = 58 LIMIT 1 [ RunTime:0.000171s ]
---------------------------------------------------------------

[2020-06-01T23:05:15+08:00] 101.132.109.128 GET mishop.holyzq.com/
[运行时间：0.004276s] [吞吐率：233.86req/s] [内存消耗：861.63kb] [文件加载：188]
[ info ] [ LANG ] /var/www/mishop/thinkphp/lang/zh-cn.php
[ info ] [ ROUTE ] array (
)
[ info ] [ HEADER ] array (
  'accept-encoding' => 'gzip',
  'connection' => 'Keep-Alive',
  'host' => 'mishop.holyzq.com',
  'user-agent' => 'Mozilla/5.0 chrome(windows nt/Windows NT;)Chrome',
  'content-type' => '',
  'content-length' => '',
)
[ info ] [ PARAM ] array (
)
[ info ] null
