---------------------------------------------------------------

[2020-11-08T02:02:42+08:00] 80.82.68.113 GET 101.132.45.200/
[运行时间：0.004250s] [吞吐率：235.29req/s] [内存消耗：861.60kb] [文件加载：188]
[ info ] [ LANG ] /var/www/mishop/thinkphp/lang/zh-cn.php
[ info ] [ ROUTE ] array (
)
[ info ] [ HEADER ] array (
  'accept-language' => 'en',
  'user-agent' => 'Mozilla/5.0 (X11; Linux x86_64) AppleWebKit/537.36 (KHTML, like Gecko) Chrome/72.0.3626.121 Safari/537.36',
  'accept' => '*/*',
  'host' => '101.132.45.200',
  'content-type' => '',
  'content-length' => '',
)
[ info ] [ PARAM ] array (
)
[ info ] null
---------------------------------------------------------------

[2020-11-08T02:51:32+08:00] 192.241.237.30 GET 101.132.45.200/
[运行时间：0.004650s] [吞吐率：215.06req/s] [内存消耗：861.39kb] [文件加载：188]
[ info ] [ LANG ] /var/www/mishop/thinkphp/lang/zh-cn.php
[ info ] [ ROUTE ] array (
)
[ info ] [ HEADER ] array (
  'accept-encoding' => 'gzip',
  'accept' => '*/*',
  'user-agent' => 'Mozilla/5.0 zgrab/0.x',
  'host' => '101.132.45.200',
  'content-type' => '',
  'content-length' => '',
)
[ info ] [ PARAM ] array (
)
[ info ] null
---------------------------------------------------------------

[2020-11-08T03:41:17+08:00] 192.241.229.140 GET 101.132.45.200/owa/auth/logon.aspx?url=https%3a%2f%2f1%2fecp%2f
[运行时间：0.003232s] [吞吐率：309.41req/s] [内存消耗：522.79kb] [文件加载：109]
[ info ] [ LANG ] /var/www/mishop/thinkphp/lang/zh-cn.php
---------------------------------------------------------------

[2020-11-08T05:24:19+08:00] 123.16.63.235 GET 101.132.45.200/currentsetting.htm
[运行时间：0.002998s] [吞吐率：333.54req/s] [内存消耗：522.79kb] [文件加载：109]
[ info ] [ LANG ] /var/www/mishop/thinkphp/lang/zh-cn.php
---------------------------------------------------------------

[2020-11-08T07:42:54+08:00] 122.228.19.79 GET 101.132.45.200:443/
[运行时间：0.004279s] [吞吐率：233.71req/s] [内存消耗：861.66kb] [文件加载：188]
[ info ] [ LANG ] /var/www/mishop/thinkphp/lang/zh-cn.php
[ info ] [ ROUTE ] array (
)
[ info ] [ HEADER ] array (
  'connection' => 'keep-alive',
  'accept' => '*/*',
  'user-agent' => 'Mozilla/5.0 (Macintosh; Intel Mac OS X 10.11; rv:47.0) Gecko/20100101 Firefox/47.0',
  'host' => '101.132.45.200:443',
  'content-type' => '',
  'content-length' => '',
)
[ info ] [ PARAM ] array (
)
[ info ] null
---------------------------------------------------------------

[2020-11-08T07:42:54+08:00] 122.228.19.79 GET 101.132.45.200:443/
[运行时间：0.003327s] [吞吐率：300.56req/s] [内存消耗：862.29kb] [文件加载：188]
[ info ] [ LANG ] /var/www/mishop/thinkphp/lang/zh-cn.php
[ info ] [ ROUTE ] array (
)
[ info ] [ HEADER ] array (
  'connection' => 'close',
  'accept-encoding' => 'gzip',
  'accept' => '*/*',
  'user-agent' => 'Mozilla/5.0 (Windows NT 6.1; WOW64) AppleWebKit/537.36 (KHTML, like Gecko) Chrome/63.0.3239.132 Safari/537.36 QIHU 360SE',
  'host' => '101.132.45.200:443',
  'content-type' => '',
  'content-length' => '',
)
[ info ] [ PARAM ] array (
)
[ info ] null
---------------------------------------------------------------

[2020-11-08T07:53:04+08:00] 128.14.134.134 GET 101.132.45.200/
[运行时间：0.004474s] [吞吐率：223.52req/s] [内存消耗：861.73kb] [文件加载：188]
[ info ] [ LANG ] /var/www/mishop/thinkphp/lang/zh-cn.php
[ info ] [ ROUTE ] array (
)
[ info ] [ HEADER ] array (
  'accept-encoding' => 'gzip',
  'accept' => '*/*',
  'user-agent' => 'Mozilla/5.0 (Windows NT 10.0; Win64; x64) AppleWebKit/537.36 (KHTML, like Gecko) Chrome/60.0.3112.113 Safari/537.36',
  'host' => '101.132.45.200',
  'content-type' => '',
  'content-length' => '',
)
[ info ] [ PARAM ] array (
)
[ info ] null
---------------------------------------------------------------

[2020-11-08T08:48:07+08:00] 184.105.247.196 GET 101.132.45.200/
[运行时间：0.004583s] [吞吐率：218.20req/s] [内存消耗：859.82kb] [文件加载：188]
[ info ] [ LANG ] /var/www/mishop/thinkphp/lang/zh-cn.php
[ info ] [ ROUTE ] array (
)
[ info ] [ HEADER ] array (
  'host' => '101.132.45.200',
  'content-type' => '',
  'content-length' => '',
)
[ info ] [ PARAM ] array (
)
[ info ] null
---------------------------------------------------------------

[2020-11-08T09:33:03+08:00] 195.37.190.77 GET 101.132.45.200/dns-query?dns=AAABAAABAAAAAAAAA3d3dwdleGFtcGxlA2NvbQAAAQAB
[运行时间：0.003001s] [吞吐率：333.23req/s] [内存消耗：522.78kb] [文件加载：109]
[ info ] [ LANG ] /var/www/mishop/thinkphp/lang/zh-cn.php
---------------------------------------------------------------

[2020-11-08T09:33:06+08:00] 195.37.190.77 POST 101.132.45.200/dns-query
[运行时间：0.003085s] [吞吐率：324.16req/s] [内存消耗：521.64kb] [文件加载：109]
[ info ] [ LANG ] /var/www/mishop/thinkphp/lang/zh-cn.php
---------------------------------------------------------------

[2020-11-08T09:51:04+08:00] 47.101.197.31 GET mishop.holyzq.com/
[运行时间：0.004956s] [吞吐率：201.78req/s] [内存消耗：861.63kb] [文件加载：188]
[ info ] [ LANG ] /var/www/mishop/thinkphp/lang/zh-cn.php
[ info ] [ ROUTE ] array (
)
[ info ] [ HEADER ] array (
  'accept-encoding' => 'gzip',
  'connection' => 'Keep-Alive',
  'host' => 'mishop.holyzq.com',
  'user-agent' => 'Mozilla/5.0 (X11; Ubuntu; Linux x86_64; rv:36.0) Gecko/20100101 Firefox/36.0',
  'content-type' => '',
  'content-length' => '',
)
[ info ] [ PARAM ] array (
)
[ info ] null
---------------------------------------------------------------

[2020-11-08T10:27:32+08:00] 24.107.135.113 POST 101.132.45.200/
[运行时间：0.005112s] [吞吐率：195.62req/s] [内存消耗：863.75kb] [文件加载：188]
[ info ] [ LANG ] /var/www/mishop/thinkphp/lang/zh-cn.php
[ info ] [ ROUTE ] array (
)
[ info ] [ HEADER ] array (
  'cache-control' => 'no-cache',
  'content-length' => '436',
  'host' => '101.132.45.200',
  'user-agent' => 'Mozilla/4.0 (compatible; MSIE 7.0; Windows NT 6.1; WOW64; Trident/7.0; SLCC2; .NET CLR 2.0.50727; .NET CLR 3.5.30729; .NET CLR 3.0.30729; Media Center PC 6.0; .NET4.0C; .NET4.0E)',
  'content-type' => 'application/x-www-form-urlencoded',
)
[ info ] [ PARAM ] array (
  'Q/QMxNnLMPcN6HeEIIrWCI2zcFumBL4lDN2t9vaN29G5wvIOF0B7EzGK89IqOXPDLTb7hOLli7Lt1AwnsNCPRqPPUfdn8jvwwv9s7TDCF7hfKvSZWruc2Ko/9ENkxfSzJxtsWjft/nKnpEsRwlqDLmT3neaYkXA63zK854DKZhPgy4xcZ8jHtdi/l1Sy4icCLapubv5E5RgvtESQyeizo0uM7Rh/zA0ecTa_TZb33q64xTsHrKE4TColk1iukq6OayJ2m7uZqLHHWRAsF_WBa3RIwQJ0EM90JrkaTO4dhcC0jeUpunmnT8TjrF6v_Q_COA9iH1I23cnqxT1VquBuHUfXM9VH0pjhK1//o4jAw0QxR4Z3UMrZblleuNXvns7LeX7PD5IeDH1dLadzOT5a0Wryg3QcKHE1dkOGpnICB51kW0SWHQ' => '=',
)
[ info ] null
---------------------------------------------------------------

[2020-11-08T10:29:35+08:00] 24.107.135.113 POST 101.132.45.200/
[运行时间：0.004823s] [吞吐率：207.34req/s] [内存消耗：864.38kb] [文件加载：188]
[ info ] [ LANG ] /var/www/mishop/thinkphp/lang/zh-cn.php
[ info ] [ ROUTE ] array (
)
[ info ] [ HEADER ] array (
  'cookie' => 'PHPSESSID=geamv1rt98psfu7ktnq1blh6kc',
  'cache-control' => 'no-cache',
  'content-length' => '440',
  'host' => '101.132.45.200',
  'user-agent' => 'Mozilla/4.0 (compatible; MSIE 7.0; Windows NT 6.1; WOW64; Trident/7.0; SLCC2; .NET CLR 2.0.50727; .NET CLR 3.5.30729; .NET CLR 3.0.30729; Media Center PC 6.0; .NET4.0C; .NET4.0E)',
  'content-type' => 'application/x-www-form-urlencoded',
)
[ info ] [ PARAM ] array (
  'RKAIko/MMaCE3ofq9Z7QEWkpLgVxwwEccDg8Q8Imglz_9rvZh6VzuUoAuZOR6XOHPFcXXE8Tt8tXE8Knz_SB_4cuzqH1o/8oyWtfwkhtnS0pGRUYo7Svgixv74o2m7Vqaxs4dX4RdqAqGsygV9APHn_5GvQttwQBDEqA/NVd_zdfjFFvLh5ro/1bAgANqQyFEoVji9AUB7L/pQVZzoWP1LLnHWqkaUF7EA71hXa2RDNEvYnBYluIs8PcExg4WJsUBmg7NRrTNQJaRZhKZ3Fa6vIHnf5ptakW6bzcsYENOvxKzBVP9Ph4T0kYxHVnm5OlHL_CId62oXjCIhzEMq6ERNZkKJQfTgFgUJkct7WGgmdEm07eFKtIt0YcNoeP__4cOKUfu8nRivUt3UKII8uizIjRTsWwq28C40iBJwLW1VUtIO_Hfv1kcH4' => '',
)
[ info ] null
---------------------------------------------------------------

[2020-11-08T10:31:37+08:00] 24.107.135.113 POST 101.132.45.200/
[运行时间：0.004700s] [吞吐率：212.77req/s] [内存消耗：863.56kb] [文件加载：188]
[ info ] [ LANG ] /var/www/mishop/thinkphp/lang/zh-cn.php
[ info ] [ ROUTE ] array (
)
[ info ] [ HEADER ] array (
  'cookie' => 'PHPSESSID=geamv1rt98psfu7ktnq1blh6kc',
  'cache-control' => 'no-cache',
  'content-length' => '376',
  'host' => '101.132.45.200',
  'user-agent' => 'Mozilla/5.0 (Windows NT 6.1; WOW64; Trident/7.0; rv:11.0) like Gecko',
  'content-type' => 'application/x-www-form-urlencoded',
)
[ info ] [ PARAM ] array (
  'QPNeld6dMXsMfF2t0NcOH4AZVBP/zWMbELbeeSqnuRMpVCyRJnRRvGdGkHhU7LRDys48/9AujD77X5vXDU3Wo4Aktp6kZMJKfZMT/NcrRzcQTDCyuQqF3a6Ie8AEmK0QVZOLfQzPGLO9ngcvUg2LI5qBRN6ryG34Blc/A0ih3ADAeAbOTEDsn2AhbemFC55cR4JCgIxakvt2Z6HTW2lgjs2yoPS0VhlKwVCSQxZLyL3SdkoMuqCby74dL_1CuDlSsdCFyinb11aIpf7h2ML4U3jgMGO2Bs_HWI7jzjm56tZ4g5E67/KjhcKM8T0rq5x5GbI2MxsvOjwiMbfO/rEa_7UuCo0kPXAZED/Cszie5NDwecEmmaOWiT93' => '',
)
[ info ] null
---------------------------------------------------------------

[2020-11-08T10:33:39+08:00] 24.107.135.113 POST 101.132.45.200/
[运行时间：0.004770s] [吞吐率：209.64req/s] [内存消耗：863.94kb] [文件加载：188]
[ info ] [ LANG ] /var/www/mishop/thinkphp/lang/zh-cn.php
[ info ] [ ROUTE ] array (
)
[ info ] [ HEADER ] array (
  'cookie' => 'PHPSESSID=geamv1rt98psfu7ktnq1blh6kc',
  'cache-control' => 'no-cache',
  'content-length' => '428',
  'host' => '101.132.45.200',
  'user-agent' => 'Mozilla/5.0 (Windows NT 6.1; WOW64; Trident/7.0; rv:11.0) like Gecko',
  'content-type' => 'application/x-www-form-urlencoded',
)
[ info ] [ PARAM ] array (
  'QK1cwovAZR7uSbO9L8eOnPzFwc3f/ACqeyy8p28CqAiUkuzLnp4LmNYQp0jn7/ZvlxrHEYehJO01dxVQ8hk2Sx8MMUkSh8knJ7KhlXCBKXKt22/7rOX1I6QbNf2RTK34F8bhOtK9r62rpa_h_nYi_a3j1aaV1TL6rWWtZj/OSY86Jz6pV8zJ13fBLEinIOp8CJy4g4SxFyGYEBo2mZOKO20M5uQZkhbKrX_4xprc85PtQyj8SV3hpFtC629sLjogm4PoMaVQ/BPI9Be6Qn14i6sAdzERa04ww68x/67gMjaoEXtqgJ64/amWmNNKqAARP2gS_2GVbITtSBuEadf9btLHsKTC7HKIvgpZz6T5nlQ87kdRHUQL2GXZkx9uaxwBKp2743GjcSN1DgT6U3cf1dyAylnsAijTWbESo6rsrg' => '=',
)
[ info ] null
---------------------------------------------------------------

[2020-11-08T10:35:41+08:00] 24.107.135.113 POST 101.132.45.200/
[运行时间：0.005714s] [吞吐率：175.00req/s] [内存消耗：863.81kb] [文件加载：188]
[ info ] [ LANG ] /var/www/mishop/thinkphp/lang/zh-cn.php
[ info ] [ ROUTE ] array (
)
[ info ] [ HEADER ] array (
  'cookie' => 'PHPSESSID=geamv1rt98psfu7ktnq1blh6kc',
  'cache-control' => 'no-cache',
  'content-length' => '420',
  'host' => '101.132.45.200',
  'user-agent' => 'Mozilla/5.0 (Windows NT 6.1; WOW64; Trident/7.0; rv:11.0) like Gecko',
  'content-type' => 'application/x-www-form-urlencoded',
)
[ info ] [ PARAM ] array (
  'RvFcyIvLZ2NzBhQle39_3C2ir9M3kgL1U/ZSevzxf8XwmQA5/3JpqiOH1iwHouC6mhK8l9/93NF8dt9TWUGVCilH0VBDYQUgOX/2eJscP15GerEb57krdGyHxenDJfyQWDBOM_wZ3M4AqKM5IW6PX_v28RkRh7qIGq71p0JDlk/71K3aOD1WDJ1TzbzTuzalO7UAeqC/Yyv9Cnr9cpsOUL33ngZa6AJQlY9xqRm83cdqfuONVgwQzl2YJJdfEmkhEnauLzgDjWqVcBlSC8sv5pn1QmQ9P9W9pZEEZbvdYC/b5S1RumL/8V/xoOSO44GMJiSNzplu0uxajyPKr9LZQiSA7XV9zrfCWcHlbRHZYIc4BXyYuLC_FAspLbU1ZM93IaC3zMw5gY6vWk6Aq7L0gYcW6hXLjm_1pwc' => '',
)
[ info ] null
---------------------------------------------------------------

[2020-11-08T10:37:44+08:00] 24.107.135.113 POST 101.132.45.200/
[运行时间：0.005281s] [吞吐率：189.36req/s] [内存消耗：863.56kb] [文件加载：188]
[ info ] [ LANG ] /var/www/mishop/thinkphp/lang/zh-cn.php
[ info ] [ ROUTE ] array (
)
[ info ] [ HEADER ] array (
  'cookie' => 'PHPSESSID=geamv1rt98psfu7ktnq1blh6kc',
  'cache-control' => 'no-cache',
  'content-length' => '372',
  'host' => '101.132.45.200',
  'user-agent' => 'Mozilla/5.0 (Windows NT 6.1; WOW64; Trident/7.0; rv:11.0) like Gecko',
  'content-type' => 'application/x-www-form-urlencoded',
)
[ info ] [ PARAM ] array (
  'FvZXw9_eNShCxYvWK9sev5M9h7qA5T3lgfTf3YjY63kG/wDrqVdUGWH3PPKFpDXdty_tQZRO7An0VFgqH5FhUO6e_pHvSkfOpH/2ZND2b4j2S1pTZOb_zORtGpMg1z2S8PxQFhov10h8S0wHlv1GPoriFmxuChalr6uidvjqCmXfGL6NqRt4WYfsOzwPyNB68Vu8acGzYkUAngy56OdbdzgIhUqR4Z_Y5os4aPaHL0W9d4deGikImbVZl/q_/vERVAtglnSYVBI/TV5ZR94pFSkkLTgvmr39dit9azHS0JRXn_C9bzLol59LdSxJKsLiFlWMQTRkjdxMGZj_FfctGkiRagmu0TjrEU9t2aS3Qu4fgXiN9A' => '=',
)
[ info ] null
---------------------------------------------------------------

[2020-11-08T10:39:46+08:00] 24.107.135.113 POST 101.132.45.200/
[运行时间：0.004830s] [吞吐率：207.03req/s] [内存消耗：863.94kb] [文件加载：188]
[ info ] [ LANG ] /var/www/mishop/thinkphp/lang/zh-cn.php
[ info ] [ ROUTE ] array (
)
[ info ] [ HEADER ] array (
  'cookie' => 'PHPSESSID=geamv1rt98psfu7ktnq1blh6kc',
  'cache-control' => 'no-cache',
  'content-length' => '424',
  'host' => '101.132.45.200',
  'user-agent' => 'Mozilla/5.0 (Windows NT 6.1; WOW64; Trident/7.0; rv:11.0) like Gecko',
  'content-type' => 'application/x-www-form-urlencoded',
)
[ info ] [ PARAM ] array (
  'EKUIyImeNt3nFsRxNO2u3GwjuMlajiISRWM_1O5BDlfmJlBvNsV_MjlY5kW9exn47GvsJ7XVojDJcjDJ9sDlcqSn7ZG0nlSdDSkX3ysKeOptabAacas/sDgDlxVjkwxerqHotM_BXxmmJzI1fYj5x8WrtgV9h0M6Ga6dg_c52MrfPJfb2KYk5NkhXzfP5Y6XFdSzB5v79epBfK9sV4PWzY8SPwizJbs8OUzyRTcW6feOInu6L_pT2wW/r7WVB6yVaz5iZDWzWlj78laV/0JP6GnnrAv3EYgBsZeWNT8NLLoUCqrMfhM/xitgc2RyWZkLKtguGd2krjstC0DO06mqTlZvNYjuIn_FARUFqL6q91sQjFTWOTOtvSZ7EOpF4V5AH/JBHzEq4Kyg2xy9owNDL205areTIq5dTG6HDjlT' => '',
)
[ info ] null
---------------------------------------------------------------

[2020-11-08T10:47:58+08:00] 83.97.20.30 GET 101.132.45.200:443/
[运行时间：0.004498s] [吞吐率：222.32req/s] [内存消耗：860.38kb] [文件加载：188]
[ info ] [ LANG ] /var/www/mishop/thinkphp/lang/zh-cn.php
[ info ] [ ROUTE ] array (
)
[ info ] [ HEADER ] array (
  'connection' => 'close',
  'host' => '101.132.45.200:443',
  'content-type' => '',
  'content-length' => '',
)
[ info ] [ PARAM ] array (
)
[ info ] null
---------------------------------------------------------------

[2020-11-08T10:59:04+08:00] 162.142.125.50 GET 101.132.45.200:443/
[运行时间：0.004380s] [吞吐率：228.31req/s] [内存消耗：859.90kb] [文件加载：188]
[ info ] [ LANG ] /var/www/mishop/thinkphp/lang/zh-cn.php
[ info ] [ ROUTE ] array (
)
[ info ] [ HEADER ] array (
  'host' => '101.132.45.200:443',
  'content-type' => '',
  'content-length' => '',
)
[ info ] [ PARAM ] array (
)
[ info ] null
---------------------------------------------------------------

[2020-11-08T10:59:05+08:00] 162.142.125.50 GET 101.132.45.200/
[运行时间：0.003483s] [吞吐率：287.10req/s] [内存消耗：861.61kb] [文件加载：188]
[ info ] [ LANG ] /var/www/mishop/thinkphp/lang/zh-cn.php
[ info ] [ ROUTE ] array (
)
[ info ] [ HEADER ] array (
  'accept-encoding' => 'gzip',
  'accept' => '*/*',
  'user-agent' => 'Mozilla/5.0 (compatible; CensysInspect/1.1; +https://about.censys.io/)',
  'host' => '101.132.45.200',
  'content-type' => '',
  'content-length' => '',
)
[ info ] [ PARAM ] array (
)
[ info ] null
---------------------------------------------------------------

[2020-11-08T11:05:41+08:00] 47.52.210.140 GET /
[运行时间：0.004503s] [吞吐率：222.07req/s] [内存消耗：859.20kb] [文件加载：188]
[ info ] [ LANG ] /var/www/mishop/thinkphp/lang/zh-cn.php
[ info ] [ ROUTE ] array (
)
[ info ] [ HEADER ] array (
  'content-type' => '',
  'content-length' => '',
)
[ info ] [ PARAM ] array (
)
[ info ] null
---------------------------------------------------------------

[2020-11-08T11:34:02+08:00] 128.14.133.58 GET 101.132.45.200/
[运行时间：0.004484s] [吞吐率：223.02req/s] [内存消耗：861.73kb] [文件加载：188]
[ info ] [ LANG ] /var/www/mishop/thinkphp/lang/zh-cn.php
[ info ] [ ROUTE ] array (
)
[ info ] [ HEADER ] array (
  'accept-encoding' => 'gzip',
  'accept' => '*/*',
  'user-agent' => 'Mozilla/5.0 (Windows NT 10.0; Win64; x64) AppleWebKit/537.36 (KHTML, like Gecko) Chrome/60.0.3112.113 Safari/537.36',
  'host' => '101.132.45.200',
  'content-type' => '',
  'content-length' => '',
)
[ info ] [ PARAM ] array (
)
[ info ] null
---------------------------------------------------------------

[2020-11-08T11:42:52+08:00] 183.60.141.171 GET 101.132.45.200/
[运行时间：0.004612s] [吞吐率：216.83req/s] [内存消耗：860.90kb] [文件加载：188]
[ info ] [ LANG ] /var/www/mishop/thinkphp/lang/zh-cn.php
[ info ] [ ROUTE ] array (
)
[ info ] [ HEADER ] array (
  'accept-encoding' => 'gzip',
  'user-agent' => 'Mozilla/5.0',
  'host' => '101.132.45.200',
  'content-type' => '',
  'content-length' => '',
)
[ info ] [ PARAM ] array (
)
[ info ] null
---------------------------------------------------------------

[2020-11-08T12:12:53+08:00] 74.120.14.35 GET 101.132.45.200:443/
[运行时间：0.005727s] [吞吐率：174.61req/s] [内存消耗：859.90kb] [文件加载：188]
[ info ] [ LANG ] /var/www/mishop/thinkphp/lang/zh-cn.php
[ info ] [ ROUTE ] array (
)
[ info ] [ HEADER ] array (
  'host' => '101.132.45.200:443',
  'content-type' => '',
  'content-length' => '',
)
[ info ] [ PARAM ] array (
)
[ info ] null
---------------------------------------------------------------

[2020-11-08T12:12:54+08:00] 74.120.14.35 GET 101.132.45.200/
[运行时间：0.003461s] [吞吐率：288.94req/s] [内存消耗：861.61kb] [文件加载：188]
[ info ] [ LANG ] /var/www/mishop/thinkphp/lang/zh-cn.php
[ info ] [ ROUTE ] array (
)
[ info ] [ HEADER ] array (
  'accept-encoding' => 'gzip',
  'accept' => '*/*',
  'user-agent' => 'Mozilla/5.0 (compatible; CensysInspect/1.1; +https://about.censys.io/)',
  'host' => '101.132.45.200',
  'content-type' => '',
  'content-length' => '',
)
[ info ] [ PARAM ] array (
)
[ info ] null
---------------------------------------------------------------

[2020-11-08T13:06:59+08:00] 119.18.150.216 GET 101.132.45.200/currentsetting.htm
[运行时间：0.003266s] [吞吐率：306.20req/s] [内存消耗：522.79kb] [文件加载：109]
[ info ] [ LANG ] /var/www/mishop/thinkphp/lang/zh-cn.php
---------------------------------------------------------------

[2020-11-08T13:11:40+08:00] 213.32.122.82 GET 101.132.45.200/
[运行时间：0.004386s] [吞吐率：227.99req/s] [内存消耗：861.18kb] [文件加载：188]
[ info ] [ LANG ] /var/www/mishop/thinkphp/lang/zh-cn.php
[ info ] [ ROUTE ] array (
)
[ info ] [ HEADER ] array (
  'user-agent' => 'Mozilla/5.0 (Windows NT 6.1) AppleWebKit/537.36 (KHTML, like Gecko) Chrome/41.0.2228.0 Safari/537.36',
  'host' => '101.132.45.200',
  'connection' => 'close',
  'content-type' => '',
  'content-length' => '',
)
[ info ] [ PARAM ] array (
)
[ info ] null
---------------------------------------------------------------

[2020-11-08T14:43:47+08:00] 159.203.196.79 GET 101.132.45.200/
[运行时间：0.004681s] [吞吐率：213.62req/s] [内存消耗：863.99kb] [文件加载：188]
[ info ] [ LANG ] /var/www/mishop/thinkphp/lang/zh-cn.php
[ info ] [ ROUTE ] array (
)
[ info ] [ HEADER ] array (
  'accept-encoding' => 'gzip,deflate',
  'user-agent' => 'Mozilla/5.0 (Windows NT 6.1; WOW64; rv:33.0) Gecko/20100101 Firefox/33.0',
  'host' => '101.132.45.200',
  'accept-charset' => 'ISO-8859-1;utf-8;q=0.7,*;q=0.7',
  'accept' => '*/*',
  'connection' => 'Close',
  'referer' => '101.132.45.200',
  'content-type' => '',
  'content-length' => '',
)
[ info ] [ PARAM ] array (
)
[ info ] null
---------------------------------------------------------------

[2020-11-08T14:43:55+08:00] 217.17.230.158 GET 101.132.45.200/currentsetting.htm
[运行时间：0.003039s] [吞吐率：329.04req/s] [内存消耗：522.79kb] [文件加载：109]
[ info ] [ LANG ] /var/www/mishop/thinkphp/lang/zh-cn.php
---------------------------------------------------------------

[2020-11-08T14:51:32+08:00] 113.31.115.156 GET www.techbimu.com/
[运行时间：0.007221s] [吞吐率：138.49req/s] [内存消耗：862.24kb] [文件加载：188]
[ info ] [ LANG ] /var/www/mishop/thinkphp/lang/zh-cn.php
[ info ] [ ROUTE ] array (
)
[ info ] [ HEADER ] array (
  'connection' => 'keep-alive',
  'accept' => '*/*',
  'accept-encoding' => 'gzip, deflate',
  'user-agent' => 'Mozilla/5.0 (Macintosh; Intel Mac OS X 10_11) AppleWebKit/601.1.27 (KHTML, like Gecko) Chrome/47.0.2526.106 Safari/601.1.27',
  'host' => 'www.techbimu.com',
  'content-type' => '',
  'content-length' => '',
)
[ info ] [ PARAM ] array (
)
[ info ] null
---------------------------------------------------------------

[2020-11-08T14:51:32+08:00] 113.31.115.156 GET www.techbimu.com/
[运行时间：0.003396s] [吞吐率：294.46req/s] [内存消耗：862.05kb] [文件加载：188]
[ info ] [ LANG ] /var/www/mishop/thinkphp/lang/zh-cn.php
[ info ] [ ROUTE ] array (
)
[ info ] [ HEADER ] array (
  'connection' => 'keep-alive',
  'accept' => '*/*',
  'accept-encoding' => 'gzip, deflate',
  'user-agent' => 'Dalvik/2.1.0 (Linux; U; Android 6.0; ZTE BA520 Build/MRA58K)',
  'host' => 'www.techbimu.com',
  'content-type' => '',
  'content-length' => '',
)
[ info ] [ PARAM ] array (
)
[ info ] null
---------------------------------------------------------------

[2020-11-08T15:34:27+08:00] 171.4.226.71 GET 101.132.45.200/currentsetting.htm
[运行时间：0.003018s] [吞吐率：331.33req/s] [内存消耗：522.79kb] [文件加载：109]
[ info ] [ LANG ] /var/www/mishop/thinkphp/lang/zh-cn.php
---------------------------------------------------------------

[2020-11-08T17:09:42+08:00] 58.97.227.83 GET 101.132.45.200/currentsetting.htm
[运行时间：0.003007s] [吞吐率：332.56req/s] [内存消耗：522.79kb] [文件加载：109]
[ info ] [ LANG ] /var/www/mishop/thinkphp/lang/zh-cn.php
---------------------------------------------------------------

[2020-11-08T18:03:13+08:00] 35.201.203.26 GET 101.132.45.200/
[运行时间：0.004427s] [吞吐率：225.89req/s] [内存消耗：861.63kb] [文件加载：188]
[ info ] [ LANG ] /var/www/mishop/thinkphp/lang/zh-cn.php
[ info ] [ ROUTE ] array (
)
[ info ] [ HEADER ] array (
  'connection' => 'close',
  'accept-encoding' => 'gzip',
  'user-agent' => 'httpx - Open-source project (github.com/projectdiscovery/httpx)',
  'host' => '101.132.45.200',
  'content-type' => '',
  'content-length' => '',
)
[ info ] [ PARAM ] array (
)
[ info ] null
---------------------------------------------------------------

[2020-11-08T18:30:52+08:00] 47.94.39.226 GET /
[运行时间：0.004791s] [吞吐率：208.72req/s] [内存消耗：859.20kb] [文件加载：188]
[ info ] [ LANG ] /var/www/mishop/thinkphp/lang/zh-cn.php
[ info ] [ ROUTE ] array (
)
[ info ] [ HEADER ] array (
  'content-type' => '',
  'content-length' => '',
)
[ info ] [ PARAM ] array (
)
[ info ] null
---------------------------------------------------------------

[2020-11-08T19:35:03+08:00] 47.94.39.226 GET /
[运行时间：0.004683s] [吞吐率：213.54req/s] [内存消耗：859.20kb] [文件加载：188]
[ info ] [ LANG ] /var/www/mishop/thinkphp/lang/zh-cn.php
[ info ] [ ROUTE ] array (
)
[ info ] [ HEADER ] array (
  'content-type' => '',
  'content-length' => '',
)
[ info ] [ PARAM ] array (
)
[ info ] null
---------------------------------------------------------------

[2020-11-08T20:51:06+08:00] 157.230.143.29 GET 101.132.45.200/.git/config
[运行时间：0.003575s] [吞吐率：279.71req/s] [内存消耗：522.78kb] [文件加载：109]
[ info ] [ LANG ] /var/www/mishop/thinkphp/lang/zh-cn.php
---------------------------------------------------------------

[2020-11-08T21:16:07+08:00] 128.14.134.134 GET 101.132.45.200/
[运行时间：0.006153s] [吞吐率：162.52req/s] [内存消耗：861.73kb] [文件加载：188]
[ info ] [ LANG ] /var/www/mishop/thinkphp/lang/zh-cn.php
[ info ] [ ROUTE ] array (
)
[ info ] [ HEADER ] array (
  'accept-encoding' => 'gzip',
  'accept' => '*/*',
  'user-agent' => 'Mozilla/5.0 (Windows NT 10.0; Win64; x64) AppleWebKit/537.36 (KHTML, like Gecko) Chrome/60.0.3112.113 Safari/537.36',
  'host' => '101.132.45.200',
  'content-type' => '',
  'content-length' => '',
)
[ info ] [ PARAM ] array (
)
[ info ] null
---------------------------------------------------------------

[2020-11-08T22:29:52+08:00] 2.84.143.18 GET 101.132.45.200/currentsetting.htm
[运行时间：0.003237s] [吞吐率：308.93req/s] [内存消耗：522.79kb] [文件加载：109]
[ info ] [ LANG ] /var/www/mishop/thinkphp/lang/zh-cn.php
---------------------------------------------------------------

[2020-11-08T23:02:03+08:00] 183.136.225.56 GET 101.132.45.200/
[运行时间：0.004538s] [吞吐率：220.36req/s] [内存消耗：861.61kb] [文件加载：188]
[ info ] [ LANG ] /var/www/mishop/thinkphp/lang/zh-cn.php
[ info ] [ ROUTE ] array (
)
[ info ] [ HEADER ] array (
  'connection' => 'keep-alive',
  'accept' => '*/*',
  'user-agent' => 'Mozilla/5.0 (Macintosh; Intel Mac OS X 10.11; rv:47.0) Gecko/20100101 Firefox/47.0',
  'host' => '101.132.45.200',
  'content-type' => '',
  'content-length' => '',
)
[ info ] [ PARAM ] array (
)
[ info ] null
---------------------------------------------------------------

[2020-11-08T23:58:44+08:00] 103.78.207.145 GET 101.132.45.200/currentsetting.htm
[运行时间：0.003033s] [吞吐率：329.69req/s] [内存消耗：522.79kb] [文件加载：109]
[ info ] [ LANG ] /var/www/mishop/thinkphp/lang/zh-cn.php
