---------------------------------------------------------------

[2020-11-10T00:27:53+08:00] 153.196.171.119 GET 101.132.45.200/currentsetting.htm
[运行时间：0.003277s] [吞吐率：305.17req/s] [内存消耗：522.78kb] [文件加载：109]
[ info ] [ LANG ] /var/www/mishop/thinkphp/lang/zh-cn.php
---------------------------------------------------------------

[2020-11-10T01:42:00+08:00] 212.106.59.3 GET 101.132.45.200/currentsetting.htm
[运行时间：0.002966s] [吞吐率：337.16req/s] [内存消耗：522.79kb] [文件加载：109]
[ info ] [ LANG ] /var/www/mishop/thinkphp/lang/zh-cn.php
---------------------------------------------------------------

[2020-11-10T02:05:47+08:00] 185.142.236.43 GET 101.132.45.200/
[运行时间：0.004621s] [吞吐率：216.40req/s] [内存消耗：861.80kb] [文件加载：188]
[ info ] [ LANG ] /var/www/mishop/thinkphp/lang/zh-cn.php
[ info ] [ ROUTE ] array (
)
[ info ] [ HEADER ] array (
  'user-agent' => 'Mozilla/5.0 (X11; Linux x86_64) AppleWebKit/537.36 (KHTML, like Gecko) Chrome/34.0.1847.137 Safari/537.36',
  'accept' => 'text/html,application/xhtml+xml,application/xml;q=0.9,*/*;q=0.8',
  'host' => '101.132.45.200',
  'accept-encoding' => 'identity',
  'content-type' => '',
  'content-length' => '',
)
[ info ] [ PARAM ] array (
)
[ info ] null
---------------------------------------------------------------

[2020-11-10T02:06:19+08:00] 185.142.236.43 GET 101.132.45.200/sitemap.xml
[运行时间：0.003154s] [吞吐率：317.05req/s] [内存消耗：522.78kb] [文件加载：109]
[ info ] [ LANG ] /var/www/mishop/thinkphp/lang/zh-cn.php
---------------------------------------------------------------

[2020-11-10T02:06:24+08:00] 185.142.236.43 GET 101.132.45.200/.well-known/security.txt
[运行时间：0.003041s] [吞吐率：328.86req/s] [内存消耗：522.80kb] [文件加载：109]
[ info ] [ LANG ] /var/www/mishop/thinkphp/lang/zh-cn.php
---------------------------------------------------------------

[2020-11-10T02:30:45+08:00] 178.128.90.200 GET 101.132.45.200/c/version.js
[运行时间：0.003664s] [吞吐率：272.92req/s] [内存消耗：522.78kb] [文件加载：109]
[ info ] [ LANG ] /var/www/mishop/thinkphp/lang/zh-cn.php
---------------------------------------------------------------

[2020-11-10T02:30:48+08:00] 178.128.90.200 GET 101.132.45.200/stalker_portal/c/version.js
[运行时间：0.003379s] [吞吐率：295.94req/s] [内存消耗：522.80kb] [文件加载：109]
[ info ] [ LANG ] /var/www/mishop/thinkphp/lang/zh-cn.php
---------------------------------------------------------------

[2020-11-10T02:30:51+08:00] 178.128.90.200 GET 101.132.45.200/client_area/
[运行时间：0.003516s] [吞吐率：284.42req/s] [内存消耗：522.78kb] [文件加载：109]
[ info ] [ LANG ] /var/www/mishop/thinkphp/lang/zh-cn.php
---------------------------------------------------------------

[2020-11-10T02:30:52+08:00] 178.128.90.200 GET 101.132.45.200/stalker_portal/c/
[运行时间：0.002958s] [吞吐率：338.09req/s] [内存消耗：522.79kb] [文件加载：109]
[ info ] [ LANG ] /var/www/mishop/thinkphp/lang/zh-cn.php
---------------------------------------------------------------

[2020-11-10T03:09:59+08:00] 139.162.113.204 GET 101.132.45.200/
[运行时间：0.004609s] [吞吐率：216.96req/s] [内存消耗：860.96kb] [文件加载：188]
[ info ] [ LANG ] /var/www/mishop/thinkphp/lang/zh-cn.php
[ info ] [ ROUTE ] array (
)
[ info ] [ HEADER ] array (
  'connection' => 'close',
  'user-agent' => 'HTTP Banner Detection (https://security.ipip.net)',
  'host' => '101.132.45.200',
  'content-type' => '',
  'content-length' => '',
)
[ info ] [ PARAM ] array (
)
[ info ] null
---------------------------------------------------------------

[2020-11-10T04:26:31+08:00] 47.103.22.235 GET www.techbimu.com/
[运行时间：0.004514s] [吞吐率：221.53req/s] [内存消耗：861.63kb] [文件加载：188]
[ info ] [ LANG ] /var/www/mishop/thinkphp/lang/zh-cn.php
[ info ] [ ROUTE ] array (
)
[ info ] [ HEADER ] array (
  'accept-encoding' => 'gzip',
  'connection' => 'Keep-Alive',
  'host' => 'www.techbimu.com',
  'user-agent' => 'Mozilla/5.0 (X11; Ubuntu; Linux x86_64; rv:36.0) Gecko/20100101 Firefox/36.0',
  'content-type' => '',
  'content-length' => '',
)
[ info ] [ PARAM ] array (
)
[ info ] null
---------------------------------------------------------------

[2020-11-10T04:48:04+08:00] 3.88.147.17 GET 101.132.45.200/
[运行时间：0.005034s] [吞吐率：198.65req/s] [内存消耗：862.24kb] [文件加载：188]
[ info ] [ LANG ] /var/www/mishop/thinkphp/lang/zh-cn.php
[ info ] [ ROUTE ] array (
)
[ info ] [ HEADER ] array (
  'connection' => 'keep-alive',
  'accept' => '*/*',
  'accept-encoding' => 'gzip, deflate',
  'user-agent' => 'Mozilla/5.0 (Windows NT 6.2;en-US) AppleWebKit/537.32.36 (KHTML, live Gecko) Chrome/52.0.3092.79 Safari/537.32',
  'host' => '101.132.45.200',
  'content-type' => '',
  'content-length' => '',
)
[ info ] [ PARAM ] array (
)
[ info ] null
---------------------------------------------------------------

[2020-11-10T05:00:55+08:00] 95.83.6.15 GET 101.132.45.200/currentsetting.htm
[运行时间：0.002963s] [吞吐率：337.49req/s] [内存消耗：522.79kb] [文件加载：109]
[ info ] [ LANG ] /var/www/mishop/thinkphp/lang/zh-cn.php
---------------------------------------------------------------

[2020-11-10T06:26:11+08:00] 45.146.164.159 GET 101.132.45.200/
[运行时间：0.004911s] [吞吐率：203.63req/s] [内存消耗：861.75kb] [文件加载：188]
[ info ] [ LANG ] /var/www/mishop/thinkphp/lang/zh-cn.php
[ info ] [ ROUTE ] array (
)
[ info ] [ HEADER ] array (
  'connection' => 'close',
  'accept-encoding' => 'gzip',
  'user-agent' => 'Mozilla/5.0 (Windows NT 10.0; Win64; x64) AppleWebKit/537.36 (KHTML, like Gecko) Chrome/74.0.3729.169 Safari/537.36',
  'host' => '101.132.45.200',
  'content-type' => '',
  'content-length' => '',
)
[ info ] [ PARAM ] array (
)
[ info ] null
---------------------------------------------------------------

[2020-11-10T06:41:08+08:00] 71.6.232.7 GET 101.132.45.200/
[运行时间：0.004489s] [吞吐率：222.77req/s] [内存消耗：861.73kb] [文件加载：188]
[ info ] [ LANG ] /var/www/mishop/thinkphp/lang/zh-cn.php
[ info ] [ ROUTE ] array (
)
[ info ] [ HEADER ] array (
  'accept-encoding' => 'gzip',
  'accept' => '*/*',
  'user-agent' => 'Mozilla/5.0 (Windows NT 10.0; Win64; x64) AppleWebKit/537.36 (KHTML, like Gecko) Chrome/57.0.2987.133 Safari/537.36',
  'host' => '101.132.45.200',
  'content-type' => '',
  'content-length' => '',
)
[ info ] [ PARAM ] array (
)
[ info ] null
---------------------------------------------------------------

[2020-11-10T06:46:11+08:00] 162.243.128.188 GET 101.132.45.200/
[运行时间：0.004983s] [吞吐率：200.67req/s] [内存消耗：861.39kb] [文件加载：188]
[ info ] [ LANG ] /var/www/mishop/thinkphp/lang/zh-cn.php
[ info ] [ ROUTE ] array (
)
[ info ] [ HEADER ] array (
  'accept-encoding' => 'gzip',
  'accept' => '*/*',
  'user-agent' => 'Mozilla/5.0 zgrab/0.x',
  'host' => '101.132.45.200',
  'content-type' => '',
  'content-length' => '',
)
[ info ] [ PARAM ] array (
)
[ info ] null
---------------------------------------------------------------

[2020-11-10T07:10:22+08:00] 192.241.223.219 GET 101.132.45.200/owa/auth/logon.aspx?url=https%3a%2f%2f1%2fecp%2f
[运行时间：0.003634s] [吞吐率：275.18req/s] [内存消耗：522.79kb] [文件加载：109]
[ info ] [ LANG ] /var/www/mishop/thinkphp/lang/zh-cn.php
---------------------------------------------------------------

[2020-11-10T07:50:10+08:00] 192.35.168.240 GET 101.132.45.200:443/
[运行时间：0.004730s] [吞吐率：211.42req/s] [内存消耗：859.90kb] [文件加载：188]
[ info ] [ LANG ] /var/www/mishop/thinkphp/lang/zh-cn.php
[ info ] [ ROUTE ] array (
)
[ info ] [ HEADER ] array (
  'host' => '101.132.45.200:443',
  'content-type' => '',
  'content-length' => '',
)
[ info ] [ PARAM ] array (
)
[ info ] null
---------------------------------------------------------------

[2020-11-10T07:50:11+08:00] 192.35.168.240 GET 101.132.45.200/
[运行时间：0.004101s] [吞吐率：243.85req/s] [内存消耗：861.61kb] [文件加载：188]
[ info ] [ LANG ] /var/www/mishop/thinkphp/lang/zh-cn.php
[ info ] [ ROUTE ] array (
)
[ info ] [ HEADER ] array (
  'accept-encoding' => 'gzip',
  'accept' => '*/*',
  'user-agent' => 'Mozilla/5.0 (compatible; CensysInspect/1.1; +https://about.censys.io/)',
  'host' => '101.132.45.200',
  'content-type' => '',
  'content-length' => '',
)
[ info ] [ PARAM ] array (
)
[ info ] null
---------------------------------------------------------------

[2020-11-10T09:37:13+08:00] 47.101.184.89 GET 101.132.45.200/
[运行时间：0.004701s] [吞吐率：212.73req/s] [内存消耗：861.63kb] [文件加载：188]
[ info ] [ LANG ] /var/www/mishop/thinkphp/lang/zh-cn.php
[ info ] [ ROUTE ] array (
)
[ info ] [ HEADER ] array (
  'accept-encoding' => 'gzip',
  'connection' => 'Keep-Alive',
  'host' => '101.132.45.200',
  'user-agent' => 'Mozilla/5.0 (X11; Ubuntu; Linux x86_64; rv:36.0) Gecko/20100101 Firefox/36.0',
  'content-type' => '',
  'content-length' => '',
)
[ info ] [ PARAM ] array (
)
[ info ] null
---------------------------------------------------------------

[2020-11-10T10:04:44+08:00] 184.105.247.196 GET 101.132.45.200/
[运行时间：0.004541s] [吞吐率：220.21req/s] [内存消耗：859.82kb] [文件加载：188]
[ info ] [ LANG ] /var/www/mishop/thinkphp/lang/zh-cn.php
[ info ] [ ROUTE ] array (
)
[ info ] [ HEADER ] array (
  'host' => '101.132.45.200',
  'content-type' => '',
  'content-length' => '',
)
[ info ] [ PARAM ] array (
)
[ info ] null
---------------------------------------------------------------

[2020-11-10T10:30:24+08:00] 196.52.43.112 GET 101.132.45.200:443/
[运行时间：0.004933s] [吞吐率：202.71req/s] [内存消耗：860.72kb] [文件加载：188]
[ info ] [ LANG ] /var/www/mishop/thinkphp/lang/zh-cn.php
[ info ] [ ROUTE ] array (
)
[ info ] [ HEADER ] array (
  'user-agent' => 'Mozilla/5.0 (X11; Linux x86_64) AppleWebKit/537.36 (KHTML, like Gecko) Chrome/72.0.3602.2 Safari/537.36',
  'host' => '101.132.45.200:443',
  'content-type' => '',
  'content-length' => '',
)
[ info ] [ PARAM ] array (
)
[ info ] null
---------------------------------------------------------------

[2020-11-10T12:03:58+08:00] 175.140.197.197 GET 101.132.45.200/currentsetting.htm
[运行时间：0.003548s] [吞吐率：281.86req/s] [内存消耗：522.79kb] [文件加载：109]
[ info ] [ LANG ] /var/www/mishop/thinkphp/lang/zh-cn.php
---------------------------------------------------------------

[2020-11-10T12:40:51+08:00] 178.32.197.83 GET 101.132.45.200/
[运行时间：0.004731s] [吞吐率：211.37req/s] [内存消耗：862.37kb] [文件加载：188]
[ info ] [ LANG ] /var/www/mishop/thinkphp/lang/zh-cn.php
[ info ] [ ROUTE ] array (
)
[ info ] [ HEADER ] array (
  'accept-language' => 'en-US,en;q=0.5',
  'accept' => 'text/html,application/xhtml+xml,application/xml;q=0.9,*/*;q=0.8',
  'user-agent' => 'Mozilla/5.0 (X11; Ubuntu; Linux x86_64; rv:58.0) Gecko/20100101 Firefox/58.0',
  'connection' => 'close',
  'host' => '101.132.45.200',
  'content-type' => '',
  'content-length' => '',
)
[ info ] [ PARAM ] array (
)
[ info ] null
---------------------------------------------------------------

[2020-11-10T13:33:21+08:00] 119.155.32.40 GET 101.132.45.200/currentsetting.htm
[运行时间：0.004057s] [吞吐率：246.48req/s] [内存消耗：522.79kb] [文件加载：109]
[ info ] [ LANG ] /var/www/mishop/thinkphp/lang/zh-cn.php
---------------------------------------------------------------

[2020-11-10T13:35:59+08:00] 47.100.110.234 GET mishop.holyzq.com/
[运行时间：0.004512s] [吞吐率：221.64req/s] [内存消耗：861.63kb] [文件加载：188]
[ info ] [ LANG ] /var/www/mishop/thinkphp/lang/zh-cn.php
[ info ] [ ROUTE ] array (
)
[ info ] [ HEADER ] array (
  'accept-encoding' => 'gzip',
  'connection' => 'Keep-Alive',
  'host' => 'mishop.holyzq.com',
  'user-agent' => 'Mozilla/5.0 (X11; Ubuntu; Linux x86_64; rv:36.0) Gecko/20100101 Firefox/36.0',
  'content-type' => '',
  'content-length' => '',
)
[ info ] [ PARAM ] array (
)
[ info ] null
---------------------------------------------------------------

[2020-11-10T13:37:39+08:00] 163.172.70.242 GET open.weixin.qq.com/connect/oauth2/authorize?appid=wxe846b6db8a21a631&redirect_uri=https%3A%2F%2F101.132.45.200%2F&response_type=code&scope=snsapi_userinfo&state=fa5b1cd9e91bc16e5e96b545d1177365&connect_redirect=1
[运行时间：0.003288s] [吞吐率：304.13req/s] [内存消耗：522.80kb] [文件加载：109]
[ info ] [ LANG ] /var/www/mishop/thinkphp/lang/zh-cn.php
---------------------------------------------------------------

[2020-11-10T14:01:57+08:00] 128.199.210.101 GET 101.132.45.200:443/
[运行时间：0.005480s] [吞吐率：182.48req/s] [内存消耗：860.38kb] [文件加载：188]
[ info ] [ LANG ] /var/www/mishop/thinkphp/lang/zh-cn.php
[ info ] [ ROUTE ] array (
)
[ info ] [ HEADER ] array (
  'connection' => 'close',
  'host' => '101.132.45.200:443',
  'content-type' => '',
  'content-length' => '',
)
[ info ] [ PARAM ] array (
)
[ info ] null
---------------------------------------------------------------

[2020-11-10T14:22:46+08:00] 196.250.209.84 GET 101.132.45.200/currentsetting.htm
[运行时间：0.002948s] [吞吐率：339.21req/s] [内存消耗：522.79kb] [文件加载：109]
[ info ] [ LANG ] /var/www/mishop/thinkphp/lang/zh-cn.php
---------------------------------------------------------------

[2020-11-10T14:29:19+08:00] 49.232.210.150 GET 101.132.45.200/api/moutai/V1.0/getCode?formData=IcXAEcVZKegkVlvUBOwo5WMsEhpCkiDuW4lTk8hgy7vxLRGrBxP9cVefKsvMlqLJUjt5Og920i3p7Y8I0/IJl5ntB7UK6gJIx6OAJOQ5SDy1pSzFzFgGS5XZxjtKwfAszzkszo1wQLTUGwnjdkwaR46y3WEOirC01C0jB/UVaQ6ZPdnELTEGOmOQYfWipLZ1w%2B4W1gM0DBrtyJQr66bGUYrdPB44rwN7lUeT62f1ymU%3D
[运行时间：0.003515s] [吞吐率：284.49req/s] [内存消耗：561.66kb] [文件加载：120]
[ info ] [ LANG ] /var/www/mishop/thinkphp/lang/zh-cn.php
[ info ] [ ROUTE ] array (
)
[ info ] [ HEADER ] array (
  'referer' => 'https://wechat-applet.beijing-hualian.com/maotai/maotai_112.html?token=iAfEW63s/6OsSkWOuQkjk7ulUOPV+YaXCC1kMFlukCI=&channelId=3&moutaiPromoId=112&phone=',
  'token' => 'iAfEW63s/6OsSkWOuQkjk7ulUOPV+YaXCC1kMFlukCI=',
  'content-type' => 'application/x-www-form-urlencoded',
  'connection' => 'keep-alive',
  'accept' => '*/*',
  'accept-encoding' => 'deflate, br',
  'user-agent' => 'Mozilla/5.0 (Windows NT 6.1; WOW64) AppleWebKit/537.36 (KHTML, like Gecko) Chrome/53.0.2785.143 Safari/537.36 MicroMessenger/7.0.9.501 NetType/WIFI MiniProgramEnv/Windows WindowsWechat',
  'host' => '101.132.45.200',
  'content-length' => '',
)
[ info ] [ PARAM ] array (
  'formData' => 'IcXAEcVZKegkVlvUBOwo5WMsEhpCkiDuW4lTk8hgy7vxLRGrBxP9cVefKsvMlqLJUjt5Og920i3p7Y8I0/IJl5ntB7UK6gJIx6OAJOQ5SDy1pSzFzFgGS5XZxjtKwfAszzkszo1wQLTUGwnjdkwaR46y3WEOirC01C0jB/UVaQ6ZPdnELTEGOmOQYfWipLZ1w+4W1gM0DBrtyJQr66bGUYrdPB44rwN7lUeT62f1ymU=',
)
---------------------------------------------------------------

[2020-11-10T19:41:04+08:00] 160.16.124.189 GET mishop.holyzq.com/.env
[运行时间：0.003356s] [吞吐率：297.98req/s] [内存消耗：522.77kb] [文件加载：109]
[ info ] [ LANG ] /var/www/mishop/thinkphp/lang/zh-cn.php
---------------------------------------------------------------

[2020-11-10T19:41:04+08:00] 160.16.124.189 POST mishop.holyzq.com/
[运行时间：0.003848s] [吞吐率：259.87req/s] [内存消耗：862.08kb] [文件加载：188]
[ info ] [ LANG ] /var/www/mishop/thinkphp/lang/zh-cn.php
[ info ] [ ROUTE ] array (
)
[ info ] [ HEADER ] array (
  'content-type' => 'application/x-www-form-urlencoded',
  'content-length' => '20',
  'user-agent' => 'Mozilla/5.0 (X11; Linux x86_64) AppleWebKit/537.36 (KHTML, like Gecko) Chrome/81.0.4044.129 Safari/537.36',
  'accept' => '*/*',
  'accept-encoding' => 'gzip, deflate',
  'connection' => 'keep-alive',
  'host' => 'mishop.holyzq.com',
)
[ info ] [ PARAM ] array (
  '0x' => 
  array (
    0 => 'androxgh0st',
  ),
)
[ info ] null
---------------------------------------------------------------

[2020-11-10T20:49:13+08:00] 101.251.238.50 GET 101.132.45.200:443/
[运行时间：0.004546s] [吞吐率：219.97req/s] [内存消耗：862.54kb] [文件加载：188]
[ info ] [ LANG ] /var/www/mishop/thinkphp/lang/zh-cn.php
[ info ] [ ROUTE ] array (
)
[ info ] [ HEADER ] array (
  'accept' => 'application/json, text/plain, */*',
  'accept-charset' => 'GBK,utf-8;q=0.7,*;q=0.3',
  'accept-language' => 'zh-CN,zh;q=0.8,en-US;q=0.5,en;q=0.3',
  'user-agent' => 'Mozilla/5.0 (Windows NT 10.0; Win64; x64; rv:79.0) Gecko/20100101 Firefox/79.0',
  'host' => '101.132.45.200:443',
  'content-type' => '',
  'content-length' => '',
)
[ info ] [ PARAM ] array (
)
[ info ] null
---------------------------------------------------------------

[2020-11-10T23:56:00+08:00] 189.26.72.202 GET 101.132.45.200/currentsetting.htm
[运行时间：0.003127s] [吞吐率：319.79req/s] [内存消耗：522.79kb] [文件加载：109]
[ info ] [ LANG ] /var/www/mishop/thinkphp/lang/zh-cn.php
