---------------------------------------------------------------

[2020-11-11T00:43:50+08:00] 192.35.168.16 GET 101.132.45.200/
[运行时间：0.004382s] [吞吐率：228.20req/s] [内存消耗：861.38kb] [文件加载：188]
[ info ] [ LANG ] /var/www/mishop/thinkphp/lang/zh-cn.php
[ info ] [ ROUTE ] array (
)
[ info ] [ HEADER ] array (
  'accept-encoding' => 'gzip',
  'accept' => '*/*',
  'user-agent' => 'Mozilla/5.0 zgrab/0.x',
  'host' => '101.132.45.200',
  'content-type' => '',
  'content-length' => '',
)
[ info ] [ PARAM ] array (
)
[ info ] null
---------------------------------------------------------------

[2020-11-11T01:28:56+08:00] 187.105.49.243 GET 101.132.45.200/currentsetting.htm
[运行时间：0.003071s] [吞吐率：325.62req/s] [内存消耗：522.79kb] [文件加载：109]
[ info ] [ LANG ] /var/www/mishop/thinkphp/lang/zh-cn.php
---------------------------------------------------------------

[2020-11-11T03:19:59+08:00] 47.100.127.188 GET www.techbimu.com/
[运行时间：0.004724s] [吞吐率：211.69req/s] [内存消耗：861.63kb] [文件加载：188]
[ info ] [ LANG ] /var/www/mishop/thinkphp/lang/zh-cn.php
[ info ] [ ROUTE ] array (
)
[ info ] [ HEADER ] array (
  'accept-encoding' => 'gzip',
  'connection' => 'Keep-Alive',
  'host' => 'www.techbimu.com',
  'user-agent' => 'Mozilla/5.0 (X11; Ubuntu; Linux x86_64; rv:36.0) Gecko/20100101 Firefox/36.0',
  'content-type' => '',
  'content-length' => '',
)
[ info ] [ PARAM ] array (
)
[ info ] null
---------------------------------------------------------------

[2020-11-11T04:48:33+08:00] 83.97.20.30 GET 101.132.45.200:443/
[运行时间：0.004288s] [吞吐率：233.21req/s] [内存消耗：860.38kb] [文件加载：188]
[ info ] [ LANG ] /var/www/mishop/thinkphp/lang/zh-cn.php
[ info ] [ ROUTE ] array (
)
[ info ] [ HEADER ] array (
  'connection' => 'close',
  'host' => '101.132.45.200:443',
  'content-type' => '',
  'content-length' => '',
)
[ info ] [ PARAM ] array (
)
[ info ] null
---------------------------------------------------------------

[2020-11-11T04:51:23+08:00] 211.95.50.5 GET 101.132.45.200/
[运行时间：0.004403s] [吞吐率：227.11req/s] [内存消耗：864.95kb] [文件加载：188]
[ info ] [ LANG ] /var/www/mishop/thinkphp/lang/zh-cn.php
[ info ] [ ROUTE ] array (
)
[ info ] [ HEADER ] array (
  'accept-encoding' => 'gzip',
  'connection' => 'keep-alive',
  'cache-control' => 'max-age=0',
  'accept-language' => 'zh-CN,zh;q=0.8',
  'accept-charset' => 'GBK,utf-8;q=0.7,*;q=0.3',
  'accept' => 'text/html,application/xhtml+xml,application/xml;q=0.9,*/*;q=0.8',
  'user-agent' => 'Chrome/54.0 (Windows NT 10.0)',
  'host' => '101.132.45.200',
  'content-type' => '',
  'content-length' => '',
)
[ info ] [ PARAM ] array (
)
[ info ] null
---------------------------------------------------------------

[2020-11-11T05:25:26+08:00] 111.229.252.7 GET 101.132.45.200:443/
[运行时间：0.006461s] [吞吐率：154.78req/s] [内存消耗：862.12kb] [文件加载：188]
[ info ] [ LANG ] /var/www/mishop/thinkphp/lang/zh-cn.php
[ info ] [ ROUTE ] array (
)
[ info ] [ HEADER ] array (
  'connection' => 'close',
  'accept-encoding' => 'gzip',
  'accept-charset' => 'utf-8',
  'user-agent' => 'httpx - Open-source project (github.com/projectdiscovery/httpx)',
  'host' => '101.132.45.200:443',
  'content-type' => '',
  'content-length' => '',
)
[ info ] [ PARAM ] array (
)
[ info ] null
---------------------------------------------------------------

[2020-11-11T06:46:37+08:00] 192.241.239.146 GET 101.132.45.200/
[运行时间：0.004319s] [吞吐率：231.54req/s] [内存消耗：861.39kb] [文件加载：188]
[ info ] [ LANG ] /var/www/mishop/thinkphp/lang/zh-cn.php
[ info ] [ ROUTE ] array (
)
[ info ] [ HEADER ] array (
  'accept-encoding' => 'gzip',
  'accept' => '*/*',
  'user-agent' => 'Mozilla/5.0 zgrab/0.x',
  'host' => '101.132.45.200',
  'content-type' => '',
  'content-length' => '',
)
[ info ] [ PARAM ] array (
)
[ info ] null
---------------------------------------------------------------

[2020-11-11T06:51:24+08:00] 101.132.169.73 GET 101.132.45.200/
[运行时间：0.004433s] [吞吐率：225.59req/s] [内存消耗：861.63kb] [文件加载：188]
[ info ] [ LANG ] /var/www/mishop/thinkphp/lang/zh-cn.php
[ info ] [ ROUTE ] array (
)
[ info ] [ HEADER ] array (
  'accept-encoding' => 'gzip',
  'connection' => 'Keep-Alive',
  'host' => '101.132.45.200',
  'user-agent' => 'Mozilla/5.0 (X11; Ubuntu; Linux x86_64; rv:36.0) Gecko/20100101 Firefox/36.0',
  'content-type' => '',
  'content-length' => '',
)
[ info ] [ PARAM ] array (
)
[ info ] null
---------------------------------------------------------------

[2020-11-11T07:13:29+08:00] 192.241.237.160 GET 101.132.45.200/owa/auth/logon.aspx?url=https%3a%2f%2f1%2fecp%2f
[运行时间：0.003240s] [吞吐率：308.65req/s] [内存消耗：522.79kb] [文件加载：109]
[ info ] [ LANG ] /var/www/mishop/thinkphp/lang/zh-cn.php
---------------------------------------------------------------

[2020-11-11T08:15:15+08:00] 184.105.247.254 GET 101.132.45.200/
[运行时间：0.004675s] [吞吐率：213.91req/s] [内存消耗：859.82kb] [文件加载：188]
[ info ] [ LANG ] /var/www/mishop/thinkphp/lang/zh-cn.php
[ info ] [ ROUTE ] array (
)
[ info ] [ HEADER ] array (
  'host' => '101.132.45.200',
  'content-type' => '',
  'content-length' => '',
)
[ info ] [ PARAM ] array (
)
[ info ] null
---------------------------------------------------------------

[2020-11-11T08:56:06+08:00] 14.232.154.190 GET 101.132.45.200/currentsetting.htm
[运行时间：0.003019s] [吞吐率：331.23req/s] [内存消耗：522.79kb] [文件加载：109]
[ info ] [ LANG ] /var/www/mishop/thinkphp/lang/zh-cn.php
---------------------------------------------------------------

[2020-11-11T09:25:34+08:00] 183.136.225.56 GET 101.132.45.200/
[运行时间：0.004428s] [吞吐率：225.83req/s] [内存消耗：861.61kb] [文件加载：188]
[ info ] [ LANG ] /var/www/mishop/thinkphp/lang/zh-cn.php
[ info ] [ ROUTE ] array (
)
[ info ] [ HEADER ] array (
  'connection' => 'keep-alive',
  'accept' => '*/*',
  'user-agent' => 'Mozilla/5.0 (Macintosh; Intel Mac OS X 10.11; rv:47.0) Gecko/20100101 Firefox/47.0',
  'host' => '101.132.45.200',
  'content-type' => '',
  'content-length' => '',
)
[ info ] [ PARAM ] array (
)
[ info ] null
---------------------------------------------------------------

[2020-11-11T10:20:17+08:00] 193.118.53.194 GET 101.132.45.200/
[运行时间：0.004534s] [吞吐率：220.56req/s] [内存消耗：861.73kb] [文件加载：188]
[ info ] [ LANG ] /var/www/mishop/thinkphp/lang/zh-cn.php
[ info ] [ ROUTE ] array (
)
[ info ] [ HEADER ] array (
  'accept-encoding' => 'gzip',
  'accept' => '*/*',
  'user-agent' => 'Mozilla/5.0 (Windows NT 10.0; Win64; x64) AppleWebKit/537.36 (KHTML, like Gecko) Chrome/60.0.3112.113 Safari/537.36',
  'host' => '101.132.45.200',
  'content-type' => '',
  'content-length' => '',
)
[ info ] [ PARAM ] array (
)
[ info ] null
---------------------------------------------------------------

[2020-11-11T11:02:26+08:00] 122.155.138.122 GET 101.132.45.200/currentsetting.htm
[运行时间：0.003165s] [吞吐率：315.96req/s] [内存消耗：522.79kb] [文件加载：109]
[ info ] [ LANG ] /var/www/mishop/thinkphp/lang/zh-cn.php
---------------------------------------------------------------

[2020-11-11T12:31:06+08:00] 183.89.84.112 GET 101.132.45.200/currentsetting.htm
[运行时间：0.003090s] [吞吐率：323.61req/s] [内存消耗：522.79kb] [文件加载：109]
[ info ] [ LANG ] /var/www/mishop/thinkphp/lang/zh-cn.php
---------------------------------------------------------------

[2020-11-11T14:31:58+08:00] 106.77.58.123 GET 101.132.45.200/currentsetting.htm
[运行时间：0.003120s] [吞吐率：320.49req/s] [内存消耗：522.79kb] [文件加载：109]
[ info ] [ LANG ] /var/www/mishop/thinkphp/lang/zh-cn.php
---------------------------------------------------------------

[2020-11-11T15:26:47+08:00] 161.97.102.79 GET mishop.holyzq.com/.env
[运行时间：0.003512s] [吞吐率：284.75req/s] [内存消耗：522.77kb] [文件加载：109]
[ info ] [ LANG ] /var/www/mishop/thinkphp/lang/zh-cn.php
---------------------------------------------------------------

[2020-11-11T15:42:27+08:00] 47.100.15.14 GET mishop.holyzq.com/
[运行时间：0.004918s] [吞吐率：203.34req/s] [内存消耗：861.63kb] [文件加载：188]
[ info ] [ LANG ] /var/www/mishop/thinkphp/lang/zh-cn.php
[ info ] [ ROUTE ] array (
)
[ info ] [ HEADER ] array (
  'accept-encoding' => 'gzip',
  'connection' => 'Keep-Alive',
  'host' => 'mishop.holyzq.com',
  'user-agent' => 'Mozilla/5.0 (X11; Ubuntu; Linux x86_64; rv:36.0) Gecko/20100101 Firefox/36.0',
  'content-type' => '',
  'content-length' => '',
)
[ info ] [ PARAM ] array (
)
[ info ] null
---------------------------------------------------------------

[2020-11-11T16:54:48+08:00] 47.100.61.51 GET mishop.holyzq.com/
[运行时间：0.004754s] [吞吐率：210.35req/s] [内存消耗：861.63kb] [文件加载：188]
[ info ] [ LANG ] /var/www/mishop/thinkphp/lang/zh-cn.php
[ info ] [ ROUTE ] array (
)
[ info ] [ HEADER ] array (
  'accept-encoding' => 'gzip',
  'connection' => 'Keep-Alive',
  'host' => 'mishop.holyzq.com',
  'user-agent' => 'Mozilla/5.0 (X11; Ubuntu; Linux x86_64; rv:36.0) Gecko/20100101 Firefox/36.0',
  'content-type' => '',
  'content-length' => '',
)
[ info ] [ PARAM ] array (
)
[ info ] null
---------------------------------------------------------------

[2020-11-11T17:02:41+08:00] 112.196.162.163 GET 101.132.45.200/currentsetting.htm
[运行时间：0.003025s] [吞吐率：330.57req/s] [内存消耗：522.79kb] [文件加载：109]
[ info ] [ LANG ] /var/www/mishop/thinkphp/lang/zh-cn.php
---------------------------------------------------------------

[2020-11-11T17:28:09+08:00] 45.83.64.189 GET 101.132.45.200/
[运行时间：0.004555s] [吞吐率：219.54req/s] [内存消耗：864.84kb] [文件加载：188]
[ info ] [ LANG ] /var/www/mishop/thinkphp/lang/zh-cn.php
[ info ] [ ROUTE ] array (
)
[ info ] [ HEADER ] array (
  'accept-encoding' => 'gzip',
  'pragma' => 'no-cache',
  'connection' => 'keep-alive',
  'cache-control' => 'no-cache',
  'accept-language' => 'en;q=0.7,en-US;q=0.3',
  'accept' => '*/*',
  'user-agent' => 'Mozilla/5.0 (Windows NT 10.0; Win64; x64; rv:65.0) Gecko/20100101 Firefox/65.0',
  'host' => '101.132.45.200',
  'content-type' => '',
  'content-length' => '',
)
[ info ] [ PARAM ] array (
)
[ info ] null
---------------------------------------------------------------

[2020-11-11T18:15:34+08:00] 41.224.246.8 GET 101.132.45.200/currentsetting.htm
[运行时间：0.003342s] [吞吐率：299.21req/s] [内存消耗：522.79kb] [文件加载：109]
[ info ] [ LANG ] /var/www/mishop/thinkphp/lang/zh-cn.php
---------------------------------------------------------------

[2020-11-11T18:45:04+08:00] 128.14.209.250 GET 101.132.45.200/
[运行时间：0.004364s] [吞吐率：229.16req/s] [内存消耗：861.73kb] [文件加载：188]
[ info ] [ LANG ] /var/www/mishop/thinkphp/lang/zh-cn.php
[ info ] [ ROUTE ] array (
)
[ info ] [ HEADER ] array (
  'accept-encoding' => 'gzip',
  'accept' => '*/*',
  'user-agent' => 'Mozilla/5.0 (Windows NT 10.0; Win64; x64) AppleWebKit/537.36 (KHTML, like Gecko) Chrome/60.0.3112.113 Safari/537.36',
  'host' => '101.132.45.200',
  'content-type' => '',
  'content-length' => '',
)
[ info ] [ PARAM ] array (
)
[ info ] null
---------------------------------------------------------------

[2020-11-11T19:31:24+08:00] 74.120.14.39 GET 101.132.45.200:443/
[运行时间：0.004529s] [吞吐率：220.80req/s] [内存消耗：859.90kb] [文件加载：188]
[ info ] [ LANG ] /var/www/mishop/thinkphp/lang/zh-cn.php
[ info ] [ ROUTE ] array (
)
[ info ] [ HEADER ] array (
  'host' => '101.132.45.200:443',
  'content-type' => '',
  'content-length' => '',
)
[ info ] [ PARAM ] array (
)
[ info ] null
---------------------------------------------------------------

[2020-11-11T19:31:26+08:00] 74.120.14.39 GET 101.132.45.200/
[运行时间：0.003490s] [吞吐率：286.54req/s] [内存消耗：861.61kb] [文件加载：188]
[ info ] [ LANG ] /var/www/mishop/thinkphp/lang/zh-cn.php
[ info ] [ ROUTE ] array (
)
[ info ] [ HEADER ] array (
  'accept-encoding' => 'gzip',
  'accept' => '*/*',
  'user-agent' => 'Mozilla/5.0 (compatible; CensysInspect/1.1; +https://about.censys.io/)',
  'host' => '101.132.45.200',
  'content-type' => '',
  'content-length' => '',
)
[ info ] [ PARAM ] array (
)
[ info ] null
---------------------------------------------------------------

[2020-11-11T19:39:55+08:00] 45.249.91.246 GET 101.132.45.200/
[运行时间：0.004672s] [吞吐率：214.04req/s] [内存消耗：862.49kb] [文件加载：188]
[ info ] [ LANG ] /var/www/mishop/thinkphp/lang/zh-cn.php
[ info ] [ ROUTE ] array (
)
[ info ] [ HEADER ] array (
  'user-agent' => 'Mozilla/5.0 (Windows NT 5.1; rv:9.0.1) Gecko/20100101 Firefox/9.0.1',
  'accept-language' => 'en-US;q=0.6,en;q=0.4',
  'accept-encoding' => 'deflate, gzip, identity',
  'accept' => 'text/html,application/xhtml+xml,application/xml;q=0.9,*/*;q=0.8',
  'host' => '101.132.45.200',
  'content-type' => '',
  'content-length' => '',
)
[ info ] [ PARAM ] array (
)
[ info ] null
---------------------------------------------------------------

[2020-11-11T19:39:56+08:00] 45.249.91.246 GET open.weixin.qq.com/connect/oauth2/authorize?appid=wxe846b6db8a21a631&redirect_uri=https%3A%2F%2F101.132.45.200%2F&response_type=code&scope=snsapi_userinfo&state=bf249bd0ea82432d2531437ec4e8a0db&connect_redirect=1
[运行时间：0.002794s] [吞吐率：357.91req/s] [内存消耗：522.80kb] [文件加载：109]
[ info ] [ LANG ] /var/www/mishop/thinkphp/lang/zh-cn.php
---------------------------------------------------------------

[2020-11-11T19:40:06+08:00] 45.249.91.246 GET open.weixin.qq.com/HNAP1/
[运行时间：0.003269s] [吞吐率：305.91req/s] [内存消耗：522.78kb] [文件加载：109]
[ info ] [ LANG ] /var/www/mishop/thinkphp/lang/zh-cn.php
---------------------------------------------------------------

[2020-11-11T19:40:08+08:00] 45.249.91.246 GET open.weixin.qq.com/hudson/script
[运行时间：0.004201s] [吞吐率：238.04req/s] [内存消耗：522.79kb] [文件加载：109]
[ info ] [ LANG ] /var/www/mishop/thinkphp/lang/zh-cn.php
---------------------------------------------------------------

[2020-11-11T19:40:09+08:00] 45.249.91.246 GET open.weixin.qq.com/script
[运行时间：0.003197s] [吞吐率：312.80req/s] [内存消耗：522.78kb] [文件加载：109]
[ info ] [ LANG ] /var/www/mishop/thinkphp/lang/zh-cn.php
---------------------------------------------------------------

[2020-11-11T19:40:21+08:00] 45.249.91.246 GET open.weixin.qq.com/phpmyadmin/
[运行时间：0.002917s] [吞吐率：342.81req/s] [内存消耗：522.79kb] [文件加载：109]
[ info ] [ LANG ] /var/www/mishop/thinkphp/lang/zh-cn.php
---------------------------------------------------------------

[2020-11-11T19:40:25+08:00] 45.249.91.246 GET open.weixin.qq.com/phpMyAdmin/
[运行时间：0.003521s] [吞吐率：284.01req/s] [内存消耗：522.79kb] [文件加载：109]
[ info ] [ LANG ] /var/www/mishop/thinkphp/lang/zh-cn.php
---------------------------------------------------------------

[2020-11-11T19:40:26+08:00] 45.249.91.246 GET open.weixin.qq.com/PMA/
[运行时间：0.002596s] [吞吐率：385.22req/s] [内存消耗：522.78kb] [文件加载：109]
[ info ] [ LANG ] /var/www/mishop/thinkphp/lang/zh-cn.php
---------------------------------------------------------------

[2020-11-11T19:40:27+08:00] 45.249.91.246 GET open.weixin.qq.com/pma/
[运行时间：0.002691s] [吞吐率：371.60req/s] [内存消耗：522.78kb] [文件加载：109]
[ info ] [ LANG ] /var/www/mishop/thinkphp/lang/zh-cn.php
---------------------------------------------------------------

[2020-11-11T19:40:28+08:00] 45.249.91.246 GET open.weixin.qq.com/admin/
[运行时间：0.003021s] [吞吐率：331.02req/s] [内存消耗：565.43kb] [文件加载：123]
[ info ] [ LANG ] /var/www/mishop/thinkphp/lang/zh-cn.php
[ info ] [ ROUTE ] array (
)
[ info ] [ HEADER ] array (
  'cookie' => 'PHPSESSID=gnnebmcmabd1l0guv425j048pu',
  'user-agent' => 'Mozilla/5.0 (Windows NT 5.1; rv:9.0.1) Gecko/20100101 Firefox/9.0.1',
  'referer' => 'https://open.weixin.qq.com/',
  'accept-language' => 'en-US;q=0.6,en;q=0.4',
  'accept-encoding' => 'deflate, gzip, identity',
  'accept' => 'text/html,application/xhtml+xml,application/xml;q=0.9,*/*;q=0.8',
  'host' => 'open.weixin.qq.com',
  'content-type' => '',
  'content-length' => '',
)
[ info ] [ PARAM ] array (
)
[ info ] [ VIEW ] /var/www/mishop/thinkphp/tpl/dispatch_jump.tpl [ array (
  0 => 'code',
  1 => 'msg',
  2 => 'data',
  3 => 'url',
  4 => 'wait',
) ]
---------------------------------------------------------------

[2020-11-11T19:40:29+08:00] 45.249.91.246 GET open.weixin.qq.com/dbadmin/
[运行时间：0.002805s] [吞吐率：356.51req/s] [内存消耗：522.79kb] [文件加载：109]
[ info ] [ LANG ] /var/www/mishop/thinkphp/lang/zh-cn.php
---------------------------------------------------------------

[2020-11-11T19:40:30+08:00] 45.249.91.246 GET open.weixin.qq.com/mysql/
[运行时间：0.002730s] [吞吐率：366.28req/s] [内存消耗：522.78kb] [文件加载：109]
[ info ] [ LANG ] /var/www/mishop/thinkphp/lang/zh-cn.php
---------------------------------------------------------------

[2020-11-11T19:40:31+08:00] 45.249.91.246 GET open.weixin.qq.com/myadmin/
[运行时间：0.003058s] [吞吐率：327.02req/s] [内存消耗：522.79kb] [文件加载：109]
[ info ] [ LANG ] /var/www/mishop/thinkphp/lang/zh-cn.php
---------------------------------------------------------------

[2020-11-11T19:40:32+08:00] 45.249.91.246 GET open.weixin.qq.com/openserver/phpmyadmin/
[运行时间：0.002798s] [吞吐率：357.42req/s] [内存消耗：522.80kb] [文件加载：109]
[ info ] [ LANG ] /var/www/mishop/thinkphp/lang/zh-cn.php
---------------------------------------------------------------

[2020-11-11T19:40:36+08:00] 45.249.91.246 GET open.weixin.qq.com/phpmyadmin2/
[运行时间：0.003047s] [吞吐率：328.19req/s] [内存消耗：522.79kb] [文件加载：109]
[ info ] [ LANG ] /var/www/mishop/thinkphp/lang/zh-cn.php
---------------------------------------------------------------

[2020-11-11T19:40:37+08:00] 45.249.91.246 GET open.weixin.qq.com/phpMyAdmin2/
[运行时间：0.002987s] [吞吐率：334.79req/s] [内存消耗：522.79kb] [文件加载：109]
[ info ] [ LANG ] /var/www/mishop/thinkphp/lang/zh-cn.php
---------------------------------------------------------------

[2020-11-11T19:40:39+08:00] 45.249.91.246 GET open.weixin.qq.com/phpMyAdmin-2/
[运行时间：0.003417s] [吞吐率：292.65req/s] [内存消耗：522.79kb] [文件加载：109]
[ info ] [ LANG ] /var/www/mishop/thinkphp/lang/zh-cn.php
---------------------------------------------------------------

[2020-11-11T19:40:40+08:00] 45.249.91.246 GET open.weixin.qq.com/php-my-admin/
[运行时间：0.003619s] [吞吐率：276.32req/s] [内存消耗：522.79kb] [文件加载：109]
[ info ] [ LANG ] /var/www/mishop/thinkphp/lang/zh-cn.php
---------------------------------------------------------------

[2020-11-11T19:40:41+08:00] 45.249.91.246 GET open.weixin.qq.com/phpMyAdmin-2.2.3/
[运行时间：0.003051s] [吞吐率：327.76req/s] [内存消耗：522.80kb] [文件加载：109]
[ info ] [ LANG ] /var/www/mishop/thinkphp/lang/zh-cn.php
---------------------------------------------------------------

[2020-11-11T19:40:42+08:00] 45.249.91.246 GET open.weixin.qq.com/phpMyAdmin-2.2.6/
[运行时间：0.003138s] [吞吐率：318.67req/s] [内存消耗：522.80kb] [文件加载：109]
[ info ] [ LANG ] /var/www/mishop/thinkphp/lang/zh-cn.php
---------------------------------------------------------------

[2020-11-11T19:40:43+08:00] 45.249.91.246 GET open.weixin.qq.com/phpMyAdmin-2.5.1/
[运行时间：0.002893s] [吞吐率：345.67req/s] [内存消耗：522.80kb] [文件加载：109]
[ info ] [ LANG ] /var/www/mishop/thinkphp/lang/zh-cn.php
---------------------------------------------------------------

[2020-11-11T19:40:45+08:00] 45.249.91.246 GET open.weixin.qq.com/phpMyAdmin-2.5.4/
[运行时间：0.003436s] [吞吐率：291.03req/s] [内存消耗：522.80kb] [文件加载：109]
[ info ] [ LANG ] /var/www/mishop/thinkphp/lang/zh-cn.php
---------------------------------------------------------------

[2020-11-11T19:40:46+08:00] 45.249.91.246 GET open.weixin.qq.com/phpMyAdmin-2.5.5-rc1/
[运行时间：0.002813s] [吞吐率：355.51req/s] [内存消耗：522.80kb] [文件加载：109]
[ info ] [ LANG ] /var/www/mishop/thinkphp/lang/zh-cn.php
---------------------------------------------------------------

[2020-11-11T19:40:47+08:00] 45.249.91.246 GET open.weixin.qq.com/phpMyAdmin-2.5.5-rc2/
[运行时间：0.002710s] [吞吐率：368.99req/s] [内存消耗：522.80kb] [文件加载：109]
[ info ] [ LANG ] /var/www/mishop/thinkphp/lang/zh-cn.php
---------------------------------------------------------------

[2020-11-11T19:40:48+08:00] 45.249.91.246 GET open.weixin.qq.com/phpMyAdmin-2.5.5/
[运行时间：0.003056s] [吞吐率：327.22req/s] [内存消耗：522.80kb] [文件加载：109]
[ info ] [ LANG ] /var/www/mishop/thinkphp/lang/zh-cn.php
---------------------------------------------------------------

[2020-11-11T19:40:49+08:00] 45.249.91.246 GET open.weixin.qq.com/phpMyAdmin-2.5.5-pl1/
[运行时间：0.002862s] [吞吐率：349.41req/s] [内存消耗：522.80kb] [文件加载：109]
[ info ] [ LANG ] /var/www/mishop/thinkphp/lang/zh-cn.php
---------------------------------------------------------------

[2020-11-11T19:40:50+08:00] 45.249.91.246 GET open.weixin.qq.com/phpMyAdmin-2.5.6-rc1/
[运行时间：0.002653s] [吞吐率：376.91req/s] [内存消耗：522.80kb] [文件加载：109]
[ info ] [ LANG ] /var/www/mishop/thinkphp/lang/zh-cn.php
---------------------------------------------------------------

[2020-11-11T19:40:51+08:00] 45.249.91.246 GET open.weixin.qq.com/phpMyAdmin-2.5.6-rc2/
[运行时间：0.002901s] [吞吐率：344.70req/s] [内存消耗：522.80kb] [文件加载：109]
[ info ] [ LANG ] /var/www/mishop/thinkphp/lang/zh-cn.php
---------------------------------------------------------------

[2020-11-11T19:40:52+08:00] 45.249.91.246 GET open.weixin.qq.com/phpMyAdmin-2.5.6/
[运行时间：0.002822s] [吞吐率：354.34req/s] [内存消耗：522.80kb] [文件加载：109]
[ info ] [ LANG ] /var/www/mishop/thinkphp/lang/zh-cn.php
---------------------------------------------------------------

[2020-11-11T19:40:54+08:00] 45.249.91.246 GET open.weixin.qq.com/phpMyAdmin-2.5.7/
[运行时间：0.003774s] [吞吐率：264.96req/s] [内存消耗：522.80kb] [文件加载：109]
[ info ] [ LANG ] /var/www/mishop/thinkphp/lang/zh-cn.php
---------------------------------------------------------------

[2020-11-11T19:40:55+08:00] 45.249.91.246 GET open.weixin.qq.com/phpMyAdmin-2.5.7-pl1/
[运行时间：0.002934s] [吞吐率：340.83req/s] [内存消耗：522.80kb] [文件加载：109]
[ info ] [ LANG ] /var/www/mishop/thinkphp/lang/zh-cn.php
---------------------------------------------------------------

[2020-11-11T19:40:56+08:00] 45.249.91.246 GET open.weixin.qq.com/phpMyAdmin-2.6.0-alpha/
[运行时间：0.002761s] [吞吐率：362.20req/s] [内存消耗：522.80kb] [文件加载：109]
[ info ] [ LANG ] /var/www/mishop/thinkphp/lang/zh-cn.php
---------------------------------------------------------------

[2020-11-11T19:40:58+08:00] 45.249.91.246 GET open.weixin.qq.com/phpMyAdmin-2.6.0-alpha2/
[运行时间：0.003317s] [吞吐率：301.47req/s] [内存消耗：522.80kb] [文件加载：109]
[ info ] [ LANG ] /var/www/mishop/thinkphp/lang/zh-cn.php
---------------------------------------------------------------

[2020-11-11T19:41:00+08:00] 45.249.91.246 GET open.weixin.qq.com/phpMyAdmin-2.6.0-beta1/
[运行时间：0.003000s] [吞吐率：333.33req/s] [内存消耗：522.80kb] [文件加载：109]
[ info ] [ LANG ] /var/www/mishop/thinkphp/lang/zh-cn.php
---------------------------------------------------------------

[2020-11-11T19:41:01+08:00] 45.249.91.246 GET open.weixin.qq.com/phpMyAdmin-2.6.0-beta2/
[运行时间：0.003397s] [吞吐率：294.38req/s] [内存消耗：522.80kb] [文件加载：109]
[ info ] [ LANG ] /var/www/mishop/thinkphp/lang/zh-cn.php
---------------------------------------------------------------

[2020-11-11T19:41:02+08:00] 45.249.91.246 GET open.weixin.qq.com/phpMyAdmin-2.6.0-rc1/
[运行时间：0.002812s] [吞吐率：355.60req/s] [内存消耗：522.80kb] [文件加载：109]
[ info ] [ LANG ] /var/www/mishop/thinkphp/lang/zh-cn.php
---------------------------------------------------------------

[2020-11-11T19:41:03+08:00] 45.249.91.246 GET open.weixin.qq.com/phpMyAdmin-2.6.0-rc2/
[运行时间：0.002956s] [吞吐率：338.30req/s] [内存消耗：522.80kb] [文件加载：109]
[ info ] [ LANG ] /var/www/mishop/thinkphp/lang/zh-cn.php
---------------------------------------------------------------

[2020-11-11T19:41:04+08:00] 45.249.91.246 GET open.weixin.qq.com/phpMyAdmin-2.6.0-rc3/
[运行时间：0.003063s] [吞吐率：326.48req/s] [内存消耗：522.80kb] [文件加载：109]
[ info ] [ LANG ] /var/www/mishop/thinkphp/lang/zh-cn.php
---------------------------------------------------------------

[2020-11-11T19:41:05+08:00] 45.249.91.246 GET open.weixin.qq.com/phpMyAdmin-2.6.0/
[运行时间：0.002905s] [吞吐率：344.25req/s] [内存消耗：522.80kb] [文件加载：109]
[ info ] [ LANG ] /var/www/mishop/thinkphp/lang/zh-cn.php
---------------------------------------------------------------

[2020-11-11T19:41:06+08:00] 45.249.91.246 GET open.weixin.qq.com/phpMyAdmin-2.6.0-pl1/
[运行时间：0.002761s] [吞吐率：362.17req/s] [内存消耗：522.80kb] [文件加载：109]
[ info ] [ LANG ] /var/www/mishop/thinkphp/lang/zh-cn.php
---------------------------------------------------------------

[2020-11-11T19:41:07+08:00] 45.249.91.246 GET open.weixin.qq.com/phpMyAdmin-2.6.0-pl2/
[运行时间：0.003086s] [吞吐率：324.06req/s] [内存消耗：522.80kb] [文件加载：109]
[ info ] [ LANG ] /var/www/mishop/thinkphp/lang/zh-cn.php
---------------------------------------------------------------

[2020-11-11T19:41:09+08:00] 45.249.91.246 GET open.weixin.qq.com/phpMyAdmin-2.6.0-pl3/
[运行时间：0.002752s] [吞吐率：363.36req/s] [内存消耗：522.80kb] [文件加载：109]
[ info ] [ LANG ] /var/www/mishop/thinkphp/lang/zh-cn.php
---------------------------------------------------------------

[2020-11-11T19:41:10+08:00] 45.249.91.246 GET open.weixin.qq.com/phpMyAdmin-2.6.1-rc1/
[运行时间：0.003093s] [吞吐率：323.31req/s] [内存消耗：522.80kb] [文件加载：109]
[ info ] [ LANG ] /var/www/mishop/thinkphp/lang/zh-cn.php
---------------------------------------------------------------

[2020-11-11T19:41:11+08:00] 45.249.91.246 GET open.weixin.qq.com/phpMyAdmin-2.6.1-rc2/
[运行时间：0.002618s] [吞吐率：381.96req/s] [内存消耗：522.80kb] [文件加载：109]
[ info ] [ LANG ] /var/www/mishop/thinkphp/lang/zh-cn.php
---------------------------------------------------------------

[2020-11-11T19:41:12+08:00] 45.249.91.246 GET open.weixin.qq.com/phpMyAdmin-2.6.1/
[运行时间：0.002628s] [吞吐率：380.54req/s] [内存消耗：522.80kb] [文件加载：109]
[ info ] [ LANG ] /var/www/mishop/thinkphp/lang/zh-cn.php
---------------------------------------------------------------

[2020-11-11T19:41:13+08:00] 45.249.91.246 GET open.weixin.qq.com/phpMyAdmin-2.6.1-pl1/
[运行时间：0.002943s] [吞吐率：339.78req/s] [内存消耗：522.80kb] [文件加载：109]
[ info ] [ LANG ] /var/www/mishop/thinkphp/lang/zh-cn.php
---------------------------------------------------------------

[2020-11-11T19:41:14+08:00] 45.249.91.246 GET open.weixin.qq.com/phpMyAdmin-2.6.1-pl2/
[运行时间：0.002995s] [吞吐率：333.89req/s] [内存消耗：522.80kb] [文件加载：109]
[ info ] [ LANG ] /var/www/mishop/thinkphp/lang/zh-cn.php
---------------------------------------------------------------

[2020-11-11T19:41:15+08:00] 45.249.91.246 GET open.weixin.qq.com/phpMyAdmin-2.6.1-pl3/
[运行时间：0.002727s] [吞吐率：366.70req/s] [内存消耗：522.80kb] [文件加载：109]
[ info ] [ LANG ] /var/www/mishop/thinkphp/lang/zh-cn.php
---------------------------------------------------------------

[2020-11-11T19:41:16+08:00] 45.249.91.246 GET open.weixin.qq.com/phpMyAdmin-2.6.2-rc1/
[运行时间：0.003224s] [吞吐率：310.16req/s] [内存消耗：522.80kb] [文件加载：109]
[ info ] [ LANG ] /var/www/mishop/thinkphp/lang/zh-cn.php
---------------------------------------------------------------

[2020-11-11T19:41:17+08:00] 45.249.91.246 GET open.weixin.qq.com/phpMyAdmin-2.6.2-beta1/
[运行时间：0.002881s] [吞吐率：347.10req/s] [内存消耗：522.80kb] [文件加载：109]
[ info ] [ LANG ] /var/www/mishop/thinkphp/lang/zh-cn.php
---------------------------------------------------------------

[2020-11-11T19:41:19+08:00] 45.249.91.246 GET open.weixin.qq.com/phpMyAdmin-2.6.2-rc1/
[运行时间：0.003297s] [吞吐率：303.30req/s] [内存消耗：522.80kb] [文件加载：109]
[ info ] [ LANG ] /var/www/mishop/thinkphp/lang/zh-cn.php
---------------------------------------------------------------

[2020-11-11T19:41:20+08:00] 45.249.91.246 GET open.weixin.qq.com/phpMyAdmin-2.6.2/
[运行时间：0.002917s] [吞吐率：342.81req/s] [内存消耗：522.80kb] [文件加载：109]
[ info ] [ LANG ] /var/www/mishop/thinkphp/lang/zh-cn.php
---------------------------------------------------------------

[2020-11-11T19:41:21+08:00] 45.249.91.246 GET open.weixin.qq.com/phpMyAdmin-2.6.2-pl1/
[运行时间：0.002749s] [吞吐率：363.77req/s] [内存消耗：522.80kb] [文件加载：109]
[ info ] [ LANG ] /var/www/mishop/thinkphp/lang/zh-cn.php
---------------------------------------------------------------

[2020-11-11T19:41:22+08:00] 45.249.91.246 GET open.weixin.qq.com/phpMyAdmin-2.6.3/
[运行时间：0.003045s] [吞吐率：328.40req/s] [内存消耗：522.80kb] [文件加载：109]
[ info ] [ LANG ] /var/www/mishop/thinkphp/lang/zh-cn.php
---------------------------------------------------------------

[2020-11-11T19:41:25+08:00] 45.249.91.246 GET open.weixin.qq.com/phpMyAdmin-2.6.3-rc1/
[运行时间：0.002990s] [吞吐率：334.47req/s] [内存消耗：522.80kb] [文件加载：109]
[ info ] [ LANG ] /var/www/mishop/thinkphp/lang/zh-cn.php
---------------------------------------------------------------

[2020-11-11T19:41:28+08:00] 45.249.91.246 GET open.weixin.qq.com/phpMyAdmin-2.6.3/
[运行时间：0.002847s] [吞吐率：351.22req/s] [内存消耗：522.80kb] [文件加载：109]
[ info ] [ LANG ] /var/www/mishop/thinkphp/lang/zh-cn.php
---------------------------------------------------------------

[2020-11-11T19:41:29+08:00] 45.249.91.246 GET open.weixin.qq.com/phpMyAdmin-2.6.3-pl1/
[运行时间：0.002719s] [吞吐率：367.76req/s] [内存消耗：522.80kb] [文件加载：109]
[ info ] [ LANG ] /var/www/mishop/thinkphp/lang/zh-cn.php
---------------------------------------------------------------

[2020-11-11T19:41:30+08:00] 45.249.91.246 GET open.weixin.qq.com/phpMyAdmin-2.6.4-rc1/
[运行时间：0.002836s] [吞吐率：352.61req/s] [内存消耗：522.80kb] [文件加载：109]
[ info ] [ LANG ] /var/www/mishop/thinkphp/lang/zh-cn.php
---------------------------------------------------------------

[2020-11-11T19:41:31+08:00] 45.249.91.246 GET open.weixin.qq.com/phpMyAdmin-2.6.4-pl1/
[运行时间：0.003103s] [吞吐率：322.27req/s] [内存消耗：522.80kb] [文件加载：109]
[ info ] [ LANG ] /var/www/mishop/thinkphp/lang/zh-cn.php
---------------------------------------------------------------

[2020-11-11T19:41:32+08:00] 45.249.91.246 GET open.weixin.qq.com/phpMyAdmin-2.6.4-pl2/
[运行时间：0.002511s] [吞吐率：398.24req/s] [内存消耗：522.80kb] [文件加载：109]
[ info ] [ LANG ] /var/www/mishop/thinkphp/lang/zh-cn.php
---------------------------------------------------------------

[2020-11-11T19:41:33+08:00] 45.249.91.246 GET open.weixin.qq.com/phpMyAdmin-2.6.4-pl3/
[运行时间：0.002889s] [吞吐率：346.15req/s] [内存消耗：522.80kb] [文件加载：109]
[ info ] [ LANG ] /var/www/mishop/thinkphp/lang/zh-cn.php
---------------------------------------------------------------

[2020-11-11T19:41:34+08:00] 45.249.91.246 GET open.weixin.qq.com/phpMyAdmin-2.6.4-pl4/
[运行时间：0.003098s] [吞吐率：322.79req/s] [内存消耗：522.80kb] [文件加载：109]
[ info ] [ LANG ] /var/www/mishop/thinkphp/lang/zh-cn.php
---------------------------------------------------------------

[2020-11-11T19:41:35+08:00] 45.249.91.246 GET open.weixin.qq.com/phpMyAdmin-2.6.4/
[运行时间：0.003099s] [吞吐率：322.66req/s] [内存消耗：522.80kb] [文件加载：109]
[ info ] [ LANG ] /var/www/mishop/thinkphp/lang/zh-cn.php
---------------------------------------------------------------

[2020-11-11T19:41:36+08:00] 45.249.91.246 GET open.weixin.qq.com/phpMyAdmin-2.7.0-beta1/
[运行时间：0.003096s] [吞吐率：322.99req/s] [内存消耗：522.80kb] [文件加载：109]
[ info ] [ LANG ] /var/www/mishop/thinkphp/lang/zh-cn.php
---------------------------------------------------------------

[2020-11-11T19:41:41+08:00] 45.249.91.246 GET open.weixin.qq.com/phpMyAdmin-2.7.0-rc1/
[运行时间：0.003331s] [吞吐率：300.22req/s] [内存消耗：522.80kb] [文件加载：109]
[ info ] [ LANG ] /var/www/mishop/thinkphp/lang/zh-cn.php
---------------------------------------------------------------

[2020-11-11T19:41:42+08:00] 45.249.91.246 GET open.weixin.qq.com/phpMyAdmin-2.7.0-pl1/
[运行时间：0.002908s] [吞吐率：343.88req/s] [内存消耗：522.80kb] [文件加载：109]
[ info ] [ LANG ] /var/www/mishop/thinkphp/lang/zh-cn.php
---------------------------------------------------------------

[2020-11-11T19:41:43+08:00] 45.249.91.246 GET open.weixin.qq.com/phpMyAdmin-2.7.0-pl2/
[运行时间：0.002896s] [吞吐率：345.30req/s] [内存消耗：522.80kb] [文件加载：109]
[ info ] [ LANG ] /var/www/mishop/thinkphp/lang/zh-cn.php
---------------------------------------------------------------

[2020-11-11T19:41:44+08:00] 45.249.91.246 GET open.weixin.qq.com/phpMyAdmin-2.7.0/
[运行时间：0.002974s] [吞吐率：336.24req/s] [内存消耗：522.80kb] [文件加载：109]
[ info ] [ LANG ] /var/www/mishop/thinkphp/lang/zh-cn.php
---------------------------------------------------------------

[2020-11-11T19:41:45+08:00] 45.249.91.246 GET open.weixin.qq.com/phpMyAdmin-2.8.0-beta1/
[运行时间：0.003055s] [吞吐率：327.32req/s] [内存消耗：522.80kb] [文件加载：109]
[ info ] [ LANG ] /var/www/mishop/thinkphp/lang/zh-cn.php
---------------------------------------------------------------

[2020-11-11T19:41:46+08:00] 45.249.91.246 GET open.weixin.qq.com/phpMyAdmin-2.8.0-rc1/
[运行时间：0.002844s] [吞吐率：351.64req/s] [内存消耗：522.80kb] [文件加载：109]
[ info ] [ LANG ] /var/www/mishop/thinkphp/lang/zh-cn.php
---------------------------------------------------------------

[2020-11-11T19:41:47+08:00] 45.249.91.246 GET open.weixin.qq.com/phpMyAdmin-2.8.0-rc2/
[运行时间：0.002951s] [吞吐率：338.88req/s] [内存消耗：522.80kb] [文件加载：109]
[ info ] [ LANG ] /var/www/mishop/thinkphp/lang/zh-cn.php
---------------------------------------------------------------

[2020-11-11T19:41:48+08:00] 45.249.91.246 GET open.weixin.qq.com/phpMyAdmin-2.8.0/
[运行时间：0.003488s] [吞吐率：286.69req/s] [内存消耗：522.80kb] [文件加载：109]
[ info ] [ LANG ] /var/www/mishop/thinkphp/lang/zh-cn.php
---------------------------------------------------------------

[2020-11-11T19:41:50+08:00] 45.249.91.246 GET open.weixin.qq.com/phpMyAdmin-2.8.0.1/
[运行时间：0.003412s] [吞吐率：293.08req/s] [内存消耗：522.80kb] [文件加载：109]
[ info ] [ LANG ] /var/www/mishop/thinkphp/lang/zh-cn.php
---------------------------------------------------------------

[2020-11-11T19:41:51+08:00] 45.249.91.246 GET open.weixin.qq.com/phpMyAdmin-2.8.0.2/
[运行时间：0.002648s] [吞吐率：377.63req/s] [内存消耗：522.80kb] [文件加载：109]
[ info ] [ LANG ] /var/www/mishop/thinkphp/lang/zh-cn.php
---------------------------------------------------------------

[2020-11-11T19:41:52+08:00] 45.249.91.246 GET open.weixin.qq.com/phpMyAdmin-2.8.0.3/
[运行时间：0.002992s] [吞吐率：334.21req/s] [内存消耗：522.80kb] [文件加载：109]
[ info ] [ LANG ] /var/www/mishop/thinkphp/lang/zh-cn.php
---------------------------------------------------------------

[2020-11-11T19:41:53+08:00] 45.249.91.246 GET open.weixin.qq.com/phpMyAdmin-2.8.0.4/
[运行时间：0.003408s] [吞吐率：293.43req/s] [内存消耗：522.80kb] [文件加载：109]
[ info ] [ LANG ] /var/www/mishop/thinkphp/lang/zh-cn.php
---------------------------------------------------------------

[2020-11-11T19:41:54+08:00] 45.249.91.246 GET open.weixin.qq.com/phpMyAdmin-2.8.1-rc1/
[运行时间：0.003863s] [吞吐率：258.86req/s] [内存消耗：522.80kb] [文件加载：109]
[ info ] [ LANG ] /var/www/mishop/thinkphp/lang/zh-cn.php
---------------------------------------------------------------

[2020-11-11T19:41:55+08:00] 45.249.91.246 GET open.weixin.qq.com/phpMyAdmin-2.8.1/
[运行时间：0.002959s] [吞吐率：337.95req/s] [内存消耗：522.80kb] [文件加载：109]
[ info ] [ LANG ] /var/www/mishop/thinkphp/lang/zh-cn.php
---------------------------------------------------------------

[2020-11-11T19:41:59+08:00] 45.249.91.246 GET open.weixin.qq.com/phpMyAdmin-2.8.2/
[运行时间：0.003304s] [吞吐率：302.66req/s] [内存消耗：522.80kb] [文件加载：109]
[ info ] [ LANG ] /var/www/mishop/thinkphp/lang/zh-cn.php
---------------------------------------------------------------

[2020-11-11T19:42:00+08:00] 45.249.91.246 GET open.weixin.qq.com/sqlmanager/
[运行时间：0.002936s] [吞吐率：340.61req/s] [内存消耗：522.79kb] [文件加载：109]
[ info ] [ LANG ] /var/www/mishop/thinkphp/lang/zh-cn.php
---------------------------------------------------------------

[2020-11-11T19:42:01+08:00] 45.249.91.246 GET open.weixin.qq.com/mysqlmanager/
[运行时间：0.002882s] [吞吐率：346.98req/s] [内存消耗：522.79kb] [文件加载：109]
[ info ] [ LANG ] /var/www/mishop/thinkphp/lang/zh-cn.php
---------------------------------------------------------------

[2020-11-11T19:42:02+08:00] 45.249.91.246 GET open.weixin.qq.com/p/m/a/
[运行时间：0.002952s] [吞吐率：338.74req/s] [内存消耗：522.78kb] [文件加载：109]
[ info ] [ LANG ] /var/www/mishop/thinkphp/lang/zh-cn.php
---------------------------------------------------------------

[2020-11-11T19:42:03+08:00] 45.249.91.246 GET open.weixin.qq.com/PMA2005/
[运行时间：0.002688s] [吞吐率：372.00req/s] [内存消耗：522.79kb] [文件加载：109]
[ info ] [ LANG ] /var/www/mishop/thinkphp/lang/zh-cn.php
---------------------------------------------------------------

[2020-11-11T19:42:05+08:00] 45.249.91.246 GET open.weixin.qq.com/pma2005/
[运行时间：0.003055s] [吞吐率：327.35req/s] [内存消耗：522.79kb] [文件加载：109]
[ info ] [ LANG ] /var/www/mishop/thinkphp/lang/zh-cn.php
---------------------------------------------------------------

[2020-11-11T19:42:06+08:00] 45.249.91.246 GET open.weixin.qq.com/phpmanager/
[运行时间：0.002678s] [吞吐率：373.42req/s] [内存消耗：522.79kb] [文件加载：109]
[ info ] [ LANG ] /var/www/mishop/thinkphp/lang/zh-cn.php
---------------------------------------------------------------

[2020-11-11T19:42:07+08:00] 45.249.91.246 GET open.weixin.qq.com/php-myadmin/
[运行时间：0.002993s] [吞吐率：334.10req/s] [内存消耗：522.79kb] [文件加载：109]
[ info ] [ LANG ] /var/www/mishop/thinkphp/lang/zh-cn.php
---------------------------------------------------------------

[2020-11-11T19:42:08+08:00] 45.249.91.246 GET open.weixin.qq.com/phpmy-admin/
[运行时间：0.002960s] [吞吐率：337.84req/s] [内存消耗：522.79kb] [文件加载：109]
[ info ] [ LANG ] /var/www/mishop/thinkphp/lang/zh-cn.php
---------------------------------------------------------------

[2020-11-11T19:42:10+08:00] 45.249.91.246 GET open.weixin.qq.com/webadmin/
[运行时间：0.002777s] [吞吐率：360.09req/s] [内存消耗：522.79kb] [文件加载：109]
[ info ] [ LANG ] /var/www/mishop/thinkphp/lang/zh-cn.php
---------------------------------------------------------------

[2020-11-11T19:42:11+08:00] 45.249.91.246 GET open.weixin.qq.com/sqlweb/
[运行时间：0.003218s] [吞吐率：310.76req/s] [内存消耗：522.78kb] [文件加载：109]
[ info ] [ LANG ] /var/www/mishop/thinkphp/lang/zh-cn.php
---------------------------------------------------------------

[2020-11-11T19:42:12+08:00] 45.249.91.246 GET open.weixin.qq.com/websql/
[运行时间：0.002672s] [吞吐率：374.26req/s] [内存消耗：522.78kb] [文件加载：109]
[ info ] [ LANG ] /var/www/mishop/thinkphp/lang/zh-cn.php
---------------------------------------------------------------

[2020-11-11T19:42:13+08:00] 45.249.91.246 GET open.weixin.qq.com/webdb/
[运行时间：0.002772s] [吞吐率：360.74req/s] [内存消耗：522.78kb] [文件加载：109]
[ info ] [ LANG ] /var/www/mishop/thinkphp/lang/zh-cn.php
---------------------------------------------------------------

[2020-11-11T19:42:14+08:00] 45.249.91.246 GET open.weixin.qq.com/mysqladmin/
[运行时间：0.003030s] [吞吐率：330.05req/s] [内存消耗：522.79kb] [文件加载：109]
[ info ] [ LANG ] /var/www/mishop/thinkphp/lang/zh-cn.php
---------------------------------------------------------------

[2020-11-11T19:42:15+08:00] 45.249.91.246 GET open.weixin.qq.com/mysql-admin/
[运行时间：0.002751s] [吞吐率：363.52req/s] [内存消耗：522.79kb] [文件加载：109]
[ info ] [ LANG ] /var/www/mishop/thinkphp/lang/zh-cn.php
---------------------------------------------------------------

[2020-11-11T20:45:50+08:00] 183.136.225.56 GET 101.132.45.200/
[运行时间：0.004641s] [吞吐率：215.48req/s] [内存消耗：861.80kb] [文件加载：188]
[ info ] [ LANG ] /var/www/mishop/thinkphp/lang/zh-cn.php
[ info ] [ ROUTE ] array (
)
[ info ] [ HEADER ] array (
  'connection' => 'keep-alive',
  'accept' => '*/*',
  'user-agent' => 'Baiduspider+(+http://www.baidu.com/search/spider.htm);googlebot|baiduspider|baidu|spider|sogou|bingbot|bot|yahoo|soso|sosospider|360spider|youdaobot|jikeSpider;)',
  'host' => '101.132.45.200',
  'content-type' => '',
  'content-length' => '',
)
[ info ] [ PARAM ] array (
)
[ info ] null
---------------------------------------------------------------

[2020-11-11T20:58:51+08:00] 223.237.247.21 GET 101.132.45.200/currentsetting.htm
[运行时间：0.003054s] [吞吐率：327.45req/s] [内存消耗：522.79kb] [文件加载：109]
[ info ] [ LANG ] /var/www/mishop/thinkphp/lang/zh-cn.php
---------------------------------------------------------------

[2020-11-11T21:42:42+08:00] 171.251.233.132 GET 101.132.45.200/currentsetting.htm
[运行时间：0.003092s] [吞吐率：323.41req/s] [内存消耗：522.79kb] [文件加载：109]
[ info ] [ LANG ] /var/www/mishop/thinkphp/lang/zh-cn.php
---------------------------------------------------------------

[2020-11-11T21:58:12+08:00] 191.37.49.248 GET 101.132.45.200/currentsetting.htm
[运行时间：0.003087s] [吞吐率：323.93req/s] [内存消耗：522.79kb] [文件加载：109]
[ info ] [ LANG ] /var/www/mishop/thinkphp/lang/zh-cn.php
---------------------------------------------------------------

[2020-11-11T22:29:28+08:00] 128.14.134.134 GET 101.132.45.200/
[运行时间：0.004292s] [吞吐率：232.99req/s] [内存消耗：861.73kb] [文件加载：188]
[ info ] [ LANG ] /var/www/mishop/thinkphp/lang/zh-cn.php
[ info ] [ ROUTE ] array (
)
[ info ] [ HEADER ] array (
  'accept-encoding' => 'gzip',
  'accept' => '*/*',
  'user-agent' => 'Mozilla/5.0 (Windows NT 10.0; Win64; x64) AppleWebKit/537.36 (KHTML, like Gecko) Chrome/60.0.3112.113 Safari/537.36',
  'host' => '101.132.45.200',
  'content-type' => '',
  'content-length' => '',
)
[ info ] [ PARAM ] array (
)
[ info ] null
