---------------------------------------------------------------

[2020-11-16T00:12:06+08:00] 193.118.53.202 GET 101.132.45.200/
[运行时间：0.004701s] [吞吐率：212.73req/s] [内存消耗：861.73kb] [文件加载：188]
[ info ] [ LANG ] /var/www/mishop/thinkphp/lang/zh-cn.php
[ info ] [ ROUTE ] array (
)
[ info ] [ HEADER ] array (
  'accept-encoding' => 'gzip',
  'accept' => '*/*',
  'user-agent' => 'Mozilla/5.0 (Windows NT 10.0; Win64; x64) AppleWebKit/537.36 (KHTML, like Gecko) Chrome/60.0.3112.113 Safari/537.36',
  'host' => '101.132.45.200',
  'content-type' => '',
  'content-length' => '',
)
[ info ] [ PARAM ] array (
)
[ info ] null
---------------------------------------------------------------

[2020-11-16T01:27:23+08:00] 106.15.52.246 GET /
[运行时间：0.004898s] [吞吐率：204.16req/s] [内存消耗：859.20kb] [文件加载：188]
[ info ] [ LANG ] /var/www/mishop/thinkphp/lang/zh-cn.php
[ info ] [ ROUTE ] array (
)
[ info ] [ HEADER ] array (
  'content-type' => '',
  'content-length' => '',
)
[ info ] [ PARAM ] array (
)
[ info ] null
---------------------------------------------------------------

[2020-11-16T01:36:59+08:00] 104.248.250.131 GET 101.132.45.200/.env
[运行时间：0.003689s] [吞吐率：271.07req/s] [内存消耗：522.77kb] [文件加载：109]
[ info ] [ LANG ] /var/www/mishop/thinkphp/lang/zh-cn.php
---------------------------------------------------------------

[2020-11-16T01:37:01+08:00] 104.248.250.131 GET 101.132.45.200/core/.env
[运行时间：0.002752s] [吞吐率：363.36req/s] [内存消耗：520.70kb] [文件加载：108]
[ info ] [ LANG ] /var/www/mishop/thinkphp/lang/zh-cn.php
---------------------------------------------------------------

[2020-11-16T01:37:04+08:00] 104.248.250.131 GET 101.132.45.200/phpmyadmin/
[运行时间：0.003142s] [吞吐率：318.28req/s] [内存消耗：522.78kb] [文件加载：109]
[ info ] [ LANG ] /var/www/mishop/thinkphp/lang/zh-cn.php
---------------------------------------------------------------

[2020-11-16T01:37:06+08:00] 104.248.250.131 POST 101.132.45.200/
[运行时间：0.004228s] [吞吐率：236.53req/s] [内存消耗：861.75kb] [文件加载：188]
[ info ] [ LANG ] /var/www/mishop/thinkphp/lang/zh-cn.php
[ info ] [ ROUTE ] array (
)
[ info ] [ HEADER ] array (
  'content-type' => 'application/x-www-form-urlencoded',
  'content-length' => '15',
  'user-agent' => 'python-requests/2.25.0',
  'accept' => '*/*',
  'accept-encoding' => 'gzip, deflate',
  'connection' => 'keep-alive',
  'host' => '101.132.45.200',
)
[ info ] [ PARAM ] array (
  'html' => 
  array (
    0 => 'true',
  ),
)
[ info ] null
---------------------------------------------------------------

[2020-11-16T03:47:40+08:00] 106.15.224.203 GET mishop.holyzq.com/
[运行时间：0.004670s] [吞吐率：214.13req/s] [内存消耗：861.56kb] [文件加载：188]
[ info ] [ LANG ] /var/www/mishop/thinkphp/lang/zh-cn.php
[ info ] [ ROUTE ] array (
)
[ info ] [ HEADER ] array (
  'accept-encoding' => 'gzip',
  'connection' => 'Keep-Alive',
  'host' => 'mishop.holyzq.com',
  'user-agent' => 'Mozilla/5.0 (Linux/Android/android/iphone;)',
  'content-type' => '',
  'content-length' => '',
)
[ info ] [ PARAM ] array (
)
[ info ] null
---------------------------------------------------------------

[2020-11-16T04:37:42+08:00] 47.100.202.153 GET www.techbimu.com/
[运行时间：0.004629s] [吞吐率：216.02req/s] [内存消耗：861.63kb] [文件加载：188]
[ info ] [ LANG ] /var/www/mishop/thinkphp/lang/zh-cn.php
[ info ] [ ROUTE ] array (
)
[ info ] [ HEADER ] array (
  'accept-encoding' => 'gzip',
  'connection' => 'Keep-Alive',
  'host' => 'www.techbimu.com',
  'user-agent' => 'Mozilla/5.0 (X11; Ubuntu; Linux x86_64; rv:36.0) Gecko/20100101 Firefox/36.0',
  'content-type' => '',
  'content-length' => '',
)
[ info ] [ PARAM ] array (
)
[ info ] null
---------------------------------------------------------------

[2020-11-16T06:33:43+08:00] 192.241.208.151 GET 101.132.45.200/login
[运行时间：0.003180s] [吞吐率：314.46req/s] [内存消耗：522.77kb] [文件加载：109]
[ info ] [ LANG ] /var/www/mishop/thinkphp/lang/zh-cn.php
---------------------------------------------------------------

[2020-11-16T07:39:00+08:00] 47.98.102.111 GET 101.132.45.200/
[运行时间：0.004344s] [吞吐率：230.20req/s] [内存消耗：861.56kb] [文件加载：188]
[ info ] [ LANG ] /var/www/mishop/thinkphp/lang/zh-cn.php
[ info ] [ ROUTE ] array (
)
[ info ] [ HEADER ] array (
  'accept-encoding' => 'gzip',
  'connection' => 'Keep-Alive',
  'host' => '101.132.45.200',
  'user-agent' => 'Mozilla/5.0 (Linux/Android/android/iphone;)',
  'content-type' => '',
  'content-length' => '',
)
[ info ] [ PARAM ] array (
)
[ info ] null
---------------------------------------------------------------

[2020-11-16T07:44:13+08:00] 47.98.104.91 GET 101.132.45.200/
[运行时间：0.004621s] [吞吐率：216.40req/s] [内存消耗：861.56kb] [文件加载：188]
[ info ] [ LANG ] /var/www/mishop/thinkphp/lang/zh-cn.php
[ info ] [ ROUTE ] array (
)
[ info ] [ HEADER ] array (
  'accept-encoding' => 'gzip',
  'connection' => 'Keep-Alive',
  'host' => '101.132.45.200',
  'user-agent' => 'Mozilla/5.0 (Linux/Android/android/iphone;)',
  'content-type' => '',
  'content-length' => '',
)
[ info ] [ PARAM ] array (
)
[ info ] null
---------------------------------------------------------------

[2020-11-16T08:03:58+08:00] 193.118.53.210 GET 101.132.45.200/
[运行时间：0.004451s] [吞吐率：224.67req/s] [内存消耗：861.73kb] [文件加载：188]
[ info ] [ LANG ] /var/www/mishop/thinkphp/lang/zh-cn.php
[ info ] [ ROUTE ] array (
)
[ info ] [ HEADER ] array (
  'accept-encoding' => 'gzip',
  'accept' => '*/*',
  'user-agent' => 'Mozilla/5.0 (Windows NT 10.0; Win64; x64) AppleWebKit/537.36 (KHTML, like Gecko) Chrome/60.0.3112.113 Safari/537.36',
  'host' => '101.132.45.200',
  'content-type' => '',
  'content-length' => '',
)
[ info ] [ PARAM ] array (
)
[ info ] null
---------------------------------------------------------------

[2020-11-16T09:24:00+08:00] 50.39.255.104 POST 101.132.45.200/
[运行时间：0.005105s] [吞吐率：195.89req/s] [内存消耗：863.75kb] [文件加载：188]
[ info ] [ LANG ] /var/www/mishop/thinkphp/lang/zh-cn.php
[ info ] [ ROUTE ] array (
)
[ info ] [ HEADER ] array (
  'cache-control' => 'no-cache',
  'content-length' => '440',
  'host' => '101.132.45.200',
  'user-agent' => 'Mozilla/4.0 (compatible; MSIE 7.0; Windows NT 6.1; WOW64; Trident/7.0; SLCC2; .NET CLR 2.0.50727; .NET CLR 3.5.30729; .NET CLR 3.0.30729; Media Center PC 6.0; MDDC; BRI/1; BRI/2; .NET4.0E; .NET4.0C)',
  'content-type' => 'application/x-www-form-urlencoded',
)
[ info ] [ PARAM ] array (
  'S6Bdk97NMu_nVrYlfUIQViTAPHlzSsKm2huLY2zJel93spLcewyZAI3_aJYo30DD8ujPlRKJFt3nk0KS6rD_LCLanWjoMEF0XAxhPaaiPiCe9QsDqi7_113y8jR5VgNbU/afDZtkC_2UbRv23MoAXTQA67nZ5sGh6ETn8OLnhNaahjD9pDWtMpMMEV2p7b5waSW_vzF3bj5IlYDoj_rfbQhW4WmKcUOxOS895pqsaemhCYWAGOf_xL8rs6r9hIL_TAyLrGebT_qqAoBLZdeJWjUgV6/il63obowg/YltUeJdBkHLSRcLC20y7VbLl9pUBXG6RQqp4Fz7R/apXKT_azXU8IAqsVsxkxKNKSiSep/BkwEGy38okOTCEGcV7Dbko5/4tMksDxcJgB_xX6TuYKZyza5Ek0QD5PB3oMAwEvS5hlsS61sg3A' => '=',
)
[ info ] null
---------------------------------------------------------------

[2020-11-16T09:26:04+08:00] 50.39.255.104 POST 101.132.45.200/
[运行时间：0.004584s] [吞吐率：218.15req/s] [内存消耗：863.94kb] [文件加载：188]
[ info ] [ LANG ] /var/www/mishop/thinkphp/lang/zh-cn.php
[ info ] [ ROUTE ] array (
)
[ info ] [ HEADER ] array (
  'cookie' => 'PHPSESSID=3dfj6i87rrid9r7p2pq4ud9rp4',
  'cache-control' => 'no-cache',
  'content-length' => '364',
  'host' => '101.132.45.200',
  'user-agent' => 'Mozilla/4.0 (compatible; MSIE 7.0; Windows NT 6.1; WOW64; Trident/7.0; SLCC2; .NET CLR 2.0.50727; .NET CLR 3.5.30729; .NET CLR 3.0.30729; Media Center PC 6.0; MDDC; BRI/1; BRI/2; .NET4.0E; .NET4.0C)',
  'content-type' => 'application/x-www-form-urlencoded',
)
[ info ] [ PARAM ] array (
  'S6ZbldPJbD9zcj67SyjaVcrO7lmvjtpPJNxM7jQ_Stacp2baxTcCUx_/x6b7/yLCdEp_edmBTS2vY4OZV/byy_hzNnlmQN0dppv6cVBWCta9KRJ7FfqSilVbjZCUClGXxyGo1sHaKsalOjDo69I_wfSYnwBZ8qToYEyQMqrDk8ljo0mqJvdXMyZXrCRO7L_A05Lc_AjtwXGHmga3_JUoLrBD25TRATJVNG9Kknp5U/VjLuzChDJZFLfy9AGnMVWCkvZapGK4GDoY8dNaKqSNJX8UP7XE2PZgDWTprF41J_tGNwmAJT4v3rV0O8TpijL_9Ve2HmHS5P49RbB1w50C5YbMyH7gVhMjxyoO6PwB8F4' => '',
)
[ info ] null
---------------------------------------------------------------

[2020-11-16T09:28:06+08:00] 50.39.255.104 POST 101.132.45.200/
[运行时间：0.004986s] [吞吐率：200.56req/s] [内存消耗：864.44kb] [文件加载：188]
[ info ] [ LANG ] /var/www/mishop/thinkphp/lang/zh-cn.php
[ info ] [ ROUTE ] array (
)
[ info ] [ HEADER ] array (
  'cookie' => 'PHPSESSID=3dfj6i87rrid9r7p2pq4ud9rp4',
  'cache-control' => 'no-cache',
  'content-length' => '436',
  'host' => '101.132.45.200',
  'user-agent' => 'Mozilla/4.0 (compatible; MSIE 7.0; Windows NT 6.1; WOW64; Trident/7.0; SLCC2; .NET CLR 2.0.50727; .NET CLR 3.5.30729; .NET CLR 3.0.30729; Media Center PC 6.0; MDDC; BRI/1; BRI/2; .NET4.0E; .NET4.0C)',
  'content-type' => 'application/x-www-form-urlencoded',
)
[ info ] [ PARAM ] array (
  'FKIIxd2dMTOOPq98eI1ahzIGLndAoQRDEhmZxE3gZflZR5BlYuoRxeXtGx6MsI9SK5ZxEKeM9D5SgPmdT4Yq7S7RkjigmQJZFmu8PsHP/WyGqv4uPqctowicEH7EEcg/i5NcikIaua5M55QVvGRkU6qoMtJcdJsWnGQMdUYVZ6E0o_lhRlrbss2lSV55IuHPTIbWBwx6cWwbtjoSLF3iAg0YVnQbkzDgo0GF4qb9orVKyMcePfaGsCgyGmWyNJ2yZv_xmu/uVxWrsziF7ZeU1y_L_caQCAjxwk_Hx8KRfGAdKMFG/Sg_yOOBXzegV8iURCGYZS7Gq7ojRDd69AJrlvvu_8vggGydrWHjFarq5EykxL1/Nj23Vn1cYZ0Xo4x_v3gA6clgR0sM85OX1Fa5YEruhucmYoBkU05qlApKSOuWk_kNog' => '=',
)
[ info ] null
---------------------------------------------------------------

[2020-11-16T09:30:08+08:00] 50.39.255.104 POST 101.132.45.200/
[运行时间：0.004347s] [吞吐率：230.05req/s] [内存消耗：863.56kb] [文件加载：188]
[ info ] [ LANG ] /var/www/mishop/thinkphp/lang/zh-cn.php
[ info ] [ ROUTE ] array (
)
[ info ] [ HEADER ] array (
  'cookie' => 'PHPSESSID=3dfj6i87rrid9r7p2pq4ud9rp4',
  'cache-control' => 'no-cache',
  'content-length' => '368',
  'host' => '101.132.45.200',
  'user-agent' => 'Mozilla/5.0 (Windows NT 6.1; WOW64; Trident/7.0; rv:11.0) like Gecko',
  'content-type' => 'application/x-www-form-urlencoded',
)
[ info ] [ PARAM ] array (
  'QKxbwtnKZEFssljSLWiAccqWCXSkPhP/bcT2YIplNKg4SgGCDE8XJojVL_bPHJ8WIP8Dc32FOqzDt7xugclbKDsndQZWivrefJZ6tEVqjNzVLWhqwTQXYccMb4xw1ZwXYJvH9KBY1ldeZrUbrRi1VFTy7FKJ4pt2qyT_qygIWA/wpFx0gjtPxQHFPzRuX3vQcvAcXKwcHCOUqlE/LGSvqFRnSTXtVqkxn4Y2nCoHbkxW1AWtbzdLQQRL9h6K6Y0EdGWwsJXJZ5m6GTam_P6GS896zgbE4BMussKe48/oF6xTEeLh4dxiQtIPzpH/nod68KEwrd8IC1kQgTn4b8LE2oLpAYq_GWuA41ySwYuBMnVKQw' => '=',
)
[ info ] null
---------------------------------------------------------------

[2020-11-16T09:32:10+08:00] 50.39.255.104 POST 101.132.45.200/
[运行时间：0.004570s] [吞吐率：218.82req/s] [内存消耗：863.56kb] [文件加载：188]
[ info ] [ LANG ] /var/www/mishop/thinkphp/lang/zh-cn.php
[ info ] [ ROUTE ] array (
)
[ info ] [ HEADER ] array (
  'cookie' => 'PHPSESSID=3dfj6i87rrid9r7p2pq4ud9rp4',
  'cache-control' => 'no-cache',
  'content-length' => '364',
  'host' => '101.132.45.200',
  'user-agent' => 'Mozilla/5.0 (Windows NT 6.1; WOW64; Trident/7.0; rv:11.0) like Gecko',
  'content-type' => 'application/x-www-form-urlencoded',
)
[ info ] [ PARAM ] array (
  'EPdYw4zJZ9E_vI/PPBlnnYouZ9BulyqWV6ZK2yyDIUAijjUkqqP6j1mBkHfQ4GmQu438sXOcTKGpAWktK69gBLNCvhq708lKbHfiRA4Ep/O0Iw45uhB7HcuDIAwYvhUUnRqdIfb0/pVYkRlAuvivuaaZWJOenDbvm5irSp1_qL6p4IOAN2CWKdfyyZsO0c9ceGTV7UJSH_eKzyuO2VXezbfCf7mi0dkeobvqEm8WOBfJGBy4Bwk_nsTeDNkYJAMxTPr6ulGlmKtkiNH8aw9k15QCtSXp8btDJeIoAAIalFvVLH86vhIypGZxYFf7I_7g7pOScVt21IYpQmvI4sxbLOSdoWJZlPH13H6klXuWHw' => '=',
)
[ info ] null
---------------------------------------------------------------

[2020-11-16T09:34:12+08:00] 50.39.255.104 POST 101.132.45.200/
[运行时间：0.004672s] [吞吐率：214.04req/s] [内存消耗：863.56kb] [文件加载：188]
[ info ] [ LANG ] /var/www/mishop/thinkphp/lang/zh-cn.php
[ info ] [ ROUTE ] array (
)
[ info ] [ HEADER ] array (
  'cookie' => 'PHPSESSID=3dfj6i87rrid9r7p2pq4ud9rp4',
  'cache-control' => 'no-cache',
  'content-length' => '380',
  'host' => '101.132.45.200',
  'user-agent' => 'Mozilla/5.0 (Windows NT 6.1; WOW64; Trident/7.0; rv:11.0) like Gecko',
  'content-type' => 'application/x-www-form-urlencoded',
)
[ info ] [ PARAM ] array (
  'RPBcyYnAN2KPof3_ixazxUkyk00tPAzFd_36eRnDzvU5yjJUgbawp/PzsJeDwF7zFou73yPPyLeUSUDtDwZLdhx54RT1cnGef_PVG3JCuBIawa4dUu9JI4xTz7Cu2gvug9oJBqcbdrhNl45ccRs35SS1DAsLjKPYRMpIiC4af_PFhMZ4h0dmGdvFCHqI92n3nU2VouIhAfAWCwSIJIa4I1JJXFDuYU9VRH57fk52rvJFCWg7Yi8nHGx7Dmt6njuWzWuPHHAKDPlSdW0jdWxqvwxFAp76r0wBNYFPxNqTqtx9c5fX1LsK6OSYDbz3oDTBsuCqnsOKdRjVPTYg3vkHOc3voVMK47Vtx8vLvAbHy4/DKjy2lEIWxESP69g' => '',
)
[ info ] null
---------------------------------------------------------------

[2020-11-16T09:36:14+08:00] 50.39.255.104 POST 101.132.45.200/
[运行时间：0.004544s] [吞吐率：220.07req/s] [内存消耗：863.69kb] [文件加载：188]
[ info ] [ LANG ] /var/www/mishop/thinkphp/lang/zh-cn.php
[ info ] [ ROUTE ] array (
)
[ info ] [ HEADER ] array (
  'cookie' => 'PHPSESSID=3dfj6i87rrid9r7p2pq4ud9rp4',
  'cache-control' => 'no-cache',
  'content-length' => '404',
  'host' => '101.132.45.200',
  'user-agent' => 'Mozilla/5.0 (Windows NT 6.1; WOW64; Trident/7.0; rv:11.0) like Gecko',
  'content-type' => 'application/x-www-form-urlencoded',
)
[ info ] [ PARAM ] array (
  'E/FXxovLYoV52sMou4c6IIoGHZ6/AMRG6mUGcTjX3aEyWMTqD5iqJRFtu7x5vULxsnMirEsHfPEacPqTKooojwLsXxflFIsXnaK8fOM0BUxM68ry4oQB66H4Ha8QCedokirMoUlN5WpDeGNWFKOLExdNFw6v7p/OuTYsdp/Vkv4/Zjjs5eGKxZm7n4SFSyMK8p9bhSbbuCgIlz__4wgCgQ/4bJFheGBbYH_W4IbdLrmowndbOGMcUfAGhl86ZQK2uRsEi2/3Cdovv6BrrECIPmLjK2OR5S1RPl0j4rF79oKMN9gHsU7jxxtBHTfJXwyU8FeKTeTwNxFwkYwl3bDiuK/pKNlWDLZ0vJw0ePFqcNKj8XifdOEGu2c/6l2HQCFA_1BXcGJc7n/tcCM/Eg' => '=',
)
[ info ] null
---------------------------------------------------------------

[2020-11-16T09:38:16+08:00] 50.39.255.104 POST 101.132.45.200/
[运行时间：0.005997s] [吞吐率：166.75req/s] [内存消耗：863.56kb] [文件加载：188]
[ info ] [ LANG ] /var/www/mishop/thinkphp/lang/zh-cn.php
[ info ] [ ROUTE ] array (
)
[ info ] [ HEADER ] array (
  'cookie' => 'PHPSESSID=3dfj6i87rrid9r7p2pq4ud9rp4',
  'cache-control' => 'no-cache',
  'content-length' => '368',
  'host' => '101.132.45.200',
  'user-agent' => 'Mozilla/5.0 (Windows NT 6.1; WOW64; Trident/7.0; rv:11.0) like Gecko',
  'content-type' => 'application/x-www-form-urlencoded',
)
[ info ] [ PARAM ] array (
  'EaJewd6aMSlg4MV1tb906MHaAH1EFzGvDwYJWOT6BW1yWTfPY4erGlS58Zmcga2ruFl76KXMYLjyNJfCxBghMUYXPj3vqtxv3GioHKMhT/koWIfNyGqrXATYb_Rp87s_FjWXN28BAoJoDNIOcRY6O_Mm1FgoJK72O/YwNiN2d6XhJqXZytpli739jLN39K79hQDjdtM0NwhTnGVDhGlHhMoxIIMtmQQcj/LBYZCPg1/4RwbtFz8OUtAZ8NGIgTQ9GfXFUwYmYAo1k6ilhR/SuYBJb8AqOALNdPcpXt9HjO70dvXyA0oVI/F13_jhj_pfY45qqxph5tW7zQOVbiVAgUYQvaisNsGdY_pMxUtGKUBMUQWe' => '',
)
[ info ] null
---------------------------------------------------------------

[2020-11-16T09:40:19+08:00] 50.39.255.104 POST 101.132.45.200/
[运行时间：0.004352s] [吞吐率：229.77req/s] [内存消耗：863.81kb] [文件加载：188]
[ info ] [ LANG ] /var/www/mishop/thinkphp/lang/zh-cn.php
[ info ] [ ROUTE ] array (
)
[ info ] [ HEADER ] array (
  'cookie' => 'PHPSESSID=3dfj6i87rrid9r7p2pq4ud9rp4',
  'cache-control' => 'no-cache',
  'content-length' => '420',
  'host' => '101.132.45.200',
  'user-agent' => 'Mozilla/5.0 (Windows NT 6.1; WOW64; Trident/7.0; rv:11.0) like Gecko',
  'content-type' => 'application/x-www-form-urlencoded',
)
[ info ] [ PARAM ] array (
  'S/dfw9OcZTtXYJJJbrU05N2aMrZkmzOgwWMpwmIvy0FrUZLXZEbPZkr8fjyhXGk/Debuo7DIgPDx5ruImd/zWlgF5QSLQnT/Viuq3DAhe/4iXQqUOunwamexTsNEVf/veXCIbf3wSOTiUg7SQGiOmRIR9YNS6UVHJZT2Sf1Uqe36ABGGewdu0MydlI6F/AVsaNqC6KcPAYvOO2PB/ry9QfK81_etDJAXv/qQ4aLpSREPVIEvgm4MDEGJ8fym0KpLMdY4EAtgfVhaXt9hvblKTg/LjGZeaXc2XnDBDkirdwAgP0AGbxDtzKNGW_0dWwFcDmFQH_g_sJ4v/n9I3GKvbrb4W5u7f0SUPeEBIUIlRjTmaHFtfwqFOhfjt1rkkoGEeG8FJHrerEB8yQe3rq8cYP_oDT/oxrfxjvVA' => '',
)
[ info ] null
---------------------------------------------------------------

[2020-11-16T09:42:21+08:00] 50.39.255.104 POST 101.132.45.200/
[运行时间：0.004659s] [吞吐率：214.64req/s] [内存消耗：863.94kb] [文件加载：188]
[ info ] [ LANG ] /var/www/mishop/thinkphp/lang/zh-cn.php
[ info ] [ ROUTE ] array (
)
[ info ] [ HEADER ] array (
  'cookie' => 'PHPSESSID=3dfj6i87rrid9r7p2pq4ud9rp4',
  'cache-control' => 'no-cache',
  'content-length' => '440',
  'host' => '101.132.45.200',
  'user-agent' => 'Mozilla/5.0 (Windows NT 6.1; WOW64; Trident/7.0; rv:11.0) like Gecko',
  'content-type' => 'application/x-www-form-urlencoded',
)
[ info ] [ PARAM ] array (
  'Q6JXw47NYSSRnwSdiXDMs/pBXzCl4uF8YmE0Wnu7Gm243xLwhb1guuIiPK/j0J9Mbylx3G4qJS2uque1bzqhSIqQqDpU7Jb/IuinaBmoJftpF0qLp/eXGRsw8Go3T8uaXc0bH1kT9tuiNTcsYC4Zxy7DFpkqnvD2fGDAu5OoiHt02or3tWyyH8BEVivs9Kg1oxcpTElV2fgfRsVKbGiCauEInG_LRtNwfnHeUQt3bM7lyHFiKucgmkBeFav5NOAa13gP_IMDGLldKOwwyhKY9OVs6xyUVrF4KB/dhHsqRxy/6B4tn8GiuWpTHGSudmDqHKm93RDSbSeK1iGnVZUPL8Hw6sFq3yAg_QGeSKG9Wro4rcVqYgiuN8ynEcg0ANIqY8CvO/F111SZhRmtVBbmsZ_Rr6qd0I7zCdVWIazN3f9f7i9/GMeKGyNQ' => '',
)
[ info ] null
---------------------------------------------------------------

[2020-11-16T09:44:23+08:00] 50.39.255.104 POST 101.132.45.200/
[运行时间：0.004350s] [吞吐率：229.89req/s] [内存消耗：863.69kb] [文件加载：188]
[ info ] [ LANG ] /var/www/mishop/thinkphp/lang/zh-cn.php
[ info ] [ ROUTE ] array (
)
[ info ] [ HEADER ] array (
  'cookie' => 'PHPSESSID=3dfj6i87rrid9r7p2pq4ud9rp4',
  'cache-control' => 'no-cache',
  'content-length' => '400',
  'host' => '101.132.45.200',
  'user-agent' => 'Mozilla/5.0 (Windows NT 6.1; WOW64; Trident/7.0; rv:11.0) like Gecko',
  'content-type' => 'application/x-www-form-urlencoded',
)
[ info ] [ PARAM ] array (
  'EfRXkN/AN8WJEMi0PX868ePE3wZEN8AISpy5I/V96HZYPwbdztV5W6P1pQjyZRbQNPLLRHY8RF30U1kgcED/d3piecBBpvUbAEJDVB7l9lDz233L0J_0tilXSHuRdRe7n3FXnBAJ8Tsk7s8YVIGJgAaVjPqvMzl4up5EkxRI2TEZSvy8b2uvA_qdui3Ev/TqYlKt0o9bsHKm_ax0sHVgg/ErAy/pFNjHoeY_5l0AouTX/w1YuqvQJ0jyxu8Ev0AD2EaMTuF5B6O4QP4utvITKz6jGz4wkvFD_12hahi_hMffGGf3Yfj0G7YScRR2xau/_B3F__60qME70CzJ8b_wHF4PG_PNFKEvtqrfsI8p5UoYvIWIFm7AZoni59nasyhQhLowxRTgdPn83Sk' => '',
)
[ info ] null
---------------------------------------------------------------

[2020-11-16T09:46:25+08:00] 50.39.255.104 POST 101.132.45.200/
[运行时间：0.004427s] [吞吐率：225.89req/s] [内存消耗：863.94kb] [文件加载：188]
[ info ] [ LANG ] /var/www/mishop/thinkphp/lang/zh-cn.php
[ info ] [ ROUTE ] array (
)
[ info ] [ HEADER ] array (
  'cookie' => 'PHPSESSID=3dfj6i87rrid9r7p2pq4ud9rp4',
  'cache-control' => 'no-cache',
  'content-length' => '432',
  'host' => '101.132.45.200',
  'user-agent' => 'Mozilla/5.0 (Windows NT 6.1; WOW64; Trident/7.0; rv:11.0) like Gecko',
  'content-type' => 'application/x-www-form-urlencoded',
)
[ info ] [ PARAM ] array (
  'FqBbwY/NYdUY51pMFzPQpOCL9OzZhquCme7afEq9lZOZIMWXWhwLwcrYUz1YXwvreUWB/v9gA9mo3yOATOG7yy/XiJ0jl/G/IiWUIM_xI9ycoIOo1AYJgYZJkUgMaysloE5l5I6V1w9xtLzBp9DMNd0fiTDCSxnAJVoNsoiROA/JnvY_1pmV1VB6UuQVSRzb_5o1lw4c35rt/_PhimvNLnXfCcJ66Md7eDVVzy6m7jgcCp1DE5m_w_/2zTuTKXsVRApK5s4GSFp_xhNhnoZqOkZmX4HJOZIrOd9tdEsrxY1lo3C8SKnLF8oxZd4fQwUC5nQcNBGUUZfzcXsU1Vt1QUW1vTJ_4yxOsIoHvEGTRHkKkPclklQScGtJ8F4FGR_sIjUu4xshTIu8BuzrDaTPlMKWOUXvE3cU8rFELOw9qHUy/RHQ' => '',
)
[ info ] null
---------------------------------------------------------------

[2020-11-16T09:48:27+08:00] 50.39.255.104 POST 101.132.45.200/
[运行时间：0.004819s] [吞吐率：207.52req/s] [内存消耗：863.94kb] [文件加载：188]
[ info ] [ LANG ] /var/www/mishop/thinkphp/lang/zh-cn.php
[ info ] [ ROUTE ] array (
)
[ info ] [ HEADER ] array (
  'cookie' => 'PHPSESSID=3dfj6i87rrid9r7p2pq4ud9rp4',
  'cache-control' => 'no-cache',
  'content-length' => '436',
  'host' => '101.132.45.200',
  'user-agent' => 'Mozilla/5.0 (Windows NT 6.1; WOW64; Trident/7.0; rv:11.0) like Gecko',
  'content-type' => 'application/x-www-form-urlencoded',
)
[ info ] [ PARAM ] array (
  'FKJbxI6cYxXGtdDRFBDv9jpXiQabTcZrayq2BLgx8N5NHym691HDu0smFduZ3W/H_Q_Sxl_f5RCm4zEe44xcUspQSHmlZ8NDkzub5nQLC8GhvSTKyjEqXvbCH0lunHyC3xRWF4U1zo5Yin2/XUIlbcQPccl2uVNqaHisoXh2iPGOPSpktYZlXq2LsBeg50poxQCfyL5PXRW9a3WArXhNkP/CtDRwzRgdFo0FlaW344kQm81T_7n1brclN701EdSXGhtATzOQZaXC69DCFzJYPQWMDljSiQRSAaY4gGcJ2I_ZMi0k/c8jZNLgvVgDJ4AwK8e1/VQuNM_bQHnU6PGfXOcS5Q8xEZcbONUkKVlhSbc0BwtMAMZF73nDaLp3_BAT418y_tKR4D/cAkazUVh_kEeDv/CUIHYDz0oMQCzSQCzObFADj7g' => '',
)
[ info ] null
---------------------------------------------------------------

[2020-11-16T09:50:30+08:00] 50.39.255.104 POST 101.132.45.200/
[运行时间：0.004523s] [吞吐率：221.09req/s] [内存消耗：863.81kb] [文件加载：188]
[ info ] [ LANG ] /var/www/mishop/thinkphp/lang/zh-cn.php
[ info ] [ ROUTE ] array (
)
[ info ] [ HEADER ] array (
  'cookie' => 'PHPSESSID=3dfj6i87rrid9r7p2pq4ud9rp4',
  'cache-control' => 'no-cache',
  'content-length' => '416',
  'host' => '101.132.45.200',
  'user-agent' => 'Mozilla/5.0 (Windows NT 6.1; WOW64; Trident/7.0; rv:11.0) like Gecko',
  'content-type' => 'application/x-www-form-urlencoded',
)
[ info ] [ PARAM ] array (
  'EKRYxNmdYo0ULFxjCDzFxZfg76ZTLkkGCm2iMcVuuSEmbd_zIKOEanH2sGHCBcmfCBBRsKajxjtW9xycE1VrbZyGf6GnTZ4nEpBciANXz99zohUVReGFYVfK8w1NF1Xuxo113CAM9wSgHNWJH442paAEACCpil66CYhUsu_RGUEP4eI6BlYub29UVYJJ/CaawVBZkViIfaLAYWf6FYxdZRgfZ6/w_morlV2LV/pPyFwsoC0hlPNQCPI1WDm9TinmTpymthp25n/FdJmZA/RxkTWlyVRHQQKpUC6M5AGeFsNLZnTBzEOwLz7182t9uWSNDmfYDw7WP3WKEI/Fb70AbWTDy559irgWovmn3xfMFdCDgR1oG84Bg0gvXsvdDDhd0RK3j6HWw64YVPv5P/bO3a6f6G2UAhs' => '',
)
[ info ] null
---------------------------------------------------------------

[2020-11-16T09:52:32+08:00] 50.39.255.104 POST 101.132.45.200/
[运行时间：0.004919s] [吞吐率：203.29req/s] [内存消耗：863.56kb] [文件加载：188]
[ info ] [ LANG ] /var/www/mishop/thinkphp/lang/zh-cn.php
[ info ] [ ROUTE ] array (
)
[ info ] [ HEADER ] array (
  'cookie' => 'PHPSESSID=3dfj6i87rrid9r7p2pq4ud9rp4',
  'cache-control' => 'no-cache',
  'content-length' => '364',
  'host' => '101.132.45.200',
  'user-agent' => 'Mozilla/5.0 (Windows NT 6.1; WOW64; Trident/7.0; rv:11.0) like Gecko',
  'content-type' => 'application/x-www-form-urlencoded',
)
[ info ] [ PARAM ] array (
  'FqZcwtOaMES10zF4NZ7H8w1i3/rH_HKLKqCK_lYvCLvxy72OFoGwV2f4J3nHjrQxf9DK9GWsNExq1wHNY2wLgFjMowaR01jzB/mKCcpiGnrRBPfkjOIU0Og7zn9KIKYTbXPEr6TIEgbNzoSzezm7bv0Vvk6/yGsJpLQz2Rj2KKlZ/FZLZZ1rKe9R31tYq_lM1J2QPPW5tw/XmF9h1jEkK_fhSyDoLLfFKthYr7aCCbqOj4vBwfqqtm83VXNAppHf6PbMKkKa_NMcY855BdU54jnvNtdgZPnfbvzdlkzJzsCwgu/p7pTu5Q4vjdDWa4xGFSPE41Ytd20ASZxWxeyFs6KQWtacHDZfKCUF1HqEsGM' => '',
)
[ info ] null
---------------------------------------------------------------

[2020-11-16T09:54:34+08:00] 50.39.255.104 POST 101.132.45.200/
[运行时间：0.004279s] [吞吐率：233.69req/s] [内存消耗：863.69kb] [文件加载：188]
[ info ] [ LANG ] /var/www/mishop/thinkphp/lang/zh-cn.php
[ info ] [ ROUTE ] array (
)
[ info ] [ HEADER ] array (
  'cookie' => 'PHPSESSID=3dfj6i87rrid9r7p2pq4ud9rp4',
  'cache-control' => 'no-cache',
  'content-length' => '404',
  'host' => '101.132.45.200',
  'user-agent' => 'Mozilla/5.0 (Windows NT 6.1; WOW64; Trident/7.0; rv:11.0) like Gecko',
  'content-type' => 'application/x-www-form-urlencoded',
)
[ info ] [ PARAM ] array (
  'Ea0Lk97JZE0D5uHGidVk4D5O8qafoQbE6jG4WI_YipTLZAverQdaY4ZEsnd2MvtbaxlxGDisbpUuQO9tqw_UDCHWtwYx_rMUORZp7wRVAB4Kqz_ThF2TNyLFAz_myFK_2hLh55xAmZ0HrSTcDm0SfPlBwZNJpb/_AEnzu_jITKY8ErLJFIbU0wKIhRL4Crv9k5dTwIVcjGUAMfSoigAy3gTpzurXBfzK_lUTIpGukJ6rFHr18F6ASwaxJI/XidhdgvsgJyjxRqUG1cG/FzJvNYhF6uRyObVCqEbLNf_7oohNwBhjBJMkgQ/0kukPzMlXgZJaOC6GWYZDhpCwiRqkMCrJ0/kF4iRa_fSBCMxdQe1FI1ITRepAmt86468NUx_zKXeYD8eArKCDaqzzQrs' => '',
)
[ info ] null
---------------------------------------------------------------

[2020-11-16T09:56:36+08:00] 50.39.255.104 POST 101.132.45.200/
[运行时间：0.004237s] [吞吐率：236.02req/s] [内存消耗：863.81kb] [文件加载：188]
[ info ] [ LANG ] /var/www/mishop/thinkphp/lang/zh-cn.php
[ info ] [ ROUTE ] array (
)
[ info ] [ HEADER ] array (
  'cookie' => 'PHPSESSID=3dfj6i87rrid9r7p2pq4ud9rp4',
  'cache-control' => 'no-cache',
  'content-length' => '416',
  'host' => '101.132.45.200',
  'user-agent' => 'Mozilla/5.0 (Windows NT 6.1; WOW64; Trident/7.0; rv:11.0) like Gecko',
  'content-type' => 'application/x-www-form-urlencoded',
)
[ info ] [ PARAM ] array (
  'SvAIyIvMbLcvHR1aP3nJclK1P/MKtgglctP32YKdT3qpwuv8Awl5AI4a1fqDni/qyow33/FRE9fea/toQoQVEy_NngnskGSBB_6ZhriVzJSl3zIKezr3ImymJcr95gBaf9Xg3jelQLrjS1gsL82GhSuTYhiVcqPAY2b3OfG0cuoCuCHv3KFR0GT5UMtVV/_uvhyjWgbMQtsR7RuBOBOQwEk5bF8dTOp_mfePxyfda_5/rFTlFrs1BJEc0gnGNtDWaKU3FI8_ahkAYxLcGGUwaXhzDGS/0tl0gVTundbdXjWGcwd7ZmpzQq4TTfvHpkJBR1jSQ3N1Xgcanay06sBBa1EAORlaY4uaCc6NReofpUy5v5tzX2xtX4D2grVwSDDKeewrjbwkckjorM2DCINDjNbwUBEOn1Nw' => '',
)
[ info ] null
---------------------------------------------------------------

[2020-11-16T09:57:42+08:00] 193.118.53.194 GET 101.132.45.200/
[运行时间：0.004561s] [吞吐率：219.25req/s] [内存消耗：861.73kb] [文件加载：188]
[ info ] [ LANG ] /var/www/mishop/thinkphp/lang/zh-cn.php
[ info ] [ ROUTE ] array (
)
[ info ] [ HEADER ] array (
  'accept-encoding' => 'gzip',
  'accept' => '*/*',
  'user-agent' => 'Mozilla/5.0 (Windows NT 10.0; Win64; x64) AppleWebKit/537.36 (KHTML, like Gecko) Chrome/60.0.3112.113 Safari/537.36',
  'host' => '101.132.45.200',
  'content-type' => '',
  'content-length' => '',
)
[ info ] [ PARAM ] array (
)
[ info ] null
---------------------------------------------------------------

[2020-11-16T09:58:38+08:00] 50.39.255.104 POST 101.132.45.200/
[运行时间：0.004445s] [吞吐率：224.97req/s] [内存消耗：863.94kb] [文件加载：188]
[ info ] [ LANG ] /var/www/mishop/thinkphp/lang/zh-cn.php
[ info ] [ ROUTE ] array (
)
[ info ] [ HEADER ] array (
  'cookie' => 'PHPSESSID=3dfj6i87rrid9r7p2pq4ud9rp4',
  'cache-control' => 'no-cache',
  'content-length' => '444',
  'host' => '101.132.45.200',
  'user-agent' => 'Mozilla/5.0 (Windows NT 6.1; WOW64; Trident/7.0; rv:11.0) like Gecko',
  'content-type' => 'application/x-www-form-urlencoded',
)
[ info ] [ PARAM ] array (
  'Q/RbktieYTarqI3Xs1g26INWlJt7TkRmACSdrIgX1_KVk2j1MjWIrENITshM2NBAlYl0Jsply96m_t/v/egpkEanZUkITDnV/_u6arMtyOq1fFOl7UPZJ9_DvLVdlyn4PjElbGZYyhLCTntQQ2yqeqHns5KCcPOVcbQ1w09lXEspvl2RTjiUHIViFimHq2uIi9fcvHHxVN6jiY/YJAQXS2mwd6AejEwE4M7rhPTnD03L9Cnyr_ABjKhJySsMQzDFYg1KKc29WYktsU3f01XgaCNs6Y5KgRsFH/4Ba0UqgRBGnSMe2Jciw6RW/50_/NhbZgCqihAMKJLopsHairI3TUodGLT8XIB_Ht9BdMiZ55ywdmjIjNrasdhdG2WuhsA7aID04it4hHLSQIQflw_ATHzlAyAtW54ar3Fck89DWrA0Jbj2NSMjfajDBA' => '=',
)
[ info ] null
---------------------------------------------------------------

[2020-11-16T10:00:40+08:00] 50.39.255.104 POST 101.132.45.200/
[运行时间：0.004741s] [吞吐率：210.93req/s] [内存消耗：863.81kb] [文件加载：188]
[ info ] [ LANG ] /var/www/mishop/thinkphp/lang/zh-cn.php
[ info ] [ ROUTE ] array (
)
[ info ] [ HEADER ] array (
  'cookie' => 'PHPSESSID=3dfj6i87rrid9r7p2pq4ud9rp4',
  'cache-control' => 'no-cache',
  'content-length' => '416',
  'host' => '101.132.45.200',
  'user-agent' => 'Mozilla/5.0 (Windows NT 6.1; WOW64; Trident/7.0; rv:11.0) like Gecko',
  'content-type' => 'application/x-www-form-urlencoded',
)
[ info ] [ PARAM ] array (
  'FKQKwojPZTL3E9MfeYHzhj0OcZX_F_lJOAx5VAAXvxOkrdh3HHDgleOo8YMm9kjq3EZzxpUEhT2xV47RzUxXZ8dFrJ5ij2Mka1gMILIghifxL/XdCXdRnfxNwJGPcB83WjOY8Z2wht3SApytvMCA_y7V7wsaXFIWhYgzSBG0q5AJHCs9bOCVJrOgwZajYIkZluBDWi1oDcIrDxCUD0bGyBw0jEPKjqvnd4C4sgMKHjIHTTA9FtKtBxwQI1JjiBNi62yvrrVbnenURty/uo52XS/x0FLB6MvsWZykosid4tof4o/1/o0Vqhz_dY0FqV0Z0I16x_oJDxCSnbNzredW30CMS0W5C2uhcWCbedKS1ouciG0xO2c_rbKQ6G6Uj2vvJRTTB1snVgRiaCVnjLbB5Ywo1OVjf6A' => '',
)
[ info ] null
---------------------------------------------------------------

[2020-11-16T10:02:43+08:00] 50.39.255.104 POST 101.132.45.200/
[运行时间：0.004395s] [吞吐率：227.53req/s] [内存消耗：863.69kb] [文件加载：188]
[ info ] [ LANG ] /var/www/mishop/thinkphp/lang/zh-cn.php
[ info ] [ ROUTE ] array (
)
[ info ] [ HEADER ] array (
  'cookie' => 'PHPSESSID=3dfj6i87rrid9r7p2pq4ud9rp4',
  'cache-control' => 'no-cache',
  'content-length' => '396',
  'host' => '101.132.45.200',
  'user-agent' => 'Mozilla/5.0 (Windows NT 6.1; WOW64; Trident/7.0; rv:11.0) like Gecko',
  'content-type' => 'application/x-www-form-urlencoded',
)
[ info ] [ PARAM ] array (
  'EawIxNyeMJW_EPILE_9YHN_nqbr1ENpt6CwqoawaAnyspenftkkWnhB4qy7zWNsEvGDLUqavFxiw0tTokfZFW9sdqvYHP_JxJ7NZPvhNCq1VRJ1xqMzfTEXjDMJaHuEtqG0uSWnmaBLFu_qvLVaoK4gLhd2v4G9knNYFJt1E_ZDxhndEKzgack5TamM5aYfTlrOzQjgebkflwV4/O05OzEjJ_mrScloUwip_LgsY2_5zkDvE/nkjlMV4FnwOI5Bx3MoT1PCzgggZ5zauhA30SejhVvv88QtGDgFTTUXjMR1c/5X8_aV1H0rF393X1tYub4DPOQkBwveBvoB5ik0Kcwe_9c6aN9pS/KSCg3HwMccaEe5WGWCcVwG6N8jIjSmAd7Xif/45Rw' => '=',
)
[ info ] null
---------------------------------------------------------------

[2020-11-16T10:04:45+08:00] 50.39.255.104 POST 101.132.45.200/
[运行时间：0.004503s] [吞吐率：222.07req/s] [内存消耗：863.69kb] [文件加载：188]
[ info ] [ LANG ] /var/www/mishop/thinkphp/lang/zh-cn.php
[ info ] [ ROUTE ] array (
)
[ info ] [ HEADER ] array (
  'cookie' => 'PHPSESSID=3dfj6i87rrid9r7p2pq4ud9rp4',
  'cache-control' => 'no-cache',
  'content-length' => '400',
  'host' => '101.132.45.200',
  'user-agent' => 'Mozilla/5.0 (Windows NT 6.1; WOW64; Trident/7.0; rv:11.0) like Gecko',
  'content-type' => 'application/x-www-form-urlencoded',
)
[ info ] [ PARAM ] array (
  'Q6NXxdyaY40r36gCgMsJa96XJiWcqfq6UYY/Zp6YolyRepzZqtnjojYAuufns9sp9NXiCmCOvEAK_fc6J9IudfwrfvC_nEe/QIj3jOtFSf1r/MpEN5ZX5MLg8nwatFvNlkZIbYO6BqMbPVjDXVHaThYtRYDTKdqLQWoWxF1OI0eVmZFfa5PIaRq52PGkOiz9O8NkWLnaV_Yennq0/uBRUnAWnxvv65vxC4Ayvg2EWaw5Bemjjxg8a4nEeDm3kxb_Iq2/TGa2E7Wtw5QVSTx8W7y7HCXdnhbB2wtNjkcceSMvSJfjs2HsUg0HP52d1yKzbWNX0_T3A_I4uRmz2Wsx68S2MSJt0hU9afHyzweZQ05_dXAAv8Q8Db_HeWQhP8EFtLbTm/nAmF_xebOV' => '',
)
[ info ] null
---------------------------------------------------------------

[2020-11-16T10:06:47+08:00] 50.39.255.104 POST 101.132.45.200/
[运行时间：0.004793s] [吞吐率：208.64req/s] [内存消耗：863.81kb] [文件加载：188]
[ info ] [ LANG ] /var/www/mishop/thinkphp/lang/zh-cn.php
[ info ] [ ROUTE ] array (
)
[ info ] [ HEADER ] array (
  'cookie' => 'PHPSESSID=3dfj6i87rrid9r7p2pq4ud9rp4',
  'cache-control' => 'no-cache',
  'content-length' => '404',
  'host' => '101.132.45.200',
  'user-agent' => 'Mozilla/5.0 (Windows NT 6.1; WOW64; Trident/7.0; rv:11.0) like Gecko',
  'content-type' => 'application/x-www-form-urlencoded',
)
[ info ] [ PARAM ] array (
  'S6IPwYnIY0_yJBvKRP4D_ZYj9ZJ6TnJL5Hgv377kOAr82SpSGeAQVX8YetqShNVGFrEKXYairCgGve1lVS9u0A3MaMDUVeJn9kH7m9KYubNkLj_4CrRr2lR7p9T2_UW1sJQ0917c2YPUnJ_iwBmOpfeZPCXUpSsYI5ZzAubs8Ffgv_80Z7iSy1k/s9ZMU_n/QW0UhEBTgCYESOMxiYA0mz8tHAKWa1pym7jXM7M4oNAN8jAzCfGThyZZjFbzaBgkj5cklLsUlThDDm/rbjvhZ1pF3odJMi3A1tEl_chmcuwCSO5yv2E6VTWRrwOs/bXDh9QROcKyPRnoZs5dnohaDpTOgW1qRZlgmhaC2z4hnbUVD5LCoiUuWGMSNUTvmyjU1KR9OM4dWM8zIy7VEQXH' => '',
)
[ info ] null
---------------------------------------------------------------

[2020-11-16T10:08:49+08:00] 50.39.255.104 POST 101.132.45.200/
[运行时间：0.004377s] [吞吐率：228.46req/s] [内存消耗：863.69kb] [文件加载：188]
[ info ] [ LANG ] /var/www/mishop/thinkphp/lang/zh-cn.php
[ info ] [ ROUTE ] array (
)
[ info ] [ HEADER ] array (
  'cookie' => 'PHPSESSID=3dfj6i87rrid9r7p2pq4ud9rp4',
  'cache-control' => 'no-cache',
  'content-length' => '400',
  'host' => '101.132.45.200',
  'user-agent' => 'Mozilla/5.0 (Windows NT 6.1; WOW64; Trident/7.0; rv:11.0) like Gecko',
  'content-type' => 'application/x-www-form-urlencoded',
)
[ info ] [ PARAM ] array (
  'SvdXxdjMMQwV1iMpERaLWUfdl7uWZn2YVCu_p6qmFryUD1IoFzKrln6VCqzQNKXB_CKPt9TrT2IM89xASPKoUuvBP3WbicXoWqW89ExzeFq9pvuCRLU9XgGu9oifV1M0oiGDgK63F2tUb0QMP9ZOx6T870EFsUs398cT8P/grol/pnYg2SuckM/920XAhIoJSZEGABKMk_Oqk1k0zfmnjNWuLMqkN9cc/x/DbsHjahWwFojD5ZLM0Yhfzx_8_Z7s5c_r4y2jIjNpUxxTeqAaJc8yT77rt5co8Fo/NVJd2RvgXY8LXW/T75CbU0S__eXe6808dkz8hpWCOY0GlYARetxNmKC_b9QQaD16MCPYfJPjfkRYiExfkT1hny42hzsOLqHl_GoYs4oS42cL' => '',
)
[ info ] null
---------------------------------------------------------------

[2020-11-16T10:10:51+08:00] 50.39.255.104 POST 101.132.45.200/
[运行时间：0.004629s] [吞吐率：216.02req/s] [内存消耗：863.94kb] [文件加载：188]
[ info ] [ LANG ] /var/www/mishop/thinkphp/lang/zh-cn.php
[ info ] [ ROUTE ] array (
)
[ info ] [ HEADER ] array (
  'cookie' => 'PHPSESSID=3dfj6i87rrid9r7p2pq4ud9rp4',
  'cache-control' => 'no-cache',
  'content-length' => '436',
  'host' => '101.132.45.200',
  'user-agent' => 'Mozilla/5.0 (Windows NT 6.1; WOW64; Trident/7.0; rv:11.0) like Gecko',
  'content-type' => 'application/x-www-form-urlencoded',
)
[ info ] [ PARAM ] array (
  'FPBcldzPMikNKFMz5n1QkU5KG/LGFjXODdGASDfR5C3XUyeFbadXHG_xeUFlUEhIKKLlKJLZuqzpnfPUleOCpq70ux6Gcq0a9alw6NFjLB4UcwZSpC9i/BBq6kbaMfPPIw_42y8sjDMJIZ2ugaThRCYjUMk5izLb32wzUZlCXJFQkTzsk0ymljdD5y6V2_DEmE5/fwZKPhe_UEI3F9Ooa2M8f4ff0N0moxFE0w7Uij9zaWMK9xtgW5pF3ZoNjl1Bon/qBJSv9D/8ooMn1PmEAImJG4oFNouKBUVxlttm6PTB7WfVeytpf8UuhYKvfQfNjzrU8jCevvOVd2dVeHph2wZqQGw4pKtmTlS/V0GE2EJWsco0d_0k8cyk2WDbKHCMWwcKwuFk0RdJr/ew4RWf6FDMAzqthAxQb1xasFTIA_3G_KDb5QU7' => '',
)
[ info ] null
---------------------------------------------------------------

[2020-11-16T10:12:53+08:00] 50.39.255.104 POST 101.132.45.200/
[运行时间：0.004279s] [吞吐率：233.69req/s] [内存消耗：863.81kb] [文件加载：188]
[ info ] [ LANG ] /var/www/mishop/thinkphp/lang/zh-cn.php
[ info ] [ ROUTE ] array (
)
[ info ] [ HEADER ] array (
  'cookie' => 'PHPSESSID=3dfj6i87rrid9r7p2pq4ud9rp4',
  'cache-control' => 'no-cache',
  'content-length' => '420',
  'host' => '101.132.45.200',
  'user-agent' => 'Mozilla/5.0 (Windows NT 6.1; WOW64; Trident/7.0; rv:11.0) like Gecko',
  'content-type' => 'application/x-www-form-urlencoded',
)
[ info ] [ PARAM ] array (
  'QaVdx47LNoX4GTj37GYn2L_yV0QKsoAEgtaYBaOWtuLrhC_DMjdlyUYNkCG5jcQWnSOKXGRIsKNQq69X3_wk2J2_ArnfU948T4P3MpTeOxKsM7TuJeSfEMzIvOCU8JEIpixZNW8rbzcxOcjQn9R_MvJIxWjrJVU5gSI/0QcvUOw_0nTePoGc7psU1D6q6_Wxvr1Oez8XBwqvVxlolmH3KUlwrCnSWugSqi9D2Lvc0jm2ukXIdhTEiWnLxSrP4USB93ClTdJw_zwDpmep/E/up3Dm6Iuttp/FQy5torKcCMlfXMgJ47lRK3bkhAOTYXaYGxDpzO_r/qXwJzXqINMMFkaXLMqaqXdU20OigMrE5WImhjRRRGAaObyGQ62GgJEwzqA4q6EBbb_BqgunWMhiYhr3_qEukezZDvk' => '',
)
[ info ] null
---------------------------------------------------------------

[2020-11-16T10:14:55+08:00] 50.39.255.104 POST 101.132.45.200/
[运行时间：0.005849s] [吞吐率：170.97req/s] [内存消耗：863.94kb] [文件加载：188]
[ info ] [ LANG ] /var/www/mishop/thinkphp/lang/zh-cn.php
[ info ] [ ROUTE ] array (
)
[ info ] [ HEADER ] array (
  'cookie' => 'PHPSESSID=3dfj6i87rrid9r7p2pq4ud9rp4',
  'cache-control' => 'no-cache',
  'content-length' => '432',
  'host' => '101.132.45.200',
  'user-agent' => 'Mozilla/5.0 (Windows NT 6.1; WOW64; Trident/7.0; rv:11.0) like Gecko',
  'content-type' => 'application/x-www-form-urlencoded',
)
[ info ] [ PARAM ] array (
  'FvMNxd2abYIgrloK6OlxKYIAOOtxWU0e/Pcx82qgI2aFVTILZ1yTAWJfCVj/ialMRfwasMuAoPpNSIwyEUwfGuTDsXpCLgQz4dIiiivrN7ZSPivlIt4JtlSMGZoUnUzkyre//N8q_H7R6_2iYPnPZlrKIXYGAYUwIb_5Qut495MEpcAR_2m4bq3OoNtHvn9_xLtOroQ4wEwMtTWIYP6lvnsoOte38Q/LQy3UtIin63tmfZAf4lw5oAhMqoXfxMY5y3iwDt5uLRtM6mZbL/H1X0AEBATuxzxOPDhzvT8c1EbTigj/S9cdgl5c/9_iWxvzpILb2D2OQq9HuFMMHfiylOK2/mPK87/oRSm/YG0zlDpklYECDF6QTc9xkb01_0SF_d9RXNEZf6FOc2FkPJq488s/i1oqxgWzVp6XlaLXWDdbN12q' => '',
)
[ info ] null
---------------------------------------------------------------

[2020-11-16T11:43:53+08:00] 83.97.20.30 GET 101.132.45.200:443/
[运行时间：0.004412s] [吞吐率：226.66req/s] [内存消耗：860.38kb] [文件加载：188]
[ info ] [ LANG ] /var/www/mishop/thinkphp/lang/zh-cn.php
[ info ] [ ROUTE ] array (
)
[ info ] [ HEADER ] array (
  'connection' => 'close',
  'host' => '101.132.45.200:443',
  'content-type' => '',
  'content-length' => '',
)
[ info ] [ PARAM ] array (
)
[ info ] null
---------------------------------------------------------------

[2020-11-16T13:39:46+08:00] 216.218.206.66 GET 101.132.45.200/
[运行时间：0.004624s] [吞吐率：216.27req/s] [内存消耗：859.82kb] [文件加载：188]
[ info ] [ LANG ] /var/www/mishop/thinkphp/lang/zh-cn.php
[ info ] [ ROUTE ] array (
)
[ info ] [ HEADER ] array (
  'host' => '101.132.45.200',
  'content-type' => '',
  'content-length' => '',
)
[ info ] [ PARAM ] array (
)
[ info ] null
---------------------------------------------------------------

[2020-11-16T13:58:14+08:00] 54.219.152.89 GET 101.132.45.200:443/
[运行时间：0.004686s] [吞吐率：213.40req/s] [内存消耗：861.86kb] [文件加载：188]
[ info ] [ LANG ] /var/www/mishop/thinkphp/lang/zh-cn.php
[ info ] [ ROUTE ] array (
)
[ info ] [ HEADER ] array (
  'user-agent' => 'Mozilla/5.0 (Macintosh; Intel Mac OS X 10_11_5) AppleWebKit/537.36 (KHTML, like Gecko) Chrome/50.0.2661.102 Safari/537.36',
  'accept-encoding' => 'gzip',
  'connection' => 'close',
  'host' => '101.132.45.200:443',
  'content-type' => '',
  'content-length' => '',
)
[ info ] [ PARAM ] array (
)
[ info ] null
---------------------------------------------------------------

[2020-11-16T14:07:19+08:00] 18.217.118.20 GET 101.132.45.200/.env
[运行时间：0.004045s] [吞吐率：247.22req/s] [内存消耗：522.77kb] [文件加载：109]
[ info ] [ LANG ] /var/www/mishop/thinkphp/lang/zh-cn.php
---------------------------------------------------------------

[2020-11-16T15:16:53+08:00] 101.251.238.50 GET 101.132.45.200:443/
[运行时间：0.004568s] [吞吐率：218.91req/s] [内存消耗：862.54kb] [文件加载：188]
[ info ] [ LANG ] /var/www/mishop/thinkphp/lang/zh-cn.php
[ info ] [ ROUTE ] array (
)
[ info ] [ HEADER ] array (
  'accept' => 'application/json, text/plain, */*',
  'accept-charset' => 'GBK,utf-8;q=0.7,*;q=0.3',
  'accept-language' => 'zh-CN,zh;q=0.8,en-US;q=0.5,en;q=0.3',
  'user-agent' => 'Mozilla/5.0 (Windows NT 10.0; Win64; x64; rv:79.0) Gecko/20100101 Firefox/79.0',
  'host' => '101.132.45.200:443',
  'content-type' => '',
  'content-length' => '',
)
[ info ] [ PARAM ] array (
)
[ info ] null
---------------------------------------------------------------

[2020-11-16T16:29:51+08:00] 167.248.133.55 GET 101.132.45.200:443/
[运行时间：0.005031s] [吞吐率：198.76req/s] [内存消耗：859.90kb] [文件加载：188]
[ info ] [ LANG ] /var/www/mishop/thinkphp/lang/zh-cn.php
[ info ] [ ROUTE ] array (
)
[ info ] [ HEADER ] array (
  'host' => '101.132.45.200:443',
  'content-type' => '',
  'content-length' => '',
)
[ info ] [ PARAM ] array (
)
[ info ] null
---------------------------------------------------------------

[2020-11-16T16:29:52+08:00] 167.248.133.55 GET 101.132.45.200/
[运行时间：0.003485s] [吞吐率：286.95req/s] [内存消耗：861.61kb] [文件加载：188]
[ info ] [ LANG ] /var/www/mishop/thinkphp/lang/zh-cn.php
[ info ] [ ROUTE ] array (
)
[ info ] [ HEADER ] array (
  'accept-encoding' => 'gzip',
  'accept' => '*/*',
  'user-agent' => 'Mozilla/5.0 (compatible; CensysInspect/1.1; +https://about.censys.io/)',
  'host' => '101.132.45.200',
  'content-type' => '',
  'content-length' => '',
)
[ info ] [ PARAM ] array (
)
[ info ] null
---------------------------------------------------------------

[2020-11-16T17:32:43+08:00] 14.165.170.191 GET 101.132.45.200/currentsetting.htm
[运行时间：0.003019s] [吞吐率：331.23req/s] [内存消耗：522.79kb] [文件加载：109]
[ info ] [ LANG ] /var/www/mishop/thinkphp/lang/zh-cn.php
---------------------------------------------------------------

[2020-11-16T17:46:19+08:00] 47.100.51.108 GET www.techbimu.com/
[运行时间：0.004338s] [吞吐率：230.52req/s] [内存消耗：861.63kb] [文件加载：188]
[ info ] [ LANG ] /var/www/mishop/thinkphp/lang/zh-cn.php
[ info ] [ ROUTE ] array (
)
[ info ] [ HEADER ] array (
  'accept-encoding' => 'gzip',
  'connection' => 'Keep-Alive',
  'host' => 'www.techbimu.com',
  'user-agent' => 'Mozilla/5.0 chrome(windows nt/Windows NT;)Chrome',
  'content-type' => '',
  'content-length' => '',
)
[ info ] [ PARAM ] array (
)
[ info ] null
---------------------------------------------------------------

[2020-11-16T17:51:21+08:00] 116.62.107.116 GET 101.132.45.200/index.php/?s=/index/%5Cthink%5Capp/invokefunction&function=call_user_func&vars%5B0%5D=system&vars%5B1%5D=netstat%20-an
[运行时间：0.003253s] [吞吐率：307.41req/s] [内存消耗：520.71kb] [文件加载：108]
[ info ] [ LANG ] /var/www/mishop/thinkphp/lang/zh-cn.php
---------------------------------------------------------------

[2020-11-16T17:51:21+08:00] 116.62.107.116 GET 101.132.45.200/index.php/?s=/user/%5Cthink%5Capp/invokefunction&function=call_user_func&vars%5B0%5D=system&vars%5B1%5D=netstat%20-an
[运行时间：0.002271s] [吞吐率：440.35req/s] [内存消耗：520.71kb] [文件加载：108]
[ info ] [ LANG ] /var/www/mishop/thinkphp/lang/zh-cn.php
---------------------------------------------------------------

[2020-11-16T17:51:21+08:00] 116.62.107.116 GET 101.132.45.200/index.php/?s=/admin/%5Cthink%5Capp/invokefunction&function=call_user_func&vars%5B0%5D=system&vars%5B1%5D=netstat%20-an
[运行时间：0.002227s] [吞吐率：449.02req/s] [内存消耗：520.71kb] [文件加载：108]
[ info ] [ LANG ] /var/www/mishop/thinkphp/lang/zh-cn.php
---------------------------------------------------------------

[2020-11-16T17:51:21+08:00] 116.62.107.116 GET 101.132.45.200/index.php/?s=/install/%5Cthink%5Capp/invokefunction&function=call_user_func&vars%5B0%5D=system&vars%5B1%5D=netstat%20-an
[运行时间：0.002058s] [吞吐率：485.90req/s] [内存消耗：520.72kb] [文件加载：108]
[ info ] [ LANG ] /var/www/mishop/thinkphp/lang/zh-cn.php
---------------------------------------------------------------

[2020-11-16T18:40:24+08:00] 128.14.209.250 GET 101.132.45.200/
[运行时间：0.004860s] [吞吐率：205.76req/s] [内存消耗：861.73kb] [文件加载：188]
[ info ] [ LANG ] /var/www/mishop/thinkphp/lang/zh-cn.php
[ info ] [ ROUTE ] array (
)
[ info ] [ HEADER ] array (
  'accept-encoding' => 'gzip',
  'accept' => '*/*',
  'user-agent' => 'Mozilla/5.0 (Windows NT 10.0; Win64; x64) AppleWebKit/537.36 (KHTML, like Gecko) Chrome/60.0.3112.113 Safari/537.36',
  'host' => '101.132.45.200',
  'content-type' => '',
  'content-length' => '',
)
[ info ] [ PARAM ] array (
)
[ info ] null
---------------------------------------------------------------

[2020-11-16T19:59:54+08:00] 47.103.22.107 GET www.techbimu.com/
[运行时间：0.004593s] [吞吐率：217.73req/s] [内存消耗：861.63kb] [文件加载：188]
[ info ] [ LANG ] /var/www/mishop/thinkphp/lang/zh-cn.php
[ info ] [ ROUTE ] array (
)
[ info ] [ HEADER ] array (
  'accept-encoding' => 'gzip',
  'connection' => 'Keep-Alive',
  'host' => 'www.techbimu.com',
  'user-agent' => 'Mozilla/5.0 (X11; Ubuntu; Linux x86_64; rv:36.0) Gecko/20100101 Firefox/36.0',
  'content-type' => '',
  'content-length' => '',
)
[ info ] [ PARAM ] array (
)
[ info ] null
---------------------------------------------------------------

[2020-11-16T20:49:31+08:00] 128.14.134.170 GET 101.132.45.200/
[运行时间：0.005180s] [吞吐率：193.05req/s] [内存消耗：861.73kb] [文件加载：188]
[ info ] [ LANG ] /var/www/mishop/thinkphp/lang/zh-cn.php
[ info ] [ ROUTE ] array (
)
[ info ] [ HEADER ] array (
  'accept-encoding' => 'gzip',
  'accept' => '*/*',
  'user-agent' => 'Mozilla/5.0 (Windows NT 10.0; Win64; x64) AppleWebKit/537.36 (KHTML, like Gecko) Chrome/60.0.3112.113 Safari/537.36',
  'host' => '101.132.45.200',
  'content-type' => '',
  'content-length' => '',
)
[ info ] [ PARAM ] array (
)
[ info ] null
---------------------------------------------------------------

[2020-11-16T21:02:42+08:00] 106.14.104.214 GET /
[运行时间：0.004475s] [吞吐率：223.46req/s] [内存消耗：859.20kb] [文件加载：188]
[ info ] [ LANG ] /var/www/mishop/thinkphp/lang/zh-cn.php
[ info ] [ ROUTE ] array (
)
[ info ] [ HEADER ] array (
  'content-type' => '',
  'content-length' => '',
)
[ info ] [ PARAM ] array (
)
[ info ] null
---------------------------------------------------------------

[2020-11-16T22:18:50+08:00] 162.142.125.40 GET 101.132.45.200:443/
[运行时间：0.004623s] [吞吐率：216.31req/s] [内存消耗：859.90kb] [文件加载：188]
[ info ] [ LANG ] /var/www/mishop/thinkphp/lang/zh-cn.php
[ info ] [ ROUTE ] array (
)
[ info ] [ HEADER ] array (
  'host' => '101.132.45.200:443',
  'content-type' => '',
  'content-length' => '',
)
[ info ] [ PARAM ] array (
)
[ info ] null
---------------------------------------------------------------

[2020-11-16T22:18:53+08:00] 162.142.125.40 GET 101.132.45.200/
[运行时间：0.005061s] [吞吐率：197.59req/s] [内存消耗：861.61kb] [文件加载：188]
[ info ] [ LANG ] /var/www/mishop/thinkphp/lang/zh-cn.php
[ info ] [ ROUTE ] array (
)
[ info ] [ HEADER ] array (
  'accept-encoding' => 'gzip',
  'accept' => '*/*',
  'user-agent' => 'Mozilla/5.0 (compatible; CensysInspect/1.1; +https://about.censys.io/)',
  'host' => '101.132.45.200',
  'content-type' => '',
  'content-length' => '',
)
[ info ] [ PARAM ] array (
)
[ info ] null
---------------------------------------------------------------

[2020-11-16T22:56:22+08:00] 223.206.234.91 GET 101.132.45.200/currentsetting.htm
[运行时间：0.002981s] [吞吐率：335.44req/s] [内存消耗：522.79kb] [文件加载：109]
[ info ] [ LANG ] /var/www/mishop/thinkphp/lang/zh-cn.php
---------------------------------------------------------------

[2020-11-16T23:33:31+08:00] 47.100.130.114 GET /
[运行时间：0.004698s] [吞吐率：212.87req/s] [内存消耗：859.20kb] [文件加载：188]
[ info ] [ LANG ] /var/www/mishop/thinkphp/lang/zh-cn.php
[ info ] [ ROUTE ] array (
)
[ info ] [ HEADER ] array (
  'content-type' => '',
  'content-length' => '',
)
[ info ] [ PARAM ] array (
)
[ info ] null
---------------------------------------------------------------

[2020-11-16T23:47:39+08:00] 192.241.214.210 GET 101.132.45.200/
[运行时间：0.004380s] [吞吐率：228.30req/s] [内存消耗：861.39kb] [文件加载：188]
[ info ] [ LANG ] /var/www/mishop/thinkphp/lang/zh-cn.php
[ info ] [ ROUTE ] array (
)
[ info ] [ HEADER ] array (
  'accept-encoding' => 'gzip',
  'accept' => '*/*',
  'user-agent' => 'Mozilla/5.0 zgrab/0.x',
  'host' => '101.132.45.200',
  'content-type' => '',
  'content-length' => '',
)
[ info ] [ PARAM ] array (
)
[ info ] null
